<testsuites>
  <testsuite name="Microsoft.SqlTools.ServiceLayer.IntegrationTests.dll" tests="426" skipped="3" failures="333" errors="0" time="18.034758899999993" timestamp="2024-08-06T02:03:35" hostname="Aasims-MBP" id="0" package="Microsoft.SqlTools.ServiceLayer.IntegrationTests.dll">
    <properties />
    <testcase classname="Microsoft.SqlTools.ServiceLayer.IntegrationTests.AdminServices.CreateDatabaseTests" name="CreateDatabaseWithValidInputTest" time="0.4485870">
      <failure type="failure" message="  Cannot find any instance for version key: sqlOnPrem&#xA;  Expected: True&#xA;  But was:  False&#xA;">at Microsoft.SqlTools.ServiceLayer.Test.Common.TestConnectionProfileService.GetInstance(String key) in /Users/aasimkhan/src/sqltoolsservice/test/Microsoft.SqlTools.ServiceLayer.Test.Common/TestConnectionProfileService.cs:line 59
   at Microsoft.SqlTools.ServiceLayer.Test.Common.TestConnectionProfileService.GetConnectionParameters(String key, String databaseName) in /Users/aasimkhan/src/sqltoolsservice/test/Microsoft.SqlTools.ServiceLayer.Test.Common/TestConnectionProfileService.cs:line 65
   at Microsoft.SqlTools.ServiceLayer.Test.Common.TestConnectionProfileService.GetConnectionParameters(TestServerType serverType, String databaseName) in /Users/aasimkhan/src/sqltoolsservice/test/Microsoft.SqlTools.ServiceLayer.Test.Common/TestConnectionProfileService.cs:line 75
   at Microsoft.SqlTools.ServiceLayer.IntegrationTests.Utility.LiveConnectionHelper.InitLiveConnectionInfoAsync(String databaseName, String ownerUri, String connectionType, TestServerType serverType) in /Users/aasimkhan/src/sqltoolsservice/test/Microsoft.SqlTools.ServiceLayer.IntegrationTests/Utility/LiveConnectionHelper.cs:line 68
   at Microsoft.SqlTools.ServiceLayer.IntegrationTests.Utility.LiveConnectionHelper.InitLiveConnectionInfo(String databaseName, String ownerUri) in /Users/aasimkhan/src/sqltoolsservice/test/Microsoft.SqlTools.ServiceLayer.IntegrationTests/Utility/LiveConnectionHelper.cs:line 52
   at Microsoft.SqlTools.ServiceLayer.IntegrationTests.AdminServices.CreateDatabaseTests.GetLiveAutoCompleteTestObjects() in /Users/aasimkhan/src/sqltoolsservice/test/Microsoft.SqlTools.ServiceLayer.IntegrationTests/Admin/DatabaseAdminTests.cs:line 37
   at Microsoft.SqlTools.ServiceLayer.IntegrationTests.AdminServices.CreateDatabaseTests.CreateDatabaseWithValidInputTest() in /Users/aasimkhan/src/sqltoolsservice/test/Microsoft.SqlTools.ServiceLayer.IntegrationTests/Admin/DatabaseAdminTests.cs:line 48
   at NUnit.Framework.Internal.TaskAwaitAdapter.GenericAdapter`1.GetResult()
   at NUnit.Framework.Internal.AsyncToSyncAdapter.Await(Func`1 invoke)
   at NUnit.Framework.Internal.Commands.TestMethodCommand.RunTestMethod(TestExecutionContext context)
   at NUnit.Framework.Internal.Commands.TestMethodCommand.Execute(TestExecutionContext context)
   at NUnit.Framework.Internal.Execution.SimpleWorkItem.&lt;&gt;c__DisplayClass4_0.&lt;PerformWork&gt;b__0()
   at NUnit.Framework.Internal.ContextUtils.&lt;&gt;c__DisplayClass1_0`1.&lt;DoIsolated&gt;b__0(Object _)

1)    at Microsoft.SqlTools.ServiceLayer.Test.Common.TestConnectionProfileService.GetInstance(String key) in /Users/aasimkhan/src/sqltoolsservice/test/Microsoft.SqlTools.ServiceLayer.Test.Common/TestConnectionProfileService.cs:line 59
   at Microsoft.SqlTools.ServiceLayer.Test.Common.TestConnectionProfileService.GetConnectionParameters(String key, String databaseName) in /Users/aasimkhan/src/sqltoolsservice/test/Microsoft.SqlTools.ServiceLayer.Test.Common/TestConnectionProfileService.cs:line 65
   at Microsoft.SqlTools.ServiceLayer.Test.Common.TestConnectionProfileService.GetConnectionParameters(TestServerType serverType, String databaseName) in /Users/aasimkhan/src/sqltoolsservice/test/Microsoft.SqlTools.ServiceLayer.Test.Common/TestConnectionProfileService.cs:line 75
   at Microsoft.SqlTools.ServiceLayer.IntegrationTests.Utility.LiveConnectionHelper.InitLiveConnectionInfoAsync(String databaseName, String ownerUri, String connectionType, TestServerType serverType) in /Users/aasimkhan/src/sqltoolsservice/test/Microsoft.SqlTools.ServiceLayer.IntegrationTests/Utility/LiveConnectionHelper.cs:line 68
   at System.Runtime.CompilerServices.AsyncMethodBuilderCore.Start[TStateMachine](TStateMachine&amp; stateMachine)
   at Microsoft.SqlTools.ServiceLayer.IntegrationTests.Utility.LiveConnectionHelper.InitLiveConnectionInfoAsync(String databaseName, String ownerUri, String connectionType, TestServerType serverType)
   at Microsoft.SqlTools.ServiceLayer.IntegrationTests.Utility.LiveConnectionHelper.InitLiveConnectionInfo(String databaseName, String ownerUri) in /Users/aasimkhan/src/sqltoolsservice/test/Microsoft.SqlTools.ServiceLayer.IntegrationTests/Utility/LiveConnectionHelper.cs:line 52
   at Microsoft.SqlTools.ServiceLayer.IntegrationTests.AdminServices.CreateDatabaseTests.GetLiveAutoCompleteTestObjects() in /Users/aasimkhan/src/sqltoolsservice/test/Microsoft.SqlTools.ServiceLayer.IntegrationTests/Admin/DatabaseAdminTests.cs:line 37
   at Microsoft.SqlTools.ServiceLayer.IntegrationTests.AdminServices.CreateDatabaseTests.CreateDatabaseWithValidInputTest() in /Users/aasimkhan/src/sqltoolsservice/test/Microsoft.SqlTools.ServiceLayer.IntegrationTests/Admin/DatabaseAdminTests.cs:line 48
   at System.Runtime.CompilerServices.AsyncMethodBuilderCore.Start[TStateMachine](TStateMachine&amp; stateMachine)
   at Microsoft.SqlTools.ServiceLayer.IntegrationTests.AdminServices.CreateDatabaseTests.CreateDatabaseWithValidInputTest()</failure>
    </testcase>
    <testcase classname="Microsoft.SqlTools.ServiceLayer.IntegrationTests.Agent.AgentAlertTests" name="TestHandleAgentAlertsRequest" time="0.0016440">
      <failure type="failure" message="  Cannot find any instance for version key: sqlOnPrem&#xA;  Expected: True&#xA;  But was:  False&#xA;">at Microsoft.SqlTools.ServiceLayer.Test.Common.TestConnectionProfileService.GetInstance(String key) in /Users/aasimkhan/src/sqltoolsservice/test/Microsoft.SqlTools.ServiceLayer.Test.Common/TestConnectionProfileService.cs:line 59
   at Microsoft.SqlTools.ServiceLayer.Test.Common.TestConnectionProfileService.GetConnectionParameters(String key, String databaseName) in /Users/aasimkhan/src/sqltoolsservice/test/Microsoft.SqlTools.ServiceLayer.Test.Common/TestConnectionProfileService.cs:line 65
   at Microsoft.SqlTools.ServiceLayer.Test.Common.TestConnectionProfileService.GetConnectionParameters(TestServerType serverType, String databaseName) in /Users/aasimkhan/src/sqltoolsservice/test/Microsoft.SqlTools.ServiceLayer.Test.Common/TestConnectionProfileService.cs:line 75
   at Microsoft.SqlTools.ServiceLayer.IntegrationTests.Utility.LiveConnectionHelper.InitLiveConnectionInfoAsync(String databaseName, String ownerUri, String connectionType, TestServerType serverType) in /Users/aasimkhan/src/sqltoolsservice/test/Microsoft.SqlTools.ServiceLayer.IntegrationTests/Utility/LiveConnectionHelper.cs:line 68
   at Microsoft.SqlTools.ServiceLayer.IntegrationTests.Agent.AgentAlertTests.TestHandleAgentAlertsRequest() in /Users/aasimkhan/src/sqltoolsservice/test/Microsoft.SqlTools.ServiceLayer.IntegrationTests/Agent/AgentAlertTests.cs:line 30
   at NUnit.Framework.Internal.TaskAwaitAdapter.GenericAdapter`1.GetResult()
   at NUnit.Framework.Internal.AsyncToSyncAdapter.Await(Func`1 invoke)
   at NUnit.Framework.Internal.Commands.TestMethodCommand.RunTestMethod(TestExecutionContext context)
   at NUnit.Framework.Internal.Commands.TestMethodCommand.Execute(TestExecutionContext context)
   at NUnit.Framework.Internal.Execution.SimpleWorkItem.&lt;&gt;c__DisplayClass4_0.&lt;PerformWork&gt;b__0()
   at NUnit.Framework.Internal.ContextUtils.&lt;&gt;c__DisplayClass1_0`1.&lt;DoIsolated&gt;b__0(Object _)

1)    at Microsoft.SqlTools.ServiceLayer.Test.Common.TestConnectionProfileService.GetInstance(String key) in /Users/aasimkhan/src/sqltoolsservice/test/Microsoft.SqlTools.ServiceLayer.Test.Common/TestConnectionProfileService.cs:line 59
   at Microsoft.SqlTools.ServiceLayer.Test.Common.TestConnectionProfileService.GetConnectionParameters(String key, String databaseName) in /Users/aasimkhan/src/sqltoolsservice/test/Microsoft.SqlTools.ServiceLayer.Test.Common/TestConnectionProfileService.cs:line 65
   at Microsoft.SqlTools.ServiceLayer.Test.Common.TestConnectionProfileService.GetConnectionParameters(TestServerType serverType, String databaseName) in /Users/aasimkhan/src/sqltoolsservice/test/Microsoft.SqlTools.ServiceLayer.Test.Common/TestConnectionProfileService.cs:line 75
   at Microsoft.SqlTools.ServiceLayer.IntegrationTests.Utility.LiveConnectionHelper.InitLiveConnectionInfoAsync(String databaseName, String ownerUri, String connectionType, TestServerType serverType) in /Users/aasimkhan/src/sqltoolsservice/test/Microsoft.SqlTools.ServiceLayer.IntegrationTests/Utility/LiveConnectionHelper.cs:line 68
   at System.Runtime.CompilerServices.AsyncMethodBuilderCore.Start[TStateMachine](TStateMachine&amp; stateMachine)
   at Microsoft.SqlTools.ServiceLayer.IntegrationTests.Utility.LiveConnectionHelper.InitLiveConnectionInfoAsync(String databaseName, String ownerUri, String connectionType, TestServerType serverType)
   at Microsoft.SqlTools.ServiceLayer.IntegrationTests.Agent.AgentAlertTests.TestHandleAgentAlertsRequest() in /Users/aasimkhan/src/sqltoolsservice/test/Microsoft.SqlTools.ServiceLayer.IntegrationTests/Agent/AgentAlertTests.cs:line 30
   at System.Runtime.CompilerServices.AsyncMethodBuilderCore.Start[TStateMachine](TStateMachine&amp; stateMachine)
   at Microsoft.SqlTools.ServiceLayer.IntegrationTests.Agent.AgentAlertTests.TestHandleAgentAlertsRequest()</failure>
    </testcase>
    <testcase classname="Microsoft.SqlTools.ServiceLayer.IntegrationTests.Agent.AgentAlertTests" name="TestHandleCreateAgentAlertsRequest" time="0.0079240">
      <failure type="failure" message="  Cannot find any instance for version key: sqlOnPrem&#xA;  Expected: True&#xA;  But was:  False&#xA;">at Microsoft.SqlTools.ServiceLayer.Test.Common.TestConnectionProfileService.GetInstance(String key) in /Users/aasimkhan/src/sqltoolsservice/test/Microsoft.SqlTools.ServiceLayer.Test.Common/TestConnectionProfileService.cs:line 59
   at Microsoft.SqlTools.ServiceLayer.Test.Common.TestConnectionProfileService.GetConnectionParameters(String key, String databaseName) in /Users/aasimkhan/src/sqltoolsservice/test/Microsoft.SqlTools.ServiceLayer.Test.Common/TestConnectionProfileService.cs:line 65
   at Microsoft.SqlTools.ServiceLayer.Test.Common.TestConnectionProfileService.GetConnectionParameters(TestServerType serverType, String databaseName) in /Users/aasimkhan/src/sqltoolsservice/test/Microsoft.SqlTools.ServiceLayer.Test.Common/TestConnectionProfileService.cs:line 75
   at Microsoft.SqlTools.ServiceLayer.IntegrationTests.Utility.LiveConnectionHelper.InitLiveConnectionInfoAsync(String databaseName, String ownerUri, String connectionType, TestServerType serverType) in /Users/aasimkhan/src/sqltoolsservice/test/Microsoft.SqlTools.ServiceLayer.IntegrationTests/Utility/LiveConnectionHelper.cs:line 68
   at Microsoft.SqlTools.ServiceLayer.IntegrationTests.Agent.AgentAlertTests.TestHandleCreateAgentAlertsRequest() in /Users/aasimkhan/src/sqltoolsservice/test/Microsoft.SqlTools.ServiceLayer.IntegrationTests/Agent/AgentAlertTests.cs:line 64
   at NUnit.Framework.Internal.TaskAwaitAdapter.GenericAdapter`1.GetResult()
   at NUnit.Framework.Internal.AsyncToSyncAdapter.Await(Func`1 invoke)
   at NUnit.Framework.Internal.Commands.TestMethodCommand.RunTestMethod(TestExecutionContext context)
   at NUnit.Framework.Internal.Commands.TestMethodCommand.Execute(TestExecutionContext context)
   at NUnit.Framework.Internal.Execution.SimpleWorkItem.&lt;&gt;c__DisplayClass4_0.&lt;PerformWork&gt;b__0()
   at NUnit.Framework.Internal.ContextUtils.&lt;&gt;c__DisplayClass1_0`1.&lt;DoIsolated&gt;b__0(Object _)

1)    at Microsoft.SqlTools.ServiceLayer.Test.Common.TestConnectionProfileService.GetInstance(String key) in /Users/aasimkhan/src/sqltoolsservice/test/Microsoft.SqlTools.ServiceLayer.Test.Common/TestConnectionProfileService.cs:line 59
   at Microsoft.SqlTools.ServiceLayer.Test.Common.TestConnectionProfileService.GetConnectionParameters(String key, String databaseName) in /Users/aasimkhan/src/sqltoolsservice/test/Microsoft.SqlTools.ServiceLayer.Test.Common/TestConnectionProfileService.cs:line 65
   at Microsoft.SqlTools.ServiceLayer.Test.Common.TestConnectionProfileService.GetConnectionParameters(TestServerType serverType, String databaseName) in /Users/aasimkhan/src/sqltoolsservice/test/Microsoft.SqlTools.ServiceLayer.Test.Common/TestConnectionProfileService.cs:line 75
   at Microsoft.SqlTools.ServiceLayer.IntegrationTests.Utility.LiveConnectionHelper.InitLiveConnectionInfoAsync(String databaseName, String ownerUri, String connectionType, TestServerType serverType) in /Users/aasimkhan/src/sqltoolsservice/test/Microsoft.SqlTools.ServiceLayer.IntegrationTests/Utility/LiveConnectionHelper.cs:line 68
   at System.Runtime.CompilerServices.AsyncMethodBuilderCore.Start[TStateMachine](TStateMachine&amp; stateMachine)
   at Microsoft.SqlTools.ServiceLayer.IntegrationTests.Utility.LiveConnectionHelper.InitLiveConnectionInfoAsync(String databaseName, String ownerUri, String connectionType, TestServerType serverType)
   at Microsoft.SqlTools.ServiceLayer.IntegrationTests.Agent.AgentAlertTests.TestHandleCreateAgentAlertsRequest() in /Users/aasimkhan/src/sqltoolsservice/test/Microsoft.SqlTools.ServiceLayer.IntegrationTests/Agent/AgentAlertTests.cs:line 64
   at System.Runtime.CompilerServices.AsyncMethodBuilderCore.Start[TStateMachine](TStateMachine&amp; stateMachine)
   at Microsoft.SqlTools.ServiceLayer.IntegrationTests.Agent.AgentAlertTests.TestHandleCreateAgentAlertsRequest()</failure>
    </testcase>
    <testcase classname="Microsoft.SqlTools.ServiceLayer.IntegrationTests.Agent.AgentAlertTests" name="TestHandleUpdateAgentAlertsRequest" time="0.0011880">
      <failure type="failure" message="  Cannot find any instance for version key: sqlOnPrem&#xA;  Expected: True&#xA;  But was:  False&#xA;">at Microsoft.SqlTools.ServiceLayer.Test.Common.TestConnectionProfileService.GetInstance(String key) in /Users/aasimkhan/src/sqltoolsservice/test/Microsoft.SqlTools.ServiceLayer.Test.Common/TestConnectionProfileService.cs:line 59
   at Microsoft.SqlTools.ServiceLayer.Test.Common.TestConnectionProfileService.GetConnectionParameters(String key, String databaseName) in /Users/aasimkhan/src/sqltoolsservice/test/Microsoft.SqlTools.ServiceLayer.Test.Common/TestConnectionProfileService.cs:line 65
   at Microsoft.SqlTools.ServiceLayer.Test.Common.TestConnectionProfileService.GetConnectionParameters(TestServerType serverType, String databaseName) in /Users/aasimkhan/src/sqltoolsservice/test/Microsoft.SqlTools.ServiceLayer.Test.Common/TestConnectionProfileService.cs:line 75
   at Microsoft.SqlTools.ServiceLayer.IntegrationTests.Utility.LiveConnectionHelper.InitLiveConnectionInfoAsync(String databaseName, String ownerUri, String connectionType, TestServerType serverType) in /Users/aasimkhan/src/sqltoolsservice/test/Microsoft.SqlTools.ServiceLayer.IntegrationTests/Utility/LiveConnectionHelper.cs:line 68
   at Microsoft.SqlTools.ServiceLayer.IntegrationTests.Agent.AgentAlertTests.TestHandleUpdateAgentAlertsRequest() in /Users/aasimkhan/src/sqltoolsservice/test/Microsoft.SqlTools.ServiceLayer.IntegrationTests/Agent/AgentAlertTests.cs:line 109
   at NUnit.Framework.Internal.TaskAwaitAdapter.GenericAdapter`1.GetResult()
   at NUnit.Framework.Internal.AsyncToSyncAdapter.Await(Func`1 invoke)
   at NUnit.Framework.Internal.Commands.TestMethodCommand.RunTestMethod(TestExecutionContext context)
   at NUnit.Framework.Internal.Commands.TestMethodCommand.Execute(TestExecutionContext context)
   at NUnit.Framework.Internal.Execution.SimpleWorkItem.&lt;&gt;c__DisplayClass4_0.&lt;PerformWork&gt;b__0()
   at NUnit.Framework.Internal.ContextUtils.&lt;&gt;c__DisplayClass1_0`1.&lt;DoIsolated&gt;b__0(Object _)

1)    at Microsoft.SqlTools.ServiceLayer.Test.Common.TestConnectionProfileService.GetInstance(String key) in /Users/aasimkhan/src/sqltoolsservice/test/Microsoft.SqlTools.ServiceLayer.Test.Common/TestConnectionProfileService.cs:line 59
   at Microsoft.SqlTools.ServiceLayer.Test.Common.TestConnectionProfileService.GetConnectionParameters(String key, String databaseName) in /Users/aasimkhan/src/sqltoolsservice/test/Microsoft.SqlTools.ServiceLayer.Test.Common/TestConnectionProfileService.cs:line 65
   at Microsoft.SqlTools.ServiceLayer.Test.Common.TestConnectionProfileService.GetConnectionParameters(TestServerType serverType, String databaseName) in /Users/aasimkhan/src/sqltoolsservice/test/Microsoft.SqlTools.ServiceLayer.Test.Common/TestConnectionProfileService.cs:line 75
   at Microsoft.SqlTools.ServiceLayer.IntegrationTests.Utility.LiveConnectionHelper.InitLiveConnectionInfoAsync(String databaseName, String ownerUri, String connectionType, TestServerType serverType) in /Users/aasimkhan/src/sqltoolsservice/test/Microsoft.SqlTools.ServiceLayer.IntegrationTests/Utility/LiveConnectionHelper.cs:line 68
   at System.Runtime.CompilerServices.AsyncMethodBuilderCore.Start[TStateMachine](TStateMachine&amp; stateMachine)
   at Microsoft.SqlTools.ServiceLayer.IntegrationTests.Utility.LiveConnectionHelper.InitLiveConnectionInfoAsync(String databaseName, String ownerUri, String connectionType, TestServerType serverType)
   at Microsoft.SqlTools.ServiceLayer.IntegrationTests.Agent.AgentAlertTests.TestHandleUpdateAgentAlertsRequest() in /Users/aasimkhan/src/sqltoolsservice/test/Microsoft.SqlTools.ServiceLayer.IntegrationTests/Agent/AgentAlertTests.cs:line 109
   at System.Runtime.CompilerServices.AsyncMethodBuilderCore.Start[TStateMachine](TStateMachine&amp; stateMachine)
   at Microsoft.SqlTools.ServiceLayer.IntegrationTests.Agent.AgentAlertTests.TestHandleUpdateAgentAlertsRequest()</failure>
    </testcase>
    <testcase classname="Microsoft.SqlTools.ServiceLayer.IntegrationTests.Agent.AgentJobStepTests" name="TestHandleCreateAgentJobStepRequest" time="0.0009580">
      <failure type="failure" message="  Cannot find any instance for version key: sqlOnPrem&#xA;  Expected: True&#xA;  But was:  False&#xA;">at Microsoft.SqlTools.ServiceLayer.Test.Common.TestConnectionProfileService.GetInstance(String key) in /Users/aasimkhan/src/sqltoolsservice/test/Microsoft.SqlTools.ServiceLayer.Test.Common/TestConnectionProfileService.cs:line 59
   at Microsoft.SqlTools.ServiceLayer.Test.Common.TestConnectionProfileService.GetConnectionParameters(String key, String databaseName) in /Users/aasimkhan/src/sqltoolsservice/test/Microsoft.SqlTools.ServiceLayer.Test.Common/TestConnectionProfileService.cs:line 65
   at Microsoft.SqlTools.ServiceLayer.Test.Common.TestConnectionProfileService.GetConnectionParameters(TestServerType serverType, String databaseName) in /Users/aasimkhan/src/sqltoolsservice/test/Microsoft.SqlTools.ServiceLayer.Test.Common/TestConnectionProfileService.cs:line 75
   at Microsoft.SqlTools.ServiceLayer.IntegrationTests.Utility.LiveConnectionHelper.InitLiveConnectionInfoAsync(String databaseName, String ownerUri, String connectionType, TestServerType serverType) in /Users/aasimkhan/src/sqltoolsservice/test/Microsoft.SqlTools.ServiceLayer.IntegrationTests/Utility/LiveConnectionHelper.cs:line 68
   at Microsoft.SqlTools.ServiceLayer.IntegrationTests.Agent.AgentJobStepTests.TestHandleCreateAgentJobStepRequest() in /Users/aasimkhan/src/sqltoolsservice/test/Microsoft.SqlTools.ServiceLayer.IntegrationTests/Agent/AgentJobStepTests.cs:line 28
   at NUnit.Framework.Internal.TaskAwaitAdapter.GenericAdapter`1.GetResult()
   at NUnit.Framework.Internal.AsyncToSyncAdapter.Await(Func`1 invoke)
   at NUnit.Framework.Internal.Commands.TestMethodCommand.RunTestMethod(TestExecutionContext context)
   at NUnit.Framework.Internal.Commands.TestMethodCommand.Execute(TestExecutionContext context)
   at NUnit.Framework.Internal.Execution.SimpleWorkItem.&lt;&gt;c__DisplayClass4_0.&lt;PerformWork&gt;b__0()
   at NUnit.Framework.Internal.ContextUtils.&lt;&gt;c__DisplayClass1_0`1.&lt;DoIsolated&gt;b__0(Object _)

1)    at Microsoft.SqlTools.ServiceLayer.Test.Common.TestConnectionProfileService.GetInstance(String key) in /Users/aasimkhan/src/sqltoolsservice/test/Microsoft.SqlTools.ServiceLayer.Test.Common/TestConnectionProfileService.cs:line 59
   at Microsoft.SqlTools.ServiceLayer.Test.Common.TestConnectionProfileService.GetConnectionParameters(String key, String databaseName) in /Users/aasimkhan/src/sqltoolsservice/test/Microsoft.SqlTools.ServiceLayer.Test.Common/TestConnectionProfileService.cs:line 65
   at Microsoft.SqlTools.ServiceLayer.Test.Common.TestConnectionProfileService.GetConnectionParameters(TestServerType serverType, String databaseName) in /Users/aasimkhan/src/sqltoolsservice/test/Microsoft.SqlTools.ServiceLayer.Test.Common/TestConnectionProfileService.cs:line 75
   at Microsoft.SqlTools.ServiceLayer.IntegrationTests.Utility.LiveConnectionHelper.InitLiveConnectionInfoAsync(String databaseName, String ownerUri, String connectionType, TestServerType serverType) in /Users/aasimkhan/src/sqltoolsservice/test/Microsoft.SqlTools.ServiceLayer.IntegrationTests/Utility/LiveConnectionHelper.cs:line 68
   at System.Runtime.CompilerServices.AsyncMethodBuilderCore.Start[TStateMachine](TStateMachine&amp; stateMachine)
   at Microsoft.SqlTools.ServiceLayer.IntegrationTests.Utility.LiveConnectionHelper.InitLiveConnectionInfoAsync(String databaseName, String ownerUri, String connectionType, TestServerType serverType)
   at Microsoft.SqlTools.ServiceLayer.IntegrationTests.Agent.AgentJobStepTests.TestHandleCreateAgentJobStepRequest() in /Users/aasimkhan/src/sqltoolsservice/test/Microsoft.SqlTools.ServiceLayer.IntegrationTests/Agent/AgentJobStepTests.cs:line 28
   at System.Runtime.CompilerServices.AsyncMethodBuilderCore.Start[TStateMachine](TStateMachine&amp; stateMachine)
   at Microsoft.SqlTools.ServiceLayer.IntegrationTests.Agent.AgentJobStepTests.TestHandleCreateAgentJobStepRequest()</failure>
    </testcase>
    <testcase classname="Microsoft.SqlTools.ServiceLayer.IntegrationTests.Agent.AgentJobStepTests" name="TestHandleDeleteAgentJobStepRequest" time="0.0009500">
      <failure type="failure" message="  Cannot find any instance for version key: sqlOnPrem&#xA;  Expected: True&#xA;  But was:  False&#xA;">at Microsoft.SqlTools.ServiceLayer.Test.Common.TestConnectionProfileService.GetInstance(String key) in /Users/aasimkhan/src/sqltoolsservice/test/Microsoft.SqlTools.ServiceLayer.Test.Common/TestConnectionProfileService.cs:line 59
   at Microsoft.SqlTools.ServiceLayer.Test.Common.TestConnectionProfileService.GetConnectionParameters(String key, String databaseName) in /Users/aasimkhan/src/sqltoolsservice/test/Microsoft.SqlTools.ServiceLayer.Test.Common/TestConnectionProfileService.cs:line 65
   at Microsoft.SqlTools.ServiceLayer.Test.Common.TestConnectionProfileService.GetConnectionParameters(TestServerType serverType, String databaseName) in /Users/aasimkhan/src/sqltoolsservice/test/Microsoft.SqlTools.ServiceLayer.Test.Common/TestConnectionProfileService.cs:line 75
   at Microsoft.SqlTools.ServiceLayer.IntegrationTests.Utility.LiveConnectionHelper.InitLiveConnectionInfoAsync(String databaseName, String ownerUri, String connectionType, TestServerType serverType) in /Users/aasimkhan/src/sqltoolsservice/test/Microsoft.SqlTools.ServiceLayer.IntegrationTests/Utility/LiveConnectionHelper.cs:line 68
   at Microsoft.SqlTools.ServiceLayer.IntegrationTests.Agent.AgentJobStepTests.TestHandleDeleteAgentJobStepRequest() in /Users/aasimkhan/src/sqltoolsservice/test/Microsoft.SqlTools.ServiceLayer.IntegrationTests/Agent/AgentJobStepTests.cs:line 78
   at NUnit.Framework.Internal.TaskAwaitAdapter.GenericAdapter`1.GetResult()
   at NUnit.Framework.Internal.AsyncToSyncAdapter.Await(Func`1 invoke)
   at NUnit.Framework.Internal.Commands.TestMethodCommand.RunTestMethod(TestExecutionContext context)
   at NUnit.Framework.Internal.Commands.TestMethodCommand.Execute(TestExecutionContext context)
   at NUnit.Framework.Internal.Execution.SimpleWorkItem.&lt;&gt;c__DisplayClass4_0.&lt;PerformWork&gt;b__0()
   at NUnit.Framework.Internal.ContextUtils.&lt;&gt;c__DisplayClass1_0`1.&lt;DoIsolated&gt;b__0(Object _)

1)    at Microsoft.SqlTools.ServiceLayer.Test.Common.TestConnectionProfileService.GetInstance(String key) in /Users/aasimkhan/src/sqltoolsservice/test/Microsoft.SqlTools.ServiceLayer.Test.Common/TestConnectionProfileService.cs:line 59
   at Microsoft.SqlTools.ServiceLayer.Test.Common.TestConnectionProfileService.GetConnectionParameters(String key, String databaseName) in /Users/aasimkhan/src/sqltoolsservice/test/Microsoft.SqlTools.ServiceLayer.Test.Common/TestConnectionProfileService.cs:line 65
   at Microsoft.SqlTools.ServiceLayer.Test.Common.TestConnectionProfileService.GetConnectionParameters(TestServerType serverType, String databaseName) in /Users/aasimkhan/src/sqltoolsservice/test/Microsoft.SqlTools.ServiceLayer.Test.Common/TestConnectionProfileService.cs:line 75
   at Microsoft.SqlTools.ServiceLayer.IntegrationTests.Utility.LiveConnectionHelper.InitLiveConnectionInfoAsync(String databaseName, String ownerUri, String connectionType, TestServerType serverType) in /Users/aasimkhan/src/sqltoolsservice/test/Microsoft.SqlTools.ServiceLayer.IntegrationTests/Utility/LiveConnectionHelper.cs:line 68
   at System.Runtime.CompilerServices.AsyncMethodBuilderCore.Start[TStateMachine](TStateMachine&amp; stateMachine)
   at Microsoft.SqlTools.ServiceLayer.IntegrationTests.Utility.LiveConnectionHelper.InitLiveConnectionInfoAsync(String databaseName, String ownerUri, String connectionType, TestServerType serverType)
   at Microsoft.SqlTools.ServiceLayer.IntegrationTests.Agent.AgentJobStepTests.TestHandleDeleteAgentJobStepRequest() in /Users/aasimkhan/src/sqltoolsservice/test/Microsoft.SqlTools.ServiceLayer.IntegrationTests/Agent/AgentJobStepTests.cs:line 78
   at System.Runtime.CompilerServices.AsyncMethodBuilderCore.Start[TStateMachine](TStateMachine&amp; stateMachine)
   at Microsoft.SqlTools.ServiceLayer.IntegrationTests.Agent.AgentJobStepTests.TestHandleDeleteAgentJobStepRequest()</failure>
    </testcase>
    <testcase classname="Microsoft.SqlTools.ServiceLayer.IntegrationTests.Agent.AgentJobStepTests" name="TestHandleUpdateAgentJobStepRequest" time="0.0009240">
      <failure type="failure" message="  Cannot find any instance for version key: sqlOnPrem&#xA;  Expected: True&#xA;  But was:  False&#xA;">at Microsoft.SqlTools.ServiceLayer.Test.Common.TestConnectionProfileService.GetInstance(String key) in /Users/aasimkhan/src/sqltoolsservice/test/Microsoft.SqlTools.ServiceLayer.Test.Common/TestConnectionProfileService.cs:line 59
   at Microsoft.SqlTools.ServiceLayer.Test.Common.TestConnectionProfileService.GetConnectionParameters(String key, String databaseName) in /Users/aasimkhan/src/sqltoolsservice/test/Microsoft.SqlTools.ServiceLayer.Test.Common/TestConnectionProfileService.cs:line 65
   at Microsoft.SqlTools.ServiceLayer.Test.Common.TestConnectionProfileService.GetConnectionParameters(TestServerType serverType, String databaseName) in /Users/aasimkhan/src/sqltoolsservice/test/Microsoft.SqlTools.ServiceLayer.Test.Common/TestConnectionProfileService.cs:line 75
   at Microsoft.SqlTools.ServiceLayer.IntegrationTests.Utility.LiveConnectionHelper.InitLiveConnectionInfoAsync(String databaseName, String ownerUri, String connectionType, TestServerType serverType) in /Users/aasimkhan/src/sqltoolsservice/test/Microsoft.SqlTools.ServiceLayer.IntegrationTests/Utility/LiveConnectionHelper.cs:line 68
   at Microsoft.SqlTools.ServiceLayer.IntegrationTests.Agent.AgentJobStepTests.TestHandleUpdateAgentJobStepRequest() in /Users/aasimkhan/src/sqltoolsservice/test/Microsoft.SqlTools.ServiceLayer.IntegrationTests/Agent/AgentJobStepTests.cs:line 52
   at NUnit.Framework.Internal.TaskAwaitAdapter.GenericAdapter`1.GetResult()
   at NUnit.Framework.Internal.AsyncToSyncAdapter.Await(Func`1 invoke)
   at NUnit.Framework.Internal.Commands.TestMethodCommand.RunTestMethod(TestExecutionContext context)
   at NUnit.Framework.Internal.Commands.TestMethodCommand.Execute(TestExecutionContext context)
   at NUnit.Framework.Internal.Execution.SimpleWorkItem.&lt;&gt;c__DisplayClass4_0.&lt;PerformWork&gt;b__0()
   at NUnit.Framework.Internal.ContextUtils.&lt;&gt;c__DisplayClass1_0`1.&lt;DoIsolated&gt;b__0(Object _)

1)    at Microsoft.SqlTools.ServiceLayer.Test.Common.TestConnectionProfileService.GetInstance(String key) in /Users/aasimkhan/src/sqltoolsservice/test/Microsoft.SqlTools.ServiceLayer.Test.Common/TestConnectionProfileService.cs:line 59
   at Microsoft.SqlTools.ServiceLayer.Test.Common.TestConnectionProfileService.GetConnectionParameters(String key, String databaseName) in /Users/aasimkhan/src/sqltoolsservice/test/Microsoft.SqlTools.ServiceLayer.Test.Common/TestConnectionProfileService.cs:line 65
   at Microsoft.SqlTools.ServiceLayer.Test.Common.TestConnectionProfileService.GetConnectionParameters(TestServerType serverType, String databaseName) in /Users/aasimkhan/src/sqltoolsservice/test/Microsoft.SqlTools.ServiceLayer.Test.Common/TestConnectionProfileService.cs:line 75
   at Microsoft.SqlTools.ServiceLayer.IntegrationTests.Utility.LiveConnectionHelper.InitLiveConnectionInfoAsync(String databaseName, String ownerUri, String connectionType, TestServerType serverType) in /Users/aasimkhan/src/sqltoolsservice/test/Microsoft.SqlTools.ServiceLayer.IntegrationTests/Utility/LiveConnectionHelper.cs:line 68
   at System.Runtime.CompilerServices.AsyncMethodBuilderCore.Start[TStateMachine](TStateMachine&amp; stateMachine)
   at Microsoft.SqlTools.ServiceLayer.IntegrationTests.Utility.LiveConnectionHelper.InitLiveConnectionInfoAsync(String databaseName, String ownerUri, String connectionType, TestServerType serverType)
   at Microsoft.SqlTools.ServiceLayer.IntegrationTests.Agent.AgentJobStepTests.TestHandleUpdateAgentJobStepRequest() in /Users/aasimkhan/src/sqltoolsservice/test/Microsoft.SqlTools.ServiceLayer.IntegrationTests/Agent/AgentJobStepTests.cs:line 52
   at System.Runtime.CompilerServices.AsyncMethodBuilderCore.Start[TStateMachine](TStateMachine&amp; stateMachine)
   at Microsoft.SqlTools.ServiceLayer.IntegrationTests.Agent.AgentJobStepTests.TestHandleUpdateAgentJobStepRequest()</failure>
    </testcase>
    <testcase classname="Microsoft.SqlTools.ServiceLayer.IntegrationTests.Agent.AgentJobTests" name="TestAgentJobDefaultsRequest" time="0.0008290">
      <failure type="failure" message="  Cannot find any instance for version key: sqlOnPrem&#xA;  Expected: True&#xA;  But was:  False&#xA;">at Microsoft.SqlTools.ServiceLayer.Test.Common.TestConnectionProfileService.GetInstance(String key) in /Users/aasimkhan/src/sqltoolsservice/test/Microsoft.SqlTools.ServiceLayer.Test.Common/TestConnectionProfileService.cs:line 59
   at Microsoft.SqlTools.ServiceLayer.Test.Common.TestConnectionProfileService.GetConnectionParameters(String key, String databaseName) in /Users/aasimkhan/src/sqltoolsservice/test/Microsoft.SqlTools.ServiceLayer.Test.Common/TestConnectionProfileService.cs:line 65
   at Microsoft.SqlTools.ServiceLayer.Test.Common.TestConnectionProfileService.GetConnectionParameters(TestServerType serverType, String databaseName) in /Users/aasimkhan/src/sqltoolsservice/test/Microsoft.SqlTools.ServiceLayer.Test.Common/TestConnectionProfileService.cs:line 75
   at Microsoft.SqlTools.ServiceLayer.IntegrationTests.Utility.LiveConnectionHelper.InitLiveConnectionInfoAsync(String databaseName, String ownerUri, String connectionType, TestServerType serverType) in /Users/aasimkhan/src/sqltoolsservice/test/Microsoft.SqlTools.ServiceLayer.IntegrationTests/Utility/LiveConnectionHelper.cs:line 68
   at Microsoft.SqlTools.ServiceLayer.IntegrationTests.Agent.AgentJobTests.TestAgentJobDefaultsRequest() in /Users/aasimkhan/src/sqltoolsservice/test/Microsoft.SqlTools.ServiceLayer.IntegrationTests/Agent/AgentJobTests.cs:line 96
   at NUnit.Framework.Internal.TaskAwaitAdapter.GenericAdapter`1.GetResult()
   at NUnit.Framework.Internal.AsyncToSyncAdapter.Await(Func`1 invoke)
   at NUnit.Framework.Internal.Commands.TestMethodCommand.RunTestMethod(TestExecutionContext context)
   at NUnit.Framework.Internal.Commands.TestMethodCommand.Execute(TestExecutionContext context)
   at NUnit.Framework.Internal.Execution.SimpleWorkItem.&lt;&gt;c__DisplayClass4_0.&lt;PerformWork&gt;b__0()
   at NUnit.Framework.Internal.ContextUtils.&lt;&gt;c__DisplayClass1_0`1.&lt;DoIsolated&gt;b__0(Object _)

1)    at Microsoft.SqlTools.ServiceLayer.Test.Common.TestConnectionProfileService.GetInstance(String key) in /Users/aasimkhan/src/sqltoolsservice/test/Microsoft.SqlTools.ServiceLayer.Test.Common/TestConnectionProfileService.cs:line 59
   at Microsoft.SqlTools.ServiceLayer.Test.Common.TestConnectionProfileService.GetConnectionParameters(String key, String databaseName) in /Users/aasimkhan/src/sqltoolsservice/test/Microsoft.SqlTools.ServiceLayer.Test.Common/TestConnectionProfileService.cs:line 65
   at Microsoft.SqlTools.ServiceLayer.Test.Common.TestConnectionProfileService.GetConnectionParameters(TestServerType serverType, String databaseName) in /Users/aasimkhan/src/sqltoolsservice/test/Microsoft.SqlTools.ServiceLayer.Test.Common/TestConnectionProfileService.cs:line 75
   at Microsoft.SqlTools.ServiceLayer.IntegrationTests.Utility.LiveConnectionHelper.InitLiveConnectionInfoAsync(String databaseName, String ownerUri, String connectionType, TestServerType serverType) in /Users/aasimkhan/src/sqltoolsservice/test/Microsoft.SqlTools.ServiceLayer.IntegrationTests/Utility/LiveConnectionHelper.cs:line 68
   at System.Runtime.CompilerServices.AsyncMethodBuilderCore.Start[TStateMachine](TStateMachine&amp; stateMachine)
   at Microsoft.SqlTools.ServiceLayer.IntegrationTests.Utility.LiveConnectionHelper.InitLiveConnectionInfoAsync(String databaseName, String ownerUri, String connectionType, TestServerType serverType)
   at Microsoft.SqlTools.ServiceLayer.IntegrationTests.Agent.AgentJobTests.TestAgentJobDefaultsRequest() in /Users/aasimkhan/src/sqltoolsservice/test/Microsoft.SqlTools.ServiceLayer.IntegrationTests/Agent/AgentJobTests.cs:line 96
   at System.Runtime.CompilerServices.AsyncMethodBuilderCore.Start[TStateMachine](TStateMachine&amp; stateMachine)
   at Microsoft.SqlTools.ServiceLayer.IntegrationTests.Agent.AgentJobTests.TestAgentJobDefaultsRequest()</failure>
    </testcase>
    <testcase classname="Microsoft.SqlTools.ServiceLayer.IntegrationTests.Agent.AgentJobTests" name="TestHandleCreateAgentJobRequest" time="0.0008340">
      <failure type="failure" message="  Cannot find any instance for version key: sqlOnPrem&#xA;  Expected: True&#xA;  But was:  False&#xA;">at Microsoft.SqlTools.ServiceLayer.Test.Common.TestConnectionProfileService.GetInstance(String key) in /Users/aasimkhan/src/sqltoolsservice/test/Microsoft.SqlTools.ServiceLayer.Test.Common/TestConnectionProfileService.cs:line 59
   at Microsoft.SqlTools.ServiceLayer.Test.Common.TestConnectionProfileService.GetConnectionParameters(String key, String databaseName) in /Users/aasimkhan/src/sqltoolsservice/test/Microsoft.SqlTools.ServiceLayer.Test.Common/TestConnectionProfileService.cs:line 65
   at Microsoft.SqlTools.ServiceLayer.Test.Common.TestConnectionProfileService.GetConnectionParameters(TestServerType serverType, String databaseName) in /Users/aasimkhan/src/sqltoolsservice/test/Microsoft.SqlTools.ServiceLayer.Test.Common/TestConnectionProfileService.cs:line 75
   at Microsoft.SqlTools.ServiceLayer.IntegrationTests.Utility.LiveConnectionHelper.InitLiveConnectionInfoAsync(String databaseName, String ownerUri, String connectionType, TestServerType serverType) in /Users/aasimkhan/src/sqltoolsservice/test/Microsoft.SqlTools.ServiceLayer.IntegrationTests/Utility/LiveConnectionHelper.cs:line 68
   at Microsoft.SqlTools.ServiceLayer.IntegrationTests.Agent.AgentJobTests.TestHandleCreateAgentJobRequest() in /Users/aasimkhan/src/sqltoolsservice/test/Microsoft.SqlTools.ServiceLayer.IntegrationTests/Agent/AgentJobTests.cs:line 31
   at NUnit.Framework.Internal.TaskAwaitAdapter.GenericAdapter`1.GetResult()
   at NUnit.Framework.Internal.AsyncToSyncAdapter.Await(Func`1 invoke)
   at NUnit.Framework.Internal.Commands.TestMethodCommand.RunTestMethod(TestExecutionContext context)
   at NUnit.Framework.Internal.Commands.TestMethodCommand.Execute(TestExecutionContext context)
   at NUnit.Framework.Internal.Execution.SimpleWorkItem.&lt;&gt;c__DisplayClass4_0.&lt;PerformWork&gt;b__0()
   at NUnit.Framework.Internal.ContextUtils.&lt;&gt;c__DisplayClass1_0`1.&lt;DoIsolated&gt;b__0(Object _)

1)    at Microsoft.SqlTools.ServiceLayer.Test.Common.TestConnectionProfileService.GetInstance(String key) in /Users/aasimkhan/src/sqltoolsservice/test/Microsoft.SqlTools.ServiceLayer.Test.Common/TestConnectionProfileService.cs:line 59
   at Microsoft.SqlTools.ServiceLayer.Test.Common.TestConnectionProfileService.GetConnectionParameters(String key, String databaseName) in /Users/aasimkhan/src/sqltoolsservice/test/Microsoft.SqlTools.ServiceLayer.Test.Common/TestConnectionProfileService.cs:line 65
   at Microsoft.SqlTools.ServiceLayer.Test.Common.TestConnectionProfileService.GetConnectionParameters(TestServerType serverType, String databaseName) in /Users/aasimkhan/src/sqltoolsservice/test/Microsoft.SqlTools.ServiceLayer.Test.Common/TestConnectionProfileService.cs:line 75
   at Microsoft.SqlTools.ServiceLayer.IntegrationTests.Utility.LiveConnectionHelper.InitLiveConnectionInfoAsync(String databaseName, String ownerUri, String connectionType, TestServerType serverType) in /Users/aasimkhan/src/sqltoolsservice/test/Microsoft.SqlTools.ServiceLayer.IntegrationTests/Utility/LiveConnectionHelper.cs:line 68
   at System.Runtime.CompilerServices.AsyncMethodBuilderCore.Start[TStateMachine](TStateMachine&amp; stateMachine)
   at Microsoft.SqlTools.ServiceLayer.IntegrationTests.Utility.LiveConnectionHelper.InitLiveConnectionInfoAsync(String databaseName, String ownerUri, String connectionType, TestServerType serverType)
   at Microsoft.SqlTools.ServiceLayer.IntegrationTests.Agent.AgentJobTests.TestHandleCreateAgentJobRequest() in /Users/aasimkhan/src/sqltoolsservice/test/Microsoft.SqlTools.ServiceLayer.IntegrationTests/Agent/AgentJobTests.cs:line 31
   at System.Runtime.CompilerServices.AsyncMethodBuilderCore.Start[TStateMachine](TStateMachine&amp; stateMachine)
   at Microsoft.SqlTools.ServiceLayer.IntegrationTests.Agent.AgentJobTests.TestHandleCreateAgentJobRequest()</failure>
    </testcase>
    <testcase classname="Microsoft.SqlTools.ServiceLayer.IntegrationTests.Agent.AgentJobTests" name="TestHandleDeleteAgentJobRequest" time="0.0009300">
      <failure type="failure" message="  Cannot find any instance for version key: sqlOnPrem&#xA;  Expected: True&#xA;  But was:  False&#xA;">at Microsoft.SqlTools.ServiceLayer.Test.Common.TestConnectionProfileService.GetInstance(String key) in /Users/aasimkhan/src/sqltoolsservice/test/Microsoft.SqlTools.ServiceLayer.Test.Common/TestConnectionProfileService.cs:line 59
   at Microsoft.SqlTools.ServiceLayer.Test.Common.TestConnectionProfileService.GetConnectionParameters(String key, String databaseName) in /Users/aasimkhan/src/sqltoolsservice/test/Microsoft.SqlTools.ServiceLayer.Test.Common/TestConnectionProfileService.cs:line 65
   at Microsoft.SqlTools.ServiceLayer.Test.Common.TestConnectionProfileService.GetConnectionParameters(TestServerType serverType, String databaseName) in /Users/aasimkhan/src/sqltoolsservice/test/Microsoft.SqlTools.ServiceLayer.Test.Common/TestConnectionProfileService.cs:line 75
   at Microsoft.SqlTools.ServiceLayer.IntegrationTests.Utility.LiveConnectionHelper.InitLiveConnectionInfoAsync(String databaseName, String ownerUri, String connectionType, TestServerType serverType) in /Users/aasimkhan/src/sqltoolsservice/test/Microsoft.SqlTools.ServiceLayer.IntegrationTests/Utility/LiveConnectionHelper.cs:line 68
   at Microsoft.SqlTools.ServiceLayer.IntegrationTests.Agent.AgentJobTests.TestHandleDeleteAgentJobRequest() in /Users/aasimkhan/src/sqltoolsservice/test/Microsoft.SqlTools.ServiceLayer.IntegrationTests/Agent/AgentJobTests.cs:line 76
   at NUnit.Framework.Internal.TaskAwaitAdapter.GenericAdapter`1.GetResult()
   at NUnit.Framework.Internal.AsyncToSyncAdapter.Await(Func`1 invoke)
   at NUnit.Framework.Internal.Commands.TestMethodCommand.RunTestMethod(TestExecutionContext context)
   at NUnit.Framework.Internal.Commands.TestMethodCommand.Execute(TestExecutionContext context)
   at NUnit.Framework.Internal.Execution.SimpleWorkItem.&lt;&gt;c__DisplayClass4_0.&lt;PerformWork&gt;b__0()
   at NUnit.Framework.Internal.ContextUtils.&lt;&gt;c__DisplayClass1_0`1.&lt;DoIsolated&gt;b__0(Object _)

1)    at Microsoft.SqlTools.ServiceLayer.Test.Common.TestConnectionProfileService.GetInstance(String key) in /Users/aasimkhan/src/sqltoolsservice/test/Microsoft.SqlTools.ServiceLayer.Test.Common/TestConnectionProfileService.cs:line 59
   at Microsoft.SqlTools.ServiceLayer.Test.Common.TestConnectionProfileService.GetConnectionParameters(String key, String databaseName) in /Users/aasimkhan/src/sqltoolsservice/test/Microsoft.SqlTools.ServiceLayer.Test.Common/TestConnectionProfileService.cs:line 65
   at Microsoft.SqlTools.ServiceLayer.Test.Common.TestConnectionProfileService.GetConnectionParameters(TestServerType serverType, String databaseName) in /Users/aasimkhan/src/sqltoolsservice/test/Microsoft.SqlTools.ServiceLayer.Test.Common/TestConnectionProfileService.cs:line 75
   at Microsoft.SqlTools.ServiceLayer.IntegrationTests.Utility.LiveConnectionHelper.InitLiveConnectionInfoAsync(String databaseName, String ownerUri, String connectionType, TestServerType serverType) in /Users/aasimkhan/src/sqltoolsservice/test/Microsoft.SqlTools.ServiceLayer.IntegrationTests/Utility/LiveConnectionHelper.cs:line 68
   at System.Runtime.CompilerServices.AsyncMethodBuilderCore.Start[TStateMachine](TStateMachine&amp; stateMachine)
   at Microsoft.SqlTools.ServiceLayer.IntegrationTests.Utility.LiveConnectionHelper.InitLiveConnectionInfoAsync(String databaseName, String ownerUri, String connectionType, TestServerType serverType)
   at Microsoft.SqlTools.ServiceLayer.IntegrationTests.Agent.AgentJobTests.TestHandleDeleteAgentJobRequest() in /Users/aasimkhan/src/sqltoolsservice/test/Microsoft.SqlTools.ServiceLayer.IntegrationTests/Agent/AgentJobTests.cs:line 76
   at System.Runtime.CompilerServices.AsyncMethodBuilderCore.Start[TStateMachine](TStateMachine&amp; stateMachine)
   at Microsoft.SqlTools.ServiceLayer.IntegrationTests.Agent.AgentJobTests.TestHandleDeleteAgentJobRequest()</failure>
    </testcase>
    <testcase classname="Microsoft.SqlTools.ServiceLayer.IntegrationTests.Agent.AgentJobTests" name="TestHandleUpdateAgentJobRequest" time="0.0009410">
      <failure type="failure" message="  Cannot find any instance for version key: sqlOnPrem&#xA;  Expected: True&#xA;  But was:  False&#xA;">at Microsoft.SqlTools.ServiceLayer.Test.Common.TestConnectionProfileService.GetInstance(String key) in /Users/aasimkhan/src/sqltoolsservice/test/Microsoft.SqlTools.ServiceLayer.Test.Common/TestConnectionProfileService.cs:line 59
   at Microsoft.SqlTools.ServiceLayer.Test.Common.TestConnectionProfileService.GetConnectionParameters(String key, String databaseName) in /Users/aasimkhan/src/sqltoolsservice/test/Microsoft.SqlTools.ServiceLayer.Test.Common/TestConnectionProfileService.cs:line 65
   at Microsoft.SqlTools.ServiceLayer.Test.Common.TestConnectionProfileService.GetConnectionParameters(TestServerType serverType, String databaseName) in /Users/aasimkhan/src/sqltoolsservice/test/Microsoft.SqlTools.ServiceLayer.Test.Common/TestConnectionProfileService.cs:line 75
   at Microsoft.SqlTools.ServiceLayer.IntegrationTests.Utility.LiveConnectionHelper.InitLiveConnectionInfoAsync(String databaseName, String ownerUri, String connectionType, TestServerType serverType) in /Users/aasimkhan/src/sqltoolsservice/test/Microsoft.SqlTools.ServiceLayer.IntegrationTests/Utility/LiveConnectionHelper.cs:line 68
   at Microsoft.SqlTools.ServiceLayer.IntegrationTests.Agent.AgentJobTests.TestHandleUpdateAgentJobRequest() in /Users/aasimkhan/src/sqltoolsservice/test/Microsoft.SqlTools.ServiceLayer.IntegrationTests/Agent/AgentJobTests.cs:line 53
   at NUnit.Framework.Internal.TaskAwaitAdapter.GenericAdapter`1.GetResult()
   at NUnit.Framework.Internal.AsyncToSyncAdapter.Await(Func`1 invoke)
   at NUnit.Framework.Internal.Commands.TestMethodCommand.RunTestMethod(TestExecutionContext context)
   at NUnit.Framework.Internal.Commands.TestMethodCommand.Execute(TestExecutionContext context)
   at NUnit.Framework.Internal.Execution.SimpleWorkItem.&lt;&gt;c__DisplayClass4_0.&lt;PerformWork&gt;b__0()
   at NUnit.Framework.Internal.ContextUtils.&lt;&gt;c__DisplayClass1_0`1.&lt;DoIsolated&gt;b__0(Object _)

1)    at Microsoft.SqlTools.ServiceLayer.Test.Common.TestConnectionProfileService.GetInstance(String key) in /Users/aasimkhan/src/sqltoolsservice/test/Microsoft.SqlTools.ServiceLayer.Test.Common/TestConnectionProfileService.cs:line 59
   at Microsoft.SqlTools.ServiceLayer.Test.Common.TestConnectionProfileService.GetConnectionParameters(String key, String databaseName) in /Users/aasimkhan/src/sqltoolsservice/test/Microsoft.SqlTools.ServiceLayer.Test.Common/TestConnectionProfileService.cs:line 65
   at Microsoft.SqlTools.ServiceLayer.Test.Common.TestConnectionProfileService.GetConnectionParameters(TestServerType serverType, String databaseName) in /Users/aasimkhan/src/sqltoolsservice/test/Microsoft.SqlTools.ServiceLayer.Test.Common/TestConnectionProfileService.cs:line 75
   at Microsoft.SqlTools.ServiceLayer.IntegrationTests.Utility.LiveConnectionHelper.InitLiveConnectionInfoAsync(String databaseName, String ownerUri, String connectionType, TestServerType serverType) in /Users/aasimkhan/src/sqltoolsservice/test/Microsoft.SqlTools.ServiceLayer.IntegrationTests/Utility/LiveConnectionHelper.cs:line 68
   at System.Runtime.CompilerServices.AsyncMethodBuilderCore.Start[TStateMachine](TStateMachine&amp; stateMachine)
   at Microsoft.SqlTools.ServiceLayer.IntegrationTests.Utility.LiveConnectionHelper.InitLiveConnectionInfoAsync(String databaseName, String ownerUri, String connectionType, TestServerType serverType)
   at Microsoft.SqlTools.ServiceLayer.IntegrationTests.Agent.AgentJobTests.TestHandleUpdateAgentJobRequest() in /Users/aasimkhan/src/sqltoolsservice/test/Microsoft.SqlTools.ServiceLayer.IntegrationTests/Agent/AgentJobTests.cs:line 53
   at System.Runtime.CompilerServices.AsyncMethodBuilderCore.Start[TStateMachine](TStateMachine&amp; stateMachine)
   at Microsoft.SqlTools.ServiceLayer.IntegrationTests.Agent.AgentJobTests.TestHandleUpdateAgentJobRequest()</failure>
    </testcase>
    <testcase classname="Microsoft.SqlTools.ServiceLayer.IntegrationTests.Agent.AgentNotebookTests" name="TestAgentNotebookCreateHelper" time="0.0009410">
      <failure type="failure" message="  Cannot find any instance for version key: sqlOnPrem&#xA;  Expected: True&#xA;  But was:  False&#xA;">at Microsoft.SqlTools.ServiceLayer.Test.Common.TestConnectionProfileService.GetInstance(String key) in /Users/aasimkhan/src/sqltoolsservice/test/Microsoft.SqlTools.ServiceLayer.Test.Common/TestConnectionProfileService.cs:line 59
   at Microsoft.SqlTools.ServiceLayer.Test.Common.TestConnectionProfileService.GetConnectionParameters(String key, String databaseName) in /Users/aasimkhan/src/sqltoolsservice/test/Microsoft.SqlTools.ServiceLayer.Test.Common/TestConnectionProfileService.cs:line 65
   at Microsoft.SqlTools.ServiceLayer.Test.Common.TestConnectionProfileService.GetConnectionParameters(TestServerType serverType, String databaseName) in /Users/aasimkhan/src/sqltoolsservice/test/Microsoft.SqlTools.ServiceLayer.Test.Common/TestConnectionProfileService.cs:line 75
   at Microsoft.SqlTools.ServiceLayer.IntegrationTests.Utility.LiveConnectionHelper.InitLiveConnectionInfoAsync(String databaseName, String ownerUri, String connectionType, TestServerType serverType) in /Users/aasimkhan/src/sqltoolsservice/test/Microsoft.SqlTools.ServiceLayer.IntegrationTests/Utility/LiveConnectionHelper.cs:line 68
   at Microsoft.SqlTools.ServiceLayer.IntegrationTests.Agent.AgentNotebookTests.TestAgentNotebookCreateHelper() in /Users/aasimkhan/src/sqltoolsservice/test/Microsoft.SqlTools.ServiceLayer.IntegrationTests/Agent/AgentNotebookTests.cs:line 55
   at NUnit.Framework.Internal.TaskAwaitAdapter.GenericAdapter`1.GetResult()
   at NUnit.Framework.Internal.AsyncToSyncAdapter.Await(Func`1 invoke)
   at NUnit.Framework.Internal.Commands.TestMethodCommand.RunTestMethod(TestExecutionContext context)
   at NUnit.Framework.Internal.Commands.TestMethodCommand.Execute(TestExecutionContext context)
   at NUnit.Framework.Internal.Execution.SimpleWorkItem.&lt;&gt;c__DisplayClass4_0.&lt;PerformWork&gt;b__0()
   at NUnit.Framework.Internal.ContextUtils.&lt;&gt;c__DisplayClass1_0`1.&lt;DoIsolated&gt;b__0(Object _)

1)    at Microsoft.SqlTools.ServiceLayer.Test.Common.TestConnectionProfileService.GetInstance(String key) in /Users/aasimkhan/src/sqltoolsservice/test/Microsoft.SqlTools.ServiceLayer.Test.Common/TestConnectionProfileService.cs:line 59
   at Microsoft.SqlTools.ServiceLayer.Test.Common.TestConnectionProfileService.GetConnectionParameters(String key, String databaseName) in /Users/aasimkhan/src/sqltoolsservice/test/Microsoft.SqlTools.ServiceLayer.Test.Common/TestConnectionProfileService.cs:line 65
   at Microsoft.SqlTools.ServiceLayer.Test.Common.TestConnectionProfileService.GetConnectionParameters(TestServerType serverType, String databaseName) in /Users/aasimkhan/src/sqltoolsservice/test/Microsoft.SqlTools.ServiceLayer.Test.Common/TestConnectionProfileService.cs:line 75
   at Microsoft.SqlTools.ServiceLayer.IntegrationTests.Utility.LiveConnectionHelper.InitLiveConnectionInfoAsync(String databaseName, String ownerUri, String connectionType, TestServerType serverType) in /Users/aasimkhan/src/sqltoolsservice/test/Microsoft.SqlTools.ServiceLayer.IntegrationTests/Utility/LiveConnectionHelper.cs:line 68
   at System.Runtime.CompilerServices.AsyncMethodBuilderCore.Start[TStateMachine](TStateMachine&amp; stateMachine)
   at Microsoft.SqlTools.ServiceLayer.IntegrationTests.Utility.LiveConnectionHelper.InitLiveConnectionInfoAsync(String databaseName, String ownerUri, String connectionType, TestServerType serverType)
   at Microsoft.SqlTools.ServiceLayer.IntegrationTests.Agent.AgentNotebookTests.TestAgentNotebookCreateHelper() in /Users/aasimkhan/src/sqltoolsservice/test/Microsoft.SqlTools.ServiceLayer.IntegrationTests/Agent/AgentNotebookTests.cs:line 55
   at System.Runtime.CompilerServices.AsyncMethodBuilderCore.Start[TStateMachine](TStateMachine&amp; stateMachine)
   at Microsoft.SqlTools.ServiceLayer.IntegrationTests.Agent.AgentNotebookTests.TestAgentNotebookCreateHelper()</failure>
    </testcase>
    <testcase classname="Microsoft.SqlTools.ServiceLayer.IntegrationTests.Agent.AgentNotebookTests" name="TestCreateAgentNotebookHandler" time="0.0012100">
      <failure type="failure" message="  Cannot find any instance for version key: sqlOnPrem&#xA;  Expected: True&#xA;  But was:  False&#xA;">at Microsoft.SqlTools.ServiceLayer.Test.Common.TestConnectionProfileService.GetInstance(String key) in /Users/aasimkhan/src/sqltoolsservice/test/Microsoft.SqlTools.ServiceLayer.Test.Common/TestConnectionProfileService.cs:line 59
   at Microsoft.SqlTools.ServiceLayer.Test.Common.TestConnectionProfileService.GetConnectionParameters(String key, String databaseName) in /Users/aasimkhan/src/sqltoolsservice/test/Microsoft.SqlTools.ServiceLayer.Test.Common/TestConnectionProfileService.cs:line 65
   at Microsoft.SqlTools.ServiceLayer.Test.Common.TestConnectionProfileService.GetConnectionParameters(TestServerType serverType, String databaseName) in /Users/aasimkhan/src/sqltoolsservice/test/Microsoft.SqlTools.ServiceLayer.Test.Common/TestConnectionProfileService.cs:line 75
   at Microsoft.SqlTools.ServiceLayer.IntegrationTests.Utility.LiveConnectionHelper.InitLiveConnectionInfoAsync(String databaseName, String ownerUri, String connectionType, TestServerType serverType) in /Users/aasimkhan/src/sqltoolsservice/test/Microsoft.SqlTools.ServiceLayer.IntegrationTests/Utility/LiveConnectionHelper.cs:line 68
   at Microsoft.SqlTools.ServiceLayer.IntegrationTests.Agent.AgentNotebookTests.TestCreateAgentNotebookHandler() in /Users/aasimkhan/src/sqltoolsservice/test/Microsoft.SqlTools.ServiceLayer.IntegrationTests/Agent/AgentNotebookTests.cs:line 130
   at NUnit.Framework.Internal.TaskAwaitAdapter.GenericAdapter`1.GetResult()
   at NUnit.Framework.Internal.AsyncToSyncAdapter.Await(Func`1 invoke)
   at NUnit.Framework.Internal.Commands.TestMethodCommand.RunTestMethod(TestExecutionContext context)
   at NUnit.Framework.Internal.Commands.TestMethodCommand.Execute(TestExecutionContext context)
   at NUnit.Framework.Internal.Execution.SimpleWorkItem.&lt;&gt;c__DisplayClass4_0.&lt;PerformWork&gt;b__0()
   at NUnit.Framework.Internal.ContextUtils.&lt;&gt;c__DisplayClass1_0`1.&lt;DoIsolated&gt;b__0(Object _)

1)    at Microsoft.SqlTools.ServiceLayer.Test.Common.TestConnectionProfileService.GetInstance(String key) in /Users/aasimkhan/src/sqltoolsservice/test/Microsoft.SqlTools.ServiceLayer.Test.Common/TestConnectionProfileService.cs:line 59
   at Microsoft.SqlTools.ServiceLayer.Test.Common.TestConnectionProfileService.GetConnectionParameters(String key, String databaseName) in /Users/aasimkhan/src/sqltoolsservice/test/Microsoft.SqlTools.ServiceLayer.Test.Common/TestConnectionProfileService.cs:line 65
   at Microsoft.SqlTools.ServiceLayer.Test.Common.TestConnectionProfileService.GetConnectionParameters(TestServerType serverType, String databaseName) in /Users/aasimkhan/src/sqltoolsservice/test/Microsoft.SqlTools.ServiceLayer.Test.Common/TestConnectionProfileService.cs:line 75
   at Microsoft.SqlTools.ServiceLayer.IntegrationTests.Utility.LiveConnectionHelper.InitLiveConnectionInfoAsync(String databaseName, String ownerUri, String connectionType, TestServerType serverType) in /Users/aasimkhan/src/sqltoolsservice/test/Microsoft.SqlTools.ServiceLayer.IntegrationTests/Utility/LiveConnectionHelper.cs:line 68
   at System.Runtime.CompilerServices.AsyncMethodBuilderCore.Start[TStateMachine](TStateMachine&amp; stateMachine)
   at Microsoft.SqlTools.ServiceLayer.IntegrationTests.Utility.LiveConnectionHelper.InitLiveConnectionInfoAsync(String databaseName, String ownerUri, String connectionType, TestServerType serverType)
   at Microsoft.SqlTools.ServiceLayer.IntegrationTests.Agent.AgentNotebookTests.TestCreateAgentNotebookHandler() in /Users/aasimkhan/src/sqltoolsservice/test/Microsoft.SqlTools.ServiceLayer.IntegrationTests/Agent/AgentNotebookTests.cs:line 130
   at System.Runtime.CompilerServices.AsyncMethodBuilderCore.Start[TStateMachine](TStateMachine&amp; stateMachine)
   at Microsoft.SqlTools.ServiceLayer.IntegrationTests.Agent.AgentNotebookTests.TestCreateAgentNotebookHandler()</failure>
    </testcase>
    <testcase classname="Microsoft.SqlTools.ServiceLayer.IntegrationTests.Agent.AgentNotebookTests" name="TestDeleteAgentNotebookHandler" time="0.0014410">
      <failure type="failure" message="  Cannot find any instance for version key: sqlOnPrem&#xA;  Expected: True&#xA;  But was:  False&#xA;">at Microsoft.SqlTools.ServiceLayer.Test.Common.TestConnectionProfileService.GetInstance(String key) in /Users/aasimkhan/src/sqltoolsservice/test/Microsoft.SqlTools.ServiceLayer.Test.Common/TestConnectionProfileService.cs:line 59
   at Microsoft.SqlTools.ServiceLayer.Test.Common.TestConnectionProfileService.GetConnectionParameters(String key, String databaseName) in /Users/aasimkhan/src/sqltoolsservice/test/Microsoft.SqlTools.ServiceLayer.Test.Common/TestConnectionProfileService.cs:line 65
   at Microsoft.SqlTools.ServiceLayer.Test.Common.TestConnectionProfileService.GetConnectionParameters(TestServerType serverType, String databaseName) in /Users/aasimkhan/src/sqltoolsservice/test/Microsoft.SqlTools.ServiceLayer.Test.Common/TestConnectionProfileService.cs:line 75
   at Microsoft.SqlTools.ServiceLayer.IntegrationTests.Utility.LiveConnectionHelper.InitLiveConnectionInfoAsync(String databaseName, String ownerUri, String connectionType, TestServerType serverType) in /Users/aasimkhan/src/sqltoolsservice/test/Microsoft.SqlTools.ServiceLayer.IntegrationTests/Utility/LiveConnectionHelper.cs:line 68
   at Microsoft.SqlTools.ServiceLayer.IntegrationTests.Agent.AgentNotebookTests.TestDeleteAgentNotebookHandler() in /Users/aasimkhan/src/sqltoolsservice/test/Microsoft.SqlTools.ServiceLayer.IntegrationTests/Agent/AgentNotebookTests.cs:line 156
   at NUnit.Framework.Internal.TaskAwaitAdapter.GenericAdapter`1.GetResult()
   at NUnit.Framework.Internal.AsyncToSyncAdapter.Await(Func`1 invoke)
   at NUnit.Framework.Internal.Commands.TestMethodCommand.RunTestMethod(TestExecutionContext context)
   at NUnit.Framework.Internal.Commands.TestMethodCommand.Execute(TestExecutionContext context)
   at NUnit.Framework.Internal.Execution.SimpleWorkItem.&lt;&gt;c__DisplayClass4_0.&lt;PerformWork&gt;b__0()
   at NUnit.Framework.Internal.ContextUtils.&lt;&gt;c__DisplayClass1_0`1.&lt;DoIsolated&gt;b__0(Object _)

1)    at Microsoft.SqlTools.ServiceLayer.Test.Common.TestConnectionProfileService.GetInstance(String key) in /Users/aasimkhan/src/sqltoolsservice/test/Microsoft.SqlTools.ServiceLayer.Test.Common/TestConnectionProfileService.cs:line 59
   at Microsoft.SqlTools.ServiceLayer.Test.Common.TestConnectionProfileService.GetConnectionParameters(String key, String databaseName) in /Users/aasimkhan/src/sqltoolsservice/test/Microsoft.SqlTools.ServiceLayer.Test.Common/TestConnectionProfileService.cs:line 65
   at Microsoft.SqlTools.ServiceLayer.Test.Common.TestConnectionProfileService.GetConnectionParameters(TestServerType serverType, String databaseName) in /Users/aasimkhan/src/sqltoolsservice/test/Microsoft.SqlTools.ServiceLayer.Test.Common/TestConnectionProfileService.cs:line 75
   at Microsoft.SqlTools.ServiceLayer.IntegrationTests.Utility.LiveConnectionHelper.InitLiveConnectionInfoAsync(String databaseName, String ownerUri, String connectionType, TestServerType serverType) in /Users/aasimkhan/src/sqltoolsservice/test/Microsoft.SqlTools.ServiceLayer.IntegrationTests/Utility/LiveConnectionHelper.cs:line 68
   at System.Runtime.CompilerServices.AsyncMethodBuilderCore.Start[TStateMachine](TStateMachine&amp; stateMachine)
   at Microsoft.SqlTools.ServiceLayer.IntegrationTests.Utility.LiveConnectionHelper.InitLiveConnectionInfoAsync(String databaseName, String ownerUri, String connectionType, TestServerType serverType)
   at Microsoft.SqlTools.ServiceLayer.IntegrationTests.Agent.AgentNotebookTests.TestDeleteAgentNotebookHandler() in /Users/aasimkhan/src/sqltoolsservice/test/Microsoft.SqlTools.ServiceLayer.IntegrationTests/Agent/AgentNotebookTests.cs:line 156
   at System.Runtime.CompilerServices.AsyncMethodBuilderCore.Start[TStateMachine](TStateMachine&amp; stateMachine)
   at Microsoft.SqlTools.ServiceLayer.IntegrationTests.Agent.AgentNotebookTests.TestDeleteAgentNotebookHandler()</failure>
    </testcase>
    <testcase classname="Microsoft.SqlTools.ServiceLayer.IntegrationTests.Agent.AgentNotebookTests" name="TestDeleteNonExistentJob" time="0.0014120">
      <failure type="failure" message="  Cannot find any instance for version key: sqlOnPrem&#xA;  Expected: True&#xA;  But was:  False&#xA;">at Microsoft.SqlTools.ServiceLayer.Test.Common.TestConnectionProfileService.GetInstance(String key) in /Users/aasimkhan/src/sqltoolsservice/test/Microsoft.SqlTools.ServiceLayer.Test.Common/TestConnectionProfileService.cs:line 59
   at Microsoft.SqlTools.ServiceLayer.Test.Common.TestConnectionProfileService.GetConnectionParameters(String key, String databaseName) in /Users/aasimkhan/src/sqltoolsservice/test/Microsoft.SqlTools.ServiceLayer.Test.Common/TestConnectionProfileService.cs:line 65
   at Microsoft.SqlTools.ServiceLayer.Test.Common.TestConnectionProfileService.GetConnectionParameters(TestServerType serverType, String databaseName) in /Users/aasimkhan/src/sqltoolsservice/test/Microsoft.SqlTools.ServiceLayer.Test.Common/TestConnectionProfileService.cs:line 75
   at Microsoft.SqlTools.ServiceLayer.IntegrationTests.Utility.LiveConnectionHelper.InitLiveConnectionInfoAsync(String databaseName, String ownerUri, String connectionType, TestServerType serverType) in /Users/aasimkhan/src/sqltoolsservice/test/Microsoft.SqlTools.ServiceLayer.IntegrationTests/Utility/LiveConnectionHelper.cs:line 68
   at Microsoft.SqlTools.ServiceLayer.IntegrationTests.Agent.AgentNotebookTests.TestDeleteNonExistentJob() in /Users/aasimkhan/src/sqltoolsservice/test/Microsoft.SqlTools.ServiceLayer.IntegrationTests/Agent/AgentNotebookTests.cs:line 184
   at NUnit.Framework.Internal.TaskAwaitAdapter.GenericAdapter`1.GetResult()
   at NUnit.Framework.Internal.AsyncToSyncAdapter.Await(Func`1 invoke)
   at NUnit.Framework.Internal.Commands.TestMethodCommand.RunTestMethod(TestExecutionContext context)
   at NUnit.Framework.Internal.Commands.TestMethodCommand.Execute(TestExecutionContext context)
   at NUnit.Framework.Internal.Execution.SimpleWorkItem.&lt;&gt;c__DisplayClass4_0.&lt;PerformWork&gt;b__0()
   at NUnit.Framework.Internal.ContextUtils.&lt;&gt;c__DisplayClass1_0`1.&lt;DoIsolated&gt;b__0(Object _)

1)    at Microsoft.SqlTools.ServiceLayer.Test.Common.TestConnectionProfileService.GetInstance(String key) in /Users/aasimkhan/src/sqltoolsservice/test/Microsoft.SqlTools.ServiceLayer.Test.Common/TestConnectionProfileService.cs:line 59
   at Microsoft.SqlTools.ServiceLayer.Test.Common.TestConnectionProfileService.GetConnectionParameters(String key, String databaseName) in /Users/aasimkhan/src/sqltoolsservice/test/Microsoft.SqlTools.ServiceLayer.Test.Common/TestConnectionProfileService.cs:line 65
   at Microsoft.SqlTools.ServiceLayer.Test.Common.TestConnectionProfileService.GetConnectionParameters(TestServerType serverType, String databaseName) in /Users/aasimkhan/src/sqltoolsservice/test/Microsoft.SqlTools.ServiceLayer.Test.Common/TestConnectionProfileService.cs:line 75
   at Microsoft.SqlTools.ServiceLayer.IntegrationTests.Utility.LiveConnectionHelper.InitLiveConnectionInfoAsync(String databaseName, String ownerUri, String connectionType, TestServerType serverType) in /Users/aasimkhan/src/sqltoolsservice/test/Microsoft.SqlTools.ServiceLayer.IntegrationTests/Utility/LiveConnectionHelper.cs:line 68
   at System.Runtime.CompilerServices.AsyncMethodBuilderCore.Start[TStateMachine](TStateMachine&amp; stateMachine)
   at Microsoft.SqlTools.ServiceLayer.IntegrationTests.Utility.LiveConnectionHelper.InitLiveConnectionInfoAsync(String databaseName, String ownerUri, String connectionType, TestServerType serverType)
   at Microsoft.SqlTools.ServiceLayer.IntegrationTests.Agent.AgentNotebookTests.TestDeleteNonExistentJob() in /Users/aasimkhan/src/sqltoolsservice/test/Microsoft.SqlTools.ServiceLayer.IntegrationTests/Agent/AgentNotebookTests.cs:line 184
   at System.Runtime.CompilerServices.AsyncMethodBuilderCore.Start[TStateMachine](TStateMachine&amp; stateMachine)
   at Microsoft.SqlTools.ServiceLayer.IntegrationTests.Agent.AgentNotebookTests.TestDeleteNonExistentJob()</failure>
    </testcase>
    <testcase classname="Microsoft.SqlTools.ServiceLayer.IntegrationTests.Agent.AgentNotebookTests" name="TestDeletingUpdatedJob" time="0.0010399">
      <failure type="failure" message="  Cannot find any instance for version key: sqlOnPrem&#xA;  Expected: True&#xA;  But was:  False&#xA;">at Microsoft.SqlTools.ServiceLayer.Test.Common.TestConnectionProfileService.GetInstance(String key) in /Users/aasimkhan/src/sqltoolsservice/test/Microsoft.SqlTools.ServiceLayer.Test.Common/TestConnectionProfileService.cs:line 59
   at Microsoft.SqlTools.ServiceLayer.Test.Common.TestConnectionProfileService.GetConnectionParameters(String key, String databaseName) in /Users/aasimkhan/src/sqltoolsservice/test/Microsoft.SqlTools.ServiceLayer.Test.Common/TestConnectionProfileService.cs:line 65
   at Microsoft.SqlTools.ServiceLayer.Test.Common.TestConnectionProfileService.GetConnectionParameters(TestServerType serverType, String databaseName) in /Users/aasimkhan/src/sqltoolsservice/test/Microsoft.SqlTools.ServiceLayer.Test.Common/TestConnectionProfileService.cs:line 75
   at Microsoft.SqlTools.ServiceLayer.IntegrationTests.Utility.LiveConnectionHelper.InitLiveConnectionInfoAsync(String databaseName, String ownerUri, String connectionType, TestServerType serverType) in /Users/aasimkhan/src/sqltoolsservice/test/Microsoft.SqlTools.ServiceLayer.IntegrationTests/Utility/LiveConnectionHelper.cs:line 68
   at Microsoft.SqlTools.ServiceLayer.IntegrationTests.Agent.AgentNotebookTests.TestDeletingUpdatedJob() in /Users/aasimkhan/src/sqltoolsservice/test/Microsoft.SqlTools.ServiceLayer.IntegrationTests/Agent/AgentNotebookTests.cs:line 266
   at NUnit.Framework.Internal.TaskAwaitAdapter.GenericAdapter`1.GetResult()
   at NUnit.Framework.Internal.AsyncToSyncAdapter.Await(Func`1 invoke)
   at NUnit.Framework.Internal.Commands.TestMethodCommand.RunTestMethod(TestExecutionContext context)
   at NUnit.Framework.Internal.Commands.TestMethodCommand.Execute(TestExecutionContext context)
   at NUnit.Framework.Internal.Execution.SimpleWorkItem.&lt;&gt;c__DisplayClass4_0.&lt;PerformWork&gt;b__0()
   at NUnit.Framework.Internal.ContextUtils.&lt;&gt;c__DisplayClass1_0`1.&lt;DoIsolated&gt;b__0(Object _)

1)    at Microsoft.SqlTools.ServiceLayer.Test.Common.TestConnectionProfileService.GetInstance(String key) in /Users/aasimkhan/src/sqltoolsservice/test/Microsoft.SqlTools.ServiceLayer.Test.Common/TestConnectionProfileService.cs:line 59
   at Microsoft.SqlTools.ServiceLayer.Test.Common.TestConnectionProfileService.GetConnectionParameters(String key, String databaseName) in /Users/aasimkhan/src/sqltoolsservice/test/Microsoft.SqlTools.ServiceLayer.Test.Common/TestConnectionProfileService.cs:line 65
   at Microsoft.SqlTools.ServiceLayer.Test.Common.TestConnectionProfileService.GetConnectionParameters(TestServerType serverType, String databaseName) in /Users/aasimkhan/src/sqltoolsservice/test/Microsoft.SqlTools.ServiceLayer.Test.Common/TestConnectionProfileService.cs:line 75
   at Microsoft.SqlTools.ServiceLayer.IntegrationTests.Utility.LiveConnectionHelper.InitLiveConnectionInfoAsync(String databaseName, String ownerUri, String connectionType, TestServerType serverType) in /Users/aasimkhan/src/sqltoolsservice/test/Microsoft.SqlTools.ServiceLayer.IntegrationTests/Utility/LiveConnectionHelper.cs:line 68
   at System.Runtime.CompilerServices.AsyncMethodBuilderCore.Start[TStateMachine](TStateMachine&amp; stateMachine)
   at Microsoft.SqlTools.ServiceLayer.IntegrationTests.Utility.LiveConnectionHelper.InitLiveConnectionInfoAsync(String databaseName, String ownerUri, String connectionType, TestServerType serverType)
   at Microsoft.SqlTools.ServiceLayer.IntegrationTests.Agent.AgentNotebookTests.TestDeletingUpdatedJob() in /Users/aasimkhan/src/sqltoolsservice/test/Microsoft.SqlTools.ServiceLayer.IntegrationTests/Agent/AgentNotebookTests.cs:line 266
   at System.Runtime.CompilerServices.AsyncMethodBuilderCore.Start[TStateMachine](TStateMachine&amp; stateMachine)
   at Microsoft.SqlTools.ServiceLayer.IntegrationTests.Agent.AgentNotebookTests.TestDeletingUpdatedJob()</failure>
    </testcase>
    <testcase classname="Microsoft.SqlTools.ServiceLayer.IntegrationTests.Agent.AgentNotebookTests" name="TestDuplicateJobCreation" time="0.0013060">
      <failure type="failure" message="  Cannot find any instance for version key: sqlOnPrem&#xA;  Expected: True&#xA;  But was:  False&#xA;">at Microsoft.SqlTools.ServiceLayer.Test.Common.TestConnectionProfileService.GetInstance(String key) in /Users/aasimkhan/src/sqltoolsservice/test/Microsoft.SqlTools.ServiceLayer.Test.Common/TestConnectionProfileService.cs:line 59
   at Microsoft.SqlTools.ServiceLayer.Test.Common.TestConnectionProfileService.GetConnectionParameters(String key, String databaseName) in /Users/aasimkhan/src/sqltoolsservice/test/Microsoft.SqlTools.ServiceLayer.Test.Common/TestConnectionProfileService.cs:line 65
   at Microsoft.SqlTools.ServiceLayer.Test.Common.TestConnectionProfileService.GetConnectionParameters(TestServerType serverType, String databaseName) in /Users/aasimkhan/src/sqltoolsservice/test/Microsoft.SqlTools.ServiceLayer.Test.Common/TestConnectionProfileService.cs:line 75
   at Microsoft.SqlTools.ServiceLayer.IntegrationTests.Utility.LiveConnectionHelper.InitLiveConnectionInfoAsync(String databaseName, String ownerUri, String connectionType, TestServerType serverType) in /Users/aasimkhan/src/sqltoolsservice/test/Microsoft.SqlTools.ServiceLayer.IntegrationTests/Utility/LiveConnectionHelper.cs:line 68
   at Microsoft.SqlTools.ServiceLayer.IntegrationTests.Agent.AgentNotebookTests.TestDuplicateJobCreation() in /Users/aasimkhan/src/sqltoolsservice/test/Microsoft.SqlTools.ServiceLayer.IntegrationTests/Agent/AgentNotebookTests.cs:line 98
   at NUnit.Framework.Internal.TaskAwaitAdapter.GenericAdapter`1.GetResult()
   at NUnit.Framework.Internal.AsyncToSyncAdapter.Await(Func`1 invoke)
   at NUnit.Framework.Internal.Commands.TestMethodCommand.RunTestMethod(TestExecutionContext context)
   at NUnit.Framework.Internal.Commands.TestMethodCommand.Execute(TestExecutionContext context)
   at NUnit.Framework.Internal.Execution.SimpleWorkItem.&lt;&gt;c__DisplayClass4_0.&lt;PerformWork&gt;b__0()
   at NUnit.Framework.Internal.ContextUtils.&lt;&gt;c__DisplayClass1_0`1.&lt;DoIsolated&gt;b__0(Object _)

1)    at Microsoft.SqlTools.ServiceLayer.Test.Common.TestConnectionProfileService.GetInstance(String key) in /Users/aasimkhan/src/sqltoolsservice/test/Microsoft.SqlTools.ServiceLayer.Test.Common/TestConnectionProfileService.cs:line 59
   at Microsoft.SqlTools.ServiceLayer.Test.Common.TestConnectionProfileService.GetConnectionParameters(String key, String databaseName) in /Users/aasimkhan/src/sqltoolsservice/test/Microsoft.SqlTools.ServiceLayer.Test.Common/TestConnectionProfileService.cs:line 65
   at Microsoft.SqlTools.ServiceLayer.Test.Common.TestConnectionProfileService.GetConnectionParameters(TestServerType serverType, String databaseName) in /Users/aasimkhan/src/sqltoolsservice/test/Microsoft.SqlTools.ServiceLayer.Test.Common/TestConnectionProfileService.cs:line 75
   at Microsoft.SqlTools.ServiceLayer.IntegrationTests.Utility.LiveConnectionHelper.InitLiveConnectionInfoAsync(String databaseName, String ownerUri, String connectionType, TestServerType serverType) in /Users/aasimkhan/src/sqltoolsservice/test/Microsoft.SqlTools.ServiceLayer.IntegrationTests/Utility/LiveConnectionHelper.cs:line 68
   at System.Runtime.CompilerServices.AsyncMethodBuilderCore.Start[TStateMachine](TStateMachine&amp; stateMachine)
   at Microsoft.SqlTools.ServiceLayer.IntegrationTests.Utility.LiveConnectionHelper.InitLiveConnectionInfoAsync(String databaseName, String ownerUri, String connectionType, TestServerType serverType)
   at Microsoft.SqlTools.ServiceLayer.IntegrationTests.Agent.AgentNotebookTests.TestDuplicateJobCreation() in /Users/aasimkhan/src/sqltoolsservice/test/Microsoft.SqlTools.ServiceLayer.IntegrationTests/Agent/AgentNotebookTests.cs:line 98
   at System.Runtime.CompilerServices.AsyncMethodBuilderCore.Start[TStateMachine](TStateMachine&amp; stateMachine)
   at Microsoft.SqlTools.ServiceLayer.IntegrationTests.Agent.AgentNotebookTests.TestDuplicateJobCreation()</failure>
    </testcase>
    <testcase classname="Microsoft.SqlTools.ServiceLayer.IntegrationTests.Agent.AgentNotebookTests" name="TestHandleAgentNotebooksRequest" time="0.0015100">
      <failure type="failure" message="  Cannot find any instance for version key: sqlOnPrem&#xA;  Expected: True&#xA;  But was:  False&#xA;">at Microsoft.SqlTools.ServiceLayer.Test.Common.TestConnectionProfileService.GetInstance(String key) in /Users/aasimkhan/src/sqltoolsservice/test/Microsoft.SqlTools.ServiceLayer.Test.Common/TestConnectionProfileService.cs:line 59
   at Microsoft.SqlTools.ServiceLayer.Test.Common.TestConnectionProfileService.GetConnectionParameters(String key, String databaseName) in /Users/aasimkhan/src/sqltoolsservice/test/Microsoft.SqlTools.ServiceLayer.Test.Common/TestConnectionProfileService.cs:line 65
   at Microsoft.SqlTools.ServiceLayer.Test.Common.TestConnectionProfileService.GetConnectionParameters(TestServerType serverType, String databaseName) in /Users/aasimkhan/src/sqltoolsservice/test/Microsoft.SqlTools.ServiceLayer.Test.Common/TestConnectionProfileService.cs:line 75
   at Microsoft.SqlTools.ServiceLayer.IntegrationTests.Utility.LiveConnectionHelper.InitLiveConnectionInfoAsync(String databaseName, String ownerUri, String connectionType, TestServerType serverType) in /Users/aasimkhan/src/sqltoolsservice/test/Microsoft.SqlTools.ServiceLayer.IntegrationTests/Utility/LiveConnectionHelper.cs:line 68
   at Microsoft.SqlTools.ServiceLayer.IntegrationTests.Agent.AgentNotebookTests.TestHandleAgentNotebooksRequest() in /Users/aasimkhan/src/sqltoolsservice/test/Microsoft.SqlTools.ServiceLayer.IntegrationTests/Agent/AgentNotebookTests.cs:line 33
   at NUnit.Framework.Internal.TaskAwaitAdapter.GenericAdapter`1.GetResult()
   at NUnit.Framework.Internal.AsyncToSyncAdapter.Await(Func`1 invoke)
   at NUnit.Framework.Internal.Commands.TestMethodCommand.RunTestMethod(TestExecutionContext context)
   at NUnit.Framework.Internal.Commands.TestMethodCommand.Execute(TestExecutionContext context)
   at NUnit.Framework.Internal.Execution.SimpleWorkItem.&lt;&gt;c__DisplayClass4_0.&lt;PerformWork&gt;b__0()
   at NUnit.Framework.Internal.ContextUtils.&lt;&gt;c__DisplayClass1_0`1.&lt;DoIsolated&gt;b__0(Object _)

1)    at Microsoft.SqlTools.ServiceLayer.Test.Common.TestConnectionProfileService.GetInstance(String key) in /Users/aasimkhan/src/sqltoolsservice/test/Microsoft.SqlTools.ServiceLayer.Test.Common/TestConnectionProfileService.cs:line 59
   at Microsoft.SqlTools.ServiceLayer.Test.Common.TestConnectionProfileService.GetConnectionParameters(String key, String databaseName) in /Users/aasimkhan/src/sqltoolsservice/test/Microsoft.SqlTools.ServiceLayer.Test.Common/TestConnectionProfileService.cs:line 65
   at Microsoft.SqlTools.ServiceLayer.Test.Common.TestConnectionProfileService.GetConnectionParameters(TestServerType serverType, String databaseName) in /Users/aasimkhan/src/sqltoolsservice/test/Microsoft.SqlTools.ServiceLayer.Test.Common/TestConnectionProfileService.cs:line 75
   at Microsoft.SqlTools.ServiceLayer.IntegrationTests.Utility.LiveConnectionHelper.InitLiveConnectionInfoAsync(String databaseName, String ownerUri, String connectionType, TestServerType serverType) in /Users/aasimkhan/src/sqltoolsservice/test/Microsoft.SqlTools.ServiceLayer.IntegrationTests/Utility/LiveConnectionHelper.cs:line 68
   at System.Runtime.CompilerServices.AsyncMethodBuilderCore.Start[TStateMachine](TStateMachine&amp; stateMachine)
   at Microsoft.SqlTools.ServiceLayer.IntegrationTests.Utility.LiveConnectionHelper.InitLiveConnectionInfoAsync(String databaseName, String ownerUri, String connectionType, TestServerType serverType)
   at Microsoft.SqlTools.ServiceLayer.IntegrationTests.Agent.AgentNotebookTests.TestHandleAgentNotebooksRequest() in /Users/aasimkhan/src/sqltoolsservice/test/Microsoft.SqlTools.ServiceLayer.IntegrationTests/Agent/AgentNotebookTests.cs:line 33
   at System.Runtime.CompilerServices.AsyncMethodBuilderCore.Start[TStateMachine](TStateMachine&amp; stateMachine)
   at Microsoft.SqlTools.ServiceLayer.IntegrationTests.Agent.AgentNotebookTests.TestHandleAgentNotebooksRequest()</failure>
    </testcase>
    <testcase classname="Microsoft.SqlTools.ServiceLayer.IntegrationTests.Agent.AgentNotebookTests" name="TestHandleCreateAgentNotebookRequestWithInvalidTemplatePath" time="0.0010730">
      <failure type="failure" message="  Cannot find any instance for version key: sqlOnPrem&#xA;  Expected: True&#xA;  But was:  False&#xA;">at Microsoft.SqlTools.ServiceLayer.Test.Common.TestConnectionProfileService.GetInstance(String key) in /Users/aasimkhan/src/sqltoolsservice/test/Microsoft.SqlTools.ServiceLayer.Test.Common/TestConnectionProfileService.cs:line 59
   at Microsoft.SqlTools.ServiceLayer.Test.Common.TestConnectionProfileService.GetConnectionParameters(String key, String databaseName) in /Users/aasimkhan/src/sqltoolsservice/test/Microsoft.SqlTools.ServiceLayer.Test.Common/TestConnectionProfileService.cs:line 65
   at Microsoft.SqlTools.ServiceLayer.Test.Common.TestConnectionProfileService.GetConnectionParameters(TestServerType serverType, String databaseName) in /Users/aasimkhan/src/sqltoolsservice/test/Microsoft.SqlTools.ServiceLayer.Test.Common/TestConnectionProfileService.cs:line 75
   at Microsoft.SqlTools.ServiceLayer.IntegrationTests.Utility.LiveConnectionHelper.InitLiveConnectionInfoAsync(String databaseName, String ownerUri, String connectionType, TestServerType serverType) in /Users/aasimkhan/src/sqltoolsservice/test/Microsoft.SqlTools.ServiceLayer.IntegrationTests/Utility/LiveConnectionHelper.cs:line 68
   at Microsoft.SqlTools.ServiceLayer.IntegrationTests.Agent.AgentNotebookTests.TestHandleCreateAgentNotebookRequestWithInvalidTemplatePath() in /Users/aasimkhan/src/sqltoolsservice/test/Microsoft.SqlTools.ServiceLayer.IntegrationTests/Agent/AgentNotebookTests.cs:line 73
   at NUnit.Framework.Internal.TaskAwaitAdapter.GenericAdapter`1.GetResult()
   at NUnit.Framework.Internal.AsyncToSyncAdapter.Await(Func`1 invoke)
   at NUnit.Framework.Internal.Commands.TestMethodCommand.RunTestMethod(TestExecutionContext context)
   at NUnit.Framework.Internal.Commands.TestMethodCommand.Execute(TestExecutionContext context)
   at NUnit.Framework.Internal.Execution.SimpleWorkItem.&lt;&gt;c__DisplayClass4_0.&lt;PerformWork&gt;b__0()
   at NUnit.Framework.Internal.ContextUtils.&lt;&gt;c__DisplayClass1_0`1.&lt;DoIsolated&gt;b__0(Object _)

1)    at Microsoft.SqlTools.ServiceLayer.Test.Common.TestConnectionProfileService.GetInstance(String key) in /Users/aasimkhan/src/sqltoolsservice/test/Microsoft.SqlTools.ServiceLayer.Test.Common/TestConnectionProfileService.cs:line 59
   at Microsoft.SqlTools.ServiceLayer.Test.Common.TestConnectionProfileService.GetConnectionParameters(String key, String databaseName) in /Users/aasimkhan/src/sqltoolsservice/test/Microsoft.SqlTools.ServiceLayer.Test.Common/TestConnectionProfileService.cs:line 65
   at Microsoft.SqlTools.ServiceLayer.Test.Common.TestConnectionProfileService.GetConnectionParameters(TestServerType serverType, String databaseName) in /Users/aasimkhan/src/sqltoolsservice/test/Microsoft.SqlTools.ServiceLayer.Test.Common/TestConnectionProfileService.cs:line 75
   at Microsoft.SqlTools.ServiceLayer.IntegrationTests.Utility.LiveConnectionHelper.InitLiveConnectionInfoAsync(String databaseName, String ownerUri, String connectionType, TestServerType serverType) in /Users/aasimkhan/src/sqltoolsservice/test/Microsoft.SqlTools.ServiceLayer.IntegrationTests/Utility/LiveConnectionHelper.cs:line 68
   at System.Runtime.CompilerServices.AsyncMethodBuilderCore.Start[TStateMachine](TStateMachine&amp; stateMachine)
   at Microsoft.SqlTools.ServiceLayer.IntegrationTests.Utility.LiveConnectionHelper.InitLiveConnectionInfoAsync(String databaseName, String ownerUri, String connectionType, TestServerType serverType)
   at Microsoft.SqlTools.ServiceLayer.IntegrationTests.Agent.AgentNotebookTests.TestHandleCreateAgentNotebookRequestWithInvalidTemplatePath() in /Users/aasimkhan/src/sqltoolsservice/test/Microsoft.SqlTools.ServiceLayer.IntegrationTests/Agent/AgentNotebookTests.cs:line 73
   at System.Runtime.CompilerServices.AsyncMethodBuilderCore.Start[TStateMachine](TStateMachine&amp; stateMachine)
   at Microsoft.SqlTools.ServiceLayer.IntegrationTests.Agent.AgentNotebookTests.TestHandleCreateAgentNotebookRequestWithInvalidTemplatePath()</failure>
    </testcase>
    <testcase classname="Microsoft.SqlTools.ServiceLayer.IntegrationTests.Agent.AgentNotebookTests" name="TestUpdateNonExistentJob" time="0.0010440">
      <failure type="failure" message="  Cannot find any instance for version key: sqlOnPrem&#xA;  Expected: True&#xA;  But was:  False&#xA;">at Microsoft.SqlTools.ServiceLayer.Test.Common.TestConnectionProfileService.GetInstance(String key) in /Users/aasimkhan/src/sqltoolsservice/test/Microsoft.SqlTools.ServiceLayer.Test.Common/TestConnectionProfileService.cs:line 59
   at Microsoft.SqlTools.ServiceLayer.Test.Common.TestConnectionProfileService.GetConnectionParameters(String key, String databaseName) in /Users/aasimkhan/src/sqltoolsservice/test/Microsoft.SqlTools.ServiceLayer.Test.Common/TestConnectionProfileService.cs:line 65
   at Microsoft.SqlTools.ServiceLayer.Test.Common.TestConnectionProfileService.GetConnectionParameters(TestServerType serverType, String databaseName) in /Users/aasimkhan/src/sqltoolsservice/test/Microsoft.SqlTools.ServiceLayer.Test.Common/TestConnectionProfileService.cs:line 75
   at Microsoft.SqlTools.ServiceLayer.IntegrationTests.Utility.LiveConnectionHelper.InitLiveConnectionInfoAsync(String databaseName, String ownerUri, String connectionType, TestServerType serverType) in /Users/aasimkhan/src/sqltoolsservice/test/Microsoft.SqlTools.ServiceLayer.IntegrationTests/Utility/LiveConnectionHelper.cs:line 68
   at Microsoft.SqlTools.ServiceLayer.IntegrationTests.Agent.AgentNotebookTests.TestUpdateNonExistentJob() in /Users/aasimkhan/src/sqltoolsservice/test/Microsoft.SqlTools.ServiceLayer.IntegrationTests/Agent/AgentNotebookTests.cs:line 209
   at NUnit.Framework.Internal.TaskAwaitAdapter.GenericAdapter`1.GetResult()
   at NUnit.Framework.Internal.AsyncToSyncAdapter.Await(Func`1 invoke)
   at NUnit.Framework.Internal.Commands.TestMethodCommand.RunTestMethod(TestExecutionContext context)
   at NUnit.Framework.Internal.Commands.TestMethodCommand.Execute(TestExecutionContext context)
   at NUnit.Framework.Internal.Execution.SimpleWorkItem.&lt;&gt;c__DisplayClass4_0.&lt;PerformWork&gt;b__0()
   at NUnit.Framework.Internal.ContextUtils.&lt;&gt;c__DisplayClass1_0`1.&lt;DoIsolated&gt;b__0(Object _)

1)    at Microsoft.SqlTools.ServiceLayer.Test.Common.TestConnectionProfileService.GetInstance(String key) in /Users/aasimkhan/src/sqltoolsservice/test/Microsoft.SqlTools.ServiceLayer.Test.Common/TestConnectionProfileService.cs:line 59
   at Microsoft.SqlTools.ServiceLayer.Test.Common.TestConnectionProfileService.GetConnectionParameters(String key, String databaseName) in /Users/aasimkhan/src/sqltoolsservice/test/Microsoft.SqlTools.ServiceLayer.Test.Common/TestConnectionProfileService.cs:line 65
   at Microsoft.SqlTools.ServiceLayer.Test.Common.TestConnectionProfileService.GetConnectionParameters(TestServerType serverType, String databaseName) in /Users/aasimkhan/src/sqltoolsservice/test/Microsoft.SqlTools.ServiceLayer.Test.Common/TestConnectionProfileService.cs:line 75
   at Microsoft.SqlTools.ServiceLayer.IntegrationTests.Utility.LiveConnectionHelper.InitLiveConnectionInfoAsync(String databaseName, String ownerUri, String connectionType, TestServerType serverType) in /Users/aasimkhan/src/sqltoolsservice/test/Microsoft.SqlTools.ServiceLayer.IntegrationTests/Utility/LiveConnectionHelper.cs:line 68
   at System.Runtime.CompilerServices.AsyncMethodBuilderCore.Start[TStateMachine](TStateMachine&amp; stateMachine)
   at Microsoft.SqlTools.ServiceLayer.IntegrationTests.Utility.LiveConnectionHelper.InitLiveConnectionInfoAsync(String databaseName, String ownerUri, String connectionType, TestServerType serverType)
   at Microsoft.SqlTools.ServiceLayer.IntegrationTests.Agent.AgentNotebookTests.TestUpdateNonExistentJob() in /Users/aasimkhan/src/sqltoolsservice/test/Microsoft.SqlTools.ServiceLayer.IntegrationTests/Agent/AgentNotebookTests.cs:line 209
   at System.Runtime.CompilerServices.AsyncMethodBuilderCore.Start[TStateMachine](TStateMachine&amp; stateMachine)
   at Microsoft.SqlTools.ServiceLayer.IntegrationTests.Agent.AgentNotebookTests.TestUpdateNonExistentJob()</failure>
    </testcase>
    <testcase classname="Microsoft.SqlTools.ServiceLayer.IntegrationTests.Agent.AgentNotebookTests" name="TestUpdateWithGarbagePath" time="0.0011060">
      <failure type="failure" message="  Cannot find any instance for version key: sqlOnPrem&#xA;  Expected: True&#xA;  But was:  False&#xA;">at Microsoft.SqlTools.ServiceLayer.Test.Common.TestConnectionProfileService.GetInstance(String key) in /Users/aasimkhan/src/sqltoolsservice/test/Microsoft.SqlTools.ServiceLayer.Test.Common/TestConnectionProfileService.cs:line 59
   at Microsoft.SqlTools.ServiceLayer.Test.Common.TestConnectionProfileService.GetConnectionParameters(String key, String databaseName) in /Users/aasimkhan/src/sqltoolsservice/test/Microsoft.SqlTools.ServiceLayer.Test.Common/TestConnectionProfileService.cs:line 65
   at Microsoft.SqlTools.ServiceLayer.Test.Common.TestConnectionProfileService.GetConnectionParameters(TestServerType serverType, String databaseName) in /Users/aasimkhan/src/sqltoolsservice/test/Microsoft.SqlTools.ServiceLayer.Test.Common/TestConnectionProfileService.cs:line 75
   at Microsoft.SqlTools.ServiceLayer.IntegrationTests.Utility.LiveConnectionHelper.InitLiveConnectionInfoAsync(String databaseName, String ownerUri, String connectionType, TestServerType serverType) in /Users/aasimkhan/src/sqltoolsservice/test/Microsoft.SqlTools.ServiceLayer.IntegrationTests/Utility/LiveConnectionHelper.cs:line 68
   at Microsoft.SqlTools.ServiceLayer.IntegrationTests.Agent.AgentNotebookTests.TestUpdateWithGarbagePath() in /Users/aasimkhan/src/sqltoolsservice/test/Microsoft.SqlTools.ServiceLayer.IntegrationTests/Agent/AgentNotebookTests.cs:line 235
   at NUnit.Framework.Internal.TaskAwaitAdapter.GenericAdapter`1.GetResult()
   at NUnit.Framework.Internal.AsyncToSyncAdapter.Await(Func`1 invoke)
   at NUnit.Framework.Internal.Commands.TestMethodCommand.RunTestMethod(TestExecutionContext context)
   at NUnit.Framework.Internal.Commands.TestMethodCommand.Execute(TestExecutionContext context)
   at NUnit.Framework.Internal.Execution.SimpleWorkItem.&lt;&gt;c__DisplayClass4_0.&lt;PerformWork&gt;b__0()
   at NUnit.Framework.Internal.ContextUtils.&lt;&gt;c__DisplayClass1_0`1.&lt;DoIsolated&gt;b__0(Object _)

1)    at Microsoft.SqlTools.ServiceLayer.Test.Common.TestConnectionProfileService.GetInstance(String key) in /Users/aasimkhan/src/sqltoolsservice/test/Microsoft.SqlTools.ServiceLayer.Test.Common/TestConnectionProfileService.cs:line 59
   at Microsoft.SqlTools.ServiceLayer.Test.Common.TestConnectionProfileService.GetConnectionParameters(String key, String databaseName) in /Users/aasimkhan/src/sqltoolsservice/test/Microsoft.SqlTools.ServiceLayer.Test.Common/TestConnectionProfileService.cs:line 65
   at Microsoft.SqlTools.ServiceLayer.Test.Common.TestConnectionProfileService.GetConnectionParameters(TestServerType serverType, String databaseName) in /Users/aasimkhan/src/sqltoolsservice/test/Microsoft.SqlTools.ServiceLayer.Test.Common/TestConnectionProfileService.cs:line 75
   at Microsoft.SqlTools.ServiceLayer.IntegrationTests.Utility.LiveConnectionHelper.InitLiveConnectionInfoAsync(String databaseName, String ownerUri, String connectionType, TestServerType serverType) in /Users/aasimkhan/src/sqltoolsservice/test/Microsoft.SqlTools.ServiceLayer.IntegrationTests/Utility/LiveConnectionHelper.cs:line 68
   at System.Runtime.CompilerServices.AsyncMethodBuilderCore.Start[TStateMachine](TStateMachine&amp; stateMachine)
   at Microsoft.SqlTools.ServiceLayer.IntegrationTests.Utility.LiveConnectionHelper.InitLiveConnectionInfoAsync(String databaseName, String ownerUri, String connectionType, TestServerType serverType)
   at Microsoft.SqlTools.ServiceLayer.IntegrationTests.Agent.AgentNotebookTests.TestUpdateWithGarbagePath() in /Users/aasimkhan/src/sqltoolsservice/test/Microsoft.SqlTools.ServiceLayer.IntegrationTests/Agent/AgentNotebookTests.cs:line 235
   at System.Runtime.CompilerServices.AsyncMethodBuilderCore.Start[TStateMachine](TStateMachine&amp; stateMachine)
   at Microsoft.SqlTools.ServiceLayer.IntegrationTests.Agent.AgentNotebookTests.TestUpdateWithGarbagePath()</failure>
    </testcase>
    <testcase classname="Microsoft.SqlTools.ServiceLayer.IntegrationTests.Agent.AgentOperatorTests" name="TestHandleAgentOperatorsRequest" time="0.0008550">
      <failure type="failure" message="  Cannot find any instance for version key: sqlOnPrem&#xA;  Expected: True&#xA;  But was:  False&#xA;">at Microsoft.SqlTools.ServiceLayer.Test.Common.TestConnectionProfileService.GetInstance(String key) in /Users/aasimkhan/src/sqltoolsservice/test/Microsoft.SqlTools.ServiceLayer.Test.Common/TestConnectionProfileService.cs:line 59
   at Microsoft.SqlTools.ServiceLayer.Test.Common.TestConnectionProfileService.GetConnectionParameters(String key, String databaseName) in /Users/aasimkhan/src/sqltoolsservice/test/Microsoft.SqlTools.ServiceLayer.Test.Common/TestConnectionProfileService.cs:line 65
   at Microsoft.SqlTools.ServiceLayer.Test.Common.TestConnectionProfileService.GetConnectionParameters(TestServerType serverType, String databaseName) in /Users/aasimkhan/src/sqltoolsservice/test/Microsoft.SqlTools.ServiceLayer.Test.Common/TestConnectionProfileService.cs:line 75
   at Microsoft.SqlTools.ServiceLayer.IntegrationTests.Utility.LiveConnectionHelper.InitLiveConnectionInfoAsync(String databaseName, String ownerUri, String connectionType, TestServerType serverType) in /Users/aasimkhan/src/sqltoolsservice/test/Microsoft.SqlTools.ServiceLayer.IntegrationTests/Utility/LiveConnectionHelper.cs:line 68
   at Microsoft.SqlTools.ServiceLayer.IntegrationTests.Agent.AgentOperatorTests.TestHandleAgentOperatorsRequest() in /Users/aasimkhan/src/sqltoolsservice/test/Microsoft.SqlTools.ServiceLayer.IntegrationTests/Agent/AgentOperatorTests.cs:line 29
   at NUnit.Framework.Internal.TaskAwaitAdapter.GenericAdapter`1.GetResult()
   at NUnit.Framework.Internal.AsyncToSyncAdapter.Await(Func`1 invoke)
   at NUnit.Framework.Internal.Commands.TestMethodCommand.RunTestMethod(TestExecutionContext context)
   at NUnit.Framework.Internal.Commands.TestMethodCommand.Execute(TestExecutionContext context)
   at NUnit.Framework.Internal.Execution.SimpleWorkItem.&lt;&gt;c__DisplayClass4_0.&lt;PerformWork&gt;b__0()
   at NUnit.Framework.Internal.ContextUtils.&lt;&gt;c__DisplayClass1_0`1.&lt;DoIsolated&gt;b__0(Object _)

1)    at Microsoft.SqlTools.ServiceLayer.Test.Common.TestConnectionProfileService.GetInstance(String key) in /Users/aasimkhan/src/sqltoolsservice/test/Microsoft.SqlTools.ServiceLayer.Test.Common/TestConnectionProfileService.cs:line 59
   at Microsoft.SqlTools.ServiceLayer.Test.Common.TestConnectionProfileService.GetConnectionParameters(String key, String databaseName) in /Users/aasimkhan/src/sqltoolsservice/test/Microsoft.SqlTools.ServiceLayer.Test.Common/TestConnectionProfileService.cs:line 65
   at Microsoft.SqlTools.ServiceLayer.Test.Common.TestConnectionProfileService.GetConnectionParameters(TestServerType serverType, String databaseName) in /Users/aasimkhan/src/sqltoolsservice/test/Microsoft.SqlTools.ServiceLayer.Test.Common/TestConnectionProfileService.cs:line 75
   at Microsoft.SqlTools.ServiceLayer.IntegrationTests.Utility.LiveConnectionHelper.InitLiveConnectionInfoAsync(String databaseName, String ownerUri, String connectionType, TestServerType serverType) in /Users/aasimkhan/src/sqltoolsservice/test/Microsoft.SqlTools.ServiceLayer.IntegrationTests/Utility/LiveConnectionHelper.cs:line 68
   at System.Runtime.CompilerServices.AsyncMethodBuilderCore.Start[TStateMachine](TStateMachine&amp; stateMachine)
   at Microsoft.SqlTools.ServiceLayer.IntegrationTests.Utility.LiveConnectionHelper.InitLiveConnectionInfoAsync(String databaseName, String ownerUri, String connectionType, TestServerType serverType)
   at Microsoft.SqlTools.ServiceLayer.IntegrationTests.Agent.AgentOperatorTests.TestHandleAgentOperatorsRequest() in /Users/aasimkhan/src/sqltoolsservice/test/Microsoft.SqlTools.ServiceLayer.IntegrationTests/Agent/AgentOperatorTests.cs:line 29
   at System.Runtime.CompilerServices.AsyncMethodBuilderCore.Start[TStateMachine](TStateMachine&amp; stateMachine)
   at Microsoft.SqlTools.ServiceLayer.IntegrationTests.Agent.AgentOperatorTests.TestHandleAgentOperatorsRequest()</failure>
    </testcase>
    <testcase classname="Microsoft.SqlTools.ServiceLayer.IntegrationTests.Agent.AgentOperatorTests" name="TestHandleCreateAgentOperatorRequest" time="0.0010030">
      <failure type="failure" message="  Cannot find any instance for version key: sqlOnPrem&#xA;  Expected: True&#xA;  But was:  False&#xA;">at Microsoft.SqlTools.ServiceLayer.Test.Common.TestConnectionProfileService.GetInstance(String key) in /Users/aasimkhan/src/sqltoolsservice/test/Microsoft.SqlTools.ServiceLayer.Test.Common/TestConnectionProfileService.cs:line 59
   at Microsoft.SqlTools.ServiceLayer.Test.Common.TestConnectionProfileService.GetConnectionParameters(String key, String databaseName) in /Users/aasimkhan/src/sqltoolsservice/test/Microsoft.SqlTools.ServiceLayer.Test.Common/TestConnectionProfileService.cs:line 65
   at Microsoft.SqlTools.ServiceLayer.Test.Common.TestConnectionProfileService.GetConnectionParameters(TestServerType serverType, String databaseName) in /Users/aasimkhan/src/sqltoolsservice/test/Microsoft.SqlTools.ServiceLayer.Test.Common/TestConnectionProfileService.cs:line 75
   at Microsoft.SqlTools.ServiceLayer.IntegrationTests.Utility.LiveConnectionHelper.InitLiveConnectionInfoAsync(String databaseName, String ownerUri, String connectionType, TestServerType serverType) in /Users/aasimkhan/src/sqltoolsservice/test/Microsoft.SqlTools.ServiceLayer.IntegrationTests/Utility/LiveConnectionHelper.cs:line 68
   at Microsoft.SqlTools.ServiceLayer.IntegrationTests.Agent.AgentOperatorTests.TestHandleCreateAgentOperatorRequest() in /Users/aasimkhan/src/sqltoolsservice/test/Microsoft.SqlTools.ServiceLayer.IntegrationTests/Agent/AgentOperatorTests.cs:line 54
   at NUnit.Framework.Internal.TaskAwaitAdapter.GenericAdapter`1.GetResult()
   at NUnit.Framework.Internal.AsyncToSyncAdapter.Await(Func`1 invoke)
   at NUnit.Framework.Internal.Commands.TestMethodCommand.RunTestMethod(TestExecutionContext context)
   at NUnit.Framework.Internal.Commands.TestMethodCommand.Execute(TestExecutionContext context)
   at NUnit.Framework.Internal.Execution.SimpleWorkItem.&lt;&gt;c__DisplayClass4_0.&lt;PerformWork&gt;b__0()
   at NUnit.Framework.Internal.ContextUtils.&lt;&gt;c__DisplayClass1_0`1.&lt;DoIsolated&gt;b__0(Object _)

1)    at Microsoft.SqlTools.ServiceLayer.Test.Common.TestConnectionProfileService.GetInstance(String key) in /Users/aasimkhan/src/sqltoolsservice/test/Microsoft.SqlTools.ServiceLayer.Test.Common/TestConnectionProfileService.cs:line 59
   at Microsoft.SqlTools.ServiceLayer.Test.Common.TestConnectionProfileService.GetConnectionParameters(String key, String databaseName) in /Users/aasimkhan/src/sqltoolsservice/test/Microsoft.SqlTools.ServiceLayer.Test.Common/TestConnectionProfileService.cs:line 65
   at Microsoft.SqlTools.ServiceLayer.Test.Common.TestConnectionProfileService.GetConnectionParameters(TestServerType serverType, String databaseName) in /Users/aasimkhan/src/sqltoolsservice/test/Microsoft.SqlTools.ServiceLayer.Test.Common/TestConnectionProfileService.cs:line 75
   at Microsoft.SqlTools.ServiceLayer.IntegrationTests.Utility.LiveConnectionHelper.InitLiveConnectionInfoAsync(String databaseName, String ownerUri, String connectionType, TestServerType serverType) in /Users/aasimkhan/src/sqltoolsservice/test/Microsoft.SqlTools.ServiceLayer.IntegrationTests/Utility/LiveConnectionHelper.cs:line 68
   at System.Runtime.CompilerServices.AsyncMethodBuilderCore.Start[TStateMachine](TStateMachine&amp; stateMachine)
   at Microsoft.SqlTools.ServiceLayer.IntegrationTests.Utility.LiveConnectionHelper.InitLiveConnectionInfoAsync(String databaseName, String ownerUri, String connectionType, TestServerType serverType)
   at Microsoft.SqlTools.ServiceLayer.IntegrationTests.Agent.AgentOperatorTests.TestHandleCreateAgentOperatorRequest() in /Users/aasimkhan/src/sqltoolsservice/test/Microsoft.SqlTools.ServiceLayer.IntegrationTests/Agent/AgentOperatorTests.cs:line 54
   at System.Runtime.CompilerServices.AsyncMethodBuilderCore.Start[TStateMachine](TStateMachine&amp; stateMachine)
   at Microsoft.SqlTools.ServiceLayer.IntegrationTests.Agent.AgentOperatorTests.TestHandleCreateAgentOperatorRequest()</failure>
    </testcase>
    <testcase classname="Microsoft.SqlTools.ServiceLayer.IntegrationTests.Agent.AgentOperatorTests" name="TestHandleDeleteAgentOperatorRequest" time="0.0023090">
      <failure type="failure" message="  Cannot find any instance for version key: sqlOnPrem&#xA;  Expected: True&#xA;  But was:  False&#xA;">at Microsoft.SqlTools.ServiceLayer.Test.Common.TestConnectionProfileService.GetInstance(String key) in /Users/aasimkhan/src/sqltoolsservice/test/Microsoft.SqlTools.ServiceLayer.Test.Common/TestConnectionProfileService.cs:line 59
   at Microsoft.SqlTools.ServiceLayer.Test.Common.TestConnectionProfileService.GetConnectionParameters(String key, String databaseName) in /Users/aasimkhan/src/sqltoolsservice/test/Microsoft.SqlTools.ServiceLayer.Test.Common/TestConnectionProfileService.cs:line 65
   at Microsoft.SqlTools.ServiceLayer.Test.Common.TestConnectionProfileService.GetConnectionParameters(TestServerType serverType, String databaseName) in /Users/aasimkhan/src/sqltoolsservice/test/Microsoft.SqlTools.ServiceLayer.Test.Common/TestConnectionProfileService.cs:line 75
   at Microsoft.SqlTools.ServiceLayer.IntegrationTests.Utility.LiveConnectionHelper.InitLiveConnectionInfoAsync(String databaseName, String ownerUri, String connectionType, TestServerType serverType) in /Users/aasimkhan/src/sqltoolsservice/test/Microsoft.SqlTools.ServiceLayer.IntegrationTests/Utility/LiveConnectionHelper.cs:line 68
   at Microsoft.SqlTools.ServiceLayer.IntegrationTests.Agent.AgentOperatorTests.TestHandleDeleteAgentOperatorRequest() in /Users/aasimkhan/src/sqltoolsservice/test/Microsoft.SqlTools.ServiceLayer.IntegrationTests/Agent/AgentOperatorTests.cs:line 100
   at NUnit.Framework.Internal.TaskAwaitAdapter.GenericAdapter`1.GetResult()
   at NUnit.Framework.Internal.AsyncToSyncAdapter.Await(Func`1 invoke)
   at NUnit.Framework.Internal.Commands.TestMethodCommand.RunTestMethod(TestExecutionContext context)
   at NUnit.Framework.Internal.Commands.TestMethodCommand.Execute(TestExecutionContext context)
   at NUnit.Framework.Internal.Execution.SimpleWorkItem.&lt;&gt;c__DisplayClass4_0.&lt;PerformWork&gt;b__0()
   at NUnit.Framework.Internal.ContextUtils.&lt;&gt;c__DisplayClass1_0`1.&lt;DoIsolated&gt;b__0(Object _)

1)    at Microsoft.SqlTools.ServiceLayer.Test.Common.TestConnectionProfileService.GetInstance(String key) in /Users/aasimkhan/src/sqltoolsservice/test/Microsoft.SqlTools.ServiceLayer.Test.Common/TestConnectionProfileService.cs:line 59
   at Microsoft.SqlTools.ServiceLayer.Test.Common.TestConnectionProfileService.GetConnectionParameters(String key, String databaseName) in /Users/aasimkhan/src/sqltoolsservice/test/Microsoft.SqlTools.ServiceLayer.Test.Common/TestConnectionProfileService.cs:line 65
   at Microsoft.SqlTools.ServiceLayer.Test.Common.TestConnectionProfileService.GetConnectionParameters(TestServerType serverType, String databaseName) in /Users/aasimkhan/src/sqltoolsservice/test/Microsoft.SqlTools.ServiceLayer.Test.Common/TestConnectionProfileService.cs:line 75
   at Microsoft.SqlTools.ServiceLayer.IntegrationTests.Utility.LiveConnectionHelper.InitLiveConnectionInfoAsync(String databaseName, String ownerUri, String connectionType, TestServerType serverType) in /Users/aasimkhan/src/sqltoolsservice/test/Microsoft.SqlTools.ServiceLayer.IntegrationTests/Utility/LiveConnectionHelper.cs:line 68
   at System.Runtime.CompilerServices.AsyncMethodBuilderCore.Start[TStateMachine](TStateMachine&amp; stateMachine)
   at Microsoft.SqlTools.ServiceLayer.IntegrationTests.Utility.LiveConnectionHelper.InitLiveConnectionInfoAsync(String databaseName, String ownerUri, String connectionType, TestServerType serverType)
   at Microsoft.SqlTools.ServiceLayer.IntegrationTests.Agent.AgentOperatorTests.TestHandleDeleteAgentOperatorRequest() in /Users/aasimkhan/src/sqltoolsservice/test/Microsoft.SqlTools.ServiceLayer.IntegrationTests/Agent/AgentOperatorTests.cs:line 100
   at System.Runtime.CompilerServices.AsyncMethodBuilderCore.Start[TStateMachine](TStateMachine&amp; stateMachine)
   at Microsoft.SqlTools.ServiceLayer.IntegrationTests.Agent.AgentOperatorTests.TestHandleDeleteAgentOperatorRequest()</failure>
    </testcase>
    <testcase classname="Microsoft.SqlTools.ServiceLayer.IntegrationTests.Agent.AgentOperatorTests" name="TestHandleUpdateAgentOperatorRequest" time="0.0009380">
      <failure type="failure" message="  Cannot find any instance for version key: sqlOnPrem&#xA;  Expected: True&#xA;  But was:  False&#xA;">at Microsoft.SqlTools.ServiceLayer.Test.Common.TestConnectionProfileService.GetInstance(String key) in /Users/aasimkhan/src/sqltoolsservice/test/Microsoft.SqlTools.ServiceLayer.Test.Common/TestConnectionProfileService.cs:line 59
   at Microsoft.SqlTools.ServiceLayer.Test.Common.TestConnectionProfileService.GetConnectionParameters(String key, String databaseName) in /Users/aasimkhan/src/sqltoolsservice/test/Microsoft.SqlTools.ServiceLayer.Test.Common/TestConnectionProfileService.cs:line 65
   at Microsoft.SqlTools.ServiceLayer.Test.Common.TestConnectionProfileService.GetConnectionParameters(TestServerType serverType, String databaseName) in /Users/aasimkhan/src/sqltoolsservice/test/Microsoft.SqlTools.ServiceLayer.Test.Common/TestConnectionProfileService.cs:line 75
   at Microsoft.SqlTools.ServiceLayer.IntegrationTests.Utility.LiveConnectionHelper.InitLiveConnectionInfoAsync(String databaseName, String ownerUri, String connectionType, TestServerType serverType) in /Users/aasimkhan/src/sqltoolsservice/test/Microsoft.SqlTools.ServiceLayer.IntegrationTests/Utility/LiveConnectionHelper.cs:line 68
   at Microsoft.SqlTools.ServiceLayer.IntegrationTests.Agent.AgentOperatorTests.TestHandleUpdateAgentOperatorRequest() in /Users/aasimkhan/src/sqltoolsservice/test/Microsoft.SqlTools.ServiceLayer.IntegrationTests/Agent/AgentOperatorTests.cs:line 76
   at NUnit.Framework.Internal.TaskAwaitAdapter.GenericAdapter`1.GetResult()
   at NUnit.Framework.Internal.AsyncToSyncAdapter.Await(Func`1 invoke)
   at NUnit.Framework.Internal.Commands.TestMethodCommand.RunTestMethod(TestExecutionContext context)
   at NUnit.Framework.Internal.Commands.TestMethodCommand.Execute(TestExecutionContext context)
   at NUnit.Framework.Internal.Execution.SimpleWorkItem.&lt;&gt;c__DisplayClass4_0.&lt;PerformWork&gt;b__0()
   at NUnit.Framework.Internal.ContextUtils.&lt;&gt;c__DisplayClass1_0`1.&lt;DoIsolated&gt;b__0(Object _)

1)    at Microsoft.SqlTools.ServiceLayer.Test.Common.TestConnectionProfileService.GetInstance(String key) in /Users/aasimkhan/src/sqltoolsservice/test/Microsoft.SqlTools.ServiceLayer.Test.Common/TestConnectionProfileService.cs:line 59
   at Microsoft.SqlTools.ServiceLayer.Test.Common.TestConnectionProfileService.GetConnectionParameters(String key, String databaseName) in /Users/aasimkhan/src/sqltoolsservice/test/Microsoft.SqlTools.ServiceLayer.Test.Common/TestConnectionProfileService.cs:line 65
   at Microsoft.SqlTools.ServiceLayer.Test.Common.TestConnectionProfileService.GetConnectionParameters(TestServerType serverType, String databaseName) in /Users/aasimkhan/src/sqltoolsservice/test/Microsoft.SqlTools.ServiceLayer.Test.Common/TestConnectionProfileService.cs:line 75
   at Microsoft.SqlTools.ServiceLayer.IntegrationTests.Utility.LiveConnectionHelper.InitLiveConnectionInfoAsync(String databaseName, String ownerUri, String connectionType, TestServerType serverType) in /Users/aasimkhan/src/sqltoolsservice/test/Microsoft.SqlTools.ServiceLayer.IntegrationTests/Utility/LiveConnectionHelper.cs:line 68
   at System.Runtime.CompilerServices.AsyncMethodBuilderCore.Start[TStateMachine](TStateMachine&amp; stateMachine)
   at Microsoft.SqlTools.ServiceLayer.IntegrationTests.Utility.LiveConnectionHelper.InitLiveConnectionInfoAsync(String databaseName, String ownerUri, String connectionType, TestServerType serverType)
   at Microsoft.SqlTools.ServiceLayer.IntegrationTests.Agent.AgentOperatorTests.TestHandleUpdateAgentOperatorRequest() in /Users/aasimkhan/src/sqltoolsservice/test/Microsoft.SqlTools.ServiceLayer.IntegrationTests/Agent/AgentOperatorTests.cs:line 76
   at System.Runtime.CompilerServices.AsyncMethodBuilderCore.Start[TStateMachine](TStateMachine&amp; stateMachine)
   at Microsoft.SqlTools.ServiceLayer.IntegrationTests.Agent.AgentOperatorTests.TestHandleUpdateAgentOperatorRequest()</failure>
    </testcase>
    <testcase classname="Microsoft.SqlTools.ServiceLayer.IntegrationTests.Agent.AgentProxyTests" name="TestHandleAgentProxiesRequest" time="0.0010709">
      <failure type="failure" message="  Cannot find any instance for version key: sqlOnPrem&#xA;  Expected: True&#xA;  But was:  False&#xA;">at Microsoft.SqlTools.ServiceLayer.Test.Common.TestConnectionProfileService.GetInstance(String key) in /Users/aasimkhan/src/sqltoolsservice/test/Microsoft.SqlTools.ServiceLayer.Test.Common/TestConnectionProfileService.cs:line 59
   at Microsoft.SqlTools.ServiceLayer.Test.Common.TestConnectionProfileService.GetConnectionParameters(String key, String databaseName) in /Users/aasimkhan/src/sqltoolsservice/test/Microsoft.SqlTools.ServiceLayer.Test.Common/TestConnectionProfileService.cs:line 65
   at Microsoft.SqlTools.ServiceLayer.Test.Common.TestConnectionProfileService.GetConnectionParameters(TestServerType serverType, String databaseName) in /Users/aasimkhan/src/sqltoolsservice/test/Microsoft.SqlTools.ServiceLayer.Test.Common/TestConnectionProfileService.cs:line 75
   at Microsoft.SqlTools.ServiceLayer.IntegrationTests.Utility.LiveConnectionHelper.InitLiveConnectionInfoAsync(String databaseName, String ownerUri, String connectionType, TestServerType serverType) in /Users/aasimkhan/src/sqltoolsservice/test/Microsoft.SqlTools.ServiceLayer.IntegrationTests/Utility/LiveConnectionHelper.cs:line 68
   at Microsoft.SqlTools.ServiceLayer.IntegrationTests.Agent.AgentProxyTests.TestHandleAgentProxiesRequest() in /Users/aasimkhan/src/sqltoolsservice/test/Microsoft.SqlTools.ServiceLayer.IntegrationTests/Agent/AgentProxyTests.cs:line 30
   at NUnit.Framework.Internal.TaskAwaitAdapter.GenericAdapter`1.GetResult()
   at NUnit.Framework.Internal.AsyncToSyncAdapter.Await(Func`1 invoke)
   at NUnit.Framework.Internal.Commands.TestMethodCommand.RunTestMethod(TestExecutionContext context)
   at NUnit.Framework.Internal.Commands.TestMethodCommand.Execute(TestExecutionContext context)
   at NUnit.Framework.Internal.Execution.SimpleWorkItem.&lt;&gt;c__DisplayClass4_0.&lt;PerformWork&gt;b__0()
   at NUnit.Framework.Internal.ContextUtils.&lt;&gt;c__DisplayClass1_0`1.&lt;DoIsolated&gt;b__0(Object _)

1)    at Microsoft.SqlTools.ServiceLayer.Test.Common.TestConnectionProfileService.GetInstance(String key) in /Users/aasimkhan/src/sqltoolsservice/test/Microsoft.SqlTools.ServiceLayer.Test.Common/TestConnectionProfileService.cs:line 59
   at Microsoft.SqlTools.ServiceLayer.Test.Common.TestConnectionProfileService.GetConnectionParameters(String key, String databaseName) in /Users/aasimkhan/src/sqltoolsservice/test/Microsoft.SqlTools.ServiceLayer.Test.Common/TestConnectionProfileService.cs:line 65
   at Microsoft.SqlTools.ServiceLayer.Test.Common.TestConnectionProfileService.GetConnectionParameters(TestServerType serverType, String databaseName) in /Users/aasimkhan/src/sqltoolsservice/test/Microsoft.SqlTools.ServiceLayer.Test.Common/TestConnectionProfileService.cs:line 75
   at Microsoft.SqlTools.ServiceLayer.IntegrationTests.Utility.LiveConnectionHelper.InitLiveConnectionInfoAsync(String databaseName, String ownerUri, String connectionType, TestServerType serverType) in /Users/aasimkhan/src/sqltoolsservice/test/Microsoft.SqlTools.ServiceLayer.IntegrationTests/Utility/LiveConnectionHelper.cs:line 68
   at System.Runtime.CompilerServices.AsyncMethodBuilderCore.Start[TStateMachine](TStateMachine&amp; stateMachine)
   at Microsoft.SqlTools.ServiceLayer.IntegrationTests.Utility.LiveConnectionHelper.InitLiveConnectionInfoAsync(String databaseName, String ownerUri, String connectionType, TestServerType serverType)
   at Microsoft.SqlTools.ServiceLayer.IntegrationTests.Agent.AgentProxyTests.TestHandleAgentProxiesRequest() in /Users/aasimkhan/src/sqltoolsservice/test/Microsoft.SqlTools.ServiceLayer.IntegrationTests/Agent/AgentProxyTests.cs:line 30
   at System.Runtime.CompilerServices.AsyncMethodBuilderCore.Start[TStateMachine](TStateMachine&amp; stateMachine)
   at Microsoft.SqlTools.ServiceLayer.IntegrationTests.Agent.AgentProxyTests.TestHandleAgentProxiesRequest()</failure>
    </testcase>
    <testcase classname="Microsoft.SqlTools.ServiceLayer.IntegrationTests.Agent.AgentProxyTests" name="TestHandleCreateAgentProxyRequest" time="0.0009740">
      <failure type="failure" message="  Cannot find any instance for version key: sqlOnPrem&#xA;  Expected: True&#xA;  But was:  False&#xA;">at Microsoft.SqlTools.ServiceLayer.Test.Common.TestConnectionProfileService.GetInstance(String key) in /Users/aasimkhan/src/sqltoolsservice/test/Microsoft.SqlTools.ServiceLayer.Test.Common/TestConnectionProfileService.cs:line 59
   at Microsoft.SqlTools.ServiceLayer.Test.Common.TestConnectionProfileService.GetConnectionParameters(String key, String databaseName) in /Users/aasimkhan/src/sqltoolsservice/test/Microsoft.SqlTools.ServiceLayer.Test.Common/TestConnectionProfileService.cs:line 65
   at Microsoft.SqlTools.ServiceLayer.Test.Common.TestConnectionProfileService.GetConnectionParameters(TestServerType serverType, String databaseName) in /Users/aasimkhan/src/sqltoolsservice/test/Microsoft.SqlTools.ServiceLayer.Test.Common/TestConnectionProfileService.cs:line 75
   at Microsoft.SqlTools.ServiceLayer.IntegrationTests.Utility.LiveConnectionHelper.InitLiveConnectionInfoAsync(String databaseName, String ownerUri, String connectionType, TestServerType serverType) in /Users/aasimkhan/src/sqltoolsservice/test/Microsoft.SqlTools.ServiceLayer.IntegrationTests/Utility/LiveConnectionHelper.cs:line 68
   at Microsoft.SqlTools.ServiceLayer.IntegrationTests.Agent.AgentProxyTests.TestHandleCreateAgentProxyRequest() in /Users/aasimkhan/src/sqltoolsservice/test/Microsoft.SqlTools.ServiceLayer.IntegrationTests/Agent/AgentProxyTests.cs:line 52
   at NUnit.Framework.Internal.TaskAwaitAdapter.GenericAdapter`1.GetResult()
   at NUnit.Framework.Internal.AsyncToSyncAdapter.Await(Func`1 invoke)
   at NUnit.Framework.Internal.Commands.TestMethodCommand.RunTestMethod(TestExecutionContext context)
   at NUnit.Framework.Internal.Commands.TestMethodCommand.Execute(TestExecutionContext context)
   at NUnit.Framework.Internal.Execution.SimpleWorkItem.&lt;&gt;c__DisplayClass4_0.&lt;PerformWork&gt;b__0()
   at NUnit.Framework.Internal.ContextUtils.&lt;&gt;c__DisplayClass1_0`1.&lt;DoIsolated&gt;b__0(Object _)

1)    at Microsoft.SqlTools.ServiceLayer.Test.Common.TestConnectionProfileService.GetInstance(String key) in /Users/aasimkhan/src/sqltoolsservice/test/Microsoft.SqlTools.ServiceLayer.Test.Common/TestConnectionProfileService.cs:line 59
   at Microsoft.SqlTools.ServiceLayer.Test.Common.TestConnectionProfileService.GetConnectionParameters(String key, String databaseName) in /Users/aasimkhan/src/sqltoolsservice/test/Microsoft.SqlTools.ServiceLayer.Test.Common/TestConnectionProfileService.cs:line 65
   at Microsoft.SqlTools.ServiceLayer.Test.Common.TestConnectionProfileService.GetConnectionParameters(TestServerType serverType, String databaseName) in /Users/aasimkhan/src/sqltoolsservice/test/Microsoft.SqlTools.ServiceLayer.Test.Common/TestConnectionProfileService.cs:line 75
   at Microsoft.SqlTools.ServiceLayer.IntegrationTests.Utility.LiveConnectionHelper.InitLiveConnectionInfoAsync(String databaseName, String ownerUri, String connectionType, TestServerType serverType) in /Users/aasimkhan/src/sqltoolsservice/test/Microsoft.SqlTools.ServiceLayer.IntegrationTests/Utility/LiveConnectionHelper.cs:line 68
   at System.Runtime.CompilerServices.AsyncMethodBuilderCore.Start[TStateMachine](TStateMachine&amp; stateMachine)
   at Microsoft.SqlTools.ServiceLayer.IntegrationTests.Utility.LiveConnectionHelper.InitLiveConnectionInfoAsync(String databaseName, String ownerUri, String connectionType, TestServerType serverType)
   at Microsoft.SqlTools.ServiceLayer.IntegrationTests.Agent.AgentProxyTests.TestHandleCreateAgentProxyRequest() in /Users/aasimkhan/src/sqltoolsservice/test/Microsoft.SqlTools.ServiceLayer.IntegrationTests/Agent/AgentProxyTests.cs:line 52
   at System.Runtime.CompilerServices.AsyncMethodBuilderCore.Start[TStateMachine](TStateMachine&amp; stateMachine)
   at Microsoft.SqlTools.ServiceLayer.IntegrationTests.Agent.AgentProxyTests.TestHandleCreateAgentProxyRequest()</failure>
    </testcase>
    <testcase classname="Microsoft.SqlTools.ServiceLayer.IntegrationTests.Agent.AgentProxyTests" name="TestHandleDeleteAgentProxyRequest" time="0.0031330">
      <failure type="failure" message="  Cannot find any instance for version key: sqlOnPrem&#xA;  Expected: True&#xA;  But was:  False&#xA;">at Microsoft.SqlTools.ServiceLayer.Test.Common.TestConnectionProfileService.GetInstance(String key) in /Users/aasimkhan/src/sqltoolsservice/test/Microsoft.SqlTools.ServiceLayer.Test.Common/TestConnectionProfileService.cs:line 59
   at Microsoft.SqlTools.ServiceLayer.Test.Common.TestConnectionProfileService.GetConnectionParameters(String key, String databaseName) in /Users/aasimkhan/src/sqltoolsservice/test/Microsoft.SqlTools.ServiceLayer.Test.Common/TestConnectionProfileService.cs:line 65
   at Microsoft.SqlTools.ServiceLayer.Test.Common.TestConnectionProfileService.GetConnectionParameters(TestServerType serverType, String databaseName) in /Users/aasimkhan/src/sqltoolsservice/test/Microsoft.SqlTools.ServiceLayer.Test.Common/TestConnectionProfileService.cs:line 75
   at Microsoft.SqlTools.ServiceLayer.IntegrationTests.Utility.LiveConnectionHelper.InitLiveConnectionInfoAsync(String databaseName, String ownerUri, String connectionType, TestServerType serverType) in /Users/aasimkhan/src/sqltoolsservice/test/Microsoft.SqlTools.ServiceLayer.IntegrationTests/Utility/LiveConnectionHelper.cs:line 68
   at Microsoft.SqlTools.ServiceLayer.IntegrationTests.Agent.AgentProxyTests.TestHandleDeleteAgentProxyRequest() in /Users/aasimkhan/src/sqltoolsservice/test/Microsoft.SqlTools.ServiceLayer.IntegrationTests/Agent/AgentProxyTests.cs:line 103
   at NUnit.Framework.Internal.TaskAwaitAdapter.GenericAdapter`1.GetResult()
   at NUnit.Framework.Internal.AsyncToSyncAdapter.Await(Func`1 invoke)
   at NUnit.Framework.Internal.Commands.TestMethodCommand.RunTestMethod(TestExecutionContext context)
   at NUnit.Framework.Internal.Commands.TestMethodCommand.Execute(TestExecutionContext context)
   at NUnit.Framework.Internal.Execution.SimpleWorkItem.&lt;&gt;c__DisplayClass4_0.&lt;PerformWork&gt;b__0()
   at NUnit.Framework.Internal.ContextUtils.&lt;&gt;c__DisplayClass1_0`1.&lt;DoIsolated&gt;b__0(Object _)

1)    at Microsoft.SqlTools.ServiceLayer.Test.Common.TestConnectionProfileService.GetInstance(String key) in /Users/aasimkhan/src/sqltoolsservice/test/Microsoft.SqlTools.ServiceLayer.Test.Common/TestConnectionProfileService.cs:line 59
   at Microsoft.SqlTools.ServiceLayer.Test.Common.TestConnectionProfileService.GetConnectionParameters(String key, String databaseName) in /Users/aasimkhan/src/sqltoolsservice/test/Microsoft.SqlTools.ServiceLayer.Test.Common/TestConnectionProfileService.cs:line 65
   at Microsoft.SqlTools.ServiceLayer.Test.Common.TestConnectionProfileService.GetConnectionParameters(TestServerType serverType, String databaseName) in /Users/aasimkhan/src/sqltoolsservice/test/Microsoft.SqlTools.ServiceLayer.Test.Common/TestConnectionProfileService.cs:line 75
   at Microsoft.SqlTools.ServiceLayer.IntegrationTests.Utility.LiveConnectionHelper.InitLiveConnectionInfoAsync(String databaseName, String ownerUri, String connectionType, TestServerType serverType) in /Users/aasimkhan/src/sqltoolsservice/test/Microsoft.SqlTools.ServiceLayer.IntegrationTests/Utility/LiveConnectionHelper.cs:line 68
   at System.Runtime.CompilerServices.AsyncMethodBuilderCore.Start[TStateMachine](TStateMachine&amp; stateMachine)
   at Microsoft.SqlTools.ServiceLayer.IntegrationTests.Utility.LiveConnectionHelper.InitLiveConnectionInfoAsync(String databaseName, String ownerUri, String connectionType, TestServerType serverType)
   at Microsoft.SqlTools.ServiceLayer.IntegrationTests.Agent.AgentProxyTests.TestHandleDeleteAgentProxyRequest() in /Users/aasimkhan/src/sqltoolsservice/test/Microsoft.SqlTools.ServiceLayer.IntegrationTests/Agent/AgentProxyTests.cs:line 103
   at System.Runtime.CompilerServices.AsyncMethodBuilderCore.Start[TStateMachine](TStateMachine&amp; stateMachine)
   at Microsoft.SqlTools.ServiceLayer.IntegrationTests.Agent.AgentProxyTests.TestHandleDeleteAgentProxyRequest()</failure>
    </testcase>
    <testcase classname="Microsoft.SqlTools.ServiceLayer.IntegrationTests.Agent.AgentProxyTests" name="TestHandleUpdateAgentProxyRequest" time="0.0010920">
      <failure type="failure" message="  Cannot find any instance for version key: sqlOnPrem&#xA;  Expected: True&#xA;  But was:  False&#xA;">at Microsoft.SqlTools.ServiceLayer.Test.Common.TestConnectionProfileService.GetInstance(String key) in /Users/aasimkhan/src/sqltoolsservice/test/Microsoft.SqlTools.ServiceLayer.Test.Common/TestConnectionProfileService.cs:line 59
   at Microsoft.SqlTools.ServiceLayer.Test.Common.TestConnectionProfileService.GetConnectionParameters(String key, String databaseName) in /Users/aasimkhan/src/sqltoolsservice/test/Microsoft.SqlTools.ServiceLayer.Test.Common/TestConnectionProfileService.cs:line 65
   at Microsoft.SqlTools.ServiceLayer.Test.Common.TestConnectionProfileService.GetConnectionParameters(TestServerType serverType, String databaseName) in /Users/aasimkhan/src/sqltoolsservice/test/Microsoft.SqlTools.ServiceLayer.Test.Common/TestConnectionProfileService.cs:line 75
   at Microsoft.SqlTools.ServiceLayer.IntegrationTests.Utility.LiveConnectionHelper.InitLiveConnectionInfoAsync(String databaseName, String ownerUri, String connectionType, TestServerType serverType) in /Users/aasimkhan/src/sqltoolsservice/test/Microsoft.SqlTools.ServiceLayer.IntegrationTests/Utility/LiveConnectionHelper.cs:line 68
   at Microsoft.SqlTools.ServiceLayer.IntegrationTests.Agent.AgentProxyTests.TestHandleUpdateAgentProxyRequest() in /Users/aasimkhan/src/sqltoolsservice/test/Microsoft.SqlTools.ServiceLayer.IntegrationTests/Agent/AgentProxyTests.cs:line 76
   at NUnit.Framework.Internal.TaskAwaitAdapter.GenericAdapter`1.GetResult()
   at NUnit.Framework.Internal.AsyncToSyncAdapter.Await(Func`1 invoke)
   at NUnit.Framework.Internal.Commands.TestMethodCommand.RunTestMethod(TestExecutionContext context)
   at NUnit.Framework.Internal.Commands.TestMethodCommand.Execute(TestExecutionContext context)
   at NUnit.Framework.Internal.Execution.SimpleWorkItem.&lt;&gt;c__DisplayClass4_0.&lt;PerformWork&gt;b__0()
   at NUnit.Framework.Internal.ContextUtils.&lt;&gt;c__DisplayClass1_0`1.&lt;DoIsolated&gt;b__0(Object _)

1)    at Microsoft.SqlTools.ServiceLayer.Test.Common.TestConnectionProfileService.GetInstance(String key) in /Users/aasimkhan/src/sqltoolsservice/test/Microsoft.SqlTools.ServiceLayer.Test.Common/TestConnectionProfileService.cs:line 59
   at Microsoft.SqlTools.ServiceLayer.Test.Common.TestConnectionProfileService.GetConnectionParameters(String key, String databaseName) in /Users/aasimkhan/src/sqltoolsservice/test/Microsoft.SqlTools.ServiceLayer.Test.Common/TestConnectionProfileService.cs:line 65
   at Microsoft.SqlTools.ServiceLayer.Test.Common.TestConnectionProfileService.GetConnectionParameters(TestServerType serverType, String databaseName) in /Users/aasimkhan/src/sqltoolsservice/test/Microsoft.SqlTools.ServiceLayer.Test.Common/TestConnectionProfileService.cs:line 75
   at Microsoft.SqlTools.ServiceLayer.IntegrationTests.Utility.LiveConnectionHelper.InitLiveConnectionInfoAsync(String databaseName, String ownerUri, String connectionType, TestServerType serverType) in /Users/aasimkhan/src/sqltoolsservice/test/Microsoft.SqlTools.ServiceLayer.IntegrationTests/Utility/LiveConnectionHelper.cs:line 68
   at System.Runtime.CompilerServices.AsyncMethodBuilderCore.Start[TStateMachine](TStateMachine&amp; stateMachine)
   at Microsoft.SqlTools.ServiceLayer.IntegrationTests.Utility.LiveConnectionHelper.InitLiveConnectionInfoAsync(String databaseName, String ownerUri, String connectionType, TestServerType serverType)
   at Microsoft.SqlTools.ServiceLayer.IntegrationTests.Agent.AgentProxyTests.TestHandleUpdateAgentProxyRequest() in /Users/aasimkhan/src/sqltoolsservice/test/Microsoft.SqlTools.ServiceLayer.IntegrationTests/Agent/AgentProxyTests.cs:line 76
   at System.Runtime.CompilerServices.AsyncMethodBuilderCore.Start[TStateMachine](TStateMachine&amp; stateMachine)
   at Microsoft.SqlTools.ServiceLayer.IntegrationTests.Agent.AgentProxyTests.TestHandleUpdateAgentProxyRequest()</failure>
    </testcase>
    <testcase classname="Microsoft.SqlTools.ServiceLayer.IntegrationTests.Agent.AgentScheduleTests" name="HandleAgentSchedulesRequest" time="0.0007300">
      <failure type="failure" message="  Cannot find any instance for version key: sqlOnPrem&#xA;  Expected: True&#xA;  But was:  False&#xA;">at Microsoft.SqlTools.ServiceLayer.Test.Common.TestConnectionProfileService.GetInstance(String key) in /Users/aasimkhan/src/sqltoolsservice/test/Microsoft.SqlTools.ServiceLayer.Test.Common/TestConnectionProfileService.cs:line 59
   at Microsoft.SqlTools.ServiceLayer.Test.Common.TestConnectionProfileService.GetConnectionParameters(String key, String databaseName) in /Users/aasimkhan/src/sqltoolsservice/test/Microsoft.SqlTools.ServiceLayer.Test.Common/TestConnectionProfileService.cs:line 65
   at Microsoft.SqlTools.ServiceLayer.Test.Common.TestConnectionProfileService.GetConnectionParameters(TestServerType serverType, String databaseName) in /Users/aasimkhan/src/sqltoolsservice/test/Microsoft.SqlTools.ServiceLayer.Test.Common/TestConnectionProfileService.cs:line 75
   at Microsoft.SqlTools.ServiceLayer.IntegrationTests.Utility.LiveConnectionHelper.InitLiveConnectionInfoAsync(String databaseName, String ownerUri, String connectionType, TestServerType serverType) in /Users/aasimkhan/src/sqltoolsservice/test/Microsoft.SqlTools.ServiceLayer.IntegrationTests/Utility/LiveConnectionHelper.cs:line 68
   at Microsoft.SqlTools.ServiceLayer.IntegrationTests.Agent.AgentScheduleTests.HandleAgentSchedulesRequest() in /Users/aasimkhan/src/sqltoolsservice/test/Microsoft.SqlTools.ServiceLayer.IntegrationTests/Agent/AgentScheduleTests.cs:line 30
   at NUnit.Framework.Internal.TaskAwaitAdapter.GenericAdapter`1.GetResult()
   at NUnit.Framework.Internal.AsyncToSyncAdapter.Await(Func`1 invoke)
   at NUnit.Framework.Internal.Commands.TestMethodCommand.RunTestMethod(TestExecutionContext context)
   at NUnit.Framework.Internal.Commands.TestMethodCommand.Execute(TestExecutionContext context)
   at NUnit.Framework.Internal.Execution.SimpleWorkItem.&lt;&gt;c__DisplayClass4_0.&lt;PerformWork&gt;b__0()
   at NUnit.Framework.Internal.ContextUtils.&lt;&gt;c__DisplayClass1_0`1.&lt;DoIsolated&gt;b__0(Object _)

1)    at Microsoft.SqlTools.ServiceLayer.Test.Common.TestConnectionProfileService.GetInstance(String key) in /Users/aasimkhan/src/sqltoolsservice/test/Microsoft.SqlTools.ServiceLayer.Test.Common/TestConnectionProfileService.cs:line 59
   at Microsoft.SqlTools.ServiceLayer.Test.Common.TestConnectionProfileService.GetConnectionParameters(String key, String databaseName) in /Users/aasimkhan/src/sqltoolsservice/test/Microsoft.SqlTools.ServiceLayer.Test.Common/TestConnectionProfileService.cs:line 65
   at Microsoft.SqlTools.ServiceLayer.Test.Common.TestConnectionProfileService.GetConnectionParameters(TestServerType serverType, String databaseName) in /Users/aasimkhan/src/sqltoolsservice/test/Microsoft.SqlTools.ServiceLayer.Test.Common/TestConnectionProfileService.cs:line 75
   at Microsoft.SqlTools.ServiceLayer.IntegrationTests.Utility.LiveConnectionHelper.InitLiveConnectionInfoAsync(String databaseName, String ownerUri, String connectionType, TestServerType serverType) in /Users/aasimkhan/src/sqltoolsservice/test/Microsoft.SqlTools.ServiceLayer.IntegrationTests/Utility/LiveConnectionHelper.cs:line 68
   at System.Runtime.CompilerServices.AsyncMethodBuilderCore.Start[TStateMachine](TStateMachine&amp; stateMachine)
   at Microsoft.SqlTools.ServiceLayer.IntegrationTests.Utility.LiveConnectionHelper.InitLiveConnectionInfoAsync(String databaseName, String ownerUri, String connectionType, TestServerType serverType)
   at Microsoft.SqlTools.ServiceLayer.IntegrationTests.Agent.AgentScheduleTests.HandleAgentSchedulesRequest() in /Users/aasimkhan/src/sqltoolsservice/test/Microsoft.SqlTools.ServiceLayer.IntegrationTests/Agent/AgentScheduleTests.cs:line 30
   at System.Runtime.CompilerServices.AsyncMethodBuilderCore.Start[TStateMachine](TStateMachine&amp; stateMachine)
   at Microsoft.SqlTools.ServiceLayer.IntegrationTests.Agent.AgentScheduleTests.HandleAgentSchedulesRequest()</failure>
    </testcase>
    <testcase classname="Microsoft.SqlTools.ServiceLayer.IntegrationTests.Agent.AgentScheduleTests" name="TestHandleCreateAgentScheduleRequest" time="0.0008900">
      <failure type="failure" message="  Cannot find any instance for version key: sqlOnPrem&#xA;  Expected: True&#xA;  But was:  False&#xA;">at Microsoft.SqlTools.ServiceLayer.Test.Common.TestConnectionProfileService.GetInstance(String key) in /Users/aasimkhan/src/sqltoolsservice/test/Microsoft.SqlTools.ServiceLayer.Test.Common/TestConnectionProfileService.cs:line 59
   at Microsoft.SqlTools.ServiceLayer.Test.Common.TestConnectionProfileService.GetConnectionParameters(String key, String databaseName) in /Users/aasimkhan/src/sqltoolsservice/test/Microsoft.SqlTools.ServiceLayer.Test.Common/TestConnectionProfileService.cs:line 65
   at Microsoft.SqlTools.ServiceLayer.Test.Common.TestConnectionProfileService.GetConnectionParameters(TestServerType serverType, String databaseName) in /Users/aasimkhan/src/sqltoolsservice/test/Microsoft.SqlTools.ServiceLayer.Test.Common/TestConnectionProfileService.cs:line 75
   at Microsoft.SqlTools.ServiceLayer.IntegrationTests.Utility.LiveConnectionHelper.InitLiveConnectionInfoAsync(String databaseName, String ownerUri, String connectionType, TestServerType serverType) in /Users/aasimkhan/src/sqltoolsservice/test/Microsoft.SqlTools.ServiceLayer.IntegrationTests/Utility/LiveConnectionHelper.cs:line 68
   at Microsoft.SqlTools.ServiceLayer.IntegrationTests.Agent.AgentScheduleTests.TestHandleCreateAgentScheduleRequest() in /Users/aasimkhan/src/sqltoolsservice/test/Microsoft.SqlTools.ServiceLayer.IntegrationTests/Agent/AgentScheduleTests.cs:line 54
   at NUnit.Framework.Internal.TaskAwaitAdapter.GenericAdapter`1.GetResult()
   at NUnit.Framework.Internal.AsyncToSyncAdapter.Await(Func`1 invoke)
   at NUnit.Framework.Internal.Commands.TestMethodCommand.RunTestMethod(TestExecutionContext context)
   at NUnit.Framework.Internal.Commands.TestMethodCommand.Execute(TestExecutionContext context)
   at NUnit.Framework.Internal.Execution.SimpleWorkItem.&lt;&gt;c__DisplayClass4_0.&lt;PerformWork&gt;b__0()
   at NUnit.Framework.Internal.ContextUtils.&lt;&gt;c__DisplayClass1_0`1.&lt;DoIsolated&gt;b__0(Object _)

1)    at Microsoft.SqlTools.ServiceLayer.Test.Common.TestConnectionProfileService.GetInstance(String key) in /Users/aasimkhan/src/sqltoolsservice/test/Microsoft.SqlTools.ServiceLayer.Test.Common/TestConnectionProfileService.cs:line 59
   at Microsoft.SqlTools.ServiceLayer.Test.Common.TestConnectionProfileService.GetConnectionParameters(String key, String databaseName) in /Users/aasimkhan/src/sqltoolsservice/test/Microsoft.SqlTools.ServiceLayer.Test.Common/TestConnectionProfileService.cs:line 65
   at Microsoft.SqlTools.ServiceLayer.Test.Common.TestConnectionProfileService.GetConnectionParameters(TestServerType serverType, String databaseName) in /Users/aasimkhan/src/sqltoolsservice/test/Microsoft.SqlTools.ServiceLayer.Test.Common/TestConnectionProfileService.cs:line 75
   at Microsoft.SqlTools.ServiceLayer.IntegrationTests.Utility.LiveConnectionHelper.InitLiveConnectionInfoAsync(String databaseName, String ownerUri, String connectionType, TestServerType serverType) in /Users/aasimkhan/src/sqltoolsservice/test/Microsoft.SqlTools.ServiceLayer.IntegrationTests/Utility/LiveConnectionHelper.cs:line 68
   at System.Runtime.CompilerServices.AsyncMethodBuilderCore.Start[TStateMachine](TStateMachine&amp; stateMachine)
   at Microsoft.SqlTools.ServiceLayer.IntegrationTests.Utility.LiveConnectionHelper.InitLiveConnectionInfoAsync(String databaseName, String ownerUri, String connectionType, TestServerType serverType)
   at Microsoft.SqlTools.ServiceLayer.IntegrationTests.Agent.AgentScheduleTests.TestHandleCreateAgentScheduleRequest() in /Users/aasimkhan/src/sqltoolsservice/test/Microsoft.SqlTools.ServiceLayer.IntegrationTests/Agent/AgentScheduleTests.cs:line 54
   at System.Runtime.CompilerServices.AsyncMethodBuilderCore.Start[TStateMachine](TStateMachine&amp; stateMachine)
   at Microsoft.SqlTools.ServiceLayer.IntegrationTests.Agent.AgentScheduleTests.TestHandleCreateAgentScheduleRequest()</failure>
    </testcase>
    <testcase classname="Microsoft.SqlTools.ServiceLayer.IntegrationTests.Agent.AgentScheduleTests" name="TestHandleDeleteAgentScheduleRequest" time="0.0009850">
      <failure type="failure" message="  Cannot find any instance for version key: sqlOnPrem&#xA;  Expected: True&#xA;  But was:  False&#xA;">at Microsoft.SqlTools.ServiceLayer.Test.Common.TestConnectionProfileService.GetInstance(String key) in /Users/aasimkhan/src/sqltoolsservice/test/Microsoft.SqlTools.ServiceLayer.Test.Common/TestConnectionProfileService.cs:line 59
   at Microsoft.SqlTools.ServiceLayer.Test.Common.TestConnectionProfileService.GetConnectionParameters(String key, String databaseName) in /Users/aasimkhan/src/sqltoolsservice/test/Microsoft.SqlTools.ServiceLayer.Test.Common/TestConnectionProfileService.cs:line 65
   at Microsoft.SqlTools.ServiceLayer.Test.Common.TestConnectionProfileService.GetConnectionParameters(TestServerType serverType, String databaseName) in /Users/aasimkhan/src/sqltoolsservice/test/Microsoft.SqlTools.ServiceLayer.Test.Common/TestConnectionProfileService.cs:line 75
   at Microsoft.SqlTools.ServiceLayer.IntegrationTests.Utility.LiveConnectionHelper.InitLiveConnectionInfoAsync(String databaseName, String ownerUri, String connectionType, TestServerType serverType) in /Users/aasimkhan/src/sqltoolsservice/test/Microsoft.SqlTools.ServiceLayer.IntegrationTests/Utility/LiveConnectionHelper.cs:line 68
   at Microsoft.SqlTools.ServiceLayer.IntegrationTests.Agent.AgentScheduleTests.TestHandleDeleteAgentScheduleRequest() in /Users/aasimkhan/src/sqltoolsservice/test/Microsoft.SqlTools.ServiceLayer.IntegrationTests/Agent/AgentScheduleTests.cs:line 104
   at NUnit.Framework.Internal.TaskAwaitAdapter.GenericAdapter`1.GetResult()
   at NUnit.Framework.Internal.AsyncToSyncAdapter.Await(Func`1 invoke)
   at NUnit.Framework.Internal.Commands.TestMethodCommand.RunTestMethod(TestExecutionContext context)
   at NUnit.Framework.Internal.Commands.TestMethodCommand.Execute(TestExecutionContext context)
   at NUnit.Framework.Internal.Execution.SimpleWorkItem.&lt;&gt;c__DisplayClass4_0.&lt;PerformWork&gt;b__0()
   at NUnit.Framework.Internal.ContextUtils.&lt;&gt;c__DisplayClass1_0`1.&lt;DoIsolated&gt;b__0(Object _)

1)    at Microsoft.SqlTools.ServiceLayer.Test.Common.TestConnectionProfileService.GetInstance(String key) in /Users/aasimkhan/src/sqltoolsservice/test/Microsoft.SqlTools.ServiceLayer.Test.Common/TestConnectionProfileService.cs:line 59
   at Microsoft.SqlTools.ServiceLayer.Test.Common.TestConnectionProfileService.GetConnectionParameters(String key, String databaseName) in /Users/aasimkhan/src/sqltoolsservice/test/Microsoft.SqlTools.ServiceLayer.Test.Common/TestConnectionProfileService.cs:line 65
   at Microsoft.SqlTools.ServiceLayer.Test.Common.TestConnectionProfileService.GetConnectionParameters(TestServerType serverType, String databaseName) in /Users/aasimkhan/src/sqltoolsservice/test/Microsoft.SqlTools.ServiceLayer.Test.Common/TestConnectionProfileService.cs:line 75
   at Microsoft.SqlTools.ServiceLayer.IntegrationTests.Utility.LiveConnectionHelper.InitLiveConnectionInfoAsync(String databaseName, String ownerUri, String connectionType, TestServerType serverType) in /Users/aasimkhan/src/sqltoolsservice/test/Microsoft.SqlTools.ServiceLayer.IntegrationTests/Utility/LiveConnectionHelper.cs:line 68
   at System.Runtime.CompilerServices.AsyncMethodBuilderCore.Start[TStateMachine](TStateMachine&amp; stateMachine)
   at Microsoft.SqlTools.ServiceLayer.IntegrationTests.Utility.LiveConnectionHelper.InitLiveConnectionInfoAsync(String databaseName, String ownerUri, String connectionType, TestServerType serverType)
   at Microsoft.SqlTools.ServiceLayer.IntegrationTests.Agent.AgentScheduleTests.TestHandleDeleteAgentScheduleRequest() in /Users/aasimkhan/src/sqltoolsservice/test/Microsoft.SqlTools.ServiceLayer.IntegrationTests/Agent/AgentScheduleTests.cs:line 104
   at System.Runtime.CompilerServices.AsyncMethodBuilderCore.Start[TStateMachine](TStateMachine&amp; stateMachine)
   at Microsoft.SqlTools.ServiceLayer.IntegrationTests.Agent.AgentScheduleTests.TestHandleDeleteAgentScheduleRequest()</failure>
    </testcase>
    <testcase classname="Microsoft.SqlTools.ServiceLayer.IntegrationTests.Agent.AgentScheduleTests" name="TestHandleUpdateAgentScheduleRequest" time="0.0010050">
      <failure type="failure" message="  Cannot find any instance for version key: sqlOnPrem&#xA;  Expected: True&#xA;  But was:  False&#xA;">at Microsoft.SqlTools.ServiceLayer.Test.Common.TestConnectionProfileService.GetInstance(String key) in /Users/aasimkhan/src/sqltoolsservice/test/Microsoft.SqlTools.ServiceLayer.Test.Common/TestConnectionProfileService.cs:line 59
   at Microsoft.SqlTools.ServiceLayer.Test.Common.TestConnectionProfileService.GetConnectionParameters(String key, String databaseName) in /Users/aasimkhan/src/sqltoolsservice/test/Microsoft.SqlTools.ServiceLayer.Test.Common/TestConnectionProfileService.cs:line 65
   at Microsoft.SqlTools.ServiceLayer.Test.Common.TestConnectionProfileService.GetConnectionParameters(TestServerType serverType, String databaseName) in /Users/aasimkhan/src/sqltoolsservice/test/Microsoft.SqlTools.ServiceLayer.Test.Common/TestConnectionProfileService.cs:line 75
   at Microsoft.SqlTools.ServiceLayer.IntegrationTests.Utility.LiveConnectionHelper.InitLiveConnectionInfoAsync(String databaseName, String ownerUri, String connectionType, TestServerType serverType) in /Users/aasimkhan/src/sqltoolsservice/test/Microsoft.SqlTools.ServiceLayer.IntegrationTests/Utility/LiveConnectionHelper.cs:line 68
   at Microsoft.SqlTools.ServiceLayer.IntegrationTests.Agent.AgentScheduleTests.TestHandleUpdateAgentScheduleRequest() in /Users/aasimkhan/src/sqltoolsservice/test/Microsoft.SqlTools.ServiceLayer.IntegrationTests/Agent/AgentScheduleTests.cs:line 78
   at NUnit.Framework.Internal.TaskAwaitAdapter.GenericAdapter`1.GetResult()
   at NUnit.Framework.Internal.AsyncToSyncAdapter.Await(Func`1 invoke)
   at NUnit.Framework.Internal.Commands.TestMethodCommand.RunTestMethod(TestExecutionContext context)
   at NUnit.Framework.Internal.Commands.TestMethodCommand.Execute(TestExecutionContext context)
   at NUnit.Framework.Internal.Execution.SimpleWorkItem.&lt;&gt;c__DisplayClass4_0.&lt;PerformWork&gt;b__0()
   at NUnit.Framework.Internal.ContextUtils.&lt;&gt;c__DisplayClass1_0`1.&lt;DoIsolated&gt;b__0(Object _)

1)    at Microsoft.SqlTools.ServiceLayer.Test.Common.TestConnectionProfileService.GetInstance(String key) in /Users/aasimkhan/src/sqltoolsservice/test/Microsoft.SqlTools.ServiceLayer.Test.Common/TestConnectionProfileService.cs:line 59
   at Microsoft.SqlTools.ServiceLayer.Test.Common.TestConnectionProfileService.GetConnectionParameters(String key, String databaseName) in /Users/aasimkhan/src/sqltoolsservice/test/Microsoft.SqlTools.ServiceLayer.Test.Common/TestConnectionProfileService.cs:line 65
   at Microsoft.SqlTools.ServiceLayer.Test.Common.TestConnectionProfileService.GetConnectionParameters(TestServerType serverType, String databaseName) in /Users/aasimkhan/src/sqltoolsservice/test/Microsoft.SqlTools.ServiceLayer.Test.Common/TestConnectionProfileService.cs:line 75
   at Microsoft.SqlTools.ServiceLayer.IntegrationTests.Utility.LiveConnectionHelper.InitLiveConnectionInfoAsync(String databaseName, String ownerUri, String connectionType, TestServerType serverType) in /Users/aasimkhan/src/sqltoolsservice/test/Microsoft.SqlTools.ServiceLayer.IntegrationTests/Utility/LiveConnectionHelper.cs:line 68
   at System.Runtime.CompilerServices.AsyncMethodBuilderCore.Start[TStateMachine](TStateMachine&amp; stateMachine)
   at Microsoft.SqlTools.ServiceLayer.IntegrationTests.Utility.LiveConnectionHelper.InitLiveConnectionInfoAsync(String databaseName, String ownerUri, String connectionType, TestServerType serverType)
   at Microsoft.SqlTools.ServiceLayer.IntegrationTests.Agent.AgentScheduleTests.TestHandleUpdateAgentScheduleRequest() in /Users/aasimkhan/src/sqltoolsservice/test/Microsoft.SqlTools.ServiceLayer.IntegrationTests/Agent/AgentScheduleTests.cs:line 78
   at System.Runtime.CompilerServices.AsyncMethodBuilderCore.Start[TStateMachine](TStateMachine&amp; stateMachine)
   at Microsoft.SqlTools.ServiceLayer.IntegrationTests.Agent.AgentScheduleTests.TestHandleUpdateAgentScheduleRequest()</failure>
    </testcase>
    <testcase classname="Microsoft.SqlTools.ServiceLayer.IntegrationTests.Agent.AgentServiceTests" name="TestHandleAgentJobActionRequest" time="0.0007880">
      <failure type="failure" message="  Cannot find any instance for version key: sqlOnPrem&#xA;  Expected: True&#xA;  But was:  False&#xA;">at Microsoft.SqlTools.ServiceLayer.Test.Common.TestConnectionProfileService.GetInstance(String key) in /Users/aasimkhan/src/sqltoolsservice/test/Microsoft.SqlTools.ServiceLayer.Test.Common/TestConnectionProfileService.cs:line 59
   at Microsoft.SqlTools.ServiceLayer.Test.Common.TestConnectionProfileService.GetConnectionParameters(String key, String databaseName) in /Users/aasimkhan/src/sqltoolsservice/test/Microsoft.SqlTools.ServiceLayer.Test.Common/TestConnectionProfileService.cs:line 65
   at Microsoft.SqlTools.ServiceLayer.Test.Common.TestConnectionProfileService.GetConnectionParameters(TestServerType serverType, String databaseName) in /Users/aasimkhan/src/sqltoolsservice/test/Microsoft.SqlTools.ServiceLayer.Test.Common/TestConnectionProfileService.cs:line 75
   at Microsoft.SqlTools.ServiceLayer.IntegrationTests.Utility.LiveConnectionHelper.InitLiveConnectionInfoAsync(String databaseName, String ownerUri, String connectionType, TestServerType serverType) in /Users/aasimkhan/src/sqltoolsservice/test/Microsoft.SqlTools.ServiceLayer.IntegrationTests/Utility/LiveConnectionHelper.cs:line 68
   at Microsoft.SqlTools.ServiceLayer.IntegrationTests.Agent.AgentServiceTests.TestHandleAgentJobActionRequest() in /Users/aasimkhan/src/sqltoolsservice/test/Microsoft.SqlTools.ServiceLayer.IntegrationTests/Agent/AgentServiceTests.cs:line 75
   at NUnit.Framework.Internal.TaskAwaitAdapter.GenericAdapter`1.GetResult()
   at NUnit.Framework.Internal.AsyncToSyncAdapter.Await(Func`1 invoke)
   at NUnit.Framework.Internal.Commands.TestMethodCommand.RunTestMethod(TestExecutionContext context)
   at NUnit.Framework.Internal.Commands.TestMethodCommand.Execute(TestExecutionContext context)
   at NUnit.Framework.Internal.Execution.SimpleWorkItem.&lt;&gt;c__DisplayClass4_0.&lt;PerformWork&gt;b__0()
   at NUnit.Framework.Internal.ContextUtils.&lt;&gt;c__DisplayClass1_0`1.&lt;DoIsolated&gt;b__0(Object _)

1)    at Microsoft.SqlTools.ServiceLayer.Test.Common.TestConnectionProfileService.GetInstance(String key) in /Users/aasimkhan/src/sqltoolsservice/test/Microsoft.SqlTools.ServiceLayer.Test.Common/TestConnectionProfileService.cs:line 59
   at Microsoft.SqlTools.ServiceLayer.Test.Common.TestConnectionProfileService.GetConnectionParameters(String key, String databaseName) in /Users/aasimkhan/src/sqltoolsservice/test/Microsoft.SqlTools.ServiceLayer.Test.Common/TestConnectionProfileService.cs:line 65
   at Microsoft.SqlTools.ServiceLayer.Test.Common.TestConnectionProfileService.GetConnectionParameters(TestServerType serverType, String databaseName) in /Users/aasimkhan/src/sqltoolsservice/test/Microsoft.SqlTools.ServiceLayer.Test.Common/TestConnectionProfileService.cs:line 75
   at Microsoft.SqlTools.ServiceLayer.IntegrationTests.Utility.LiveConnectionHelper.InitLiveConnectionInfoAsync(String databaseName, String ownerUri, String connectionType, TestServerType serverType) in /Users/aasimkhan/src/sqltoolsservice/test/Microsoft.SqlTools.ServiceLayer.IntegrationTests/Utility/LiveConnectionHelper.cs:line 68
   at System.Runtime.CompilerServices.AsyncMethodBuilderCore.Start[TStateMachine](TStateMachine&amp; stateMachine)
   at Microsoft.SqlTools.ServiceLayer.IntegrationTests.Utility.LiveConnectionHelper.InitLiveConnectionInfoAsync(String databaseName, String ownerUri, String connectionType, TestServerType serverType)
   at Microsoft.SqlTools.ServiceLayer.IntegrationTests.Agent.AgentServiceTests.TestHandleAgentJobActionRequest() in /Users/aasimkhan/src/sqltoolsservice/test/Microsoft.SqlTools.ServiceLayer.IntegrationTests/Agent/AgentServiceTests.cs:line 75
   at System.Runtime.CompilerServices.AsyncMethodBuilderCore.Start[TStateMachine](TStateMachine&amp; stateMachine)
   at Microsoft.SqlTools.ServiceLayer.IntegrationTests.Agent.AgentServiceTests.TestHandleAgentJobActionRequest()</failure>
    </testcase>
    <testcase classname="Microsoft.SqlTools.ServiceLayer.IntegrationTests.Agent.AgentServiceTests" name="TestHandleAgentJobsRequest" time="0.0007950">
      <failure type="failure" message="  Cannot find any instance for version key: sqlOnPrem&#xA;  Expected: True&#xA;  But was:  False&#xA;">at Microsoft.SqlTools.ServiceLayer.Test.Common.TestConnectionProfileService.GetInstance(String key) in /Users/aasimkhan/src/sqltoolsservice/test/Microsoft.SqlTools.ServiceLayer.Test.Common/TestConnectionProfileService.cs:line 59
   at Microsoft.SqlTools.ServiceLayer.Test.Common.TestConnectionProfileService.GetConnectionParameters(String key, String databaseName) in /Users/aasimkhan/src/sqltoolsservice/test/Microsoft.SqlTools.ServiceLayer.Test.Common/TestConnectionProfileService.cs:line 65
   at Microsoft.SqlTools.ServiceLayer.Test.Common.TestConnectionProfileService.GetConnectionParameters(TestServerType serverType, String databaseName) in /Users/aasimkhan/src/sqltoolsservice/test/Microsoft.SqlTools.ServiceLayer.Test.Common/TestConnectionProfileService.cs:line 75
   at Microsoft.SqlTools.ServiceLayer.IntegrationTests.Utility.LiveConnectionHelper.InitLiveConnectionInfoAsync(String databaseName, String ownerUri, String connectionType, TestServerType serverType) in /Users/aasimkhan/src/sqltoolsservice/test/Microsoft.SqlTools.ServiceLayer.IntegrationTests/Utility/LiveConnectionHelper.cs:line 68
   at Microsoft.SqlTools.ServiceLayer.IntegrationTests.Agent.AgentServiceTests.TestHandleAgentJobsRequest() in /Users/aasimkhan/src/sqltoolsservice/test/Microsoft.SqlTools.ServiceLayer.IntegrationTests/Agent/AgentServiceTests.cs:line 30
   at NUnit.Framework.Internal.TaskAwaitAdapter.GenericAdapter`1.GetResult()
   at NUnit.Framework.Internal.AsyncToSyncAdapter.Await(Func`1 invoke)
   at NUnit.Framework.Internal.Commands.TestMethodCommand.RunTestMethod(TestExecutionContext context)
   at NUnit.Framework.Internal.Commands.TestMethodCommand.Execute(TestExecutionContext context)
   at NUnit.Framework.Internal.Execution.SimpleWorkItem.&lt;&gt;c__DisplayClass4_0.&lt;PerformWork&gt;b__0()
   at NUnit.Framework.Internal.ContextUtils.&lt;&gt;c__DisplayClass1_0`1.&lt;DoIsolated&gt;b__0(Object _)

1)    at Microsoft.SqlTools.ServiceLayer.Test.Common.TestConnectionProfileService.GetInstance(String key) in /Users/aasimkhan/src/sqltoolsservice/test/Microsoft.SqlTools.ServiceLayer.Test.Common/TestConnectionProfileService.cs:line 59
   at Microsoft.SqlTools.ServiceLayer.Test.Common.TestConnectionProfileService.GetConnectionParameters(String key, String databaseName) in /Users/aasimkhan/src/sqltoolsservice/test/Microsoft.SqlTools.ServiceLayer.Test.Common/TestConnectionProfileService.cs:line 65
   at Microsoft.SqlTools.ServiceLayer.Test.Common.TestConnectionProfileService.GetConnectionParameters(TestServerType serverType, String databaseName) in /Users/aasimkhan/src/sqltoolsservice/test/Microsoft.SqlTools.ServiceLayer.Test.Common/TestConnectionProfileService.cs:line 75
   at Microsoft.SqlTools.ServiceLayer.IntegrationTests.Utility.LiveConnectionHelper.InitLiveConnectionInfoAsync(String databaseName, String ownerUri, String connectionType, TestServerType serverType) in /Users/aasimkhan/src/sqltoolsservice/test/Microsoft.SqlTools.ServiceLayer.IntegrationTests/Utility/LiveConnectionHelper.cs:line 68
   at System.Runtime.CompilerServices.AsyncMethodBuilderCore.Start[TStateMachine](TStateMachine&amp; stateMachine)
   at Microsoft.SqlTools.ServiceLayer.IntegrationTests.Utility.LiveConnectionHelper.InitLiveConnectionInfoAsync(String databaseName, String ownerUri, String connectionType, TestServerType serverType)
   at Microsoft.SqlTools.ServiceLayer.IntegrationTests.Agent.AgentServiceTests.TestHandleAgentJobsRequest() in /Users/aasimkhan/src/sqltoolsservice/test/Microsoft.SqlTools.ServiceLayer.IntegrationTests/Agent/AgentServiceTests.cs:line 30
   at System.Runtime.CompilerServices.AsyncMethodBuilderCore.Start[TStateMachine](TStateMachine&amp; stateMachine)
   at Microsoft.SqlTools.ServiceLayer.IntegrationTests.Agent.AgentServiceTests.TestHandleAgentJobsRequest()</failure>
    </testcase>
    <testcase classname="Microsoft.SqlTools.ServiceLayer.IntegrationTests.Agent.AgentServiceTests" name="TestHandleJobHistoryRequests" time="0.0001250">
      <skipped />
    </testcase>
    <testcase classname="Microsoft.SqlTools.ServiceLayer.IntegrationTests.AzureFunctions.AzureFunctionsServiceTests" name="AddSqlInputBinding" time="0.4203190" />
    <testcase classname="Microsoft.SqlTools.ServiceLayer.IntegrationTests.AzureFunctions.AzureFunctionsServiceTests" name="AddSqlOutputBinding" time="0.0331750" />
    <testcase classname="Microsoft.SqlTools.ServiceLayer.IntegrationTests.AzureFunctions.AzureFunctionsServiceTests" name="AddSqlOutputBindingAsync" time="0.0156840" />
    <testcase classname="Microsoft.SqlTools.ServiceLayer.IntegrationTests.AzureFunctions.AzureFunctionsServiceTests" name="GetAzureFunctionNames" time="0.0124610" />
    <testcase classname="Microsoft.SqlTools.ServiceLayer.IntegrationTests.AzureFunctions.AzureFunctionsServiceTests" name="GetAzureFunctionsNet5" time="0.0069650" />
    <testcase classname="Microsoft.SqlTools.ServiceLayer.IntegrationTests.AzureFunctions.AzureFunctionsServiceTests" name="GetAzureFunctionsOperations" time="0.0053470" />
    <testcase classname="Microsoft.SqlTools.ServiceLayer.IntegrationTests.AzureFunctions.AzureFunctionsServiceTests" name="GetAzureFunctionsRoute" time="0.0057060" />
    <testcase classname="Microsoft.SqlTools.ServiceLayer.IntegrationTests.AzureFunctions.AzureFunctionsServiceTests" name="GetAzureFunctionsWhenNoFunctions" time="0.0005199" />
    <testcase classname="Microsoft.SqlTools.ServiceLayer.IntegrationTests.AzureFunctions.AzureFunctionsServiceTests" name="MoreThanOneAzureFunctionWithSpecifiedName" time="0.0078260" />
    <testcase classname="Microsoft.SqlTools.ServiceLayer.IntegrationTests.AzureFunctions.AzureFunctionsServiceTests" name="NoAzureFunctionForSqlBinding" time="0.0073810" />
    <testcase classname="Microsoft.SqlTools.ServiceLayer.IntegrationTests.Cms.CmsServiceTests" name="TestAddCMS" time="0.0018580">
      <failure type="failure" message="  Cannot find any instance for version key: sqlOnPrem&#xA;  Expected: True&#xA;  But was:  False&#xA;">at Microsoft.SqlTools.ServiceLayer.Test.Common.TestConnectionProfileService.GetInstance(String key) in /Users/aasimkhan/src/sqltoolsservice/test/Microsoft.SqlTools.ServiceLayer.Test.Common/TestConnectionProfileService.cs:line 59
   at Microsoft.SqlTools.ServiceLayer.Test.Common.TestConnectionProfileService.GetConnectionParameters(String key, String databaseName) in /Users/aasimkhan/src/sqltoolsservice/test/Microsoft.SqlTools.ServiceLayer.Test.Common/TestConnectionProfileService.cs:line 65
   at Microsoft.SqlTools.ServiceLayer.Test.Common.TestConnectionProfileService.GetConnectionParameters(TestServerType serverType, String databaseName) in /Users/aasimkhan/src/sqltoolsservice/test/Microsoft.SqlTools.ServiceLayer.Test.Common/TestConnectionProfileService.cs:line 75
   at Microsoft.SqlTools.ServiceLayer.IntegrationTests.Cms.CmsServiceTests.CreateConnectParams() in /Users/aasimkhan/src/sqltoolsservice/test/Microsoft.SqlTools.ServiceLayer.IntegrationTests/Cms/CmsServiceTests.cs:line 25
   at Microsoft.SqlTools.ServiceLayer.IntegrationTests.Cms.CmsServiceTests.TestAddCMS() in /Users/aasimkhan/src/sqltoolsservice/test/Microsoft.SqlTools.ServiceLayer.IntegrationTests/Cms/CmsServiceTests.cs:line 46
   at NUnit.Framework.Internal.TaskAwaitAdapter.GenericAdapter`1.GetResult()
   at NUnit.Framework.Internal.AsyncToSyncAdapter.Await(Func`1 invoke)
   at NUnit.Framework.Internal.Commands.TestMethodCommand.RunTestMethod(TestExecutionContext context)
   at NUnit.Framework.Internal.Commands.TestMethodCommand.Execute(TestExecutionContext context)
   at NUnit.Framework.Internal.Execution.SimpleWorkItem.&lt;&gt;c__DisplayClass4_0.&lt;PerformWork&gt;b__0()
   at NUnit.Framework.Internal.ContextUtils.&lt;&gt;c__DisplayClass1_0`1.&lt;DoIsolated&gt;b__0(Object _)

1)    at Microsoft.SqlTools.ServiceLayer.Test.Common.TestConnectionProfileService.GetInstance(String key) in /Users/aasimkhan/src/sqltoolsservice/test/Microsoft.SqlTools.ServiceLayer.Test.Common/TestConnectionProfileService.cs:line 59
   at Microsoft.SqlTools.ServiceLayer.Test.Common.TestConnectionProfileService.GetConnectionParameters(String key, String databaseName) in /Users/aasimkhan/src/sqltoolsservice/test/Microsoft.SqlTools.ServiceLayer.Test.Common/TestConnectionProfileService.cs:line 65
   at Microsoft.SqlTools.ServiceLayer.Test.Common.TestConnectionProfileService.GetConnectionParameters(TestServerType serverType, String databaseName) in /Users/aasimkhan/src/sqltoolsservice/test/Microsoft.SqlTools.ServiceLayer.Test.Common/TestConnectionProfileService.cs:line 75
   at Microsoft.SqlTools.ServiceLayer.IntegrationTests.Cms.CmsServiceTests.CreateConnectParams() in /Users/aasimkhan/src/sqltoolsservice/test/Microsoft.SqlTools.ServiceLayer.IntegrationTests/Cms/CmsServiceTests.cs:line 25
   at Microsoft.SqlTools.ServiceLayer.IntegrationTests.Cms.CmsServiceTests.TestAddCMS() in /Users/aasimkhan/src/sqltoolsservice/test/Microsoft.SqlTools.ServiceLayer.IntegrationTests/Cms/CmsServiceTests.cs:line 46
   at System.Runtime.CompilerServices.AsyncMethodBuilderCore.Start[TStateMachine](TStateMachine&amp; stateMachine)
   at Microsoft.SqlTools.ServiceLayer.IntegrationTests.Cms.CmsServiceTests.TestAddCMS()</failure>
    </testcase>
    <testcase classname="Microsoft.SqlTools.ServiceLayer.IntegrationTests.Cms.CmsServiceTests" name="TestAddRemoveNestedGroup" time="0.0024110">
      <failure type="failure" message="  Cannot find any instance for version key: sqlOnPrem&#xA;  Expected: True&#xA;  But was:  False&#xA;">at Microsoft.SqlTools.ServiceLayer.Test.Common.TestConnectionProfileService.GetInstance(String key) in /Users/aasimkhan/src/sqltoolsservice/test/Microsoft.SqlTools.ServiceLayer.Test.Common/TestConnectionProfileService.cs:line 59
   at Microsoft.SqlTools.ServiceLayer.Test.Common.TestConnectionProfileService.GetConnectionParameters(String key, String databaseName) in /Users/aasimkhan/src/sqltoolsservice/test/Microsoft.SqlTools.ServiceLayer.Test.Common/TestConnectionProfileService.cs:line 65
   at Microsoft.SqlTools.ServiceLayer.Test.Common.TestConnectionProfileService.GetConnectionParameters(TestServerType serverType, String databaseName) in /Users/aasimkhan/src/sqltoolsservice/test/Microsoft.SqlTools.ServiceLayer.Test.Common/TestConnectionProfileService.cs:line 75
   at Microsoft.SqlTools.ServiceLayer.IntegrationTests.Cms.CmsServiceTests.CreateConnectParams() in /Users/aasimkhan/src/sqltoolsservice/test/Microsoft.SqlTools.ServiceLayer.IntegrationTests/Cms/CmsServiceTests.cs:line 25
   at Microsoft.SqlTools.ServiceLayer.IntegrationTests.Cms.CmsServiceTests.CreateAndConnectWithConnectParams() in /Users/aasimkhan/src/sqltoolsservice/test/Microsoft.SqlTools.ServiceLayer.IntegrationTests/Cms/CmsServiceTests.cs:line 35
   at Microsoft.SqlTools.ServiceLayer.IntegrationTests.Cms.CmsServiceTests.TestAddRemoveNestedGroup() in /Users/aasimkhan/src/sqltoolsservice/test/Microsoft.SqlTools.ServiceLayer.IntegrationTests/Cms/CmsServiceTests.cs:line 183
   at NUnit.Framework.Internal.TaskAwaitAdapter.GenericAdapter`1.GetResult()
   at NUnit.Framework.Internal.AsyncToSyncAdapter.Await(Func`1 invoke)
   at NUnit.Framework.Internal.Commands.TestMethodCommand.RunTestMethod(TestExecutionContext context)
   at NUnit.Framework.Internal.Commands.TestMethodCommand.Execute(TestExecutionContext context)
   at NUnit.Framework.Internal.Execution.SimpleWorkItem.&lt;&gt;c__DisplayClass4_0.&lt;PerformWork&gt;b__0()
   at NUnit.Framework.Internal.ContextUtils.&lt;&gt;c__DisplayClass1_0`1.&lt;DoIsolated&gt;b__0(Object _)

1)    at Microsoft.SqlTools.ServiceLayer.Test.Common.TestConnectionProfileService.GetInstance(String key) in /Users/aasimkhan/src/sqltoolsservice/test/Microsoft.SqlTools.ServiceLayer.Test.Common/TestConnectionProfileService.cs:line 59
   at Microsoft.SqlTools.ServiceLayer.Test.Common.TestConnectionProfileService.GetConnectionParameters(String key, String databaseName) in /Users/aasimkhan/src/sqltoolsservice/test/Microsoft.SqlTools.ServiceLayer.Test.Common/TestConnectionProfileService.cs:line 65
   at Microsoft.SqlTools.ServiceLayer.Test.Common.TestConnectionProfileService.GetConnectionParameters(TestServerType serverType, String databaseName) in /Users/aasimkhan/src/sqltoolsservice/test/Microsoft.SqlTools.ServiceLayer.Test.Common/TestConnectionProfileService.cs:line 75
   at Microsoft.SqlTools.ServiceLayer.IntegrationTests.Cms.CmsServiceTests.CreateConnectParams() in /Users/aasimkhan/src/sqltoolsservice/test/Microsoft.SqlTools.ServiceLayer.IntegrationTests/Cms/CmsServiceTests.cs:line 25
   at Microsoft.SqlTools.ServiceLayer.IntegrationTests.Cms.CmsServiceTests.CreateAndConnectWithConnectParams() in /Users/aasimkhan/src/sqltoolsservice/test/Microsoft.SqlTools.ServiceLayer.IntegrationTests/Cms/CmsServiceTests.cs:line 35
   at System.Runtime.CompilerServices.AsyncMethodBuilderCore.Start[TStateMachine](TStateMachine&amp; stateMachine)
   at Microsoft.SqlTools.ServiceLayer.IntegrationTests.Cms.CmsServiceTests.CreateAndConnectWithConnectParams()
   at Microsoft.SqlTools.ServiceLayer.IntegrationTests.Cms.CmsServiceTests.TestAddRemoveNestedGroup() in /Users/aasimkhan/src/sqltoolsservice/test/Microsoft.SqlTools.ServiceLayer.IntegrationTests/Cms/CmsServiceTests.cs:line 183
   at System.Runtime.CompilerServices.AsyncMethodBuilderCore.Start[TStateMachine](TStateMachine&amp; stateMachine)
   at Microsoft.SqlTools.ServiceLayer.IntegrationTests.Cms.CmsServiceTests.TestAddRemoveNestedGroup()</failure>
    </testcase>
    <testcase classname="Microsoft.SqlTools.ServiceLayer.IntegrationTests.Cms.CmsServiceTests" name="TestAddRemoveRegisteredServer" time="0.0012480">
      <failure type="failure" message="  Cannot find any instance for version key: sqlOnPrem&#xA;  Expected: True&#xA;  But was:  False&#xA;">at Microsoft.SqlTools.ServiceLayer.Test.Common.TestConnectionProfileService.GetInstance(String key) in /Users/aasimkhan/src/sqltoolsservice/test/Microsoft.SqlTools.ServiceLayer.Test.Common/TestConnectionProfileService.cs:line 59
   at Microsoft.SqlTools.ServiceLayer.Test.Common.TestConnectionProfileService.GetConnectionParameters(String key, String databaseName) in /Users/aasimkhan/src/sqltoolsservice/test/Microsoft.SqlTools.ServiceLayer.Test.Common/TestConnectionProfileService.cs:line 65
   at Microsoft.SqlTools.ServiceLayer.Test.Common.TestConnectionProfileService.GetConnectionParameters(TestServerType serverType, String databaseName) in /Users/aasimkhan/src/sqltoolsservice/test/Microsoft.SqlTools.ServiceLayer.Test.Common/TestConnectionProfileService.cs:line 75
   at Microsoft.SqlTools.ServiceLayer.IntegrationTests.Cms.CmsServiceTests.CreateConnectParams() in /Users/aasimkhan/src/sqltoolsservice/test/Microsoft.SqlTools.ServiceLayer.IntegrationTests/Cms/CmsServiceTests.cs:line 25
   at Microsoft.SqlTools.ServiceLayer.IntegrationTests.Cms.CmsServiceTests.CreateAndConnectWithConnectParams() in /Users/aasimkhan/src/sqltoolsservice/test/Microsoft.SqlTools.ServiceLayer.IntegrationTests/Cms/CmsServiceTests.cs:line 35
   at Microsoft.SqlTools.ServiceLayer.IntegrationTests.Cms.CmsServiceTests.TestAddRemoveRegisteredServer() in /Users/aasimkhan/src/sqltoolsservice/test/Microsoft.SqlTools.ServiceLayer.IntegrationTests/Cms/CmsServiceTests.cs:line 72
   at NUnit.Framework.Internal.TaskAwaitAdapter.GenericAdapter`1.GetResult()
   at NUnit.Framework.Internal.AsyncToSyncAdapter.Await(Func`1 invoke)
   at NUnit.Framework.Internal.Commands.TestMethodCommand.RunTestMethod(TestExecutionContext context)
   at NUnit.Framework.Internal.Commands.TestMethodCommand.Execute(TestExecutionContext context)
   at NUnit.Framework.Internal.Execution.SimpleWorkItem.&lt;&gt;c__DisplayClass4_0.&lt;PerformWork&gt;b__0()
   at NUnit.Framework.Internal.ContextUtils.&lt;&gt;c__DisplayClass1_0`1.&lt;DoIsolated&gt;b__0(Object _)

1)    at Microsoft.SqlTools.ServiceLayer.Test.Common.TestConnectionProfileService.GetInstance(String key) in /Users/aasimkhan/src/sqltoolsservice/test/Microsoft.SqlTools.ServiceLayer.Test.Common/TestConnectionProfileService.cs:line 59
   at Microsoft.SqlTools.ServiceLayer.Test.Common.TestConnectionProfileService.GetConnectionParameters(String key, String databaseName) in /Users/aasimkhan/src/sqltoolsservice/test/Microsoft.SqlTools.ServiceLayer.Test.Common/TestConnectionProfileService.cs:line 65
   at Microsoft.SqlTools.ServiceLayer.Test.Common.TestConnectionProfileService.GetConnectionParameters(TestServerType serverType, String databaseName) in /Users/aasimkhan/src/sqltoolsservice/test/Microsoft.SqlTools.ServiceLayer.Test.Common/TestConnectionProfileService.cs:line 75
   at Microsoft.SqlTools.ServiceLayer.IntegrationTests.Cms.CmsServiceTests.CreateConnectParams() in /Users/aasimkhan/src/sqltoolsservice/test/Microsoft.SqlTools.ServiceLayer.IntegrationTests/Cms/CmsServiceTests.cs:line 25
   at Microsoft.SqlTools.ServiceLayer.IntegrationTests.Cms.CmsServiceTests.CreateAndConnectWithConnectParams() in /Users/aasimkhan/src/sqltoolsservice/test/Microsoft.SqlTools.ServiceLayer.IntegrationTests/Cms/CmsServiceTests.cs:line 35
   at System.Runtime.CompilerServices.AsyncMethodBuilderCore.Start[TStateMachine](TStateMachine&amp; stateMachine)
   at Microsoft.SqlTools.ServiceLayer.IntegrationTests.Cms.CmsServiceTests.CreateAndConnectWithConnectParams()
   at Microsoft.SqlTools.ServiceLayer.IntegrationTests.Cms.CmsServiceTests.TestAddRemoveRegisteredServer() in /Users/aasimkhan/src/sqltoolsservice/test/Microsoft.SqlTools.ServiceLayer.IntegrationTests/Cms/CmsServiceTests.cs:line 72
   at System.Runtime.CompilerServices.AsyncMethodBuilderCore.Start[TStateMachine](TStateMachine&amp; stateMachine)
   at Microsoft.SqlTools.ServiceLayer.IntegrationTests.Cms.CmsServiceTests.TestAddRemoveRegisteredServer()</failure>
    </testcase>
    <testcase classname="Microsoft.SqlTools.ServiceLayer.IntegrationTests.Cms.CmsServiceTests" name="TestAddRemoveServerGroup" time="0.0013360">
      <failure type="failure" message="  Cannot find any instance for version key: sqlOnPrem&#xA;  Expected: True&#xA;  But was:  False&#xA;">at Microsoft.SqlTools.ServiceLayer.Test.Common.TestConnectionProfileService.GetInstance(String key) in /Users/aasimkhan/src/sqltoolsservice/test/Microsoft.SqlTools.ServiceLayer.Test.Common/TestConnectionProfileService.cs:line 59
   at Microsoft.SqlTools.ServiceLayer.Test.Common.TestConnectionProfileService.GetConnectionParameters(String key, String databaseName) in /Users/aasimkhan/src/sqltoolsservice/test/Microsoft.SqlTools.ServiceLayer.Test.Common/TestConnectionProfileService.cs:line 65
   at Microsoft.SqlTools.ServiceLayer.Test.Common.TestConnectionProfileService.GetConnectionParameters(TestServerType serverType, String databaseName) in /Users/aasimkhan/src/sqltoolsservice/test/Microsoft.SqlTools.ServiceLayer.Test.Common/TestConnectionProfileService.cs:line 75
   at Microsoft.SqlTools.ServiceLayer.IntegrationTests.Cms.CmsServiceTests.CreateConnectParams() in /Users/aasimkhan/src/sqltoolsservice/test/Microsoft.SqlTools.ServiceLayer.IntegrationTests/Cms/CmsServiceTests.cs:line 25
   at Microsoft.SqlTools.ServiceLayer.IntegrationTests.Cms.CmsServiceTests.CreateAndConnectWithConnectParams() in /Users/aasimkhan/src/sqltoolsservice/test/Microsoft.SqlTools.ServiceLayer.IntegrationTests/Cms/CmsServiceTests.cs:line 35
   at Microsoft.SqlTools.ServiceLayer.IntegrationTests.Cms.CmsServiceTests.TestAddRemoveServerGroup() in /Users/aasimkhan/src/sqltoolsservice/test/Microsoft.SqlTools.ServiceLayer.IntegrationTests/Cms/CmsServiceTests.cs:line 131
   at NUnit.Framework.Internal.TaskAwaitAdapter.GenericAdapter`1.GetResult()
   at NUnit.Framework.Internal.AsyncToSyncAdapter.Await(Func`1 invoke)
   at NUnit.Framework.Internal.Commands.TestMethodCommand.RunTestMethod(TestExecutionContext context)
   at NUnit.Framework.Internal.Commands.TestMethodCommand.Execute(TestExecutionContext context)
   at NUnit.Framework.Internal.Execution.SimpleWorkItem.&lt;&gt;c__DisplayClass4_0.&lt;PerformWork&gt;b__0()
   at NUnit.Framework.Internal.ContextUtils.&lt;&gt;c__DisplayClass1_0`1.&lt;DoIsolated&gt;b__0(Object _)

1)    at Microsoft.SqlTools.ServiceLayer.Test.Common.TestConnectionProfileService.GetInstance(String key) in /Users/aasimkhan/src/sqltoolsservice/test/Microsoft.SqlTools.ServiceLayer.Test.Common/TestConnectionProfileService.cs:line 59
   at Microsoft.SqlTools.ServiceLayer.Test.Common.TestConnectionProfileService.GetConnectionParameters(String key, String databaseName) in /Users/aasimkhan/src/sqltoolsservice/test/Microsoft.SqlTools.ServiceLayer.Test.Common/TestConnectionProfileService.cs:line 65
   at Microsoft.SqlTools.ServiceLayer.Test.Common.TestConnectionProfileService.GetConnectionParameters(TestServerType serverType, String databaseName) in /Users/aasimkhan/src/sqltoolsservice/test/Microsoft.SqlTools.ServiceLayer.Test.Common/TestConnectionProfileService.cs:line 75
   at Microsoft.SqlTools.ServiceLayer.IntegrationTests.Cms.CmsServiceTests.CreateConnectParams() in /Users/aasimkhan/src/sqltoolsservice/test/Microsoft.SqlTools.ServiceLayer.IntegrationTests/Cms/CmsServiceTests.cs:line 25
   at Microsoft.SqlTools.ServiceLayer.IntegrationTests.Cms.CmsServiceTests.CreateAndConnectWithConnectParams() in /Users/aasimkhan/src/sqltoolsservice/test/Microsoft.SqlTools.ServiceLayer.IntegrationTests/Cms/CmsServiceTests.cs:line 35
   at System.Runtime.CompilerServices.AsyncMethodBuilderCore.Start[TStateMachine](TStateMachine&amp; stateMachine)
   at Microsoft.SqlTools.ServiceLayer.IntegrationTests.Cms.CmsServiceTests.CreateAndConnectWithConnectParams()
   at Microsoft.SqlTools.ServiceLayer.IntegrationTests.Cms.CmsServiceTests.TestAddRemoveServerGroup() in /Users/aasimkhan/src/sqltoolsservice/test/Microsoft.SqlTools.ServiceLayer.IntegrationTests/Cms/CmsServiceTests.cs:line 131
   at System.Runtime.CompilerServices.AsyncMethodBuilderCore.Start[TStateMachine](TStateMachine&amp; stateMachine)
   at Microsoft.SqlTools.ServiceLayer.IntegrationTests.Cms.CmsServiceTests.TestAddRemoveServerGroup()</failure>
    </testcase>
    <testcase classname="Microsoft.SqlTools.ServiceLayer.IntegrationTests.Connection.ConnectionServiceTests" name="DatabaseChangesAffectAllConnections" time="0.0013940">
      <failure type="failure" message="  Cannot find any instance for version key: sqlOnPrem&#xA;  Expected: True&#xA;  But was:  False&#xA;">at Microsoft.SqlTools.ServiceLayer.Test.Common.TestConnectionProfileService.GetInstance(String key) in /Users/aasimkhan/src/sqltoolsservice/test/Microsoft.SqlTools.ServiceLayer.Test.Common/TestConnectionProfileService.cs:line 59
   at Microsoft.SqlTools.ServiceLayer.Test.Common.TestConnectionProfileService.GetConnectionParameters(String key, String databaseName) in /Users/aasimkhan/src/sqltoolsservice/test/Microsoft.SqlTools.ServiceLayer.Test.Common/TestConnectionProfileService.cs:line 65
   at Microsoft.SqlTools.ServiceLayer.Test.Common.TestConnectionProfileService.GetConnectionParameters(TestServerType serverType, String databaseName) in /Users/aasimkhan/src/sqltoolsservice/test/Microsoft.SqlTools.ServiceLayer.Test.Common/TestConnectionProfileService.cs:line 75
   at Microsoft.SqlTools.ServiceLayer.IntegrationTests.Utility.LiveConnectionHelper.InitLiveConnectionInfoAsync(String databaseName, String ownerUri, String connectionType, TestServerType serverType) in /Users/aasimkhan/src/sqltoolsservice/test/Microsoft.SqlTools.ServiceLayer.IntegrationTests/Utility/LiveConnectionHelper.cs:line 68
   at Microsoft.SqlTools.ServiceLayer.IntegrationTests.Utility.LiveConnectionHelper.InitLiveConnectionInfo(String databaseName, String ownerUri) in /Users/aasimkhan/src/sqltoolsservice/test/Microsoft.SqlTools.ServiceLayer.IntegrationTests/Utility/LiveConnectionHelper.cs:line 52
   at Microsoft.SqlTools.ServiceLayer.IntegrationTests.Connection.ConnectionServiceTests.DatabaseChangesAffectAllConnections() in /Users/aasimkhan/src/sqltoolsservice/test/Microsoft.SqlTools.ServiceLayer.IntegrationTests/Connection/ConnectionServiceTests.cs:line 73

1)    at Microsoft.SqlTools.ServiceLayer.Test.Common.TestConnectionProfileService.GetInstance(String key) in /Users/aasimkhan/src/sqltoolsservice/test/Microsoft.SqlTools.ServiceLayer.Test.Common/TestConnectionProfileService.cs:line 59
   at Microsoft.SqlTools.ServiceLayer.Test.Common.TestConnectionProfileService.GetConnectionParameters(String key, String databaseName) in /Users/aasimkhan/src/sqltoolsservice/test/Microsoft.SqlTools.ServiceLayer.Test.Common/TestConnectionProfileService.cs:line 65
   at Microsoft.SqlTools.ServiceLayer.Test.Common.TestConnectionProfileService.GetConnectionParameters(TestServerType serverType, String databaseName) in /Users/aasimkhan/src/sqltoolsservice/test/Microsoft.SqlTools.ServiceLayer.Test.Common/TestConnectionProfileService.cs:line 75
   at Microsoft.SqlTools.ServiceLayer.IntegrationTests.Utility.LiveConnectionHelper.InitLiveConnectionInfoAsync(String databaseName, String ownerUri, String connectionType, TestServerType serverType) in /Users/aasimkhan/src/sqltoolsservice/test/Microsoft.SqlTools.ServiceLayer.IntegrationTests/Utility/LiveConnectionHelper.cs:line 68
   at System.Runtime.CompilerServices.AsyncMethodBuilderCore.Start[TStateMachine](TStateMachine&amp; stateMachine)
   at Microsoft.SqlTools.ServiceLayer.IntegrationTests.Utility.LiveConnectionHelper.InitLiveConnectionInfoAsync(String databaseName, String ownerUri, String connectionType, TestServerType serverType)
   at Microsoft.SqlTools.ServiceLayer.IntegrationTests.Utility.LiveConnectionHelper.InitLiveConnectionInfo(String databaseName, String ownerUri) in /Users/aasimkhan/src/sqltoolsservice/test/Microsoft.SqlTools.ServiceLayer.IntegrationTests/Utility/LiveConnectionHelper.cs:line 52
   at Microsoft.SqlTools.ServiceLayer.IntegrationTests.Connection.ConnectionServiceTests.DatabaseChangesAffectAllConnections() in /Users/aasimkhan/src/sqltoolsservice/test/Microsoft.SqlTools.ServiceLayer.IntegrationTests/Connection/ConnectionServiceTests.cs:line 73</failure>
    </testcase>
    <testcase classname="Microsoft.SqlTools.ServiceLayer.IntegrationTests.Connection.ConnectionServiceTests" name="GetCurrentConnectionStringTest" time="0.0013850">
      <failure type="failure" message="  Cannot find any instance for version key: sqlOnPrem&#xA;  Expected: True&#xA;  But was:  False&#xA;">at Microsoft.SqlTools.ServiceLayer.Test.Common.TestConnectionProfileService.GetInstance(String key) in /Users/aasimkhan/src/sqltoolsservice/test/Microsoft.SqlTools.ServiceLayer.Test.Common/TestConnectionProfileService.cs:line 59
   at Microsoft.SqlTools.ServiceLayer.Test.Common.TestConnectionProfileService.GetConnectionParameters(String key, String databaseName) in /Users/aasimkhan/src/sqltoolsservice/test/Microsoft.SqlTools.ServiceLayer.Test.Common/TestConnectionProfileService.cs:line 65
   at Microsoft.SqlTools.ServiceLayer.Test.Common.TestConnectionProfileService.GetConnectionParameters(TestServerType serverType, String databaseName) in /Users/aasimkhan/src/sqltoolsservice/test/Microsoft.SqlTools.ServiceLayer.Test.Common/TestConnectionProfileService.cs:line 75
   at Microsoft.SqlTools.ServiceLayer.IntegrationTests.Utility.LiveConnectionHelper.InitLiveConnectionInfoAsync(String databaseName, String ownerUri, String connectionType, TestServerType serverType) in /Users/aasimkhan/src/sqltoolsservice/test/Microsoft.SqlTools.ServiceLayer.IntegrationTests/Utility/LiveConnectionHelper.cs:line 68
   at Microsoft.SqlTools.ServiceLayer.IntegrationTests.Utility.LiveConnectionHelper.InitLiveConnectionInfo(String databaseName, String ownerUri) in /Users/aasimkhan/src/sqltoolsservice/test/Microsoft.SqlTools.ServiceLayer.IntegrationTests/Utility/LiveConnectionHelper.cs:line 52
   at Microsoft.SqlTools.ServiceLayer.IntegrationTests.Connection.ConnectionServiceTests.GetCurrentConnectionStringTest() in /Users/aasimkhan/src/sqltoolsservice/test/Microsoft.SqlTools.ServiceLayer.IntegrationTests/Connection/ConnectionServiceTests.cs:line 119
   at NUnit.Framework.Internal.TaskAwaitAdapter.GenericAdapter`1.GetResult()
   at NUnit.Framework.Internal.AsyncToSyncAdapter.Await(Func`1 invoke)
   at NUnit.Framework.Internal.Commands.TestMethodCommand.RunTestMethod(TestExecutionContext context)
   at NUnit.Framework.Internal.Commands.TestMethodCommand.Execute(TestExecutionContext context)
   at NUnit.Framework.Internal.Execution.SimpleWorkItem.&lt;&gt;c__DisplayClass4_0.&lt;PerformWork&gt;b__0()
   at NUnit.Framework.Internal.ContextUtils.&lt;&gt;c__DisplayClass1_0`1.&lt;DoIsolated&gt;b__0(Object _)

1)    at Microsoft.SqlTools.ServiceLayer.Test.Common.TestConnectionProfileService.GetInstance(String key) in /Users/aasimkhan/src/sqltoolsservice/test/Microsoft.SqlTools.ServiceLayer.Test.Common/TestConnectionProfileService.cs:line 59
   at Microsoft.SqlTools.ServiceLayer.Test.Common.TestConnectionProfileService.GetConnectionParameters(String key, String databaseName) in /Users/aasimkhan/src/sqltoolsservice/test/Microsoft.SqlTools.ServiceLayer.Test.Common/TestConnectionProfileService.cs:line 65
   at Microsoft.SqlTools.ServiceLayer.Test.Common.TestConnectionProfileService.GetConnectionParameters(TestServerType serverType, String databaseName) in /Users/aasimkhan/src/sqltoolsservice/test/Microsoft.SqlTools.ServiceLayer.Test.Common/TestConnectionProfileService.cs:line 75
   at Microsoft.SqlTools.ServiceLayer.IntegrationTests.Utility.LiveConnectionHelper.InitLiveConnectionInfoAsync(String databaseName, String ownerUri, String connectionType, TestServerType serverType) in /Users/aasimkhan/src/sqltoolsservice/test/Microsoft.SqlTools.ServiceLayer.IntegrationTests/Utility/LiveConnectionHelper.cs:line 68
   at System.Runtime.CompilerServices.AsyncMethodBuilderCore.Start[TStateMachine](TStateMachine&amp; stateMachine)
   at Microsoft.SqlTools.ServiceLayer.IntegrationTests.Utility.LiveConnectionHelper.InitLiveConnectionInfoAsync(String databaseName, String ownerUri, String connectionType, TestServerType serverType)
   at Microsoft.SqlTools.ServiceLayer.IntegrationTests.Utility.LiveConnectionHelper.InitLiveConnectionInfo(String databaseName, String ownerUri) in /Users/aasimkhan/src/sqltoolsservice/test/Microsoft.SqlTools.ServiceLayer.IntegrationTests/Utility/LiveConnectionHelper.cs:line 52
   at Microsoft.SqlTools.ServiceLayer.IntegrationTests.Connection.ConnectionServiceTests.GetCurrentConnectionStringTest() in /Users/aasimkhan/src/sqltoolsservice/test/Microsoft.SqlTools.ServiceLayer.IntegrationTests/Connection/ConnectionServiceTests.cs:line 119
   at System.Runtime.CompilerServices.AsyncMethodBuilderCore.Start[TStateMachine](TStateMachine&amp; stateMachine)
   at Microsoft.SqlTools.ServiceLayer.IntegrationTests.Connection.ConnectionServiceTests.GetCurrentConnectionStringTest()</failure>
    </testcase>
    <testcase classname="Microsoft.SqlTools.ServiceLayer.IntegrationTests.Connection.ConnectionServiceTests" name="GetCurrentConnectionStringTestWithConnectionDetails" time="0.0409510" />
    <testcase classname="Microsoft.SqlTools.ServiceLayer.IntegrationTests.Connection.ConnectionServiceTests" name="GetCurrentConnectionStringTestwithoutApplicationName" time="0.0014390">
      <failure type="failure" message="  Cannot find any instance for version key: sqlOnPrem&#xA;  Expected: True&#xA;  But was:  False&#xA;">at Microsoft.SqlTools.ServiceLayer.Test.Common.TestConnectionProfileService.GetInstance(String key) in /Users/aasimkhan/src/sqltoolsservice/test/Microsoft.SqlTools.ServiceLayer.Test.Common/TestConnectionProfileService.cs:line 59
   at Microsoft.SqlTools.ServiceLayer.Test.Common.TestConnectionProfileService.GetConnectionParameters(String key, String databaseName) in /Users/aasimkhan/src/sqltoolsservice/test/Microsoft.SqlTools.ServiceLayer.Test.Common/TestConnectionProfileService.cs:line 65
   at Microsoft.SqlTools.ServiceLayer.Test.Common.TestConnectionProfileService.GetConnectionParameters(TestServerType serverType, String databaseName) in /Users/aasimkhan/src/sqltoolsservice/test/Microsoft.SqlTools.ServiceLayer.Test.Common/TestConnectionProfileService.cs:line 75
   at Microsoft.SqlTools.ServiceLayer.IntegrationTests.Utility.LiveConnectionHelper.InitLiveConnectionInfoAsync(String databaseName, String ownerUri, String connectionType, TestServerType serverType) in /Users/aasimkhan/src/sqltoolsservice/test/Microsoft.SqlTools.ServiceLayer.IntegrationTests/Utility/LiveConnectionHelper.cs:line 68
   at Microsoft.SqlTools.ServiceLayer.IntegrationTests.Utility.LiveConnectionHelper.InitLiveConnectionInfo(String databaseName, String ownerUri) in /Users/aasimkhan/src/sqltoolsservice/test/Microsoft.SqlTools.ServiceLayer.IntegrationTests/Utility/LiveConnectionHelper.cs:line 52
   at Microsoft.SqlTools.ServiceLayer.IntegrationTests.Connection.ConnectionServiceTests.GetCurrentConnectionStringTestwithoutApplicationName() in /Users/aasimkhan/src/sqltoolsservice/test/Microsoft.SqlTools.ServiceLayer.IntegrationTests/Connection/ConnectionServiceTests.cs:line 156
   at NUnit.Framework.Internal.TaskAwaitAdapter.GenericAdapter`1.GetResult()
   at NUnit.Framework.Internal.AsyncToSyncAdapter.Await(Func`1 invoke)
   at NUnit.Framework.Internal.Commands.TestMethodCommand.RunTestMethod(TestExecutionContext context)
   at NUnit.Framework.Internal.Commands.TestMethodCommand.Execute(TestExecutionContext context)
   at NUnit.Framework.Internal.Execution.SimpleWorkItem.&lt;&gt;c__DisplayClass4_0.&lt;PerformWork&gt;b__0()
   at NUnit.Framework.Internal.ContextUtils.&lt;&gt;c__DisplayClass1_0`1.&lt;DoIsolated&gt;b__0(Object _)

1)    at Microsoft.SqlTools.ServiceLayer.Test.Common.TestConnectionProfileService.GetInstance(String key) in /Users/aasimkhan/src/sqltoolsservice/test/Microsoft.SqlTools.ServiceLayer.Test.Common/TestConnectionProfileService.cs:line 59
   at Microsoft.SqlTools.ServiceLayer.Test.Common.TestConnectionProfileService.GetConnectionParameters(String key, String databaseName) in /Users/aasimkhan/src/sqltoolsservice/test/Microsoft.SqlTools.ServiceLayer.Test.Common/TestConnectionProfileService.cs:line 65
   at Microsoft.SqlTools.ServiceLayer.Test.Common.TestConnectionProfileService.GetConnectionParameters(TestServerType serverType, String databaseName) in /Users/aasimkhan/src/sqltoolsservice/test/Microsoft.SqlTools.ServiceLayer.Test.Common/TestConnectionProfileService.cs:line 75
   at Microsoft.SqlTools.ServiceLayer.IntegrationTests.Utility.LiveConnectionHelper.InitLiveConnectionInfoAsync(String databaseName, String ownerUri, String connectionType, TestServerType serverType) in /Users/aasimkhan/src/sqltoolsservice/test/Microsoft.SqlTools.ServiceLayer.IntegrationTests/Utility/LiveConnectionHelper.cs:line 68
   at System.Runtime.CompilerServices.AsyncMethodBuilderCore.Start[TStateMachine](TStateMachine&amp; stateMachine)
   at Microsoft.SqlTools.ServiceLayer.IntegrationTests.Utility.LiveConnectionHelper.InitLiveConnectionInfoAsync(String databaseName, String ownerUri, String connectionType, TestServerType serverType)
   at Microsoft.SqlTools.ServiceLayer.IntegrationTests.Utility.LiveConnectionHelper.InitLiveConnectionInfo(String databaseName, String ownerUri) in /Users/aasimkhan/src/sqltoolsservice/test/Microsoft.SqlTools.ServiceLayer.IntegrationTests/Utility/LiveConnectionHelper.cs:line 52
   at Microsoft.SqlTools.ServiceLayer.IntegrationTests.Connection.ConnectionServiceTests.GetCurrentConnectionStringTestwithoutApplicationName() in /Users/aasimkhan/src/sqltoolsservice/test/Microsoft.SqlTools.ServiceLayer.IntegrationTests/Connection/ConnectionServiceTests.cs:line 156
   at System.Runtime.CompilerServices.AsyncMethodBuilderCore.Start[TStateMachine](TStateMachine&amp; stateMachine)
   at Microsoft.SqlTools.ServiceLayer.IntegrationTests.Connection.ConnectionServiceTests.GetCurrentConnectionStringTestwithoutApplicationName()</failure>
    </testcase>
    <testcase classname="Microsoft.SqlTools.ServiceLayer.IntegrationTests.Connection.ConnectionServiceTests" name="RunningMultipleQueriesCreatesOnlyOneConnection" time="0.0010210">
      <failure type="failure" message="  Cannot find any instance for version key: sqlOnPrem&#xA;  Expected: True&#xA;  But was:  False&#xA;">at Microsoft.SqlTools.ServiceLayer.Test.Common.TestConnectionProfileService.GetInstance(String key) in /Users/aasimkhan/src/sqltoolsservice/test/Microsoft.SqlTools.ServiceLayer.Test.Common/TestConnectionProfileService.cs:line 59
   at Microsoft.SqlTools.ServiceLayer.Test.Common.TestConnectionProfileService.GetConnectionParameters(String key, String databaseName) in /Users/aasimkhan/src/sqltoolsservice/test/Microsoft.SqlTools.ServiceLayer.Test.Common/TestConnectionProfileService.cs:line 65
   at Microsoft.SqlTools.ServiceLayer.Test.Common.TestConnectionProfileService.GetConnectionParameters(TestServerType serverType, String databaseName) in /Users/aasimkhan/src/sqltoolsservice/test/Microsoft.SqlTools.ServiceLayer.Test.Common/TestConnectionProfileService.cs:line 75
   at Microsoft.SqlTools.ServiceLayer.IntegrationTests.Utility.LiveConnectionHelper.InitLiveConnectionInfoAsync(String databaseName, String ownerUri, String connectionType, TestServerType serverType) in /Users/aasimkhan/src/sqltoolsservice/test/Microsoft.SqlTools.ServiceLayer.IntegrationTests/Utility/LiveConnectionHelper.cs:line 68
   at Microsoft.SqlTools.ServiceLayer.IntegrationTests.Utility.LiveConnectionHelper.InitLiveConnectionInfo(String databaseName, String ownerUri) in /Users/aasimkhan/src/sqltoolsservice/test/Microsoft.SqlTools.ServiceLayer.IntegrationTests/Utility/LiveConnectionHelper.cs:line 52
   at Microsoft.SqlTools.ServiceLayer.IntegrationTests.Connection.ConnectionServiceTests.RunningMultipleQueriesCreatesOnlyOneConnection() in /Users/aasimkhan/src/sqltoolsservice/test/Microsoft.SqlTools.ServiceLayer.IntegrationTests/Connection/ConnectionServiceTests.cs:line 34

1)    at Microsoft.SqlTools.ServiceLayer.Test.Common.TestConnectionProfileService.GetInstance(String key) in /Users/aasimkhan/src/sqltoolsservice/test/Microsoft.SqlTools.ServiceLayer.Test.Common/TestConnectionProfileService.cs:line 59
   at Microsoft.SqlTools.ServiceLayer.Test.Common.TestConnectionProfileService.GetConnectionParameters(String key, String databaseName) in /Users/aasimkhan/src/sqltoolsservice/test/Microsoft.SqlTools.ServiceLayer.Test.Common/TestConnectionProfileService.cs:line 65
   at Microsoft.SqlTools.ServiceLayer.Test.Common.TestConnectionProfileService.GetConnectionParameters(TestServerType serverType, String databaseName) in /Users/aasimkhan/src/sqltoolsservice/test/Microsoft.SqlTools.ServiceLayer.Test.Common/TestConnectionProfileService.cs:line 75
   at Microsoft.SqlTools.ServiceLayer.IntegrationTests.Utility.LiveConnectionHelper.InitLiveConnectionInfoAsync(String databaseName, String ownerUri, String connectionType, TestServerType serverType) in /Users/aasimkhan/src/sqltoolsservice/test/Microsoft.SqlTools.ServiceLayer.IntegrationTests/Utility/LiveConnectionHelper.cs:line 68
   at System.Runtime.CompilerServices.AsyncMethodBuilderCore.Start[TStateMachine](TStateMachine&amp; stateMachine)
   at Microsoft.SqlTools.ServiceLayer.IntegrationTests.Utility.LiveConnectionHelper.InitLiveConnectionInfoAsync(String databaseName, String ownerUri, String connectionType, TestServerType serverType)
   at Microsoft.SqlTools.ServiceLayer.IntegrationTests.Utility.LiveConnectionHelper.InitLiveConnectionInfo(String databaseName, String ownerUri) in /Users/aasimkhan/src/sqltoolsservice/test/Microsoft.SqlTools.ServiceLayer.IntegrationTests/Utility/LiveConnectionHelper.cs:line 52
   at Microsoft.SqlTools.ServiceLayer.IntegrationTests.Connection.ConnectionServiceTests.RunningMultipleQueriesCreatesOnlyOneConnection() in /Users/aasimkhan/src/sqltoolsservice/test/Microsoft.SqlTools.ServiceLayer.IntegrationTests/Connection/ConnectionServiceTests.cs:line 34</failure>
    </testcase>
    <testcase classname="Microsoft.SqlTools.ServiceLayer.IntegrationTests.Connection.ReliableConnectionTests" name="AmbientSettingsPopulateTest" time="0.0020970" />
    <testcase classname="Microsoft.SqlTools.ServiceLayer.IntegrationTests.Connection.ReliableConnectionTests" name="AmbientSettingsStaticPropertiesTest" time="0.0006680" />
    <testcase classname="Microsoft.SqlTools.ServiceLayer.IntegrationTests.Connection.ReliableConnectionTests" name="CalcExponentialRetryDelayWithSchemaDefaultsTest" time="0.0004550" />
    <testcase classname="Microsoft.SqlTools.ServiceLayer.IntegrationTests.Connection.ReliableConnectionTests" name="CheckStaticVariables" time="0.0011900" />
    <testcase classname="Microsoft.SqlTools.ServiceLayer.IntegrationTests.Connection.ReliableConnectionTests" name="DataSchemaErrorTests" time="0.0007530" />
    <testcase classname="Microsoft.SqlTools.ServiceLayer.IntegrationTests.Connection.ReliableConnectionTests" name="FixedDelayPolicyExecuteActionTest" time="0.0025560" />
    <testcase classname="Microsoft.SqlTools.ServiceLayer.IntegrationTests.Connection.ReliableConnectionTests" name="FixedDelayPolicyTest" time="0.0002290" />
    <testcase classname="Microsoft.SqlTools.ServiceLayer.IntegrationTests.Connection.ReliableConnectionTests" name="GetCompleteServerNameTests" time="0.0001789" />
    <testcase classname="Microsoft.SqlTools.ServiceLayer.IntegrationTests.Connection.ReliableConnectionTests" name="GetConnectionStringBuilderExceptionTests" time="0.0055570" />
    <testcase classname="Microsoft.SqlTools.ServiceLayer.IntegrationTests.Connection.ReliableConnectionTests" name="GetConnectionStringBuilderNullConnectionString" time="0.0000390" />
    <testcase classname="Microsoft.SqlTools.ServiceLayer.IntegrationTests.Connection.ReliableConnectionTests" name="GetErrorNumberWithNullExceptionTest" time="0.0000930" />
    <testcase classname="Microsoft.SqlTools.ServiceLayer.IntegrationTests.Connection.ReliableConnectionTests" name="InitReliableSqlConnectionTest" time="0.0010790">
      <failure type="failure" message="  Cannot find any instance for version key: sqlOnPrem&#xA;  Expected: True&#xA;  But was:  False&#xA;">at Microsoft.SqlTools.ServiceLayer.Test.Common.TestConnectionProfileService.GetInstance(String key) in /Users/aasimkhan/src/sqltoolsservice/test/Microsoft.SqlTools.ServiceLayer.Test.Common/TestConnectionProfileService.cs:line 59
   at Microsoft.SqlTools.ServiceLayer.Test.Common.TestConnectionProfileService.GetConnectionParameters(String key, String databaseName) in /Users/aasimkhan/src/sqltoolsservice/test/Microsoft.SqlTools.ServiceLayer.Test.Common/TestConnectionProfileService.cs:line 65
   at Microsoft.SqlTools.ServiceLayer.Test.Common.TestConnectionProfileService.GetConnectionParameters(TestServerType serverType, String databaseName) in /Users/aasimkhan/src/sqltoolsservice/test/Microsoft.SqlTools.ServiceLayer.Test.Common/TestConnectionProfileService.cs:line 75
   at Microsoft.SqlTools.ServiceLayer.IntegrationTests.Utility.LiveConnectionHelper.InitLiveConnectionInfoAsync(String databaseName, String ownerUri, String connectionType, TestServerType serverType) in /Users/aasimkhan/src/sqltoolsservice/test/Microsoft.SqlTools.ServiceLayer.IntegrationTests/Utility/LiveConnectionHelper.cs:line 68
   at Microsoft.SqlTools.ServiceLayer.IntegrationTests.Utility.LiveConnectionHelper.InitLiveConnectionInfo(String databaseName, String ownerUri) in /Users/aasimkhan/src/sqltoolsservice/test/Microsoft.SqlTools.ServiceLayer.IntegrationTests/Utility/LiveConnectionHelper.cs:line 52
   at Microsoft.SqlTools.ServiceLayer.IntegrationTests.Connection.ReliableConnectionTests.InitReliableSqlConnectionTest() in /Users/aasimkhan/src/sqltoolsservice/test/Microsoft.SqlTools.ServiceLayer.IntegrationTests/Connection/ReliableConnectionTests.cs:line 740

1)    at Microsoft.SqlTools.ServiceLayer.Test.Common.TestConnectionProfileService.GetInstance(String key) in /Users/aasimkhan/src/sqltoolsservice/test/Microsoft.SqlTools.ServiceLayer.Test.Common/TestConnectionProfileService.cs:line 59
   at Microsoft.SqlTools.ServiceLayer.Test.Common.TestConnectionProfileService.GetConnectionParameters(String key, String databaseName) in /Users/aasimkhan/src/sqltoolsservice/test/Microsoft.SqlTools.ServiceLayer.Test.Common/TestConnectionProfileService.cs:line 65
   at Microsoft.SqlTools.ServiceLayer.Test.Common.TestConnectionProfileService.GetConnectionParameters(TestServerType serverType, String databaseName) in /Users/aasimkhan/src/sqltoolsservice/test/Microsoft.SqlTools.ServiceLayer.Test.Common/TestConnectionProfileService.cs:line 75
   at Microsoft.SqlTools.ServiceLayer.IntegrationTests.Utility.LiveConnectionHelper.InitLiveConnectionInfoAsync(String databaseName, String ownerUri, String connectionType, TestServerType serverType) in /Users/aasimkhan/src/sqltoolsservice/test/Microsoft.SqlTools.ServiceLayer.IntegrationTests/Utility/LiveConnectionHelper.cs:line 68
   at System.Runtime.CompilerServices.AsyncMethodBuilderCore.Start[TStateMachine](TStateMachine&amp; stateMachine)
   at Microsoft.SqlTools.ServiceLayer.IntegrationTests.Utility.LiveConnectionHelper.InitLiveConnectionInfoAsync(String databaseName, String ownerUri, String connectionType, TestServerType serverType)
   at Microsoft.SqlTools.ServiceLayer.IntegrationTests.Utility.LiveConnectionHelper.InitLiveConnectionInfo(String databaseName, String ownerUri) in /Users/aasimkhan/src/sqltoolsservice/test/Microsoft.SqlTools.ServiceLayer.IntegrationTests/Utility/LiveConnectionHelper.cs:line 52
   at Microsoft.SqlTools.ServiceLayer.IntegrationTests.Connection.ReliableConnectionTests.InitReliableSqlConnectionTest() in /Users/aasimkhan/src/sqltoolsservice/test/Microsoft.SqlTools.ServiceLayer.IntegrationTests/Connection/ReliableConnectionTests.cs:line 740</failure>
    </testcase>
    <testcase classname="Microsoft.SqlTools.ServiceLayer.IntegrationTests.Connection.ReliableConnectionTests" name="IsRetryableExceptionTest" time="0.0001670" />
    <testcase classname="Microsoft.SqlTools.ServiceLayer.IntegrationTests.Connection.ReliableConnectionTests" name="IsSupportedCommandNullCommandTest" time="0.0001910" />
    <testcase classname="Microsoft.SqlTools.ServiceLayer.IntegrationTests.Connection.ReliableConnectionTests" name="ProgressiveRetryPolicyTest" time="0.0002530" />
    <testcase classname="Microsoft.SqlTools.ServiceLayer.IntegrationTests.Connection.ReliableConnectionTests" name="RaiseAmbientIgnoreMessageTest" time="0.0002890" />
    <testcase classname="Microsoft.SqlTools.ServiceLayer.IntegrationTests.Connection.ReliableConnectionTests" name="RaiseAmbientRetryMessageTest" time="0.0006520" />
    <testcase classname="Microsoft.SqlTools.ServiceLayer.IntegrationTests.Connection.ReliableConnectionTests" name="ReliableConnectionHelperTest" time="0.0033580">
      <failure type="failure" message="  Cannot find any instance for version key: sqlOnPrem&#xA;  Expected: True&#xA;  But was:  False&#xA;">at Microsoft.SqlTools.ServiceLayer.Test.Common.TestConnectionProfileService.GetInstance(String key) in /Users/aasimkhan/src/sqltoolsservice/test/Microsoft.SqlTools.ServiceLayer.Test.Common/TestConnectionProfileService.cs:line 59
   at Microsoft.SqlTools.ServiceLayer.Test.Common.TestConnectionProfileService.GetConnectionParameters(String key, String databaseName) in /Users/aasimkhan/src/sqltoolsservice/test/Microsoft.SqlTools.ServiceLayer.Test.Common/TestConnectionProfileService.cs:line 65
   at Microsoft.SqlTools.ServiceLayer.Test.Common.TestConnectionProfileService.GetConnectionParameters(TestServerType serverType, String databaseName) in /Users/aasimkhan/src/sqltoolsservice/test/Microsoft.SqlTools.ServiceLayer.Test.Common/TestConnectionProfileService.cs:line 75
   at Microsoft.SqlTools.ServiceLayer.IntegrationTests.Utility.LiveConnectionHelper.InitLiveConnectionInfoAsync(String databaseName, String ownerUri, String connectionType, TestServerType serverType) in /Users/aasimkhan/src/sqltoolsservice/test/Microsoft.SqlTools.ServiceLayer.IntegrationTests/Utility/LiveConnectionHelper.cs:line 68
   at Microsoft.SqlTools.ServiceLayer.IntegrationTests.Utility.LiveConnectionHelper.InitLiveConnectionInfo(String databaseName, String ownerUri) in /Users/aasimkhan/src/sqltoolsservice/test/Microsoft.SqlTools.ServiceLayer.IntegrationTests/Utility/LiveConnectionHelper.cs:line 52
   at Microsoft.SqlTools.ServiceLayer.IntegrationTests.Connection.ReliableConnectionTests.ReliableConnectionHelperTest() in /Users/aasimkhan/src/sqltoolsservice/test/Microsoft.SqlTools.ServiceLayer.IntegrationTests/Connection/ReliableConnectionTests.cs:line 693

1)    at Microsoft.SqlTools.ServiceLayer.Test.Common.TestConnectionProfileService.GetInstance(String key) in /Users/aasimkhan/src/sqltoolsservice/test/Microsoft.SqlTools.ServiceLayer.Test.Common/TestConnectionProfileService.cs:line 59
   at Microsoft.SqlTools.ServiceLayer.Test.Common.TestConnectionProfileService.GetConnectionParameters(String key, String databaseName) in /Users/aasimkhan/src/sqltoolsservice/test/Microsoft.SqlTools.ServiceLayer.Test.Common/TestConnectionProfileService.cs:line 65
   at Microsoft.SqlTools.ServiceLayer.Test.Common.TestConnectionProfileService.GetConnectionParameters(TestServerType serverType, String databaseName) in /Users/aasimkhan/src/sqltoolsservice/test/Microsoft.SqlTools.ServiceLayer.Test.Common/TestConnectionProfileService.cs:line 75
   at Microsoft.SqlTools.ServiceLayer.IntegrationTests.Utility.LiveConnectionHelper.InitLiveConnectionInfoAsync(String databaseName, String ownerUri, String connectionType, TestServerType serverType) in /Users/aasimkhan/src/sqltoolsservice/test/Microsoft.SqlTools.ServiceLayer.IntegrationTests/Utility/LiveConnectionHelper.cs:line 68
   at System.Runtime.CompilerServices.AsyncMethodBuilderCore.Start[TStateMachine](TStateMachine&amp; stateMachine)
   at Microsoft.SqlTools.ServiceLayer.IntegrationTests.Utility.LiveConnectionHelper.InitLiveConnectionInfoAsync(String databaseName, String ownerUri, String connectionType, TestServerType serverType)
   at Microsoft.SqlTools.ServiceLayer.IntegrationTests.Utility.LiveConnectionHelper.InitLiveConnectionInfo(String databaseName, String ownerUri) in /Users/aasimkhan/src/sqltoolsservice/test/Microsoft.SqlTools.ServiceLayer.IntegrationTests/Utility/LiveConnectionHelper.cs:line 52
   at Microsoft.SqlTools.ServiceLayer.IntegrationTests.Connection.ReliableConnectionTests.ReliableConnectionHelperTest() in /Users/aasimkhan/src/sqltoolsservice/test/Microsoft.SqlTools.ServiceLayer.IntegrationTests/Connection/ReliableConnectionTests.cs:line 693</failure>
    </testcase>
    <testcase classname="Microsoft.SqlTools.ServiceLayer.IntegrationTests.Connection.ReliableConnectionTests" name="ReliableConnectionResourcesTests" time="0.0001840" />
    <testcase classname="Microsoft.SqlTools.ServiceLayer.IntegrationTests.Connection.ReliableConnectionTests" name="ReliableSqlCommandConstructorTests" time="0.0005560" />
    <testcase classname="Microsoft.SqlTools.ServiceLayer.IntegrationTests.Connection.ReliableConnectionTests" name="ReliableSqlCommandProperties" time="0.0029120" />
    <testcase classname="Microsoft.SqlTools.ServiceLayer.IntegrationTests.Connection.ReliableConnectionTests" name="RetryCallbackEventArgsTest" time="0.0002490" />
    <testcase classname="Microsoft.SqlTools.ServiceLayer.IntegrationTests.Connection.ReliableConnectionTests" name="RetryErrorsTest" time="0.0002650" />
    <testcase classname="Microsoft.SqlTools.ServiceLayer.IntegrationTests.Connection.ReliableConnectionTests" name="RetryPolicyFactoryConstructsPoliciesSuccessfully" time="0.0000630" />
    <testcase classname="Microsoft.SqlTools.ServiceLayer.IntegrationTests.Connection.ReliableConnectionTests" name="RetryPolicyFactoryTest" time="0.0007249" />
    <testcase classname="Microsoft.SqlTools.ServiceLayer.IntegrationTests.Connection.ReliableConnectionTests" name="SetLockAndCommandTimeoutThrowsOnNull" time="0.0002390" />
    <testcase classname="Microsoft.SqlTools.ServiceLayer.IntegrationTests.Connection.ReliableConnectionTests" name="StandardExceptionHandlerTests" time="0.0000910" />
    <testcase classname="Microsoft.SqlTools.ServiceLayer.IntegrationTests.Connection.ReliableConnectionTests" name="StatementCompletedTests" time="0.0001850" />
    <testcase classname="Microsoft.SqlTools.ServiceLayer.IntegrationTests.Connection.ReliableConnectionTests" name="TestExecuteNonQuery" time="0.0006070">
      <failure type="failure" message="  Cannot find any instance for version key: sqlOnPrem&#xA;  Expected: True&#xA;  But was:  False&#xA;">at Microsoft.SqlTools.ServiceLayer.Test.Common.TestConnectionProfileService.GetInstance(String key) in /Users/aasimkhan/src/sqltoolsservice/test/Microsoft.SqlTools.ServiceLayer.Test.Common/TestConnectionProfileService.cs:line 59
   at Microsoft.SqlTools.ServiceLayer.Test.Common.TestConnectionProfileService.GetConnectionParameters(String key, String databaseName) in /Users/aasimkhan/src/sqltoolsservice/test/Microsoft.SqlTools.ServiceLayer.Test.Common/TestConnectionProfileService.cs:line 65
   at Microsoft.SqlTools.ServiceLayer.Test.Common.TestConnectionProfileService.GetConnectionParameters(TestServerType serverType, String databaseName) in /Users/aasimkhan/src/sqltoolsservice/test/Microsoft.SqlTools.ServiceLayer.Test.Common/TestConnectionProfileService.cs:line 75
   at Microsoft.SqlTools.ServiceLayer.IntegrationTests.Connection.ReliableConnectionTests.CreateTestConnectionStringBuilder() in /Users/aasimkhan/src/sqltoolsservice/test/Microsoft.SqlTools.ServiceLayer.IntegrationTests/Connection/ReliableConnectionTests.cs:line 234
   at Microsoft.SqlTools.ServiceLayer.IntegrationTests.Connection.ReliableConnectionTests.TestExecuteNonQuery() in /Users/aasimkhan/src/sqltoolsservice/test/Microsoft.SqlTools.ServiceLayer.IntegrationTests/Connection/ReliableConnectionTests.cs:line 518

1)    at Microsoft.SqlTools.ServiceLayer.Test.Common.TestConnectionProfileService.GetInstance(String key) in /Users/aasimkhan/src/sqltoolsservice/test/Microsoft.SqlTools.ServiceLayer.Test.Common/TestConnectionProfileService.cs:line 59
   at Microsoft.SqlTools.ServiceLayer.Test.Common.TestConnectionProfileService.GetConnectionParameters(String key, String databaseName) in /Users/aasimkhan/src/sqltoolsservice/test/Microsoft.SqlTools.ServiceLayer.Test.Common/TestConnectionProfileService.cs:line 65
   at Microsoft.SqlTools.ServiceLayer.Test.Common.TestConnectionProfileService.GetConnectionParameters(TestServerType serverType, String databaseName) in /Users/aasimkhan/src/sqltoolsservice/test/Microsoft.SqlTools.ServiceLayer.Test.Common/TestConnectionProfileService.cs:line 75
   at Microsoft.SqlTools.ServiceLayer.IntegrationTests.Connection.ReliableConnectionTests.CreateTestConnectionStringBuilder() in /Users/aasimkhan/src/sqltoolsservice/test/Microsoft.SqlTools.ServiceLayer.IntegrationTests/Connection/ReliableConnectionTests.cs:line 234
   at Microsoft.SqlTools.ServiceLayer.IntegrationTests.Connection.ReliableConnectionTests.TestExecuteNonQuery() in /Users/aasimkhan/src/sqltoolsservice/test/Microsoft.SqlTools.ServiceLayer.IntegrationTests/Connection/ReliableConnectionTests.cs:line 518</failure>
    </testcase>
    <testcase classname="Microsoft.SqlTools.ServiceLayer.IntegrationTests.Connection.ReliableConnectionTests" name="TestGetCompleteServerName" time="0.0000720" />
    <testcase classname="Microsoft.SqlTools.ServiceLayer.IntegrationTests.Connection.ReliableConnectionTests" name="TestGetDefaultDatabaseFilePath" time="0.0003400">
      <failure type="failure" message="  Cannot find any instance for version key: sqlOnPrem&#xA;  Expected: True&#xA;  But was:  False&#xA;">at Microsoft.SqlTools.ServiceLayer.Test.Common.TestConnectionProfileService.GetInstance(String key) in /Users/aasimkhan/src/sqltoolsservice/test/Microsoft.SqlTools.ServiceLayer.Test.Common/TestConnectionProfileService.cs:line 59
   at Microsoft.SqlTools.ServiceLayer.Test.Common.TestConnectionProfileService.GetConnectionParameters(String key, String databaseName) in /Users/aasimkhan/src/sqltoolsservice/test/Microsoft.SqlTools.ServiceLayer.Test.Common/TestConnectionProfileService.cs:line 65
   at Microsoft.SqlTools.ServiceLayer.Test.Common.TestConnectionProfileService.GetConnectionParameters(TestServerType serverType, String databaseName) in /Users/aasimkhan/src/sqltoolsservice/test/Microsoft.SqlTools.ServiceLayer.Test.Common/TestConnectionProfileService.cs:line 75
   at Microsoft.SqlTools.ServiceLayer.IntegrationTests.Connection.ReliableConnectionTests.CreateTestConnectionStringBuilder() in /Users/aasimkhan/src/sqltoolsservice/test/Microsoft.SqlTools.ServiceLayer.IntegrationTests/Connection/ReliableConnectionTests.cs:line 234
   at Microsoft.SqlTools.ServiceLayer.IntegrationTests.Connection.ReliableConnectionTests.TestGetDefaultDatabaseFilePath() in /Users/aasimkhan/src/sqltoolsservice/test/Microsoft.SqlTools.ServiceLayer.IntegrationTests/Connection/ReliableConnectionTests.cs:line 285

1)    at Microsoft.SqlTools.ServiceLayer.Test.Common.TestConnectionProfileService.GetInstance(String key) in /Users/aasimkhan/src/sqltoolsservice/test/Microsoft.SqlTools.ServiceLayer.Test.Common/TestConnectionProfileService.cs:line 59
   at Microsoft.SqlTools.ServiceLayer.Test.Common.TestConnectionProfileService.GetConnectionParameters(String key, String databaseName) in /Users/aasimkhan/src/sqltoolsservice/test/Microsoft.SqlTools.ServiceLayer.Test.Common/TestConnectionProfileService.cs:line 65
   at Microsoft.SqlTools.ServiceLayer.Test.Common.TestConnectionProfileService.GetConnectionParameters(TestServerType serverType, String databaseName) in /Users/aasimkhan/src/sqltoolsservice/test/Microsoft.SqlTools.ServiceLayer.Test.Common/TestConnectionProfileService.cs:line 75
   at Microsoft.SqlTools.ServiceLayer.IntegrationTests.Connection.ReliableConnectionTests.CreateTestConnectionStringBuilder() in /Users/aasimkhan/src/sqltoolsservice/test/Microsoft.SqlTools.ServiceLayer.IntegrationTests/Connection/ReliableConnectionTests.cs:line 234
   at Microsoft.SqlTools.ServiceLayer.IntegrationTests.Connection.ReliableConnectionTests.TestGetDefaultDatabaseFilePath() in /Users/aasimkhan/src/sqltoolsservice/test/Microsoft.SqlTools.ServiceLayer.IntegrationTests/Connection/ReliableConnectionTests.cs:line 285</failure>
    </testcase>
    <testcase classname="Microsoft.SqlTools.ServiceLayer.IntegrationTests.Connection.ReliableConnectionTests" name="TestGetServerVersion" time="0.0003730">
      <failure type="failure" message="  Cannot find any instance for version key: sqlOnPrem&#xA;  Expected: True&#xA;  But was:  False&#xA;">at Microsoft.SqlTools.ServiceLayer.Test.Common.TestConnectionProfileService.GetInstance(String key) in /Users/aasimkhan/src/sqltoolsservice/test/Microsoft.SqlTools.ServiceLayer.Test.Common/TestConnectionProfileService.cs:line 59
   at Microsoft.SqlTools.ServiceLayer.Test.Common.TestConnectionProfileService.GetConnectionParameters(String key, String databaseName) in /Users/aasimkhan/src/sqltoolsservice/test/Microsoft.SqlTools.ServiceLayer.Test.Common/TestConnectionProfileService.cs:line 65
   at Microsoft.SqlTools.ServiceLayer.Test.Common.TestConnectionProfileService.GetConnectionParameters(TestServerType serverType, String databaseName) in /Users/aasimkhan/src/sqltoolsservice/test/Microsoft.SqlTools.ServiceLayer.Test.Common/TestConnectionProfileService.cs:line 75
   at Microsoft.SqlTools.ServiceLayer.IntegrationTests.Connection.ReliableConnectionTests.CreateTestConnectionStringBuilder() in /Users/aasimkhan/src/sqltoolsservice/test/Microsoft.SqlTools.ServiceLayer.IntegrationTests/Connection/ReliableConnectionTests.cs:line 234
   at Microsoft.SqlTools.ServiceLayer.IntegrationTests.Connection.ReliableConnectionTests.CreateTestConnection() in /Users/aasimkhan/src/sqltoolsservice/test/Microsoft.SqlTools.ServiceLayer.IntegrationTests/Connection/ReliableConnectionTests.cs:line 269
   at Microsoft.SqlTools.ServiceLayer.IntegrationTests.Connection.ReliableConnectionTests.TestGetServerVersion() in /Users/aasimkhan/src/sqltoolsservice/test/Microsoft.SqlTools.ServiceLayer.IntegrationTests/Connection/ReliableConnectionTests.cs:line 312

1)    at Microsoft.SqlTools.ServiceLayer.Test.Common.TestConnectionProfileService.GetInstance(String key) in /Users/aasimkhan/src/sqltoolsservice/test/Microsoft.SqlTools.ServiceLayer.Test.Common/TestConnectionProfileService.cs:line 59
   at Microsoft.SqlTools.ServiceLayer.Test.Common.TestConnectionProfileService.GetConnectionParameters(String key, String databaseName) in /Users/aasimkhan/src/sqltoolsservice/test/Microsoft.SqlTools.ServiceLayer.Test.Common/TestConnectionProfileService.cs:line 65
   at Microsoft.SqlTools.ServiceLayer.Test.Common.TestConnectionProfileService.GetConnectionParameters(TestServerType serverType, String databaseName) in /Users/aasimkhan/src/sqltoolsservice/test/Microsoft.SqlTools.ServiceLayer.Test.Common/TestConnectionProfileService.cs:line 75
   at Microsoft.SqlTools.ServiceLayer.IntegrationTests.Connection.ReliableConnectionTests.CreateTestConnectionStringBuilder() in /Users/aasimkhan/src/sqltoolsservice/test/Microsoft.SqlTools.ServiceLayer.IntegrationTests/Connection/ReliableConnectionTests.cs:line 234
   at Microsoft.SqlTools.ServiceLayer.IntegrationTests.Connection.ReliableConnectionTests.CreateTestConnection() in /Users/aasimkhan/src/sqltoolsservice/test/Microsoft.SqlTools.ServiceLayer.IntegrationTests/Connection/ReliableConnectionTests.cs:line 269
   at Microsoft.SqlTools.ServiceLayer.IntegrationTests.Connection.ReliableConnectionTests.TestGetServerVersion() in /Users/aasimkhan/src/sqltoolsservice/test/Microsoft.SqlTools.ServiceLayer.IntegrationTests/Connection/ReliableConnectionTests.cs:line 312</failure>
    </testcase>
    <testcase classname="Microsoft.SqlTools.ServiceLayer.IntegrationTests.Connection.ReliableConnectionTests" name="TestIsCloudIsFalseForLocalServer" time="0.0002550">
      <failure type="failure" message="  Cannot find any instance for version key: sqlOnPrem&#xA;  Expected: True&#xA;  But was:  False&#xA;">at Microsoft.SqlTools.ServiceLayer.Test.Common.TestConnectionProfileService.GetInstance(String key) in /Users/aasimkhan/src/sqltoolsservice/test/Microsoft.SqlTools.ServiceLayer.Test.Common/TestConnectionProfileService.cs:line 59
   at Microsoft.SqlTools.ServiceLayer.Test.Common.TestConnectionProfileService.GetConnectionParameters(String key, String databaseName) in /Users/aasimkhan/src/sqltoolsservice/test/Microsoft.SqlTools.ServiceLayer.Test.Common/TestConnectionProfileService.cs:line 65
   at Microsoft.SqlTools.ServiceLayer.Test.Common.TestConnectionProfileService.GetConnectionParameters(TestServerType serverType, String databaseName) in /Users/aasimkhan/src/sqltoolsservice/test/Microsoft.SqlTools.ServiceLayer.Test.Common/TestConnectionProfileService.cs:line 75
   at Microsoft.SqlTools.ServiceLayer.IntegrationTests.Connection.ReliableConnectionTests.CreateTestConnectionStringBuilder() in /Users/aasimkhan/src/sqltoolsservice/test/Microsoft.SqlTools.ServiceLayer.IntegrationTests/Connection/ReliableConnectionTests.cs:line 234
   at Microsoft.SqlTools.ServiceLayer.IntegrationTests.Connection.ReliableConnectionTests.CreateTestConnection() in /Users/aasimkhan/src/sqltoolsservice/test/Microsoft.SqlTools.ServiceLayer.IntegrationTests/Connection/ReliableConnectionTests.cs:line 269
   at Microsoft.SqlTools.ServiceLayer.IntegrationTests.Connection.ReliableConnectionTests.TestIsCloudIsFalseForLocalServer() in /Users/aasimkhan/src/sqltoolsservice/test/Microsoft.SqlTools.ServiceLayer.IntegrationTests/Connection/ReliableConnectionTests.cs:line 487

1)    at Microsoft.SqlTools.ServiceLayer.Test.Common.TestConnectionProfileService.GetInstance(String key) in /Users/aasimkhan/src/sqltoolsservice/test/Microsoft.SqlTools.ServiceLayer.Test.Common/TestConnectionProfileService.cs:line 59
   at Microsoft.SqlTools.ServiceLayer.Test.Common.TestConnectionProfileService.GetConnectionParameters(String key, String databaseName) in /Users/aasimkhan/src/sqltoolsservice/test/Microsoft.SqlTools.ServiceLayer.Test.Common/TestConnectionProfileService.cs:line 65
   at Microsoft.SqlTools.ServiceLayer.Test.Common.TestConnectionProfileService.GetConnectionParameters(TestServerType serverType, String databaseName) in /Users/aasimkhan/src/sqltoolsservice/test/Microsoft.SqlTools.ServiceLayer.Test.Common/TestConnectionProfileService.cs:line 75
   at Microsoft.SqlTools.ServiceLayer.IntegrationTests.Connection.ReliableConnectionTests.CreateTestConnectionStringBuilder() in /Users/aasimkhan/src/sqltoolsservice/test/Microsoft.SqlTools.ServiceLayer.IntegrationTests/Connection/ReliableConnectionTests.cs:line 234
   at Microsoft.SqlTools.ServiceLayer.IntegrationTests.Connection.ReliableConnectionTests.CreateTestConnection() in /Users/aasimkhan/src/sqltoolsservice/test/Microsoft.SqlTools.ServiceLayer.IntegrationTests/Connection/ReliableConnectionTests.cs:line 269
   at Microsoft.SqlTools.ServiceLayer.IntegrationTests.Connection.ReliableConnectionTests.TestIsCloudIsFalseForLocalServer() in /Users/aasimkhan/src/sqltoolsservice/test/Microsoft.SqlTools.ServiceLayer.IntegrationTests/Connection/ReliableConnectionTests.cs:line 487</failure>
    </testcase>
    <testcase classname="Microsoft.SqlTools.ServiceLayer.IntegrationTests.Connection.ReliableConnectionTests" name="TestIsDatabaseReadonly" time="0.0002290">
      <failure type="failure" message="  Cannot find any instance for version key: sqlOnPrem&#xA;  Expected: True&#xA;  But was:  False&#xA;">at Microsoft.SqlTools.ServiceLayer.Test.Common.TestConnectionProfileService.GetInstance(String key) in /Users/aasimkhan/src/sqltoolsservice/test/Microsoft.SqlTools.ServiceLayer.Test.Common/TestConnectionProfileService.cs:line 59
   at Microsoft.SqlTools.ServiceLayer.Test.Common.TestConnectionProfileService.GetConnectionParameters(String key, String databaseName) in /Users/aasimkhan/src/sqltoolsservice/test/Microsoft.SqlTools.ServiceLayer.Test.Common/TestConnectionProfileService.cs:line 65
   at Microsoft.SqlTools.ServiceLayer.Test.Common.TestConnectionProfileService.GetConnectionParameters(TestServerType serverType, String databaseName) in /Users/aasimkhan/src/sqltoolsservice/test/Microsoft.SqlTools.ServiceLayer.Test.Common/TestConnectionProfileService.cs:line 75
   at Microsoft.SqlTools.ServiceLayer.IntegrationTests.Connection.ReliableConnectionTests.CreateTestConnectionStringBuilder() in /Users/aasimkhan/src/sqltoolsservice/test/Microsoft.SqlTools.ServiceLayer.IntegrationTests/Connection/ReliableConnectionTests.cs:line 234
   at Microsoft.SqlTools.ServiceLayer.IntegrationTests.Connection.ReliableConnectionTests.TestIsDatabaseReadonly() in /Users/aasimkhan/src/sqltoolsservice/test/Microsoft.SqlTools.ServiceLayer.IntegrationTests/Connection/ReliableConnectionTests.cs:line 356

1)    at Microsoft.SqlTools.ServiceLayer.Test.Common.TestConnectionProfileService.GetInstance(String key) in /Users/aasimkhan/src/sqltoolsservice/test/Microsoft.SqlTools.ServiceLayer.Test.Common/TestConnectionProfileService.cs:line 59
   at Microsoft.SqlTools.ServiceLayer.Test.Common.TestConnectionProfileService.GetConnectionParameters(String key, String databaseName) in /Users/aasimkhan/src/sqltoolsservice/test/Microsoft.SqlTools.ServiceLayer.Test.Common/TestConnectionProfileService.cs:line 65
   at Microsoft.SqlTools.ServiceLayer.Test.Common.TestConnectionProfileService.GetConnectionParameters(TestServerType serverType, String databaseName) in /Users/aasimkhan/src/sqltoolsservice/test/Microsoft.SqlTools.ServiceLayer.Test.Common/TestConnectionProfileService.cs:line 75
   at Microsoft.SqlTools.ServiceLayer.IntegrationTests.Connection.ReliableConnectionTests.CreateTestConnectionStringBuilder() in /Users/aasimkhan/src/sqltoolsservice/test/Microsoft.SqlTools.ServiceLayer.IntegrationTests/Connection/ReliableConnectionTests.cs:line 234
   at Microsoft.SqlTools.ServiceLayer.IntegrationTests.Connection.ReliableConnectionTests.TestIsDatabaseReadonly() in /Users/aasimkhan/src/sqltoolsservice/test/Microsoft.SqlTools.ServiceLayer.IntegrationTests/Connection/ReliableConnectionTests.cs:line 356</failure>
    </testcase>
    <testcase classname="Microsoft.SqlTools.ServiceLayer.IntegrationTests.Connection.ReliableConnectionTests" name="TestIsDatabaseReadonlyWithNullBuilder" time="0.0002060" />
    <testcase classname="Microsoft.SqlTools.ServiceLayer.IntegrationTests.Connection.ReliableConnectionTests" name="TestOpenConnectionOpensConnection" time="0.0002610">
      <failure type="failure" message="  Cannot find any instance for version key: sqlOnPrem&#xA;  Expected: True&#xA;  But was:  False&#xA;">at Microsoft.SqlTools.ServiceLayer.Test.Common.TestConnectionProfileService.GetInstance(String key) in /Users/aasimkhan/src/sqltoolsservice/test/Microsoft.SqlTools.ServiceLayer.Test.Common/TestConnectionProfileService.cs:line 59
   at Microsoft.SqlTools.ServiceLayer.Test.Common.TestConnectionProfileService.GetConnectionParameters(String key, String databaseName) in /Users/aasimkhan/src/sqltoolsservice/test/Microsoft.SqlTools.ServiceLayer.Test.Common/TestConnectionProfileService.cs:line 65
   at Microsoft.SqlTools.ServiceLayer.Test.Common.TestConnectionProfileService.GetConnectionParameters(TestServerType serverType, String databaseName) in /Users/aasimkhan/src/sqltoolsservice/test/Microsoft.SqlTools.ServiceLayer.Test.Common/TestConnectionProfileService.cs:line 75
   at Microsoft.SqlTools.ServiceLayer.IntegrationTests.Connection.ReliableConnectionTests.CreateTestConnectionStringBuilder() in /Users/aasimkhan/src/sqltoolsservice/test/Microsoft.SqlTools.ServiceLayer.IntegrationTests/Connection/ReliableConnectionTests.cs:line 234
   at Microsoft.SqlTools.ServiceLayer.IntegrationTests.Connection.ReliableConnectionTests.CreateTestConnection() in /Users/aasimkhan/src/sqltoolsservice/test/Microsoft.SqlTools.ServiceLayer.IntegrationTests/Connection/ReliableConnectionTests.cs:line 269
   at Microsoft.SqlTools.ServiceLayer.IntegrationTests.Connection.ReliableConnectionTests.TestOpenConnectionOpensConnection() in /Users/aasimkhan/src/sqltoolsservice/test/Microsoft.SqlTools.ServiceLayer.IntegrationTests/Connection/ReliableConnectionTests.cs:line 502

1)    at Microsoft.SqlTools.ServiceLayer.Test.Common.TestConnectionProfileService.GetInstance(String key) in /Users/aasimkhan/src/sqltoolsservice/test/Microsoft.SqlTools.ServiceLayer.Test.Common/TestConnectionProfileService.cs:line 59
   at Microsoft.SqlTools.ServiceLayer.Test.Common.TestConnectionProfileService.GetConnectionParameters(String key, String databaseName) in /Users/aasimkhan/src/sqltoolsservice/test/Microsoft.SqlTools.ServiceLayer.Test.Common/TestConnectionProfileService.cs:line 65
   at Microsoft.SqlTools.ServiceLayer.Test.Common.TestConnectionProfileService.GetConnectionParameters(TestServerType serverType, String databaseName) in /Users/aasimkhan/src/sqltoolsservice/test/Microsoft.SqlTools.ServiceLayer.Test.Common/TestConnectionProfileService.cs:line 75
   at Microsoft.SqlTools.ServiceLayer.IntegrationTests.Connection.ReliableConnectionTests.CreateTestConnectionStringBuilder() in /Users/aasimkhan/src/sqltoolsservice/test/Microsoft.SqlTools.ServiceLayer.IntegrationTests/Connection/ReliableConnectionTests.cs:line 234
   at Microsoft.SqlTools.ServiceLayer.IntegrationTests.Connection.ReliableConnectionTests.CreateTestConnection() in /Users/aasimkhan/src/sqltoolsservice/test/Microsoft.SqlTools.ServiceLayer.IntegrationTests/Connection/ReliableConnectionTests.cs:line 269
   at Microsoft.SqlTools.ServiceLayer.IntegrationTests.Connection.ReliableConnectionTests.TestOpenConnectionOpensConnection() in /Users/aasimkhan/src/sqltoolsservice/test/Microsoft.SqlTools.ServiceLayer.IntegrationTests/Connection/ReliableConnectionTests.cs:line 502</failure>
    </testcase>
    <testcase classname="Microsoft.SqlTools.ServiceLayer.IntegrationTests.Connection.ReliableConnectionTests" name="TestTryGetServerVersion" time="0.0002590">
      <failure type="failure" message="  Cannot find any instance for version key: sqlOnPrem&#xA;  Expected: True&#xA;  But was:  False&#xA;">at Microsoft.SqlTools.ServiceLayer.Test.Common.TestConnectionProfileService.GetInstance(String key) in /Users/aasimkhan/src/sqltoolsservice/test/Microsoft.SqlTools.ServiceLayer.Test.Common/TestConnectionProfileService.cs:line 59
   at Microsoft.SqlTools.ServiceLayer.Test.Common.TestConnectionProfileService.GetConnectionParameters(String key, String databaseName) in /Users/aasimkhan/src/sqltoolsservice/test/Microsoft.SqlTools.ServiceLayer.Test.Common/TestConnectionProfileService.cs:line 65
   at Microsoft.SqlTools.ServiceLayer.Test.Common.TestConnectionProfileService.GetConnectionParameters(TestServerType serverType, String databaseName) in /Users/aasimkhan/src/sqltoolsservice/test/Microsoft.SqlTools.ServiceLayer.Test.Common/TestConnectionProfileService.cs:line 75
   at Microsoft.SqlTools.ServiceLayer.IntegrationTests.Connection.ReliableConnectionTests.CreateTestConnectionStringBuilder() in /Users/aasimkhan/src/sqltoolsservice/test/Microsoft.SqlTools.ServiceLayer.IntegrationTests/Connection/ReliableConnectionTests.cs:line 234
   at Microsoft.SqlTools.ServiceLayer.IntegrationTests.Connection.ReliableConnectionTests.TestTryGetServerVersion() in /Users/aasimkhan/src/sqltoolsservice/test/Microsoft.SqlTools.ServiceLayer.IntegrationTests/Connection/ReliableConnectionTests.cs:line 536

1)    at Microsoft.SqlTools.ServiceLayer.Test.Common.TestConnectionProfileService.GetInstance(String key) in /Users/aasimkhan/src/sqltoolsservice/test/Microsoft.SqlTools.ServiceLayer.Test.Common/TestConnectionProfileService.cs:line 59
   at Microsoft.SqlTools.ServiceLayer.Test.Common.TestConnectionProfileService.GetConnectionParameters(String key, String databaseName) in /Users/aasimkhan/src/sqltoolsservice/test/Microsoft.SqlTools.ServiceLayer.Test.Common/TestConnectionProfileService.cs:line 65
   at Microsoft.SqlTools.ServiceLayer.Test.Common.TestConnectionProfileService.GetConnectionParameters(TestServerType serverType, String databaseName) in /Users/aasimkhan/src/sqltoolsservice/test/Microsoft.SqlTools.ServiceLayer.Test.Common/TestConnectionProfileService.cs:line 75
   at Microsoft.SqlTools.ServiceLayer.IntegrationTests.Connection.ReliableConnectionTests.CreateTestConnectionStringBuilder() in /Users/aasimkhan/src/sqltoolsservice/test/Microsoft.SqlTools.ServiceLayer.IntegrationTests/Connection/ReliableConnectionTests.cs:line 234
   at Microsoft.SqlTools.ServiceLayer.IntegrationTests.Connection.ReliableConnectionTests.TestTryGetServerVersion() in /Users/aasimkhan/src/sqltoolsservice/test/Microsoft.SqlTools.ServiceLayer.IntegrationTests/Connection/ReliableConnectionTests.cs:line 536</failure>
    </testcase>
    <testcase classname="Microsoft.SqlTools.ServiceLayer.IntegrationTests.Connection.ReliableConnectionTests" name="TestTryGetServerVersionInvalidConnectionString" time="0.0000310" />
    <testcase classname="Microsoft.SqlTools.ServiceLayer.IntegrationTests.Connection.ReliableConnectionTests" name="ThrottlingReasonTests" time="15.0772020" />
    <testcase classname="Microsoft.SqlTools.ServiceLayer.IntegrationTests.Connection.ReliableConnectionTests" name="TimeBasedRetryPolicyTest" time="0.0008580" />
    <testcase classname="Microsoft.SqlTools.ServiceLayer.IntegrationTests.Connection.ReliableConnectionTests" name="VerifyAnsiNullAndQuotedIdentifierSettingsReplayed" time="0.0011600">
      <failure type="failure" message="  Cannot find any instance for version key: sqlOnPrem&#xA;  Expected: True&#xA;  But was:  False&#xA;">at Microsoft.SqlTools.ServiceLayer.Test.Common.TestConnectionProfileService.GetInstance(String key) in /Users/aasimkhan/src/sqltoolsservice/test/Microsoft.SqlTools.ServiceLayer.Test.Common/TestConnectionProfileService.cs:line 59
   at Microsoft.SqlTools.ServiceLayer.Test.Common.TestConnectionProfileService.GetConnectionParameters(String key, String databaseName) in /Users/aasimkhan/src/sqltoolsservice/test/Microsoft.SqlTools.ServiceLayer.Test.Common/TestConnectionProfileService.cs:line 65
   at Microsoft.SqlTools.ServiceLayer.Test.Common.TestConnectionProfileService.GetConnectionParameters(TestServerType serverType, String databaseName) in /Users/aasimkhan/src/sqltoolsservice/test/Microsoft.SqlTools.ServiceLayer.Test.Common/TestConnectionProfileService.cs:line 75
   at Microsoft.SqlTools.ServiceLayer.IntegrationTests.Connection.ReliableConnectionTests.CreateTestConnectionStringBuilder() in /Users/aasimkhan/src/sqltoolsservice/test/Microsoft.SqlTools.ServiceLayer.IntegrationTests/Connection/ReliableConnectionTests.cs:line 234
   at Microsoft.SqlTools.ServiceLayer.IntegrationTests.Connection.ReliableConnectionTests.VerifyAnsiNullAndQuotedIdentifierSettingsReplayed() in /Users/aasimkhan/src/sqltoolsservice/test/Microsoft.SqlTools.ServiceLayer.IntegrationTests/Connection/ReliableConnectionTests.cs:line 378

1)    at Microsoft.SqlTools.ServiceLayer.Test.Common.TestConnectionProfileService.GetInstance(String key) in /Users/aasimkhan/src/sqltoolsservice/test/Microsoft.SqlTools.ServiceLayer.Test.Common/TestConnectionProfileService.cs:line 59
   at Microsoft.SqlTools.ServiceLayer.Test.Common.TestConnectionProfileService.GetConnectionParameters(String key, String databaseName) in /Users/aasimkhan/src/sqltoolsservice/test/Microsoft.SqlTools.ServiceLayer.Test.Common/TestConnectionProfileService.cs:line 65
   at Microsoft.SqlTools.ServiceLayer.Test.Common.TestConnectionProfileService.GetConnectionParameters(TestServerType serverType, String databaseName) in /Users/aasimkhan/src/sqltoolsservice/test/Microsoft.SqlTools.ServiceLayer.Test.Common/TestConnectionProfileService.cs:line 75
   at Microsoft.SqlTools.ServiceLayer.IntegrationTests.Connection.ReliableConnectionTests.CreateTestConnectionStringBuilder() in /Users/aasimkhan/src/sqltoolsservice/test/Microsoft.SqlTools.ServiceLayer.IntegrationTests/Connection/ReliableConnectionTests.cs:line 234
   at Microsoft.SqlTools.ServiceLayer.IntegrationTests.Connection.ReliableConnectionTests.VerifyAnsiNullAndQuotedIdentifierSettingsReplayed() in /Users/aasimkhan/src/sqltoolsservice/test/Microsoft.SqlTools.ServiceLayer.IntegrationTests/Connection/ReliableConnectionTests.cs:line 378</failure>
    </testcase>
    <testcase classname="Microsoft.SqlTools.ServiceLayer.IntegrationTests.DacFx.DacFxServiceTests" name="DeployDacpac" time="0.0045310">
      <failure type="failure" message="  Cannot find any instance for version key: sqlOnPrem&#xA;  Expected: True&#xA;  But was:  False&#xA;">at Microsoft.SqlTools.ServiceLayer.Test.Common.TestConnectionProfileService.GetInstance(String key) in /Users/aasimkhan/src/sqltoolsservice/test/Microsoft.SqlTools.ServiceLayer.Test.Common/TestConnectionProfileService.cs:line 59
   at Microsoft.SqlTools.ServiceLayer.Test.Common.TestConnectionProfileService.GetConnectionParameters(String key, String databaseName) in /Users/aasimkhan/src/sqltoolsservice/test/Microsoft.SqlTools.ServiceLayer.Test.Common/TestConnectionProfileService.cs:line 65
   at Microsoft.SqlTools.ServiceLayer.Test.Common.TestConnectionProfileService.GetConnectionParameters(TestServerType serverType, String databaseName) in /Users/aasimkhan/src/sqltoolsservice/test/Microsoft.SqlTools.ServiceLayer.Test.Common/TestConnectionProfileService.cs:line 75
   at Microsoft.SqlTools.ServiceLayer.IntegrationTests.Utility.LiveConnectionHelper.InitLiveConnectionInfoAsync(String databaseName, String ownerUri, String connectionType, TestServerType serverType) in /Users/aasimkhan/src/sqltoolsservice/test/Microsoft.SqlTools.ServiceLayer.IntegrationTests/Utility/LiveConnectionHelper.cs:line 68
   at Microsoft.SqlTools.ServiceLayer.IntegrationTests.Utility.LiveConnectionHelper.InitLiveConnectionInfo(String databaseName, String ownerUri) in /Users/aasimkhan/src/sqltoolsservice/test/Microsoft.SqlTools.ServiceLayer.IntegrationTests/Utility/LiveConnectionHelper.cs:line 52
   at Microsoft.SqlTools.ServiceLayer.IntegrationTests.DacFx.DacFxServiceTests.GetLiveAutoCompleteTestObjects() in /Users/aasimkhan/src/sqltoolsservice/test/Microsoft.SqlTools.ServiceLayer.IntegrationTests/DacFx/DacFxServiceTests.cs:line 91
   at Microsoft.SqlTools.ServiceLayer.IntegrationTests.DacFx.DacFxServiceTests.DeployDacpac() in /Users/aasimkhan/src/sqltoolsservice/test/Microsoft.SqlTools.ServiceLayer.IntegrationTests/DacFx/DacFxServiceTests.cs:line 290
   at NUnit.Framework.Internal.TaskAwaitAdapter.GenericAdapter`1.GetResult()
   at NUnit.Framework.Internal.AsyncToSyncAdapter.Await(Func`1 invoke)
   at NUnit.Framework.Internal.Commands.TestMethodCommand.RunTestMethod(TestExecutionContext context)
   at NUnit.Framework.Internal.Commands.TestMethodCommand.Execute(TestExecutionContext context)
   at NUnit.Framework.Internal.Execution.SimpleWorkItem.&lt;&gt;c__DisplayClass4_0.&lt;PerformWork&gt;b__0()
   at NUnit.Framework.Internal.ContextUtils.&lt;&gt;c__DisplayClass1_0`1.&lt;DoIsolated&gt;b__0(Object _)

1)    at Microsoft.SqlTools.ServiceLayer.Test.Common.TestConnectionProfileService.GetInstance(String key) in /Users/aasimkhan/src/sqltoolsservice/test/Microsoft.SqlTools.ServiceLayer.Test.Common/TestConnectionProfileService.cs:line 59
   at Microsoft.SqlTools.ServiceLayer.Test.Common.TestConnectionProfileService.GetConnectionParameters(String key, String databaseName) in /Users/aasimkhan/src/sqltoolsservice/test/Microsoft.SqlTools.ServiceLayer.Test.Common/TestConnectionProfileService.cs:line 65
   at Microsoft.SqlTools.ServiceLayer.Test.Common.TestConnectionProfileService.GetConnectionParameters(TestServerType serverType, String databaseName) in /Users/aasimkhan/src/sqltoolsservice/test/Microsoft.SqlTools.ServiceLayer.Test.Common/TestConnectionProfileService.cs:line 75
   at Microsoft.SqlTools.ServiceLayer.IntegrationTests.Utility.LiveConnectionHelper.InitLiveConnectionInfoAsync(String databaseName, String ownerUri, String connectionType, TestServerType serverType) in /Users/aasimkhan/src/sqltoolsservice/test/Microsoft.SqlTools.ServiceLayer.IntegrationTests/Utility/LiveConnectionHelper.cs:line 68
   at System.Runtime.CompilerServices.AsyncMethodBuilderCore.Start[TStateMachine](TStateMachine&amp; stateMachine)
   at Microsoft.SqlTools.ServiceLayer.IntegrationTests.Utility.LiveConnectionHelper.InitLiveConnectionInfoAsync(String databaseName, String ownerUri, String connectionType, TestServerType serverType)
   at Microsoft.SqlTools.ServiceLayer.IntegrationTests.Utility.LiveConnectionHelper.InitLiveConnectionInfo(String databaseName, String ownerUri) in /Users/aasimkhan/src/sqltoolsservice/test/Microsoft.SqlTools.ServiceLayer.IntegrationTests/Utility/LiveConnectionHelper.cs:line 52
   at Microsoft.SqlTools.ServiceLayer.IntegrationTests.DacFx.DacFxServiceTests.GetLiveAutoCompleteTestObjects() in /Users/aasimkhan/src/sqltoolsservice/test/Microsoft.SqlTools.ServiceLayer.IntegrationTests/DacFx/DacFxServiceTests.cs:line 91
   at Microsoft.SqlTools.ServiceLayer.IntegrationTests.DacFx.DacFxServiceTests.DeployDacpac() in /Users/aasimkhan/src/sqltoolsservice/test/Microsoft.SqlTools.ServiceLayer.IntegrationTests/DacFx/DacFxServiceTests.cs:line 290
   at System.Runtime.CompilerServices.AsyncMethodBuilderCore.Start[TStateMachine](TStateMachine&amp; stateMachine)
   at Microsoft.SqlTools.ServiceLayer.IntegrationTests.DacFx.DacFxServiceTests.DeployDacpac()</failure>
    </testcase>
    <testcase classname="Microsoft.SqlTools.ServiceLayer.IntegrationTests.DacFx.DacFxServiceTests" name="DeployWithOptions" time="0.0031500">
      <failure type="failure" message="  Cannot find any instance for version key: sqlOnPrem&#xA;  Expected: True&#xA;  But was:  False&#xA;">at Microsoft.SqlTools.ServiceLayer.Test.Common.TestConnectionProfileService.GetInstance(String key) in /Users/aasimkhan/src/sqltoolsservice/test/Microsoft.SqlTools.ServiceLayer.Test.Common/TestConnectionProfileService.cs:line 59
   at Microsoft.SqlTools.ServiceLayer.Test.Common.TestConnectionProfileService.GetConnectionParameters(String key, String databaseName) in /Users/aasimkhan/src/sqltoolsservice/test/Microsoft.SqlTools.ServiceLayer.Test.Common/TestConnectionProfileService.cs:line 65
   at Microsoft.SqlTools.ServiceLayer.Test.Common.TestConnectionProfileService.GetConnectionParameters(TestServerType serverType, String databaseName) in /Users/aasimkhan/src/sqltoolsservice/test/Microsoft.SqlTools.ServiceLayer.Test.Common/TestConnectionProfileService.cs:line 75
   at Microsoft.SqlTools.ServiceLayer.IntegrationTests.Utility.LiveConnectionHelper.InitLiveConnectionInfoAsync(String databaseName, String ownerUri, String connectionType, TestServerType serverType) in /Users/aasimkhan/src/sqltoolsservice/test/Microsoft.SqlTools.ServiceLayer.IntegrationTests/Utility/LiveConnectionHelper.cs:line 68
   at Microsoft.SqlTools.ServiceLayer.IntegrationTests.Utility.LiveConnectionHelper.InitLiveConnectionInfo(String databaseName, String ownerUri) in /Users/aasimkhan/src/sqltoolsservice/test/Microsoft.SqlTools.ServiceLayer.IntegrationTests/Utility/LiveConnectionHelper.cs:line 52
   at Microsoft.SqlTools.ServiceLayer.IntegrationTests.DacFx.DacFxServiceTests.GetLiveAutoCompleteTestObjects() in /Users/aasimkhan/src/sqltoolsservice/test/Microsoft.SqlTools.ServiceLayer.IntegrationTests/DacFx/DacFxServiceTests.cs:line 91
   at Microsoft.SqlTools.ServiceLayer.IntegrationTests.DacFx.DacFxServiceTests.DeployWithOptions() in /Users/aasimkhan/src/sqltoolsservice/test/Microsoft.SqlTools.ServiceLayer.IntegrationTests/DacFx/DacFxServiceTests.cs:line 577
   at NUnit.Framework.Internal.TaskAwaitAdapter.GenericAdapter`1.GetResult()
   at NUnit.Framework.Internal.AsyncToSyncAdapter.Await(Func`1 invoke)
   at NUnit.Framework.Internal.Commands.TestMethodCommand.RunTestMethod(TestExecutionContext context)
   at NUnit.Framework.Internal.Commands.TestMethodCommand.Execute(TestExecutionContext context)
   at NUnit.Framework.Internal.Execution.SimpleWorkItem.&lt;&gt;c__DisplayClass4_0.&lt;PerformWork&gt;b__0()
   at NUnit.Framework.Internal.ContextUtils.&lt;&gt;c__DisplayClass1_0`1.&lt;DoIsolated&gt;b__0(Object _)

1)    at Microsoft.SqlTools.ServiceLayer.Test.Common.TestConnectionProfileService.GetInstance(String key) in /Users/aasimkhan/src/sqltoolsservice/test/Microsoft.SqlTools.ServiceLayer.Test.Common/TestConnectionProfileService.cs:line 59
   at Microsoft.SqlTools.ServiceLayer.Test.Common.TestConnectionProfileService.GetConnectionParameters(String key, String databaseName) in /Users/aasimkhan/src/sqltoolsservice/test/Microsoft.SqlTools.ServiceLayer.Test.Common/TestConnectionProfileService.cs:line 65
   at Microsoft.SqlTools.ServiceLayer.Test.Common.TestConnectionProfileService.GetConnectionParameters(TestServerType serverType, String databaseName) in /Users/aasimkhan/src/sqltoolsservice/test/Microsoft.SqlTools.ServiceLayer.Test.Common/TestConnectionProfileService.cs:line 75
   at Microsoft.SqlTools.ServiceLayer.IntegrationTests.Utility.LiveConnectionHelper.InitLiveConnectionInfoAsync(String databaseName, String ownerUri, String connectionType, TestServerType serverType) in /Users/aasimkhan/src/sqltoolsservice/test/Microsoft.SqlTools.ServiceLayer.IntegrationTests/Utility/LiveConnectionHelper.cs:line 68
   at System.Runtime.CompilerServices.AsyncMethodBuilderCore.Start[TStateMachine](TStateMachine&amp; stateMachine)
   at Microsoft.SqlTools.ServiceLayer.IntegrationTests.Utility.LiveConnectionHelper.InitLiveConnectionInfoAsync(String databaseName, String ownerUri, String connectionType, TestServerType serverType)
   at Microsoft.SqlTools.ServiceLayer.IntegrationTests.Utility.LiveConnectionHelper.InitLiveConnectionInfo(String databaseName, String ownerUri) in /Users/aasimkhan/src/sqltoolsservice/test/Microsoft.SqlTools.ServiceLayer.IntegrationTests/Utility/LiveConnectionHelper.cs:line 52
   at Microsoft.SqlTools.ServiceLayer.IntegrationTests.DacFx.DacFxServiceTests.GetLiveAutoCompleteTestObjects() in /Users/aasimkhan/src/sqltoolsservice/test/Microsoft.SqlTools.ServiceLayer.IntegrationTests/DacFx/DacFxServiceTests.cs:line 91
   at Microsoft.SqlTools.ServiceLayer.IntegrationTests.DacFx.DacFxServiceTests.DeployWithOptions() in /Users/aasimkhan/src/sqltoolsservice/test/Microsoft.SqlTools.ServiceLayer.IntegrationTests/DacFx/DacFxServiceTests.cs:line 577
   at System.Runtime.CompilerServices.AsyncMethodBuilderCore.Start[TStateMachine](TStateMachine&amp; stateMachine)
   at Microsoft.SqlTools.ServiceLayer.IntegrationTests.DacFx.DacFxServiceTests.DeployWithOptions()</failure>
    </testcase>
    <testcase classname="Microsoft.SqlTools.ServiceLayer.IntegrationTests.DacFx.DacFxServiceTests" name="DeployWithSqlCmdVariables" time="0.0021270">
      <failure type="failure" message="  Cannot find any instance for version key: sqlOnPrem&#xA;  Expected: True&#xA;  But was:  False&#xA;">at Microsoft.SqlTools.ServiceLayer.Test.Common.TestConnectionProfileService.GetInstance(String key) in /Users/aasimkhan/src/sqltoolsservice/test/Microsoft.SqlTools.ServiceLayer.Test.Common/TestConnectionProfileService.cs:line 59
   at Microsoft.SqlTools.ServiceLayer.Test.Common.TestConnectionProfileService.GetConnectionParameters(String key, String databaseName) in /Users/aasimkhan/src/sqltoolsservice/test/Microsoft.SqlTools.ServiceLayer.Test.Common/TestConnectionProfileService.cs:line 65
   at Microsoft.SqlTools.ServiceLayer.Test.Common.TestConnectionProfileService.GetConnectionParameters(TestServerType serverType, String databaseName) in /Users/aasimkhan/src/sqltoolsservice/test/Microsoft.SqlTools.ServiceLayer.Test.Common/TestConnectionProfileService.cs:line 75
   at Microsoft.SqlTools.ServiceLayer.IntegrationTests.Utility.LiveConnectionHelper.InitLiveConnectionInfoAsync(String databaseName, String ownerUri, String connectionType, TestServerType serverType) in /Users/aasimkhan/src/sqltoolsservice/test/Microsoft.SqlTools.ServiceLayer.IntegrationTests/Utility/LiveConnectionHelper.cs:line 68
   at Microsoft.SqlTools.ServiceLayer.IntegrationTests.Utility.LiveConnectionHelper.InitLiveConnectionInfo(String databaseName, String ownerUri) in /Users/aasimkhan/src/sqltoolsservice/test/Microsoft.SqlTools.ServiceLayer.IntegrationTests/Utility/LiveConnectionHelper.cs:line 52
   at Microsoft.SqlTools.ServiceLayer.IntegrationTests.DacFx.DacFxServiceTests.GetLiveAutoCompleteTestObjects() in /Users/aasimkhan/src/sqltoolsservice/test/Microsoft.SqlTools.ServiceLayer.IntegrationTests/DacFx/DacFxServiceTests.cs:line 91
   at Microsoft.SqlTools.ServiceLayer.IntegrationTests.DacFx.DacFxServiceTests.DeployWithSqlCmdVariables() in /Users/aasimkhan/src/sqltoolsservice/test/Microsoft.SqlTools.ServiceLayer.IntegrationTests/DacFx/DacFxServiceTests.cs:line 471
   at NUnit.Framework.Internal.TaskAwaitAdapter.GenericAdapter`1.GetResult()
   at NUnit.Framework.Internal.AsyncToSyncAdapter.Await(Func`1 invoke)
   at NUnit.Framework.Internal.Commands.TestMethodCommand.RunTestMethod(TestExecutionContext context)
   at NUnit.Framework.Internal.Commands.TestMethodCommand.Execute(TestExecutionContext context)
   at NUnit.Framework.Internal.Execution.SimpleWorkItem.&lt;&gt;c__DisplayClass4_0.&lt;PerformWork&gt;b__0()
   at NUnit.Framework.Internal.ContextUtils.&lt;&gt;c__DisplayClass1_0`1.&lt;DoIsolated&gt;b__0(Object _)

1)    at Microsoft.SqlTools.ServiceLayer.Test.Common.TestConnectionProfileService.GetInstance(String key) in /Users/aasimkhan/src/sqltoolsservice/test/Microsoft.SqlTools.ServiceLayer.Test.Common/TestConnectionProfileService.cs:line 59
   at Microsoft.SqlTools.ServiceLayer.Test.Common.TestConnectionProfileService.GetConnectionParameters(String key, String databaseName) in /Users/aasimkhan/src/sqltoolsservice/test/Microsoft.SqlTools.ServiceLayer.Test.Common/TestConnectionProfileService.cs:line 65
   at Microsoft.SqlTools.ServiceLayer.Test.Common.TestConnectionProfileService.GetConnectionParameters(TestServerType serverType, String databaseName) in /Users/aasimkhan/src/sqltoolsservice/test/Microsoft.SqlTools.ServiceLayer.Test.Common/TestConnectionProfileService.cs:line 75
   at Microsoft.SqlTools.ServiceLayer.IntegrationTests.Utility.LiveConnectionHelper.InitLiveConnectionInfoAsync(String databaseName, String ownerUri, String connectionType, TestServerType serverType) in /Users/aasimkhan/src/sqltoolsservice/test/Microsoft.SqlTools.ServiceLayer.IntegrationTests/Utility/LiveConnectionHelper.cs:line 68
   at System.Runtime.CompilerServices.AsyncMethodBuilderCore.Start[TStateMachine](TStateMachine&amp; stateMachine)
   at Microsoft.SqlTools.ServiceLayer.IntegrationTests.Utility.LiveConnectionHelper.InitLiveConnectionInfoAsync(String databaseName, String ownerUri, String connectionType, TestServerType serverType)
   at Microsoft.SqlTools.ServiceLayer.IntegrationTests.Utility.LiveConnectionHelper.InitLiveConnectionInfo(String databaseName, String ownerUri) in /Users/aasimkhan/src/sqltoolsservice/test/Microsoft.SqlTools.ServiceLayer.IntegrationTests/Utility/LiveConnectionHelper.cs:line 52
   at Microsoft.SqlTools.ServiceLayer.IntegrationTests.DacFx.DacFxServiceTests.GetLiveAutoCompleteTestObjects() in /Users/aasimkhan/src/sqltoolsservice/test/Microsoft.SqlTools.ServiceLayer.IntegrationTests/DacFx/DacFxServiceTests.cs:line 91
   at Microsoft.SqlTools.ServiceLayer.IntegrationTests.DacFx.DacFxServiceTests.DeployWithSqlCmdVariables() in /Users/aasimkhan/src/sqltoolsservice/test/Microsoft.SqlTools.ServiceLayer.IntegrationTests/DacFx/DacFxServiceTests.cs:line 471
   at System.Runtime.CompilerServices.AsyncMethodBuilderCore.Start[TStateMachine](TStateMachine&amp; stateMachine)
   at Microsoft.SqlTools.ServiceLayer.IntegrationTests.DacFx.DacFxServiceTests.DeployWithSqlCmdVariables()</failure>
    </testcase>
    <testcase classname="Microsoft.SqlTools.ServiceLayer.IntegrationTests.DacFx.DacFxServiceTests" name="ExportBacpac" time="0.0022770">
      <failure type="failure" message="  Cannot find any instance for version key: sqlOnPrem&#xA;  Expected: True&#xA;  But was:  False&#xA;">at Microsoft.SqlTools.ServiceLayer.Test.Common.TestConnectionProfileService.GetInstance(String key) in /Users/aasimkhan/src/sqltoolsservice/test/Microsoft.SqlTools.ServiceLayer.Test.Common/TestConnectionProfileService.cs:line 59
   at Microsoft.SqlTools.ServiceLayer.Test.Common.TestConnectionProfileService.GetConnectionParameters(String key, String databaseName) in /Users/aasimkhan/src/sqltoolsservice/test/Microsoft.SqlTools.ServiceLayer.Test.Common/TestConnectionProfileService.cs:line 65
   at Microsoft.SqlTools.ServiceLayer.Test.Common.TestConnectionProfileService.GetConnectionParameters(TestServerType serverType, String databaseName) in /Users/aasimkhan/src/sqltoolsservice/test/Microsoft.SqlTools.ServiceLayer.Test.Common/TestConnectionProfileService.cs:line 75
   at Microsoft.SqlTools.ServiceLayer.IntegrationTests.Utility.LiveConnectionHelper.InitLiveConnectionInfoAsync(String databaseName, String ownerUri, String connectionType, TestServerType serverType) in /Users/aasimkhan/src/sqltoolsservice/test/Microsoft.SqlTools.ServiceLayer.IntegrationTests/Utility/LiveConnectionHelper.cs:line 68
   at Microsoft.SqlTools.ServiceLayer.IntegrationTests.Utility.LiveConnectionHelper.InitLiveConnectionInfo(String databaseName, String ownerUri) in /Users/aasimkhan/src/sqltoolsservice/test/Microsoft.SqlTools.ServiceLayer.IntegrationTests/Utility/LiveConnectionHelper.cs:line 52
   at Microsoft.SqlTools.ServiceLayer.IntegrationTests.DacFx.DacFxServiceTests.GetLiveAutoCompleteTestObjects() in /Users/aasimkhan/src/sqltoolsservice/test/Microsoft.SqlTools.ServiceLayer.IntegrationTests/DacFx/DacFxServiceTests.cs:line 91
   at Microsoft.SqlTools.ServiceLayer.IntegrationTests.DacFx.DacFxServiceTests.ExportBacpac() in /Users/aasimkhan/src/sqltoolsservice/test/Microsoft.SqlTools.ServiceLayer.IntegrationTests/DacFx/DacFxServiceTests.cs:line 101
   at NUnit.Framework.Internal.TaskAwaitAdapter.GenericAdapter`1.GetResult()
   at NUnit.Framework.Internal.AsyncToSyncAdapter.Await(Func`1 invoke)
   at NUnit.Framework.Internal.Commands.TestMethodCommand.RunTestMethod(TestExecutionContext context)
   at NUnit.Framework.Internal.Commands.TestMethodCommand.Execute(TestExecutionContext context)
   at NUnit.Framework.Internal.Execution.SimpleWorkItem.&lt;&gt;c__DisplayClass4_0.&lt;PerformWork&gt;b__0()
   at NUnit.Framework.Internal.ContextUtils.&lt;&gt;c__DisplayClass1_0`1.&lt;DoIsolated&gt;b__0(Object _)

1)    at Microsoft.SqlTools.ServiceLayer.Test.Common.TestConnectionProfileService.GetInstance(String key) in /Users/aasimkhan/src/sqltoolsservice/test/Microsoft.SqlTools.ServiceLayer.Test.Common/TestConnectionProfileService.cs:line 59
   at Microsoft.SqlTools.ServiceLayer.Test.Common.TestConnectionProfileService.GetConnectionParameters(String key, String databaseName) in /Users/aasimkhan/src/sqltoolsservice/test/Microsoft.SqlTools.ServiceLayer.Test.Common/TestConnectionProfileService.cs:line 65
   at Microsoft.SqlTools.ServiceLayer.Test.Common.TestConnectionProfileService.GetConnectionParameters(TestServerType serverType, String databaseName) in /Users/aasimkhan/src/sqltoolsservice/test/Microsoft.SqlTools.ServiceLayer.Test.Common/TestConnectionProfileService.cs:line 75
   at Microsoft.SqlTools.ServiceLayer.IntegrationTests.Utility.LiveConnectionHelper.InitLiveConnectionInfoAsync(String databaseName, String ownerUri, String connectionType, TestServerType serverType) in /Users/aasimkhan/src/sqltoolsservice/test/Microsoft.SqlTools.ServiceLayer.IntegrationTests/Utility/LiveConnectionHelper.cs:line 68
   at System.Runtime.CompilerServices.AsyncMethodBuilderCore.Start[TStateMachine](TStateMachine&amp; stateMachine)
   at Microsoft.SqlTools.ServiceLayer.IntegrationTests.Utility.LiveConnectionHelper.InitLiveConnectionInfoAsync(String databaseName, String ownerUri, String connectionType, TestServerType serverType)
   at Microsoft.SqlTools.ServiceLayer.IntegrationTests.Utility.LiveConnectionHelper.InitLiveConnectionInfo(String databaseName, String ownerUri) in /Users/aasimkhan/src/sqltoolsservice/test/Microsoft.SqlTools.ServiceLayer.IntegrationTests/Utility/LiveConnectionHelper.cs:line 52
   at Microsoft.SqlTools.ServiceLayer.IntegrationTests.DacFx.DacFxServiceTests.GetLiveAutoCompleteTestObjects() in /Users/aasimkhan/src/sqltoolsservice/test/Microsoft.SqlTools.ServiceLayer.IntegrationTests/DacFx/DacFxServiceTests.cs:line 91
   at Microsoft.SqlTools.ServiceLayer.IntegrationTests.DacFx.DacFxServiceTests.ExportBacpac() in /Users/aasimkhan/src/sqltoolsservice/test/Microsoft.SqlTools.ServiceLayer.IntegrationTests/DacFx/DacFxServiceTests.cs:line 101
   at System.Runtime.CompilerServices.AsyncMethodBuilderCore.Start[TStateMachine](TStateMachine&amp; stateMachine)
   at Microsoft.SqlTools.ServiceLayer.IntegrationTests.DacFx.DacFxServiceTests.ExportBacpac()</failure>
    </testcase>
    <testcase classname="Microsoft.SqlTools.ServiceLayer.IntegrationTests.DacFx.DacFxServiceTests" name="ExportBacpacCancellationTest" time="0.0017680">
      <failure type="failure" message="  Cannot find any instance for version key: sqlOnPrem&#xA;  Expected: True&#xA;  But was:  False&#xA;">at Microsoft.SqlTools.ServiceLayer.Test.Common.TestConnectionProfileService.GetInstance(String key) in /Users/aasimkhan/src/sqltoolsservice/test/Microsoft.SqlTools.ServiceLayer.Test.Common/TestConnectionProfileService.cs:line 59
   at Microsoft.SqlTools.ServiceLayer.Test.Common.TestConnectionProfileService.GetConnectionParameters(String key, String databaseName) in /Users/aasimkhan/src/sqltoolsservice/test/Microsoft.SqlTools.ServiceLayer.Test.Common/TestConnectionProfileService.cs:line 65
   at Microsoft.SqlTools.ServiceLayer.Test.Common.TestConnectionProfileService.GetConnectionParameters(TestServerType serverType, String databaseName) in /Users/aasimkhan/src/sqltoolsservice/test/Microsoft.SqlTools.ServiceLayer.Test.Common/TestConnectionProfileService.cs:line 75
   at Microsoft.SqlTools.ServiceLayer.IntegrationTests.Utility.LiveConnectionHelper.InitLiveConnectionInfoAsync(String databaseName, String ownerUri, String connectionType, TestServerType serverType) in /Users/aasimkhan/src/sqltoolsservice/test/Microsoft.SqlTools.ServiceLayer.IntegrationTests/Utility/LiveConnectionHelper.cs:line 68
   at Microsoft.SqlTools.ServiceLayer.IntegrationTests.Utility.LiveConnectionHelper.InitLiveConnectionInfo(String databaseName, String ownerUri) in /Users/aasimkhan/src/sqltoolsservice/test/Microsoft.SqlTools.ServiceLayer.IntegrationTests/Utility/LiveConnectionHelper.cs:line 52
   at Microsoft.SqlTools.ServiceLayer.IntegrationTests.DacFx.DacFxServiceTests.GetLiveAutoCompleteTestObjects() in /Users/aasimkhan/src/sqltoolsservice/test/Microsoft.SqlTools.ServiceLayer.IntegrationTests/DacFx/DacFxServiceTests.cs:line 91
   at Microsoft.SqlTools.ServiceLayer.IntegrationTests.DacFx.DacFxServiceTests.ExportBacpacCancellationTest() in /Users/aasimkhan/src/sqltoolsservice/test/Microsoft.SqlTools.ServiceLayer.IntegrationTests/DacFx/DacFxServiceTests.cs:line 341
   at NUnit.Framework.Internal.TaskAwaitAdapter.GenericAdapter`1.GetResult()
   at NUnit.Framework.Internal.AsyncToSyncAdapter.Await(Func`1 invoke)
   at NUnit.Framework.Internal.Commands.TestMethodCommand.RunTestMethod(TestExecutionContext context)
   at NUnit.Framework.Internal.Commands.TestMethodCommand.Execute(TestExecutionContext context)
   at NUnit.Framework.Internal.Execution.SimpleWorkItem.&lt;&gt;c__DisplayClass4_0.&lt;PerformWork&gt;b__0()
   at NUnit.Framework.Internal.ContextUtils.&lt;&gt;c__DisplayClass1_0`1.&lt;DoIsolated&gt;b__0(Object _)

1)    at Microsoft.SqlTools.ServiceLayer.Test.Common.TestConnectionProfileService.GetInstance(String key) in /Users/aasimkhan/src/sqltoolsservice/test/Microsoft.SqlTools.ServiceLayer.Test.Common/TestConnectionProfileService.cs:line 59
   at Microsoft.SqlTools.ServiceLayer.Test.Common.TestConnectionProfileService.GetConnectionParameters(String key, String databaseName) in /Users/aasimkhan/src/sqltoolsservice/test/Microsoft.SqlTools.ServiceLayer.Test.Common/TestConnectionProfileService.cs:line 65
   at Microsoft.SqlTools.ServiceLayer.Test.Common.TestConnectionProfileService.GetConnectionParameters(TestServerType serverType, String databaseName) in /Users/aasimkhan/src/sqltoolsservice/test/Microsoft.SqlTools.ServiceLayer.Test.Common/TestConnectionProfileService.cs:line 75
   at Microsoft.SqlTools.ServiceLayer.IntegrationTests.Utility.LiveConnectionHelper.InitLiveConnectionInfoAsync(String databaseName, String ownerUri, String connectionType, TestServerType serverType) in /Users/aasimkhan/src/sqltoolsservice/test/Microsoft.SqlTools.ServiceLayer.IntegrationTests/Utility/LiveConnectionHelper.cs:line 68
   at System.Runtime.CompilerServices.AsyncMethodBuilderCore.Start[TStateMachine](TStateMachine&amp; stateMachine)
   at Microsoft.SqlTools.ServiceLayer.IntegrationTests.Utility.LiveConnectionHelper.InitLiveConnectionInfoAsync(String databaseName, String ownerUri, String connectionType, TestServerType serverType)
   at Microsoft.SqlTools.ServiceLayer.IntegrationTests.Utility.LiveConnectionHelper.InitLiveConnectionInfo(String databaseName, String ownerUri) in /Users/aasimkhan/src/sqltoolsservice/test/Microsoft.SqlTools.ServiceLayer.IntegrationTests/Utility/LiveConnectionHelper.cs:line 52
   at Microsoft.SqlTools.ServiceLayer.IntegrationTests.DacFx.DacFxServiceTests.GetLiveAutoCompleteTestObjects() in /Users/aasimkhan/src/sqltoolsservice/test/Microsoft.SqlTools.ServiceLayer.IntegrationTests/DacFx/DacFxServiceTests.cs:line 91
   at Microsoft.SqlTools.ServiceLayer.IntegrationTests.DacFx.DacFxServiceTests.ExportBacpacCancellationTest() in /Users/aasimkhan/src/sqltoolsservice/test/Microsoft.SqlTools.ServiceLayer.IntegrationTests/DacFx/DacFxServiceTests.cs:line 341
   at System.Runtime.CompilerServices.AsyncMethodBuilderCore.Start[TStateMachine](TStateMachine&amp; stateMachine)
   at Microsoft.SqlTools.ServiceLayer.IntegrationTests.DacFx.DacFxServiceTests.ExportBacpacCancellationTest()</failure>
    </testcase>
    <testcase classname="Microsoft.SqlTools.ServiceLayer.IntegrationTests.DacFx.DacFxServiceTests" name="ExtractDacpac" time="0.0015890">
      <failure type="failure" message="  Cannot find any instance for version key: sqlOnPrem&#xA;  Expected: True&#xA;  But was:  False&#xA;">at Microsoft.SqlTools.ServiceLayer.Test.Common.TestConnectionProfileService.GetInstance(String key) in /Users/aasimkhan/src/sqltoolsservice/test/Microsoft.SqlTools.ServiceLayer.Test.Common/TestConnectionProfileService.cs:line 59
   at Microsoft.SqlTools.ServiceLayer.Test.Common.TestConnectionProfileService.GetConnectionParameters(String key, String databaseName) in /Users/aasimkhan/src/sqltoolsservice/test/Microsoft.SqlTools.ServiceLayer.Test.Common/TestConnectionProfileService.cs:line 65
   at Microsoft.SqlTools.ServiceLayer.Test.Common.TestConnectionProfileService.GetConnectionParameters(TestServerType serverType, String databaseName) in /Users/aasimkhan/src/sqltoolsservice/test/Microsoft.SqlTools.ServiceLayer.Test.Common/TestConnectionProfileService.cs:line 75
   at Microsoft.SqlTools.ServiceLayer.IntegrationTests.Utility.LiveConnectionHelper.InitLiveConnectionInfoAsync(String databaseName, String ownerUri, String connectionType, TestServerType serverType) in /Users/aasimkhan/src/sqltoolsservice/test/Microsoft.SqlTools.ServiceLayer.IntegrationTests/Utility/LiveConnectionHelper.cs:line 68
   at Microsoft.SqlTools.ServiceLayer.IntegrationTests.Utility.LiveConnectionHelper.InitLiveConnectionInfo(String databaseName, String ownerUri) in /Users/aasimkhan/src/sqltoolsservice/test/Microsoft.SqlTools.ServiceLayer.IntegrationTests/Utility/LiveConnectionHelper.cs:line 52
   at Microsoft.SqlTools.ServiceLayer.IntegrationTests.DacFx.DacFxServiceTests.GetLiveAutoCompleteTestObjects() in /Users/aasimkhan/src/sqltoolsservice/test/Microsoft.SqlTools.ServiceLayer.IntegrationTests/DacFx/DacFxServiceTests.cs:line 91
   at Microsoft.SqlTools.ServiceLayer.IntegrationTests.DacFx.DacFxServiceTests.ExtractDacpac() in /Users/aasimkhan/src/sqltoolsservice/test/Microsoft.SqlTools.ServiceLayer.IntegrationTests/DacFx/DacFxServiceTests.cs:line 180
   at NUnit.Framework.Internal.TaskAwaitAdapter.GenericAdapter`1.GetResult()
   at NUnit.Framework.Internal.AsyncToSyncAdapter.Await(Func`1 invoke)
   at NUnit.Framework.Internal.Commands.TestMethodCommand.RunTestMethod(TestExecutionContext context)
   at NUnit.Framework.Internal.Commands.TestMethodCommand.Execute(TestExecutionContext context)
   at NUnit.Framework.Internal.Execution.SimpleWorkItem.&lt;&gt;c__DisplayClass4_0.&lt;PerformWork&gt;b__0()
   at NUnit.Framework.Internal.ContextUtils.&lt;&gt;c__DisplayClass1_0`1.&lt;DoIsolated&gt;b__0(Object _)

1)    at Microsoft.SqlTools.ServiceLayer.Test.Common.TestConnectionProfileService.GetInstance(String key) in /Users/aasimkhan/src/sqltoolsservice/test/Microsoft.SqlTools.ServiceLayer.Test.Common/TestConnectionProfileService.cs:line 59
   at Microsoft.SqlTools.ServiceLayer.Test.Common.TestConnectionProfileService.GetConnectionParameters(String key, String databaseName) in /Users/aasimkhan/src/sqltoolsservice/test/Microsoft.SqlTools.ServiceLayer.Test.Common/TestConnectionProfileService.cs:line 65
   at Microsoft.SqlTools.ServiceLayer.Test.Common.TestConnectionProfileService.GetConnectionParameters(TestServerType serverType, String databaseName) in /Users/aasimkhan/src/sqltoolsservice/test/Microsoft.SqlTools.ServiceLayer.Test.Common/TestConnectionProfileService.cs:line 75
   at Microsoft.SqlTools.ServiceLayer.IntegrationTests.Utility.LiveConnectionHelper.InitLiveConnectionInfoAsync(String databaseName, String ownerUri, String connectionType, TestServerType serverType) in /Users/aasimkhan/src/sqltoolsservice/test/Microsoft.SqlTools.ServiceLayer.IntegrationTests/Utility/LiveConnectionHelper.cs:line 68
   at System.Runtime.CompilerServices.AsyncMethodBuilderCore.Start[TStateMachine](TStateMachine&amp; stateMachine)
   at Microsoft.SqlTools.ServiceLayer.IntegrationTests.Utility.LiveConnectionHelper.InitLiveConnectionInfoAsync(String databaseName, String ownerUri, String connectionType, TestServerType serverType)
   at Microsoft.SqlTools.ServiceLayer.IntegrationTests.Utility.LiveConnectionHelper.InitLiveConnectionInfo(String databaseName, String ownerUri) in /Users/aasimkhan/src/sqltoolsservice/test/Microsoft.SqlTools.ServiceLayer.IntegrationTests/Utility/LiveConnectionHelper.cs:line 52
   at Microsoft.SqlTools.ServiceLayer.IntegrationTests.DacFx.DacFxServiceTests.GetLiveAutoCompleteTestObjects() in /Users/aasimkhan/src/sqltoolsservice/test/Microsoft.SqlTools.ServiceLayer.IntegrationTests/DacFx/DacFxServiceTests.cs:line 91
   at Microsoft.SqlTools.ServiceLayer.IntegrationTests.DacFx.DacFxServiceTests.ExtractDacpac() in /Users/aasimkhan/src/sqltoolsservice/test/Microsoft.SqlTools.ServiceLayer.IntegrationTests/DacFx/DacFxServiceTests.cs:line 180
   at System.Runtime.CompilerServices.AsyncMethodBuilderCore.Start[TStateMachine](TStateMachine&amp; stateMachine)
   at Microsoft.SqlTools.ServiceLayer.IntegrationTests.DacFx.DacFxServiceTests.ExtractDacpac()</failure>
    </testcase>
    <testcase classname="Microsoft.SqlTools.ServiceLayer.IntegrationTests.DacFx.DacFxServiceTests" name="ExtractDBToFileTarget" time="0.0012600">
      <failure type="failure" message="  Cannot find any instance for version key: sqlOnPrem&#xA;  Expected: True&#xA;  But was:  False&#xA;">at Microsoft.SqlTools.ServiceLayer.Test.Common.TestConnectionProfileService.GetInstance(String key) in /Users/aasimkhan/src/sqltoolsservice/test/Microsoft.SqlTools.ServiceLayer.Test.Common/TestConnectionProfileService.cs:line 59
   at Microsoft.SqlTools.ServiceLayer.Test.Common.TestConnectionProfileService.GetConnectionParameters(String key, String databaseName) in /Users/aasimkhan/src/sqltoolsservice/test/Microsoft.SqlTools.ServiceLayer.Test.Common/TestConnectionProfileService.cs:line 65
   at Microsoft.SqlTools.ServiceLayer.Test.Common.TestConnectionProfileService.GetConnectionParameters(TestServerType serverType, String databaseName) in /Users/aasimkhan/src/sqltoolsservice/test/Microsoft.SqlTools.ServiceLayer.Test.Common/TestConnectionProfileService.cs:line 75
   at Microsoft.SqlTools.ServiceLayer.IntegrationTests.Utility.LiveConnectionHelper.InitLiveConnectionInfoAsync(String databaseName, String ownerUri, String connectionType, TestServerType serverType) in /Users/aasimkhan/src/sqltoolsservice/test/Microsoft.SqlTools.ServiceLayer.IntegrationTests/Utility/LiveConnectionHelper.cs:line 68
   at Microsoft.SqlTools.ServiceLayer.IntegrationTests.Utility.LiveConnectionHelper.InitLiveConnectionInfo(String databaseName, String ownerUri) in /Users/aasimkhan/src/sqltoolsservice/test/Microsoft.SqlTools.ServiceLayer.IntegrationTests/Utility/LiveConnectionHelper.cs:line 52
   at Microsoft.SqlTools.ServiceLayer.IntegrationTests.DacFx.DacFxServiceTests.GetLiveAutoCompleteTestObjects() in /Users/aasimkhan/src/sqltoolsservice/test/Microsoft.SqlTools.ServiceLayer.IntegrationTests/DacFx/DacFxServiceTests.cs:line 91
   at Microsoft.SqlTools.ServiceLayer.IntegrationTests.DacFx.DacFxServiceTests.ExtractDBToFileTarget() in /Users/aasimkhan/src/sqltoolsservice/test/Microsoft.SqlTools.ServiceLayer.IntegrationTests/DacFx/DacFxServiceTests.cs:line 213
   at NUnit.Framework.Internal.TaskAwaitAdapter.GenericAdapter`1.GetResult()
   at NUnit.Framework.Internal.AsyncToSyncAdapter.Await(Func`1 invoke)
   at NUnit.Framework.Internal.Commands.TestMethodCommand.RunTestMethod(TestExecutionContext context)
   at NUnit.Framework.Internal.Commands.TestMethodCommand.Execute(TestExecutionContext context)
   at NUnit.Framework.Internal.Execution.SimpleWorkItem.&lt;&gt;c__DisplayClass4_0.&lt;PerformWork&gt;b__0()
   at NUnit.Framework.Internal.ContextUtils.&lt;&gt;c__DisplayClass1_0`1.&lt;DoIsolated&gt;b__0(Object _)

1)    at Microsoft.SqlTools.ServiceLayer.Test.Common.TestConnectionProfileService.GetInstance(String key) in /Users/aasimkhan/src/sqltoolsservice/test/Microsoft.SqlTools.ServiceLayer.Test.Common/TestConnectionProfileService.cs:line 59
   at Microsoft.SqlTools.ServiceLayer.Test.Common.TestConnectionProfileService.GetConnectionParameters(String key, String databaseName) in /Users/aasimkhan/src/sqltoolsservice/test/Microsoft.SqlTools.ServiceLayer.Test.Common/TestConnectionProfileService.cs:line 65
   at Microsoft.SqlTools.ServiceLayer.Test.Common.TestConnectionProfileService.GetConnectionParameters(TestServerType serverType, String databaseName) in /Users/aasimkhan/src/sqltoolsservice/test/Microsoft.SqlTools.ServiceLayer.Test.Common/TestConnectionProfileService.cs:line 75
   at Microsoft.SqlTools.ServiceLayer.IntegrationTests.Utility.LiveConnectionHelper.InitLiveConnectionInfoAsync(String databaseName, String ownerUri, String connectionType, TestServerType serverType) in /Users/aasimkhan/src/sqltoolsservice/test/Microsoft.SqlTools.ServiceLayer.IntegrationTests/Utility/LiveConnectionHelper.cs:line 68
   at System.Runtime.CompilerServices.AsyncMethodBuilderCore.Start[TStateMachine](TStateMachine&amp; stateMachine)
   at Microsoft.SqlTools.ServiceLayer.IntegrationTests.Utility.LiveConnectionHelper.InitLiveConnectionInfoAsync(String databaseName, String ownerUri, String connectionType, TestServerType serverType)
   at Microsoft.SqlTools.ServiceLayer.IntegrationTests.Utility.LiveConnectionHelper.InitLiveConnectionInfo(String databaseName, String ownerUri) in /Users/aasimkhan/src/sqltoolsservice/test/Microsoft.SqlTools.ServiceLayer.IntegrationTests/Utility/LiveConnectionHelper.cs:line 52
   at Microsoft.SqlTools.ServiceLayer.IntegrationTests.DacFx.DacFxServiceTests.GetLiveAutoCompleteTestObjects() in /Users/aasimkhan/src/sqltoolsservice/test/Microsoft.SqlTools.ServiceLayer.IntegrationTests/DacFx/DacFxServiceTests.cs:line 91
   at Microsoft.SqlTools.ServiceLayer.IntegrationTests.DacFx.DacFxServiceTests.ExtractDBToFileTarget() in /Users/aasimkhan/src/sqltoolsservice/test/Microsoft.SqlTools.ServiceLayer.IntegrationTests/DacFx/DacFxServiceTests.cs:line 213
   at System.Runtime.CompilerServices.AsyncMethodBuilderCore.Start[TStateMachine](TStateMachine&amp; stateMachine)
   at Microsoft.SqlTools.ServiceLayer.IntegrationTests.DacFx.DacFxServiceTests.ExtractDBToFileTarget()</failure>
    </testcase>
    <testcase classname="Microsoft.SqlTools.ServiceLayer.IntegrationTests.DacFx.DacFxServiceTests" name="ExtractDBToFlatTarget" time="0.0015960">
      <failure type="failure" message="  Cannot find any instance for version key: sqlOnPrem&#xA;  Expected: True&#xA;  But was:  False&#xA;">at Microsoft.SqlTools.ServiceLayer.Test.Common.TestConnectionProfileService.GetInstance(String key) in /Users/aasimkhan/src/sqltoolsservice/test/Microsoft.SqlTools.ServiceLayer.Test.Common/TestConnectionProfileService.cs:line 59
   at Microsoft.SqlTools.ServiceLayer.Test.Common.TestConnectionProfileService.GetConnectionParameters(String key, String databaseName) in /Users/aasimkhan/src/sqltoolsservice/test/Microsoft.SqlTools.ServiceLayer.Test.Common/TestConnectionProfileService.cs:line 65
   at Microsoft.SqlTools.ServiceLayer.Test.Common.TestConnectionProfileService.GetConnectionParameters(TestServerType serverType, String databaseName) in /Users/aasimkhan/src/sqltoolsservice/test/Microsoft.SqlTools.ServiceLayer.Test.Common/TestConnectionProfileService.cs:line 75
   at Microsoft.SqlTools.ServiceLayer.IntegrationTests.Utility.LiveConnectionHelper.InitLiveConnectionInfoAsync(String databaseName, String ownerUri, String connectionType, TestServerType serverType) in /Users/aasimkhan/src/sqltoolsservice/test/Microsoft.SqlTools.ServiceLayer.IntegrationTests/Utility/LiveConnectionHelper.cs:line 68
   at Microsoft.SqlTools.ServiceLayer.IntegrationTests.Utility.LiveConnectionHelper.InitLiveConnectionInfo(String databaseName, String ownerUri) in /Users/aasimkhan/src/sqltoolsservice/test/Microsoft.SqlTools.ServiceLayer.IntegrationTests/Utility/LiveConnectionHelper.cs:line 52
   at Microsoft.SqlTools.ServiceLayer.IntegrationTests.DacFx.DacFxServiceTests.GetLiveAutoCompleteTestObjects() in /Users/aasimkhan/src/sqltoolsservice/test/Microsoft.SqlTools.ServiceLayer.IntegrationTests/DacFx/DacFxServiceTests.cs:line 91
   at Microsoft.SqlTools.ServiceLayer.IntegrationTests.DacFx.DacFxServiceTests.ExtractDBToFlatTarget() in /Users/aasimkhan/src/sqltoolsservice/test/Microsoft.SqlTools.ServiceLayer.IntegrationTests/DacFx/DacFxServiceTests.cs:line 247
   at NUnit.Framework.Internal.TaskAwaitAdapter.GenericAdapter`1.GetResult()
   at NUnit.Framework.Internal.AsyncToSyncAdapter.Await(Func`1 invoke)
   at NUnit.Framework.Internal.Commands.TestMethodCommand.RunTestMethod(TestExecutionContext context)
   at NUnit.Framework.Internal.Commands.TestMethodCommand.Execute(TestExecutionContext context)
   at NUnit.Framework.Internal.Execution.SimpleWorkItem.&lt;&gt;c__DisplayClass4_0.&lt;PerformWork&gt;b__0()
   at NUnit.Framework.Internal.ContextUtils.&lt;&gt;c__DisplayClass1_0`1.&lt;DoIsolated&gt;b__0(Object _)

1)    at Microsoft.SqlTools.ServiceLayer.Test.Common.TestConnectionProfileService.GetInstance(String key) in /Users/aasimkhan/src/sqltoolsservice/test/Microsoft.SqlTools.ServiceLayer.Test.Common/TestConnectionProfileService.cs:line 59
   at Microsoft.SqlTools.ServiceLayer.Test.Common.TestConnectionProfileService.GetConnectionParameters(String key, String databaseName) in /Users/aasimkhan/src/sqltoolsservice/test/Microsoft.SqlTools.ServiceLayer.Test.Common/TestConnectionProfileService.cs:line 65
   at Microsoft.SqlTools.ServiceLayer.Test.Common.TestConnectionProfileService.GetConnectionParameters(TestServerType serverType, String databaseName) in /Users/aasimkhan/src/sqltoolsservice/test/Microsoft.SqlTools.ServiceLayer.Test.Common/TestConnectionProfileService.cs:line 75
   at Microsoft.SqlTools.ServiceLayer.IntegrationTests.Utility.LiveConnectionHelper.InitLiveConnectionInfoAsync(String databaseName, String ownerUri, String connectionType, TestServerType serverType) in /Users/aasimkhan/src/sqltoolsservice/test/Microsoft.SqlTools.ServiceLayer.IntegrationTests/Utility/LiveConnectionHelper.cs:line 68
   at System.Runtime.CompilerServices.AsyncMethodBuilderCore.Start[TStateMachine](TStateMachine&amp; stateMachine)
   at Microsoft.SqlTools.ServiceLayer.IntegrationTests.Utility.LiveConnectionHelper.InitLiveConnectionInfoAsync(String databaseName, String ownerUri, String connectionType, TestServerType serverType)
   at Microsoft.SqlTools.ServiceLayer.IntegrationTests.Utility.LiveConnectionHelper.InitLiveConnectionInfo(String databaseName, String ownerUri) in /Users/aasimkhan/src/sqltoolsservice/test/Microsoft.SqlTools.ServiceLayer.IntegrationTests/Utility/LiveConnectionHelper.cs:line 52
   at Microsoft.SqlTools.ServiceLayer.IntegrationTests.DacFx.DacFxServiceTests.GetLiveAutoCompleteTestObjects() in /Users/aasimkhan/src/sqltoolsservice/test/Microsoft.SqlTools.ServiceLayer.IntegrationTests/DacFx/DacFxServiceTests.cs:line 91
   at Microsoft.SqlTools.ServiceLayer.IntegrationTests.DacFx.DacFxServiceTests.ExtractDBToFlatTarget() in /Users/aasimkhan/src/sqltoolsservice/test/Microsoft.SqlTools.ServiceLayer.IntegrationTests/DacFx/DacFxServiceTests.cs:line 247
   at System.Runtime.CompilerServices.AsyncMethodBuilderCore.Start[TStateMachine](TStateMachine&amp; stateMachine)
   at Microsoft.SqlTools.ServiceLayer.IntegrationTests.DacFx.DacFxServiceTests.ExtractDBToFlatTarget()</failure>
    </testcase>
    <testcase classname="Microsoft.SqlTools.ServiceLayer.IntegrationTests.DacFx.DacFxServiceTests" name="GenerateDeployPlan" time="0.0025550">
      <failure type="failure" message="  Cannot find any instance for version key: sqlOnPrem&#xA;  Expected: True&#xA;  But was:  False&#xA;">at Microsoft.SqlTools.ServiceLayer.Test.Common.TestConnectionProfileService.GetInstance(String key) in /Users/aasimkhan/src/sqltoolsservice/test/Microsoft.SqlTools.ServiceLayer.Test.Common/TestConnectionProfileService.cs:line 59
   at Microsoft.SqlTools.ServiceLayer.Test.Common.TestConnectionProfileService.GetConnectionParameters(String key, String databaseName) in /Users/aasimkhan/src/sqltoolsservice/test/Microsoft.SqlTools.ServiceLayer.Test.Common/TestConnectionProfileService.cs:line 65
   at Microsoft.SqlTools.ServiceLayer.Test.Common.TestConnectionProfileService.GetConnectionParameters(TestServerType serverType, String databaseName) in /Users/aasimkhan/src/sqltoolsservice/test/Microsoft.SqlTools.ServiceLayer.Test.Common/TestConnectionProfileService.cs:line 75
   at Microsoft.SqlTools.ServiceLayer.IntegrationTests.Utility.LiveConnectionHelper.InitLiveConnectionInfoAsync(String databaseName, String ownerUri, String connectionType, TestServerType serverType) in /Users/aasimkhan/src/sqltoolsservice/test/Microsoft.SqlTools.ServiceLayer.IntegrationTests/Utility/LiveConnectionHelper.cs:line 68
   at Microsoft.SqlTools.ServiceLayer.IntegrationTests.Utility.LiveConnectionHelper.InitLiveConnectionInfo(String databaseName, String ownerUri) in /Users/aasimkhan/src/sqltoolsservice/test/Microsoft.SqlTools.ServiceLayer.IntegrationTests/Utility/LiveConnectionHelper.cs:line 52
   at Microsoft.SqlTools.ServiceLayer.IntegrationTests.DacFx.DacFxServiceTests.GetLiveAutoCompleteTestObjects() in /Users/aasimkhan/src/sqltoolsservice/test/Microsoft.SqlTools.ServiceLayer.IntegrationTests/DacFx/DacFxServiceTests.cs:line 91
   at Microsoft.SqlTools.ServiceLayer.IntegrationTests.DacFx.DacFxServiceTests.GenerateDeployPlan() in /Users/aasimkhan/src/sqltoolsservice/test/Microsoft.SqlTools.ServiceLayer.IntegrationTests/DacFx/DacFxServiceTests.cs:line 424
   at NUnit.Framework.Internal.TaskAwaitAdapter.GenericAdapter`1.GetResult()
   at NUnit.Framework.Internal.AsyncToSyncAdapter.Await(Func`1 invoke)
   at NUnit.Framework.Internal.Commands.TestMethodCommand.RunTestMethod(TestExecutionContext context)
   at NUnit.Framework.Internal.Commands.TestMethodCommand.Execute(TestExecutionContext context)
   at NUnit.Framework.Internal.Execution.SimpleWorkItem.&lt;&gt;c__DisplayClass4_0.&lt;PerformWork&gt;b__0()
   at NUnit.Framework.Internal.ContextUtils.&lt;&gt;c__DisplayClass1_0`1.&lt;DoIsolated&gt;b__0(Object _)

1)    at Microsoft.SqlTools.ServiceLayer.Test.Common.TestConnectionProfileService.GetInstance(String key) in /Users/aasimkhan/src/sqltoolsservice/test/Microsoft.SqlTools.ServiceLayer.Test.Common/TestConnectionProfileService.cs:line 59
   at Microsoft.SqlTools.ServiceLayer.Test.Common.TestConnectionProfileService.GetConnectionParameters(String key, String databaseName) in /Users/aasimkhan/src/sqltoolsservice/test/Microsoft.SqlTools.ServiceLayer.Test.Common/TestConnectionProfileService.cs:line 65
   at Microsoft.SqlTools.ServiceLayer.Test.Common.TestConnectionProfileService.GetConnectionParameters(TestServerType serverType, String databaseName) in /Users/aasimkhan/src/sqltoolsservice/test/Microsoft.SqlTools.ServiceLayer.Test.Common/TestConnectionProfileService.cs:line 75
   at Microsoft.SqlTools.ServiceLayer.IntegrationTests.Utility.LiveConnectionHelper.InitLiveConnectionInfoAsync(String databaseName, String ownerUri, String connectionType, TestServerType serverType) in /Users/aasimkhan/src/sqltoolsservice/test/Microsoft.SqlTools.ServiceLayer.IntegrationTests/Utility/LiveConnectionHelper.cs:line 68
   at System.Runtime.CompilerServices.AsyncMethodBuilderCore.Start[TStateMachine](TStateMachine&amp; stateMachine)
   at Microsoft.SqlTools.ServiceLayer.IntegrationTests.Utility.LiveConnectionHelper.InitLiveConnectionInfoAsync(String databaseName, String ownerUri, String connectionType, TestServerType serverType)
   at Microsoft.SqlTools.ServiceLayer.IntegrationTests.Utility.LiveConnectionHelper.InitLiveConnectionInfo(String databaseName, String ownerUri) in /Users/aasimkhan/src/sqltoolsservice/test/Microsoft.SqlTools.ServiceLayer.IntegrationTests/Utility/LiveConnectionHelper.cs:line 52
   at Microsoft.SqlTools.ServiceLayer.IntegrationTests.DacFx.DacFxServiceTests.GetLiveAutoCompleteTestObjects() in /Users/aasimkhan/src/sqltoolsservice/test/Microsoft.SqlTools.ServiceLayer.IntegrationTests/DacFx/DacFxServiceTests.cs:line 91
   at Microsoft.SqlTools.ServiceLayer.IntegrationTests.DacFx.DacFxServiceTests.GenerateDeployPlan() in /Users/aasimkhan/src/sqltoolsservice/test/Microsoft.SqlTools.ServiceLayer.IntegrationTests/DacFx/DacFxServiceTests.cs:line 424
   at System.Runtime.CompilerServices.AsyncMethodBuilderCore.Start[TStateMachine](TStateMachine&amp; stateMachine)
   at Microsoft.SqlTools.ServiceLayer.IntegrationTests.DacFx.DacFxServiceTests.GenerateDeployPlan()</failure>
    </testcase>
    <testcase classname="Microsoft.SqlTools.ServiceLayer.IntegrationTests.DacFx.DacFxServiceTests" name="GenerateDeployScript" time="0.0021400">
      <failure type="failure" message="  Cannot find any instance for version key: sqlOnPrem&#xA;  Expected: True&#xA;  But was:  False&#xA;">at Microsoft.SqlTools.ServiceLayer.Test.Common.TestConnectionProfileService.GetInstance(String key) in /Users/aasimkhan/src/sqltoolsservice/test/Microsoft.SqlTools.ServiceLayer.Test.Common/TestConnectionProfileService.cs:line 59
   at Microsoft.SqlTools.ServiceLayer.Test.Common.TestConnectionProfileService.GetConnectionParameters(String key, String databaseName) in /Users/aasimkhan/src/sqltoolsservice/test/Microsoft.SqlTools.ServiceLayer.Test.Common/TestConnectionProfileService.cs:line 65
   at Microsoft.SqlTools.ServiceLayer.Test.Common.TestConnectionProfileService.GetConnectionParameters(TestServerType serverType, String databaseName) in /Users/aasimkhan/src/sqltoolsservice/test/Microsoft.SqlTools.ServiceLayer.Test.Common/TestConnectionProfileService.cs:line 75
   at Microsoft.SqlTools.ServiceLayer.IntegrationTests.Utility.LiveConnectionHelper.InitLiveConnectionInfoAsync(String databaseName, String ownerUri, String connectionType, TestServerType serverType) in /Users/aasimkhan/src/sqltoolsservice/test/Microsoft.SqlTools.ServiceLayer.IntegrationTests/Utility/LiveConnectionHelper.cs:line 68
   at Microsoft.SqlTools.ServiceLayer.IntegrationTests.Utility.LiveConnectionHelper.InitLiveConnectionInfo(String databaseName, String ownerUri) in /Users/aasimkhan/src/sqltoolsservice/test/Microsoft.SqlTools.ServiceLayer.IntegrationTests/Utility/LiveConnectionHelper.cs:line 52
   at Microsoft.SqlTools.ServiceLayer.IntegrationTests.DacFx.DacFxServiceTests.GetLiveAutoCompleteTestObjects() in /Users/aasimkhan/src/sqltoolsservice/test/Microsoft.SqlTools.ServiceLayer.IntegrationTests/DacFx/DacFxServiceTests.cs:line 91
   at Microsoft.SqlTools.ServiceLayer.IntegrationTests.DacFx.DacFxServiceTests.GenerateDeployScript() in /Users/aasimkhan/src/sqltoolsservice/test/Microsoft.SqlTools.ServiceLayer.IntegrationTests/DacFx/DacFxServiceTests.cs:line 385
   at NUnit.Framework.Internal.TaskAwaitAdapter.GenericAdapter`1.GetResult()
   at NUnit.Framework.Internal.AsyncToSyncAdapter.Await(Func`1 invoke)
   at NUnit.Framework.Internal.Commands.TestMethodCommand.RunTestMethod(TestExecutionContext context)
   at NUnit.Framework.Internal.Commands.TestMethodCommand.Execute(TestExecutionContext context)
   at NUnit.Framework.Internal.Execution.SimpleWorkItem.&lt;&gt;c__DisplayClass4_0.&lt;PerformWork&gt;b__0()
   at NUnit.Framework.Internal.ContextUtils.&lt;&gt;c__DisplayClass1_0`1.&lt;DoIsolated&gt;b__0(Object _)

1)    at Microsoft.SqlTools.ServiceLayer.Test.Common.TestConnectionProfileService.GetInstance(String key) in /Users/aasimkhan/src/sqltoolsservice/test/Microsoft.SqlTools.ServiceLayer.Test.Common/TestConnectionProfileService.cs:line 59
   at Microsoft.SqlTools.ServiceLayer.Test.Common.TestConnectionProfileService.GetConnectionParameters(String key, String databaseName) in /Users/aasimkhan/src/sqltoolsservice/test/Microsoft.SqlTools.ServiceLayer.Test.Common/TestConnectionProfileService.cs:line 65
   at Microsoft.SqlTools.ServiceLayer.Test.Common.TestConnectionProfileService.GetConnectionParameters(TestServerType serverType, String databaseName) in /Users/aasimkhan/src/sqltoolsservice/test/Microsoft.SqlTools.ServiceLayer.Test.Common/TestConnectionProfileService.cs:line 75
   at Microsoft.SqlTools.ServiceLayer.IntegrationTests.Utility.LiveConnectionHelper.InitLiveConnectionInfoAsync(String databaseName, String ownerUri, String connectionType, TestServerType serverType) in /Users/aasimkhan/src/sqltoolsservice/test/Microsoft.SqlTools.ServiceLayer.IntegrationTests/Utility/LiveConnectionHelper.cs:line 68
   at System.Runtime.CompilerServices.AsyncMethodBuilderCore.Start[TStateMachine](TStateMachine&amp; stateMachine)
   at Microsoft.SqlTools.ServiceLayer.IntegrationTests.Utility.LiveConnectionHelper.InitLiveConnectionInfoAsync(String databaseName, String ownerUri, String connectionType, TestServerType serverType)
   at Microsoft.SqlTools.ServiceLayer.IntegrationTests.Utility.LiveConnectionHelper.InitLiveConnectionInfo(String databaseName, String ownerUri) in /Users/aasimkhan/src/sqltoolsservice/test/Microsoft.SqlTools.ServiceLayer.IntegrationTests/Utility/LiveConnectionHelper.cs:line 52
   at Microsoft.SqlTools.ServiceLayer.IntegrationTests.DacFx.DacFxServiceTests.GetLiveAutoCompleteTestObjects() in /Users/aasimkhan/src/sqltoolsservice/test/Microsoft.SqlTools.ServiceLayer.IntegrationTests/DacFx/DacFxServiceTests.cs:line 91
   at Microsoft.SqlTools.ServiceLayer.IntegrationTests.DacFx.DacFxServiceTests.GenerateDeployScript() in /Users/aasimkhan/src/sqltoolsservice/test/Microsoft.SqlTools.ServiceLayer.IntegrationTests/DacFx/DacFxServiceTests.cs:line 385
   at System.Runtime.CompilerServices.AsyncMethodBuilderCore.Start[TStateMachine](TStateMachine&amp; stateMachine)
   at Microsoft.SqlTools.ServiceLayer.IntegrationTests.DacFx.DacFxServiceTests.GenerateDeployScript()</failure>
    </testcase>
    <testcase classname="Microsoft.SqlTools.ServiceLayer.IntegrationTests.DacFx.DacFxServiceTests" name="GenerateDeployScriptWithOptions" time="0.0079670">
      <failure type="failure" message="  Cannot find any instance for version key: sqlOnPrem&#xA;  Expected: True&#xA;  But was:  False&#xA;">at Microsoft.SqlTools.ServiceLayer.Test.Common.TestConnectionProfileService.GetInstance(String key) in /Users/aasimkhan/src/sqltoolsservice/test/Microsoft.SqlTools.ServiceLayer.Test.Common/TestConnectionProfileService.cs:line 59
   at Microsoft.SqlTools.ServiceLayer.Test.Common.TestConnectionProfileService.GetConnectionParameters(String key, String databaseName) in /Users/aasimkhan/src/sqltoolsservice/test/Microsoft.SqlTools.ServiceLayer.Test.Common/TestConnectionProfileService.cs:line 65
   at Microsoft.SqlTools.ServiceLayer.Test.Common.TestConnectionProfileService.GetConnectionParameters(TestServerType serverType, String databaseName) in /Users/aasimkhan/src/sqltoolsservice/test/Microsoft.SqlTools.ServiceLayer.Test.Common/TestConnectionProfileService.cs:line 75
   at Microsoft.SqlTools.ServiceLayer.IntegrationTests.Utility.LiveConnectionHelper.InitLiveConnectionInfoAsync(String databaseName, String ownerUri, String connectionType, TestServerType serverType) in /Users/aasimkhan/src/sqltoolsservice/test/Microsoft.SqlTools.ServiceLayer.IntegrationTests/Utility/LiveConnectionHelper.cs:line 68
   at Microsoft.SqlTools.ServiceLayer.IntegrationTests.Utility.LiveConnectionHelper.InitLiveConnectionInfo(String databaseName, String ownerUri) in /Users/aasimkhan/src/sqltoolsservice/test/Microsoft.SqlTools.ServiceLayer.IntegrationTests/Utility/LiveConnectionHelper.cs:line 52
   at Microsoft.SqlTools.ServiceLayer.IntegrationTests.DacFx.DacFxServiceTests.GetLiveAutoCompleteTestObjects() in /Users/aasimkhan/src/sqltoolsservice/test/Microsoft.SqlTools.ServiceLayer.IntegrationTests/DacFx/DacFxServiceTests.cs:line 91
   at Microsoft.SqlTools.ServiceLayer.IntegrationTests.DacFx.DacFxServiceTests.GenerateDeployScriptWithOptions() in /Users/aasimkhan/src/sqltoolsservice/test/Microsoft.SqlTools.ServiceLayer.IntegrationTests/DacFx/DacFxServiceTests.cs:line 658
   at NUnit.Framework.Internal.TaskAwaitAdapter.GenericAdapter`1.GetResult()
   at NUnit.Framework.Internal.AsyncToSyncAdapter.Await(Func`1 invoke)
   at NUnit.Framework.Internal.Commands.TestMethodCommand.RunTestMethod(TestExecutionContext context)
   at NUnit.Framework.Internal.Commands.TestMethodCommand.Execute(TestExecutionContext context)
   at NUnit.Framework.Internal.Execution.SimpleWorkItem.&lt;&gt;c__DisplayClass4_0.&lt;PerformWork&gt;b__0()
   at NUnit.Framework.Internal.ContextUtils.&lt;&gt;c__DisplayClass1_0`1.&lt;DoIsolated&gt;b__0(Object _)

1)    at Microsoft.SqlTools.ServiceLayer.Test.Common.TestConnectionProfileService.GetInstance(String key) in /Users/aasimkhan/src/sqltoolsservice/test/Microsoft.SqlTools.ServiceLayer.Test.Common/TestConnectionProfileService.cs:line 59
   at Microsoft.SqlTools.ServiceLayer.Test.Common.TestConnectionProfileService.GetConnectionParameters(String key, String databaseName) in /Users/aasimkhan/src/sqltoolsservice/test/Microsoft.SqlTools.ServiceLayer.Test.Common/TestConnectionProfileService.cs:line 65
   at Microsoft.SqlTools.ServiceLayer.Test.Common.TestConnectionProfileService.GetConnectionParameters(TestServerType serverType, String databaseName) in /Users/aasimkhan/src/sqltoolsservice/test/Microsoft.SqlTools.ServiceLayer.Test.Common/TestConnectionProfileService.cs:line 75
   at Microsoft.SqlTools.ServiceLayer.IntegrationTests.Utility.LiveConnectionHelper.InitLiveConnectionInfoAsync(String databaseName, String ownerUri, String connectionType, TestServerType serverType) in /Users/aasimkhan/src/sqltoolsservice/test/Microsoft.SqlTools.ServiceLayer.IntegrationTests/Utility/LiveConnectionHelper.cs:line 68
   at System.Runtime.CompilerServices.AsyncMethodBuilderCore.Start[TStateMachine](TStateMachine&amp; stateMachine)
   at Microsoft.SqlTools.ServiceLayer.IntegrationTests.Utility.LiveConnectionHelper.InitLiveConnectionInfoAsync(String databaseName, String ownerUri, String connectionType, TestServerType serverType)
   at Microsoft.SqlTools.ServiceLayer.IntegrationTests.Utility.LiveConnectionHelper.InitLiveConnectionInfo(String databaseName, String ownerUri) in /Users/aasimkhan/src/sqltoolsservice/test/Microsoft.SqlTools.ServiceLayer.IntegrationTests/Utility/LiveConnectionHelper.cs:line 52
   at Microsoft.SqlTools.ServiceLayer.IntegrationTests.DacFx.DacFxServiceTests.GetLiveAutoCompleteTestObjects() in /Users/aasimkhan/src/sqltoolsservice/test/Microsoft.SqlTools.ServiceLayer.IntegrationTests/DacFx/DacFxServiceTests.cs:line 91
   at Microsoft.SqlTools.ServiceLayer.IntegrationTests.DacFx.DacFxServiceTests.GenerateDeployScriptWithOptions() in /Users/aasimkhan/src/sqltoolsservice/test/Microsoft.SqlTools.ServiceLayer.IntegrationTests/DacFx/DacFxServiceTests.cs:line 658
   at System.Runtime.CompilerServices.AsyncMethodBuilderCore.Start[TStateMachine](TStateMachine&amp; stateMachine)
   at Microsoft.SqlTools.ServiceLayer.IntegrationTests.DacFx.DacFxServiceTests.GenerateDeployScriptWithOptions()</failure>
    </testcase>
    <testcase classname="Microsoft.SqlTools.ServiceLayer.IntegrationTests.DacFx.DacFxServiceTests" name="GenerateDeployScriptWithSqlCmdVariables" time="0.0018380">
      <failure type="failure" message="  Cannot find any instance for version key: sqlOnPrem&#xA;  Expected: True&#xA;  But was:  False&#xA;">at Microsoft.SqlTools.ServiceLayer.Test.Common.TestConnectionProfileService.GetInstance(String key) in /Users/aasimkhan/src/sqltoolsservice/test/Microsoft.SqlTools.ServiceLayer.Test.Common/TestConnectionProfileService.cs:line 59
   at Microsoft.SqlTools.ServiceLayer.Test.Common.TestConnectionProfileService.GetConnectionParameters(String key, String databaseName) in /Users/aasimkhan/src/sqltoolsservice/test/Microsoft.SqlTools.ServiceLayer.Test.Common/TestConnectionProfileService.cs:line 65
   at Microsoft.SqlTools.ServiceLayer.Test.Common.TestConnectionProfileService.GetConnectionParameters(TestServerType serverType, String databaseName) in /Users/aasimkhan/src/sqltoolsservice/test/Microsoft.SqlTools.ServiceLayer.Test.Common/TestConnectionProfileService.cs:line 75
   at Microsoft.SqlTools.ServiceLayer.IntegrationTests.Utility.LiveConnectionHelper.InitLiveConnectionInfoAsync(String databaseName, String ownerUri, String connectionType, TestServerType serverType) in /Users/aasimkhan/src/sqltoolsservice/test/Microsoft.SqlTools.ServiceLayer.IntegrationTests/Utility/LiveConnectionHelper.cs:line 68
   at Microsoft.SqlTools.ServiceLayer.IntegrationTests.Utility.LiveConnectionHelper.InitLiveConnectionInfo(String databaseName, String ownerUri) in /Users/aasimkhan/src/sqltoolsservice/test/Microsoft.SqlTools.ServiceLayer.IntegrationTests/Utility/LiveConnectionHelper.cs:line 52
   at Microsoft.SqlTools.ServiceLayer.IntegrationTests.DacFx.DacFxServiceTests.GetLiveAutoCompleteTestObjects() in /Users/aasimkhan/src/sqltoolsservice/test/Microsoft.SqlTools.ServiceLayer.IntegrationTests/DacFx/DacFxServiceTests.cs:line 91
   at Microsoft.SqlTools.ServiceLayer.IntegrationTests.DacFx.DacFxServiceTests.GenerateDeployScriptWithSqlCmdVariables() in /Users/aasimkhan/src/sqltoolsservice/test/Microsoft.SqlTools.ServiceLayer.IntegrationTests/DacFx/DacFxServiceTests.cs:line 534
   at NUnit.Framework.Internal.TaskAwaitAdapter.GenericAdapter`1.GetResult()
   at NUnit.Framework.Internal.AsyncToSyncAdapter.Await(Func`1 invoke)
   at NUnit.Framework.Internal.Commands.TestMethodCommand.RunTestMethod(TestExecutionContext context)
   at NUnit.Framework.Internal.Commands.TestMethodCommand.Execute(TestExecutionContext context)
   at NUnit.Framework.Internal.Execution.SimpleWorkItem.&lt;&gt;c__DisplayClass4_0.&lt;PerformWork&gt;b__0()
   at NUnit.Framework.Internal.ContextUtils.&lt;&gt;c__DisplayClass1_0`1.&lt;DoIsolated&gt;b__0(Object _)

1)    at Microsoft.SqlTools.ServiceLayer.Test.Common.TestConnectionProfileService.GetInstance(String key) in /Users/aasimkhan/src/sqltoolsservice/test/Microsoft.SqlTools.ServiceLayer.Test.Common/TestConnectionProfileService.cs:line 59
   at Microsoft.SqlTools.ServiceLayer.Test.Common.TestConnectionProfileService.GetConnectionParameters(String key, String databaseName) in /Users/aasimkhan/src/sqltoolsservice/test/Microsoft.SqlTools.ServiceLayer.Test.Common/TestConnectionProfileService.cs:line 65
   at Microsoft.SqlTools.ServiceLayer.Test.Common.TestConnectionProfileService.GetConnectionParameters(TestServerType serverType, String databaseName) in /Users/aasimkhan/src/sqltoolsservice/test/Microsoft.SqlTools.ServiceLayer.Test.Common/TestConnectionProfileService.cs:line 75
   at Microsoft.SqlTools.ServiceLayer.IntegrationTests.Utility.LiveConnectionHelper.InitLiveConnectionInfoAsync(String databaseName, String ownerUri, String connectionType, TestServerType serverType) in /Users/aasimkhan/src/sqltoolsservice/test/Microsoft.SqlTools.ServiceLayer.IntegrationTests/Utility/LiveConnectionHelper.cs:line 68
   at System.Runtime.CompilerServices.AsyncMethodBuilderCore.Start[TStateMachine](TStateMachine&amp; stateMachine)
   at Microsoft.SqlTools.ServiceLayer.IntegrationTests.Utility.LiveConnectionHelper.InitLiveConnectionInfoAsync(String databaseName, String ownerUri, String connectionType, TestServerType serverType)
   at Microsoft.SqlTools.ServiceLayer.IntegrationTests.Utility.LiveConnectionHelper.InitLiveConnectionInfo(String databaseName, String ownerUri) in /Users/aasimkhan/src/sqltoolsservice/test/Microsoft.SqlTools.ServiceLayer.IntegrationTests/Utility/LiveConnectionHelper.cs:line 52
   at Microsoft.SqlTools.ServiceLayer.IntegrationTests.DacFx.DacFxServiceTests.GetLiveAutoCompleteTestObjects() in /Users/aasimkhan/src/sqltoolsservice/test/Microsoft.SqlTools.ServiceLayer.IntegrationTests/DacFx/DacFxServiceTests.cs:line 91
   at Microsoft.SqlTools.ServiceLayer.IntegrationTests.DacFx.DacFxServiceTests.GenerateDeployScriptWithSqlCmdVariables() in /Users/aasimkhan/src/sqltoolsservice/test/Microsoft.SqlTools.ServiceLayer.IntegrationTests/DacFx/DacFxServiceTests.cs:line 534
   at System.Runtime.CompilerServices.AsyncMethodBuilderCore.Start[TStateMachine](TStateMachine&amp; stateMachine)
   at Microsoft.SqlTools.ServiceLayer.IntegrationTests.DacFx.DacFxServiceTests.GenerateDeployScriptWithSqlCmdVariables()</failure>
    </testcase>
    <testcase classname="Microsoft.SqlTools.ServiceLayer.IntegrationTests.DacFx.DacFxServiceTests" name="GetOptionsFromProfile" time="0.2929910" />
    <testcase classname="Microsoft.SqlTools.ServiceLayer.IntegrationTests.DacFx.DacFxServiceTests" name="GetOptionsFromProfileWithoutOptions" time="0.0135570" />
    <testcase classname="Microsoft.SqlTools.ServiceLayer.IntegrationTests.DacFx.DacFxServiceTests" name="ImportBacpac" time="0.0015410">
      <failure type="failure" message="  Cannot find any instance for version key: sqlOnPrem&#xA;  Expected: True&#xA;  But was:  False&#xA;">at Microsoft.SqlTools.ServiceLayer.Test.Common.TestConnectionProfileService.GetInstance(String key) in /Users/aasimkhan/src/sqltoolsservice/test/Microsoft.SqlTools.ServiceLayer.Test.Common/TestConnectionProfileService.cs:line 59
   at Microsoft.SqlTools.ServiceLayer.Test.Common.TestConnectionProfileService.GetConnectionParameters(String key, String databaseName) in /Users/aasimkhan/src/sqltoolsservice/test/Microsoft.SqlTools.ServiceLayer.Test.Common/TestConnectionProfileService.cs:line 65
   at Microsoft.SqlTools.ServiceLayer.Test.Common.TestConnectionProfileService.GetConnectionParameters(TestServerType serverType, String databaseName) in /Users/aasimkhan/src/sqltoolsservice/test/Microsoft.SqlTools.ServiceLayer.Test.Common/TestConnectionProfileService.cs:line 75
   at Microsoft.SqlTools.ServiceLayer.IntegrationTests.Utility.LiveConnectionHelper.InitLiveConnectionInfoAsync(String databaseName, String ownerUri, String connectionType, TestServerType serverType) in /Users/aasimkhan/src/sqltoolsservice/test/Microsoft.SqlTools.ServiceLayer.IntegrationTests/Utility/LiveConnectionHelper.cs:line 68
   at Microsoft.SqlTools.ServiceLayer.IntegrationTests.Utility.LiveConnectionHelper.InitLiveConnectionInfo(String databaseName, String ownerUri) in /Users/aasimkhan/src/sqltoolsservice/test/Microsoft.SqlTools.ServiceLayer.IntegrationTests/Utility/LiveConnectionHelper.cs:line 52
   at Microsoft.SqlTools.ServiceLayer.IntegrationTests.DacFx.DacFxServiceTests.GetLiveAutoCompleteTestObjects() in /Users/aasimkhan/src/sqltoolsservice/test/Microsoft.SqlTools.ServiceLayer.IntegrationTests/DacFx/DacFxServiceTests.cs:line 91
   at Microsoft.SqlTools.ServiceLayer.IntegrationTests.DacFx.DacFxServiceTests.ImportBacpac() in /Users/aasimkhan/src/sqltoolsservice/test/Microsoft.SqlTools.ServiceLayer.IntegrationTests/DacFx/DacFxServiceTests.cs:line 133
   at NUnit.Framework.Internal.TaskAwaitAdapter.GenericAdapter`1.GetResult()
   at NUnit.Framework.Internal.AsyncToSyncAdapter.Await(Func`1 invoke)
   at NUnit.Framework.Internal.Commands.TestMethodCommand.RunTestMethod(TestExecutionContext context)
   at NUnit.Framework.Internal.Commands.TestMethodCommand.Execute(TestExecutionContext context)
   at NUnit.Framework.Internal.Execution.SimpleWorkItem.&lt;&gt;c__DisplayClass4_0.&lt;PerformWork&gt;b__0()
   at NUnit.Framework.Internal.ContextUtils.&lt;&gt;c__DisplayClass1_0`1.&lt;DoIsolated&gt;b__0(Object _)

1)    at Microsoft.SqlTools.ServiceLayer.Test.Common.TestConnectionProfileService.GetInstance(String key) in /Users/aasimkhan/src/sqltoolsservice/test/Microsoft.SqlTools.ServiceLayer.Test.Common/TestConnectionProfileService.cs:line 59
   at Microsoft.SqlTools.ServiceLayer.Test.Common.TestConnectionProfileService.GetConnectionParameters(String key, String databaseName) in /Users/aasimkhan/src/sqltoolsservice/test/Microsoft.SqlTools.ServiceLayer.Test.Common/TestConnectionProfileService.cs:line 65
   at Microsoft.SqlTools.ServiceLayer.Test.Common.TestConnectionProfileService.GetConnectionParameters(TestServerType serverType, String databaseName) in /Users/aasimkhan/src/sqltoolsservice/test/Microsoft.SqlTools.ServiceLayer.Test.Common/TestConnectionProfileService.cs:line 75
   at Microsoft.SqlTools.ServiceLayer.IntegrationTests.Utility.LiveConnectionHelper.InitLiveConnectionInfoAsync(String databaseName, String ownerUri, String connectionType, TestServerType serverType) in /Users/aasimkhan/src/sqltoolsservice/test/Microsoft.SqlTools.ServiceLayer.IntegrationTests/Utility/LiveConnectionHelper.cs:line 68
   at System.Runtime.CompilerServices.AsyncMethodBuilderCore.Start[TStateMachine](TStateMachine&amp; stateMachine)
   at Microsoft.SqlTools.ServiceLayer.IntegrationTests.Utility.LiveConnectionHelper.InitLiveConnectionInfoAsync(String databaseName, String ownerUri, String connectionType, TestServerType serverType)
   at Microsoft.SqlTools.ServiceLayer.IntegrationTests.Utility.LiveConnectionHelper.InitLiveConnectionInfo(String databaseName, String ownerUri) in /Users/aasimkhan/src/sqltoolsservice/test/Microsoft.SqlTools.ServiceLayer.IntegrationTests/Utility/LiveConnectionHelper.cs:line 52
   at Microsoft.SqlTools.ServiceLayer.IntegrationTests.DacFx.DacFxServiceTests.GetLiveAutoCompleteTestObjects() in /Users/aasimkhan/src/sqltoolsservice/test/Microsoft.SqlTools.ServiceLayer.IntegrationTests/DacFx/DacFxServiceTests.cs:line 91
   at Microsoft.SqlTools.ServiceLayer.IntegrationTests.DacFx.DacFxServiceTests.ImportBacpac() in /Users/aasimkhan/src/sqltoolsservice/test/Microsoft.SqlTools.ServiceLayer.IntegrationTests/DacFx/DacFxServiceTests.cs:line 133
   at System.Runtime.CompilerServices.AsyncMethodBuilderCore.Start[TStateMachine](TStateMachine&amp; stateMachine)
   at Microsoft.SqlTools.ServiceLayer.IntegrationTests.DacFx.DacFxServiceTests.ImportBacpac()</failure>
    </testcase>
    <testcase classname="Microsoft.SqlTools.ServiceLayer.IntegrationTests.DacFx.DacFxServiceTests" name="ValidateGetDefaultPublishOptionsCallFromService" time="0.0034440" />
    <testcase classname="Microsoft.SqlTools.ServiceLayer.IntegrationTests.DacFx.DacFxServiceTests" name="ValidateObjectTypesOptionswithEnum" time="0.0017160" />
    <testcase classname="Microsoft.SqlTools.ServiceLayer.IntegrationTests.DacFx.DacFxServiceTests" name="ValidateSavePublishProfile" time="0.0301510" />
    <testcase classname="Microsoft.SqlTools.ServiceLayer.IntegrationTests.DacFx.DacFxServiceTests" name="ValidateStreamingJob" time="0.5384949" />
    <testcase classname="Microsoft.SqlTools.ServiceLayer.IntegrationTests.DacFx.TSqlModelRequestTests" name="GenerateEmptyTSqlModel" time="0.0606530" />
    <testcase classname="Microsoft.SqlTools.ServiceLayer.IntegrationTests.DacFx.TSqlModelRequestTests" name="GenerateTSqlModelFromSqlFiles" time="0.0635420" />
    <testcase classname="Microsoft.SqlTools.ServiceLayer.IntegrationTests.DacFx.TSqlModelRequestTests" name="VerifyGenerateTSqlModelHandle" time="0.0379780" />
    <testcase classname="Microsoft.SqlTools.ServiceLayer.IntegrationTests.DacFx.TSqlModelRequestTests" name="VerifyGetObjectsFromTSqlModelHandle" time="0.0453430" />
    <testcase classname="Microsoft.SqlTools.ServiceLayer.IntegrationTests.DisasterRecovery.BackupRestoreUrlTests" name="BackupDatabaseToUrlAndRestoreFromUrlTest" time="0.0026040">
      <failure type="failure" message="System.Exception : Fail to load the SQL connection instances.&#xA;  ----&gt; System.Exception : Failed to load the Azure Blob connection settings.&#xA;  ----&gt; System.InvalidOperationException : Azure Blob connection settings are not set, but are required for this test.  https://github.com/microsoft/sqltoolsservice/blob/main/test/README.md#test-storage-account-setup">at Microsoft.SqlTools.ServiceLayer.Test.Common.TestAzureBlobConnectionService.LoadInstanceSettings() in /Users/aasimkhan/src/sqltoolsservice/test/Microsoft.SqlTools.ServiceLayer.Test.Common/TestAzureBlobConnectionService.cs:line 46
   at Microsoft.SqlTools.ServiceLayer.Test.Common.TestAzureBlobConnectionService..ctor() in /Users/aasimkhan/src/sqltoolsservice/test/Microsoft.SqlTools.ServiceLayer.Test.Common/TestAzureBlobConnectionService.cs:line 19
   at Microsoft.SqlTools.ServiceLayer.Test.Common.TestAzureBlobConnectionService.&lt;&gt;c.&lt;.cctor&gt;b__9_0() in /Users/aasimkhan/src/sqltoolsservice/test/Microsoft.SqlTools.ServiceLayer.Test.Common/TestAzureBlobConnectionService.cs:line 14
   at System.Lazy`1.ViaFactory(LazyThreadSafetyMode mode)
   at System.Lazy`1.ExecutionAndPublication(LazyHelper executionAndPublication, Boolean useDefaultConstructor)
   at System.Lazy`1.CreateValue()
   at Microsoft.SqlTools.ServiceLayer.Test.Common.TestAzureBlobConnectionService.get_Instance() in /Users/aasimkhan/src/sqltoolsservice/test/Microsoft.SqlTools.ServiceLayer.Test.Common/TestAzureBlobConnectionService.cs:line 26
   at Microsoft.SqlTools.ServiceLayer.IntegrationTests.DisasterRecovery.BackupRestoreUrlTests.BackupDatabaseToUrlAndRestoreFromUrlTest() in /Users/aasimkhan/src/sqltoolsservice/test/Microsoft.SqlTools.ServiceLayer.IntegrationTests/DisasterRecovery/BackupRestoreUrlTests.cs:line 43
   at NUnit.Framework.Internal.TaskAwaitAdapter.GenericAdapter`1.GetResult()
   at NUnit.Framework.Internal.AsyncToSyncAdapter.Await(Func`1 invoke)
   at NUnit.Framework.Internal.Commands.TestMethodCommand.RunTestMethod(TestExecutionContext context)
   at NUnit.Framework.Internal.Commands.TestMethodCommand.Execute(TestExecutionContext context)
   at NUnit.Framework.Internal.Execution.SimpleWorkItem.&lt;&gt;c__DisplayClass4_0.&lt;PerformWork&gt;b__0()
   at NUnit.Framework.Internal.ContextUtils.&lt;&gt;c__DisplayClass1_0`1.&lt;DoIsolated&gt;b__0(Object _)
   at System.Threading.ExecutionContext.RunInternal(ExecutionContext executionContext, ContextCallback callback, Object state)
--- End of stack trace from previous location ---
   at System.Threading.ExecutionContext.RunInternal(ExecutionContext executionContext, ContextCallback callback, Object state)
   at NUnit.Framework.Internal.ContextUtils.DoIsolated(ContextCallback callback, Object state)
   at NUnit.Framework.Internal.ContextUtils.DoIsolated[T](Func`1 func)
   at NUnit.Framework.Internal.Execution.SimpleWorkItem.PerformWork()
--Exception
   at Microsoft.SqlTools.ServiceLayer.Test.Common.TestAzureBlobConnectionService.InitAzureBlobConnectionSetting() in /Users/aasimkhan/src/sqltoolsservice/test/Microsoft.SqlTools.ServiceLayer.Test.Common/TestAzureBlobConnectionService.cs:line 69
   at Microsoft.SqlTools.ServiceLayer.Test.Common.TestAzureBlobConnectionService.LoadInstanceSettings() in /Users/aasimkhan/src/sqltoolsservice/test/Microsoft.SqlTools.ServiceLayer.Test.Common/TestAzureBlobConnectionService.cs:line 42
--InvalidOperationException
   at Microsoft.SqlTools.ServiceLayer.Test.Common.TestAzureBlobConnectionService.InitAzureBlobConnectionSetting() in /Users/aasimkhan/src/sqltoolsservice/test/Microsoft.SqlTools.ServiceLayer.Test.Common/TestAzureBlobConnectionService.cs:line 61</failure>
    </testcase>
    <testcase classname="Microsoft.SqlTools.ServiceLayer.IntegrationTests.DisasterRecovery.BackupServiceTests" name="CreateBackupTest" time="0.0037010">
      <failure type="failure" message="System.AggregateException : One or more errors occurred. (  Cannot find any instance for version key: sqlOnPrem&#xA;  Expected: True&#xA;  But was:  False&#xA;)&#xA;  ----&gt; NUnit.Framework.AssertionException :   Cannot find any instance for version key: sqlOnPrem&#xA;  Expected: True&#xA;  But was:  False&#xA;&#xA;&#xA;  1)   Cannot find any instance for version key: sqlOnPrem&#xA;  Expected: True&#xA;  But was:  False&#xA;&#xA;">at System.Threading.Tasks.Task.ThrowIfExceptional(Boolean includeTaskCanceledExceptions)
   at System.Threading.Tasks.Task`1.GetResultCore(Boolean waitCompletionNotification)
   at Microsoft.SqlTools.ServiceLayer.Test.Common.SqlTestDb.CreateNew(TestServerType serverType, Boolean doNotCleanupDb, String databaseName, String query, String dbNamePrefix) in /Users/aasimkhan/src/sqltoolsservice/test/Microsoft.SqlTools.ServiceLayer.Test.Common/SqlTestDb.cs:line 84
   at Microsoft.SqlTools.ServiceLayer.IntegrationTests.DisasterRecovery.BackupServiceTests.CreateBackupTest() in /Users/aasimkhan/src/sqltoolsservice/test/Microsoft.SqlTools.ServiceLayer.IntegrationTests/DisasterRecovery/BackupServiceTests.cs:line 82
   at System.RuntimeMethodHandle.InvokeMethod(Object target, Void** arguments, Signature sig, Boolean isConstructor)
   at System.Reflection.MethodBaseInvoker.InvokeWithNoArgs(Object obj, BindingFlags invokeAttr)
--AssertionException
   at NUnit.Framework.Assert.ReportFailure(String message)
   at NUnit.Framework.Assert.ReportFailure(ConstraintResult result, String message, Object[] args)
   at NUnit.Framework.Assert.That[TActual](TActual actual, IResolveConstraint expression, String message, Object[] args)
   at NUnit.Framework.Assert.True(Boolean condition, String message, Object[] args)
   at Microsoft.SqlTools.ServiceLayer.Test.Common.TestConnectionProfileService.GetInstance(String key) in /Users/aasimkhan/src/sqltoolsservice/test/Microsoft.SqlTools.ServiceLayer.Test.Common/TestConnectionProfileService.cs:line 59
   at Microsoft.SqlTools.ServiceLayer.Test.Common.TestConnectionProfileService.GetConnectionParameters(String key, String databaseName) in /Users/aasimkhan/src/sqltoolsservice/test/Microsoft.SqlTools.ServiceLayer.Test.Common/TestConnectionProfileService.cs:line 65
   at Microsoft.SqlTools.ServiceLayer.Test.Common.TestConnectionProfileService.GetConnectionParameters(TestServerType serverType, String databaseName) in /Users/aasimkhan/src/sqltoolsservice/test/Microsoft.SqlTools.ServiceLayer.Test.Common/TestConnectionProfileService.cs:line 75
   at Microsoft.SqlTools.ServiceLayer.Test.Common.TestServiceProvider.InitLiveConnectionInfo(TestServerType serverType, String databaseName, String scriptFilePath) in /Users/aasimkhan/src/sqltoolsservice/test/Microsoft.SqlTools.ServiceLayer.Test.Common/TestServiceProvider.cs:line 142
   at Microsoft.SqlTools.ServiceLayer.Test.Common.TestServiceProvider.RunQueryAsync(TestServerType serverType, String databaseName, String queryText, Boolean throwOnError) in /Users/aasimkhan/src/sqltoolsservice/test/Microsoft.SqlTools.ServiceLayer.Test.Common/TestServiceProvider.cs:line 110
   at Microsoft.SqlTools.ServiceLayer.Test.Common.SqlTestDb.CreateNewAsync(TestServerType serverType, Boolean doNotCleanupDb, String databaseName, String query, String dbNamePrefix) in /Users/aasimkhan/src/sqltoolsservice/test/Microsoft.SqlTools.ServiceLayer.Test.Common/SqlTestDb.cs:line 101
1)    at Microsoft.SqlTools.ServiceLayer.Test.Common.TestConnectionProfileService.GetInstance(String key) in /Users/aasimkhan/src/sqltoolsservice/test/Microsoft.SqlTools.ServiceLayer.Test.Common/TestConnectionProfileService.cs:line 59
   at Microsoft.SqlTools.ServiceLayer.Test.Common.TestConnectionProfileService.GetConnectionParameters(String key, String databaseName) in /Users/aasimkhan/src/sqltoolsservice/test/Microsoft.SqlTools.ServiceLayer.Test.Common/TestConnectionProfileService.cs:line 65
   at Microsoft.SqlTools.ServiceLayer.Test.Common.TestConnectionProfileService.GetConnectionParameters(TestServerType serverType, String databaseName) in /Users/aasimkhan/src/sqltoolsservice/test/Microsoft.SqlTools.ServiceLayer.Test.Common/TestConnectionProfileService.cs:line 75
   at Microsoft.SqlTools.ServiceLayer.Test.Common.TestServiceProvider.InitLiveConnectionInfo(TestServerType serverType, String databaseName, String scriptFilePath) in /Users/aasimkhan/src/sqltoolsservice/test/Microsoft.SqlTools.ServiceLayer.Test.Common/TestServiceProvider.cs:line 142
   at System.Runtime.CompilerServices.AsyncMethodBuilderCore.Start[TStateMachine](TStateMachine&amp; stateMachine)
   at Microsoft.SqlTools.ServiceLayer.Test.Common.TestServiceProvider.InitLiveConnectionInfo(TestServerType serverType, String databaseName, String scriptFilePath)
   at Microsoft.SqlTools.ServiceLayer.Test.Common.TestServiceProvider.RunQueryAsync(TestServerType serverType, String databaseName, String queryText, Boolean throwOnError) in /Users/aasimkhan/src/sqltoolsservice/test/Microsoft.SqlTools.ServiceLayer.Test.Common/TestServiceProvider.cs:line 110
   at System.Runtime.CompilerServices.AsyncMethodBuilderCore.Start[TStateMachine](TStateMachine&amp; stateMachine)
   at Microsoft.SqlTools.ServiceLayer.Test.Common.TestServiceProvider.RunQueryAsync(TestServerType serverType, String databaseName, String queryText, Boolean throwOnError)
   at Microsoft.SqlTools.ServiceLayer.Test.Common.SqlTestDb.CreateNewAsync(TestServerType serverType, Boolean doNotCleanupDb, String databaseName, String query, String dbNamePrefix) in /Users/aasimkhan/src/sqltoolsservice/test/Microsoft.SqlTools.ServiceLayer.Test.Common/SqlTestDb.cs:line 101
   at System.Runtime.CompilerServices.AsyncMethodBuilderCore.Start[TStateMachine](TStateMachine&amp; stateMachine)
   at Microsoft.SqlTools.ServiceLayer.Test.Common.SqlTestDb.CreateNewAsync(TestServerType serverType, Boolean doNotCleanupDb, String databaseName, String query, String dbNamePrefix)
   at Microsoft.SqlTools.ServiceLayer.Test.Common.SqlTestDb.CreateNew(TestServerType serverType, Boolean doNotCleanupDb, String databaseName, String query, String dbNamePrefix) in /Users/aasimkhan/src/sqltoolsservice/test/Microsoft.SqlTools.ServiceLayer.Test.Common/SqlTestDb.cs:line 84
   at Microsoft.SqlTools.ServiceLayer.IntegrationTests.DisasterRecovery.BackupServiceTests.CreateBackupTest() in /Users/aasimkhan/src/sqltoolsservice/test/Microsoft.SqlTools.ServiceLayer.IntegrationTests/DisasterRecovery/BackupServiceTests.cs:line 82

2)    at System.Threading.Tasks.Task.ThrowIfExceptional(Boolean includeTaskCanceledExceptions)
   at System.Threading.Tasks.Task`1.GetResultCore(Boolean waitCompletionNotification)
   at Microsoft.SqlTools.ServiceLayer.Test.Common.SqlTestDb.CreateNew(TestServerType serverType, Boolean doNotCleanupDb, String databaseName, String query, String dbNamePrefix) in /Users/aasimkhan/src/sqltoolsservice/test/Microsoft.SqlTools.ServiceLayer.Test.Common/SqlTestDb.cs:line 84
   at Microsoft.SqlTools.ServiceLayer.IntegrationTests.DisasterRecovery.BackupServiceTests.CreateBackupTest() in /Users/aasimkhan/src/sqltoolsservice/test/Microsoft.SqlTools.ServiceLayer.IntegrationTests/DisasterRecovery/BackupServiceTests.cs:line 82
   at System.RuntimeMethodHandle.InvokeMethod(Object target, Void** arguments, Signature sig, Boolean isConstructor)
   at System.Reflection.MethodBaseInvoker.InvokeWithNoArgs(Object obj, BindingFlags invokeAttr)
--AssertionException
   at NUnit.Framework.Assert.ReportFailure(String message)
   at NUnit.Framework.Assert.ReportFailure(ConstraintResult result, String message, Object[] args)
   at NUnit.Framework.Assert.That[TActual](TActual actual, IResolveConstraint expression, String message, Object[] args)
   at NUnit.Framework.Assert.True(Boolean condition, String message, Object[] args)
   at Microsoft.SqlTools.ServiceLayer.Test.Common.TestConnectionProfileService.GetInstance(String key) in /Users/aasimkhan/src/sqltoolsservice/test/Microsoft.SqlTools.ServiceLayer.Test.Common/TestConnectionProfileService.cs:line 59
   at Microsoft.SqlTools.ServiceLayer.Test.Common.TestConnectionProfileService.GetConnectionParameters(String key, String databaseName) in /Users/aasimkhan/src/sqltoolsservice/test/Microsoft.SqlTools.ServiceLayer.Test.Common/TestConnectionProfileService.cs:line 65
   at Microsoft.SqlTools.ServiceLayer.Test.Common.TestConnectionProfileService.GetConnectionParameters(TestServerType serverType, String databaseName) in /Users/aasimkhan/src/sqltoolsservice/test/Microsoft.SqlTools.ServiceLayer.Test.Common/TestConnectionProfileService.cs:line 75
   at Microsoft.SqlTools.ServiceLayer.Test.Common.TestServiceProvider.InitLiveConnectionInfo(TestServerType serverType, String databaseName, String scriptFilePath) in /Users/aasimkhan/src/sqltoolsservice/test/Microsoft.SqlTools.ServiceLayer.Test.Common/TestServiceProvider.cs:line 142
   at Microsoft.SqlTools.ServiceLayer.Test.Common.TestServiceProvider.RunQueryAsync(TestServerType serverType, String databaseName, String queryText, Boolean throwOnError) in /Users/aasimkhan/src/sqltoolsservice/test/Microsoft.SqlTools.ServiceLayer.Test.Common/TestServiceProvider.cs:line 110
   at Microsoft.SqlTools.ServiceLayer.Test.Common.SqlTestDb.CreateNewAsync(TestServerType serverType, Boolean doNotCleanupDb, String databaseName, String query, String dbNamePrefix) in /Users/aasimkhan/src/sqltoolsservice/test/Microsoft.SqlTools.ServiceLayer.Test.Common/SqlTestDb.cs:line 101</failure>
    </testcase>
    <testcase classname="Microsoft.SqlTools.ServiceLayer.IntegrationTests.DisasterRecovery.BackupServiceTests" name="CreateBackupWithAdvancedOptionsTest" time="0.0018420">
      <failure type="failure" message="System.AggregateException : One or more errors occurred. (  Cannot find any instance for version key: sqlOnPrem&#xA;  Expected: True&#xA;  But was:  False&#xA;)&#xA;  ----&gt; NUnit.Framework.AssertionException :   Cannot find any instance for version key: sqlOnPrem&#xA;  Expected: True&#xA;  But was:  False&#xA;&#xA;&#xA;  1)   Cannot find any instance for version key: sqlOnPrem&#xA;  Expected: True&#xA;  But was:  False&#xA;&#xA;">at System.Threading.Tasks.Task.ThrowIfExceptional(Boolean includeTaskCanceledExceptions)
   at System.Threading.Tasks.Task`1.GetResultCore(Boolean waitCompletionNotification)
   at Microsoft.SqlTools.ServiceLayer.Test.Common.SqlTestDb.CreateNew(TestServerType serverType, Boolean doNotCleanupDb, String databaseName, String query, String dbNamePrefix) in /Users/aasimkhan/src/sqltoolsservice/test/Microsoft.SqlTools.ServiceLayer.Test.Common/SqlTestDb.cs:line 84
   at Microsoft.SqlTools.ServiceLayer.IntegrationTests.DisasterRecovery.BackupServiceTests.CreateBackupWithAdvancedOptionsTest() in /Users/aasimkhan/src/sqltoolsservice/test/Microsoft.SqlTools.ServiceLayer.IntegrationTests/DisasterRecovery/BackupServiceTests.cs:line 147
   at System.RuntimeMethodHandle.InvokeMethod(Object target, Void** arguments, Signature sig, Boolean isConstructor)
   at System.Reflection.MethodBaseInvoker.InvokeWithNoArgs(Object obj, BindingFlags invokeAttr)
--AssertionException
   at NUnit.Framework.Assert.ReportFailure(String message)
   at NUnit.Framework.Assert.ReportFailure(ConstraintResult result, String message, Object[] args)
   at NUnit.Framework.Assert.That[TActual](TActual actual, IResolveConstraint expression, String message, Object[] args)
   at NUnit.Framework.Assert.True(Boolean condition, String message, Object[] args)
   at Microsoft.SqlTools.ServiceLayer.Test.Common.TestConnectionProfileService.GetInstance(String key) in /Users/aasimkhan/src/sqltoolsservice/test/Microsoft.SqlTools.ServiceLayer.Test.Common/TestConnectionProfileService.cs:line 59
   at Microsoft.SqlTools.ServiceLayer.Test.Common.TestConnectionProfileService.GetConnectionParameters(String key, String databaseName) in /Users/aasimkhan/src/sqltoolsservice/test/Microsoft.SqlTools.ServiceLayer.Test.Common/TestConnectionProfileService.cs:line 65
   at Microsoft.SqlTools.ServiceLayer.Test.Common.TestConnectionProfileService.GetConnectionParameters(TestServerType serverType, String databaseName) in /Users/aasimkhan/src/sqltoolsservice/test/Microsoft.SqlTools.ServiceLayer.Test.Common/TestConnectionProfileService.cs:line 75
   at Microsoft.SqlTools.ServiceLayer.Test.Common.TestServiceProvider.InitLiveConnectionInfo(TestServerType serverType, String databaseName, String scriptFilePath) in /Users/aasimkhan/src/sqltoolsservice/test/Microsoft.SqlTools.ServiceLayer.Test.Common/TestServiceProvider.cs:line 142
   at Microsoft.SqlTools.ServiceLayer.Test.Common.TestServiceProvider.RunQueryAsync(TestServerType serverType, String databaseName, String queryText, Boolean throwOnError) in /Users/aasimkhan/src/sqltoolsservice/test/Microsoft.SqlTools.ServiceLayer.Test.Common/TestServiceProvider.cs:line 110
   at Microsoft.SqlTools.ServiceLayer.Test.Common.SqlTestDb.CreateNewAsync(TestServerType serverType, Boolean doNotCleanupDb, String databaseName, String query, String dbNamePrefix) in /Users/aasimkhan/src/sqltoolsservice/test/Microsoft.SqlTools.ServiceLayer.Test.Common/SqlTestDb.cs:line 101
1)    at Microsoft.SqlTools.ServiceLayer.Test.Common.TestConnectionProfileService.GetInstance(String key) in /Users/aasimkhan/src/sqltoolsservice/test/Microsoft.SqlTools.ServiceLayer.Test.Common/TestConnectionProfileService.cs:line 59
   at Microsoft.SqlTools.ServiceLayer.Test.Common.TestConnectionProfileService.GetConnectionParameters(String key, String databaseName) in /Users/aasimkhan/src/sqltoolsservice/test/Microsoft.SqlTools.ServiceLayer.Test.Common/TestConnectionProfileService.cs:line 65
   at Microsoft.SqlTools.ServiceLayer.Test.Common.TestConnectionProfileService.GetConnectionParameters(TestServerType serverType, String databaseName) in /Users/aasimkhan/src/sqltoolsservice/test/Microsoft.SqlTools.ServiceLayer.Test.Common/TestConnectionProfileService.cs:line 75
   at Microsoft.SqlTools.ServiceLayer.Test.Common.TestServiceProvider.InitLiveConnectionInfo(TestServerType serverType, String databaseName, String scriptFilePath) in /Users/aasimkhan/src/sqltoolsservice/test/Microsoft.SqlTools.ServiceLayer.Test.Common/TestServiceProvider.cs:line 142
   at System.Runtime.CompilerServices.AsyncMethodBuilderCore.Start[TStateMachine](TStateMachine&amp; stateMachine)
   at Microsoft.SqlTools.ServiceLayer.Test.Common.TestServiceProvider.InitLiveConnectionInfo(TestServerType serverType, String databaseName, String scriptFilePath)
   at Microsoft.SqlTools.ServiceLayer.Test.Common.TestServiceProvider.RunQueryAsync(TestServerType serverType, String databaseName, String queryText, Boolean throwOnError) in /Users/aasimkhan/src/sqltoolsservice/test/Microsoft.SqlTools.ServiceLayer.Test.Common/TestServiceProvider.cs:line 110
   at System.Runtime.CompilerServices.AsyncMethodBuilderCore.Start[TStateMachine](TStateMachine&amp; stateMachine)
   at Microsoft.SqlTools.ServiceLayer.Test.Common.TestServiceProvider.RunQueryAsync(TestServerType serverType, String databaseName, String queryText, Boolean throwOnError)
   at Microsoft.SqlTools.ServiceLayer.Test.Common.SqlTestDb.CreateNewAsync(TestServerType serverType, Boolean doNotCleanupDb, String databaseName, String query, String dbNamePrefix) in /Users/aasimkhan/src/sqltoolsservice/test/Microsoft.SqlTools.ServiceLayer.Test.Common/SqlTestDb.cs:line 101
   at System.Runtime.CompilerServices.AsyncMethodBuilderCore.Start[TStateMachine](TStateMachine&amp; stateMachine)
   at Microsoft.SqlTools.ServiceLayer.Test.Common.SqlTestDb.CreateNewAsync(TestServerType serverType, Boolean doNotCleanupDb, String databaseName, String query, String dbNamePrefix)
   at Microsoft.SqlTools.ServiceLayer.Test.Common.SqlTestDb.CreateNew(TestServerType serverType, Boolean doNotCleanupDb, String databaseName, String query, String dbNamePrefix) in /Users/aasimkhan/src/sqltoolsservice/test/Microsoft.SqlTools.ServiceLayer.Test.Common/SqlTestDb.cs:line 84
   at Microsoft.SqlTools.ServiceLayer.IntegrationTests.DisasterRecovery.BackupServiceTests.CreateBackupWithAdvancedOptionsTest() in /Users/aasimkhan/src/sqltoolsservice/test/Microsoft.SqlTools.ServiceLayer.IntegrationTests/DisasterRecovery/BackupServiceTests.cs:line 147

2)    at System.Threading.Tasks.Task.ThrowIfExceptional(Boolean includeTaskCanceledExceptions)
   at System.Threading.Tasks.Task`1.GetResultCore(Boolean waitCompletionNotification)
   at Microsoft.SqlTools.ServiceLayer.Test.Common.SqlTestDb.CreateNew(TestServerType serverType, Boolean doNotCleanupDb, String databaseName, String query, String dbNamePrefix) in /Users/aasimkhan/src/sqltoolsservice/test/Microsoft.SqlTools.ServiceLayer.Test.Common/SqlTestDb.cs:line 84
   at Microsoft.SqlTools.ServiceLayer.IntegrationTests.DisasterRecovery.BackupServiceTests.CreateBackupWithAdvancedOptionsTest() in /Users/aasimkhan/src/sqltoolsservice/test/Microsoft.SqlTools.ServiceLayer.IntegrationTests/DisasterRecovery/BackupServiceTests.cs:line 147
   at System.RuntimeMethodHandle.InvokeMethod(Object target, Void** arguments, Signature sig, Boolean isConstructor)
   at System.Reflection.MethodBaseInvoker.InvokeWithNoArgs(Object obj, BindingFlags invokeAttr)
--AssertionException
   at NUnit.Framework.Assert.ReportFailure(String message)
   at NUnit.Framework.Assert.ReportFailure(ConstraintResult result, String message, Object[] args)
   at NUnit.Framework.Assert.That[TActual](TActual actual, IResolveConstraint expression, String message, Object[] args)
   at NUnit.Framework.Assert.True(Boolean condition, String message, Object[] args)
   at Microsoft.SqlTools.ServiceLayer.Test.Common.TestConnectionProfileService.GetInstance(String key) in /Users/aasimkhan/src/sqltoolsservice/test/Microsoft.SqlTools.ServiceLayer.Test.Common/TestConnectionProfileService.cs:line 59
   at Microsoft.SqlTools.ServiceLayer.Test.Common.TestConnectionProfileService.GetConnectionParameters(String key, String databaseName) in /Users/aasimkhan/src/sqltoolsservice/test/Microsoft.SqlTools.ServiceLayer.Test.Common/TestConnectionProfileService.cs:line 65
   at Microsoft.SqlTools.ServiceLayer.Test.Common.TestConnectionProfileService.GetConnectionParameters(TestServerType serverType, String databaseName) in /Users/aasimkhan/src/sqltoolsservice/test/Microsoft.SqlTools.ServiceLayer.Test.Common/TestConnectionProfileService.cs:line 75
   at Microsoft.SqlTools.ServiceLayer.Test.Common.TestServiceProvider.InitLiveConnectionInfo(TestServerType serverType, String databaseName, String scriptFilePath) in /Users/aasimkhan/src/sqltoolsservice/test/Microsoft.SqlTools.ServiceLayer.Test.Common/TestServiceProvider.cs:line 142
   at Microsoft.SqlTools.ServiceLayer.Test.Common.TestServiceProvider.RunQueryAsync(TestServerType serverType, String databaseName, String queryText, Boolean throwOnError) in /Users/aasimkhan/src/sqltoolsservice/test/Microsoft.SqlTools.ServiceLayer.Test.Common/TestServiceProvider.cs:line 110
   at Microsoft.SqlTools.ServiceLayer.Test.Common.SqlTestDb.CreateNewAsync(TestServerType serverType, Boolean doNotCleanupDb, String databaseName, String query, String dbNamePrefix) in /Users/aasimkhan/src/sqltoolsservice/test/Microsoft.SqlTools.ServiceLayer.Test.Common/SqlTestDb.cs:line 101</failure>
    </testcase>
    <testcase classname="Microsoft.SqlTools.ServiceLayer.IntegrationTests.DisasterRecovery.BackupServiceTests" name="GetBackupConfigInfoTest" time="0.0017370">
      <failure type="failure" message="System.AggregateException : One or more errors occurred. (  Cannot find any instance for version key: sqlOnPrem&#xA;  Expected: True&#xA;  But was:  False&#xA;)&#xA;  ----&gt; NUnit.Framework.AssertionException :   Cannot find any instance for version key: sqlOnPrem&#xA;  Expected: True&#xA;  But was:  False&#xA;&#xA;&#xA;  1)   Cannot find any instance for version key: sqlOnPrem&#xA;  Expected: True&#xA;  But was:  False&#xA;&#xA;">at System.Threading.Tasks.Task.ThrowIfExceptional(Boolean includeTaskCanceledExceptions)
   at System.Threading.Tasks.Task`1.GetResultCore(Boolean waitCompletionNotification)
   at Microsoft.SqlTools.ServiceLayer.Test.Common.SqlTestDb.CreateNew(TestServerType serverType, Boolean doNotCleanupDb, String databaseName, String query, String dbNamePrefix) in /Users/aasimkhan/src/sqltoolsservice/test/Microsoft.SqlTools.ServiceLayer.Test.Common/SqlTestDb.cs:line 84
   at Microsoft.SqlTools.ServiceLayer.IntegrationTests.DisasterRecovery.BackupServiceTests.GetBackupConfigInfoTest() in /Users/aasimkhan/src/sqltoolsservice/test/Microsoft.SqlTools.ServiceLayer.IntegrationTests/DisasterRecovery/BackupServiceTests.cs:line 50
   at NUnit.Framework.Internal.TaskAwaitAdapter.GenericAdapter`1.GetResult()
   at NUnit.Framework.Internal.AsyncToSyncAdapter.Await(Func`1 invoke)
   at NUnit.Framework.Internal.Commands.TestMethodCommand.RunTestMethod(TestExecutionContext context)
   at NUnit.Framework.Internal.Commands.TestMethodCommand.Execute(TestExecutionContext context)
   at NUnit.Framework.Internal.Execution.SimpleWorkItem.&lt;&gt;c__DisplayClass4_0.&lt;PerformWork&gt;b__0()
   at NUnit.Framework.Internal.ContextUtils.&lt;&gt;c__DisplayClass1_0`1.&lt;DoIsolated&gt;b__0(Object _)
   at System.Threading.ExecutionContext.RunInternal(ExecutionContext executionContext, ContextCallback callback, Object state)
--- End of stack trace from previous location ---
   at System.Threading.ExecutionContext.RunInternal(ExecutionContext executionContext, ContextCallback callback, Object state)
   at NUnit.Framework.Internal.ContextUtils.DoIsolated(ContextCallback callback, Object state)
   at NUnit.Framework.Internal.ContextUtils.DoIsolated[T](Func`1 func)
   at NUnit.Framework.Internal.Execution.SimpleWorkItem.PerformWork()
--AssertionException
   at NUnit.Framework.Assert.ReportFailure(String message)
   at NUnit.Framework.Assert.ReportFailure(ConstraintResult result, String message, Object[] args)
   at NUnit.Framework.Assert.That[TActual](TActual actual, IResolveConstraint expression, String message, Object[] args)
   at NUnit.Framework.Assert.True(Boolean condition, String message, Object[] args)
   at Microsoft.SqlTools.ServiceLayer.Test.Common.TestConnectionProfileService.GetInstance(String key) in /Users/aasimkhan/src/sqltoolsservice/test/Microsoft.SqlTools.ServiceLayer.Test.Common/TestConnectionProfileService.cs:line 59
   at Microsoft.SqlTools.ServiceLayer.Test.Common.TestConnectionProfileService.GetConnectionParameters(String key, String databaseName) in /Users/aasimkhan/src/sqltoolsservice/test/Microsoft.SqlTools.ServiceLayer.Test.Common/TestConnectionProfileService.cs:line 65
   at Microsoft.SqlTools.ServiceLayer.Test.Common.TestConnectionProfileService.GetConnectionParameters(TestServerType serverType, String databaseName) in /Users/aasimkhan/src/sqltoolsservice/test/Microsoft.SqlTools.ServiceLayer.Test.Common/TestConnectionProfileService.cs:line 75
   at Microsoft.SqlTools.ServiceLayer.Test.Common.TestServiceProvider.InitLiveConnectionInfo(TestServerType serverType, String databaseName, String scriptFilePath) in /Users/aasimkhan/src/sqltoolsservice/test/Microsoft.SqlTools.ServiceLayer.Test.Common/TestServiceProvider.cs:line 142
   at Microsoft.SqlTools.ServiceLayer.Test.Common.TestServiceProvider.RunQueryAsync(TestServerType serverType, String databaseName, String queryText, Boolean throwOnError) in /Users/aasimkhan/src/sqltoolsservice/test/Microsoft.SqlTools.ServiceLayer.Test.Common/TestServiceProvider.cs:line 110
   at Microsoft.SqlTools.ServiceLayer.Test.Common.SqlTestDb.CreateNewAsync(TestServerType serverType, Boolean doNotCleanupDb, String databaseName, String query, String dbNamePrefix) in /Users/aasimkhan/src/sqltoolsservice/test/Microsoft.SqlTools.ServiceLayer.Test.Common/SqlTestDb.cs:line 101
1)    at Microsoft.SqlTools.ServiceLayer.Test.Common.TestConnectionProfileService.GetInstance(String key) in /Users/aasimkhan/src/sqltoolsservice/test/Microsoft.SqlTools.ServiceLayer.Test.Common/TestConnectionProfileService.cs:line 59
   at Microsoft.SqlTools.ServiceLayer.Test.Common.TestConnectionProfileService.GetConnectionParameters(String key, String databaseName) in /Users/aasimkhan/src/sqltoolsservice/test/Microsoft.SqlTools.ServiceLayer.Test.Common/TestConnectionProfileService.cs:line 65
   at Microsoft.SqlTools.ServiceLayer.Test.Common.TestConnectionProfileService.GetConnectionParameters(TestServerType serverType, String databaseName) in /Users/aasimkhan/src/sqltoolsservice/test/Microsoft.SqlTools.ServiceLayer.Test.Common/TestConnectionProfileService.cs:line 75
   at Microsoft.SqlTools.ServiceLayer.Test.Common.TestServiceProvider.InitLiveConnectionInfo(TestServerType serverType, String databaseName, String scriptFilePath) in /Users/aasimkhan/src/sqltoolsservice/test/Microsoft.SqlTools.ServiceLayer.Test.Common/TestServiceProvider.cs:line 142
   at System.Runtime.CompilerServices.AsyncMethodBuilderCore.Start[TStateMachine](TStateMachine&amp; stateMachine)
   at Microsoft.SqlTools.ServiceLayer.Test.Common.TestServiceProvider.InitLiveConnectionInfo(TestServerType serverType, String databaseName, String scriptFilePath)
   at Microsoft.SqlTools.ServiceLayer.Test.Common.TestServiceProvider.RunQueryAsync(TestServerType serverType, String databaseName, String queryText, Boolean throwOnError) in /Users/aasimkhan/src/sqltoolsservice/test/Microsoft.SqlTools.ServiceLayer.Test.Common/TestServiceProvider.cs:line 110
   at System.Runtime.CompilerServices.AsyncMethodBuilderCore.Start[TStateMachine](TStateMachine&amp; stateMachine)
   at Microsoft.SqlTools.ServiceLayer.Test.Common.TestServiceProvider.RunQueryAsync(TestServerType serverType, String databaseName, String queryText, Boolean throwOnError)
   at Microsoft.SqlTools.ServiceLayer.Test.Common.SqlTestDb.CreateNewAsync(TestServerType serverType, Boolean doNotCleanupDb, String databaseName, String query, String dbNamePrefix) in /Users/aasimkhan/src/sqltoolsservice/test/Microsoft.SqlTools.ServiceLayer.Test.Common/SqlTestDb.cs:line 101
   at System.Runtime.CompilerServices.AsyncMethodBuilderCore.Start[TStateMachine](TStateMachine&amp; stateMachine)
   at Microsoft.SqlTools.ServiceLayer.Test.Common.SqlTestDb.CreateNewAsync(TestServerType serverType, Boolean doNotCleanupDb, String databaseName, String query, String dbNamePrefix)
   at Microsoft.SqlTools.ServiceLayer.Test.Common.SqlTestDb.CreateNew(TestServerType serverType, Boolean doNotCleanupDb, String databaseName, String query, String dbNamePrefix) in /Users/aasimkhan/src/sqltoolsservice/test/Microsoft.SqlTools.ServiceLayer.Test.Common/SqlTestDb.cs:line 84
   at Microsoft.SqlTools.ServiceLayer.IntegrationTests.DisasterRecovery.BackupServiceTests.GetBackupConfigInfoTest() in /Users/aasimkhan/src/sqltoolsservice/test/Microsoft.SqlTools.ServiceLayer.IntegrationTests/DisasterRecovery/BackupServiceTests.cs:line 50
   at System.Runtime.CompilerServices.AsyncMethodBuilderCore.Start[TStateMachine](TStateMachine&amp; stateMachine)
   at Microsoft.SqlTools.ServiceLayer.IntegrationTests.DisasterRecovery.BackupServiceTests.GetBackupConfigInfoTest()

2)    at System.Threading.Tasks.Task.ThrowIfExceptional(Boolean includeTaskCanceledExceptions)
   at System.Threading.Tasks.Task`1.GetResultCore(Boolean waitCompletionNotification)
   at Microsoft.SqlTools.ServiceLayer.Test.Common.SqlTestDb.CreateNew(TestServerType serverType, Boolean doNotCleanupDb, String databaseName, String query, String dbNamePrefix) in /Users/aasimkhan/src/sqltoolsservice/test/Microsoft.SqlTools.ServiceLayer.Test.Common/SqlTestDb.cs:line 84
   at Microsoft.SqlTools.ServiceLayer.IntegrationTests.DisasterRecovery.BackupServiceTests.GetBackupConfigInfoTest() in /Users/aasimkhan/src/sqltoolsservice/test/Microsoft.SqlTools.ServiceLayer.IntegrationTests/DisasterRecovery/BackupServiceTests.cs:line 50
   at NUnit.Framework.Internal.TaskAwaitAdapter.GenericAdapter`1.GetResult()
   at NUnit.Framework.Internal.AsyncToSyncAdapter.Await(Func`1 invoke)
   at NUnit.Framework.Internal.Commands.TestMethodCommand.RunTestMethod(TestExecutionContext context)
   at NUnit.Framework.Internal.Commands.TestMethodCommand.Execute(TestExecutionContext context)
   at NUnit.Framework.Internal.Execution.SimpleWorkItem.&lt;&gt;c__DisplayClass4_0.&lt;PerformWork&gt;b__0()
   at NUnit.Framework.Internal.ContextUtils.&lt;&gt;c__DisplayClass1_0`1.&lt;DoIsolated&gt;b__0(Object _)
   at System.Threading.ExecutionContext.RunInternal(ExecutionContext executionContext, ContextCallback callback, Object state)
--- End of stack trace from previous location ---
   at System.Threading.ExecutionContext.RunInternal(ExecutionContext executionContext, ContextCallback callback, Object state)
   at NUnit.Framework.Internal.ContextUtils.DoIsolated(ContextCallback callback, Object state)
   at NUnit.Framework.Internal.ContextUtils.DoIsolated[T](Func`1 func)
   at NUnit.Framework.Internal.Execution.SimpleWorkItem.PerformWork()
--AssertionException
   at NUnit.Framework.Assert.ReportFailure(String message)
   at NUnit.Framework.Assert.ReportFailure(ConstraintResult result, String message, Object[] args)
   at NUnit.Framework.Assert.That[TActual](TActual actual, IResolveConstraint expression, String message, Object[] args)
   at NUnit.Framework.Assert.True(Boolean condition, String message, Object[] args)
   at Microsoft.SqlTools.ServiceLayer.Test.Common.TestConnectionProfileService.GetInstance(String key) in /Users/aasimkhan/src/sqltoolsservice/test/Microsoft.SqlTools.ServiceLayer.Test.Common/TestConnectionProfileService.cs:line 59
   at Microsoft.SqlTools.ServiceLayer.Test.Common.TestConnectionProfileService.GetConnectionParameters(String key, String databaseName) in /Users/aasimkhan/src/sqltoolsservice/test/Microsoft.SqlTools.ServiceLayer.Test.Common/TestConnectionProfileService.cs:line 65
   at Microsoft.SqlTools.ServiceLayer.Test.Common.TestConnectionProfileService.GetConnectionParameters(TestServerType serverType, String databaseName) in /Users/aasimkhan/src/sqltoolsservice/test/Microsoft.SqlTools.ServiceLayer.Test.Common/TestConnectionProfileService.cs:line 75
   at Microsoft.SqlTools.ServiceLayer.Test.Common.TestServiceProvider.InitLiveConnectionInfo(TestServerType serverType, String databaseName, String scriptFilePath) in /Users/aasimkhan/src/sqltoolsservice/test/Microsoft.SqlTools.ServiceLayer.Test.Common/TestServiceProvider.cs:line 142
   at Microsoft.SqlTools.ServiceLayer.Test.Common.TestServiceProvider.RunQueryAsync(TestServerType serverType, String databaseName, String queryText, Boolean throwOnError) in /Users/aasimkhan/src/sqltoolsservice/test/Microsoft.SqlTools.ServiceLayer.Test.Common/TestServiceProvider.cs:line 110
   at Microsoft.SqlTools.ServiceLayer.Test.Common.SqlTestDb.CreateNewAsync(TestServerType serverType, Boolean doNotCleanupDb, String databaseName, String query, String dbNamePrefix) in /Users/aasimkhan/src/sqltoolsservice/test/Microsoft.SqlTools.ServiceLayer.Test.Common/SqlTestDb.cs:line 101</failure>
    </testcase>
    <testcase classname="Microsoft.SqlTools.ServiceLayer.IntegrationTests.DisasterRecovery.BackupServiceTests" name="ScriptBackupTest" time="0.0012820">
      <failure type="failure" message="System.AggregateException : One or more errors occurred. (  Cannot find any instance for version key: sqlOnPrem&#xA;  Expected: True&#xA;  But was:  False&#xA;)&#xA;  ----&gt; NUnit.Framework.AssertionException :   Cannot find any instance for version key: sqlOnPrem&#xA;  Expected: True&#xA;  But was:  False&#xA;&#xA;&#xA;  1)   Cannot find any instance for version key: sqlOnPrem&#xA;  Expected: True&#xA;  But was:  False&#xA;&#xA;">at System.Threading.Tasks.Task.ThrowIfExceptional(Boolean includeTaskCanceledExceptions)
   at System.Threading.Tasks.Task`1.GetResultCore(Boolean waitCompletionNotification)
   at Microsoft.SqlTools.ServiceLayer.Test.Common.SqlTestDb.CreateNew(TestServerType serverType, Boolean doNotCleanupDb, String databaseName, String query, String dbNamePrefix) in /Users/aasimkhan/src/sqltoolsservice/test/Microsoft.SqlTools.ServiceLayer.Test.Common/SqlTestDb.cs:line 84
   at Microsoft.SqlTools.ServiceLayer.IntegrationTests.DisasterRecovery.BackupServiceTests.ScriptBackupTest() in /Users/aasimkhan/src/sqltoolsservice/test/Microsoft.SqlTools.ServiceLayer.IntegrationTests/DisasterRecovery/BackupServiceTests.cs:line 110
   at System.RuntimeMethodHandle.InvokeMethod(Object target, Void** arguments, Signature sig, Boolean isConstructor)
   at System.Reflection.MethodBaseInvoker.InvokeWithNoArgs(Object obj, BindingFlags invokeAttr)
--AssertionException
   at NUnit.Framework.Assert.ReportFailure(String message)
   at NUnit.Framework.Assert.ReportFailure(ConstraintResult result, String message, Object[] args)
   at NUnit.Framework.Assert.That[TActual](TActual actual, IResolveConstraint expression, String message, Object[] args)
   at NUnit.Framework.Assert.True(Boolean condition, String message, Object[] args)
   at Microsoft.SqlTools.ServiceLayer.Test.Common.TestConnectionProfileService.GetInstance(String key) in /Users/aasimkhan/src/sqltoolsservice/test/Microsoft.SqlTools.ServiceLayer.Test.Common/TestConnectionProfileService.cs:line 59
   at Microsoft.SqlTools.ServiceLayer.Test.Common.TestConnectionProfileService.GetConnectionParameters(String key, String databaseName) in /Users/aasimkhan/src/sqltoolsservice/test/Microsoft.SqlTools.ServiceLayer.Test.Common/TestConnectionProfileService.cs:line 65
   at Microsoft.SqlTools.ServiceLayer.Test.Common.TestConnectionProfileService.GetConnectionParameters(TestServerType serverType, String databaseName) in /Users/aasimkhan/src/sqltoolsservice/test/Microsoft.SqlTools.ServiceLayer.Test.Common/TestConnectionProfileService.cs:line 75
   at Microsoft.SqlTools.ServiceLayer.Test.Common.TestServiceProvider.InitLiveConnectionInfo(TestServerType serverType, String databaseName, String scriptFilePath) in /Users/aasimkhan/src/sqltoolsservice/test/Microsoft.SqlTools.ServiceLayer.Test.Common/TestServiceProvider.cs:line 142
   at Microsoft.SqlTools.ServiceLayer.Test.Common.TestServiceProvider.RunQueryAsync(TestServerType serverType, String databaseName, String queryText, Boolean throwOnError) in /Users/aasimkhan/src/sqltoolsservice/test/Microsoft.SqlTools.ServiceLayer.Test.Common/TestServiceProvider.cs:line 110
   at Microsoft.SqlTools.ServiceLayer.Test.Common.SqlTestDb.CreateNewAsync(TestServerType serverType, Boolean doNotCleanupDb, String databaseName, String query, String dbNamePrefix) in /Users/aasimkhan/src/sqltoolsservice/test/Microsoft.SqlTools.ServiceLayer.Test.Common/SqlTestDb.cs:line 101
1)    at Microsoft.SqlTools.ServiceLayer.Test.Common.TestConnectionProfileService.GetInstance(String key) in /Users/aasimkhan/src/sqltoolsservice/test/Microsoft.SqlTools.ServiceLayer.Test.Common/TestConnectionProfileService.cs:line 59
   at Microsoft.SqlTools.ServiceLayer.Test.Common.TestConnectionProfileService.GetConnectionParameters(String key, String databaseName) in /Users/aasimkhan/src/sqltoolsservice/test/Microsoft.SqlTools.ServiceLayer.Test.Common/TestConnectionProfileService.cs:line 65
   at Microsoft.SqlTools.ServiceLayer.Test.Common.TestConnectionProfileService.GetConnectionParameters(TestServerType serverType, String databaseName) in /Users/aasimkhan/src/sqltoolsservice/test/Microsoft.SqlTools.ServiceLayer.Test.Common/TestConnectionProfileService.cs:line 75
   at Microsoft.SqlTools.ServiceLayer.Test.Common.TestServiceProvider.InitLiveConnectionInfo(TestServerType serverType, String databaseName, String scriptFilePath) in /Users/aasimkhan/src/sqltoolsservice/test/Microsoft.SqlTools.ServiceLayer.Test.Common/TestServiceProvider.cs:line 142
   at System.Runtime.CompilerServices.AsyncMethodBuilderCore.Start[TStateMachine](TStateMachine&amp; stateMachine)
   at Microsoft.SqlTools.ServiceLayer.Test.Common.TestServiceProvider.InitLiveConnectionInfo(TestServerType serverType, String databaseName, String scriptFilePath)
   at Microsoft.SqlTools.ServiceLayer.Test.Common.TestServiceProvider.RunQueryAsync(TestServerType serverType, String databaseName, String queryText, Boolean throwOnError) in /Users/aasimkhan/src/sqltoolsservice/test/Microsoft.SqlTools.ServiceLayer.Test.Common/TestServiceProvider.cs:line 110
   at System.Runtime.CompilerServices.AsyncMethodBuilderCore.Start[TStateMachine](TStateMachine&amp; stateMachine)
   at Microsoft.SqlTools.ServiceLayer.Test.Common.TestServiceProvider.RunQueryAsync(TestServerType serverType, String databaseName, String queryText, Boolean throwOnError)
   at Microsoft.SqlTools.ServiceLayer.Test.Common.SqlTestDb.CreateNewAsync(TestServerType serverType, Boolean doNotCleanupDb, String databaseName, String query, String dbNamePrefix) in /Users/aasimkhan/src/sqltoolsservice/test/Microsoft.SqlTools.ServiceLayer.Test.Common/SqlTestDb.cs:line 101
   at System.Runtime.CompilerServices.AsyncMethodBuilderCore.Start[TStateMachine](TStateMachine&amp; stateMachine)
   at Microsoft.SqlTools.ServiceLayer.Test.Common.SqlTestDb.CreateNewAsync(TestServerType serverType, Boolean doNotCleanupDb, String databaseName, String query, String dbNamePrefix)
   at Microsoft.SqlTools.ServiceLayer.Test.Common.SqlTestDb.CreateNew(TestServerType serverType, Boolean doNotCleanupDb, String databaseName, String query, String dbNamePrefix) in /Users/aasimkhan/src/sqltoolsservice/test/Microsoft.SqlTools.ServiceLayer.Test.Common/SqlTestDb.cs:line 84
   at Microsoft.SqlTools.ServiceLayer.IntegrationTests.DisasterRecovery.BackupServiceTests.ScriptBackupTest() in /Users/aasimkhan/src/sqltoolsservice/test/Microsoft.SqlTools.ServiceLayer.IntegrationTests/DisasterRecovery/BackupServiceTests.cs:line 110

2)    at System.Threading.Tasks.Task.ThrowIfExceptional(Boolean includeTaskCanceledExceptions)
   at System.Threading.Tasks.Task`1.GetResultCore(Boolean waitCompletionNotification)
   at Microsoft.SqlTools.ServiceLayer.Test.Common.SqlTestDb.CreateNew(TestServerType serverType, Boolean doNotCleanupDb, String databaseName, String query, String dbNamePrefix) in /Users/aasimkhan/src/sqltoolsservice/test/Microsoft.SqlTools.ServiceLayer.Test.Common/SqlTestDb.cs:line 84
   at Microsoft.SqlTools.ServiceLayer.IntegrationTests.DisasterRecovery.BackupServiceTests.ScriptBackupTest() in /Users/aasimkhan/src/sqltoolsservice/test/Microsoft.SqlTools.ServiceLayer.IntegrationTests/DisasterRecovery/BackupServiceTests.cs:line 110
   at System.RuntimeMethodHandle.InvokeMethod(Object target, Void** arguments, Signature sig, Boolean isConstructor)
   at System.Reflection.MethodBaseInvoker.InvokeWithNoArgs(Object obj, BindingFlags invokeAttr)
--AssertionException
   at NUnit.Framework.Assert.ReportFailure(String message)
   at NUnit.Framework.Assert.ReportFailure(ConstraintResult result, String message, Object[] args)
   at NUnit.Framework.Assert.That[TActual](TActual actual, IResolveConstraint expression, String message, Object[] args)
   at NUnit.Framework.Assert.True(Boolean condition, String message, Object[] args)
   at Microsoft.SqlTools.ServiceLayer.Test.Common.TestConnectionProfileService.GetInstance(String key) in /Users/aasimkhan/src/sqltoolsservice/test/Microsoft.SqlTools.ServiceLayer.Test.Common/TestConnectionProfileService.cs:line 59
   at Microsoft.SqlTools.ServiceLayer.Test.Common.TestConnectionProfileService.GetConnectionParameters(String key, String databaseName) in /Users/aasimkhan/src/sqltoolsservice/test/Microsoft.SqlTools.ServiceLayer.Test.Common/TestConnectionProfileService.cs:line 65
   at Microsoft.SqlTools.ServiceLayer.Test.Common.TestConnectionProfileService.GetConnectionParameters(TestServerType serverType, String databaseName) in /Users/aasimkhan/src/sqltoolsservice/test/Microsoft.SqlTools.ServiceLayer.Test.Common/TestConnectionProfileService.cs:line 75
   at Microsoft.SqlTools.ServiceLayer.Test.Common.TestServiceProvider.InitLiveConnectionInfo(TestServerType serverType, String databaseName, String scriptFilePath) in /Users/aasimkhan/src/sqltoolsservice/test/Microsoft.SqlTools.ServiceLayer.Test.Common/TestServiceProvider.cs:line 142
   at Microsoft.SqlTools.ServiceLayer.Test.Common.TestServiceProvider.RunQueryAsync(TestServerType serverType, String databaseName, String queryText, Boolean throwOnError) in /Users/aasimkhan/src/sqltoolsservice/test/Microsoft.SqlTools.ServiceLayer.Test.Common/TestServiceProvider.cs:line 110
   at Microsoft.SqlTools.ServiceLayer.Test.Common.SqlTestDb.CreateNewAsync(TestServerType serverType, Boolean doNotCleanupDb, String databaseName, String query, String dbNamePrefix) in /Users/aasimkhan/src/sqltoolsservice/test/Microsoft.SqlTools.ServiceLayer.Test.Common/SqlTestDb.cs:line 101</failure>
    </testcase>
    <testcase classname="Microsoft.SqlTools.ServiceLayer.IntegrationTests.DisasterRecovery.BackupServiceTests" name="ScriptBackupWithAdvancedOptionsTest" time="0.0033110">
      <failure type="failure" message="System.AggregateException : One or more errors occurred. (  Cannot find any instance for version key: sqlOnPrem&#xA;  Expected: True&#xA;  But was:  False&#xA;)&#xA;  ----&gt; NUnit.Framework.AssertionException :   Cannot find any instance for version key: sqlOnPrem&#xA;  Expected: True&#xA;  But was:  False&#xA;&#xA;&#xA;  1)   Cannot find any instance for version key: sqlOnPrem&#xA;  Expected: True&#xA;  But was:  False&#xA;&#xA;">at System.Threading.Tasks.Task.ThrowIfExceptional(Boolean includeTaskCanceledExceptions)
   at System.Threading.Tasks.Task`1.GetResultCore(Boolean waitCompletionNotification)
   at Microsoft.SqlTools.ServiceLayer.Test.Common.SqlTestDb.CreateNew(TestServerType serverType, Boolean doNotCleanupDb, String databaseName, String query, String dbNamePrefix) in /Users/aasimkhan/src/sqltoolsservice/test/Microsoft.SqlTools.ServiceLayer.Test.Common/SqlTestDb.cs:line 84
   at Microsoft.SqlTools.ServiceLayer.IntegrationTests.DisasterRecovery.BackupServiceTests.ScriptBackupWithAdvancedOptionsTest() in /Users/aasimkhan/src/sqltoolsservice/test/Microsoft.SqlTools.ServiceLayer.IntegrationTests/DisasterRecovery/BackupServiceTests.cs:line 200
   at System.RuntimeMethodHandle.InvokeMethod(Object target, Void** arguments, Signature sig, Boolean isConstructor)
   at System.Reflection.MethodBaseInvoker.InvokeWithNoArgs(Object obj, BindingFlags invokeAttr)
--AssertionException
   at NUnit.Framework.Assert.ReportFailure(String message)
   at NUnit.Framework.Assert.ReportFailure(ConstraintResult result, String message, Object[] args)
   at NUnit.Framework.Assert.That[TActual](TActual actual, IResolveConstraint expression, String message, Object[] args)
   at NUnit.Framework.Assert.True(Boolean condition, String message, Object[] args)
   at Microsoft.SqlTools.ServiceLayer.Test.Common.TestConnectionProfileService.GetInstance(String key) in /Users/aasimkhan/src/sqltoolsservice/test/Microsoft.SqlTools.ServiceLayer.Test.Common/TestConnectionProfileService.cs:line 59
   at Microsoft.SqlTools.ServiceLayer.Test.Common.TestConnectionProfileService.GetConnectionParameters(String key, String databaseName) in /Users/aasimkhan/src/sqltoolsservice/test/Microsoft.SqlTools.ServiceLayer.Test.Common/TestConnectionProfileService.cs:line 65
   at Microsoft.SqlTools.ServiceLayer.Test.Common.TestConnectionProfileService.GetConnectionParameters(TestServerType serverType, String databaseName) in /Users/aasimkhan/src/sqltoolsservice/test/Microsoft.SqlTools.ServiceLayer.Test.Common/TestConnectionProfileService.cs:line 75
   at Microsoft.SqlTools.ServiceLayer.Test.Common.TestServiceProvider.InitLiveConnectionInfo(TestServerType serverType, String databaseName, String scriptFilePath) in /Users/aasimkhan/src/sqltoolsservice/test/Microsoft.SqlTools.ServiceLayer.Test.Common/TestServiceProvider.cs:line 142
   at Microsoft.SqlTools.ServiceLayer.Test.Common.TestServiceProvider.RunQueryAsync(TestServerType serverType, String databaseName, String queryText, Boolean throwOnError) in /Users/aasimkhan/src/sqltoolsservice/test/Microsoft.SqlTools.ServiceLayer.Test.Common/TestServiceProvider.cs:line 110
   at Microsoft.SqlTools.ServiceLayer.Test.Common.SqlTestDb.CreateNewAsync(TestServerType serverType, Boolean doNotCleanupDb, String databaseName, String query, String dbNamePrefix) in /Users/aasimkhan/src/sqltoolsservice/test/Microsoft.SqlTools.ServiceLayer.Test.Common/SqlTestDb.cs:line 101
1)    at Microsoft.SqlTools.ServiceLayer.Test.Common.TestConnectionProfileService.GetInstance(String key) in /Users/aasimkhan/src/sqltoolsservice/test/Microsoft.SqlTools.ServiceLayer.Test.Common/TestConnectionProfileService.cs:line 59
   at Microsoft.SqlTools.ServiceLayer.Test.Common.TestConnectionProfileService.GetConnectionParameters(String key, String databaseName) in /Users/aasimkhan/src/sqltoolsservice/test/Microsoft.SqlTools.ServiceLayer.Test.Common/TestConnectionProfileService.cs:line 65
   at Microsoft.SqlTools.ServiceLayer.Test.Common.TestConnectionProfileService.GetConnectionParameters(TestServerType serverType, String databaseName) in /Users/aasimkhan/src/sqltoolsservice/test/Microsoft.SqlTools.ServiceLayer.Test.Common/TestConnectionProfileService.cs:line 75
   at Microsoft.SqlTools.ServiceLayer.Test.Common.TestServiceProvider.InitLiveConnectionInfo(TestServerType serverType, String databaseName, String scriptFilePath) in /Users/aasimkhan/src/sqltoolsservice/test/Microsoft.SqlTools.ServiceLayer.Test.Common/TestServiceProvider.cs:line 142
   at System.Runtime.CompilerServices.AsyncMethodBuilderCore.Start[TStateMachine](TStateMachine&amp; stateMachine)
   at Microsoft.SqlTools.ServiceLayer.Test.Common.TestServiceProvider.InitLiveConnectionInfo(TestServerType serverType, String databaseName, String scriptFilePath)
   at Microsoft.SqlTools.ServiceLayer.Test.Common.TestServiceProvider.RunQueryAsync(TestServerType serverType, String databaseName, String queryText, Boolean throwOnError) in /Users/aasimkhan/src/sqltoolsservice/test/Microsoft.SqlTools.ServiceLayer.Test.Common/TestServiceProvider.cs:line 110
   at System.Runtime.CompilerServices.AsyncMethodBuilderCore.Start[TStateMachine](TStateMachine&amp; stateMachine)
   at Microsoft.SqlTools.ServiceLayer.Test.Common.TestServiceProvider.RunQueryAsync(TestServerType serverType, String databaseName, String queryText, Boolean throwOnError)
   at Microsoft.SqlTools.ServiceLayer.Test.Common.SqlTestDb.CreateNewAsync(TestServerType serverType, Boolean doNotCleanupDb, String databaseName, String query, String dbNamePrefix) in /Users/aasimkhan/src/sqltoolsservice/test/Microsoft.SqlTools.ServiceLayer.Test.Common/SqlTestDb.cs:line 101
   at System.Runtime.CompilerServices.AsyncMethodBuilderCore.Start[TStateMachine](TStateMachine&amp; stateMachine)
   at Microsoft.SqlTools.ServiceLayer.Test.Common.SqlTestDb.CreateNewAsync(TestServerType serverType, Boolean doNotCleanupDb, String databaseName, String query, String dbNamePrefix)
   at Microsoft.SqlTools.ServiceLayer.Test.Common.SqlTestDb.CreateNew(TestServerType serverType, Boolean doNotCleanupDb, String databaseName, String query, String dbNamePrefix) in /Users/aasimkhan/src/sqltoolsservice/test/Microsoft.SqlTools.ServiceLayer.Test.Common/SqlTestDb.cs:line 84
   at Microsoft.SqlTools.ServiceLayer.IntegrationTests.DisasterRecovery.BackupServiceTests.ScriptBackupWithAdvancedOptionsTest() in /Users/aasimkhan/src/sqltoolsservice/test/Microsoft.SqlTools.ServiceLayer.IntegrationTests/DisasterRecovery/BackupServiceTests.cs:line 200

2)    at System.Threading.Tasks.Task.ThrowIfExceptional(Boolean includeTaskCanceledExceptions)
   at System.Threading.Tasks.Task`1.GetResultCore(Boolean waitCompletionNotification)
   at Microsoft.SqlTools.ServiceLayer.Test.Common.SqlTestDb.CreateNew(TestServerType serverType, Boolean doNotCleanupDb, String databaseName, String query, String dbNamePrefix) in /Users/aasimkhan/src/sqltoolsservice/test/Microsoft.SqlTools.ServiceLayer.Test.Common/SqlTestDb.cs:line 84
   at Microsoft.SqlTools.ServiceLayer.IntegrationTests.DisasterRecovery.BackupServiceTests.ScriptBackupWithAdvancedOptionsTest() in /Users/aasimkhan/src/sqltoolsservice/test/Microsoft.SqlTools.ServiceLayer.IntegrationTests/DisasterRecovery/BackupServiceTests.cs:line 200
   at System.RuntimeMethodHandle.InvokeMethod(Object target, Void** arguments, Signature sig, Boolean isConstructor)
   at System.Reflection.MethodBaseInvoker.InvokeWithNoArgs(Object obj, BindingFlags invokeAttr)
--AssertionException
   at NUnit.Framework.Assert.ReportFailure(String message)
   at NUnit.Framework.Assert.ReportFailure(ConstraintResult result, String message, Object[] args)
   at NUnit.Framework.Assert.That[TActual](TActual actual, IResolveConstraint expression, String message, Object[] args)
   at NUnit.Framework.Assert.True(Boolean condition, String message, Object[] args)
   at Microsoft.SqlTools.ServiceLayer.Test.Common.TestConnectionProfileService.GetInstance(String key) in /Users/aasimkhan/src/sqltoolsservice/test/Microsoft.SqlTools.ServiceLayer.Test.Common/TestConnectionProfileService.cs:line 59
   at Microsoft.SqlTools.ServiceLayer.Test.Common.TestConnectionProfileService.GetConnectionParameters(String key, String databaseName) in /Users/aasimkhan/src/sqltoolsservice/test/Microsoft.SqlTools.ServiceLayer.Test.Common/TestConnectionProfileService.cs:line 65
   at Microsoft.SqlTools.ServiceLayer.Test.Common.TestConnectionProfileService.GetConnectionParameters(TestServerType serverType, String databaseName) in /Users/aasimkhan/src/sqltoolsservice/test/Microsoft.SqlTools.ServiceLayer.Test.Common/TestConnectionProfileService.cs:line 75
   at Microsoft.SqlTools.ServiceLayer.Test.Common.TestServiceProvider.InitLiveConnectionInfo(TestServerType serverType, String databaseName, String scriptFilePath) in /Users/aasimkhan/src/sqltoolsservice/test/Microsoft.SqlTools.ServiceLayer.Test.Common/TestServiceProvider.cs:line 142
   at Microsoft.SqlTools.ServiceLayer.Test.Common.TestServiceProvider.RunQueryAsync(TestServerType serverType, String databaseName, String queryText, Boolean throwOnError) in /Users/aasimkhan/src/sqltoolsservice/test/Microsoft.SqlTools.ServiceLayer.Test.Common/TestServiceProvider.cs:line 110
   at Microsoft.SqlTools.ServiceLayer.Test.Common.SqlTestDb.CreateNewAsync(TestServerType serverType, Boolean doNotCleanupDb, String databaseName, String query, String dbNamePrefix) in /Users/aasimkhan/src/sqltoolsservice/test/Microsoft.SqlTools.ServiceLayer.Test.Common/SqlTestDb.cs:line 101</failure>
    </testcase>
    <testcase classname="Microsoft.SqlTools.ServiceLayer.IntegrationTests.DisasterRecovery.BackupServiceTests" name="ScriptBackupWithDifferentActionTypesTest" time="0.0010660">
      <failure type="failure" message="System.AggregateException : One or more errors occurred. (  Cannot find any instance for version key: sqlOnPrem&#xA;  Expected: True&#xA;  But was:  False&#xA;)&#xA;  ----&gt; NUnit.Framework.AssertionException :   Cannot find any instance for version key: sqlOnPrem&#xA;  Expected: True&#xA;  But was:  False&#xA;&#xA;&#xA;  1)   Cannot find any instance for version key: sqlOnPrem&#xA;  Expected: True&#xA;  But was:  False&#xA;&#xA;">at System.Threading.Tasks.Task.ThrowIfExceptional(Boolean includeTaskCanceledExceptions)
   at System.Threading.Tasks.Task`1.GetResultCore(Boolean waitCompletionNotification)
   at Microsoft.SqlTools.ServiceLayer.Test.Common.SqlTestDb.CreateNew(TestServerType serverType, Boolean doNotCleanupDb, String databaseName, String query, String dbNamePrefix) in /Users/aasimkhan/src/sqltoolsservice/test/Microsoft.SqlTools.ServiceLayer.Test.Common/SqlTestDb.cs:line 84
   at Microsoft.SqlTools.ServiceLayer.IntegrationTests.DisasterRecovery.BackupServiceTests.ScriptBackupWithDifferentActionTypesTest() in /Users/aasimkhan/src/sqltoolsservice/test/Microsoft.SqlTools.ServiceLayer.IntegrationTests/DisasterRecovery/BackupServiceTests.cs:line 253
   at System.RuntimeMethodHandle.InvokeMethod(Object target, Void** arguments, Signature sig, Boolean isConstructor)
   at System.Reflection.MethodBaseInvoker.InvokeWithNoArgs(Object obj, BindingFlags invokeAttr)
--AssertionException
   at NUnit.Framework.Assert.ReportFailure(String message)
   at NUnit.Framework.Assert.ReportFailure(ConstraintResult result, String message, Object[] args)
   at NUnit.Framework.Assert.That[TActual](TActual actual, IResolveConstraint expression, String message, Object[] args)
   at NUnit.Framework.Assert.True(Boolean condition, String message, Object[] args)
   at Microsoft.SqlTools.ServiceLayer.Test.Common.TestConnectionProfileService.GetInstance(String key) in /Users/aasimkhan/src/sqltoolsservice/test/Microsoft.SqlTools.ServiceLayer.Test.Common/TestConnectionProfileService.cs:line 59
   at Microsoft.SqlTools.ServiceLayer.Test.Common.TestConnectionProfileService.GetConnectionParameters(String key, String databaseName) in /Users/aasimkhan/src/sqltoolsservice/test/Microsoft.SqlTools.ServiceLayer.Test.Common/TestConnectionProfileService.cs:line 65
   at Microsoft.SqlTools.ServiceLayer.Test.Common.TestConnectionProfileService.GetConnectionParameters(TestServerType serverType, String databaseName) in /Users/aasimkhan/src/sqltoolsservice/test/Microsoft.SqlTools.ServiceLayer.Test.Common/TestConnectionProfileService.cs:line 75
   at Microsoft.SqlTools.ServiceLayer.Test.Common.TestServiceProvider.InitLiveConnectionInfo(TestServerType serverType, String databaseName, String scriptFilePath) in /Users/aasimkhan/src/sqltoolsservice/test/Microsoft.SqlTools.ServiceLayer.Test.Common/TestServiceProvider.cs:line 142
   at Microsoft.SqlTools.ServiceLayer.Test.Common.TestServiceProvider.RunQueryAsync(TestServerType serverType, String databaseName, String queryText, Boolean throwOnError) in /Users/aasimkhan/src/sqltoolsservice/test/Microsoft.SqlTools.ServiceLayer.Test.Common/TestServiceProvider.cs:line 110
   at Microsoft.SqlTools.ServiceLayer.Test.Common.SqlTestDb.CreateNewAsync(TestServerType serverType, Boolean doNotCleanupDb, String databaseName, String query, String dbNamePrefix) in /Users/aasimkhan/src/sqltoolsservice/test/Microsoft.SqlTools.ServiceLayer.Test.Common/SqlTestDb.cs:line 101
1)    at Microsoft.SqlTools.ServiceLayer.Test.Common.TestConnectionProfileService.GetInstance(String key) in /Users/aasimkhan/src/sqltoolsservice/test/Microsoft.SqlTools.ServiceLayer.Test.Common/TestConnectionProfileService.cs:line 59
   at Microsoft.SqlTools.ServiceLayer.Test.Common.TestConnectionProfileService.GetConnectionParameters(String key, String databaseName) in /Users/aasimkhan/src/sqltoolsservice/test/Microsoft.SqlTools.ServiceLayer.Test.Common/TestConnectionProfileService.cs:line 65
   at Microsoft.SqlTools.ServiceLayer.Test.Common.TestConnectionProfileService.GetConnectionParameters(TestServerType serverType, String databaseName) in /Users/aasimkhan/src/sqltoolsservice/test/Microsoft.SqlTools.ServiceLayer.Test.Common/TestConnectionProfileService.cs:line 75
   at Microsoft.SqlTools.ServiceLayer.Test.Common.TestServiceProvider.InitLiveConnectionInfo(TestServerType serverType, String databaseName, String scriptFilePath) in /Users/aasimkhan/src/sqltoolsservice/test/Microsoft.SqlTools.ServiceLayer.Test.Common/TestServiceProvider.cs:line 142
   at System.Runtime.CompilerServices.AsyncMethodBuilderCore.Start[TStateMachine](TStateMachine&amp; stateMachine)
   at Microsoft.SqlTools.ServiceLayer.Test.Common.TestServiceProvider.InitLiveConnectionInfo(TestServerType serverType, String databaseName, String scriptFilePath)
   at Microsoft.SqlTools.ServiceLayer.Test.Common.TestServiceProvider.RunQueryAsync(TestServerType serverType, String databaseName, String queryText, Boolean throwOnError) in /Users/aasimkhan/src/sqltoolsservice/test/Microsoft.SqlTools.ServiceLayer.Test.Common/TestServiceProvider.cs:line 110
   at System.Runtime.CompilerServices.AsyncMethodBuilderCore.Start[TStateMachine](TStateMachine&amp; stateMachine)
   at Microsoft.SqlTools.ServiceLayer.Test.Common.TestServiceProvider.RunQueryAsync(TestServerType serverType, String databaseName, String queryText, Boolean throwOnError)
   at Microsoft.SqlTools.ServiceLayer.Test.Common.SqlTestDb.CreateNewAsync(TestServerType serverType, Boolean doNotCleanupDb, String databaseName, String query, String dbNamePrefix) in /Users/aasimkhan/src/sqltoolsservice/test/Microsoft.SqlTools.ServiceLayer.Test.Common/SqlTestDb.cs:line 101
   at System.Runtime.CompilerServices.AsyncMethodBuilderCore.Start[TStateMachine](TStateMachine&amp; stateMachine)
   at Microsoft.SqlTools.ServiceLayer.Test.Common.SqlTestDb.CreateNewAsync(TestServerType serverType, Boolean doNotCleanupDb, String databaseName, String query, String dbNamePrefix)
   at Microsoft.SqlTools.ServiceLayer.Test.Common.SqlTestDb.CreateNew(TestServerType serverType, Boolean doNotCleanupDb, String databaseName, String query, String dbNamePrefix) in /Users/aasimkhan/src/sqltoolsservice/test/Microsoft.SqlTools.ServiceLayer.Test.Common/SqlTestDb.cs:line 84
   at Microsoft.SqlTools.ServiceLayer.IntegrationTests.DisasterRecovery.BackupServiceTests.ScriptBackupWithDifferentActionTypesTest() in /Users/aasimkhan/src/sqltoolsservice/test/Microsoft.SqlTools.ServiceLayer.IntegrationTests/DisasterRecovery/BackupServiceTests.cs:line 253

2)    at System.Threading.Tasks.Task.ThrowIfExceptional(Boolean includeTaskCanceledExceptions)
   at System.Threading.Tasks.Task`1.GetResultCore(Boolean waitCompletionNotification)
   at Microsoft.SqlTools.ServiceLayer.Test.Common.SqlTestDb.CreateNew(TestServerType serverType, Boolean doNotCleanupDb, String databaseName, String query, String dbNamePrefix) in /Users/aasimkhan/src/sqltoolsservice/test/Microsoft.SqlTools.ServiceLayer.Test.Common/SqlTestDb.cs:line 84
   at Microsoft.SqlTools.ServiceLayer.IntegrationTests.DisasterRecovery.BackupServiceTests.ScriptBackupWithDifferentActionTypesTest() in /Users/aasimkhan/src/sqltoolsservice/test/Microsoft.SqlTools.ServiceLayer.IntegrationTests/DisasterRecovery/BackupServiceTests.cs:line 253
   at System.RuntimeMethodHandle.InvokeMethod(Object target, Void** arguments, Signature sig, Boolean isConstructor)
   at System.Reflection.MethodBaseInvoker.InvokeWithNoArgs(Object obj, BindingFlags invokeAttr)
--AssertionException
   at NUnit.Framework.Assert.ReportFailure(String message)
   at NUnit.Framework.Assert.ReportFailure(ConstraintResult result, String message, Object[] args)
   at NUnit.Framework.Assert.That[TActual](TActual actual, IResolveConstraint expression, String message, Object[] args)
   at NUnit.Framework.Assert.True(Boolean condition, String message, Object[] args)
   at Microsoft.SqlTools.ServiceLayer.Test.Common.TestConnectionProfileService.GetInstance(String key) in /Users/aasimkhan/src/sqltoolsservice/test/Microsoft.SqlTools.ServiceLayer.Test.Common/TestConnectionProfileService.cs:line 59
   at Microsoft.SqlTools.ServiceLayer.Test.Common.TestConnectionProfileService.GetConnectionParameters(String key, String databaseName) in /Users/aasimkhan/src/sqltoolsservice/test/Microsoft.SqlTools.ServiceLayer.Test.Common/TestConnectionProfileService.cs:line 65
   at Microsoft.SqlTools.ServiceLayer.Test.Common.TestConnectionProfileService.GetConnectionParameters(TestServerType serverType, String databaseName) in /Users/aasimkhan/src/sqltoolsservice/test/Microsoft.SqlTools.ServiceLayer.Test.Common/TestConnectionProfileService.cs:line 75
   at Microsoft.SqlTools.ServiceLayer.Test.Common.TestServiceProvider.InitLiveConnectionInfo(TestServerType serverType, String databaseName, String scriptFilePath) in /Users/aasimkhan/src/sqltoolsservice/test/Microsoft.SqlTools.ServiceLayer.Test.Common/TestServiceProvider.cs:line 142
   at Microsoft.SqlTools.ServiceLayer.Test.Common.TestServiceProvider.RunQueryAsync(TestServerType serverType, String databaseName, String queryText, Boolean throwOnError) in /Users/aasimkhan/src/sqltoolsservice/test/Microsoft.SqlTools.ServiceLayer.Test.Common/TestServiceProvider.cs:line 110
   at Microsoft.SqlTools.ServiceLayer.Test.Common.SqlTestDb.CreateNewAsync(TestServerType serverType, Boolean doNotCleanupDb, String databaseName, String query, String dbNamePrefix) in /Users/aasimkhan/src/sqltoolsservice/test/Microsoft.SqlTools.ServiceLayer.Test.Common/SqlTestDb.cs:line 101</failure>
    </testcase>
    <testcase classname="Microsoft.SqlTools.ServiceLayer.IntegrationTests.DisasterRecovery.DisasterRecoveryFileValidatorTests" name="ValidateDefaultBackupFolderPath" time="0.0011120">
      <failure type="failure" message="  Cannot find any instance for version key: sqlOnPrem&#xA;  Expected: True&#xA;  But was:  False&#xA;">at Microsoft.SqlTools.ServiceLayer.Test.Common.TestConnectionProfileService.GetInstance(String key) in /Users/aasimkhan/src/sqltoolsservice/test/Microsoft.SqlTools.ServiceLayer.Test.Common/TestConnectionProfileService.cs:line 59
   at Microsoft.SqlTools.ServiceLayer.Test.Common.TestConnectionProfileService.GetConnectionParameters(String key, String databaseName) in /Users/aasimkhan/src/sqltoolsservice/test/Microsoft.SqlTools.ServiceLayer.Test.Common/TestConnectionProfileService.cs:line 65
   at Microsoft.SqlTools.ServiceLayer.Test.Common.TestConnectionProfileService.GetConnectionParameters(TestServerType serverType, String databaseName) in /Users/aasimkhan/src/sqltoolsservice/test/Microsoft.SqlTools.ServiceLayer.Test.Common/TestConnectionProfileService.cs:line 75
   at Microsoft.SqlTools.ServiceLayer.IntegrationTests.Utility.LiveConnectionHelper.InitLiveConnectionInfoAsync(String databaseName, String ownerUri, String connectionType, TestServerType serverType) in /Users/aasimkhan/src/sqltoolsservice/test/Microsoft.SqlTools.ServiceLayer.IntegrationTests/Utility/LiveConnectionHelper.cs:line 68
   at Microsoft.SqlTools.ServiceLayer.IntegrationTests.Utility.LiveConnectionHelper.InitLiveConnectionInfo(String databaseName, String ownerUri) in /Users/aasimkhan/src/sqltoolsservice/test/Microsoft.SqlTools.ServiceLayer.IntegrationTests/Utility/LiveConnectionHelper.cs:line 52
   at Microsoft.SqlTools.ServiceLayer.IntegrationTests.DisasterRecovery.DisasterRecoveryFileValidatorTests.ValidateDefaultBackupFolderPath() in /Users/aasimkhan/src/sqltoolsservice/test/Microsoft.SqlTools.ServiceLayer.IntegrationTests/DisasterRecovery/DisasterRecoveryFileValidatorTests.cs:line 50

1)    at Microsoft.SqlTools.ServiceLayer.Test.Common.TestConnectionProfileService.GetInstance(String key) in /Users/aasimkhan/src/sqltoolsservice/test/Microsoft.SqlTools.ServiceLayer.Test.Common/TestConnectionProfileService.cs:line 59
   at Microsoft.SqlTools.ServiceLayer.Test.Common.TestConnectionProfileService.GetConnectionParameters(String key, String databaseName) in /Users/aasimkhan/src/sqltoolsservice/test/Microsoft.SqlTools.ServiceLayer.Test.Common/TestConnectionProfileService.cs:line 65
   at Microsoft.SqlTools.ServiceLayer.Test.Common.TestConnectionProfileService.GetConnectionParameters(TestServerType serverType, String databaseName) in /Users/aasimkhan/src/sqltoolsservice/test/Microsoft.SqlTools.ServiceLayer.Test.Common/TestConnectionProfileService.cs:line 75
   at Microsoft.SqlTools.ServiceLayer.IntegrationTests.Utility.LiveConnectionHelper.InitLiveConnectionInfoAsync(String databaseName, String ownerUri, String connectionType, TestServerType serverType) in /Users/aasimkhan/src/sqltoolsservice/test/Microsoft.SqlTools.ServiceLayer.IntegrationTests/Utility/LiveConnectionHelper.cs:line 68
   at System.Runtime.CompilerServices.AsyncMethodBuilderCore.Start[TStateMachine](TStateMachine&amp; stateMachine)
   at Microsoft.SqlTools.ServiceLayer.IntegrationTests.Utility.LiveConnectionHelper.InitLiveConnectionInfoAsync(String databaseName, String ownerUri, String connectionType, TestServerType serverType)
   at Microsoft.SqlTools.ServiceLayer.IntegrationTests.Utility.LiveConnectionHelper.InitLiveConnectionInfo(String databaseName, String ownerUri) in /Users/aasimkhan/src/sqltoolsservice/test/Microsoft.SqlTools.ServiceLayer.IntegrationTests/Utility/LiveConnectionHelper.cs:line 52
   at Microsoft.SqlTools.ServiceLayer.IntegrationTests.DisasterRecovery.DisasterRecoveryFileValidatorTests.ValidateDefaultBackupFolderPath() in /Users/aasimkhan/src/sqltoolsservice/test/Microsoft.SqlTools.ServiceLayer.IntegrationTests/DisasterRecovery/DisasterRecoveryFileValidatorTests.cs:line 50</failure>
    </testcase>
    <testcase classname="Microsoft.SqlTools.ServiceLayer.IntegrationTests.DisasterRecovery.DisasterRecoveryFileValidatorTests" name="ValidateDefaultBackupFullFilePath" time="0.0010160">
      <failure type="failure" message="  Cannot find any instance for version key: sqlOnPrem&#xA;  Expected: True&#xA;  But was:  False&#xA;">at Microsoft.SqlTools.ServiceLayer.Test.Common.TestConnectionProfileService.GetInstance(String key) in /Users/aasimkhan/src/sqltoolsservice/test/Microsoft.SqlTools.ServiceLayer.Test.Common/TestConnectionProfileService.cs:line 59
   at Microsoft.SqlTools.ServiceLayer.Test.Common.TestConnectionProfileService.GetConnectionParameters(String key, String databaseName) in /Users/aasimkhan/src/sqltoolsservice/test/Microsoft.SqlTools.ServiceLayer.Test.Common/TestConnectionProfileService.cs:line 65
   at Microsoft.SqlTools.ServiceLayer.Test.Common.TestConnectionProfileService.GetConnectionParameters(TestServerType serverType, String databaseName) in /Users/aasimkhan/src/sqltoolsservice/test/Microsoft.SqlTools.ServiceLayer.Test.Common/TestConnectionProfileService.cs:line 75
   at Microsoft.SqlTools.ServiceLayer.IntegrationTests.Utility.LiveConnectionHelper.InitLiveConnectionInfoAsync(String databaseName, String ownerUri, String connectionType, TestServerType serverType) in /Users/aasimkhan/src/sqltoolsservice/test/Microsoft.SqlTools.ServiceLayer.IntegrationTests/Utility/LiveConnectionHelper.cs:line 68
   at Microsoft.SqlTools.ServiceLayer.IntegrationTests.Utility.LiveConnectionHelper.InitLiveConnectionInfo(String databaseName, String ownerUri) in /Users/aasimkhan/src/sqltoolsservice/test/Microsoft.SqlTools.ServiceLayer.IntegrationTests/Utility/LiveConnectionHelper.cs:line 52
   at Microsoft.SqlTools.ServiceLayer.IntegrationTests.DisasterRecovery.DisasterRecoveryFileValidatorTests.ValidateDefaultBackupFullFilePath() in /Users/aasimkhan/src/sqltoolsservice/test/Microsoft.SqlTools.ServiceLayer.IntegrationTests/DisasterRecovery/DisasterRecoveryFileValidatorTests.cs:line 30

1)    at Microsoft.SqlTools.ServiceLayer.Test.Common.TestConnectionProfileService.GetInstance(String key) in /Users/aasimkhan/src/sqltoolsservice/test/Microsoft.SqlTools.ServiceLayer.Test.Common/TestConnectionProfileService.cs:line 59
   at Microsoft.SqlTools.ServiceLayer.Test.Common.TestConnectionProfileService.GetConnectionParameters(String key, String databaseName) in /Users/aasimkhan/src/sqltoolsservice/test/Microsoft.SqlTools.ServiceLayer.Test.Common/TestConnectionProfileService.cs:line 65
   at Microsoft.SqlTools.ServiceLayer.Test.Common.TestConnectionProfileService.GetConnectionParameters(TestServerType serverType, String databaseName) in /Users/aasimkhan/src/sqltoolsservice/test/Microsoft.SqlTools.ServiceLayer.Test.Common/TestConnectionProfileService.cs:line 75
   at Microsoft.SqlTools.ServiceLayer.IntegrationTests.Utility.LiveConnectionHelper.InitLiveConnectionInfoAsync(String databaseName, String ownerUri, String connectionType, TestServerType serverType) in /Users/aasimkhan/src/sqltoolsservice/test/Microsoft.SqlTools.ServiceLayer.IntegrationTests/Utility/LiveConnectionHelper.cs:line 68
   at System.Runtime.CompilerServices.AsyncMethodBuilderCore.Start[TStateMachine](TStateMachine&amp; stateMachine)
   at Microsoft.SqlTools.ServiceLayer.IntegrationTests.Utility.LiveConnectionHelper.InitLiveConnectionInfoAsync(String databaseName, String ownerUri, String connectionType, TestServerType serverType)
   at Microsoft.SqlTools.ServiceLayer.IntegrationTests.Utility.LiveConnectionHelper.InitLiveConnectionInfo(String databaseName, String ownerUri) in /Users/aasimkhan/src/sqltoolsservice/test/Microsoft.SqlTools.ServiceLayer.IntegrationTests/Utility/LiveConnectionHelper.cs:line 52
   at Microsoft.SqlTools.ServiceLayer.IntegrationTests.DisasterRecovery.DisasterRecoveryFileValidatorTests.ValidateDefaultBackupFullFilePath() in /Users/aasimkhan/src/sqltoolsservice/test/Microsoft.SqlTools.ServiceLayer.IntegrationTests/DisasterRecovery/DisasterRecoveryFileValidatorTests.cs:line 30</failure>
    </testcase>
    <testcase classname="Microsoft.SqlTools.ServiceLayer.IntegrationTests.DisasterRecovery.RestoreDatabaseServiceTests" name="CancelRestorePlanRequestShouldCancelSuccessfully" time="0.0034660">
      <failure type="failure" message="  Cannot find any instance for version key: sqlOnPrem&#xA;  Expected: True&#xA;  But was:  False&#xA;">at Microsoft.SqlTools.ServiceLayer.Test.Common.TestConnectionProfileService.GetInstance(String key) in /Users/aasimkhan/src/sqltoolsservice/test/Microsoft.SqlTools.ServiceLayer.Test.Common/TestConnectionProfileService.cs:line 59
   at Microsoft.SqlTools.ServiceLayer.Test.Common.TestConnectionProfileService.GetConnectionParameters(String key, String databaseName) in /Users/aasimkhan/src/sqltoolsservice/test/Microsoft.SqlTools.ServiceLayer.Test.Common/TestConnectionProfileService.cs:line 65
   at Microsoft.SqlTools.ServiceLayer.Test.Common.TestConnectionProfileService.GetConnectionParameters(TestServerType serverType, String databaseName) in /Users/aasimkhan/src/sqltoolsservice/test/Microsoft.SqlTools.ServiceLayer.Test.Common/TestConnectionProfileService.cs:line 75
   at Microsoft.SqlTools.ServiceLayer.Test.Common.TestServiceProvider.InitLiveConnectionInfo(TestServerType serverType, String databaseName, String scriptFilePath) in /Users/aasimkhan/src/sqltoolsservice/test/Microsoft.SqlTools.ServiceLayer.Test.Common/TestServiceProvider.cs:line 142
   at Microsoft.SqlTools.ServiceLayer.Test.Common.TestServiceProvider.RunQueryAsync(TestServerType serverType, String databaseName, String queryText, Boolean throwOnError) in /Users/aasimkhan/src/sqltoolsservice/test/Microsoft.SqlTools.ServiceLayer.Test.Common/TestServiceProvider.cs:line 110
   at Microsoft.SqlTools.ServiceLayer.Test.Common.SqlTestDb.CreateNewAsync(TestServerType serverType, Boolean doNotCleanupDb, String databaseName, String query, String dbNamePrefix) in /Users/aasimkhan/src/sqltoolsservice/test/Microsoft.SqlTools.ServiceLayer.Test.Common/SqlTestDb.cs:line 101
   at Microsoft.SqlTools.ServiceLayer.IntegrationTests.DisasterRecovery.RestoreDatabaseServiceTests.CreateBackupFile() in /Users/aasimkhan/src/sqltoolsservice/test/Microsoft.SqlTools.ServiceLayer.IntegrationTests/DisasterRecovery/RestoreDatabaseServiceTests.cs:line 803
   at Microsoft.SqlTools.ServiceLayer.IntegrationTests.DisasterRecovery.RestoreDatabaseServiceTests.VerifyBackupFileCreated() in /Users/aasimkhan/src/sqltoolsservice/test/Microsoft.SqlTools.ServiceLayer.IntegrationTests/DisasterRecovery/RestoreDatabaseServiceTests.cs:line 55
   at Microsoft.SqlTools.ServiceLayer.IntegrationTests.DisasterRecovery.RestoreDatabaseServiceTests.CancelRestorePlanRequestShouldCancelSuccessfully() in /Users/aasimkhan/src/sqltoolsservice/test/Microsoft.SqlTools.ServiceLayer.IntegrationTests/DisasterRecovery/RestoreDatabaseServiceTests.cs:line 441
   at NUnit.Framework.Internal.TaskAwaitAdapter.GenericAdapter`1.GetResult()
   at NUnit.Framework.Internal.AsyncToSyncAdapter.Await(Func`1 invoke)
   at NUnit.Framework.Internal.Commands.TestMethodCommand.RunTestMethod(TestExecutionContext context)
   at NUnit.Framework.Internal.Commands.TestMethodCommand.Execute(TestExecutionContext context)
   at NUnit.Framework.Internal.Execution.SimpleWorkItem.&lt;&gt;c__DisplayClass4_0.&lt;PerformWork&gt;b__0()
   at NUnit.Framework.Internal.ContextUtils.&lt;&gt;c__DisplayClass1_0`1.&lt;DoIsolated&gt;b__0(Object _)

1)    at Microsoft.SqlTools.ServiceLayer.Test.Common.TestConnectionProfileService.GetInstance(String key) in /Users/aasimkhan/src/sqltoolsservice/test/Microsoft.SqlTools.ServiceLayer.Test.Common/TestConnectionProfileService.cs:line 59
   at Microsoft.SqlTools.ServiceLayer.Test.Common.TestConnectionProfileService.GetConnectionParameters(String key, String databaseName) in /Users/aasimkhan/src/sqltoolsservice/test/Microsoft.SqlTools.ServiceLayer.Test.Common/TestConnectionProfileService.cs:line 65
   at Microsoft.SqlTools.ServiceLayer.Test.Common.TestConnectionProfileService.GetConnectionParameters(TestServerType serverType, String databaseName) in /Users/aasimkhan/src/sqltoolsservice/test/Microsoft.SqlTools.ServiceLayer.Test.Common/TestConnectionProfileService.cs:line 75
   at Microsoft.SqlTools.ServiceLayer.Test.Common.TestServiceProvider.InitLiveConnectionInfo(TestServerType serverType, String databaseName, String scriptFilePath) in /Users/aasimkhan/src/sqltoolsservice/test/Microsoft.SqlTools.ServiceLayer.Test.Common/TestServiceProvider.cs:line 142
   at System.Runtime.CompilerServices.AsyncMethodBuilderCore.Start[TStateMachine](TStateMachine&amp; stateMachine)
   at Microsoft.SqlTools.ServiceLayer.Test.Common.TestServiceProvider.InitLiveConnectionInfo(TestServerType serverType, String databaseName, String scriptFilePath)
   at Microsoft.SqlTools.ServiceLayer.Test.Common.TestServiceProvider.RunQueryAsync(TestServerType serverType, String databaseName, String queryText, Boolean throwOnError) in /Users/aasimkhan/src/sqltoolsservice/test/Microsoft.SqlTools.ServiceLayer.Test.Common/TestServiceProvider.cs:line 110
   at System.Runtime.CompilerServices.AsyncMethodBuilderCore.Start[TStateMachine](TStateMachine&amp; stateMachine)
   at Microsoft.SqlTools.ServiceLayer.Test.Common.TestServiceProvider.RunQueryAsync(TestServerType serverType, String databaseName, String queryText, Boolean throwOnError)
   at Microsoft.SqlTools.ServiceLayer.Test.Common.SqlTestDb.CreateNewAsync(TestServerType serverType, Boolean doNotCleanupDb, String databaseName, String query, String dbNamePrefix) in /Users/aasimkhan/src/sqltoolsservice/test/Microsoft.SqlTools.ServiceLayer.Test.Common/SqlTestDb.cs:line 101
   at System.Runtime.CompilerServices.AsyncMethodBuilderCore.Start[TStateMachine](TStateMachine&amp; stateMachine)
   at Microsoft.SqlTools.ServiceLayer.Test.Common.SqlTestDb.CreateNewAsync(TestServerType serverType, Boolean doNotCleanupDb, String databaseName, String query, String dbNamePrefix)
   at Microsoft.SqlTools.ServiceLayer.IntegrationTests.DisasterRecovery.RestoreDatabaseServiceTests.CreateBackupFile() in /Users/aasimkhan/src/sqltoolsservice/test/Microsoft.SqlTools.ServiceLayer.IntegrationTests/DisasterRecovery/RestoreDatabaseServiceTests.cs:line 803
   at System.Runtime.CompilerServices.AsyncMethodBuilderCore.Start[TStateMachine](TStateMachine&amp; stateMachine)
   at Microsoft.SqlTools.ServiceLayer.IntegrationTests.DisasterRecovery.RestoreDatabaseServiceTests.CreateBackupFile()
   at Microsoft.SqlTools.ServiceLayer.IntegrationTests.DisasterRecovery.RestoreDatabaseServiceTests.VerifyBackupFileCreated() in /Users/aasimkhan/src/sqltoolsservice/test/Microsoft.SqlTools.ServiceLayer.IntegrationTests/DisasterRecovery/RestoreDatabaseServiceTests.cs:line 55
   at System.Runtime.CompilerServices.AsyncMethodBuilderCore.Start[TStateMachine](TStateMachine&amp; stateMachine)
   at Microsoft.SqlTools.ServiceLayer.IntegrationTests.DisasterRecovery.RestoreDatabaseServiceTests.VerifyBackupFileCreated()
   at Microsoft.SqlTools.ServiceLayer.IntegrationTests.DisasterRecovery.RestoreDatabaseServiceTests.CancelRestorePlanRequestShouldCancelSuccessfully() in /Users/aasimkhan/src/sqltoolsservice/test/Microsoft.SqlTools.ServiceLayer.IntegrationTests/DisasterRecovery/RestoreDatabaseServiceTests.cs:line 441
   at System.Runtime.CompilerServices.AsyncMethodBuilderCore.Start[TStateMachine](TStateMachine&amp; stateMachine)
   at Microsoft.SqlTools.ServiceLayer.IntegrationTests.DisasterRecovery.RestoreDatabaseServiceTests.CancelRestorePlanRequestShouldCancelSuccessfully()</failure>
    </testcase>
    <testcase classname="Microsoft.SqlTools.ServiceLayer.IntegrationTests.DisasterRecovery.RestoreDatabaseServiceTests" name="RestoreConfigInfoRequestShouldReturnResponse" time="0.0018270">
      <failure type="failure" message="  Cannot find any instance for version key: sqlOnPrem&#xA;  Expected: True&#xA;  But was:  False&#xA;">at Microsoft.SqlTools.ServiceLayer.Test.Common.TestConnectionProfileService.GetInstance(String key) in /Users/aasimkhan/src/sqltoolsservice/test/Microsoft.SqlTools.ServiceLayer.Test.Common/TestConnectionProfileService.cs:line 59
   at Microsoft.SqlTools.ServiceLayer.Test.Common.TestConnectionProfileService.GetConnectionParameters(String key, String databaseName) in /Users/aasimkhan/src/sqltoolsservice/test/Microsoft.SqlTools.ServiceLayer.Test.Common/TestConnectionProfileService.cs:line 65
   at Microsoft.SqlTools.ServiceLayer.Test.Common.TestConnectionProfileService.GetConnectionParameters(TestServerType serverType, String databaseName) in /Users/aasimkhan/src/sqltoolsservice/test/Microsoft.SqlTools.ServiceLayer.Test.Common/TestConnectionProfileService.cs:line 75
   at Microsoft.SqlTools.ServiceLayer.Test.Common.TestServiceProvider.InitLiveConnectionInfo(TestServerType serverType, String databaseName, String scriptFilePath) in /Users/aasimkhan/src/sqltoolsservice/test/Microsoft.SqlTools.ServiceLayer.Test.Common/TestServiceProvider.cs:line 142
   at Microsoft.SqlTools.ServiceLayer.Test.Common.TestServiceProvider.RunQueryAsync(TestServerType serverType, String databaseName, String queryText, Boolean throwOnError) in /Users/aasimkhan/src/sqltoolsservice/test/Microsoft.SqlTools.ServiceLayer.Test.Common/TestServiceProvider.cs:line 110
   at Microsoft.SqlTools.ServiceLayer.Test.Common.SqlTestDb.CreateNewAsync(TestServerType serverType, Boolean doNotCleanupDb, String databaseName, String query, String dbNamePrefix) in /Users/aasimkhan/src/sqltoolsservice/test/Microsoft.SqlTools.ServiceLayer.Test.Common/SqlTestDb.cs:line 101
   at Microsoft.SqlTools.ServiceLayer.IntegrationTests.DisasterRecovery.RestoreDatabaseServiceTests.CreateBackupFile() in /Users/aasimkhan/src/sqltoolsservice/test/Microsoft.SqlTools.ServiceLayer.IntegrationTests/DisasterRecovery/RestoreDatabaseServiceTests.cs:line 803
   at Microsoft.SqlTools.ServiceLayer.IntegrationTests.DisasterRecovery.RestoreDatabaseServiceTests.VerifyBackupFileCreated() in /Users/aasimkhan/src/sqltoolsservice/test/Microsoft.SqlTools.ServiceLayer.IntegrationTests/DisasterRecovery/RestoreDatabaseServiceTests.cs:line 55
   at Microsoft.SqlTools.ServiceLayer.IntegrationTests.DisasterRecovery.RestoreDatabaseServiceTests.RestoreConfigInfoRequestShouldReturnResponse() in /Users/aasimkhan/src/sqltoolsservice/test/Microsoft.SqlTools.ServiceLayer.IntegrationTests/DisasterRecovery/RestoreDatabaseServiceTests.cs:line 475
   at NUnit.Framework.Internal.TaskAwaitAdapter.GenericAdapter`1.GetResult()
   at NUnit.Framework.Internal.AsyncToSyncAdapter.Await(Func`1 invoke)
   at NUnit.Framework.Internal.Commands.TestMethodCommand.RunTestMethod(TestExecutionContext context)
   at NUnit.Framework.Internal.Commands.TestMethodCommand.Execute(TestExecutionContext context)
   at NUnit.Framework.Internal.Execution.SimpleWorkItem.&lt;&gt;c__DisplayClass4_0.&lt;PerformWork&gt;b__0()
   at NUnit.Framework.Internal.ContextUtils.&lt;&gt;c__DisplayClass1_0`1.&lt;DoIsolated&gt;b__0(Object _)

1)    at Microsoft.SqlTools.ServiceLayer.Test.Common.TestConnectionProfileService.GetInstance(String key) in /Users/aasimkhan/src/sqltoolsservice/test/Microsoft.SqlTools.ServiceLayer.Test.Common/TestConnectionProfileService.cs:line 59
   at Microsoft.SqlTools.ServiceLayer.Test.Common.TestConnectionProfileService.GetConnectionParameters(String key, String databaseName) in /Users/aasimkhan/src/sqltoolsservice/test/Microsoft.SqlTools.ServiceLayer.Test.Common/TestConnectionProfileService.cs:line 65
   at Microsoft.SqlTools.ServiceLayer.Test.Common.TestConnectionProfileService.GetConnectionParameters(TestServerType serverType, String databaseName) in /Users/aasimkhan/src/sqltoolsservice/test/Microsoft.SqlTools.ServiceLayer.Test.Common/TestConnectionProfileService.cs:line 75
   at Microsoft.SqlTools.ServiceLayer.Test.Common.TestServiceProvider.InitLiveConnectionInfo(TestServerType serverType, String databaseName, String scriptFilePath) in /Users/aasimkhan/src/sqltoolsservice/test/Microsoft.SqlTools.ServiceLayer.Test.Common/TestServiceProvider.cs:line 142
   at System.Runtime.CompilerServices.AsyncMethodBuilderCore.Start[TStateMachine](TStateMachine&amp; stateMachine)
   at Microsoft.SqlTools.ServiceLayer.Test.Common.TestServiceProvider.InitLiveConnectionInfo(TestServerType serverType, String databaseName, String scriptFilePath)
   at Microsoft.SqlTools.ServiceLayer.Test.Common.TestServiceProvider.RunQueryAsync(TestServerType serverType, String databaseName, String queryText, Boolean throwOnError) in /Users/aasimkhan/src/sqltoolsservice/test/Microsoft.SqlTools.ServiceLayer.Test.Common/TestServiceProvider.cs:line 110
   at System.Runtime.CompilerServices.AsyncMethodBuilderCore.Start[TStateMachine](TStateMachine&amp; stateMachine)
   at Microsoft.SqlTools.ServiceLayer.Test.Common.TestServiceProvider.RunQueryAsync(TestServerType serverType, String databaseName, String queryText, Boolean throwOnError)
   at Microsoft.SqlTools.ServiceLayer.Test.Common.SqlTestDb.CreateNewAsync(TestServerType serverType, Boolean doNotCleanupDb, String databaseName, String query, String dbNamePrefix) in /Users/aasimkhan/src/sqltoolsservice/test/Microsoft.SqlTools.ServiceLayer.Test.Common/SqlTestDb.cs:line 101
   at System.Runtime.CompilerServices.AsyncMethodBuilderCore.Start[TStateMachine](TStateMachine&amp; stateMachine)
   at Microsoft.SqlTools.ServiceLayer.Test.Common.SqlTestDb.CreateNewAsync(TestServerType serverType, Boolean doNotCleanupDb, String databaseName, String query, String dbNamePrefix)
   at Microsoft.SqlTools.ServiceLayer.IntegrationTests.DisasterRecovery.RestoreDatabaseServiceTests.CreateBackupFile() in /Users/aasimkhan/src/sqltoolsservice/test/Microsoft.SqlTools.ServiceLayer.IntegrationTests/DisasterRecovery/RestoreDatabaseServiceTests.cs:line 803
   at System.Runtime.CompilerServices.AsyncMethodBuilderCore.Start[TStateMachine](TStateMachine&amp; stateMachine)
   at Microsoft.SqlTools.ServiceLayer.IntegrationTests.DisasterRecovery.RestoreDatabaseServiceTests.CreateBackupFile()
   at Microsoft.SqlTools.ServiceLayer.IntegrationTests.DisasterRecovery.RestoreDatabaseServiceTests.VerifyBackupFileCreated() in /Users/aasimkhan/src/sqltoolsservice/test/Microsoft.SqlTools.ServiceLayer.IntegrationTests/DisasterRecovery/RestoreDatabaseServiceTests.cs:line 55
   at System.Runtime.CompilerServices.AsyncMethodBuilderCore.Start[TStateMachine](TStateMachine&amp; stateMachine)
   at Microsoft.SqlTools.ServiceLayer.IntegrationTests.DisasterRecovery.RestoreDatabaseServiceTests.VerifyBackupFileCreated()
   at Microsoft.SqlTools.ServiceLayer.IntegrationTests.DisasterRecovery.RestoreDatabaseServiceTests.RestoreConfigInfoRequestShouldReturnResponse() in /Users/aasimkhan/src/sqltoolsservice/test/Microsoft.SqlTools.ServiceLayer.IntegrationTests/DisasterRecovery/RestoreDatabaseServiceTests.cs:line 475
   at System.Runtime.CompilerServices.AsyncMethodBuilderCore.Start[TStateMachine](TStateMachine&amp; stateMachine)
   at Microsoft.SqlTools.ServiceLayer.IntegrationTests.DisasterRecovery.RestoreDatabaseServiceTests.RestoreConfigInfoRequestShouldReturnResponse()</failure>
    </testcase>
    <testcase classname="Microsoft.SqlTools.ServiceLayer.IntegrationTests.DisasterRecovery.RestoreDatabaseServiceTests" name="RestoreDatabaseRequestShouldStartTheRestoreTask" time="0.0012710">
      <failure type="failure" message="  Cannot find any instance for version key: sqlOnPrem&#xA;  Expected: True&#xA;  But was:  False&#xA;">at Microsoft.SqlTools.ServiceLayer.Test.Common.TestConnectionProfileService.GetInstance(String key) in /Users/aasimkhan/src/sqltoolsservice/test/Microsoft.SqlTools.ServiceLayer.Test.Common/TestConnectionProfileService.cs:line 59
   at Microsoft.SqlTools.ServiceLayer.Test.Common.TestConnectionProfileService.GetConnectionParameters(String key, String databaseName) in /Users/aasimkhan/src/sqltoolsservice/test/Microsoft.SqlTools.ServiceLayer.Test.Common/TestConnectionProfileService.cs:line 65
   at Microsoft.SqlTools.ServiceLayer.Test.Common.TestConnectionProfileService.GetConnectionParameters(TestServerType serverType, String databaseName) in /Users/aasimkhan/src/sqltoolsservice/test/Microsoft.SqlTools.ServiceLayer.Test.Common/TestConnectionProfileService.cs:line 75
   at Microsoft.SqlTools.ServiceLayer.IntegrationTests.Utility.LiveConnectionHelper.InitLiveConnectionInfoAsync(String databaseName, String ownerUri, String connectionType, TestServerType serverType) in /Users/aasimkhan/src/sqltoolsservice/test/Microsoft.SqlTools.ServiceLayer.IntegrationTests/Utility/LiveConnectionHelper.cs:line 68
   at Microsoft.SqlTools.ServiceLayer.IntegrationTests.DisasterRecovery.RestoreDatabaseServiceTests.RestoreDatabaseRequestShouldStartTheRestoreTask() in /Users/aasimkhan/src/sqltoolsservice/test/Microsoft.SqlTools.ServiceLayer.IntegrationTests/DisasterRecovery/RestoreDatabaseServiceTests.cs:line 503
   at NUnit.Framework.Internal.TaskAwaitAdapter.GenericAdapter`1.GetResult()
   at NUnit.Framework.Internal.AsyncToSyncAdapter.Await(Func`1 invoke)
   at NUnit.Framework.Internal.Commands.TestMethodCommand.RunTestMethod(TestExecutionContext context)
   at NUnit.Framework.Internal.Commands.TestMethodCommand.Execute(TestExecutionContext context)
   at NUnit.Framework.Internal.Execution.SimpleWorkItem.&lt;&gt;c__DisplayClass4_0.&lt;PerformWork&gt;b__0()
   at NUnit.Framework.Internal.ContextUtils.&lt;&gt;c__DisplayClass1_0`1.&lt;DoIsolated&gt;b__0(Object _)

1)    at Microsoft.SqlTools.ServiceLayer.Test.Common.TestConnectionProfileService.GetInstance(String key) in /Users/aasimkhan/src/sqltoolsservice/test/Microsoft.SqlTools.ServiceLayer.Test.Common/TestConnectionProfileService.cs:line 59
   at Microsoft.SqlTools.ServiceLayer.Test.Common.TestConnectionProfileService.GetConnectionParameters(String key, String databaseName) in /Users/aasimkhan/src/sqltoolsservice/test/Microsoft.SqlTools.ServiceLayer.Test.Common/TestConnectionProfileService.cs:line 65
   at Microsoft.SqlTools.ServiceLayer.Test.Common.TestConnectionProfileService.GetConnectionParameters(TestServerType serverType, String databaseName) in /Users/aasimkhan/src/sqltoolsservice/test/Microsoft.SqlTools.ServiceLayer.Test.Common/TestConnectionProfileService.cs:line 75
   at Microsoft.SqlTools.ServiceLayer.IntegrationTests.Utility.LiveConnectionHelper.InitLiveConnectionInfoAsync(String databaseName, String ownerUri, String connectionType, TestServerType serverType) in /Users/aasimkhan/src/sqltoolsservice/test/Microsoft.SqlTools.ServiceLayer.IntegrationTests/Utility/LiveConnectionHelper.cs:line 68
   at System.Runtime.CompilerServices.AsyncMethodBuilderCore.Start[TStateMachine](TStateMachine&amp; stateMachine)
   at Microsoft.SqlTools.ServiceLayer.IntegrationTests.Utility.LiveConnectionHelper.InitLiveConnectionInfoAsync(String databaseName, String ownerUri, String connectionType, TestServerType serverType)
   at Microsoft.SqlTools.ServiceLayer.IntegrationTests.DisasterRecovery.RestoreDatabaseServiceTests.RestoreDatabaseRequestShouldStartTheRestoreTask() in /Users/aasimkhan/src/sqltoolsservice/test/Microsoft.SqlTools.ServiceLayer.IntegrationTests/DisasterRecovery/RestoreDatabaseServiceTests.cs:line 503
   at System.Runtime.CompilerServices.AsyncMethodBuilderCore.Start[TStateMachine](TStateMachine&amp; stateMachine)
   at Microsoft.SqlTools.ServiceLayer.IntegrationTests.DisasterRecovery.RestoreDatabaseServiceTests.RestoreDatabaseRequestShouldStartTheRestoreTask()</failure>
    </testcase>
    <testcase classname="Microsoft.SqlTools.ServiceLayer.IntegrationTests.DisasterRecovery.RestoreDatabaseServiceTests" name="RestorePlanRequestShouldReturnErrorMessageGivenInvalidFilePath" time="0.0009890">
      <failure type="failure" message="  Cannot find any instance for version key: sqlOnPrem&#xA;  Expected: True&#xA;  But was:  False&#xA;">at Microsoft.SqlTools.ServiceLayer.Test.Common.TestConnectionProfileService.GetInstance(String key) in /Users/aasimkhan/src/sqltoolsservice/test/Microsoft.SqlTools.ServiceLayer.Test.Common/TestConnectionProfileService.cs:line 59
   at Microsoft.SqlTools.ServiceLayer.Test.Common.TestConnectionProfileService.GetConnectionParameters(String key, String databaseName) in /Users/aasimkhan/src/sqltoolsservice/test/Microsoft.SqlTools.ServiceLayer.Test.Common/TestConnectionProfileService.cs:line 65
   at Microsoft.SqlTools.ServiceLayer.Test.Common.TestConnectionProfileService.GetConnectionParameters(TestServerType serverType, String databaseName) in /Users/aasimkhan/src/sqltoolsservice/test/Microsoft.SqlTools.ServiceLayer.Test.Common/TestConnectionProfileService.cs:line 75
   at Microsoft.SqlTools.ServiceLayer.IntegrationTests.Utility.LiveConnectionHelper.InitLiveConnectionInfoAsync(String databaseName, String ownerUri, String connectionType, TestServerType serverType) in /Users/aasimkhan/src/sqltoolsservice/test/Microsoft.SqlTools.ServiceLayer.IntegrationTests/Utility/LiveConnectionHelper.cs:line 68
   at Microsoft.SqlTools.ServiceLayer.IntegrationTests.DisasterRecovery.RestoreDatabaseServiceTests.RestorePlanRequestShouldReturnErrorMessageGivenInvalidFilePath() in /Users/aasimkhan/src/sqltoolsservice/test/Microsoft.SqlTools.ServiceLayer.IntegrationTests/DisasterRecovery/RestoreDatabaseServiceTests.cs:line 530
   at NUnit.Framework.Internal.TaskAwaitAdapter.GenericAdapter`1.GetResult()
   at NUnit.Framework.Internal.AsyncToSyncAdapter.Await(Func`1 invoke)
   at NUnit.Framework.Internal.Commands.TestMethodCommand.RunTestMethod(TestExecutionContext context)
   at NUnit.Framework.Internal.Commands.TestMethodCommand.Execute(TestExecutionContext context)
   at NUnit.Framework.Internal.Execution.SimpleWorkItem.&lt;&gt;c__DisplayClass4_0.&lt;PerformWork&gt;b__0()
   at NUnit.Framework.Internal.ContextUtils.&lt;&gt;c__DisplayClass1_0`1.&lt;DoIsolated&gt;b__0(Object _)

1)    at Microsoft.SqlTools.ServiceLayer.Test.Common.TestConnectionProfileService.GetInstance(String key) in /Users/aasimkhan/src/sqltoolsservice/test/Microsoft.SqlTools.ServiceLayer.Test.Common/TestConnectionProfileService.cs:line 59
   at Microsoft.SqlTools.ServiceLayer.Test.Common.TestConnectionProfileService.GetConnectionParameters(String key, String databaseName) in /Users/aasimkhan/src/sqltoolsservice/test/Microsoft.SqlTools.ServiceLayer.Test.Common/TestConnectionProfileService.cs:line 65
   at Microsoft.SqlTools.ServiceLayer.Test.Common.TestConnectionProfileService.GetConnectionParameters(TestServerType serverType, String databaseName) in /Users/aasimkhan/src/sqltoolsservice/test/Microsoft.SqlTools.ServiceLayer.Test.Common/TestConnectionProfileService.cs:line 75
   at Microsoft.SqlTools.ServiceLayer.IntegrationTests.Utility.LiveConnectionHelper.InitLiveConnectionInfoAsync(String databaseName, String ownerUri, String connectionType, TestServerType serverType) in /Users/aasimkhan/src/sqltoolsservice/test/Microsoft.SqlTools.ServiceLayer.IntegrationTests/Utility/LiveConnectionHelper.cs:line 68
   at System.Runtime.CompilerServices.AsyncMethodBuilderCore.Start[TStateMachine](TStateMachine&amp; stateMachine)
   at Microsoft.SqlTools.ServiceLayer.IntegrationTests.Utility.LiveConnectionHelper.InitLiveConnectionInfoAsync(String databaseName, String ownerUri, String connectionType, TestServerType serverType)
   at Microsoft.SqlTools.ServiceLayer.IntegrationTests.DisasterRecovery.RestoreDatabaseServiceTests.RestorePlanRequestShouldReturnErrorMessageGivenInvalidFilePath() in /Users/aasimkhan/src/sqltoolsservice/test/Microsoft.SqlTools.ServiceLayer.IntegrationTests/DisasterRecovery/RestoreDatabaseServiceTests.cs:line 530
   at System.Runtime.CompilerServices.AsyncMethodBuilderCore.Start[TStateMachine](TStateMachine&amp; stateMachine)
   at Microsoft.SqlTools.ServiceLayer.IntegrationTests.DisasterRecovery.RestoreDatabaseServiceTests.RestorePlanRequestShouldReturnErrorMessageGivenInvalidFilePath()</failure>
    </testcase>
    <testcase classname="Microsoft.SqlTools.ServiceLayer.IntegrationTests.DisasterRecovery.RestoreDatabaseServiceTests" name="RestorePlanRequestShouldReturnResponseWithDbFiles" time="0.0016100">
      <failure type="failure" message="  Cannot find any instance for version key: sqlOnPrem&#xA;  Expected: True&#xA;  But was:  False&#xA;">at Microsoft.SqlTools.ServiceLayer.Test.Common.TestConnectionProfileService.GetInstance(String key) in /Users/aasimkhan/src/sqltoolsservice/test/Microsoft.SqlTools.ServiceLayer.Test.Common/TestConnectionProfileService.cs:line 59
   at Microsoft.SqlTools.ServiceLayer.Test.Common.TestConnectionProfileService.GetConnectionParameters(String key, String databaseName) in /Users/aasimkhan/src/sqltoolsservice/test/Microsoft.SqlTools.ServiceLayer.Test.Common/TestConnectionProfileService.cs:line 65
   at Microsoft.SqlTools.ServiceLayer.Test.Common.TestConnectionProfileService.GetConnectionParameters(TestServerType serverType, String databaseName) in /Users/aasimkhan/src/sqltoolsservice/test/Microsoft.SqlTools.ServiceLayer.Test.Common/TestConnectionProfileService.cs:line 75
   at Microsoft.SqlTools.ServiceLayer.Test.Common.TestServiceProvider.InitLiveConnectionInfo(TestServerType serverType, String databaseName, String scriptFilePath) in /Users/aasimkhan/src/sqltoolsservice/test/Microsoft.SqlTools.ServiceLayer.Test.Common/TestServiceProvider.cs:line 142
   at Microsoft.SqlTools.ServiceLayer.Test.Common.TestServiceProvider.RunQueryAsync(TestServerType serverType, String databaseName, String queryText, Boolean throwOnError) in /Users/aasimkhan/src/sqltoolsservice/test/Microsoft.SqlTools.ServiceLayer.Test.Common/TestServiceProvider.cs:line 110
   at Microsoft.SqlTools.ServiceLayer.Test.Common.SqlTestDb.CreateNewAsync(TestServerType serverType, Boolean doNotCleanupDb, String databaseName, String query, String dbNamePrefix) in /Users/aasimkhan/src/sqltoolsservice/test/Microsoft.SqlTools.ServiceLayer.Test.Common/SqlTestDb.cs:line 101
   at Microsoft.SqlTools.ServiceLayer.IntegrationTests.DisasterRecovery.RestoreDatabaseServiceTests.CreateBackupFile() in /Users/aasimkhan/src/sqltoolsservice/test/Microsoft.SqlTools.ServiceLayer.IntegrationTests/DisasterRecovery/RestoreDatabaseServiceTests.cs:line 803
   at Microsoft.SqlTools.ServiceLayer.IntegrationTests.DisasterRecovery.RestoreDatabaseServiceTests.VerifyBackupFileCreated() in /Users/aasimkhan/src/sqltoolsservice/test/Microsoft.SqlTools.ServiceLayer.IntegrationTests/DisasterRecovery/RestoreDatabaseServiceTests.cs:line 55
   at Microsoft.SqlTools.ServiceLayer.IntegrationTests.DisasterRecovery.RestoreDatabaseServiceTests.RestorePlanRequestShouldReturnResponseWithDbFiles() in /Users/aasimkhan/src/sqltoolsservice/test/Microsoft.SqlTools.ServiceLayer.IntegrationTests/DisasterRecovery/RestoreDatabaseServiceTests.cs:line 415
   at NUnit.Framework.Internal.TaskAwaitAdapter.GenericAdapter`1.GetResult()
   at NUnit.Framework.Internal.AsyncToSyncAdapter.Await(Func`1 invoke)
   at NUnit.Framework.Internal.Commands.TestMethodCommand.RunTestMethod(TestExecutionContext context)
   at NUnit.Framework.Internal.Commands.TestMethodCommand.Execute(TestExecutionContext context)
   at NUnit.Framework.Internal.Execution.SimpleWorkItem.&lt;&gt;c__DisplayClass4_0.&lt;PerformWork&gt;b__0()
   at NUnit.Framework.Internal.ContextUtils.&lt;&gt;c__DisplayClass1_0`1.&lt;DoIsolated&gt;b__0(Object _)

1)    at Microsoft.SqlTools.ServiceLayer.Test.Common.TestConnectionProfileService.GetInstance(String key) in /Users/aasimkhan/src/sqltoolsservice/test/Microsoft.SqlTools.ServiceLayer.Test.Common/TestConnectionProfileService.cs:line 59
   at Microsoft.SqlTools.ServiceLayer.Test.Common.TestConnectionProfileService.GetConnectionParameters(String key, String databaseName) in /Users/aasimkhan/src/sqltoolsservice/test/Microsoft.SqlTools.ServiceLayer.Test.Common/TestConnectionProfileService.cs:line 65
   at Microsoft.SqlTools.ServiceLayer.Test.Common.TestConnectionProfileService.GetConnectionParameters(TestServerType serverType, String databaseName) in /Users/aasimkhan/src/sqltoolsservice/test/Microsoft.SqlTools.ServiceLayer.Test.Common/TestConnectionProfileService.cs:line 75
   at Microsoft.SqlTools.ServiceLayer.Test.Common.TestServiceProvider.InitLiveConnectionInfo(TestServerType serverType, String databaseName, String scriptFilePath) in /Users/aasimkhan/src/sqltoolsservice/test/Microsoft.SqlTools.ServiceLayer.Test.Common/TestServiceProvider.cs:line 142
   at System.Runtime.CompilerServices.AsyncMethodBuilderCore.Start[TStateMachine](TStateMachine&amp; stateMachine)
   at Microsoft.SqlTools.ServiceLayer.Test.Common.TestServiceProvider.InitLiveConnectionInfo(TestServerType serverType, String databaseName, String scriptFilePath)
   at Microsoft.SqlTools.ServiceLayer.Test.Common.TestServiceProvider.RunQueryAsync(TestServerType serverType, String databaseName, String queryText, Boolean throwOnError) in /Users/aasimkhan/src/sqltoolsservice/test/Microsoft.SqlTools.ServiceLayer.Test.Common/TestServiceProvider.cs:line 110
   at System.Runtime.CompilerServices.AsyncMethodBuilderCore.Start[TStateMachine](TStateMachine&amp; stateMachine)
   at Microsoft.SqlTools.ServiceLayer.Test.Common.TestServiceProvider.RunQueryAsync(TestServerType serverType, String databaseName, String queryText, Boolean throwOnError)
   at Microsoft.SqlTools.ServiceLayer.Test.Common.SqlTestDb.CreateNewAsync(TestServerType serverType, Boolean doNotCleanupDb, String databaseName, String query, String dbNamePrefix) in /Users/aasimkhan/src/sqltoolsservice/test/Microsoft.SqlTools.ServiceLayer.Test.Common/SqlTestDb.cs:line 101
   at System.Runtime.CompilerServices.AsyncMethodBuilderCore.Start[TStateMachine](TStateMachine&amp; stateMachine)
   at Microsoft.SqlTools.ServiceLayer.Test.Common.SqlTestDb.CreateNewAsync(TestServerType serverType, Boolean doNotCleanupDb, String databaseName, String query, String dbNamePrefix)
   at Microsoft.SqlTools.ServiceLayer.IntegrationTests.DisasterRecovery.RestoreDatabaseServiceTests.CreateBackupFile() in /Users/aasimkhan/src/sqltoolsservice/test/Microsoft.SqlTools.ServiceLayer.IntegrationTests/DisasterRecovery/RestoreDatabaseServiceTests.cs:line 803
   at System.Runtime.CompilerServices.AsyncMethodBuilderCore.Start[TStateMachine](TStateMachine&amp; stateMachine)
   at Microsoft.SqlTools.ServiceLayer.IntegrationTests.DisasterRecovery.RestoreDatabaseServiceTests.CreateBackupFile()
   at Microsoft.SqlTools.ServiceLayer.IntegrationTests.DisasterRecovery.RestoreDatabaseServiceTests.VerifyBackupFileCreated() in /Users/aasimkhan/src/sqltoolsservice/test/Microsoft.SqlTools.ServiceLayer.IntegrationTests/DisasterRecovery/RestoreDatabaseServiceTests.cs:line 55
   at System.Runtime.CompilerServices.AsyncMethodBuilderCore.Start[TStateMachine](TStateMachine&amp; stateMachine)
   at Microsoft.SqlTools.ServiceLayer.IntegrationTests.DisasterRecovery.RestoreDatabaseServiceTests.VerifyBackupFileCreated()
   at Microsoft.SqlTools.ServiceLayer.IntegrationTests.DisasterRecovery.RestoreDatabaseServiceTests.RestorePlanRequestShouldReturnResponseWithDbFiles() in /Users/aasimkhan/src/sqltoolsservice/test/Microsoft.SqlTools.ServiceLayer.IntegrationTests/DisasterRecovery/RestoreDatabaseServiceTests.cs:line 415
   at System.Runtime.CompilerServices.AsyncMethodBuilderCore.Start[TStateMachine](TStateMachine&amp; stateMachine)
   at Microsoft.SqlTools.ServiceLayer.IntegrationTests.DisasterRecovery.RestoreDatabaseServiceTests.RestorePlanRequestShouldReturnResponseWithDbFiles()</failure>
    </testcase>
    <testcase classname="Microsoft.SqlTools.ServiceLayer.IntegrationTests.DisasterRecovery.RestoreDatabaseServiceTests" name="RestorePlanShouldCreatedSuccessfullyForFullBackup" time="0.0013190">
      <failure type="failure" message="  Cannot find any instance for version key: sqlOnPrem&#xA;  Expected: True&#xA;  But was:  False&#xA;">at Microsoft.SqlTools.ServiceLayer.Test.Common.TestConnectionProfileService.GetInstance(String key) in /Users/aasimkhan/src/sqltoolsservice/test/Microsoft.SqlTools.ServiceLayer.Test.Common/TestConnectionProfileService.cs:line 59
   at Microsoft.SqlTools.ServiceLayer.Test.Common.TestConnectionProfileService.GetConnectionParameters(String key, String databaseName) in /Users/aasimkhan/src/sqltoolsservice/test/Microsoft.SqlTools.ServiceLayer.Test.Common/TestConnectionProfileService.cs:line 65
   at Microsoft.SqlTools.ServiceLayer.Test.Common.TestConnectionProfileService.GetConnectionParameters(TestServerType serverType, String databaseName) in /Users/aasimkhan/src/sqltoolsservice/test/Microsoft.SqlTools.ServiceLayer.Test.Common/TestConnectionProfileService.cs:line 75
   at Microsoft.SqlTools.ServiceLayer.Test.Common.TestServiceProvider.InitLiveConnectionInfo(TestServerType serverType, String databaseName, String scriptFilePath) in /Users/aasimkhan/src/sqltoolsservice/test/Microsoft.SqlTools.ServiceLayer.Test.Common/TestServiceProvider.cs:line 142
   at Microsoft.SqlTools.ServiceLayer.Test.Common.TestServiceProvider.RunQueryAsync(TestServerType serverType, String databaseName, String queryText, Boolean throwOnError) in /Users/aasimkhan/src/sqltoolsservice/test/Microsoft.SqlTools.ServiceLayer.Test.Common/TestServiceProvider.cs:line 110
   at Microsoft.SqlTools.ServiceLayer.Test.Common.SqlTestDb.CreateNewAsync(TestServerType serverType, Boolean doNotCleanupDb, String databaseName, String query, String dbNamePrefix) in /Users/aasimkhan/src/sqltoolsservice/test/Microsoft.SqlTools.ServiceLayer.Test.Common/SqlTestDb.cs:line 101
   at Microsoft.SqlTools.ServiceLayer.IntegrationTests.DisasterRecovery.RestoreDatabaseServiceTests.CreateBackupFile() in /Users/aasimkhan/src/sqltoolsservice/test/Microsoft.SqlTools.ServiceLayer.IntegrationTests/DisasterRecovery/RestoreDatabaseServiceTests.cs:line 803
   at Microsoft.SqlTools.ServiceLayer.IntegrationTests.DisasterRecovery.RestoreDatabaseServiceTests.VerifyBackupFileCreated() in /Users/aasimkhan/src/sqltoolsservice/test/Microsoft.SqlTools.ServiceLayer.IntegrationTests/DisasterRecovery/RestoreDatabaseServiceTests.cs:line 55
   at Microsoft.SqlTools.ServiceLayer.IntegrationTests.DisasterRecovery.RestoreDatabaseServiceTests.RestorePlanShouldCreatedSuccessfullyForFullBackup() in /Users/aasimkhan/src/sqltoolsservice/test/Microsoft.SqlTools.ServiceLayer.IntegrationTests/DisasterRecovery/RestoreDatabaseServiceTests.cs:line 67
   at NUnit.Framework.Internal.TaskAwaitAdapter.GenericAdapter`1.GetResult()
   at NUnit.Framework.Internal.AsyncToSyncAdapter.Await(Func`1 invoke)
   at NUnit.Framework.Internal.Commands.TestMethodCommand.RunTestMethod(TestExecutionContext context)
   at NUnit.Framework.Internal.Commands.TestMethodCommand.Execute(TestExecutionContext context)
   at NUnit.Framework.Internal.Execution.SimpleWorkItem.&lt;&gt;c__DisplayClass4_0.&lt;PerformWork&gt;b__0()
   at NUnit.Framework.Internal.ContextUtils.&lt;&gt;c__DisplayClass1_0`1.&lt;DoIsolated&gt;b__0(Object _)

1)    at Microsoft.SqlTools.ServiceLayer.Test.Common.TestConnectionProfileService.GetInstance(String key) in /Users/aasimkhan/src/sqltoolsservice/test/Microsoft.SqlTools.ServiceLayer.Test.Common/TestConnectionProfileService.cs:line 59
   at Microsoft.SqlTools.ServiceLayer.Test.Common.TestConnectionProfileService.GetConnectionParameters(String key, String databaseName) in /Users/aasimkhan/src/sqltoolsservice/test/Microsoft.SqlTools.ServiceLayer.Test.Common/TestConnectionProfileService.cs:line 65
   at Microsoft.SqlTools.ServiceLayer.Test.Common.TestConnectionProfileService.GetConnectionParameters(TestServerType serverType, String databaseName) in /Users/aasimkhan/src/sqltoolsservice/test/Microsoft.SqlTools.ServiceLayer.Test.Common/TestConnectionProfileService.cs:line 75
   at Microsoft.SqlTools.ServiceLayer.Test.Common.TestServiceProvider.InitLiveConnectionInfo(TestServerType serverType, String databaseName, String scriptFilePath) in /Users/aasimkhan/src/sqltoolsservice/test/Microsoft.SqlTools.ServiceLayer.Test.Common/TestServiceProvider.cs:line 142
   at System.Runtime.CompilerServices.AsyncMethodBuilderCore.Start[TStateMachine](TStateMachine&amp; stateMachine)
   at Microsoft.SqlTools.ServiceLayer.Test.Common.TestServiceProvider.InitLiveConnectionInfo(TestServerType serverType, String databaseName, String scriptFilePath)
   at Microsoft.SqlTools.ServiceLayer.Test.Common.TestServiceProvider.RunQueryAsync(TestServerType serverType, String databaseName, String queryText, Boolean throwOnError) in /Users/aasimkhan/src/sqltoolsservice/test/Microsoft.SqlTools.ServiceLayer.Test.Common/TestServiceProvider.cs:line 110
   at System.Runtime.CompilerServices.AsyncMethodBuilderCore.Start[TStateMachine](TStateMachine&amp; stateMachine)
   at Microsoft.SqlTools.ServiceLayer.Test.Common.TestServiceProvider.RunQueryAsync(TestServerType serverType, String databaseName, String queryText, Boolean throwOnError)
   at Microsoft.SqlTools.ServiceLayer.Test.Common.SqlTestDb.CreateNewAsync(TestServerType serverType, Boolean doNotCleanupDb, String databaseName, String query, String dbNamePrefix) in /Users/aasimkhan/src/sqltoolsservice/test/Microsoft.SqlTools.ServiceLayer.Test.Common/SqlTestDb.cs:line 101
   at System.Runtime.CompilerServices.AsyncMethodBuilderCore.Start[TStateMachine](TStateMachine&amp; stateMachine)
   at Microsoft.SqlTools.ServiceLayer.Test.Common.SqlTestDb.CreateNewAsync(TestServerType serverType, Boolean doNotCleanupDb, String databaseName, String query, String dbNamePrefix)
   at Microsoft.SqlTools.ServiceLayer.IntegrationTests.DisasterRecovery.RestoreDatabaseServiceTests.CreateBackupFile() in /Users/aasimkhan/src/sqltoolsservice/test/Microsoft.SqlTools.ServiceLayer.IntegrationTests/DisasterRecovery/RestoreDatabaseServiceTests.cs:line 803
   at System.Runtime.CompilerServices.AsyncMethodBuilderCore.Start[TStateMachine](TStateMachine&amp; stateMachine)
   at Microsoft.SqlTools.ServiceLayer.IntegrationTests.DisasterRecovery.RestoreDatabaseServiceTests.CreateBackupFile()
   at Microsoft.SqlTools.ServiceLayer.IntegrationTests.DisasterRecovery.RestoreDatabaseServiceTests.VerifyBackupFileCreated() in /Users/aasimkhan/src/sqltoolsservice/test/Microsoft.SqlTools.ServiceLayer.IntegrationTests/DisasterRecovery/RestoreDatabaseServiceTests.cs:line 55
   at System.Runtime.CompilerServices.AsyncMethodBuilderCore.Start[TStateMachine](TStateMachine&amp; stateMachine)
   at Microsoft.SqlTools.ServiceLayer.IntegrationTests.DisasterRecovery.RestoreDatabaseServiceTests.VerifyBackupFileCreated()
   at Microsoft.SqlTools.ServiceLayer.IntegrationTests.DisasterRecovery.RestoreDatabaseServiceTests.RestorePlanShouldCreatedSuccessfullyForFullBackup() in /Users/aasimkhan/src/sqltoolsservice/test/Microsoft.SqlTools.ServiceLayer.IntegrationTests/DisasterRecovery/RestoreDatabaseServiceTests.cs:line 67
   at System.Runtime.CompilerServices.AsyncMethodBuilderCore.Start[TStateMachine](TStateMachine&amp; stateMachine)
   at Microsoft.SqlTools.ServiceLayer.IntegrationTests.DisasterRecovery.RestoreDatabaseServiceTests.RestorePlanShouldCreatedSuccessfullyForFullBackup()</failure>
    </testcase>
    <testcase classname="Microsoft.SqlTools.ServiceLayer.IntegrationTests.DisasterRecovery.RestoreDatabaseServiceTests" name="RestorePlanShouldCreatedSuccessfullyOnExistingDatabaseGivenReplaceOption" time="0.0010790">
      <failure type="failure" message="  Cannot find any instance for version key: sqlOnPrem&#xA;  Expected: True&#xA;  But was:  False&#xA;">at Microsoft.SqlTools.ServiceLayer.Test.Common.TestConnectionProfileService.GetInstance(String key) in /Users/aasimkhan/src/sqltoolsservice/test/Microsoft.SqlTools.ServiceLayer.Test.Common/TestConnectionProfileService.cs:line 59
   at Microsoft.SqlTools.ServiceLayer.Test.Common.TestConnectionProfileService.GetConnectionParameters(String key, String databaseName) in /Users/aasimkhan/src/sqltoolsservice/test/Microsoft.SqlTools.ServiceLayer.Test.Common/TestConnectionProfileService.cs:line 65
   at Microsoft.SqlTools.ServiceLayer.Test.Common.TestConnectionProfileService.GetConnectionParameters(TestServerType serverType, String databaseName) in /Users/aasimkhan/src/sqltoolsservice/test/Microsoft.SqlTools.ServiceLayer.Test.Common/TestConnectionProfileService.cs:line 75
   at Microsoft.SqlTools.ServiceLayer.Test.Common.TestServiceProvider.InitLiveConnectionInfo(TestServerType serverType, String databaseName, String scriptFilePath) in /Users/aasimkhan/src/sqltoolsservice/test/Microsoft.SqlTools.ServiceLayer.Test.Common/TestServiceProvider.cs:line 142
   at Microsoft.SqlTools.ServiceLayer.Test.Common.TestServiceProvider.RunQueryAsync(TestServerType serverType, String databaseName, String queryText, Boolean throwOnError) in /Users/aasimkhan/src/sqltoolsservice/test/Microsoft.SqlTools.ServiceLayer.Test.Common/TestServiceProvider.cs:line 110
   at Microsoft.SqlTools.ServiceLayer.Test.Common.SqlTestDb.CreateNewAsync(TestServerType serverType, Boolean doNotCleanupDb, String databaseName, String query, String dbNamePrefix) in /Users/aasimkhan/src/sqltoolsservice/test/Microsoft.SqlTools.ServiceLayer.Test.Common/SqlTestDb.cs:line 101
   at Microsoft.SqlTools.ServiceLayer.IntegrationTests.DisasterRecovery.RestoreDatabaseServiceTests.RestorePlanShouldCreatedSuccessfullyOnExistingDatabaseGivenReplaceOption() in /Users/aasimkhan/src/sqltoolsservice/test/Microsoft.SqlTools.ServiceLayer.IntegrationTests/DisasterRecovery/RestoreDatabaseServiceTests.cs:line 293
   at NUnit.Framework.Internal.TaskAwaitAdapter.GenericAdapter`1.GetResult()
   at NUnit.Framework.Internal.AsyncToSyncAdapter.Await(Func`1 invoke)
   at NUnit.Framework.Internal.Commands.TestMethodCommand.RunTestMethod(TestExecutionContext context)
   at NUnit.Framework.Internal.Commands.TestMethodCommand.Execute(TestExecutionContext context)
   at NUnit.Framework.Internal.Execution.SimpleWorkItem.&lt;&gt;c__DisplayClass4_0.&lt;PerformWork&gt;b__0()
   at NUnit.Framework.Internal.ContextUtils.&lt;&gt;c__DisplayClass1_0`1.&lt;DoIsolated&gt;b__0(Object _)

1)    at Microsoft.SqlTools.ServiceLayer.Test.Common.TestConnectionProfileService.GetInstance(String key) in /Users/aasimkhan/src/sqltoolsservice/test/Microsoft.SqlTools.ServiceLayer.Test.Common/TestConnectionProfileService.cs:line 59
   at Microsoft.SqlTools.ServiceLayer.Test.Common.TestConnectionProfileService.GetConnectionParameters(String key, String databaseName) in /Users/aasimkhan/src/sqltoolsservice/test/Microsoft.SqlTools.ServiceLayer.Test.Common/TestConnectionProfileService.cs:line 65
   at Microsoft.SqlTools.ServiceLayer.Test.Common.TestConnectionProfileService.GetConnectionParameters(TestServerType serverType, String databaseName) in /Users/aasimkhan/src/sqltoolsservice/test/Microsoft.SqlTools.ServiceLayer.Test.Common/TestConnectionProfileService.cs:line 75
   at Microsoft.SqlTools.ServiceLayer.Test.Common.TestServiceProvider.InitLiveConnectionInfo(TestServerType serverType, String databaseName, String scriptFilePath) in /Users/aasimkhan/src/sqltoolsservice/test/Microsoft.SqlTools.ServiceLayer.Test.Common/TestServiceProvider.cs:line 142
   at System.Runtime.CompilerServices.AsyncMethodBuilderCore.Start[TStateMachine](TStateMachine&amp; stateMachine)
   at Microsoft.SqlTools.ServiceLayer.Test.Common.TestServiceProvider.InitLiveConnectionInfo(TestServerType serverType, String databaseName, String scriptFilePath)
   at Microsoft.SqlTools.ServiceLayer.Test.Common.TestServiceProvider.RunQueryAsync(TestServerType serverType, String databaseName, String queryText, Boolean throwOnError) in /Users/aasimkhan/src/sqltoolsservice/test/Microsoft.SqlTools.ServiceLayer.Test.Common/TestServiceProvider.cs:line 110
   at System.Runtime.CompilerServices.AsyncMethodBuilderCore.Start[TStateMachine](TStateMachine&amp; stateMachine)
   at Microsoft.SqlTools.ServiceLayer.Test.Common.TestServiceProvider.RunQueryAsync(TestServerType serverType, String databaseName, String queryText, Boolean throwOnError)
   at Microsoft.SqlTools.ServiceLayer.Test.Common.SqlTestDb.CreateNewAsync(TestServerType serverType, Boolean doNotCleanupDb, String databaseName, String query, String dbNamePrefix) in /Users/aasimkhan/src/sqltoolsservice/test/Microsoft.SqlTools.ServiceLayer.Test.Common/SqlTestDb.cs:line 101
   at System.Runtime.CompilerServices.AsyncMethodBuilderCore.Start[TStateMachine](TStateMachine&amp; stateMachine)
   at Microsoft.SqlTools.ServiceLayer.Test.Common.SqlTestDb.CreateNewAsync(TestServerType serverType, Boolean doNotCleanupDb, String databaseName, String query, String dbNamePrefix)
   at Microsoft.SqlTools.ServiceLayer.IntegrationTests.DisasterRecovery.RestoreDatabaseServiceTests.RestorePlanShouldCreatedSuccessfullyOnExistingDatabaseGivenReplaceOption() in /Users/aasimkhan/src/sqltoolsservice/test/Microsoft.SqlTools.ServiceLayer.IntegrationTests/DisasterRecovery/RestoreDatabaseServiceTests.cs:line 293
   at System.Runtime.CompilerServices.AsyncMethodBuilderCore.Start[TStateMachine](TStateMachine&amp; stateMachine)
   at Microsoft.SqlTools.ServiceLayer.IntegrationTests.DisasterRecovery.RestoreDatabaseServiceTests.RestorePlanShouldCreatedSuccessfullyOnExistingDatabaseGivenReplaceOption()</failure>
    </testcase>
    <testcase classname="Microsoft.SqlTools.ServiceLayer.IntegrationTests.DisasterRecovery.RestoreDatabaseServiceTests" name="RestorePlanShouldFailOnExistingDatabaseNotGivenReplaceOption" time="0.0009570">
      <failure type="failure" message="  Cannot find any instance for version key: sqlOnPrem&#xA;  Expected: True&#xA;  But was:  False&#xA;">at Microsoft.SqlTools.ServiceLayer.Test.Common.TestConnectionProfileService.GetInstance(String key) in /Users/aasimkhan/src/sqltoolsservice/test/Microsoft.SqlTools.ServiceLayer.Test.Common/TestConnectionProfileService.cs:line 59
   at Microsoft.SqlTools.ServiceLayer.Test.Common.TestConnectionProfileService.GetConnectionParameters(String key, String databaseName) in /Users/aasimkhan/src/sqltoolsservice/test/Microsoft.SqlTools.ServiceLayer.Test.Common/TestConnectionProfileService.cs:line 65
   at Microsoft.SqlTools.ServiceLayer.Test.Common.TestConnectionProfileService.GetConnectionParameters(TestServerType serverType, String databaseName) in /Users/aasimkhan/src/sqltoolsservice/test/Microsoft.SqlTools.ServiceLayer.Test.Common/TestConnectionProfileService.cs:line 75
   at Microsoft.SqlTools.ServiceLayer.Test.Common.TestServiceProvider.InitLiveConnectionInfo(TestServerType serverType, String databaseName, String scriptFilePath) in /Users/aasimkhan/src/sqltoolsservice/test/Microsoft.SqlTools.ServiceLayer.Test.Common/TestServiceProvider.cs:line 142
   at Microsoft.SqlTools.ServiceLayer.Test.Common.TestServiceProvider.RunQueryAsync(TestServerType serverType, String databaseName, String queryText, Boolean throwOnError) in /Users/aasimkhan/src/sqltoolsservice/test/Microsoft.SqlTools.ServiceLayer.Test.Common/TestServiceProvider.cs:line 110
   at Microsoft.SqlTools.ServiceLayer.Test.Common.SqlTestDb.CreateNewAsync(TestServerType serverType, Boolean doNotCleanupDb, String databaseName, String query, String dbNamePrefix) in /Users/aasimkhan/src/sqltoolsservice/test/Microsoft.SqlTools.ServiceLayer.Test.Common/SqlTestDb.cs:line 101
   at Microsoft.SqlTools.ServiceLayer.IntegrationTests.DisasterRecovery.RestoreDatabaseServiceTests.RestorePlanShouldFailOnExistingDatabaseNotGivenReplaceOption() in /Users/aasimkhan/src/sqltoolsservice/test/Microsoft.SqlTools.ServiceLayer.IntegrationTests/DisasterRecovery/RestoreDatabaseServiceTests.cs:line 317
   at NUnit.Framework.Internal.TaskAwaitAdapter.GenericAdapter`1.GetResult()
   at NUnit.Framework.Internal.AsyncToSyncAdapter.Await(Func`1 invoke)
   at NUnit.Framework.Internal.Commands.TestMethodCommand.RunTestMethod(TestExecutionContext context)
   at NUnit.Framework.Internal.Commands.TestMethodCommand.Execute(TestExecutionContext context)
   at NUnit.Framework.Internal.Execution.SimpleWorkItem.&lt;&gt;c__DisplayClass4_0.&lt;PerformWork&gt;b__0()
   at NUnit.Framework.Internal.ContextUtils.&lt;&gt;c__DisplayClass1_0`1.&lt;DoIsolated&gt;b__0(Object _)

1)    at Microsoft.SqlTools.ServiceLayer.Test.Common.TestConnectionProfileService.GetInstance(String key) in /Users/aasimkhan/src/sqltoolsservice/test/Microsoft.SqlTools.ServiceLayer.Test.Common/TestConnectionProfileService.cs:line 59
   at Microsoft.SqlTools.ServiceLayer.Test.Common.TestConnectionProfileService.GetConnectionParameters(String key, String databaseName) in /Users/aasimkhan/src/sqltoolsservice/test/Microsoft.SqlTools.ServiceLayer.Test.Common/TestConnectionProfileService.cs:line 65
   at Microsoft.SqlTools.ServiceLayer.Test.Common.TestConnectionProfileService.GetConnectionParameters(TestServerType serverType, String databaseName) in /Users/aasimkhan/src/sqltoolsservice/test/Microsoft.SqlTools.ServiceLayer.Test.Common/TestConnectionProfileService.cs:line 75
   at Microsoft.SqlTools.ServiceLayer.Test.Common.TestServiceProvider.InitLiveConnectionInfo(TestServerType serverType, String databaseName, String scriptFilePath) in /Users/aasimkhan/src/sqltoolsservice/test/Microsoft.SqlTools.ServiceLayer.Test.Common/TestServiceProvider.cs:line 142
   at System.Runtime.CompilerServices.AsyncMethodBuilderCore.Start[TStateMachine](TStateMachine&amp; stateMachine)
   at Microsoft.SqlTools.ServiceLayer.Test.Common.TestServiceProvider.InitLiveConnectionInfo(TestServerType serverType, String databaseName, String scriptFilePath)
   at Microsoft.SqlTools.ServiceLayer.Test.Common.TestServiceProvider.RunQueryAsync(TestServerType serverType, String databaseName, String queryText, Boolean throwOnError) in /Users/aasimkhan/src/sqltoolsservice/test/Microsoft.SqlTools.ServiceLayer.Test.Common/TestServiceProvider.cs:line 110
   at System.Runtime.CompilerServices.AsyncMethodBuilderCore.Start[TStateMachine](TStateMachine&amp; stateMachine)
   at Microsoft.SqlTools.ServiceLayer.Test.Common.TestServiceProvider.RunQueryAsync(TestServerType serverType, String databaseName, String queryText, Boolean throwOnError)
   at Microsoft.SqlTools.ServiceLayer.Test.Common.SqlTestDb.CreateNewAsync(TestServerType serverType, Boolean doNotCleanupDb, String databaseName, String query, String dbNamePrefix) in /Users/aasimkhan/src/sqltoolsservice/test/Microsoft.SqlTools.ServiceLayer.Test.Common/SqlTestDb.cs:line 101
   at System.Runtime.CompilerServices.AsyncMethodBuilderCore.Start[TStateMachine](TStateMachine&amp; stateMachine)
   at Microsoft.SqlTools.ServiceLayer.Test.Common.SqlTestDb.CreateNewAsync(TestServerType serverType, Boolean doNotCleanupDb, String databaseName, String query, String dbNamePrefix)
   at Microsoft.SqlTools.ServiceLayer.IntegrationTests.DisasterRecovery.RestoreDatabaseServiceTests.RestorePlanShouldFailOnExistingDatabaseNotGivenReplaceOption() in /Users/aasimkhan/src/sqltoolsservice/test/Microsoft.SqlTools.ServiceLayer.IntegrationTests/DisasterRecovery/RestoreDatabaseServiceTests.cs:line 317
   at System.Runtime.CompilerServices.AsyncMethodBuilderCore.Start[TStateMachine](TStateMachine&amp; stateMachine)
   at Microsoft.SqlTools.ServiceLayer.IntegrationTests.DisasterRecovery.RestoreDatabaseServiceTests.RestorePlanShouldFailOnExistingDatabaseNotGivenReplaceOption()</failure>
    </testcase>
    <testcase classname="Microsoft.SqlTools.ServiceLayer.IntegrationTests.DisasterRecovery.RestoreDatabaseServiceTests" name="RestoreShouldCloseOtherConnectionsBeforeExecuting" time="0.0035320">
      <failure type="failure" message="  Cannot find any instance for version key: sqlOnPrem&#xA;  Expected: True&#xA;  But was:  False&#xA;">at Microsoft.SqlTools.ServiceLayer.Test.Common.TestConnectionProfileService.GetInstance(String key) in /Users/aasimkhan/src/sqltoolsservice/test/Microsoft.SqlTools.ServiceLayer.Test.Common/TestConnectionProfileService.cs:line 59
   at Microsoft.SqlTools.ServiceLayer.Test.Common.TestConnectionProfileService.GetConnectionParameters(String key, String databaseName) in /Users/aasimkhan/src/sqltoolsservice/test/Microsoft.SqlTools.ServiceLayer.Test.Common/TestConnectionProfileService.cs:line 65
   at Microsoft.SqlTools.ServiceLayer.Test.Common.TestConnectionProfileService.GetConnectionParameters(TestServerType serverType, String databaseName) in /Users/aasimkhan/src/sqltoolsservice/test/Microsoft.SqlTools.ServiceLayer.Test.Common/TestConnectionProfileService.cs:line 75
   at Microsoft.SqlTools.ServiceLayer.Test.Common.TestServiceProvider.InitLiveConnectionInfo(TestServerType serverType, String databaseName, String scriptFilePath) in /Users/aasimkhan/src/sqltoolsservice/test/Microsoft.SqlTools.ServiceLayer.Test.Common/TestServiceProvider.cs:line 142
   at Microsoft.SqlTools.ServiceLayer.Test.Common.TestServiceProvider.RunQueryAsync(TestServerType serverType, String databaseName, String queryText, Boolean throwOnError) in /Users/aasimkhan/src/sqltoolsservice/test/Microsoft.SqlTools.ServiceLayer.Test.Common/TestServiceProvider.cs:line 110
   at Microsoft.SqlTools.ServiceLayer.Test.Common.SqlTestDb.CreateNewAsync(TestServerType serverType, Boolean doNotCleanupDb, String databaseName, String query, String dbNamePrefix) in /Users/aasimkhan/src/sqltoolsservice/test/Microsoft.SqlTools.ServiceLayer.Test.Common/SqlTestDb.cs:line 101
   at Microsoft.SqlTools.ServiceLayer.IntegrationTests.DisasterRecovery.RestoreDatabaseServiceTests.CreateBackupSetsToRecoverDatabase() in /Users/aasimkhan/src/sqltoolsservice/test/Microsoft.SqlTools.ServiceLayer.IntegrationTests/DisasterRecovery/RestoreDatabaseServiceTests.cs:line 746
   at Microsoft.SqlTools.ServiceLayer.IntegrationTests.DisasterRecovery.RestoreDatabaseServiceTests.GetBackupFilesToRecoverDatabaseCreated() in /Users/aasimkhan/src/sqltoolsservice/test/Microsoft.SqlTools.ServiceLayer.IntegrationTests/DisasterRecovery/RestoreDatabaseServiceTests.cs:line 60
   at Microsoft.SqlTools.ServiceLayer.IntegrationTests.DisasterRecovery.RestoreDatabaseServiceTests.RestoreShouldCloseOtherConnectionsBeforeExecuting() in /Users/aasimkhan/src/sqltoolsservice/test/Microsoft.SqlTools.ServiceLayer.IntegrationTests/DisasterRecovery/RestoreDatabaseServiceTests.cs:line 175
   at NUnit.Framework.Internal.TaskAwaitAdapter.GenericAdapter`1.GetResult()
   at NUnit.Framework.Internal.AsyncToSyncAdapter.Await(Func`1 invoke)
   at NUnit.Framework.Internal.Commands.TestMethodCommand.RunTestMethod(TestExecutionContext context)
   at NUnit.Framework.Internal.Commands.TestMethodCommand.Execute(TestExecutionContext context)
   at NUnit.Framework.Internal.Execution.SimpleWorkItem.&lt;&gt;c__DisplayClass4_0.&lt;PerformWork&gt;b__0()
   at NUnit.Framework.Internal.ContextUtils.&lt;&gt;c__DisplayClass1_0`1.&lt;DoIsolated&gt;b__0(Object _)

1)    at Microsoft.SqlTools.ServiceLayer.Test.Common.TestConnectionProfileService.GetInstance(String key) in /Users/aasimkhan/src/sqltoolsservice/test/Microsoft.SqlTools.ServiceLayer.Test.Common/TestConnectionProfileService.cs:line 59
   at Microsoft.SqlTools.ServiceLayer.Test.Common.TestConnectionProfileService.GetConnectionParameters(String key, String databaseName) in /Users/aasimkhan/src/sqltoolsservice/test/Microsoft.SqlTools.ServiceLayer.Test.Common/TestConnectionProfileService.cs:line 65
   at Microsoft.SqlTools.ServiceLayer.Test.Common.TestConnectionProfileService.GetConnectionParameters(TestServerType serverType, String databaseName) in /Users/aasimkhan/src/sqltoolsservice/test/Microsoft.SqlTools.ServiceLayer.Test.Common/TestConnectionProfileService.cs:line 75
   at Microsoft.SqlTools.ServiceLayer.Test.Common.TestServiceProvider.InitLiveConnectionInfo(TestServerType serverType, String databaseName, String scriptFilePath) in /Users/aasimkhan/src/sqltoolsservice/test/Microsoft.SqlTools.ServiceLayer.Test.Common/TestServiceProvider.cs:line 142
   at System.Runtime.CompilerServices.AsyncMethodBuilderCore.Start[TStateMachine](TStateMachine&amp; stateMachine)
   at Microsoft.SqlTools.ServiceLayer.Test.Common.TestServiceProvider.InitLiveConnectionInfo(TestServerType serverType, String databaseName, String scriptFilePath)
   at Microsoft.SqlTools.ServiceLayer.Test.Common.TestServiceProvider.RunQueryAsync(TestServerType serverType, String databaseName, String queryText, Boolean throwOnError) in /Users/aasimkhan/src/sqltoolsservice/test/Microsoft.SqlTools.ServiceLayer.Test.Common/TestServiceProvider.cs:line 110
   at System.Runtime.CompilerServices.AsyncMethodBuilderCore.Start[TStateMachine](TStateMachine&amp; stateMachine)
   at Microsoft.SqlTools.ServiceLayer.Test.Common.TestServiceProvider.RunQueryAsync(TestServerType serverType, String databaseName, String queryText, Boolean throwOnError)
   at Microsoft.SqlTools.ServiceLayer.Test.Common.SqlTestDb.CreateNewAsync(TestServerType serverType, Boolean doNotCleanupDb, String databaseName, String query, String dbNamePrefix) in /Users/aasimkhan/src/sqltoolsservice/test/Microsoft.SqlTools.ServiceLayer.Test.Common/SqlTestDb.cs:line 101
   at System.Runtime.CompilerServices.AsyncMethodBuilderCore.Start[TStateMachine](TStateMachine&amp; stateMachine)
   at Microsoft.SqlTools.ServiceLayer.Test.Common.SqlTestDb.CreateNewAsync(TestServerType serverType, Boolean doNotCleanupDb, String databaseName, String query, String dbNamePrefix)
   at Microsoft.SqlTools.ServiceLayer.IntegrationTests.DisasterRecovery.RestoreDatabaseServiceTests.CreateBackupSetsToRecoverDatabase() in /Users/aasimkhan/src/sqltoolsservice/test/Microsoft.SqlTools.ServiceLayer.IntegrationTests/DisasterRecovery/RestoreDatabaseServiceTests.cs:line 746
   at System.Runtime.CompilerServices.AsyncMethodBuilderCore.Start[TStateMachine](TStateMachine&amp; stateMachine)
   at Microsoft.SqlTools.ServiceLayer.IntegrationTests.DisasterRecovery.RestoreDatabaseServiceTests.CreateBackupSetsToRecoverDatabase()
   at Microsoft.SqlTools.ServiceLayer.IntegrationTests.DisasterRecovery.RestoreDatabaseServiceTests.GetBackupFilesToRecoverDatabaseCreated() in /Users/aasimkhan/src/sqltoolsservice/test/Microsoft.SqlTools.ServiceLayer.IntegrationTests/DisasterRecovery/RestoreDatabaseServiceTests.cs:line 60
   at System.Runtime.CompilerServices.AsyncMethodBuilderCore.Start[TStateMachine](TStateMachine&amp; stateMachine)
   at Microsoft.SqlTools.ServiceLayer.IntegrationTests.DisasterRecovery.RestoreDatabaseServiceTests.GetBackupFilesToRecoverDatabaseCreated()
   at Microsoft.SqlTools.ServiceLayer.IntegrationTests.DisasterRecovery.RestoreDatabaseServiceTests.RestoreShouldCloseOtherConnectionsBeforeExecuting() in /Users/aasimkhan/src/sqltoolsservice/test/Microsoft.SqlTools.ServiceLayer.IntegrationTests/DisasterRecovery/RestoreDatabaseServiceTests.cs:line 175
   at System.Runtime.CompilerServices.AsyncMethodBuilderCore.Start[TStateMachine](TStateMachine&amp; stateMachine)
   at Microsoft.SqlTools.ServiceLayer.IntegrationTests.DisasterRecovery.RestoreDatabaseServiceTests.RestoreShouldCloseOtherConnectionsBeforeExecuting()</failure>
    </testcase>
    <testcase classname="Microsoft.SqlTools.ServiceLayer.IntegrationTests.DisasterRecovery.RestoreDatabaseServiceTests" name="RestoreShouldExecuteSuccessfullyForFullBackup" time="0.0014250">
      <failure type="failure" message="  Cannot find any instance for version key: sqlOnPrem&#xA;  Expected: True&#xA;  But was:  False&#xA;">at Microsoft.SqlTools.ServiceLayer.Test.Common.TestConnectionProfileService.GetInstance(String key) in /Users/aasimkhan/src/sqltoolsservice/test/Microsoft.SqlTools.ServiceLayer.Test.Common/TestConnectionProfileService.cs:line 59
   at Microsoft.SqlTools.ServiceLayer.Test.Common.TestConnectionProfileService.GetConnectionParameters(String key, String databaseName) in /Users/aasimkhan/src/sqltoolsservice/test/Microsoft.SqlTools.ServiceLayer.Test.Common/TestConnectionProfileService.cs:line 65
   at Microsoft.SqlTools.ServiceLayer.Test.Common.TestConnectionProfileService.GetConnectionParameters(TestServerType serverType, String databaseName) in /Users/aasimkhan/src/sqltoolsservice/test/Microsoft.SqlTools.ServiceLayer.Test.Common/TestConnectionProfileService.cs:line 75
   at Microsoft.SqlTools.ServiceLayer.Test.Common.TestServiceProvider.InitLiveConnectionInfo(TestServerType serverType, String databaseName, String scriptFilePath) in /Users/aasimkhan/src/sqltoolsservice/test/Microsoft.SqlTools.ServiceLayer.Test.Common/TestServiceProvider.cs:line 142
   at Microsoft.SqlTools.ServiceLayer.Test.Common.TestServiceProvider.RunQueryAsync(TestServerType serverType, String databaseName, String queryText, Boolean throwOnError) in /Users/aasimkhan/src/sqltoolsservice/test/Microsoft.SqlTools.ServiceLayer.Test.Common/TestServiceProvider.cs:line 110
   at Microsoft.SqlTools.ServiceLayer.Test.Common.SqlTestDb.CreateNewAsync(TestServerType serverType, Boolean doNotCleanupDb, String databaseName, String query, String dbNamePrefix) in /Users/aasimkhan/src/sqltoolsservice/test/Microsoft.SqlTools.ServiceLayer.Test.Common/SqlTestDb.cs:line 101
   at Microsoft.SqlTools.ServiceLayer.IntegrationTests.DisasterRecovery.RestoreDatabaseServiceTests.CreateBackupFile() in /Users/aasimkhan/src/sqltoolsservice/test/Microsoft.SqlTools.ServiceLayer.IntegrationTests/DisasterRecovery/RestoreDatabaseServiceTests.cs:line 803
   at Microsoft.SqlTools.ServiceLayer.IntegrationTests.DisasterRecovery.RestoreDatabaseServiceTests.VerifyBackupFileCreated() in /Users/aasimkhan/src/sqltoolsservice/test/Microsoft.SqlTools.ServiceLayer.IntegrationTests/DisasterRecovery/RestoreDatabaseServiceTests.cs:line 55
   at Microsoft.SqlTools.ServiceLayer.IntegrationTests.DisasterRecovery.RestoreDatabaseServiceTests.RestoreShouldExecuteSuccessfullyForFullBackup() in /Users/aasimkhan/src/sqltoolsservice/test/Microsoft.SqlTools.ServiceLayer.IntegrationTests/DisasterRecovery/RestoreDatabaseServiceTests.cs:line 378
   at NUnit.Framework.Internal.TaskAwaitAdapter.GenericAdapter`1.GetResult()
   at NUnit.Framework.Internal.AsyncToSyncAdapter.Await(Func`1 invoke)
   at NUnit.Framework.Internal.Commands.TestMethodCommand.RunTestMethod(TestExecutionContext context)
   at NUnit.Framework.Internal.Commands.TestMethodCommand.Execute(TestExecutionContext context)
   at NUnit.Framework.Internal.Execution.SimpleWorkItem.&lt;&gt;c__DisplayClass4_0.&lt;PerformWork&gt;b__0()
   at NUnit.Framework.Internal.ContextUtils.&lt;&gt;c__DisplayClass1_0`1.&lt;DoIsolated&gt;b__0(Object _)

1)    at Microsoft.SqlTools.ServiceLayer.Test.Common.TestConnectionProfileService.GetInstance(String key) in /Users/aasimkhan/src/sqltoolsservice/test/Microsoft.SqlTools.ServiceLayer.Test.Common/TestConnectionProfileService.cs:line 59
   at Microsoft.SqlTools.ServiceLayer.Test.Common.TestConnectionProfileService.GetConnectionParameters(String key, String databaseName) in /Users/aasimkhan/src/sqltoolsservice/test/Microsoft.SqlTools.ServiceLayer.Test.Common/TestConnectionProfileService.cs:line 65
   at Microsoft.SqlTools.ServiceLayer.Test.Common.TestConnectionProfileService.GetConnectionParameters(TestServerType serverType, String databaseName) in /Users/aasimkhan/src/sqltoolsservice/test/Microsoft.SqlTools.ServiceLayer.Test.Common/TestConnectionProfileService.cs:line 75
   at Microsoft.SqlTools.ServiceLayer.Test.Common.TestServiceProvider.InitLiveConnectionInfo(TestServerType serverType, String databaseName, String scriptFilePath) in /Users/aasimkhan/src/sqltoolsservice/test/Microsoft.SqlTools.ServiceLayer.Test.Common/TestServiceProvider.cs:line 142
   at System.Runtime.CompilerServices.AsyncMethodBuilderCore.Start[TStateMachine](TStateMachine&amp; stateMachine)
   at Microsoft.SqlTools.ServiceLayer.Test.Common.TestServiceProvider.InitLiveConnectionInfo(TestServerType serverType, String databaseName, String scriptFilePath)
   at Microsoft.SqlTools.ServiceLayer.Test.Common.TestServiceProvider.RunQueryAsync(TestServerType serverType, String databaseName, String queryText, Boolean throwOnError) in /Users/aasimkhan/src/sqltoolsservice/test/Microsoft.SqlTools.ServiceLayer.Test.Common/TestServiceProvider.cs:line 110
   at System.Runtime.CompilerServices.AsyncMethodBuilderCore.Start[TStateMachine](TStateMachine&amp; stateMachine)
   at Microsoft.SqlTools.ServiceLayer.Test.Common.TestServiceProvider.RunQueryAsync(TestServerType serverType, String databaseName, String queryText, Boolean throwOnError)
   at Microsoft.SqlTools.ServiceLayer.Test.Common.SqlTestDb.CreateNewAsync(TestServerType serverType, Boolean doNotCleanupDb, String databaseName, String query, String dbNamePrefix) in /Users/aasimkhan/src/sqltoolsservice/test/Microsoft.SqlTools.ServiceLayer.Test.Common/SqlTestDb.cs:line 101
   at System.Runtime.CompilerServices.AsyncMethodBuilderCore.Start[TStateMachine](TStateMachine&amp; stateMachine)
   at Microsoft.SqlTools.ServiceLayer.Test.Common.SqlTestDb.CreateNewAsync(TestServerType serverType, Boolean doNotCleanupDb, String databaseName, String query, String dbNamePrefix)
   at Microsoft.SqlTools.ServiceLayer.IntegrationTests.DisasterRecovery.RestoreDatabaseServiceTests.CreateBackupFile() in /Users/aasimkhan/src/sqltoolsservice/test/Microsoft.SqlTools.ServiceLayer.IntegrationTests/DisasterRecovery/RestoreDatabaseServiceTests.cs:line 803
   at System.Runtime.CompilerServices.AsyncMethodBuilderCore.Start[TStateMachine](TStateMachine&amp; stateMachine)
   at Microsoft.SqlTools.ServiceLayer.IntegrationTests.DisasterRecovery.RestoreDatabaseServiceTests.CreateBackupFile()
   at Microsoft.SqlTools.ServiceLayer.IntegrationTests.DisasterRecovery.RestoreDatabaseServiceTests.VerifyBackupFileCreated() in /Users/aasimkhan/src/sqltoolsservice/test/Microsoft.SqlTools.ServiceLayer.IntegrationTests/DisasterRecovery/RestoreDatabaseServiceTests.cs:line 55
   at System.Runtime.CompilerServices.AsyncMethodBuilderCore.Start[TStateMachine](TStateMachine&amp; stateMachine)
   at Microsoft.SqlTools.ServiceLayer.IntegrationTests.DisasterRecovery.RestoreDatabaseServiceTests.VerifyBackupFileCreated()
   at Microsoft.SqlTools.ServiceLayer.IntegrationTests.DisasterRecovery.RestoreDatabaseServiceTests.RestoreShouldExecuteSuccessfullyForFullBackup() in /Users/aasimkhan/src/sqltoolsservice/test/Microsoft.SqlTools.ServiceLayer.IntegrationTests/DisasterRecovery/RestoreDatabaseServiceTests.cs:line 378
   at System.Runtime.CompilerServices.AsyncMethodBuilderCore.Start[TStateMachine](TStateMachine&amp; stateMachine)
   at Microsoft.SqlTools.ServiceLayer.IntegrationTests.DisasterRecovery.RestoreDatabaseServiceTests.RestoreShouldExecuteSuccessfullyForFullBackup()</failure>
    </testcase>
    <testcase classname="Microsoft.SqlTools.ServiceLayer.IntegrationTests.DisasterRecovery.RestoreDatabaseServiceTests" name="RestoreShouldFailIfThereAreOtherConnectionsToDatabase" time="0.0016090">
      <failure type="failure" message="  Cannot find any instance for version key: sqlOnPrem&#xA;  Expected: True&#xA;  But was:  False&#xA;">at Microsoft.SqlTools.ServiceLayer.Test.Common.TestConnectionProfileService.GetInstance(String key) in /Users/aasimkhan/src/sqltoolsservice/test/Microsoft.SqlTools.ServiceLayer.Test.Common/TestConnectionProfileService.cs:line 59
   at Microsoft.SqlTools.ServiceLayer.Test.Common.TestConnectionProfileService.GetConnectionParameters(String key, String databaseName) in /Users/aasimkhan/src/sqltoolsservice/test/Microsoft.SqlTools.ServiceLayer.Test.Common/TestConnectionProfileService.cs:line 65
   at Microsoft.SqlTools.ServiceLayer.Test.Common.TestConnectionProfileService.GetConnectionParameters(TestServerType serverType, String databaseName) in /Users/aasimkhan/src/sqltoolsservice/test/Microsoft.SqlTools.ServiceLayer.Test.Common/TestConnectionProfileService.cs:line 75
   at Microsoft.SqlTools.ServiceLayer.Test.Common.TestServiceProvider.InitLiveConnectionInfo(TestServerType serverType, String databaseName, String scriptFilePath) in /Users/aasimkhan/src/sqltoolsservice/test/Microsoft.SqlTools.ServiceLayer.Test.Common/TestServiceProvider.cs:line 142
   at Microsoft.SqlTools.ServiceLayer.Test.Common.TestServiceProvider.RunQueryAsync(TestServerType serverType, String databaseName, String queryText, Boolean throwOnError) in /Users/aasimkhan/src/sqltoolsservice/test/Microsoft.SqlTools.ServiceLayer.Test.Common/TestServiceProvider.cs:line 110
   at Microsoft.SqlTools.ServiceLayer.Test.Common.SqlTestDb.CreateNewAsync(TestServerType serverType, Boolean doNotCleanupDb, String databaseName, String query, String dbNamePrefix) in /Users/aasimkhan/src/sqltoolsservice/test/Microsoft.SqlTools.ServiceLayer.Test.Common/SqlTestDb.cs:line 101
   at Microsoft.SqlTools.ServiceLayer.IntegrationTests.DisasterRecovery.RestoreDatabaseServiceTests.CreateBackupSetsToRecoverDatabase() in /Users/aasimkhan/src/sqltoolsservice/test/Microsoft.SqlTools.ServiceLayer.IntegrationTests/DisasterRecovery/RestoreDatabaseServiceTests.cs:line 746
   at Microsoft.SqlTools.ServiceLayer.IntegrationTests.DisasterRecovery.RestoreDatabaseServiceTests.GetBackupFilesToRecoverDatabaseCreated() in /Users/aasimkhan/src/sqltoolsservice/test/Microsoft.SqlTools.ServiceLayer.IntegrationTests/DisasterRecovery/RestoreDatabaseServiceTests.cs:line 60
   at Microsoft.SqlTools.ServiceLayer.IntegrationTests.DisasterRecovery.RestoreDatabaseServiceTests.RestoreShouldFailIfThereAreOtherConnectionsToDatabase() in /Users/aasimkhan/src/sqltoolsservice/test/Microsoft.SqlTools.ServiceLayer.IntegrationTests/DisasterRecovery/RestoreDatabaseServiceTests.cs:line 108
   at NUnit.Framework.Internal.TaskAwaitAdapter.GenericAdapter`1.GetResult()
   at NUnit.Framework.Internal.AsyncToSyncAdapter.Await(Func`1 invoke)
   at NUnit.Framework.Internal.Commands.TestMethodCommand.RunTestMethod(TestExecutionContext context)
   at NUnit.Framework.Internal.Commands.TestMethodCommand.Execute(TestExecutionContext context)
   at NUnit.Framework.Internal.Execution.SimpleWorkItem.&lt;&gt;c__DisplayClass4_0.&lt;PerformWork&gt;b__0()
   at NUnit.Framework.Internal.ContextUtils.&lt;&gt;c__DisplayClass1_0`1.&lt;DoIsolated&gt;b__0(Object _)

1)    at Microsoft.SqlTools.ServiceLayer.Test.Common.TestConnectionProfileService.GetInstance(String key) in /Users/aasimkhan/src/sqltoolsservice/test/Microsoft.SqlTools.ServiceLayer.Test.Common/TestConnectionProfileService.cs:line 59
   at Microsoft.SqlTools.ServiceLayer.Test.Common.TestConnectionProfileService.GetConnectionParameters(String key, String databaseName) in /Users/aasimkhan/src/sqltoolsservice/test/Microsoft.SqlTools.ServiceLayer.Test.Common/TestConnectionProfileService.cs:line 65
   at Microsoft.SqlTools.ServiceLayer.Test.Common.TestConnectionProfileService.GetConnectionParameters(TestServerType serverType, String databaseName) in /Users/aasimkhan/src/sqltoolsservice/test/Microsoft.SqlTools.ServiceLayer.Test.Common/TestConnectionProfileService.cs:line 75
   at Microsoft.SqlTools.ServiceLayer.Test.Common.TestServiceProvider.InitLiveConnectionInfo(TestServerType serverType, String databaseName, String scriptFilePath) in /Users/aasimkhan/src/sqltoolsservice/test/Microsoft.SqlTools.ServiceLayer.Test.Common/TestServiceProvider.cs:line 142
   at System.Runtime.CompilerServices.AsyncMethodBuilderCore.Start[TStateMachine](TStateMachine&amp; stateMachine)
   at Microsoft.SqlTools.ServiceLayer.Test.Common.TestServiceProvider.InitLiveConnectionInfo(TestServerType serverType, String databaseName, String scriptFilePath)
   at Microsoft.SqlTools.ServiceLayer.Test.Common.TestServiceProvider.RunQueryAsync(TestServerType serverType, String databaseName, String queryText, Boolean throwOnError) in /Users/aasimkhan/src/sqltoolsservice/test/Microsoft.SqlTools.ServiceLayer.Test.Common/TestServiceProvider.cs:line 110
   at System.Runtime.CompilerServices.AsyncMethodBuilderCore.Start[TStateMachine](TStateMachine&amp; stateMachine)
   at Microsoft.SqlTools.ServiceLayer.Test.Common.TestServiceProvider.RunQueryAsync(TestServerType serverType, String databaseName, String queryText, Boolean throwOnError)
   at Microsoft.SqlTools.ServiceLayer.Test.Common.SqlTestDb.CreateNewAsync(TestServerType serverType, Boolean doNotCleanupDb, String databaseName, String query, String dbNamePrefix) in /Users/aasimkhan/src/sqltoolsservice/test/Microsoft.SqlTools.ServiceLayer.Test.Common/SqlTestDb.cs:line 101
   at System.Runtime.CompilerServices.AsyncMethodBuilderCore.Start[TStateMachine](TStateMachine&amp; stateMachine)
   at Microsoft.SqlTools.ServiceLayer.Test.Common.SqlTestDb.CreateNewAsync(TestServerType serverType, Boolean doNotCleanupDb, String databaseName, String query, String dbNamePrefix)
   at Microsoft.SqlTools.ServiceLayer.IntegrationTests.DisasterRecovery.RestoreDatabaseServiceTests.CreateBackupSetsToRecoverDatabase() in /Users/aasimkhan/src/sqltoolsservice/test/Microsoft.SqlTools.ServiceLayer.IntegrationTests/DisasterRecovery/RestoreDatabaseServiceTests.cs:line 746
   at System.Runtime.CompilerServices.AsyncMethodBuilderCore.Start[TStateMachine](TStateMachine&amp; stateMachine)
   at Microsoft.SqlTools.ServiceLayer.IntegrationTests.DisasterRecovery.RestoreDatabaseServiceTests.CreateBackupSetsToRecoverDatabase()
   at Microsoft.SqlTools.ServiceLayer.IntegrationTests.DisasterRecovery.RestoreDatabaseServiceTests.GetBackupFilesToRecoverDatabaseCreated() in /Users/aasimkhan/src/sqltoolsservice/test/Microsoft.SqlTools.ServiceLayer.IntegrationTests/DisasterRecovery/RestoreDatabaseServiceTests.cs:line 60
   at System.Runtime.CompilerServices.AsyncMethodBuilderCore.Start[TStateMachine](TStateMachine&amp; stateMachine)
   at Microsoft.SqlTools.ServiceLayer.IntegrationTests.DisasterRecovery.RestoreDatabaseServiceTests.GetBackupFilesToRecoverDatabaseCreated()
   at Microsoft.SqlTools.ServiceLayer.IntegrationTests.DisasterRecovery.RestoreDatabaseServiceTests.RestoreShouldFailIfThereAreOtherConnectionsToDatabase() in /Users/aasimkhan/src/sqltoolsservice/test/Microsoft.SqlTools.ServiceLayer.IntegrationTests/DisasterRecovery/RestoreDatabaseServiceTests.cs:line 108
   at System.Runtime.CompilerServices.AsyncMethodBuilderCore.Start[TStateMachine](TStateMachine&amp; stateMachine)
   at Microsoft.SqlTools.ServiceLayer.IntegrationTests.DisasterRecovery.RestoreDatabaseServiceTests.RestoreShouldFailIfThereAreOtherConnectionsToDatabase()</failure>
    </testcase>
    <testcase classname="Microsoft.SqlTools.ServiceLayer.IntegrationTests.DisasterRecovery.RestoreDatabaseServiceTests" name="RestoreShouldFailIfThereAreOtherConnectionsToDatabase2" time="0.0033770">
      <failure type="failure" message="  Cannot find any instance for version key: sqlOnPrem&#xA;  Expected: True&#xA;  But was:  False&#xA;">at Microsoft.SqlTools.ServiceLayer.Test.Common.TestConnectionProfileService.GetInstance(String key) in /Users/aasimkhan/src/sqltoolsservice/test/Microsoft.SqlTools.ServiceLayer.Test.Common/TestConnectionProfileService.cs:line 59
   at Microsoft.SqlTools.ServiceLayer.Test.Common.TestConnectionProfileService.GetConnectionParameters(String key, String databaseName) in /Users/aasimkhan/src/sqltoolsservice/test/Microsoft.SqlTools.ServiceLayer.Test.Common/TestConnectionProfileService.cs:line 65
   at Microsoft.SqlTools.ServiceLayer.Test.Common.TestConnectionProfileService.GetConnectionParameters(TestServerType serverType, String databaseName) in /Users/aasimkhan/src/sqltoolsservice/test/Microsoft.SqlTools.ServiceLayer.Test.Common/TestConnectionProfileService.cs:line 75
   at Microsoft.SqlTools.ServiceLayer.Test.Common.TestServiceProvider.InitLiveConnectionInfo(TestServerType serverType, String databaseName, String scriptFilePath) in /Users/aasimkhan/src/sqltoolsservice/test/Microsoft.SqlTools.ServiceLayer.Test.Common/TestServiceProvider.cs:line 142
   at Microsoft.SqlTools.ServiceLayer.Test.Common.TestServiceProvider.RunQueryAsync(TestServerType serverType, String databaseName, String queryText, Boolean throwOnError) in /Users/aasimkhan/src/sqltoolsservice/test/Microsoft.SqlTools.ServiceLayer.Test.Common/TestServiceProvider.cs:line 110
   at Microsoft.SqlTools.ServiceLayer.Test.Common.SqlTestDb.CreateNewAsync(TestServerType serverType, Boolean doNotCleanupDb, String databaseName, String query, String dbNamePrefix) in /Users/aasimkhan/src/sqltoolsservice/test/Microsoft.SqlTools.ServiceLayer.Test.Common/SqlTestDb.cs:line 101
   at Microsoft.SqlTools.ServiceLayer.IntegrationTests.DisasterRecovery.RestoreDatabaseServiceTests.CreateBackupSetsToRecoverDatabase() in /Users/aasimkhan/src/sqltoolsservice/test/Microsoft.SqlTools.ServiceLayer.IntegrationTests/DisasterRecovery/RestoreDatabaseServiceTests.cs:line 746
   at Microsoft.SqlTools.ServiceLayer.IntegrationTests.DisasterRecovery.RestoreDatabaseServiceTests.GetBackupFilesToRecoverDatabaseCreated() in /Users/aasimkhan/src/sqltoolsservice/test/Microsoft.SqlTools.ServiceLayer.IntegrationTests/DisasterRecovery/RestoreDatabaseServiceTests.cs:line 60
   at Microsoft.SqlTools.ServiceLayer.IntegrationTests.DisasterRecovery.RestoreDatabaseServiceTests.RestoreShouldFailIfThereAreOtherConnectionsToDatabase2() in /Users/aasimkhan/src/sqltoolsservice/test/Microsoft.SqlTools.ServiceLayer.IntegrationTests/DisasterRecovery/RestoreDatabaseServiceTests.cs:line 140
   at NUnit.Framework.Internal.TaskAwaitAdapter.GenericAdapter`1.GetResult()
   at NUnit.Framework.Internal.AsyncToSyncAdapter.Await(Func`1 invoke)
   at NUnit.Framework.Internal.Commands.TestMethodCommand.RunTestMethod(TestExecutionContext context)
   at NUnit.Framework.Internal.Commands.TestMethodCommand.Execute(TestExecutionContext context)
   at NUnit.Framework.Internal.Execution.SimpleWorkItem.&lt;&gt;c__DisplayClass4_0.&lt;PerformWork&gt;b__0()
   at NUnit.Framework.Internal.ContextUtils.&lt;&gt;c__DisplayClass1_0`1.&lt;DoIsolated&gt;b__0(Object _)

1)    at Microsoft.SqlTools.ServiceLayer.Test.Common.TestConnectionProfileService.GetInstance(String key) in /Users/aasimkhan/src/sqltoolsservice/test/Microsoft.SqlTools.ServiceLayer.Test.Common/TestConnectionProfileService.cs:line 59
   at Microsoft.SqlTools.ServiceLayer.Test.Common.TestConnectionProfileService.GetConnectionParameters(String key, String databaseName) in /Users/aasimkhan/src/sqltoolsservice/test/Microsoft.SqlTools.ServiceLayer.Test.Common/TestConnectionProfileService.cs:line 65
   at Microsoft.SqlTools.ServiceLayer.Test.Common.TestConnectionProfileService.GetConnectionParameters(TestServerType serverType, String databaseName) in /Users/aasimkhan/src/sqltoolsservice/test/Microsoft.SqlTools.ServiceLayer.Test.Common/TestConnectionProfileService.cs:line 75
   at Microsoft.SqlTools.ServiceLayer.Test.Common.TestServiceProvider.InitLiveConnectionInfo(TestServerType serverType, String databaseName, String scriptFilePath) in /Users/aasimkhan/src/sqltoolsservice/test/Microsoft.SqlTools.ServiceLayer.Test.Common/TestServiceProvider.cs:line 142
   at System.Runtime.CompilerServices.AsyncMethodBuilderCore.Start[TStateMachine](TStateMachine&amp; stateMachine)
   at Microsoft.SqlTools.ServiceLayer.Test.Common.TestServiceProvider.InitLiveConnectionInfo(TestServerType serverType, String databaseName, String scriptFilePath)
   at Microsoft.SqlTools.ServiceLayer.Test.Common.TestServiceProvider.RunQueryAsync(TestServerType serverType, String databaseName, String queryText, Boolean throwOnError) in /Users/aasimkhan/src/sqltoolsservice/test/Microsoft.SqlTools.ServiceLayer.Test.Common/TestServiceProvider.cs:line 110
   at System.Runtime.CompilerServices.AsyncMethodBuilderCore.Start[TStateMachine](TStateMachine&amp; stateMachine)
   at Microsoft.SqlTools.ServiceLayer.Test.Common.TestServiceProvider.RunQueryAsync(TestServerType serverType, String databaseName, String queryText, Boolean throwOnError)
   at Microsoft.SqlTools.ServiceLayer.Test.Common.SqlTestDb.CreateNewAsync(TestServerType serverType, Boolean doNotCleanupDb, String databaseName, String query, String dbNamePrefix) in /Users/aasimkhan/src/sqltoolsservice/test/Microsoft.SqlTools.ServiceLayer.Test.Common/SqlTestDb.cs:line 101
   at System.Runtime.CompilerServices.AsyncMethodBuilderCore.Start[TStateMachine](TStateMachine&amp; stateMachine)
   at Microsoft.SqlTools.ServiceLayer.Test.Common.SqlTestDb.CreateNewAsync(TestServerType serverType, Boolean doNotCleanupDb, String databaseName, String query, String dbNamePrefix)
   at Microsoft.SqlTools.ServiceLayer.IntegrationTests.DisasterRecovery.RestoreDatabaseServiceTests.CreateBackupSetsToRecoverDatabase() in /Users/aasimkhan/src/sqltoolsservice/test/Microsoft.SqlTools.ServiceLayer.IntegrationTests/DisasterRecovery/RestoreDatabaseServiceTests.cs:line 746
   at System.Runtime.CompilerServices.AsyncMethodBuilderCore.Start[TStateMachine](TStateMachine&amp; stateMachine)
   at Microsoft.SqlTools.ServiceLayer.IntegrationTests.DisasterRecovery.RestoreDatabaseServiceTests.CreateBackupSetsToRecoverDatabase()
   at Microsoft.SqlTools.ServiceLayer.IntegrationTests.DisasterRecovery.RestoreDatabaseServiceTests.GetBackupFilesToRecoverDatabaseCreated() in /Users/aasimkhan/src/sqltoolsservice/test/Microsoft.SqlTools.ServiceLayer.IntegrationTests/DisasterRecovery/RestoreDatabaseServiceTests.cs:line 60
   at System.Runtime.CompilerServices.AsyncMethodBuilderCore.Start[TStateMachine](TStateMachine&amp; stateMachine)
   at Microsoft.SqlTools.ServiceLayer.IntegrationTests.DisasterRecovery.RestoreDatabaseServiceTests.GetBackupFilesToRecoverDatabaseCreated()
   at Microsoft.SqlTools.ServiceLayer.IntegrationTests.DisasterRecovery.RestoreDatabaseServiceTests.RestoreShouldFailIfThereAreOtherConnectionsToDatabase2() in /Users/aasimkhan/src/sqltoolsservice/test/Microsoft.SqlTools.ServiceLayer.IntegrationTests/DisasterRecovery/RestoreDatabaseServiceTests.cs:line 140
   at System.Runtime.CompilerServices.AsyncMethodBuilderCore.Start[TStateMachine](TStateMachine&amp; stateMachine)
   at Microsoft.SqlTools.ServiceLayer.IntegrationTests.DisasterRecovery.RestoreDatabaseServiceTests.RestoreShouldFailIfThereAreOtherConnectionsToDatabase2()</failure>
    </testcase>
    <testcase classname="Microsoft.SqlTools.ServiceLayer.IntegrationTests.DisasterRecovery.RestoreDatabaseServiceTests" name="RestoreShouldNotRestoreAnyBackupSetsIfFullNotSelected" time="0.0022180">
      <failure type="failure" message="  Cannot find any instance for version key: sqlOnPrem&#xA;  Expected: True&#xA;  But was:  False&#xA;">at Microsoft.SqlTools.ServiceLayer.Test.Common.TestConnectionProfileService.GetInstance(String key) in /Users/aasimkhan/src/sqltoolsservice/test/Microsoft.SqlTools.ServiceLayer.Test.Common/TestConnectionProfileService.cs:line 59
   at Microsoft.SqlTools.ServiceLayer.Test.Common.TestConnectionProfileService.GetConnectionParameters(String key, String databaseName) in /Users/aasimkhan/src/sqltoolsservice/test/Microsoft.SqlTools.ServiceLayer.Test.Common/TestConnectionProfileService.cs:line 65
   at Microsoft.SqlTools.ServiceLayer.Test.Common.TestConnectionProfileService.GetConnectionParameters(TestServerType serverType, String databaseName) in /Users/aasimkhan/src/sqltoolsservice/test/Microsoft.SqlTools.ServiceLayer.Test.Common/TestConnectionProfileService.cs:line 75
   at Microsoft.SqlTools.ServiceLayer.Test.Common.TestServiceProvider.InitLiveConnectionInfo(TestServerType serverType, String databaseName, String scriptFilePath) in /Users/aasimkhan/src/sqltoolsservice/test/Microsoft.SqlTools.ServiceLayer.Test.Common/TestServiceProvider.cs:line 142
   at Microsoft.SqlTools.ServiceLayer.Test.Common.TestServiceProvider.RunQueryAsync(TestServerType serverType, String databaseName, String queryText, Boolean throwOnError) in /Users/aasimkhan/src/sqltoolsservice/test/Microsoft.SqlTools.ServiceLayer.Test.Common/TestServiceProvider.cs:line 110
   at Microsoft.SqlTools.ServiceLayer.Test.Common.SqlTestDb.CreateNewAsync(TestServerType serverType, Boolean doNotCleanupDb, String databaseName, String query, String dbNamePrefix) in /Users/aasimkhan/src/sqltoolsservice/test/Microsoft.SqlTools.ServiceLayer.Test.Common/SqlTestDb.cs:line 101
   at Microsoft.SqlTools.ServiceLayer.IntegrationTests.DisasterRecovery.RestoreDatabaseServiceTests.CreateBackupSetsToRecoverDatabase() in /Users/aasimkhan/src/sqltoolsservice/test/Microsoft.SqlTools.ServiceLayer.IntegrationTests/DisasterRecovery/RestoreDatabaseServiceTests.cs:line 746
   at Microsoft.SqlTools.ServiceLayer.IntegrationTests.DisasterRecovery.RestoreDatabaseServiceTests.GetBackupFilesToRecoverDatabaseCreated() in /Users/aasimkhan/src/sqltoolsservice/test/Microsoft.SqlTools.ServiceLayer.IntegrationTests/DisasterRecovery/RestoreDatabaseServiceTests.cs:line 60
   at Microsoft.SqlTools.ServiceLayer.IntegrationTests.DisasterRecovery.RestoreDatabaseServiceTests.RestoreShouldNotRestoreAnyBackupSetsIfFullNotSelected() in /Users/aasimkhan/src/sqltoolsservice/test/Microsoft.SqlTools.ServiceLayer.IntegrationTests/DisasterRecovery/RestoreDatabaseServiceTests.cs:line 75
   at NUnit.Framework.Internal.TaskAwaitAdapter.GenericAdapter`1.GetResult()
   at NUnit.Framework.Internal.AsyncToSyncAdapter.Await(Func`1 invoke)
   at NUnit.Framework.Internal.Commands.TestMethodCommand.RunTestMethod(TestExecutionContext context)
   at NUnit.Framework.Internal.Commands.TestMethodCommand.Execute(TestExecutionContext context)
   at NUnit.Framework.Internal.Execution.SimpleWorkItem.&lt;&gt;c__DisplayClass4_0.&lt;PerformWork&gt;b__0()
   at NUnit.Framework.Internal.ContextUtils.&lt;&gt;c__DisplayClass1_0`1.&lt;DoIsolated&gt;b__0(Object _)

1)    at Microsoft.SqlTools.ServiceLayer.Test.Common.TestConnectionProfileService.GetInstance(String key) in /Users/aasimkhan/src/sqltoolsservice/test/Microsoft.SqlTools.ServiceLayer.Test.Common/TestConnectionProfileService.cs:line 59
   at Microsoft.SqlTools.ServiceLayer.Test.Common.TestConnectionProfileService.GetConnectionParameters(String key, String databaseName) in /Users/aasimkhan/src/sqltoolsservice/test/Microsoft.SqlTools.ServiceLayer.Test.Common/TestConnectionProfileService.cs:line 65
   at Microsoft.SqlTools.ServiceLayer.Test.Common.TestConnectionProfileService.GetConnectionParameters(TestServerType serverType, String databaseName) in /Users/aasimkhan/src/sqltoolsservice/test/Microsoft.SqlTools.ServiceLayer.Test.Common/TestConnectionProfileService.cs:line 75
   at Microsoft.SqlTools.ServiceLayer.Test.Common.TestServiceProvider.InitLiveConnectionInfo(TestServerType serverType, String databaseName, String scriptFilePath) in /Users/aasimkhan/src/sqltoolsservice/test/Microsoft.SqlTools.ServiceLayer.Test.Common/TestServiceProvider.cs:line 142
   at System.Runtime.CompilerServices.AsyncMethodBuilderCore.Start[TStateMachine](TStateMachine&amp; stateMachine)
   at Microsoft.SqlTools.ServiceLayer.Test.Common.TestServiceProvider.InitLiveConnectionInfo(TestServerType serverType, String databaseName, String scriptFilePath)
   at Microsoft.SqlTools.ServiceLayer.Test.Common.TestServiceProvider.RunQueryAsync(TestServerType serverType, String databaseName, String queryText, Boolean throwOnError) in /Users/aasimkhan/src/sqltoolsservice/test/Microsoft.SqlTools.ServiceLayer.Test.Common/TestServiceProvider.cs:line 110
   at System.Runtime.CompilerServices.AsyncMethodBuilderCore.Start[TStateMachine](TStateMachine&amp; stateMachine)
   at Microsoft.SqlTools.ServiceLayer.Test.Common.TestServiceProvider.RunQueryAsync(TestServerType serverType, String databaseName, String queryText, Boolean throwOnError)
   at Microsoft.SqlTools.ServiceLayer.Test.Common.SqlTestDb.CreateNewAsync(TestServerType serverType, Boolean doNotCleanupDb, String databaseName, String query, String dbNamePrefix) in /Users/aasimkhan/src/sqltoolsservice/test/Microsoft.SqlTools.ServiceLayer.Test.Common/SqlTestDb.cs:line 101
   at System.Runtime.CompilerServices.AsyncMethodBuilderCore.Start[TStateMachine](TStateMachine&amp; stateMachine)
   at Microsoft.SqlTools.ServiceLayer.Test.Common.SqlTestDb.CreateNewAsync(TestServerType serverType, Boolean doNotCleanupDb, String databaseName, String query, String dbNamePrefix)
   at Microsoft.SqlTools.ServiceLayer.IntegrationTests.DisasterRecovery.RestoreDatabaseServiceTests.CreateBackupSetsToRecoverDatabase() in /Users/aasimkhan/src/sqltoolsservice/test/Microsoft.SqlTools.ServiceLayer.IntegrationTests/DisasterRecovery/RestoreDatabaseServiceTests.cs:line 746
   at System.Runtime.CompilerServices.AsyncMethodBuilderCore.Start[TStateMachine](TStateMachine&amp; stateMachine)
   at Microsoft.SqlTools.ServiceLayer.IntegrationTests.DisasterRecovery.RestoreDatabaseServiceTests.CreateBackupSetsToRecoverDatabase()
   at Microsoft.SqlTools.ServiceLayer.IntegrationTests.DisasterRecovery.RestoreDatabaseServiceTests.GetBackupFilesToRecoverDatabaseCreated() in /Users/aasimkhan/src/sqltoolsservice/test/Microsoft.SqlTools.ServiceLayer.IntegrationTests/DisasterRecovery/RestoreDatabaseServiceTests.cs:line 60
   at System.Runtime.CompilerServices.AsyncMethodBuilderCore.Start[TStateMachine](TStateMachine&amp; stateMachine)
   at Microsoft.SqlTools.ServiceLayer.IntegrationTests.DisasterRecovery.RestoreDatabaseServiceTests.GetBackupFilesToRecoverDatabaseCreated()
   at Microsoft.SqlTools.ServiceLayer.IntegrationTests.DisasterRecovery.RestoreDatabaseServiceTests.RestoreShouldNotRestoreAnyBackupSetsIfFullNotSelected() in /Users/aasimkhan/src/sqltoolsservice/test/Microsoft.SqlTools.ServiceLayer.IntegrationTests/DisasterRecovery/RestoreDatabaseServiceTests.cs:line 75
   at System.Runtime.CompilerServices.AsyncMethodBuilderCore.Start[TStateMachine](TStateMachine&amp; stateMachine)
   at Microsoft.SqlTools.ServiceLayer.IntegrationTests.DisasterRecovery.RestoreDatabaseServiceTests.RestoreShouldNotRestoreAnyBackupSetsIfFullNotSelected()</failure>
    </testcase>
    <testcase classname="Microsoft.SqlTools.ServiceLayer.IntegrationTests.DisasterRecovery.RestoreDatabaseServiceTests" name="RestoreShouldNotRestoreTheLogBackupSetsIfOneNotSelected" time="0.0015200">
      <failure type="failure" message="  Cannot find any instance for version key: sqlOnPrem&#xA;  Expected: True&#xA;  But was:  False&#xA;">at Microsoft.SqlTools.ServiceLayer.Test.Common.TestConnectionProfileService.GetInstance(String key) in /Users/aasimkhan/src/sqltoolsservice/test/Microsoft.SqlTools.ServiceLayer.Test.Common/TestConnectionProfileService.cs:line 59
   at Microsoft.SqlTools.ServiceLayer.Test.Common.TestConnectionProfileService.GetConnectionParameters(String key, String databaseName) in /Users/aasimkhan/src/sqltoolsservice/test/Microsoft.SqlTools.ServiceLayer.Test.Common/TestConnectionProfileService.cs:line 65
   at Microsoft.SqlTools.ServiceLayer.Test.Common.TestConnectionProfileService.GetConnectionParameters(TestServerType serverType, String databaseName) in /Users/aasimkhan/src/sqltoolsservice/test/Microsoft.SqlTools.ServiceLayer.Test.Common/TestConnectionProfileService.cs:line 75
   at Microsoft.SqlTools.ServiceLayer.Test.Common.TestServiceProvider.InitLiveConnectionInfo(TestServerType serverType, String databaseName, String scriptFilePath) in /Users/aasimkhan/src/sqltoolsservice/test/Microsoft.SqlTools.ServiceLayer.Test.Common/TestServiceProvider.cs:line 142
   at Microsoft.SqlTools.ServiceLayer.Test.Common.TestServiceProvider.RunQueryAsync(TestServerType serverType, String databaseName, String queryText, Boolean throwOnError) in /Users/aasimkhan/src/sqltoolsservice/test/Microsoft.SqlTools.ServiceLayer.Test.Common/TestServiceProvider.cs:line 110
   at Microsoft.SqlTools.ServiceLayer.Test.Common.SqlTestDb.CreateNewAsync(TestServerType serverType, Boolean doNotCleanupDb, String databaseName, String query, String dbNamePrefix) in /Users/aasimkhan/src/sqltoolsservice/test/Microsoft.SqlTools.ServiceLayer.Test.Common/SqlTestDb.cs:line 101
   at Microsoft.SqlTools.ServiceLayer.IntegrationTests.DisasterRecovery.RestoreDatabaseServiceTests.CreateBackupSetsToRecoverDatabase() in /Users/aasimkhan/src/sqltoolsservice/test/Microsoft.SqlTools.ServiceLayer.IntegrationTests/DisasterRecovery/RestoreDatabaseServiceTests.cs:line 746
   at Microsoft.SqlTools.ServiceLayer.IntegrationTests.DisasterRecovery.RestoreDatabaseServiceTests.GetBackupFilesToRecoverDatabaseCreated() in /Users/aasimkhan/src/sqltoolsservice/test/Microsoft.SqlTools.ServiceLayer.IntegrationTests/DisasterRecovery/RestoreDatabaseServiceTests.cs:line 60
   at Microsoft.SqlTools.ServiceLayer.IntegrationTests.DisasterRecovery.RestoreDatabaseServiceTests.RestoreShouldNotRestoreTheLogBackupSetsIfOneNotSelected() in /Users/aasimkhan/src/sqltoolsservice/test/Microsoft.SqlTools.ServiceLayer.IntegrationTests/DisasterRecovery/RestoreDatabaseServiceTests.cs:line 227
   at NUnit.Framework.Internal.TaskAwaitAdapter.GenericAdapter`1.GetResult()
   at NUnit.Framework.Internal.AsyncToSyncAdapter.Await(Func`1 invoke)
   at NUnit.Framework.Internal.Commands.TestMethodCommand.RunTestMethod(TestExecutionContext context)
   at NUnit.Framework.Internal.Commands.TestMethodCommand.Execute(TestExecutionContext context)
   at NUnit.Framework.Internal.Execution.SimpleWorkItem.&lt;&gt;c__DisplayClass4_0.&lt;PerformWork&gt;b__0()
   at NUnit.Framework.Internal.ContextUtils.&lt;&gt;c__DisplayClass1_0`1.&lt;DoIsolated&gt;b__0(Object _)

1)    at Microsoft.SqlTools.ServiceLayer.Test.Common.TestConnectionProfileService.GetInstance(String key) in /Users/aasimkhan/src/sqltoolsservice/test/Microsoft.SqlTools.ServiceLayer.Test.Common/TestConnectionProfileService.cs:line 59
   at Microsoft.SqlTools.ServiceLayer.Test.Common.TestConnectionProfileService.GetConnectionParameters(String key, String databaseName) in /Users/aasimkhan/src/sqltoolsservice/test/Microsoft.SqlTools.ServiceLayer.Test.Common/TestConnectionProfileService.cs:line 65
   at Microsoft.SqlTools.ServiceLayer.Test.Common.TestConnectionProfileService.GetConnectionParameters(TestServerType serverType, String databaseName) in /Users/aasimkhan/src/sqltoolsservice/test/Microsoft.SqlTools.ServiceLayer.Test.Common/TestConnectionProfileService.cs:line 75
   at Microsoft.SqlTools.ServiceLayer.Test.Common.TestServiceProvider.InitLiveConnectionInfo(TestServerType serverType, String databaseName, String scriptFilePath) in /Users/aasimkhan/src/sqltoolsservice/test/Microsoft.SqlTools.ServiceLayer.Test.Common/TestServiceProvider.cs:line 142
   at System.Runtime.CompilerServices.AsyncMethodBuilderCore.Start[TStateMachine](TStateMachine&amp; stateMachine)
   at Microsoft.SqlTools.ServiceLayer.Test.Common.TestServiceProvider.InitLiveConnectionInfo(TestServerType serverType, String databaseName, String scriptFilePath)
   at Microsoft.SqlTools.ServiceLayer.Test.Common.TestServiceProvider.RunQueryAsync(TestServerType serverType, String databaseName, String queryText, Boolean throwOnError) in /Users/aasimkhan/src/sqltoolsservice/test/Microsoft.SqlTools.ServiceLayer.Test.Common/TestServiceProvider.cs:line 110
   at System.Runtime.CompilerServices.AsyncMethodBuilderCore.Start[TStateMachine](TStateMachine&amp; stateMachine)
   at Microsoft.SqlTools.ServiceLayer.Test.Common.TestServiceProvider.RunQueryAsync(TestServerType serverType, String databaseName, String queryText, Boolean throwOnError)
   at Microsoft.SqlTools.ServiceLayer.Test.Common.SqlTestDb.CreateNewAsync(TestServerType serverType, Boolean doNotCleanupDb, String databaseName, String query, String dbNamePrefix) in /Users/aasimkhan/src/sqltoolsservice/test/Microsoft.SqlTools.ServiceLayer.Test.Common/SqlTestDb.cs:line 101
   at System.Runtime.CompilerServices.AsyncMethodBuilderCore.Start[TStateMachine](TStateMachine&amp; stateMachine)
   at Microsoft.SqlTools.ServiceLayer.Test.Common.SqlTestDb.CreateNewAsync(TestServerType serverType, Boolean doNotCleanupDb, String databaseName, String query, String dbNamePrefix)
   at Microsoft.SqlTools.ServiceLayer.IntegrationTests.DisasterRecovery.RestoreDatabaseServiceTests.CreateBackupSetsToRecoverDatabase() in /Users/aasimkhan/src/sqltoolsservice/test/Microsoft.SqlTools.ServiceLayer.IntegrationTests/DisasterRecovery/RestoreDatabaseServiceTests.cs:line 746
   at System.Runtime.CompilerServices.AsyncMethodBuilderCore.Start[TStateMachine](TStateMachine&amp; stateMachine)
   at Microsoft.SqlTools.ServiceLayer.IntegrationTests.DisasterRecovery.RestoreDatabaseServiceTests.CreateBackupSetsToRecoverDatabase()
   at Microsoft.SqlTools.ServiceLayer.IntegrationTests.DisasterRecovery.RestoreDatabaseServiceTests.GetBackupFilesToRecoverDatabaseCreated() in /Users/aasimkhan/src/sqltoolsservice/test/Microsoft.SqlTools.ServiceLayer.IntegrationTests/DisasterRecovery/RestoreDatabaseServiceTests.cs:line 60
   at System.Runtime.CompilerServices.AsyncMethodBuilderCore.Start[TStateMachine](TStateMachine&amp; stateMachine)
   at Microsoft.SqlTools.ServiceLayer.IntegrationTests.DisasterRecovery.RestoreDatabaseServiceTests.GetBackupFilesToRecoverDatabaseCreated()
   at Microsoft.SqlTools.ServiceLayer.IntegrationTests.DisasterRecovery.RestoreDatabaseServiceTests.RestoreShouldNotRestoreTheLogBackupSetsIfOneNotSelected() in /Users/aasimkhan/src/sqltoolsservice/test/Microsoft.SqlTools.ServiceLayer.IntegrationTests/DisasterRecovery/RestoreDatabaseServiceTests.cs:line 227
   at System.Runtime.CompilerServices.AsyncMethodBuilderCore.Start[TStateMachine](TStateMachine&amp; stateMachine)
   at Microsoft.SqlTools.ServiceLayer.IntegrationTests.DisasterRecovery.RestoreDatabaseServiceTests.RestoreShouldNotRestoreTheLogBackupSetsIfOneNotSelected()</failure>
    </testcase>
    <testcase classname="Microsoft.SqlTools.ServiceLayer.IntegrationTests.DisasterRecovery.RestoreDatabaseServiceTests" name="RestoreShouldRestoreFromAnotherDatabase" time="0.0015700">
      <failure type="failure" message="  Cannot find any instance for version key: sqlOnPrem&#xA;  Expected: True&#xA;  But was:  False&#xA;">at Microsoft.SqlTools.ServiceLayer.Test.Common.TestConnectionProfileService.GetInstance(String key) in /Users/aasimkhan/src/sqltoolsservice/test/Microsoft.SqlTools.ServiceLayer.Test.Common/TestConnectionProfileService.cs:line 59
   at Microsoft.SqlTools.ServiceLayer.Test.Common.TestConnectionProfileService.GetConnectionParameters(String key, String databaseName) in /Users/aasimkhan/src/sqltoolsservice/test/Microsoft.SqlTools.ServiceLayer.Test.Common/TestConnectionProfileService.cs:line 65
   at Microsoft.SqlTools.ServiceLayer.Test.Common.TestConnectionProfileService.GetConnectionParameters(TestServerType serverType, String databaseName) in /Users/aasimkhan/src/sqltoolsservice/test/Microsoft.SqlTools.ServiceLayer.Test.Common/TestConnectionProfileService.cs:line 75
   at Microsoft.SqlTools.ServiceLayer.Test.Common.TestServiceProvider.InitLiveConnectionInfo(TestServerType serverType, String databaseName, String scriptFilePath) in /Users/aasimkhan/src/sqltoolsservice/test/Microsoft.SqlTools.ServiceLayer.Test.Common/TestServiceProvider.cs:line 142
   at Microsoft.SqlTools.ServiceLayer.Test.Common.TestServiceProvider.RunQueryAsync(TestServerType serverType, String databaseName, String queryText, Boolean throwOnError) in /Users/aasimkhan/src/sqltoolsservice/test/Microsoft.SqlTools.ServiceLayer.Test.Common/TestServiceProvider.cs:line 110
   at Microsoft.SqlTools.ServiceLayer.Test.Common.SqlTestDb.CreateNewAsync(TestServerType serverType, Boolean doNotCleanupDb, String databaseName, String query, String dbNamePrefix) in /Users/aasimkhan/src/sqltoolsservice/test/Microsoft.SqlTools.ServiceLayer.Test.Common/SqlTestDb.cs:line 101
   at Microsoft.SqlTools.ServiceLayer.IntegrationTests.DisasterRecovery.RestoreDatabaseServiceTests.CreateBackupSetsToRecoverDatabase() in /Users/aasimkhan/src/sqltoolsservice/test/Microsoft.SqlTools.ServiceLayer.IntegrationTests/DisasterRecovery/RestoreDatabaseServiceTests.cs:line 746
   at Microsoft.SqlTools.ServiceLayer.IntegrationTests.DisasterRecovery.RestoreDatabaseServiceTests.GetBackupFilesToRecoverDatabaseCreated() in /Users/aasimkhan/src/sqltoolsservice/test/Microsoft.SqlTools.ServiceLayer.IntegrationTests/DisasterRecovery/RestoreDatabaseServiceTests.cs:line 60
   at Microsoft.SqlTools.ServiceLayer.IntegrationTests.DisasterRecovery.RestoreDatabaseServiceTests.RestoreShouldRestoreFromAnotherDatabase() in /Users/aasimkhan/src/sqltoolsservice/test/Microsoft.SqlTools.ServiceLayer.IntegrationTests/DisasterRecovery/RestoreDatabaseServiceTests.cs:line 87
   at NUnit.Framework.Internal.TaskAwaitAdapter.GenericAdapter`1.GetResult()
   at NUnit.Framework.Internal.AsyncToSyncAdapter.Await(Func`1 invoke)
   at NUnit.Framework.Internal.Commands.TestMethodCommand.RunTestMethod(TestExecutionContext context)
   at NUnit.Framework.Internal.Commands.TestMethodCommand.Execute(TestExecutionContext context)
   at NUnit.Framework.Internal.Execution.SimpleWorkItem.&lt;&gt;c__DisplayClass4_0.&lt;PerformWork&gt;b__0()
   at NUnit.Framework.Internal.ContextUtils.&lt;&gt;c__DisplayClass1_0`1.&lt;DoIsolated&gt;b__0(Object _)

1)    at Microsoft.SqlTools.ServiceLayer.Test.Common.TestConnectionProfileService.GetInstance(String key) in /Users/aasimkhan/src/sqltoolsservice/test/Microsoft.SqlTools.ServiceLayer.Test.Common/TestConnectionProfileService.cs:line 59
   at Microsoft.SqlTools.ServiceLayer.Test.Common.TestConnectionProfileService.GetConnectionParameters(String key, String databaseName) in /Users/aasimkhan/src/sqltoolsservice/test/Microsoft.SqlTools.ServiceLayer.Test.Common/TestConnectionProfileService.cs:line 65
   at Microsoft.SqlTools.ServiceLayer.Test.Common.TestConnectionProfileService.GetConnectionParameters(TestServerType serverType, String databaseName) in /Users/aasimkhan/src/sqltoolsservice/test/Microsoft.SqlTools.ServiceLayer.Test.Common/TestConnectionProfileService.cs:line 75
   at Microsoft.SqlTools.ServiceLayer.Test.Common.TestServiceProvider.InitLiveConnectionInfo(TestServerType serverType, String databaseName, String scriptFilePath) in /Users/aasimkhan/src/sqltoolsservice/test/Microsoft.SqlTools.ServiceLayer.Test.Common/TestServiceProvider.cs:line 142
   at System.Runtime.CompilerServices.AsyncMethodBuilderCore.Start[TStateMachine](TStateMachine&amp; stateMachine)
   at Microsoft.SqlTools.ServiceLayer.Test.Common.TestServiceProvider.InitLiveConnectionInfo(TestServerType serverType, String databaseName, String scriptFilePath)
   at Microsoft.SqlTools.ServiceLayer.Test.Common.TestServiceProvider.RunQueryAsync(TestServerType serverType, String databaseName, String queryText, Boolean throwOnError) in /Users/aasimkhan/src/sqltoolsservice/test/Microsoft.SqlTools.ServiceLayer.Test.Common/TestServiceProvider.cs:line 110
   at System.Runtime.CompilerServices.AsyncMethodBuilderCore.Start[TStateMachine](TStateMachine&amp; stateMachine)
   at Microsoft.SqlTools.ServiceLayer.Test.Common.TestServiceProvider.RunQueryAsync(TestServerType serverType, String databaseName, String queryText, Boolean throwOnError)
   at Microsoft.SqlTools.ServiceLayer.Test.Common.SqlTestDb.CreateNewAsync(TestServerType serverType, Boolean doNotCleanupDb, String databaseName, String query, String dbNamePrefix) in /Users/aasimkhan/src/sqltoolsservice/test/Microsoft.SqlTools.ServiceLayer.Test.Common/SqlTestDb.cs:line 101
   at System.Runtime.CompilerServices.AsyncMethodBuilderCore.Start[TStateMachine](TStateMachine&amp; stateMachine)
   at Microsoft.SqlTools.ServiceLayer.Test.Common.SqlTestDb.CreateNewAsync(TestServerType serverType, Boolean doNotCleanupDb, String databaseName, String query, String dbNamePrefix)
   at Microsoft.SqlTools.ServiceLayer.IntegrationTests.DisasterRecovery.RestoreDatabaseServiceTests.CreateBackupSetsToRecoverDatabase() in /Users/aasimkhan/src/sqltoolsservice/test/Microsoft.SqlTools.ServiceLayer.IntegrationTests/DisasterRecovery/RestoreDatabaseServiceTests.cs:line 746
   at System.Runtime.CompilerServices.AsyncMethodBuilderCore.Start[TStateMachine](TStateMachine&amp; stateMachine)
   at Microsoft.SqlTools.ServiceLayer.IntegrationTests.DisasterRecovery.RestoreDatabaseServiceTests.CreateBackupSetsToRecoverDatabase()
   at Microsoft.SqlTools.ServiceLayer.IntegrationTests.DisasterRecovery.RestoreDatabaseServiceTests.GetBackupFilesToRecoverDatabaseCreated() in /Users/aasimkhan/src/sqltoolsservice/test/Microsoft.SqlTools.ServiceLayer.IntegrationTests/DisasterRecovery/RestoreDatabaseServiceTests.cs:line 60
   at System.Runtime.CompilerServices.AsyncMethodBuilderCore.Start[TStateMachine](TStateMachine&amp; stateMachine)
   at Microsoft.SqlTools.ServiceLayer.IntegrationTests.DisasterRecovery.RestoreDatabaseServiceTests.GetBackupFilesToRecoverDatabaseCreated()
   at Microsoft.SqlTools.ServiceLayer.IntegrationTests.DisasterRecovery.RestoreDatabaseServiceTests.RestoreShouldRestoreFromAnotherDatabase() in /Users/aasimkhan/src/sqltoolsservice/test/Microsoft.SqlTools.ServiceLayer.IntegrationTests/DisasterRecovery/RestoreDatabaseServiceTests.cs:line 87
   at System.Runtime.CompilerServices.AsyncMethodBuilderCore.Start[TStateMachine](TStateMachine&amp; stateMachine)
   at Microsoft.SqlTools.ServiceLayer.IntegrationTests.DisasterRecovery.RestoreDatabaseServiceTests.RestoreShouldRestoreFromAnotherDatabase()</failure>
    </testcase>
    <testcase classname="Microsoft.SqlTools.ServiceLayer.IntegrationTests.DisasterRecovery.RestoreDatabaseServiceTests" name="RestoreShouldRestoreTheBackupSetsThatAreSelected" time="0.0015160">
      <failure type="failure" message="  Cannot find any instance for version key: sqlOnPrem&#xA;  Expected: True&#xA;  But was:  False&#xA;">at Microsoft.SqlTools.ServiceLayer.Test.Common.TestConnectionProfileService.GetInstance(String key) in /Users/aasimkhan/src/sqltoolsservice/test/Microsoft.SqlTools.ServiceLayer.Test.Common/TestConnectionProfileService.cs:line 59
   at Microsoft.SqlTools.ServiceLayer.Test.Common.TestConnectionProfileService.GetConnectionParameters(String key, String databaseName) in /Users/aasimkhan/src/sqltoolsservice/test/Microsoft.SqlTools.ServiceLayer.Test.Common/TestConnectionProfileService.cs:line 65
   at Microsoft.SqlTools.ServiceLayer.Test.Common.TestConnectionProfileService.GetConnectionParameters(TestServerType serverType, String databaseName) in /Users/aasimkhan/src/sqltoolsservice/test/Microsoft.SqlTools.ServiceLayer.Test.Common/TestConnectionProfileService.cs:line 75
   at Microsoft.SqlTools.ServiceLayer.Test.Common.TestServiceProvider.InitLiveConnectionInfo(TestServerType serverType, String databaseName, String scriptFilePath) in /Users/aasimkhan/src/sqltoolsservice/test/Microsoft.SqlTools.ServiceLayer.Test.Common/TestServiceProvider.cs:line 142
   at Microsoft.SqlTools.ServiceLayer.Test.Common.TestServiceProvider.RunQueryAsync(TestServerType serverType, String databaseName, String queryText, Boolean throwOnError) in /Users/aasimkhan/src/sqltoolsservice/test/Microsoft.SqlTools.ServiceLayer.Test.Common/TestServiceProvider.cs:line 110
   at Microsoft.SqlTools.ServiceLayer.Test.Common.SqlTestDb.CreateNewAsync(TestServerType serverType, Boolean doNotCleanupDb, String databaseName, String query, String dbNamePrefix) in /Users/aasimkhan/src/sqltoolsservice/test/Microsoft.SqlTools.ServiceLayer.Test.Common/SqlTestDb.cs:line 101
   at Microsoft.SqlTools.ServiceLayer.IntegrationTests.DisasterRecovery.RestoreDatabaseServiceTests.CreateBackupSetsToRecoverDatabase() in /Users/aasimkhan/src/sqltoolsservice/test/Microsoft.SqlTools.ServiceLayer.IntegrationTests/DisasterRecovery/RestoreDatabaseServiceTests.cs:line 746
   at Microsoft.SqlTools.ServiceLayer.IntegrationTests.DisasterRecovery.RestoreDatabaseServiceTests.GetBackupFilesToRecoverDatabaseCreated() in /Users/aasimkhan/src/sqltoolsservice/test/Microsoft.SqlTools.ServiceLayer.IntegrationTests/DisasterRecovery/RestoreDatabaseServiceTests.cs:line 60
   at Microsoft.SqlTools.ServiceLayer.IntegrationTests.DisasterRecovery.RestoreDatabaseServiceTests.RestoreShouldRestoreTheBackupSetsThatAreSelected() in /Users/aasimkhan/src/sqltoolsservice/test/Microsoft.SqlTools.ServiceLayer.IntegrationTests/DisasterRecovery/RestoreDatabaseServiceTests.cs:line 215
   at NUnit.Framework.Internal.TaskAwaitAdapter.GenericAdapter`1.GetResult()
   at NUnit.Framework.Internal.AsyncToSyncAdapter.Await(Func`1 invoke)
   at NUnit.Framework.Internal.Commands.TestMethodCommand.RunTestMethod(TestExecutionContext context)
   at NUnit.Framework.Internal.Commands.TestMethodCommand.Execute(TestExecutionContext context)
   at NUnit.Framework.Internal.Execution.SimpleWorkItem.&lt;&gt;c__DisplayClass4_0.&lt;PerformWork&gt;b__0()
   at NUnit.Framework.Internal.ContextUtils.&lt;&gt;c__DisplayClass1_0`1.&lt;DoIsolated&gt;b__0(Object _)

1)    at Microsoft.SqlTools.ServiceLayer.Test.Common.TestConnectionProfileService.GetInstance(String key) in /Users/aasimkhan/src/sqltoolsservice/test/Microsoft.SqlTools.ServiceLayer.Test.Common/TestConnectionProfileService.cs:line 59
   at Microsoft.SqlTools.ServiceLayer.Test.Common.TestConnectionProfileService.GetConnectionParameters(String key, String databaseName) in /Users/aasimkhan/src/sqltoolsservice/test/Microsoft.SqlTools.ServiceLayer.Test.Common/TestConnectionProfileService.cs:line 65
   at Microsoft.SqlTools.ServiceLayer.Test.Common.TestConnectionProfileService.GetConnectionParameters(TestServerType serverType, String databaseName) in /Users/aasimkhan/src/sqltoolsservice/test/Microsoft.SqlTools.ServiceLayer.Test.Common/TestConnectionProfileService.cs:line 75
   at Microsoft.SqlTools.ServiceLayer.Test.Common.TestServiceProvider.InitLiveConnectionInfo(TestServerType serverType, String databaseName, String scriptFilePath) in /Users/aasimkhan/src/sqltoolsservice/test/Microsoft.SqlTools.ServiceLayer.Test.Common/TestServiceProvider.cs:line 142
   at System.Runtime.CompilerServices.AsyncMethodBuilderCore.Start[TStateMachine](TStateMachine&amp; stateMachine)
   at Microsoft.SqlTools.ServiceLayer.Test.Common.TestServiceProvider.InitLiveConnectionInfo(TestServerType serverType, String databaseName, String scriptFilePath)
   at Microsoft.SqlTools.ServiceLayer.Test.Common.TestServiceProvider.RunQueryAsync(TestServerType serverType, String databaseName, String queryText, Boolean throwOnError) in /Users/aasimkhan/src/sqltoolsservice/test/Microsoft.SqlTools.ServiceLayer.Test.Common/TestServiceProvider.cs:line 110
   at System.Runtime.CompilerServices.AsyncMethodBuilderCore.Start[TStateMachine](TStateMachine&amp; stateMachine)
   at Microsoft.SqlTools.ServiceLayer.Test.Common.TestServiceProvider.RunQueryAsync(TestServerType serverType, String databaseName, String queryText, Boolean throwOnError)
   at Microsoft.SqlTools.ServiceLayer.Test.Common.SqlTestDb.CreateNewAsync(TestServerType serverType, Boolean doNotCleanupDb, String databaseName, String query, String dbNamePrefix) in /Users/aasimkhan/src/sqltoolsservice/test/Microsoft.SqlTools.ServiceLayer.Test.Common/SqlTestDb.cs:line 101
   at System.Runtime.CompilerServices.AsyncMethodBuilderCore.Start[TStateMachine](TStateMachine&amp; stateMachine)
   at Microsoft.SqlTools.ServiceLayer.Test.Common.SqlTestDb.CreateNewAsync(TestServerType serverType, Boolean doNotCleanupDb, String databaseName, String query, String dbNamePrefix)
   at Microsoft.SqlTools.ServiceLayer.IntegrationTests.DisasterRecovery.RestoreDatabaseServiceTests.CreateBackupSetsToRecoverDatabase() in /Users/aasimkhan/src/sqltoolsservice/test/Microsoft.SqlTools.ServiceLayer.IntegrationTests/DisasterRecovery/RestoreDatabaseServiceTests.cs:line 746
   at System.Runtime.CompilerServices.AsyncMethodBuilderCore.Start[TStateMachine](TStateMachine&amp; stateMachine)
   at Microsoft.SqlTools.ServiceLayer.IntegrationTests.DisasterRecovery.RestoreDatabaseServiceTests.CreateBackupSetsToRecoverDatabase()
   at Microsoft.SqlTools.ServiceLayer.IntegrationTests.DisasterRecovery.RestoreDatabaseServiceTests.GetBackupFilesToRecoverDatabaseCreated() in /Users/aasimkhan/src/sqltoolsservice/test/Microsoft.SqlTools.ServiceLayer.IntegrationTests/DisasterRecovery/RestoreDatabaseServiceTests.cs:line 60
   at System.Runtime.CompilerServices.AsyncMethodBuilderCore.Start[TStateMachine](TStateMachine&amp; stateMachine)
   at Microsoft.SqlTools.ServiceLayer.IntegrationTests.DisasterRecovery.RestoreDatabaseServiceTests.GetBackupFilesToRecoverDatabaseCreated()
   at Microsoft.SqlTools.ServiceLayer.IntegrationTests.DisasterRecovery.RestoreDatabaseServiceTests.RestoreShouldRestoreTheBackupSetsThatAreSelected() in /Users/aasimkhan/src/sqltoolsservice/test/Microsoft.SqlTools.ServiceLayer.IntegrationTests/DisasterRecovery/RestoreDatabaseServiceTests.cs:line 215
   at System.Runtime.CompilerServices.AsyncMethodBuilderCore.Start[TStateMachine](TStateMachine&amp; stateMachine)
   at Microsoft.SqlTools.ServiceLayer.IntegrationTests.DisasterRecovery.RestoreDatabaseServiceTests.RestoreShouldRestoreTheBackupSetsThatAreSelected()</failure>
    </testcase>
    <testcase classname="Microsoft.SqlTools.ServiceLayer.IntegrationTests.DisasterRecovery.RestoreDatabaseServiceTests" name="RestoreToAnotherDatabaseShouldExecuteSuccessfullyForFullBackup" time="0.0016680">
      <failure type="failure" message="  Cannot find any instance for version key: sqlOnPrem&#xA;  Expected: True&#xA;  But was:  False&#xA;">at Microsoft.SqlTools.ServiceLayer.Test.Common.TestConnectionProfileService.GetInstance(String key) in /Users/aasimkhan/src/sqltoolsservice/test/Microsoft.SqlTools.ServiceLayer.Test.Common/TestConnectionProfileService.cs:line 59
   at Microsoft.SqlTools.ServiceLayer.Test.Common.TestConnectionProfileService.GetConnectionParameters(String key, String databaseName) in /Users/aasimkhan/src/sqltoolsservice/test/Microsoft.SqlTools.ServiceLayer.Test.Common/TestConnectionProfileService.cs:line 65
   at Microsoft.SqlTools.ServiceLayer.Test.Common.TestConnectionProfileService.GetConnectionParameters(TestServerType serverType, String databaseName) in /Users/aasimkhan/src/sqltoolsservice/test/Microsoft.SqlTools.ServiceLayer.Test.Common/TestConnectionProfileService.cs:line 75
   at Microsoft.SqlTools.ServiceLayer.Test.Common.TestServiceProvider.InitLiveConnectionInfo(TestServerType serverType, String databaseName, String scriptFilePath) in /Users/aasimkhan/src/sqltoolsservice/test/Microsoft.SqlTools.ServiceLayer.Test.Common/TestServiceProvider.cs:line 142
   at Microsoft.SqlTools.ServiceLayer.Test.Common.TestServiceProvider.RunQueryAsync(TestServerType serverType, String databaseName, String queryText, Boolean throwOnError) in /Users/aasimkhan/src/sqltoolsservice/test/Microsoft.SqlTools.ServiceLayer.Test.Common/TestServiceProvider.cs:line 110
   at Microsoft.SqlTools.ServiceLayer.Test.Common.SqlTestDb.CreateNewAsync(TestServerType serverType, Boolean doNotCleanupDb, String databaseName, String query, String dbNamePrefix) in /Users/aasimkhan/src/sqltoolsservice/test/Microsoft.SqlTools.ServiceLayer.Test.Common/SqlTestDb.cs:line 101
   at Microsoft.SqlTools.ServiceLayer.IntegrationTests.DisasterRecovery.RestoreDatabaseServiceTests.CreateBackupFile() in /Users/aasimkhan/src/sqltoolsservice/test/Microsoft.SqlTools.ServiceLayer.IntegrationTests/DisasterRecovery/RestoreDatabaseServiceTests.cs:line 803
   at Microsoft.SqlTools.ServiceLayer.IntegrationTests.DisasterRecovery.RestoreDatabaseServiceTests.VerifyBackupFileCreated() in /Users/aasimkhan/src/sqltoolsservice/test/Microsoft.SqlTools.ServiceLayer.IntegrationTests/DisasterRecovery/RestoreDatabaseServiceTests.cs:line 55
   at Microsoft.SqlTools.ServiceLayer.IntegrationTests.DisasterRecovery.RestoreDatabaseServiceTests.RestoreToAnotherDatabaseShouldExecuteSuccessfullyForFullBackup() in /Users/aasimkhan/src/sqltoolsservice/test/Microsoft.SqlTools.ServiceLayer.IntegrationTests/DisasterRecovery/RestoreDatabaseServiceTests.cs:line 389
   at NUnit.Framework.Internal.TaskAwaitAdapter.GenericAdapter`1.GetResult()
   at NUnit.Framework.Internal.AsyncToSyncAdapter.Await(Func`1 invoke)
   at NUnit.Framework.Internal.Commands.TestMethodCommand.RunTestMethod(TestExecutionContext context)
   at NUnit.Framework.Internal.Commands.TestMethodCommand.Execute(TestExecutionContext context)
   at NUnit.Framework.Internal.Execution.SimpleWorkItem.&lt;&gt;c__DisplayClass4_0.&lt;PerformWork&gt;b__0()
   at NUnit.Framework.Internal.ContextUtils.&lt;&gt;c__DisplayClass1_0`1.&lt;DoIsolated&gt;b__0(Object _)

1)    at Microsoft.SqlTools.ServiceLayer.Test.Common.TestConnectionProfileService.GetInstance(String key) in /Users/aasimkhan/src/sqltoolsservice/test/Microsoft.SqlTools.ServiceLayer.Test.Common/TestConnectionProfileService.cs:line 59
   at Microsoft.SqlTools.ServiceLayer.Test.Common.TestConnectionProfileService.GetConnectionParameters(String key, String databaseName) in /Users/aasimkhan/src/sqltoolsservice/test/Microsoft.SqlTools.ServiceLayer.Test.Common/TestConnectionProfileService.cs:line 65
   at Microsoft.SqlTools.ServiceLayer.Test.Common.TestConnectionProfileService.GetConnectionParameters(TestServerType serverType, String databaseName) in /Users/aasimkhan/src/sqltoolsservice/test/Microsoft.SqlTools.ServiceLayer.Test.Common/TestConnectionProfileService.cs:line 75
   at Microsoft.SqlTools.ServiceLayer.Test.Common.TestServiceProvider.InitLiveConnectionInfo(TestServerType serverType, String databaseName, String scriptFilePath) in /Users/aasimkhan/src/sqltoolsservice/test/Microsoft.SqlTools.ServiceLayer.Test.Common/TestServiceProvider.cs:line 142
   at System.Runtime.CompilerServices.AsyncMethodBuilderCore.Start[TStateMachine](TStateMachine&amp; stateMachine)
   at Microsoft.SqlTools.ServiceLayer.Test.Common.TestServiceProvider.InitLiveConnectionInfo(TestServerType serverType, String databaseName, String scriptFilePath)
   at Microsoft.SqlTools.ServiceLayer.Test.Common.TestServiceProvider.RunQueryAsync(TestServerType serverType, String databaseName, String queryText, Boolean throwOnError) in /Users/aasimkhan/src/sqltoolsservice/test/Microsoft.SqlTools.ServiceLayer.Test.Common/TestServiceProvider.cs:line 110
   at System.Runtime.CompilerServices.AsyncMethodBuilderCore.Start[TStateMachine](TStateMachine&amp; stateMachine)
   at Microsoft.SqlTools.ServiceLayer.Test.Common.TestServiceProvider.RunQueryAsync(TestServerType serverType, String databaseName, String queryText, Boolean throwOnError)
   at Microsoft.SqlTools.ServiceLayer.Test.Common.SqlTestDb.CreateNewAsync(TestServerType serverType, Boolean doNotCleanupDb, String databaseName, String query, String dbNamePrefix) in /Users/aasimkhan/src/sqltoolsservice/test/Microsoft.SqlTools.ServiceLayer.Test.Common/SqlTestDb.cs:line 101
   at System.Runtime.CompilerServices.AsyncMethodBuilderCore.Start[TStateMachine](TStateMachine&amp; stateMachine)
   at Microsoft.SqlTools.ServiceLayer.Test.Common.SqlTestDb.CreateNewAsync(TestServerType serverType, Boolean doNotCleanupDb, String databaseName, String query, String dbNamePrefix)
   at Microsoft.SqlTools.ServiceLayer.IntegrationTests.DisasterRecovery.RestoreDatabaseServiceTests.CreateBackupFile() in /Users/aasimkhan/src/sqltoolsservice/test/Microsoft.SqlTools.ServiceLayer.IntegrationTests/DisasterRecovery/RestoreDatabaseServiceTests.cs:line 803
   at System.Runtime.CompilerServices.AsyncMethodBuilderCore.Start[TStateMachine](TStateMachine&amp; stateMachine)
   at Microsoft.SqlTools.ServiceLayer.IntegrationTests.DisasterRecovery.RestoreDatabaseServiceTests.CreateBackupFile()
   at Microsoft.SqlTools.ServiceLayer.IntegrationTests.DisasterRecovery.RestoreDatabaseServiceTests.VerifyBackupFileCreated() in /Users/aasimkhan/src/sqltoolsservice/test/Microsoft.SqlTools.ServiceLayer.IntegrationTests/DisasterRecovery/RestoreDatabaseServiceTests.cs:line 55
   at System.Runtime.CompilerServices.AsyncMethodBuilderCore.Start[TStateMachine](TStateMachine&amp; stateMachine)
   at Microsoft.SqlTools.ServiceLayer.IntegrationTests.DisasterRecovery.RestoreDatabaseServiceTests.VerifyBackupFileCreated()
   at Microsoft.SqlTools.ServiceLayer.IntegrationTests.DisasterRecovery.RestoreDatabaseServiceTests.RestoreToAnotherDatabaseShouldExecuteSuccessfullyForFullBackup() in /Users/aasimkhan/src/sqltoolsservice/test/Microsoft.SqlTools.ServiceLayer.IntegrationTests/DisasterRecovery/RestoreDatabaseServiceTests.cs:line 389
   at System.Runtime.CompilerServices.AsyncMethodBuilderCore.Start[TStateMachine](TStateMachine&amp; stateMachine)
   at Microsoft.SqlTools.ServiceLayer.IntegrationTests.DisasterRecovery.RestoreDatabaseServiceTests.RestoreToAnotherDatabaseShouldExecuteSuccessfullyForFullBackup()</failure>
    </testcase>
    <testcase classname="Microsoft.SqlTools.ServiceLayer.IntegrationTests.FileBrowser.FileBrowserServiceTests" name="HandleFileBrowserCloseRequestTest" time="0.0012500">
      <failure type="failure" message="  Cannot find any instance for version key: sqlOnPrem&#xA;  Expected: True&#xA;  But was:  False&#xA;">at Microsoft.SqlTools.ServiceLayer.Test.Common.TestConnectionProfileService.GetInstance(String key) in /Users/aasimkhan/src/sqltoolsservice/test/Microsoft.SqlTools.ServiceLayer.Test.Common/TestConnectionProfileService.cs:line 59
   at Microsoft.SqlTools.ServiceLayer.Test.Common.TestConnectionProfileService.GetConnectionParameters(String key, String databaseName) in /Users/aasimkhan/src/sqltoolsservice/test/Microsoft.SqlTools.ServiceLayer.Test.Common/TestConnectionProfileService.cs:line 65
   at Microsoft.SqlTools.ServiceLayer.Test.Common.TestConnectionProfileService.GetConnectionParameters(TestServerType serverType, String databaseName) in /Users/aasimkhan/src/sqltoolsservice/test/Microsoft.SqlTools.ServiceLayer.Test.Common/TestConnectionProfileService.cs:line 75
   at Microsoft.SqlTools.ServiceLayer.IntegrationTests.Utility.LiveConnectionHelper.InitLiveConnectionInfoAsync(String databaseName, String ownerUri, String connectionType, TestServerType serverType) in /Users/aasimkhan/src/sqltoolsservice/test/Microsoft.SqlTools.ServiceLayer.IntegrationTests/Utility/LiveConnectionHelper.cs:line 68
   at Microsoft.SqlTools.ServiceLayer.IntegrationTests.Utility.LiveConnectionHelper.InitLiveConnectionInfo(String databaseName, String ownerUri) in /Users/aasimkhan/src/sqltoolsservice/test/Microsoft.SqlTools.ServiceLayer.IntegrationTests/Utility/LiveConnectionHelper.cs:line 52
   at Microsoft.SqlTools.ServiceLayer.IntegrationTests.FileBrowser.FileBrowserServiceTests.HandleFileBrowserCloseRequestTest() in /Users/aasimkhan/src/sqltoolsservice/test/Microsoft.SqlTools.ServiceLayer.IntegrationTests/FileBrowser/FileBrowserServiceTests.cs:line 85
   at NUnit.Framework.Internal.TaskAwaitAdapter.GenericAdapter`1.GetResult()
   at NUnit.Framework.Internal.AsyncToSyncAdapter.Await(Func`1 invoke)
   at NUnit.Framework.Internal.Commands.TestMethodCommand.RunTestMethod(TestExecutionContext context)
   at NUnit.Framework.Internal.Commands.TestMethodCommand.Execute(TestExecutionContext context)
   at NUnit.Framework.Internal.Execution.SimpleWorkItem.&lt;&gt;c__DisplayClass4_0.&lt;PerformWork&gt;b__0()
   at NUnit.Framework.Internal.ContextUtils.&lt;&gt;c__DisplayClass1_0`1.&lt;DoIsolated&gt;b__0(Object _)

1)    at Microsoft.SqlTools.ServiceLayer.Test.Common.TestConnectionProfileService.GetInstance(String key) in /Users/aasimkhan/src/sqltoolsservice/test/Microsoft.SqlTools.ServiceLayer.Test.Common/TestConnectionProfileService.cs:line 59
   at Microsoft.SqlTools.ServiceLayer.Test.Common.TestConnectionProfileService.GetConnectionParameters(String key, String databaseName) in /Users/aasimkhan/src/sqltoolsservice/test/Microsoft.SqlTools.ServiceLayer.Test.Common/TestConnectionProfileService.cs:line 65
   at Microsoft.SqlTools.ServiceLayer.Test.Common.TestConnectionProfileService.GetConnectionParameters(TestServerType serverType, String databaseName) in /Users/aasimkhan/src/sqltoolsservice/test/Microsoft.SqlTools.ServiceLayer.Test.Common/TestConnectionProfileService.cs:line 75
   at Microsoft.SqlTools.ServiceLayer.IntegrationTests.Utility.LiveConnectionHelper.InitLiveConnectionInfoAsync(String databaseName, String ownerUri, String connectionType, TestServerType serverType) in /Users/aasimkhan/src/sqltoolsservice/test/Microsoft.SqlTools.ServiceLayer.IntegrationTests/Utility/LiveConnectionHelper.cs:line 68
   at System.Runtime.CompilerServices.AsyncMethodBuilderCore.Start[TStateMachine](TStateMachine&amp; stateMachine)
   at Microsoft.SqlTools.ServiceLayer.IntegrationTests.Utility.LiveConnectionHelper.InitLiveConnectionInfoAsync(String databaseName, String ownerUri, String connectionType, TestServerType serverType)
   at Microsoft.SqlTools.ServiceLayer.IntegrationTests.Utility.LiveConnectionHelper.InitLiveConnectionInfo(String databaseName, String ownerUri) in /Users/aasimkhan/src/sqltoolsservice/test/Microsoft.SqlTools.ServiceLayer.IntegrationTests/Utility/LiveConnectionHelper.cs:line 52
   at Microsoft.SqlTools.ServiceLayer.IntegrationTests.FileBrowser.FileBrowserServiceTests.HandleFileBrowserCloseRequestTest() in /Users/aasimkhan/src/sqltoolsservice/test/Microsoft.SqlTools.ServiceLayer.IntegrationTests/FileBrowser/FileBrowserServiceTests.cs:line 85
   at System.Runtime.CompilerServices.AsyncMethodBuilderCore.Start[TStateMachine](TStateMachine&amp; stateMachine)
   at Microsoft.SqlTools.ServiceLayer.IntegrationTests.FileBrowser.FileBrowserServiceTests.HandleFileBrowserCloseRequestTest()</failure>
    </testcase>
    <testcase classname="Microsoft.SqlTools.ServiceLayer.IntegrationTests.FileBrowser.FileBrowserServiceTests" name="HandleFileBrowserExpandRequestTest" time="0.0012200">
      <failure type="failure" message="  Cannot find any instance for version key: sqlOnPrem&#xA;  Expected: True&#xA;  But was:  False&#xA;">at Microsoft.SqlTools.ServiceLayer.Test.Common.TestConnectionProfileService.GetInstance(String key) in /Users/aasimkhan/src/sqltoolsservice/test/Microsoft.SqlTools.ServiceLayer.Test.Common/TestConnectionProfileService.cs:line 59
   at Microsoft.SqlTools.ServiceLayer.Test.Common.TestConnectionProfileService.GetConnectionParameters(String key, String databaseName) in /Users/aasimkhan/src/sqltoolsservice/test/Microsoft.SqlTools.ServiceLayer.Test.Common/TestConnectionProfileService.cs:line 65
   at Microsoft.SqlTools.ServiceLayer.Test.Common.TestConnectionProfileService.GetConnectionParameters(TestServerType serverType, String databaseName) in /Users/aasimkhan/src/sqltoolsservice/test/Microsoft.SqlTools.ServiceLayer.Test.Common/TestConnectionProfileService.cs:line 75
   at Microsoft.SqlTools.ServiceLayer.IntegrationTests.Utility.LiveConnectionHelper.InitLiveConnectionInfoAsync(String databaseName, String ownerUri, String connectionType, TestServerType serverType) in /Users/aasimkhan/src/sqltoolsservice/test/Microsoft.SqlTools.ServiceLayer.IntegrationTests/Utility/LiveConnectionHelper.cs:line 68
   at Microsoft.SqlTools.ServiceLayer.IntegrationTests.Utility.LiveConnectionHelper.InitLiveConnectionInfo(String databaseName, String ownerUri) in /Users/aasimkhan/src/sqltoolsservice/test/Microsoft.SqlTools.ServiceLayer.IntegrationTests/Utility/LiveConnectionHelper.cs:line 52
   at Microsoft.SqlTools.ServiceLayer.IntegrationTests.FileBrowser.FileBrowserServiceTests.HandleFileBrowserExpandRequestTest() in /Users/aasimkhan/src/sqltoolsservice/test/Microsoft.SqlTools.ServiceLayer.IntegrationTests/FileBrowser/FileBrowserServiceTests.cs:line 49
   at NUnit.Framework.Internal.TaskAwaitAdapter.GenericAdapter`1.GetResult()
   at NUnit.Framework.Internal.AsyncToSyncAdapter.Await(Func`1 invoke)
   at NUnit.Framework.Internal.Commands.TestMethodCommand.RunTestMethod(TestExecutionContext context)
   at NUnit.Framework.Internal.Commands.TestMethodCommand.Execute(TestExecutionContext context)
   at NUnit.Framework.Internal.Execution.SimpleWorkItem.&lt;&gt;c__DisplayClass4_0.&lt;PerformWork&gt;b__0()
   at NUnit.Framework.Internal.ContextUtils.&lt;&gt;c__DisplayClass1_0`1.&lt;DoIsolated&gt;b__0(Object _)

1)    at Microsoft.SqlTools.ServiceLayer.Test.Common.TestConnectionProfileService.GetInstance(String key) in /Users/aasimkhan/src/sqltoolsservice/test/Microsoft.SqlTools.ServiceLayer.Test.Common/TestConnectionProfileService.cs:line 59
   at Microsoft.SqlTools.ServiceLayer.Test.Common.TestConnectionProfileService.GetConnectionParameters(String key, String databaseName) in /Users/aasimkhan/src/sqltoolsservice/test/Microsoft.SqlTools.ServiceLayer.Test.Common/TestConnectionProfileService.cs:line 65
   at Microsoft.SqlTools.ServiceLayer.Test.Common.TestConnectionProfileService.GetConnectionParameters(TestServerType serverType, String databaseName) in /Users/aasimkhan/src/sqltoolsservice/test/Microsoft.SqlTools.ServiceLayer.Test.Common/TestConnectionProfileService.cs:line 75
   at Microsoft.SqlTools.ServiceLayer.IntegrationTests.Utility.LiveConnectionHelper.InitLiveConnectionInfoAsync(String databaseName, String ownerUri, String connectionType, TestServerType serverType) in /Users/aasimkhan/src/sqltoolsservice/test/Microsoft.SqlTools.ServiceLayer.IntegrationTests/Utility/LiveConnectionHelper.cs:line 68
   at System.Runtime.CompilerServices.AsyncMethodBuilderCore.Start[TStateMachine](TStateMachine&amp; stateMachine)
   at Microsoft.SqlTools.ServiceLayer.IntegrationTests.Utility.LiveConnectionHelper.InitLiveConnectionInfoAsync(String databaseName, String ownerUri, String connectionType, TestServerType serverType)
   at Microsoft.SqlTools.ServiceLayer.IntegrationTests.Utility.LiveConnectionHelper.InitLiveConnectionInfo(String databaseName, String ownerUri) in /Users/aasimkhan/src/sqltoolsservice/test/Microsoft.SqlTools.ServiceLayer.IntegrationTests/Utility/LiveConnectionHelper.cs:line 52
   at Microsoft.SqlTools.ServiceLayer.IntegrationTests.FileBrowser.FileBrowserServiceTests.HandleFileBrowserExpandRequestTest() in /Users/aasimkhan/src/sqltoolsservice/test/Microsoft.SqlTools.ServiceLayer.IntegrationTests/FileBrowser/FileBrowserServiceTests.cs:line 49
   at System.Runtime.CompilerServices.AsyncMethodBuilderCore.Start[TStateMachine](TStateMachine&amp; stateMachine)
   at Microsoft.SqlTools.ServiceLayer.IntegrationTests.FileBrowser.FileBrowserServiceTests.HandleFileBrowserExpandRequestTest()</failure>
    </testcase>
    <testcase classname="Microsoft.SqlTools.ServiceLayer.IntegrationTests.FileBrowser.FileBrowserServiceTests" name="HandleFileBrowserOpenRequestTest" time="0.0012840">
      <failure type="failure" message="  Cannot find any instance for version key: sqlOnPrem&#xA;  Expected: True&#xA;  But was:  False&#xA;">at Microsoft.SqlTools.ServiceLayer.Test.Common.TestConnectionProfileService.GetInstance(String key) in /Users/aasimkhan/src/sqltoolsservice/test/Microsoft.SqlTools.ServiceLayer.Test.Common/TestConnectionProfileService.cs:line 59
   at Microsoft.SqlTools.ServiceLayer.Test.Common.TestConnectionProfileService.GetConnectionParameters(String key, String databaseName) in /Users/aasimkhan/src/sqltoolsservice/test/Microsoft.SqlTools.ServiceLayer.Test.Common/TestConnectionProfileService.cs:line 65
   at Microsoft.SqlTools.ServiceLayer.Test.Common.TestConnectionProfileService.GetConnectionParameters(TestServerType serverType, String databaseName) in /Users/aasimkhan/src/sqltoolsservice/test/Microsoft.SqlTools.ServiceLayer.Test.Common/TestConnectionProfileService.cs:line 75
   at Microsoft.SqlTools.ServiceLayer.IntegrationTests.Utility.LiveConnectionHelper.InitLiveConnectionInfoAsync(String databaseName, String ownerUri, String connectionType, TestServerType serverType) in /Users/aasimkhan/src/sqltoolsservice/test/Microsoft.SqlTools.ServiceLayer.IntegrationTests/Utility/LiveConnectionHelper.cs:line 68
   at Microsoft.SqlTools.ServiceLayer.IntegrationTests.Utility.LiveConnectionHelper.InitLiveConnectionInfo(String databaseName, String ownerUri) in /Users/aasimkhan/src/sqltoolsservice/test/Microsoft.SqlTools.ServiceLayer.IntegrationTests/Utility/LiveConnectionHelper.cs:line 52
   at Microsoft.SqlTools.ServiceLayer.IntegrationTests.FileBrowser.FileBrowserServiceTests.HandleFileBrowserOpenRequestTest() in /Users/aasimkhan/src/sqltoolsservice/test/Microsoft.SqlTools.ServiceLayer.IntegrationTests/FileBrowser/FileBrowserServiceTests.cs:line 29
   at NUnit.Framework.Internal.TaskAwaitAdapter.GenericAdapter`1.GetResult()
   at NUnit.Framework.Internal.AsyncToSyncAdapter.Await(Func`1 invoke)
   at NUnit.Framework.Internal.Commands.TestMethodCommand.RunTestMethod(TestExecutionContext context)
   at NUnit.Framework.Internal.Commands.TestMethodCommand.Execute(TestExecutionContext context)
   at NUnit.Framework.Internal.Execution.SimpleWorkItem.&lt;&gt;c__DisplayClass4_0.&lt;PerformWork&gt;b__0()
   at NUnit.Framework.Internal.ContextUtils.&lt;&gt;c__DisplayClass1_0`1.&lt;DoIsolated&gt;b__0(Object _)

1)    at Microsoft.SqlTools.ServiceLayer.Test.Common.TestConnectionProfileService.GetInstance(String key) in /Users/aasimkhan/src/sqltoolsservice/test/Microsoft.SqlTools.ServiceLayer.Test.Common/TestConnectionProfileService.cs:line 59
   at Microsoft.SqlTools.ServiceLayer.Test.Common.TestConnectionProfileService.GetConnectionParameters(String key, String databaseName) in /Users/aasimkhan/src/sqltoolsservice/test/Microsoft.SqlTools.ServiceLayer.Test.Common/TestConnectionProfileService.cs:line 65
   at Microsoft.SqlTools.ServiceLayer.Test.Common.TestConnectionProfileService.GetConnectionParameters(TestServerType serverType, String databaseName) in /Users/aasimkhan/src/sqltoolsservice/test/Microsoft.SqlTools.ServiceLayer.Test.Common/TestConnectionProfileService.cs:line 75
   at Microsoft.SqlTools.ServiceLayer.IntegrationTests.Utility.LiveConnectionHelper.InitLiveConnectionInfoAsync(String databaseName, String ownerUri, String connectionType, TestServerType serverType) in /Users/aasimkhan/src/sqltoolsservice/test/Microsoft.SqlTools.ServiceLayer.IntegrationTests/Utility/LiveConnectionHelper.cs:line 68
   at System.Runtime.CompilerServices.AsyncMethodBuilderCore.Start[TStateMachine](TStateMachine&amp; stateMachine)
   at Microsoft.SqlTools.ServiceLayer.IntegrationTests.Utility.LiveConnectionHelper.InitLiveConnectionInfoAsync(String databaseName, String ownerUri, String connectionType, TestServerType serverType)
   at Microsoft.SqlTools.ServiceLayer.IntegrationTests.Utility.LiveConnectionHelper.InitLiveConnectionInfo(String databaseName, String ownerUri) in /Users/aasimkhan/src/sqltoolsservice/test/Microsoft.SqlTools.ServiceLayer.IntegrationTests/Utility/LiveConnectionHelper.cs:line 52
   at Microsoft.SqlTools.ServiceLayer.IntegrationTests.FileBrowser.FileBrowserServiceTests.HandleFileBrowserOpenRequestTest() in /Users/aasimkhan/src/sqltoolsservice/test/Microsoft.SqlTools.ServiceLayer.IntegrationTests/FileBrowser/FileBrowserServiceTests.cs:line 29
   at System.Runtime.CompilerServices.AsyncMethodBuilderCore.Start[TStateMachine](TStateMachine&amp; stateMachine)
   at Microsoft.SqlTools.ServiceLayer.IntegrationTests.FileBrowser.FileBrowserServiceTests.HandleFileBrowserOpenRequestTest()</failure>
    </testcase>
    <testcase classname="Microsoft.SqlTools.ServiceLayer.IntegrationTests.FileBrowser.FileBrowserServiceTests" name="HandleFileBrowserValidateRequestTest" time="0.0012280">
      <failure type="failure" message="  Cannot find any instance for version key: sqlOnPrem&#xA;  Expected: True&#xA;  But was:  False&#xA;">at Microsoft.SqlTools.ServiceLayer.Test.Common.TestConnectionProfileService.GetInstance(String key) in /Users/aasimkhan/src/sqltoolsservice/test/Microsoft.SqlTools.ServiceLayer.Test.Common/TestConnectionProfileService.cs:line 59
   at Microsoft.SqlTools.ServiceLayer.Test.Common.TestConnectionProfileService.GetConnectionParameters(String key, String databaseName) in /Users/aasimkhan/src/sqltoolsservice/test/Microsoft.SqlTools.ServiceLayer.Test.Common/TestConnectionProfileService.cs:line 65
   at Microsoft.SqlTools.ServiceLayer.Test.Common.TestConnectionProfileService.GetConnectionParameters(TestServerType serverType, String databaseName) in /Users/aasimkhan/src/sqltoolsservice/test/Microsoft.SqlTools.ServiceLayer.Test.Common/TestConnectionProfileService.cs:line 75
   at Microsoft.SqlTools.ServiceLayer.IntegrationTests.Utility.LiveConnectionHelper.InitLiveConnectionInfoAsync(String databaseName, String ownerUri, String connectionType, TestServerType serverType) in /Users/aasimkhan/src/sqltoolsservice/test/Microsoft.SqlTools.ServiceLayer.IntegrationTests/Utility/LiveConnectionHelper.cs:line 68
   at Microsoft.SqlTools.ServiceLayer.IntegrationTests.Utility.LiveConnectionHelper.InitLiveConnectionInfo(String databaseName, String ownerUri) in /Users/aasimkhan/src/sqltoolsservice/test/Microsoft.SqlTools.ServiceLayer.IntegrationTests/Utility/LiveConnectionHelper.cs:line 52
   at Microsoft.SqlTools.ServiceLayer.IntegrationTests.FileBrowser.FileBrowserServiceTests.HandleFileBrowserValidateRequestTest() in /Users/aasimkhan/src/sqltoolsservice/test/Microsoft.SqlTools.ServiceLayer.IntegrationTests/FileBrowser/FileBrowserServiceTests.cs:line 67
   at NUnit.Framework.Internal.TaskAwaitAdapter.GenericAdapter`1.GetResult()
   at NUnit.Framework.Internal.AsyncToSyncAdapter.Await(Func`1 invoke)
   at NUnit.Framework.Internal.Commands.TestMethodCommand.RunTestMethod(TestExecutionContext context)
   at NUnit.Framework.Internal.Commands.TestMethodCommand.Execute(TestExecutionContext context)
   at NUnit.Framework.Internal.Execution.SimpleWorkItem.&lt;&gt;c__DisplayClass4_0.&lt;PerformWork&gt;b__0()
   at NUnit.Framework.Internal.ContextUtils.&lt;&gt;c__DisplayClass1_0`1.&lt;DoIsolated&gt;b__0(Object _)

1)    at Microsoft.SqlTools.ServiceLayer.Test.Common.TestConnectionProfileService.GetInstance(String key) in /Users/aasimkhan/src/sqltoolsservice/test/Microsoft.SqlTools.ServiceLayer.Test.Common/TestConnectionProfileService.cs:line 59
   at Microsoft.SqlTools.ServiceLayer.Test.Common.TestConnectionProfileService.GetConnectionParameters(String key, String databaseName) in /Users/aasimkhan/src/sqltoolsservice/test/Microsoft.SqlTools.ServiceLayer.Test.Common/TestConnectionProfileService.cs:line 65
   at Microsoft.SqlTools.ServiceLayer.Test.Common.TestConnectionProfileService.GetConnectionParameters(TestServerType serverType, String databaseName) in /Users/aasimkhan/src/sqltoolsservice/test/Microsoft.SqlTools.ServiceLayer.Test.Common/TestConnectionProfileService.cs:line 75
   at Microsoft.SqlTools.ServiceLayer.IntegrationTests.Utility.LiveConnectionHelper.InitLiveConnectionInfoAsync(String databaseName, String ownerUri, String connectionType, TestServerType serverType) in /Users/aasimkhan/src/sqltoolsservice/test/Microsoft.SqlTools.ServiceLayer.IntegrationTests/Utility/LiveConnectionHelper.cs:line 68
   at System.Runtime.CompilerServices.AsyncMethodBuilderCore.Start[TStateMachine](TStateMachine&amp; stateMachine)
   at Microsoft.SqlTools.ServiceLayer.IntegrationTests.Utility.LiveConnectionHelper.InitLiveConnectionInfoAsync(String databaseName, String ownerUri, String connectionType, TestServerType serverType)
   at Microsoft.SqlTools.ServiceLayer.IntegrationTests.Utility.LiveConnectionHelper.InitLiveConnectionInfo(String databaseName, String ownerUri) in /Users/aasimkhan/src/sqltoolsservice/test/Microsoft.SqlTools.ServiceLayer.IntegrationTests/Utility/LiveConnectionHelper.cs:line 52
   at Microsoft.SqlTools.ServiceLayer.IntegrationTests.FileBrowser.FileBrowserServiceTests.HandleFileBrowserValidateRequestTest() in /Users/aasimkhan/src/sqltoolsservice/test/Microsoft.SqlTools.ServiceLayer.IntegrationTests/FileBrowser/FileBrowserServiceTests.cs:line 67
   at System.Runtime.CompilerServices.AsyncMethodBuilderCore.Start[TStateMachine](TStateMachine&amp; stateMachine)
   at Microsoft.SqlTools.ServiceLayer.IntegrationTests.FileBrowser.FileBrowserServiceTests.HandleFileBrowserValidateRequestTest()</failure>
    </testcase>
    <testcase classname="Microsoft.SqlTools.ServiceLayer.IntegrationTests.FileBrowser.FileBrowserServiceTests" name="InvalidFileValidationTest" time="0.0042940" />
    <testcase classname="Microsoft.SqlTools.ServiceLayer.IntegrationTests.FileBrowser.FileBrowserServiceTests" name="OpenFileBrowserTest" time="0.0012010">
      <failure type="failure" message="  Cannot find any instance for version key: sqlOnPrem&#xA;  Expected: True&#xA;  But was:  False&#xA;">at Microsoft.SqlTools.ServiceLayer.Test.Common.TestConnectionProfileService.GetInstance(String key) in /Users/aasimkhan/src/sqltoolsservice/test/Microsoft.SqlTools.ServiceLayer.Test.Common/TestConnectionProfileService.cs:line 59
   at Microsoft.SqlTools.ServiceLayer.Test.Common.TestConnectionProfileService.GetConnectionParameters(String key, String databaseName) in /Users/aasimkhan/src/sqltoolsservice/test/Microsoft.SqlTools.ServiceLayer.Test.Common/TestConnectionProfileService.cs:line 65
   at Microsoft.SqlTools.ServiceLayer.Test.Common.TestConnectionProfileService.GetConnectionParameters(TestServerType serverType, String databaseName) in /Users/aasimkhan/src/sqltoolsservice/test/Microsoft.SqlTools.ServiceLayer.Test.Common/TestConnectionProfileService.cs:line 75
   at Microsoft.SqlTools.ServiceLayer.IntegrationTests.Utility.LiveConnectionHelper.InitLiveConnectionInfoAsync(String databaseName, String ownerUri, String connectionType, TestServerType serverType) in /Users/aasimkhan/src/sqltoolsservice/test/Microsoft.SqlTools.ServiceLayer.IntegrationTests/Utility/LiveConnectionHelper.cs:line 68
   at Microsoft.SqlTools.ServiceLayer.IntegrationTests.Utility.LiveConnectionHelper.InitLiveConnectionInfo(String databaseName, String ownerUri) in /Users/aasimkhan/src/sqltoolsservice/test/Microsoft.SqlTools.ServiceLayer.IntegrationTests/Utility/LiveConnectionHelper.cs:line 52
   at Microsoft.SqlTools.ServiceLayer.IntegrationTests.FileBrowser.FileBrowserServiceTests.OpenFileBrowserTest() in /Users/aasimkhan/src/sqltoolsservice/test/Microsoft.SqlTools.ServiceLayer.IntegrationTests/FileBrowser/FileBrowserServiceTests.cs:line 104
   at NUnit.Framework.Internal.TaskAwaitAdapter.GenericAdapter`1.GetResult()
   at NUnit.Framework.Internal.AsyncToSyncAdapter.Await(Func`1 invoke)
   at NUnit.Framework.Internal.Commands.TestMethodCommand.RunTestMethod(TestExecutionContext context)
   at NUnit.Framework.Internal.Commands.TestMethodCommand.Execute(TestExecutionContext context)
   at NUnit.Framework.Internal.Execution.SimpleWorkItem.&lt;&gt;c__DisplayClass4_0.&lt;PerformWork&gt;b__0()
   at NUnit.Framework.Internal.ContextUtils.&lt;&gt;c__DisplayClass1_0`1.&lt;DoIsolated&gt;b__0(Object _)

1)    at Microsoft.SqlTools.ServiceLayer.Test.Common.TestConnectionProfileService.GetInstance(String key) in /Users/aasimkhan/src/sqltoolsservice/test/Microsoft.SqlTools.ServiceLayer.Test.Common/TestConnectionProfileService.cs:line 59
   at Microsoft.SqlTools.ServiceLayer.Test.Common.TestConnectionProfileService.GetConnectionParameters(String key, String databaseName) in /Users/aasimkhan/src/sqltoolsservice/test/Microsoft.SqlTools.ServiceLayer.Test.Common/TestConnectionProfileService.cs:line 65
   at Microsoft.SqlTools.ServiceLayer.Test.Common.TestConnectionProfileService.GetConnectionParameters(TestServerType serverType, String databaseName) in /Users/aasimkhan/src/sqltoolsservice/test/Microsoft.SqlTools.ServiceLayer.Test.Common/TestConnectionProfileService.cs:line 75
   at Microsoft.SqlTools.ServiceLayer.IntegrationTests.Utility.LiveConnectionHelper.InitLiveConnectionInfoAsync(String databaseName, String ownerUri, String connectionType, TestServerType serverType) in /Users/aasimkhan/src/sqltoolsservice/test/Microsoft.SqlTools.ServiceLayer.IntegrationTests/Utility/LiveConnectionHelper.cs:line 68
   at System.Runtime.CompilerServices.AsyncMethodBuilderCore.Start[TStateMachine](TStateMachine&amp; stateMachine)
   at Microsoft.SqlTools.ServiceLayer.IntegrationTests.Utility.LiveConnectionHelper.InitLiveConnectionInfoAsync(String databaseName, String ownerUri, String connectionType, TestServerType serverType)
   at Microsoft.SqlTools.ServiceLayer.IntegrationTests.Utility.LiveConnectionHelper.InitLiveConnectionInfo(String databaseName, String ownerUri) in /Users/aasimkhan/src/sqltoolsservice/test/Microsoft.SqlTools.ServiceLayer.IntegrationTests/Utility/LiveConnectionHelper.cs:line 52
   at Microsoft.SqlTools.ServiceLayer.IntegrationTests.FileBrowser.FileBrowserServiceTests.OpenFileBrowserTest() in /Users/aasimkhan/src/sqltoolsservice/test/Microsoft.SqlTools.ServiceLayer.IntegrationTests/FileBrowser/FileBrowserServiceTests.cs:line 104
   at System.Runtime.CompilerServices.AsyncMethodBuilderCore.Start[TStateMachine](TStateMachine&amp; stateMachine)
   at Microsoft.SqlTools.ServiceLayer.IntegrationTests.FileBrowser.FileBrowserServiceTests.OpenFileBrowserTest()</failure>
    </testcase>
    <testcase classname="Microsoft.SqlTools.ServiceLayer.IntegrationTests.FileBrowser.FileBrowserServiceTests" name="ValidateSelectedFilesWithNullValidatorTest" time="0.0009920">
      <failure type="failure" message="  Cannot find any instance for version key: sqlOnPrem&#xA;  Expected: True&#xA;  But was:  False&#xA;">at Microsoft.SqlTools.ServiceLayer.Test.Common.TestConnectionProfileService.GetInstance(String key) in /Users/aasimkhan/src/sqltoolsservice/test/Microsoft.SqlTools.ServiceLayer.Test.Common/TestConnectionProfileService.cs:line 59
   at Microsoft.SqlTools.ServiceLayer.Test.Common.TestConnectionProfileService.GetConnectionParameters(String key, String databaseName) in /Users/aasimkhan/src/sqltoolsservice/test/Microsoft.SqlTools.ServiceLayer.Test.Common/TestConnectionProfileService.cs:line 65
   at Microsoft.SqlTools.ServiceLayer.Test.Common.TestConnectionProfileService.GetConnectionParameters(TestServerType serverType, String databaseName) in /Users/aasimkhan/src/sqltoolsservice/test/Microsoft.SqlTools.ServiceLayer.Test.Common/TestConnectionProfileService.cs:line 75
   at Microsoft.SqlTools.ServiceLayer.IntegrationTests.Utility.LiveConnectionHelper.InitLiveConnectionInfoAsync(String databaseName, String ownerUri, String connectionType, TestServerType serverType) in /Users/aasimkhan/src/sqltoolsservice/test/Microsoft.SqlTools.ServiceLayer.IntegrationTests/Utility/LiveConnectionHelper.cs:line 68
   at Microsoft.SqlTools.ServiceLayer.IntegrationTests.Utility.LiveConnectionHelper.InitLiveConnectionInfo(String databaseName, String ownerUri) in /Users/aasimkhan/src/sqltoolsservice/test/Microsoft.SqlTools.ServiceLayer.IntegrationTests/Utility/LiveConnectionHelper.cs:line 52
   at Microsoft.SqlTools.ServiceLayer.IntegrationTests.FileBrowser.FileBrowserServiceTests.ValidateSelectedFilesWithNullValidatorTest() in /Users/aasimkhan/src/sqltoolsservice/test/Microsoft.SqlTools.ServiceLayer.IntegrationTests/FileBrowser/FileBrowserServiceTests.cs:line 131
   at NUnit.Framework.Internal.TaskAwaitAdapter.GenericAdapter`1.GetResult()
   at NUnit.Framework.Internal.AsyncToSyncAdapter.Await(Func`1 invoke)
   at NUnit.Framework.Internal.Commands.TestMethodCommand.RunTestMethod(TestExecutionContext context)
   at NUnit.Framework.Internal.Commands.TestMethodCommand.Execute(TestExecutionContext context)
   at NUnit.Framework.Internal.Execution.SimpleWorkItem.&lt;&gt;c__DisplayClass4_0.&lt;PerformWork&gt;b__0()
   at NUnit.Framework.Internal.ContextUtils.&lt;&gt;c__DisplayClass1_0`1.&lt;DoIsolated&gt;b__0(Object _)

1)    at Microsoft.SqlTools.ServiceLayer.Test.Common.TestConnectionProfileService.GetInstance(String key) in /Users/aasimkhan/src/sqltoolsservice/test/Microsoft.SqlTools.ServiceLayer.Test.Common/TestConnectionProfileService.cs:line 59
   at Microsoft.SqlTools.ServiceLayer.Test.Common.TestConnectionProfileService.GetConnectionParameters(String key, String databaseName) in /Users/aasimkhan/src/sqltoolsservice/test/Microsoft.SqlTools.ServiceLayer.Test.Common/TestConnectionProfileService.cs:line 65
   at Microsoft.SqlTools.ServiceLayer.Test.Common.TestConnectionProfileService.GetConnectionParameters(TestServerType serverType, String databaseName) in /Users/aasimkhan/src/sqltoolsservice/test/Microsoft.SqlTools.ServiceLayer.Test.Common/TestConnectionProfileService.cs:line 75
   at Microsoft.SqlTools.ServiceLayer.IntegrationTests.Utility.LiveConnectionHelper.InitLiveConnectionInfoAsync(String databaseName, String ownerUri, String connectionType, TestServerType serverType) in /Users/aasimkhan/src/sqltoolsservice/test/Microsoft.SqlTools.ServiceLayer.IntegrationTests/Utility/LiveConnectionHelper.cs:line 68
   at System.Runtime.CompilerServices.AsyncMethodBuilderCore.Start[TStateMachine](TStateMachine&amp; stateMachine)
   at Microsoft.SqlTools.ServiceLayer.IntegrationTests.Utility.LiveConnectionHelper.InitLiveConnectionInfoAsync(String databaseName, String ownerUri, String connectionType, TestServerType serverType)
   at Microsoft.SqlTools.ServiceLayer.IntegrationTests.Utility.LiveConnectionHelper.InitLiveConnectionInfo(String databaseName, String ownerUri) in /Users/aasimkhan/src/sqltoolsservice/test/Microsoft.SqlTools.ServiceLayer.IntegrationTests/Utility/LiveConnectionHelper.cs:line 52
   at Microsoft.SqlTools.ServiceLayer.IntegrationTests.FileBrowser.FileBrowserServiceTests.ValidateSelectedFilesWithNullValidatorTest() in /Users/aasimkhan/src/sqltoolsservice/test/Microsoft.SqlTools.ServiceLayer.IntegrationTests/FileBrowser/FileBrowserServiceTests.cs:line 131
   at System.Runtime.CompilerServices.AsyncMethodBuilderCore.Start[TStateMachine](TStateMachine&amp; stateMachine)
   at Microsoft.SqlTools.ServiceLayer.IntegrationTests.FileBrowser.FileBrowserServiceTests.ValidateSelectedFilesWithNullValidatorTest()</failure>
    </testcase>
    <testcase classname="Microsoft.SqlTools.ServiceLayer.IntegrationTests.LanguageExtensibility.ExternalLanguageServiceTests" name="VerifyExternalLanguageDeleteRequest" time="0.0039660">
      <failure type="failure" message="  Cannot find any instance for version key: sqlOnPrem&#xA;  Expected: True&#xA;  But was:  False&#xA;">at Microsoft.SqlTools.ServiceLayer.Test.Common.TestConnectionProfileService.GetInstance(String key) in /Users/aasimkhan/src/sqltoolsservice/test/Microsoft.SqlTools.ServiceLayer.Test.Common/TestConnectionProfileService.cs:line 59
   at Microsoft.SqlTools.ServiceLayer.Test.Common.TestConnectionProfileService.GetConnectionParameters(String key, String databaseName) in /Users/aasimkhan/src/sqltoolsservice/test/Microsoft.SqlTools.ServiceLayer.Test.Common/TestConnectionProfileService.cs:line 65
   at Microsoft.SqlTools.ServiceLayer.Test.Common.TestConnectionProfileService.GetConnectionParameters(TestServerType serverType, String databaseName) in /Users/aasimkhan/src/sqltoolsservice/test/Microsoft.SqlTools.ServiceLayer.Test.Common/TestConnectionProfileService.cs:line 75
   at Microsoft.SqlTools.ServiceLayer.IntegrationTests.Utility.LiveConnectionHelper.InitLiveConnectionInfoAsync(String databaseName, String ownerUri, String connectionType, TestServerType serverType) in /Users/aasimkhan/src/sqltoolsservice/test/Microsoft.SqlTools.ServiceLayer.IntegrationTests/Utility/LiveConnectionHelper.cs:line 68
   at Microsoft.SqlTools.ServiceLayer.IntegrationTests.LanguageExtensibility.ExternalLanguageServiceTests.VerifyRequst[T](Func`3 test, Action`1 verify) in /Users/aasimkhan/src/sqltoolsservice/test/Microsoft.SqlTools.ServiceLayer.IntegrationTests/LanguageExtensibility/ExternalLanguageServiceTests.cs:line 299
   at Microsoft.SqlTools.ServiceLayer.IntegrationTests.LanguageExtensibility.ExternalLanguageServiceTests.VerifyExternalLanguageDeleteRequest() in /Users/aasimkhan/src/sqltoolsservice/test/Microsoft.SqlTools.ServiceLayer.IntegrationTests/LanguageExtensibility/ExternalLanguageServiceTests.cs:line 68
   at NUnit.Framework.Internal.TaskAwaitAdapter.GenericAdapter`1.GetResult()
   at NUnit.Framework.Internal.AsyncToSyncAdapter.Await(Func`1 invoke)
   at NUnit.Framework.Internal.Commands.TestMethodCommand.RunTestMethod(TestExecutionContext context)
   at NUnit.Framework.Internal.Commands.TestMethodCommand.Execute(TestExecutionContext context)
   at NUnit.Framework.Internal.Execution.SimpleWorkItem.&lt;&gt;c__DisplayClass4_0.&lt;PerformWork&gt;b__0()
   at NUnit.Framework.Internal.ContextUtils.&lt;&gt;c__DisplayClass1_0`1.&lt;DoIsolated&gt;b__0(Object _)

1)    at Microsoft.SqlTools.ServiceLayer.Test.Common.TestConnectionProfileService.GetInstance(String key) in /Users/aasimkhan/src/sqltoolsservice/test/Microsoft.SqlTools.ServiceLayer.Test.Common/TestConnectionProfileService.cs:line 59
   at Microsoft.SqlTools.ServiceLayer.Test.Common.TestConnectionProfileService.GetConnectionParameters(String key, String databaseName) in /Users/aasimkhan/src/sqltoolsservice/test/Microsoft.SqlTools.ServiceLayer.Test.Common/TestConnectionProfileService.cs:line 65
   at Microsoft.SqlTools.ServiceLayer.Test.Common.TestConnectionProfileService.GetConnectionParameters(TestServerType serverType, String databaseName) in /Users/aasimkhan/src/sqltoolsservice/test/Microsoft.SqlTools.ServiceLayer.Test.Common/TestConnectionProfileService.cs:line 75
   at Microsoft.SqlTools.ServiceLayer.IntegrationTests.Utility.LiveConnectionHelper.InitLiveConnectionInfoAsync(String databaseName, String ownerUri, String connectionType, TestServerType serverType) in /Users/aasimkhan/src/sqltoolsservice/test/Microsoft.SqlTools.ServiceLayer.IntegrationTests/Utility/LiveConnectionHelper.cs:line 68
   at System.Runtime.CompilerServices.AsyncMethodBuilderCore.Start[TStateMachine](TStateMachine&amp; stateMachine)
   at Microsoft.SqlTools.ServiceLayer.IntegrationTests.Utility.LiveConnectionHelper.InitLiveConnectionInfoAsync(String databaseName, String ownerUri, String connectionType, TestServerType serverType)
   at Microsoft.SqlTools.ServiceLayer.IntegrationTests.LanguageExtensibility.ExternalLanguageServiceTests.VerifyRequst[T](Func`3 test, Action`1 verify) in /Users/aasimkhan/src/sqltoolsservice/test/Microsoft.SqlTools.ServiceLayer.IntegrationTests/LanguageExtensibility/ExternalLanguageServiceTests.cs:line 299
   at System.Runtime.CompilerServices.AsyncMethodBuilderCore.Start[TStateMachine](TStateMachine&amp; stateMachine)
   at Microsoft.SqlTools.ServiceLayer.IntegrationTests.LanguageExtensibility.ExternalLanguageServiceTests.VerifyRequst[T](Func`3 test, Action`1 verify)
   at Microsoft.SqlTools.ServiceLayer.IntegrationTests.LanguageExtensibility.ExternalLanguageServiceTests.VerifyExternalLanguageDeleteRequest() in /Users/aasimkhan/src/sqltoolsservice/test/Microsoft.SqlTools.ServiceLayer.IntegrationTests/LanguageExtensibility/ExternalLanguageServiceTests.cs:line 68
   at System.Runtime.CompilerServices.AsyncMethodBuilderCore.Start[TStateMachine](TStateMachine&amp; stateMachine)
   at Microsoft.SqlTools.ServiceLayer.IntegrationTests.LanguageExtensibility.ExternalLanguageServiceTests.VerifyExternalLanguageDeleteRequest()</failure>
    </testcase>
    <testcase classname="Microsoft.SqlTools.ServiceLayer.IntegrationTests.LanguageExtensibility.ExternalLanguageServiceTests" name="VerifyExternalLanguageDeleteRequestConnectionFailures" time="0.0017370">
      <failure type="failure" message="  Cannot find any instance for version key: sqlOnPrem&#xA;  Expected: True&#xA;  But was:  False&#xA;">at Microsoft.SqlTools.ServiceLayer.Test.Common.TestConnectionProfileService.GetInstance(String key) in /Users/aasimkhan/src/sqltoolsservice/test/Microsoft.SqlTools.ServiceLayer.Test.Common/TestConnectionProfileService.cs:line 59
   at Microsoft.SqlTools.ServiceLayer.Test.Common.TestConnectionProfileService.GetConnectionParameters(String key, String databaseName) in /Users/aasimkhan/src/sqltoolsservice/test/Microsoft.SqlTools.ServiceLayer.Test.Common/TestConnectionProfileService.cs:line 65
   at Microsoft.SqlTools.ServiceLayer.Test.Common.TestConnectionProfileService.GetConnectionParameters(TestServerType serverType, String databaseName) in /Users/aasimkhan/src/sqltoolsservice/test/Microsoft.SqlTools.ServiceLayer.Test.Common/TestConnectionProfileService.cs:line 75
   at Microsoft.SqlTools.ServiceLayer.IntegrationTests.Utility.LiveConnectionHelper.InitLiveConnectionInfoAsync(String databaseName, String ownerUri, String connectionType, TestServerType serverType) in /Users/aasimkhan/src/sqltoolsservice/test/Microsoft.SqlTools.ServiceLayer.IntegrationTests/Utility/LiveConnectionHelper.cs:line 68
   at Microsoft.SqlTools.ServiceLayer.IntegrationTests.LanguageExtensibility.ExternalLanguageServiceTests.VerifyError[T](Func`3 test) in /Users/aasimkhan/src/sqltoolsservice/test/Microsoft.SqlTools.ServiceLayer.IntegrationTests/LanguageExtensibility/ExternalLanguageServiceTests.cs:line 316
   at Microsoft.SqlTools.ServiceLayer.IntegrationTests.LanguageExtensibility.ExternalLanguageServiceTests.VerifyExternalLanguageDeleteRequestConnectionFailures() in /Users/aasimkhan/src/sqltoolsservice/test/Microsoft.SqlTools.ServiceLayer.IntegrationTests/LanguageExtensibility/ExternalLanguageServiceTests.cs:line 123
   at NUnit.Framework.Internal.TaskAwaitAdapter.GenericAdapter`1.GetResult()
   at NUnit.Framework.Internal.AsyncToSyncAdapter.Await(Func`1 invoke)
   at NUnit.Framework.Internal.Commands.TestMethodCommand.RunTestMethod(TestExecutionContext context)
   at NUnit.Framework.Internal.Commands.TestMethodCommand.Execute(TestExecutionContext context)
   at NUnit.Framework.Internal.Execution.SimpleWorkItem.&lt;&gt;c__DisplayClass4_0.&lt;PerformWork&gt;b__0()
   at NUnit.Framework.Internal.ContextUtils.&lt;&gt;c__DisplayClass1_0`1.&lt;DoIsolated&gt;b__0(Object _)

1)    at Microsoft.SqlTools.ServiceLayer.Test.Common.TestConnectionProfileService.GetInstance(String key) in /Users/aasimkhan/src/sqltoolsservice/test/Microsoft.SqlTools.ServiceLayer.Test.Common/TestConnectionProfileService.cs:line 59
   at Microsoft.SqlTools.ServiceLayer.Test.Common.TestConnectionProfileService.GetConnectionParameters(String key, String databaseName) in /Users/aasimkhan/src/sqltoolsservice/test/Microsoft.SqlTools.ServiceLayer.Test.Common/TestConnectionProfileService.cs:line 65
   at Microsoft.SqlTools.ServiceLayer.Test.Common.TestConnectionProfileService.GetConnectionParameters(TestServerType serverType, String databaseName) in /Users/aasimkhan/src/sqltoolsservice/test/Microsoft.SqlTools.ServiceLayer.Test.Common/TestConnectionProfileService.cs:line 75
   at Microsoft.SqlTools.ServiceLayer.IntegrationTests.Utility.LiveConnectionHelper.InitLiveConnectionInfoAsync(String databaseName, String ownerUri, String connectionType, TestServerType serverType) in /Users/aasimkhan/src/sqltoolsservice/test/Microsoft.SqlTools.ServiceLayer.IntegrationTests/Utility/LiveConnectionHelper.cs:line 68
   at System.Runtime.CompilerServices.AsyncMethodBuilderCore.Start[TStateMachine](TStateMachine&amp; stateMachine)
   at Microsoft.SqlTools.ServiceLayer.IntegrationTests.Utility.LiveConnectionHelper.InitLiveConnectionInfoAsync(String databaseName, String ownerUri, String connectionType, TestServerType serverType)
   at Microsoft.SqlTools.ServiceLayer.IntegrationTests.LanguageExtensibility.ExternalLanguageServiceTests.VerifyError[T](Func`3 test) in /Users/aasimkhan/src/sqltoolsservice/test/Microsoft.SqlTools.ServiceLayer.IntegrationTests/LanguageExtensibility/ExternalLanguageServiceTests.cs:line 316
   at System.Runtime.CompilerServices.AsyncMethodBuilderCore.Start[TStateMachine](TStateMachine&amp; stateMachine)
   at Microsoft.SqlTools.ServiceLayer.IntegrationTests.LanguageExtensibility.ExternalLanguageServiceTests.VerifyError[T](Func`3 test)
   at Microsoft.SqlTools.ServiceLayer.IntegrationTests.LanguageExtensibility.ExternalLanguageServiceTests.VerifyExternalLanguageDeleteRequestConnectionFailures() in /Users/aasimkhan/src/sqltoolsservice/test/Microsoft.SqlTools.ServiceLayer.IntegrationTests/LanguageExtensibility/ExternalLanguageServiceTests.cs:line 123
   at System.Runtime.CompilerServices.AsyncMethodBuilderCore.Start[TStateMachine](TStateMachine&amp; stateMachine)
   at Microsoft.SqlTools.ServiceLayer.IntegrationTests.LanguageExtensibility.ExternalLanguageServiceTests.VerifyExternalLanguageDeleteRequestConnectionFailures()</failure>
    </testcase>
    <testcase classname="Microsoft.SqlTools.ServiceLayer.IntegrationTests.LanguageExtensibility.ExternalLanguageServiceTests" name="VerifyExternalLanguageDeleteRequestFailures" time="0.0014280">
      <failure type="failure" message="  Cannot find any instance for version key: sqlOnPrem&#xA;  Expected: True&#xA;  But was:  False&#xA;">at Microsoft.SqlTools.ServiceLayer.Test.Common.TestConnectionProfileService.GetInstance(String key) in /Users/aasimkhan/src/sqltoolsservice/test/Microsoft.SqlTools.ServiceLayer.Test.Common/TestConnectionProfileService.cs:line 59
   at Microsoft.SqlTools.ServiceLayer.Test.Common.TestConnectionProfileService.GetConnectionParameters(String key, String databaseName) in /Users/aasimkhan/src/sqltoolsservice/test/Microsoft.SqlTools.ServiceLayer.Test.Common/TestConnectionProfileService.cs:line 65
   at Microsoft.SqlTools.ServiceLayer.Test.Common.TestConnectionProfileService.GetConnectionParameters(TestServerType serverType, String databaseName) in /Users/aasimkhan/src/sqltoolsservice/test/Microsoft.SqlTools.ServiceLayer.Test.Common/TestConnectionProfileService.cs:line 75
   at Microsoft.SqlTools.ServiceLayer.IntegrationTests.Utility.LiveConnectionHelper.InitLiveConnectionInfoAsync(String databaseName, String ownerUri, String connectionType, TestServerType serverType) in /Users/aasimkhan/src/sqltoolsservice/test/Microsoft.SqlTools.ServiceLayer.IntegrationTests/Utility/LiveConnectionHelper.cs:line 68
   at Microsoft.SqlTools.ServiceLayer.IntegrationTests.LanguageExtensibility.ExternalLanguageServiceTests.VerifyExternalLanguageDeleteRequestFailures() in /Users/aasimkhan/src/sqltoolsservice/test/Microsoft.SqlTools.ServiceLayer.IntegrationTests/LanguageExtensibility/ExternalLanguageServiceTests.cs:line 100
   at NUnit.Framework.Internal.TaskAwaitAdapter.GenericAdapter`1.GetResult()
   at NUnit.Framework.Internal.AsyncToSyncAdapter.Await(Func`1 invoke)
   at NUnit.Framework.Internal.Commands.TestMethodCommand.RunTestMethod(TestExecutionContext context)
   at NUnit.Framework.Internal.Commands.TestMethodCommand.Execute(TestExecutionContext context)
   at NUnit.Framework.Internal.Execution.SimpleWorkItem.&lt;&gt;c__DisplayClass4_0.&lt;PerformWork&gt;b__0()
   at NUnit.Framework.Internal.ContextUtils.&lt;&gt;c__DisplayClass1_0`1.&lt;DoIsolated&gt;b__0(Object _)

1)    at Microsoft.SqlTools.ServiceLayer.Test.Common.TestConnectionProfileService.GetInstance(String key) in /Users/aasimkhan/src/sqltoolsservice/test/Microsoft.SqlTools.ServiceLayer.Test.Common/TestConnectionProfileService.cs:line 59
   at Microsoft.SqlTools.ServiceLayer.Test.Common.TestConnectionProfileService.GetConnectionParameters(String key, String databaseName) in /Users/aasimkhan/src/sqltoolsservice/test/Microsoft.SqlTools.ServiceLayer.Test.Common/TestConnectionProfileService.cs:line 65
   at Microsoft.SqlTools.ServiceLayer.Test.Common.TestConnectionProfileService.GetConnectionParameters(TestServerType serverType, String databaseName) in /Users/aasimkhan/src/sqltoolsservice/test/Microsoft.SqlTools.ServiceLayer.Test.Common/TestConnectionProfileService.cs:line 75
   at Microsoft.SqlTools.ServiceLayer.IntegrationTests.Utility.LiveConnectionHelper.InitLiveConnectionInfoAsync(String databaseName, String ownerUri, String connectionType, TestServerType serverType) in /Users/aasimkhan/src/sqltoolsservice/test/Microsoft.SqlTools.ServiceLayer.IntegrationTests/Utility/LiveConnectionHelper.cs:line 68
   at System.Runtime.CompilerServices.AsyncMethodBuilderCore.Start[TStateMachine](TStateMachine&amp; stateMachine)
   at Microsoft.SqlTools.ServiceLayer.IntegrationTests.Utility.LiveConnectionHelper.InitLiveConnectionInfoAsync(String databaseName, String ownerUri, String connectionType, TestServerType serverType)
   at Microsoft.SqlTools.ServiceLayer.IntegrationTests.LanguageExtensibility.ExternalLanguageServiceTests.VerifyExternalLanguageDeleteRequestFailures() in /Users/aasimkhan/src/sqltoolsservice/test/Microsoft.SqlTools.ServiceLayer.IntegrationTests/LanguageExtensibility/ExternalLanguageServiceTests.cs:line 100
   at System.Runtime.CompilerServices.AsyncMethodBuilderCore.Start[TStateMachine](TStateMachine&amp; stateMachine)
   at Microsoft.SqlTools.ServiceLayer.IntegrationTests.LanguageExtensibility.ExternalLanguageServiceTests.VerifyExternalLanguageDeleteRequestFailures()</failure>
    </testcase>
    <testcase classname="Microsoft.SqlTools.ServiceLayer.IntegrationTests.LanguageExtensibility.ExternalLanguageServiceTests" name="VerifyExternalLanguageListRequest" time="0.0012820">
      <failure type="failure" message="  Cannot find any instance for version key: sqlOnPrem&#xA;  Expected: True&#xA;  But was:  False&#xA;">at Microsoft.SqlTools.ServiceLayer.Test.Common.TestConnectionProfileService.GetInstance(String key) in /Users/aasimkhan/src/sqltoolsservice/test/Microsoft.SqlTools.ServiceLayer.Test.Common/TestConnectionProfileService.cs:line 59
   at Microsoft.SqlTools.ServiceLayer.Test.Common.TestConnectionProfileService.GetConnectionParameters(String key, String databaseName) in /Users/aasimkhan/src/sqltoolsservice/test/Microsoft.SqlTools.ServiceLayer.Test.Common/TestConnectionProfileService.cs:line 65
   at Microsoft.SqlTools.ServiceLayer.Test.Common.TestConnectionProfileService.GetConnectionParameters(TestServerType serverType, String databaseName) in /Users/aasimkhan/src/sqltoolsservice/test/Microsoft.SqlTools.ServiceLayer.Test.Common/TestConnectionProfileService.cs:line 75
   at Microsoft.SqlTools.ServiceLayer.IntegrationTests.Utility.LiveConnectionHelper.InitLiveConnectionInfoAsync(String databaseName, String ownerUri, String connectionType, TestServerType serverType) in /Users/aasimkhan/src/sqltoolsservice/test/Microsoft.SqlTools.ServiceLayer.IntegrationTests/Utility/LiveConnectionHelper.cs:line 68
   at Microsoft.SqlTools.ServiceLayer.IntegrationTests.LanguageExtensibility.ExternalLanguageServiceTests.VerifyRequst[T](Func`3 test, Action`1 verify) in /Users/aasimkhan/src/sqltoolsservice/test/Microsoft.SqlTools.ServiceLayer.IntegrationTests/LanguageExtensibility/ExternalLanguageServiceTests.cs:line 299
   at Microsoft.SqlTools.ServiceLayer.IntegrationTests.LanguageExtensibility.ExternalLanguageServiceTests.VerifyExternalLanguageListRequest() in /Users/aasimkhan/src/sqltoolsservice/test/Microsoft.SqlTools.ServiceLayer.IntegrationTests/LanguageExtensibility/ExternalLanguageServiceTests.cs:line 230
   at NUnit.Framework.Internal.TaskAwaitAdapter.GenericAdapter`1.GetResult()
   at NUnit.Framework.Internal.AsyncToSyncAdapter.Await(Func`1 invoke)
   at NUnit.Framework.Internal.Commands.TestMethodCommand.RunTestMethod(TestExecutionContext context)
   at NUnit.Framework.Internal.Commands.TestMethodCommand.Execute(TestExecutionContext context)
   at NUnit.Framework.Internal.Execution.SimpleWorkItem.&lt;&gt;c__DisplayClass4_0.&lt;PerformWork&gt;b__0()
   at NUnit.Framework.Internal.ContextUtils.&lt;&gt;c__DisplayClass1_0`1.&lt;DoIsolated&gt;b__0(Object _)

1)    at Microsoft.SqlTools.ServiceLayer.Test.Common.TestConnectionProfileService.GetInstance(String key) in /Users/aasimkhan/src/sqltoolsservice/test/Microsoft.SqlTools.ServiceLayer.Test.Common/TestConnectionProfileService.cs:line 59
   at Microsoft.SqlTools.ServiceLayer.Test.Common.TestConnectionProfileService.GetConnectionParameters(String key, String databaseName) in /Users/aasimkhan/src/sqltoolsservice/test/Microsoft.SqlTools.ServiceLayer.Test.Common/TestConnectionProfileService.cs:line 65
   at Microsoft.SqlTools.ServiceLayer.Test.Common.TestConnectionProfileService.GetConnectionParameters(TestServerType serverType, String databaseName) in /Users/aasimkhan/src/sqltoolsservice/test/Microsoft.SqlTools.ServiceLayer.Test.Common/TestConnectionProfileService.cs:line 75
   at Microsoft.SqlTools.ServiceLayer.IntegrationTests.Utility.LiveConnectionHelper.InitLiveConnectionInfoAsync(String databaseName, String ownerUri, String connectionType, TestServerType serverType) in /Users/aasimkhan/src/sqltoolsservice/test/Microsoft.SqlTools.ServiceLayer.IntegrationTests/Utility/LiveConnectionHelper.cs:line 68
   at System.Runtime.CompilerServices.AsyncMethodBuilderCore.Start[TStateMachine](TStateMachine&amp; stateMachine)
   at Microsoft.SqlTools.ServiceLayer.IntegrationTests.Utility.LiveConnectionHelper.InitLiveConnectionInfoAsync(String databaseName, String ownerUri, String connectionType, TestServerType serverType)
   at Microsoft.SqlTools.ServiceLayer.IntegrationTests.LanguageExtensibility.ExternalLanguageServiceTests.VerifyRequst[T](Func`3 test, Action`1 verify) in /Users/aasimkhan/src/sqltoolsservice/test/Microsoft.SqlTools.ServiceLayer.IntegrationTests/LanguageExtensibility/ExternalLanguageServiceTests.cs:line 299
   at System.Runtime.CompilerServices.AsyncMethodBuilderCore.Start[TStateMachine](TStateMachine&amp; stateMachine)
   at Microsoft.SqlTools.ServiceLayer.IntegrationTests.LanguageExtensibility.ExternalLanguageServiceTests.VerifyRequst[T](Func`3 test, Action`1 verify)
   at Microsoft.SqlTools.ServiceLayer.IntegrationTests.LanguageExtensibility.ExternalLanguageServiceTests.VerifyExternalLanguageListRequest() in /Users/aasimkhan/src/sqltoolsservice/test/Microsoft.SqlTools.ServiceLayer.IntegrationTests/LanguageExtensibility/ExternalLanguageServiceTests.cs:line 230
   at System.Runtime.CompilerServices.AsyncMethodBuilderCore.Start[TStateMachine](TStateMachine&amp; stateMachine)
   at Microsoft.SqlTools.ServiceLayer.IntegrationTests.LanguageExtensibility.ExternalLanguageServiceTests.VerifyExternalLanguageListRequest()</failure>
    </testcase>
    <testcase classname="Microsoft.SqlTools.ServiceLayer.IntegrationTests.LanguageExtensibility.ExternalLanguageServiceTests" name="VerifyExternalLanguageStatusRequest" time="0.0009210">
      <failure type="failure" message="  Cannot find any instance for version key: sqlOnPrem&#xA;  Expected: True&#xA;  But was:  False&#xA;">at Microsoft.SqlTools.ServiceLayer.Test.Common.TestConnectionProfileService.GetInstance(String key) in /Users/aasimkhan/src/sqltoolsservice/test/Microsoft.SqlTools.ServiceLayer.Test.Common/TestConnectionProfileService.cs:line 59
   at Microsoft.SqlTools.ServiceLayer.Test.Common.TestConnectionProfileService.GetConnectionParameters(String key, String databaseName) in /Users/aasimkhan/src/sqltoolsservice/test/Microsoft.SqlTools.ServiceLayer.Test.Common/TestConnectionProfileService.cs:line 65
   at Microsoft.SqlTools.ServiceLayer.Test.Common.TestConnectionProfileService.GetConnectionParameters(TestServerType serverType, String databaseName) in /Users/aasimkhan/src/sqltoolsservice/test/Microsoft.SqlTools.ServiceLayer.Test.Common/TestConnectionProfileService.cs:line 75
   at Microsoft.SqlTools.ServiceLayer.IntegrationTests.Utility.LiveConnectionHelper.InitLiveConnectionInfoAsync(String databaseName, String ownerUri, String connectionType, TestServerType serverType) in /Users/aasimkhan/src/sqltoolsservice/test/Microsoft.SqlTools.ServiceLayer.IntegrationTests/Utility/LiveConnectionHelper.cs:line 68
   at Microsoft.SqlTools.ServiceLayer.IntegrationTests.LanguageExtensibility.ExternalLanguageServiceTests.VerifyExternalLanguageStatusRequest() in /Users/aasimkhan/src/sqltoolsservice/test/Microsoft.SqlTools.ServiceLayer.IntegrationTests/LanguageExtensibility/ExternalLanguageServiceTests.cs:line 34
   at NUnit.Framework.Internal.TaskAwaitAdapter.GenericAdapter`1.GetResult()
   at NUnit.Framework.Internal.AsyncToSyncAdapter.Await(Func`1 invoke)
   at NUnit.Framework.Internal.Commands.TestMethodCommand.RunTestMethod(TestExecutionContext context)
   at NUnit.Framework.Internal.Commands.TestMethodCommand.Execute(TestExecutionContext context)
   at NUnit.Framework.Internal.Execution.SimpleWorkItem.&lt;&gt;c__DisplayClass4_0.&lt;PerformWork&gt;b__0()
   at NUnit.Framework.Internal.ContextUtils.&lt;&gt;c__DisplayClass1_0`1.&lt;DoIsolated&gt;b__0(Object _)

1)    at Microsoft.SqlTools.ServiceLayer.Test.Common.TestConnectionProfileService.GetInstance(String key) in /Users/aasimkhan/src/sqltoolsservice/test/Microsoft.SqlTools.ServiceLayer.Test.Common/TestConnectionProfileService.cs:line 59
   at Microsoft.SqlTools.ServiceLayer.Test.Common.TestConnectionProfileService.GetConnectionParameters(String key, String databaseName) in /Users/aasimkhan/src/sqltoolsservice/test/Microsoft.SqlTools.ServiceLayer.Test.Common/TestConnectionProfileService.cs:line 65
   at Microsoft.SqlTools.ServiceLayer.Test.Common.TestConnectionProfileService.GetConnectionParameters(TestServerType serverType, String databaseName) in /Users/aasimkhan/src/sqltoolsservice/test/Microsoft.SqlTools.ServiceLayer.Test.Common/TestConnectionProfileService.cs:line 75
   at Microsoft.SqlTools.ServiceLayer.IntegrationTests.Utility.LiveConnectionHelper.InitLiveConnectionInfoAsync(String databaseName, String ownerUri, String connectionType, TestServerType serverType) in /Users/aasimkhan/src/sqltoolsservice/test/Microsoft.SqlTools.ServiceLayer.IntegrationTests/Utility/LiveConnectionHelper.cs:line 68
   at System.Runtime.CompilerServices.AsyncMethodBuilderCore.Start[TStateMachine](TStateMachine&amp; stateMachine)
   at Microsoft.SqlTools.ServiceLayer.IntegrationTests.Utility.LiveConnectionHelper.InitLiveConnectionInfoAsync(String databaseName, String ownerUri, String connectionType, TestServerType serverType)
   at Microsoft.SqlTools.ServiceLayer.IntegrationTests.LanguageExtensibility.ExternalLanguageServiceTests.VerifyExternalLanguageStatusRequest() in /Users/aasimkhan/src/sqltoolsservice/test/Microsoft.SqlTools.ServiceLayer.IntegrationTests/LanguageExtensibility/ExternalLanguageServiceTests.cs:line 34
   at System.Runtime.CompilerServices.AsyncMethodBuilderCore.Start[TStateMachine](TStateMachine&amp; stateMachine)
   at Microsoft.SqlTools.ServiceLayer.IntegrationTests.LanguageExtensibility.ExternalLanguageServiceTests.VerifyExternalLanguageStatusRequest()</failure>
    </testcase>
    <testcase classname="Microsoft.SqlTools.ServiceLayer.IntegrationTests.LanguageExtensibility.ExternalLanguageServiceTests" name="VerifyExternalLanguageStatusRequestSendErrorGivenInvalidConnection" time="0.0052720" />
    <testcase classname="Microsoft.SqlTools.ServiceLayer.IntegrationTests.LanguageExtensibility.ExternalLanguageServiceTests" name="VerifyExternalLanguageUpdateRequest" time="0.0017330">
      <failure type="failure" message="  Cannot find any instance for version key: sqlOnPrem&#xA;  Expected: True&#xA;  But was:  False&#xA;">at Microsoft.SqlTools.ServiceLayer.Test.Common.TestConnectionProfileService.GetInstance(String key) in /Users/aasimkhan/src/sqltoolsservice/test/Microsoft.SqlTools.ServiceLayer.Test.Common/TestConnectionProfileService.cs:line 59
   at Microsoft.SqlTools.ServiceLayer.Test.Common.TestConnectionProfileService.GetConnectionParameters(String key, String databaseName) in /Users/aasimkhan/src/sqltoolsservice/test/Microsoft.SqlTools.ServiceLayer.Test.Common/TestConnectionProfileService.cs:line 65
   at Microsoft.SqlTools.ServiceLayer.Test.Common.TestConnectionProfileService.GetConnectionParameters(TestServerType serverType, String databaseName) in /Users/aasimkhan/src/sqltoolsservice/test/Microsoft.SqlTools.ServiceLayer.Test.Common/TestConnectionProfileService.cs:line 75
   at Microsoft.SqlTools.ServiceLayer.IntegrationTests.Utility.LiveConnectionHelper.InitLiveConnectionInfoAsync(String databaseName, String ownerUri, String connectionType, TestServerType serverType) in /Users/aasimkhan/src/sqltoolsservice/test/Microsoft.SqlTools.ServiceLayer.IntegrationTests/Utility/LiveConnectionHelper.cs:line 68
   at Microsoft.SqlTools.ServiceLayer.IntegrationTests.LanguageExtensibility.ExternalLanguageServiceTests.VerifyRequst[T](Func`3 test, Action`1 verify) in /Users/aasimkhan/src/sqltoolsservice/test/Microsoft.SqlTools.ServiceLayer.IntegrationTests/LanguageExtensibility/ExternalLanguageServiceTests.cs:line 299
   at Microsoft.SqlTools.ServiceLayer.IntegrationTests.LanguageExtensibility.ExternalLanguageServiceTests.VerifyExternalLanguageUpdateRequest() in /Users/aasimkhan/src/sqltoolsservice/test/Microsoft.SqlTools.ServiceLayer.IntegrationTests/LanguageExtensibility/ExternalLanguageServiceTests.cs:line 149
   at NUnit.Framework.Internal.TaskAwaitAdapter.GenericAdapter`1.GetResult()
   at NUnit.Framework.Internal.AsyncToSyncAdapter.Await(Func`1 invoke)
   at NUnit.Framework.Internal.Commands.TestMethodCommand.RunTestMethod(TestExecutionContext context)
   at NUnit.Framework.Internal.Commands.TestMethodCommand.Execute(TestExecutionContext context)
   at NUnit.Framework.Internal.Execution.SimpleWorkItem.&lt;&gt;c__DisplayClass4_0.&lt;PerformWork&gt;b__0()
   at NUnit.Framework.Internal.ContextUtils.&lt;&gt;c__DisplayClass1_0`1.&lt;DoIsolated&gt;b__0(Object _)

1)    at Microsoft.SqlTools.ServiceLayer.Test.Common.TestConnectionProfileService.GetInstance(String key) in /Users/aasimkhan/src/sqltoolsservice/test/Microsoft.SqlTools.ServiceLayer.Test.Common/TestConnectionProfileService.cs:line 59
   at Microsoft.SqlTools.ServiceLayer.Test.Common.TestConnectionProfileService.GetConnectionParameters(String key, String databaseName) in /Users/aasimkhan/src/sqltoolsservice/test/Microsoft.SqlTools.ServiceLayer.Test.Common/TestConnectionProfileService.cs:line 65
   at Microsoft.SqlTools.ServiceLayer.Test.Common.TestConnectionProfileService.GetConnectionParameters(TestServerType serverType, String databaseName) in /Users/aasimkhan/src/sqltoolsservice/test/Microsoft.SqlTools.ServiceLayer.Test.Common/TestConnectionProfileService.cs:line 75
   at Microsoft.SqlTools.ServiceLayer.IntegrationTests.Utility.LiveConnectionHelper.InitLiveConnectionInfoAsync(String databaseName, String ownerUri, String connectionType, TestServerType serverType) in /Users/aasimkhan/src/sqltoolsservice/test/Microsoft.SqlTools.ServiceLayer.IntegrationTests/Utility/LiveConnectionHelper.cs:line 68
   at System.Runtime.CompilerServices.AsyncMethodBuilderCore.Start[TStateMachine](TStateMachine&amp; stateMachine)
   at Microsoft.SqlTools.ServiceLayer.IntegrationTests.Utility.LiveConnectionHelper.InitLiveConnectionInfoAsync(String databaseName, String ownerUri, String connectionType, TestServerType serverType)
   at Microsoft.SqlTools.ServiceLayer.IntegrationTests.LanguageExtensibility.ExternalLanguageServiceTests.VerifyRequst[T](Func`3 test, Action`1 verify) in /Users/aasimkhan/src/sqltoolsservice/test/Microsoft.SqlTools.ServiceLayer.IntegrationTests/LanguageExtensibility/ExternalLanguageServiceTests.cs:line 299
   at System.Runtime.CompilerServices.AsyncMethodBuilderCore.Start[TStateMachine](TStateMachine&amp; stateMachine)
   at Microsoft.SqlTools.ServiceLayer.IntegrationTests.LanguageExtensibility.ExternalLanguageServiceTests.VerifyRequst[T](Func`3 test, Action`1 verify)
   at Microsoft.SqlTools.ServiceLayer.IntegrationTests.LanguageExtensibility.ExternalLanguageServiceTests.VerifyExternalLanguageUpdateRequest() in /Users/aasimkhan/src/sqltoolsservice/test/Microsoft.SqlTools.ServiceLayer.IntegrationTests/LanguageExtensibility/ExternalLanguageServiceTests.cs:line 149
   at System.Runtime.CompilerServices.AsyncMethodBuilderCore.Start[TStateMachine](TStateMachine&amp; stateMachine)
   at Microsoft.SqlTools.ServiceLayer.IntegrationTests.LanguageExtensibility.ExternalLanguageServiceTests.VerifyExternalLanguageUpdateRequest()</failure>
    </testcase>
    <testcase classname="Microsoft.SqlTools.ServiceLayer.IntegrationTests.LanguageExtensibility.ExternalLanguageServiceTests" name="VerifyExternalLanguageUpdateRequestConnectionFailures" time="0.0010130">
      <failure type="failure" message="  Cannot find any instance for version key: sqlOnPrem&#xA;  Expected: True&#xA;  But was:  False&#xA;">at Microsoft.SqlTools.ServiceLayer.Test.Common.TestConnectionProfileService.GetInstance(String key) in /Users/aasimkhan/src/sqltoolsservice/test/Microsoft.SqlTools.ServiceLayer.Test.Common/TestConnectionProfileService.cs:line 59
   at Microsoft.SqlTools.ServiceLayer.Test.Common.TestConnectionProfileService.GetConnectionParameters(String key, String databaseName) in /Users/aasimkhan/src/sqltoolsservice/test/Microsoft.SqlTools.ServiceLayer.Test.Common/TestConnectionProfileService.cs:line 65
   at Microsoft.SqlTools.ServiceLayer.Test.Common.TestConnectionProfileService.GetConnectionParameters(TestServerType serverType, String databaseName) in /Users/aasimkhan/src/sqltoolsservice/test/Microsoft.SqlTools.ServiceLayer.Test.Common/TestConnectionProfileService.cs:line 75
   at Microsoft.SqlTools.ServiceLayer.IntegrationTests.Utility.LiveConnectionHelper.InitLiveConnectionInfoAsync(String databaseName, String ownerUri, String connectionType, TestServerType serverType) in /Users/aasimkhan/src/sqltoolsservice/test/Microsoft.SqlTools.ServiceLayer.IntegrationTests/Utility/LiveConnectionHelper.cs:line 68
   at Microsoft.SqlTools.ServiceLayer.IntegrationTests.LanguageExtensibility.ExternalLanguageServiceTests.VerifyError[T](Func`3 test) in /Users/aasimkhan/src/sqltoolsservice/test/Microsoft.SqlTools.ServiceLayer.IntegrationTests/LanguageExtensibility/ExternalLanguageServiceTests.cs:line 316
   at Microsoft.SqlTools.ServiceLayer.IntegrationTests.LanguageExtensibility.ExternalLanguageServiceTests.VerifyExternalLanguageUpdateRequestConnectionFailures() in /Users/aasimkhan/src/sqltoolsservice/test/Microsoft.SqlTools.ServiceLayer.IntegrationTests/LanguageExtensibility/ExternalLanguageServiceTests.cs:line 204
   at NUnit.Framework.Internal.TaskAwaitAdapter.GenericAdapter`1.GetResult()
   at NUnit.Framework.Internal.AsyncToSyncAdapter.Await(Func`1 invoke)
   at NUnit.Framework.Internal.Commands.TestMethodCommand.RunTestMethod(TestExecutionContext context)
   at NUnit.Framework.Internal.Commands.TestMethodCommand.Execute(TestExecutionContext context)
   at NUnit.Framework.Internal.Execution.SimpleWorkItem.&lt;&gt;c__DisplayClass4_0.&lt;PerformWork&gt;b__0()
   at NUnit.Framework.Internal.ContextUtils.&lt;&gt;c__DisplayClass1_0`1.&lt;DoIsolated&gt;b__0(Object _)

1)    at Microsoft.SqlTools.ServiceLayer.Test.Common.TestConnectionProfileService.GetInstance(String key) in /Users/aasimkhan/src/sqltoolsservice/test/Microsoft.SqlTools.ServiceLayer.Test.Common/TestConnectionProfileService.cs:line 59
   at Microsoft.SqlTools.ServiceLayer.Test.Common.TestConnectionProfileService.GetConnectionParameters(String key, String databaseName) in /Users/aasimkhan/src/sqltoolsservice/test/Microsoft.SqlTools.ServiceLayer.Test.Common/TestConnectionProfileService.cs:line 65
   at Microsoft.SqlTools.ServiceLayer.Test.Common.TestConnectionProfileService.GetConnectionParameters(TestServerType serverType, String databaseName) in /Users/aasimkhan/src/sqltoolsservice/test/Microsoft.SqlTools.ServiceLayer.Test.Common/TestConnectionProfileService.cs:line 75
   at Microsoft.SqlTools.ServiceLayer.IntegrationTests.Utility.LiveConnectionHelper.InitLiveConnectionInfoAsync(String databaseName, String ownerUri, String connectionType, TestServerType serverType) in /Users/aasimkhan/src/sqltoolsservice/test/Microsoft.SqlTools.ServiceLayer.IntegrationTests/Utility/LiveConnectionHelper.cs:line 68
   at System.Runtime.CompilerServices.AsyncMethodBuilderCore.Start[TStateMachine](TStateMachine&amp; stateMachine)
   at Microsoft.SqlTools.ServiceLayer.IntegrationTests.Utility.LiveConnectionHelper.InitLiveConnectionInfoAsync(String databaseName, String ownerUri, String connectionType, TestServerType serverType)
   at Microsoft.SqlTools.ServiceLayer.IntegrationTests.LanguageExtensibility.ExternalLanguageServiceTests.VerifyError[T](Func`3 test) in /Users/aasimkhan/src/sqltoolsservice/test/Microsoft.SqlTools.ServiceLayer.IntegrationTests/LanguageExtensibility/ExternalLanguageServiceTests.cs:line 316
   at System.Runtime.CompilerServices.AsyncMethodBuilderCore.Start[TStateMachine](TStateMachine&amp; stateMachine)
   at Microsoft.SqlTools.ServiceLayer.IntegrationTests.LanguageExtensibility.ExternalLanguageServiceTests.VerifyError[T](Func`3 test)
   at Microsoft.SqlTools.ServiceLayer.IntegrationTests.LanguageExtensibility.ExternalLanguageServiceTests.VerifyExternalLanguageUpdateRequestConnectionFailures() in /Users/aasimkhan/src/sqltoolsservice/test/Microsoft.SqlTools.ServiceLayer.IntegrationTests/LanguageExtensibility/ExternalLanguageServiceTests.cs:line 204
   at System.Runtime.CompilerServices.AsyncMethodBuilderCore.Start[TStateMachine](TStateMachine&amp; stateMachine)
   at Microsoft.SqlTools.ServiceLayer.IntegrationTests.LanguageExtensibility.ExternalLanguageServiceTests.VerifyExternalLanguageUpdateRequestConnectionFailures()</failure>
    </testcase>
    <testcase classname="Microsoft.SqlTools.ServiceLayer.IntegrationTests.LanguageExtensibility.ExternalLanguageServiceTests" name="VerifyExternalLanguageUpdateRequestFailures" time="0.0012890">
      <failure type="failure" message="  Cannot find any instance for version key: sqlOnPrem&#xA;  Expected: True&#xA;  But was:  False&#xA;">at Microsoft.SqlTools.ServiceLayer.Test.Common.TestConnectionProfileService.GetInstance(String key) in /Users/aasimkhan/src/sqltoolsservice/test/Microsoft.SqlTools.ServiceLayer.Test.Common/TestConnectionProfileService.cs:line 59
   at Microsoft.SqlTools.ServiceLayer.Test.Common.TestConnectionProfileService.GetConnectionParameters(String key, String databaseName) in /Users/aasimkhan/src/sqltoolsservice/test/Microsoft.SqlTools.ServiceLayer.Test.Common/TestConnectionProfileService.cs:line 65
   at Microsoft.SqlTools.ServiceLayer.Test.Common.TestConnectionProfileService.GetConnectionParameters(TestServerType serverType, String databaseName) in /Users/aasimkhan/src/sqltoolsservice/test/Microsoft.SqlTools.ServiceLayer.Test.Common/TestConnectionProfileService.cs:line 75
   at Microsoft.SqlTools.ServiceLayer.IntegrationTests.Utility.LiveConnectionHelper.InitLiveConnectionInfoAsync(String databaseName, String ownerUri, String connectionType, TestServerType serverType) in /Users/aasimkhan/src/sqltoolsservice/test/Microsoft.SqlTools.ServiceLayer.IntegrationTests/Utility/LiveConnectionHelper.cs:line 68
   at Microsoft.SqlTools.ServiceLayer.IntegrationTests.LanguageExtensibility.ExternalLanguageServiceTests.VerifyExternalLanguageUpdateRequestFailures() in /Users/aasimkhan/src/sqltoolsservice/test/Microsoft.SqlTools.ServiceLayer.IntegrationTests/LanguageExtensibility/ExternalLanguageServiceTests.cs:line 181
   at NUnit.Framework.Internal.TaskAwaitAdapter.GenericAdapter`1.GetResult()
   at NUnit.Framework.Internal.AsyncToSyncAdapter.Await(Func`1 invoke)
   at NUnit.Framework.Internal.Commands.TestMethodCommand.RunTestMethod(TestExecutionContext context)
   at NUnit.Framework.Internal.Commands.TestMethodCommand.Execute(TestExecutionContext context)
   at NUnit.Framework.Internal.Execution.SimpleWorkItem.&lt;&gt;c__DisplayClass4_0.&lt;PerformWork&gt;b__0()
   at NUnit.Framework.Internal.ContextUtils.&lt;&gt;c__DisplayClass1_0`1.&lt;DoIsolated&gt;b__0(Object _)

1)    at Microsoft.SqlTools.ServiceLayer.Test.Common.TestConnectionProfileService.GetInstance(String key) in /Users/aasimkhan/src/sqltoolsservice/test/Microsoft.SqlTools.ServiceLayer.Test.Common/TestConnectionProfileService.cs:line 59
   at Microsoft.SqlTools.ServiceLayer.Test.Common.TestConnectionProfileService.GetConnectionParameters(String key, String databaseName) in /Users/aasimkhan/src/sqltoolsservice/test/Microsoft.SqlTools.ServiceLayer.Test.Common/TestConnectionProfileService.cs:line 65
   at Microsoft.SqlTools.ServiceLayer.Test.Common.TestConnectionProfileService.GetConnectionParameters(TestServerType serverType, String databaseName) in /Users/aasimkhan/src/sqltoolsservice/test/Microsoft.SqlTools.ServiceLayer.Test.Common/TestConnectionProfileService.cs:line 75
   at Microsoft.SqlTools.ServiceLayer.IntegrationTests.Utility.LiveConnectionHelper.InitLiveConnectionInfoAsync(String databaseName, String ownerUri, String connectionType, TestServerType serverType) in /Users/aasimkhan/src/sqltoolsservice/test/Microsoft.SqlTools.ServiceLayer.IntegrationTests/Utility/LiveConnectionHelper.cs:line 68
   at System.Runtime.CompilerServices.AsyncMethodBuilderCore.Start[TStateMachine](TStateMachine&amp; stateMachine)
   at Microsoft.SqlTools.ServiceLayer.IntegrationTests.Utility.LiveConnectionHelper.InitLiveConnectionInfoAsync(String databaseName, String ownerUri, String connectionType, TestServerType serverType)
   at Microsoft.SqlTools.ServiceLayer.IntegrationTests.LanguageExtensibility.ExternalLanguageServiceTests.VerifyExternalLanguageUpdateRequestFailures() in /Users/aasimkhan/src/sqltoolsservice/test/Microsoft.SqlTools.ServiceLayer.IntegrationTests/LanguageExtensibility/ExternalLanguageServiceTests.cs:line 181
   at System.Runtime.CompilerServices.AsyncMethodBuilderCore.Start[TStateMachine](TStateMachine&amp; stateMachine)
   at Microsoft.SqlTools.ServiceLayer.IntegrationTests.LanguageExtensibility.ExternalLanguageServiceTests.VerifyExternalLanguageUpdateRequestFailures()</failure>
    </testcase>
    <testcase classname="Microsoft.SqlTools.ServiceLayer.IntegrationTests.LanguageExtensibility.ExternalLanguageServiceTests" name="VerifyExternalLanguagListRequestConnectionFailures" time="0.0010000">
      <failure type="failure" message="  Cannot find any instance for version key: sqlOnPrem&#xA;  Expected: True&#xA;  But was:  False&#xA;">at Microsoft.SqlTools.ServiceLayer.Test.Common.TestConnectionProfileService.GetInstance(String key) in /Users/aasimkhan/src/sqltoolsservice/test/Microsoft.SqlTools.ServiceLayer.Test.Common/TestConnectionProfileService.cs:line 59
   at Microsoft.SqlTools.ServiceLayer.Test.Common.TestConnectionProfileService.GetConnectionParameters(String key, String databaseName) in /Users/aasimkhan/src/sqltoolsservice/test/Microsoft.SqlTools.ServiceLayer.Test.Common/TestConnectionProfileService.cs:line 65
   at Microsoft.SqlTools.ServiceLayer.Test.Common.TestConnectionProfileService.GetConnectionParameters(TestServerType serverType, String databaseName) in /Users/aasimkhan/src/sqltoolsservice/test/Microsoft.SqlTools.ServiceLayer.Test.Common/TestConnectionProfileService.cs:line 75
   at Microsoft.SqlTools.ServiceLayer.IntegrationTests.Utility.LiveConnectionHelper.InitLiveConnectionInfoAsync(String databaseName, String ownerUri, String connectionType, TestServerType serverType) in /Users/aasimkhan/src/sqltoolsservice/test/Microsoft.SqlTools.ServiceLayer.IntegrationTests/Utility/LiveConnectionHelper.cs:line 68
   at Microsoft.SqlTools.ServiceLayer.IntegrationTests.LanguageExtensibility.ExternalLanguageServiceTests.VerifyError[T](Func`3 test) in /Users/aasimkhan/src/sqltoolsservice/test/Microsoft.SqlTools.ServiceLayer.IntegrationTests/LanguageExtensibility/ExternalLanguageServiceTests.cs:line 316
   at Microsoft.SqlTools.ServiceLayer.IntegrationTests.LanguageExtensibility.ExternalLanguageServiceTests.VerifyExternalLanguagListRequestConnectionFailures() in /Users/aasimkhan/src/sqltoolsservice/test/Microsoft.SqlTools.ServiceLayer.IntegrationTests/LanguageExtensibility/ExternalLanguageServiceTests.cs:line 283
   at NUnit.Framework.Internal.TaskAwaitAdapter.GenericAdapter`1.GetResult()
   at NUnit.Framework.Internal.AsyncToSyncAdapter.Await(Func`1 invoke)
   at NUnit.Framework.Internal.Commands.TestMethodCommand.RunTestMethod(TestExecutionContext context)
   at NUnit.Framework.Internal.Commands.TestMethodCommand.Execute(TestExecutionContext context)
   at NUnit.Framework.Internal.Execution.SimpleWorkItem.&lt;&gt;c__DisplayClass4_0.&lt;PerformWork&gt;b__0()
   at NUnit.Framework.Internal.ContextUtils.&lt;&gt;c__DisplayClass1_0`1.&lt;DoIsolated&gt;b__0(Object _)

1)    at Microsoft.SqlTools.ServiceLayer.Test.Common.TestConnectionProfileService.GetInstance(String key) in /Users/aasimkhan/src/sqltoolsservice/test/Microsoft.SqlTools.ServiceLayer.Test.Common/TestConnectionProfileService.cs:line 59
   at Microsoft.SqlTools.ServiceLayer.Test.Common.TestConnectionProfileService.GetConnectionParameters(String key, String databaseName) in /Users/aasimkhan/src/sqltoolsservice/test/Microsoft.SqlTools.ServiceLayer.Test.Common/TestConnectionProfileService.cs:line 65
   at Microsoft.SqlTools.ServiceLayer.Test.Common.TestConnectionProfileService.GetConnectionParameters(TestServerType serverType, String databaseName) in /Users/aasimkhan/src/sqltoolsservice/test/Microsoft.SqlTools.ServiceLayer.Test.Common/TestConnectionProfileService.cs:line 75
   at Microsoft.SqlTools.ServiceLayer.IntegrationTests.Utility.LiveConnectionHelper.InitLiveConnectionInfoAsync(String databaseName, String ownerUri, String connectionType, TestServerType serverType) in /Users/aasimkhan/src/sqltoolsservice/test/Microsoft.SqlTools.ServiceLayer.IntegrationTests/Utility/LiveConnectionHelper.cs:line 68
   at System.Runtime.CompilerServices.AsyncMethodBuilderCore.Start[TStateMachine](TStateMachine&amp; stateMachine)
   at Microsoft.SqlTools.ServiceLayer.IntegrationTests.Utility.LiveConnectionHelper.InitLiveConnectionInfoAsync(String databaseName, String ownerUri, String connectionType, TestServerType serverType)
   at Microsoft.SqlTools.ServiceLayer.IntegrationTests.LanguageExtensibility.ExternalLanguageServiceTests.VerifyError[T](Func`3 test) in /Users/aasimkhan/src/sqltoolsservice/test/Microsoft.SqlTools.ServiceLayer.IntegrationTests/LanguageExtensibility/ExternalLanguageServiceTests.cs:line 316
   at System.Runtime.CompilerServices.AsyncMethodBuilderCore.Start[TStateMachine](TStateMachine&amp; stateMachine)
   at Microsoft.SqlTools.ServiceLayer.IntegrationTests.LanguageExtensibility.ExternalLanguageServiceTests.VerifyError[T](Func`3 test)
   at Microsoft.SqlTools.ServiceLayer.IntegrationTests.LanguageExtensibility.ExternalLanguageServiceTests.VerifyExternalLanguagListRequestConnectionFailures() in /Users/aasimkhan/src/sqltoolsservice/test/Microsoft.SqlTools.ServiceLayer.IntegrationTests/LanguageExtensibility/ExternalLanguageServiceTests.cs:line 283
   at System.Runtime.CompilerServices.AsyncMethodBuilderCore.Start[TStateMachine](TStateMachine&amp; stateMachine)
   at Microsoft.SqlTools.ServiceLayer.IntegrationTests.LanguageExtensibility.ExternalLanguageServiceTests.VerifyExternalLanguagListRequestConnectionFailures()</failure>
    </testcase>
    <testcase classname="Microsoft.SqlTools.ServiceLayer.IntegrationTests.LanguageExtensibility.ExternalLanguageServiceTests" name="VerifyExternalLanguagListRequestFailures" time="0.0010920">
      <failure type="failure" message="  Cannot find any instance for version key: sqlOnPrem&#xA;  Expected: True&#xA;  But was:  False&#xA;">at Microsoft.SqlTools.ServiceLayer.Test.Common.TestConnectionProfileService.GetInstance(String key) in /Users/aasimkhan/src/sqltoolsservice/test/Microsoft.SqlTools.ServiceLayer.Test.Common/TestConnectionProfileService.cs:line 59
   at Microsoft.SqlTools.ServiceLayer.Test.Common.TestConnectionProfileService.GetConnectionParameters(String key, String databaseName) in /Users/aasimkhan/src/sqltoolsservice/test/Microsoft.SqlTools.ServiceLayer.Test.Common/TestConnectionProfileService.cs:line 65
   at Microsoft.SqlTools.ServiceLayer.Test.Common.TestConnectionProfileService.GetConnectionParameters(TestServerType serverType, String databaseName) in /Users/aasimkhan/src/sqltoolsservice/test/Microsoft.SqlTools.ServiceLayer.Test.Common/TestConnectionProfileService.cs:line 75
   at Microsoft.SqlTools.ServiceLayer.IntegrationTests.Utility.LiveConnectionHelper.InitLiveConnectionInfoAsync(String databaseName, String ownerUri, String connectionType, TestServerType serverType) in /Users/aasimkhan/src/sqltoolsservice/test/Microsoft.SqlTools.ServiceLayer.IntegrationTests/Utility/LiveConnectionHelper.cs:line 68
   at Microsoft.SqlTools.ServiceLayer.IntegrationTests.LanguageExtensibility.ExternalLanguageServiceTests.VerifyExternalLanguagListRequestFailures() in /Users/aasimkhan/src/sqltoolsservice/test/Microsoft.SqlTools.ServiceLayer.IntegrationTests/LanguageExtensibility/ExternalLanguageServiceTests.cs:line 261
   at NUnit.Framework.Internal.TaskAwaitAdapter.GenericAdapter`1.GetResult()
   at NUnit.Framework.Internal.AsyncToSyncAdapter.Await(Func`1 invoke)
   at NUnit.Framework.Internal.Commands.TestMethodCommand.RunTestMethod(TestExecutionContext context)
   at NUnit.Framework.Internal.Commands.TestMethodCommand.Execute(TestExecutionContext context)
   at NUnit.Framework.Internal.Execution.SimpleWorkItem.&lt;&gt;c__DisplayClass4_0.&lt;PerformWork&gt;b__0()
   at NUnit.Framework.Internal.ContextUtils.&lt;&gt;c__DisplayClass1_0`1.&lt;DoIsolated&gt;b__0(Object _)

1)    at Microsoft.SqlTools.ServiceLayer.Test.Common.TestConnectionProfileService.GetInstance(String key) in /Users/aasimkhan/src/sqltoolsservice/test/Microsoft.SqlTools.ServiceLayer.Test.Common/TestConnectionProfileService.cs:line 59
   at Microsoft.SqlTools.ServiceLayer.Test.Common.TestConnectionProfileService.GetConnectionParameters(String key, String databaseName) in /Users/aasimkhan/src/sqltoolsservice/test/Microsoft.SqlTools.ServiceLayer.Test.Common/TestConnectionProfileService.cs:line 65
   at Microsoft.SqlTools.ServiceLayer.Test.Common.TestConnectionProfileService.GetConnectionParameters(TestServerType serverType, String databaseName) in /Users/aasimkhan/src/sqltoolsservice/test/Microsoft.SqlTools.ServiceLayer.Test.Common/TestConnectionProfileService.cs:line 75
   at Microsoft.SqlTools.ServiceLayer.IntegrationTests.Utility.LiveConnectionHelper.InitLiveConnectionInfoAsync(String databaseName, String ownerUri, String connectionType, TestServerType serverType) in /Users/aasimkhan/src/sqltoolsservice/test/Microsoft.SqlTools.ServiceLayer.IntegrationTests/Utility/LiveConnectionHelper.cs:line 68
   at System.Runtime.CompilerServices.AsyncMethodBuilderCore.Start[TStateMachine](TStateMachine&amp; stateMachine)
   at Microsoft.SqlTools.ServiceLayer.IntegrationTests.Utility.LiveConnectionHelper.InitLiveConnectionInfoAsync(String databaseName, String ownerUri, String connectionType, TestServerType serverType)
   at Microsoft.SqlTools.ServiceLayer.IntegrationTests.LanguageExtensibility.ExternalLanguageServiceTests.VerifyExternalLanguagListRequestFailures() in /Users/aasimkhan/src/sqltoolsservice/test/Microsoft.SqlTools.ServiceLayer.IntegrationTests/LanguageExtensibility/ExternalLanguageServiceTests.cs:line 261
   at System.Runtime.CompilerServices.AsyncMethodBuilderCore.Start[TStateMachine](TStateMachine&amp; stateMachine)
   at Microsoft.SqlTools.ServiceLayer.IntegrationTests.LanguageExtensibility.ExternalLanguageServiceTests.VerifyExternalLanguagListRequestFailures()</failure>
    </testcase>
    <testcase classname="Microsoft.SqlTools.ServiceLayer.IntegrationTests.LanguageServer.LanguageServiceTests" name="AutoCompleteFindCompletions" time="0.0009650">
      <failure type="failure" message="  Cannot find any instance for version key: sqlOnPrem&#xA;  Expected: True&#xA;  But was:  False&#xA;">at Microsoft.SqlTools.ServiceLayer.Test.Common.TestConnectionProfileService.GetInstance(String key) in /Users/aasimkhan/src/sqltoolsservice/test/Microsoft.SqlTools.ServiceLayer.Test.Common/TestConnectionProfileService.cs:line 59
   at Microsoft.SqlTools.ServiceLayer.Test.Common.TestConnectionProfileService.GetConnectionParameters(String key, String databaseName) in /Users/aasimkhan/src/sqltoolsservice/test/Microsoft.SqlTools.ServiceLayer.Test.Common/TestConnectionProfileService.cs:line 65
   at Microsoft.SqlTools.ServiceLayer.Test.Common.TestConnectionProfileService.GetConnectionParameters(TestServerType serverType, String databaseName) in /Users/aasimkhan/src/sqltoolsservice/test/Microsoft.SqlTools.ServiceLayer.Test.Common/TestConnectionProfileService.cs:line 75
   at Microsoft.SqlTools.ServiceLayer.IntegrationTests.Utility.LiveConnectionHelper.InitLiveConnectionInfoAsync(String databaseName, String ownerUri, String connectionType, TestServerType serverType) in /Users/aasimkhan/src/sqltoolsservice/test/Microsoft.SqlTools.ServiceLayer.IntegrationTests/Utility/LiveConnectionHelper.cs:line 68
   at Microsoft.SqlTools.ServiceLayer.IntegrationTests.Utility.LiveConnectionHelper.InitLiveConnectionInfo(String databaseName, String ownerUri) in /Users/aasimkhan/src/sqltoolsservice/test/Microsoft.SqlTools.ServiceLayer.IntegrationTests/Utility/LiveConnectionHelper.cs:line 52
   at Microsoft.SqlTools.ServiceLayer.IntegrationTests.LanguageServer.LanguageServiceTests.GetLiveAutoCompleteTestObjects() in /Users/aasimkhan/src/sqltoolsservice/test/Microsoft.SqlTools.ServiceLayer.IntegrationTests/LanguageServer/LanguageServiceTests.cs:line 47
   at Microsoft.SqlTools.ServiceLayer.IntegrationTests.LanguageServer.LanguageServiceTests.AutoCompleteFindCompletions() in /Users/aasimkhan/src/sqltoolsservice/test/Microsoft.SqlTools.ServiceLayer.IntegrationTests/LanguageServer/LanguageServiceTests.cs:line 96

1)    at Microsoft.SqlTools.ServiceLayer.Test.Common.TestConnectionProfileService.GetInstance(String key) in /Users/aasimkhan/src/sqltoolsservice/test/Microsoft.SqlTools.ServiceLayer.Test.Common/TestConnectionProfileService.cs:line 59
   at Microsoft.SqlTools.ServiceLayer.Test.Common.TestConnectionProfileService.GetConnectionParameters(String key, String databaseName) in /Users/aasimkhan/src/sqltoolsservice/test/Microsoft.SqlTools.ServiceLayer.Test.Common/TestConnectionProfileService.cs:line 65
   at Microsoft.SqlTools.ServiceLayer.Test.Common.TestConnectionProfileService.GetConnectionParameters(TestServerType serverType, String databaseName) in /Users/aasimkhan/src/sqltoolsservice/test/Microsoft.SqlTools.ServiceLayer.Test.Common/TestConnectionProfileService.cs:line 75
   at Microsoft.SqlTools.ServiceLayer.IntegrationTests.Utility.LiveConnectionHelper.InitLiveConnectionInfoAsync(String databaseName, String ownerUri, String connectionType, TestServerType serverType) in /Users/aasimkhan/src/sqltoolsservice/test/Microsoft.SqlTools.ServiceLayer.IntegrationTests/Utility/LiveConnectionHelper.cs:line 68
   at System.Runtime.CompilerServices.AsyncMethodBuilderCore.Start[TStateMachine](TStateMachine&amp; stateMachine)
   at Microsoft.SqlTools.ServiceLayer.IntegrationTests.Utility.LiveConnectionHelper.InitLiveConnectionInfoAsync(String databaseName, String ownerUri, String connectionType, TestServerType serverType)
   at Microsoft.SqlTools.ServiceLayer.IntegrationTests.Utility.LiveConnectionHelper.InitLiveConnectionInfo(String databaseName, String ownerUri) in /Users/aasimkhan/src/sqltoolsservice/test/Microsoft.SqlTools.ServiceLayer.IntegrationTests/Utility/LiveConnectionHelper.cs:line 52
   at Microsoft.SqlTools.ServiceLayer.IntegrationTests.LanguageServer.LanguageServiceTests.GetLiveAutoCompleteTestObjects() in /Users/aasimkhan/src/sqltoolsservice/test/Microsoft.SqlTools.ServiceLayer.IntegrationTests/LanguageServer/LanguageServiceTests.cs:line 47
   at Microsoft.SqlTools.ServiceLayer.IntegrationTests.LanguageServer.LanguageServiceTests.AutoCompleteFindCompletions() in /Users/aasimkhan/src/sqltoolsservice/test/Microsoft.SqlTools.ServiceLayer.IntegrationTests/LanguageServer/LanguageServiceTests.cs:line 96</failure>
    </testcase>
    <testcase classname="Microsoft.SqlTools.ServiceLayer.IntegrationTests.LanguageServer.LanguageServiceTests" name="AutoCompleteWithExtension" time="0.0021920">
      <failure type="failure" message="  Cannot find any instance for version key: sqlOnPrem&#xA;  Expected: True&#xA;  But was:  False&#xA;">at Microsoft.SqlTools.ServiceLayer.Test.Common.TestConnectionProfileService.GetInstance(String key) in /Users/aasimkhan/src/sqltoolsservice/test/Microsoft.SqlTools.ServiceLayer.Test.Common/TestConnectionProfileService.cs:line 59
   at Microsoft.SqlTools.ServiceLayer.Test.Common.TestConnectionProfileService.GetConnectionParameters(String key, String databaseName) in /Users/aasimkhan/src/sqltoolsservice/test/Microsoft.SqlTools.ServiceLayer.Test.Common/TestConnectionProfileService.cs:line 65
   at Microsoft.SqlTools.ServiceLayer.Test.Common.TestConnectionProfileService.GetConnectionParameters(TestServerType serverType, String databaseName) in /Users/aasimkhan/src/sqltoolsservice/test/Microsoft.SqlTools.ServiceLayer.Test.Common/TestConnectionProfileService.cs:line 75
   at Microsoft.SqlTools.ServiceLayer.IntegrationTests.Utility.LiveConnectionHelper.InitLiveConnectionInfoAsync(String databaseName, String ownerUri, String connectionType, TestServerType serverType) in /Users/aasimkhan/src/sqltoolsservice/test/Microsoft.SqlTools.ServiceLayer.IntegrationTests/Utility/LiveConnectionHelper.cs:line 68
   at Microsoft.SqlTools.ServiceLayer.IntegrationTests.Utility.LiveConnectionHelper.InitLiveConnectionInfo(String databaseName, String ownerUri) in /Users/aasimkhan/src/sqltoolsservice/test/Microsoft.SqlTools.ServiceLayer.IntegrationTests/Utility/LiveConnectionHelper.cs:line 52
   at Microsoft.SqlTools.ServiceLayer.IntegrationTests.LanguageServer.LanguageServiceTests.GetLiveAutoCompleteTestObjects() in /Users/aasimkhan/src/sqltoolsservice/test/Microsoft.SqlTools.ServiceLayer.IntegrationTests/LanguageServer/LanguageServiceTests.cs:line 47
   at Microsoft.SqlTools.ServiceLayer.IntegrationTests.LanguageServer.LanguageServiceTests.AutoCompleteWithExtension() in /Users/aasimkhan/src/sqltoolsservice/test/Microsoft.SqlTools.ServiceLayer.IntegrationTests/LanguageServer/LanguageServiceTests.cs:line 130
   at NUnit.Framework.Internal.TaskAwaitAdapter.GenericAdapter`1.GetResult()
   at NUnit.Framework.Internal.AsyncToSyncAdapter.Await(Func`1 invoke)
   at NUnit.Framework.Internal.Commands.TestMethodCommand.RunTestMethod(TestExecutionContext context)
   at NUnit.Framework.Internal.Commands.TestMethodCommand.Execute(TestExecutionContext context)
   at NUnit.Framework.Internal.Execution.SimpleWorkItem.&lt;&gt;c__DisplayClass4_0.&lt;PerformWork&gt;b__0()
   at NUnit.Framework.Internal.ContextUtils.&lt;&gt;c__DisplayClass1_0`1.&lt;DoIsolated&gt;b__0(Object _)

1)    at Microsoft.SqlTools.ServiceLayer.Test.Common.TestConnectionProfileService.GetInstance(String key) in /Users/aasimkhan/src/sqltoolsservice/test/Microsoft.SqlTools.ServiceLayer.Test.Common/TestConnectionProfileService.cs:line 59
   at Microsoft.SqlTools.ServiceLayer.Test.Common.TestConnectionProfileService.GetConnectionParameters(String key, String databaseName) in /Users/aasimkhan/src/sqltoolsservice/test/Microsoft.SqlTools.ServiceLayer.Test.Common/TestConnectionProfileService.cs:line 65
   at Microsoft.SqlTools.ServiceLayer.Test.Common.TestConnectionProfileService.GetConnectionParameters(TestServerType serverType, String databaseName) in /Users/aasimkhan/src/sqltoolsservice/test/Microsoft.SqlTools.ServiceLayer.Test.Common/TestConnectionProfileService.cs:line 75
   at Microsoft.SqlTools.ServiceLayer.IntegrationTests.Utility.LiveConnectionHelper.InitLiveConnectionInfoAsync(String databaseName, String ownerUri, String connectionType, TestServerType serverType) in /Users/aasimkhan/src/sqltoolsservice/test/Microsoft.SqlTools.ServiceLayer.IntegrationTests/Utility/LiveConnectionHelper.cs:line 68
   at System.Runtime.CompilerServices.AsyncMethodBuilderCore.Start[TStateMachine](TStateMachine&amp; stateMachine)
   at Microsoft.SqlTools.ServiceLayer.IntegrationTests.Utility.LiveConnectionHelper.InitLiveConnectionInfoAsync(String databaseName, String ownerUri, String connectionType, TestServerType serverType)
   at Microsoft.SqlTools.ServiceLayer.IntegrationTests.Utility.LiveConnectionHelper.InitLiveConnectionInfo(String databaseName, String ownerUri) in /Users/aasimkhan/src/sqltoolsservice/test/Microsoft.SqlTools.ServiceLayer.IntegrationTests/Utility/LiveConnectionHelper.cs:line 52
   at Microsoft.SqlTools.ServiceLayer.IntegrationTests.LanguageServer.LanguageServiceTests.GetLiveAutoCompleteTestObjects() in /Users/aasimkhan/src/sqltoolsservice/test/Microsoft.SqlTools.ServiceLayer.IntegrationTests/LanguageServer/LanguageServiceTests.cs:line 47
   at Microsoft.SqlTools.ServiceLayer.IntegrationTests.LanguageServer.LanguageServiceTests.AutoCompleteWithExtension() in /Users/aasimkhan/src/sqltoolsservice/test/Microsoft.SqlTools.ServiceLayer.IntegrationTests/LanguageServer/LanguageServiceTests.cs:line 130
   at System.Runtime.CompilerServices.AsyncMethodBuilderCore.Start[TStateMachine](TStateMachine&amp; stateMachine)
   at Microsoft.SqlTools.ServiceLayer.IntegrationTests.LanguageServer.LanguageServiceTests.AutoCompleteWithExtension()</failure>
    </testcase>
    <testcase classname="Microsoft.SqlTools.ServiceLayer.IntegrationTests.LanguageServer.LanguageServiceTests" name="ExpandSqlStarExpressionsTest(&quot;select * from wildcard_test_table&quot;,0,8,&quot;CREATE TABLE wildcard_test_table(col1 int)&quot;,&quot;[col1]&quot;)" time="0.0018300">
      <failure type="failure" message="System.AggregateException : One or more errors occurred. (  Cannot find any instance for version key: sqlOnPrem&#xA;  Expected: True&#xA;  But was:  False&#xA;)&#xA;  ----&gt; NUnit.Framework.AssertionException :   Cannot find any instance for version key: sqlOnPrem&#xA;  Expected: True&#xA;  But was:  False&#xA;&#xA;&#xA;  1)   Cannot find any instance for version key: sqlOnPrem&#xA;  Expected: True&#xA;  But was:  False&#xA;&#xA;">at System.Threading.Tasks.Task.ThrowIfExceptional(Boolean includeTaskCanceledExceptions)
   at System.Threading.Tasks.Task`1.GetResultCore(Boolean waitCompletionNotification)
   at Microsoft.SqlTools.ServiceLayer.Test.Common.SqlTestDb.CreateNew(TestServerType serverType, Boolean doNotCleanupDb, String databaseName, String query, String dbNamePrefix) in /Users/aasimkhan/src/sqltoolsservice/test/Microsoft.SqlTools.ServiceLayer.Test.Common/SqlTestDb.cs:line 84
   at Microsoft.SqlTools.ServiceLayer.IntegrationTests.LanguageServer.LanguageServiceTests.ExpandSqlStarExpressionsTest(String sqlStarQuery, Int32 cursorLine, Int32 cursorColumn, String createTableQueries, String expectedStarExpansionInsertText) in /Users/aasimkhan/src/sqltoolsservice/test/Microsoft.SqlTools.ServiceLayer.IntegrationTests/LanguageServer/LanguageServiceTests.cs:line 421
   at NUnit.Framework.Internal.TaskAwaitAdapter.GenericAdapter`1.GetResult()
   at NUnit.Framework.Internal.AsyncToSyncAdapter.Await(Func`1 invoke)
   at NUnit.Framework.Internal.Commands.TestMethodCommand.RunTestMethod(TestExecutionContext context)
   at NUnit.Framework.Internal.Commands.TestMethodCommand.Execute(TestExecutionContext context)
   at NUnit.Framework.Internal.Execution.SimpleWorkItem.&lt;&gt;c__DisplayClass4_0.&lt;PerformWork&gt;b__0()
   at NUnit.Framework.Internal.ContextUtils.&lt;&gt;c__DisplayClass1_0`1.&lt;DoIsolated&gt;b__0(Object _)
   at System.Threading.ExecutionContext.RunInternal(ExecutionContext executionContext, ContextCallback callback, Object state)
--- End of stack trace from previous location ---
   at System.Threading.ExecutionContext.RunInternal(ExecutionContext executionContext, ContextCallback callback, Object state)
   at NUnit.Framework.Internal.ContextUtils.DoIsolated(ContextCallback callback, Object state)
   at NUnit.Framework.Internal.ContextUtils.DoIsolated[T](Func`1 func)
   at NUnit.Framework.Internal.Execution.SimpleWorkItem.PerformWork()
--AssertionException
   at NUnit.Framework.Assert.ReportFailure(String message)
   at NUnit.Framework.Assert.ReportFailure(ConstraintResult result, String message, Object[] args)
   at NUnit.Framework.Assert.That[TActual](TActual actual, IResolveConstraint expression, String message, Object[] args)
   at NUnit.Framework.Assert.True(Boolean condition, String message, Object[] args)
   at Microsoft.SqlTools.ServiceLayer.Test.Common.TestConnectionProfileService.GetInstance(String key) in /Users/aasimkhan/src/sqltoolsservice/test/Microsoft.SqlTools.ServiceLayer.Test.Common/TestConnectionProfileService.cs:line 59
   at Microsoft.SqlTools.ServiceLayer.Test.Common.TestConnectionProfileService.GetConnectionParameters(String key, String databaseName) in /Users/aasimkhan/src/sqltoolsservice/test/Microsoft.SqlTools.ServiceLayer.Test.Common/TestConnectionProfileService.cs:line 65
   at Microsoft.SqlTools.ServiceLayer.Test.Common.TestConnectionProfileService.GetConnectionParameters(TestServerType serverType, String databaseName) in /Users/aasimkhan/src/sqltoolsservice/test/Microsoft.SqlTools.ServiceLayer.Test.Common/TestConnectionProfileService.cs:line 75
   at Microsoft.SqlTools.ServiceLayer.Test.Common.TestServiceProvider.InitLiveConnectionInfo(TestServerType serverType, String databaseName, String scriptFilePath) in /Users/aasimkhan/src/sqltoolsservice/test/Microsoft.SqlTools.ServiceLayer.Test.Common/TestServiceProvider.cs:line 142
   at Microsoft.SqlTools.ServiceLayer.Test.Common.TestServiceProvider.RunQueryAsync(TestServerType serverType, String databaseName, String queryText, Boolean throwOnError) in /Users/aasimkhan/src/sqltoolsservice/test/Microsoft.SqlTools.ServiceLayer.Test.Common/TestServiceProvider.cs:line 110
   at Microsoft.SqlTools.ServiceLayer.Test.Common.SqlTestDb.CreateNewAsync(TestServerType serverType, Boolean doNotCleanupDb, String databaseName, String query, String dbNamePrefix) in /Users/aasimkhan/src/sqltoolsservice/test/Microsoft.SqlTools.ServiceLayer.Test.Common/SqlTestDb.cs:line 101
1)    at Microsoft.SqlTools.ServiceLayer.Test.Common.TestConnectionProfileService.GetInstance(String key) in /Users/aasimkhan/src/sqltoolsservice/test/Microsoft.SqlTools.ServiceLayer.Test.Common/TestConnectionProfileService.cs:line 59
   at Microsoft.SqlTools.ServiceLayer.Test.Common.TestConnectionProfileService.GetConnectionParameters(String key, String databaseName) in /Users/aasimkhan/src/sqltoolsservice/test/Microsoft.SqlTools.ServiceLayer.Test.Common/TestConnectionProfileService.cs:line 65
   at Microsoft.SqlTools.ServiceLayer.Test.Common.TestConnectionProfileService.GetConnectionParameters(TestServerType serverType, String databaseName) in /Users/aasimkhan/src/sqltoolsservice/test/Microsoft.SqlTools.ServiceLayer.Test.Common/TestConnectionProfileService.cs:line 75
   at Microsoft.SqlTools.ServiceLayer.Test.Common.TestServiceProvider.InitLiveConnectionInfo(TestServerType serverType, String databaseName, String scriptFilePath) in /Users/aasimkhan/src/sqltoolsservice/test/Microsoft.SqlTools.ServiceLayer.Test.Common/TestServiceProvider.cs:line 142
   at System.Runtime.CompilerServices.AsyncMethodBuilderCore.Start[TStateMachine](TStateMachine&amp; stateMachine)
   at Microsoft.SqlTools.ServiceLayer.Test.Common.TestServiceProvider.InitLiveConnectionInfo(TestServerType serverType, String databaseName, String scriptFilePath)
   at Microsoft.SqlTools.ServiceLayer.Test.Common.TestServiceProvider.RunQueryAsync(TestServerType serverType, String databaseName, String queryText, Boolean throwOnError) in /Users/aasimkhan/src/sqltoolsservice/test/Microsoft.SqlTools.ServiceLayer.Test.Common/TestServiceProvider.cs:line 110
   at System.Runtime.CompilerServices.AsyncMethodBuilderCore.Start[TStateMachine](TStateMachine&amp; stateMachine)
   at Microsoft.SqlTools.ServiceLayer.Test.Common.TestServiceProvider.RunQueryAsync(TestServerType serverType, String databaseName, String queryText, Boolean throwOnError)
   at Microsoft.SqlTools.ServiceLayer.Test.Common.SqlTestDb.CreateNewAsync(TestServerType serverType, Boolean doNotCleanupDb, String databaseName, String query, String dbNamePrefix) in /Users/aasimkhan/src/sqltoolsservice/test/Microsoft.SqlTools.ServiceLayer.Test.Common/SqlTestDb.cs:line 101
   at System.Runtime.CompilerServices.AsyncMethodBuilderCore.Start[TStateMachine](TStateMachine&amp; stateMachine)
   at Microsoft.SqlTools.ServiceLayer.Test.Common.SqlTestDb.CreateNewAsync(TestServerType serverType, Boolean doNotCleanupDb, String databaseName, String query, String dbNamePrefix)
   at Microsoft.SqlTools.ServiceLayer.Test.Common.SqlTestDb.CreateNew(TestServerType serverType, Boolean doNotCleanupDb, String databaseName, String query, String dbNamePrefix) in /Users/aasimkhan/src/sqltoolsservice/test/Microsoft.SqlTools.ServiceLayer.Test.Common/SqlTestDb.cs:line 84
   at Microsoft.SqlTools.ServiceLayer.IntegrationTests.LanguageServer.LanguageServiceTests.ExpandSqlStarExpressionsTest(String sqlStarQuery, Int32 cursorLine, Int32 cursorColumn, String createTableQueries, String expectedStarExpansionInsertText) in /Users/aasimkhan/src/sqltoolsservice/test/Microsoft.SqlTools.ServiceLayer.IntegrationTests/LanguageServer/LanguageServiceTests.cs:line 421
   at System.Runtime.CompilerServices.AsyncMethodBuilderCore.Start[TStateMachine](TStateMachine&amp; stateMachine)
   at Microsoft.SqlTools.ServiceLayer.IntegrationTests.LanguageServer.LanguageServiceTests.ExpandSqlStarExpressionsTest(String sqlStarQuery, Int32 cursorLine, Int32 cursorColumn, String createTableQueries, String expectedStarExpansionInsertText)

2)    at System.Threading.Tasks.Task.ThrowIfExceptional(Boolean includeTaskCanceledExceptions)
   at System.Threading.Tasks.Task`1.GetResultCore(Boolean waitCompletionNotification)
   at Microsoft.SqlTools.ServiceLayer.Test.Common.SqlTestDb.CreateNew(TestServerType serverType, Boolean doNotCleanupDb, String databaseName, String query, String dbNamePrefix) in /Users/aasimkhan/src/sqltoolsservice/test/Microsoft.SqlTools.ServiceLayer.Test.Common/SqlTestDb.cs:line 84
   at Microsoft.SqlTools.ServiceLayer.IntegrationTests.LanguageServer.LanguageServiceTests.ExpandSqlStarExpressionsTest(String sqlStarQuery, Int32 cursorLine, Int32 cursorColumn, String createTableQueries, String expectedStarExpansionInsertText) in /Users/aasimkhan/src/sqltoolsservice/test/Microsoft.SqlTools.ServiceLayer.IntegrationTests/LanguageServer/LanguageServiceTests.cs:line 421
   at NUnit.Framework.Internal.TaskAwaitAdapter.GenericAdapter`1.GetResult()
   at NUnit.Framework.Internal.AsyncToSyncAdapter.Await(Func`1 invoke)
   at NUnit.Framework.Internal.Commands.TestMethodCommand.RunTestMethod(TestExecutionContext context)
   at NUnit.Framework.Internal.Commands.TestMethodCommand.Execute(TestExecutionContext context)
   at NUnit.Framework.Internal.Execution.SimpleWorkItem.&lt;&gt;c__DisplayClass4_0.&lt;PerformWork&gt;b__0()
   at NUnit.Framework.Internal.ContextUtils.&lt;&gt;c__DisplayClass1_0`1.&lt;DoIsolated&gt;b__0(Object _)
   at System.Threading.ExecutionContext.RunInternal(ExecutionContext executionContext, ContextCallback callback, Object state)
--- End of stack trace from previous location ---
   at System.Threading.ExecutionContext.RunInternal(ExecutionContext executionContext, ContextCallback callback, Object state)
   at NUnit.Framework.Internal.ContextUtils.DoIsolated(ContextCallback callback, Object state)
   at NUnit.Framework.Internal.ContextUtils.DoIsolated[T](Func`1 func)
   at NUnit.Framework.Internal.Execution.SimpleWorkItem.PerformWork()
--AssertionException
   at NUnit.Framework.Assert.ReportFailure(String message)
   at NUnit.Framework.Assert.ReportFailure(ConstraintResult result, String message, Object[] args)
   at NUnit.Framework.Assert.That[TActual](TActual actual, IResolveConstraint expression, String message, Object[] args)
   at NUnit.Framework.Assert.True(Boolean condition, String message, Object[] args)
   at Microsoft.SqlTools.ServiceLayer.Test.Common.TestConnectionProfileService.GetInstance(String key) in /Users/aasimkhan/src/sqltoolsservice/test/Microsoft.SqlTools.ServiceLayer.Test.Common/TestConnectionProfileService.cs:line 59
   at Microsoft.SqlTools.ServiceLayer.Test.Common.TestConnectionProfileService.GetConnectionParameters(String key, String databaseName) in /Users/aasimkhan/src/sqltoolsservice/test/Microsoft.SqlTools.ServiceLayer.Test.Common/TestConnectionProfileService.cs:line 65
   at Microsoft.SqlTools.ServiceLayer.Test.Common.TestConnectionProfileService.GetConnectionParameters(TestServerType serverType, String databaseName) in /Users/aasimkhan/src/sqltoolsservice/test/Microsoft.SqlTools.ServiceLayer.Test.Common/TestConnectionProfileService.cs:line 75
   at Microsoft.SqlTools.ServiceLayer.Test.Common.TestServiceProvider.InitLiveConnectionInfo(TestServerType serverType, String databaseName, String scriptFilePath) in /Users/aasimkhan/src/sqltoolsservice/test/Microsoft.SqlTools.ServiceLayer.Test.Common/TestServiceProvider.cs:line 142
   at Microsoft.SqlTools.ServiceLayer.Test.Common.TestServiceProvider.RunQueryAsync(TestServerType serverType, String databaseName, String queryText, Boolean throwOnError) in /Users/aasimkhan/src/sqltoolsservice/test/Microsoft.SqlTools.ServiceLayer.Test.Common/TestServiceProvider.cs:line 110
   at Microsoft.SqlTools.ServiceLayer.Test.Common.SqlTestDb.CreateNewAsync(TestServerType serverType, Boolean doNotCleanupDb, String databaseName, String query, String dbNamePrefix) in /Users/aasimkhan/src/sqltoolsservice/test/Microsoft.SqlTools.ServiceLayer.Test.Common/SqlTestDb.cs:line 101</failure>
    </testcase>
    <testcase classname="Microsoft.SqlTools.ServiceLayer.IntegrationTests.LanguageServer.LanguageServiceTests" name="ExpandSqlStarExpressionsTest(&quot;select * from wildcard_test_table&quot;,0,8,&quot;CREATE TABLE wildcard_test_table(col1 int, col2 int, \&quot;col3\&quot; int)&quot;,&quot;[col1],\n[col2],\n[col3]&quot;)" time="0.0009610">
      <failure type="failure" message="System.AggregateException : One or more errors occurred. (  Cannot find any instance for version key: sqlOnPrem&#xA;  Expected: True&#xA;  But was:  False&#xA;)&#xA;  ----&gt; NUnit.Framework.AssertionException :   Cannot find any instance for version key: sqlOnPrem&#xA;  Expected: True&#xA;  But was:  False&#xA;&#xA;&#xA;  1)   Cannot find any instance for version key: sqlOnPrem&#xA;  Expected: True&#xA;  But was:  False&#xA;&#xA;">at System.Threading.Tasks.Task.ThrowIfExceptional(Boolean includeTaskCanceledExceptions)
   at System.Threading.Tasks.Task`1.GetResultCore(Boolean waitCompletionNotification)
   at Microsoft.SqlTools.ServiceLayer.Test.Common.SqlTestDb.CreateNew(TestServerType serverType, Boolean doNotCleanupDb, String databaseName, String query, String dbNamePrefix) in /Users/aasimkhan/src/sqltoolsservice/test/Microsoft.SqlTools.ServiceLayer.Test.Common/SqlTestDb.cs:line 84
   at Microsoft.SqlTools.ServiceLayer.IntegrationTests.LanguageServer.LanguageServiceTests.ExpandSqlStarExpressionsTest(String sqlStarQuery, Int32 cursorLine, Int32 cursorColumn, String createTableQueries, String expectedStarExpansionInsertText) in /Users/aasimkhan/src/sqltoolsservice/test/Microsoft.SqlTools.ServiceLayer.IntegrationTests/LanguageServer/LanguageServiceTests.cs:line 421
   at NUnit.Framework.Internal.TaskAwaitAdapter.GenericAdapter`1.GetResult()
   at NUnit.Framework.Internal.AsyncToSyncAdapter.Await(Func`1 invoke)
   at NUnit.Framework.Internal.Commands.TestMethodCommand.RunTestMethod(TestExecutionContext context)
   at NUnit.Framework.Internal.Commands.TestMethodCommand.Execute(TestExecutionContext context)
   at NUnit.Framework.Internal.Execution.SimpleWorkItem.&lt;&gt;c__DisplayClass4_0.&lt;PerformWork&gt;b__0()
   at NUnit.Framework.Internal.ContextUtils.&lt;&gt;c__DisplayClass1_0`1.&lt;DoIsolated&gt;b__0(Object _)
   at System.Threading.ExecutionContext.RunInternal(ExecutionContext executionContext, ContextCallback callback, Object state)
--- End of stack trace from previous location ---
   at System.Threading.ExecutionContext.RunInternal(ExecutionContext executionContext, ContextCallback callback, Object state)
   at NUnit.Framework.Internal.ContextUtils.DoIsolated(ContextCallback callback, Object state)
   at NUnit.Framework.Internal.ContextUtils.DoIsolated[T](Func`1 func)
   at NUnit.Framework.Internal.Execution.SimpleWorkItem.PerformWork()
--AssertionException
   at NUnit.Framework.Assert.ReportFailure(String message)
   at NUnit.Framework.Assert.ReportFailure(ConstraintResult result, String message, Object[] args)
   at NUnit.Framework.Assert.That[TActual](TActual actual, IResolveConstraint expression, String message, Object[] args)
   at NUnit.Framework.Assert.True(Boolean condition, String message, Object[] args)
   at Microsoft.SqlTools.ServiceLayer.Test.Common.TestConnectionProfileService.GetInstance(String key) in /Users/aasimkhan/src/sqltoolsservice/test/Microsoft.SqlTools.ServiceLayer.Test.Common/TestConnectionProfileService.cs:line 59
   at Microsoft.SqlTools.ServiceLayer.Test.Common.TestConnectionProfileService.GetConnectionParameters(String key, String databaseName) in /Users/aasimkhan/src/sqltoolsservice/test/Microsoft.SqlTools.ServiceLayer.Test.Common/TestConnectionProfileService.cs:line 65
   at Microsoft.SqlTools.ServiceLayer.Test.Common.TestConnectionProfileService.GetConnectionParameters(TestServerType serverType, String databaseName) in /Users/aasimkhan/src/sqltoolsservice/test/Microsoft.SqlTools.ServiceLayer.Test.Common/TestConnectionProfileService.cs:line 75
   at Microsoft.SqlTools.ServiceLayer.Test.Common.TestServiceProvider.InitLiveConnectionInfo(TestServerType serverType, String databaseName, String scriptFilePath) in /Users/aasimkhan/src/sqltoolsservice/test/Microsoft.SqlTools.ServiceLayer.Test.Common/TestServiceProvider.cs:line 142
   at Microsoft.SqlTools.ServiceLayer.Test.Common.TestServiceProvider.RunQueryAsync(TestServerType serverType, String databaseName, String queryText, Boolean throwOnError) in /Users/aasimkhan/src/sqltoolsservice/test/Microsoft.SqlTools.ServiceLayer.Test.Common/TestServiceProvider.cs:line 110
   at Microsoft.SqlTools.ServiceLayer.Test.Common.SqlTestDb.CreateNewAsync(TestServerType serverType, Boolean doNotCleanupDb, String databaseName, String query, String dbNamePrefix) in /Users/aasimkhan/src/sqltoolsservice/test/Microsoft.SqlTools.ServiceLayer.Test.Common/SqlTestDb.cs:line 101
1)    at Microsoft.SqlTools.ServiceLayer.Test.Common.TestConnectionProfileService.GetInstance(String key) in /Users/aasimkhan/src/sqltoolsservice/test/Microsoft.SqlTools.ServiceLayer.Test.Common/TestConnectionProfileService.cs:line 59
   at Microsoft.SqlTools.ServiceLayer.Test.Common.TestConnectionProfileService.GetConnectionParameters(String key, String databaseName) in /Users/aasimkhan/src/sqltoolsservice/test/Microsoft.SqlTools.ServiceLayer.Test.Common/TestConnectionProfileService.cs:line 65
   at Microsoft.SqlTools.ServiceLayer.Test.Common.TestConnectionProfileService.GetConnectionParameters(TestServerType serverType, String databaseName) in /Users/aasimkhan/src/sqltoolsservice/test/Microsoft.SqlTools.ServiceLayer.Test.Common/TestConnectionProfileService.cs:line 75
   at Microsoft.SqlTools.ServiceLayer.Test.Common.TestServiceProvider.InitLiveConnectionInfo(TestServerType serverType, String databaseName, String scriptFilePath) in /Users/aasimkhan/src/sqltoolsservice/test/Microsoft.SqlTools.ServiceLayer.Test.Common/TestServiceProvider.cs:line 142
   at System.Runtime.CompilerServices.AsyncMethodBuilderCore.Start[TStateMachine](TStateMachine&amp; stateMachine)
   at Microsoft.SqlTools.ServiceLayer.Test.Common.TestServiceProvider.InitLiveConnectionInfo(TestServerType serverType, String databaseName, String scriptFilePath)
   at Microsoft.SqlTools.ServiceLayer.Test.Common.TestServiceProvider.RunQueryAsync(TestServerType serverType, String databaseName, String queryText, Boolean throwOnError) in /Users/aasimkhan/src/sqltoolsservice/test/Microsoft.SqlTools.ServiceLayer.Test.Common/TestServiceProvider.cs:line 110
   at System.Runtime.CompilerServices.AsyncMethodBuilderCore.Start[TStateMachine](TStateMachine&amp; stateMachine)
   at Microsoft.SqlTools.ServiceLayer.Test.Common.TestServiceProvider.RunQueryAsync(TestServerType serverType, String databaseName, String queryText, Boolean throwOnError)
   at Microsoft.SqlTools.ServiceLayer.Test.Common.SqlTestDb.CreateNewAsync(TestServerType serverType, Boolean doNotCleanupDb, String databaseName, String query, String dbNamePrefix) in /Users/aasimkhan/src/sqltoolsservice/test/Microsoft.SqlTools.ServiceLayer.Test.Common/SqlTestDb.cs:line 101
   at System.Runtime.CompilerServices.AsyncMethodBuilderCore.Start[TStateMachine](TStateMachine&amp; stateMachine)
   at Microsoft.SqlTools.ServiceLayer.Test.Common.SqlTestDb.CreateNewAsync(TestServerType serverType, Boolean doNotCleanupDb, String databaseName, String query, String dbNamePrefix)
   at Microsoft.SqlTools.ServiceLayer.Test.Common.SqlTestDb.CreateNew(TestServerType serverType, Boolean doNotCleanupDb, String databaseName, String query, String dbNamePrefix) in /Users/aasimkhan/src/sqltoolsservice/test/Microsoft.SqlTools.ServiceLayer.Test.Common/SqlTestDb.cs:line 84
   at Microsoft.SqlTools.ServiceLayer.IntegrationTests.LanguageServer.LanguageServiceTests.ExpandSqlStarExpressionsTest(String sqlStarQuery, Int32 cursorLine, Int32 cursorColumn, String createTableQueries, String expectedStarExpansionInsertText) in /Users/aasimkhan/src/sqltoolsservice/test/Microsoft.SqlTools.ServiceLayer.IntegrationTests/LanguageServer/LanguageServiceTests.cs:line 421
   at System.Runtime.CompilerServices.AsyncMethodBuilderCore.Start[TStateMachine](TStateMachine&amp; stateMachine)
   at Microsoft.SqlTools.ServiceLayer.IntegrationTests.LanguageServer.LanguageServiceTests.ExpandSqlStarExpressionsTest(String sqlStarQuery, Int32 cursorLine, Int32 cursorColumn, String createTableQueries, String expectedStarExpansionInsertText)
   at InvokeStub_LanguageServiceTests.ExpandSqlStarExpressionsTest(Object, Span`1)

2)    at System.Threading.Tasks.Task.ThrowIfExceptional(Boolean includeTaskCanceledExceptions)
   at System.Threading.Tasks.Task`1.GetResultCore(Boolean waitCompletionNotification)
   at Microsoft.SqlTools.ServiceLayer.Test.Common.SqlTestDb.CreateNew(TestServerType serverType, Boolean doNotCleanupDb, String databaseName, String query, String dbNamePrefix) in /Users/aasimkhan/src/sqltoolsservice/test/Microsoft.SqlTools.ServiceLayer.Test.Common/SqlTestDb.cs:line 84
   at Microsoft.SqlTools.ServiceLayer.IntegrationTests.LanguageServer.LanguageServiceTests.ExpandSqlStarExpressionsTest(String sqlStarQuery, Int32 cursorLine, Int32 cursorColumn, String createTableQueries, String expectedStarExpansionInsertText) in /Users/aasimkhan/src/sqltoolsservice/test/Microsoft.SqlTools.ServiceLayer.IntegrationTests/LanguageServer/LanguageServiceTests.cs:line 421
   at NUnit.Framework.Internal.TaskAwaitAdapter.GenericAdapter`1.GetResult()
   at NUnit.Framework.Internal.AsyncToSyncAdapter.Await(Func`1 invoke)
   at NUnit.Framework.Internal.Commands.TestMethodCommand.RunTestMethod(TestExecutionContext context)
   at NUnit.Framework.Internal.Commands.TestMethodCommand.Execute(TestExecutionContext context)
   at NUnit.Framework.Internal.Execution.SimpleWorkItem.&lt;&gt;c__DisplayClass4_0.&lt;PerformWork&gt;b__0()
   at NUnit.Framework.Internal.ContextUtils.&lt;&gt;c__DisplayClass1_0`1.&lt;DoIsolated&gt;b__0(Object _)
   at System.Threading.ExecutionContext.RunInternal(ExecutionContext executionContext, ContextCallback callback, Object state)
--- End of stack trace from previous location ---
   at System.Threading.ExecutionContext.RunInternal(ExecutionContext executionContext, ContextCallback callback, Object state)
   at NUnit.Framework.Internal.ContextUtils.DoIsolated(ContextCallback callback, Object state)
   at NUnit.Framework.Internal.ContextUtils.DoIsolated[T](Func`1 func)
   at NUnit.Framework.Internal.Execution.SimpleWorkItem.PerformWork()
--AssertionException
   at NUnit.Framework.Assert.ReportFailure(String message)
   at NUnit.Framework.Assert.ReportFailure(ConstraintResult result, String message, Object[] args)
   at NUnit.Framework.Assert.That[TActual](TActual actual, IResolveConstraint expression, String message, Object[] args)
   at NUnit.Framework.Assert.True(Boolean condition, String message, Object[] args)
   at Microsoft.SqlTools.ServiceLayer.Test.Common.TestConnectionProfileService.GetInstance(String key) in /Users/aasimkhan/src/sqltoolsservice/test/Microsoft.SqlTools.ServiceLayer.Test.Common/TestConnectionProfileService.cs:line 59
   at Microsoft.SqlTools.ServiceLayer.Test.Common.TestConnectionProfileService.GetConnectionParameters(String key, String databaseName) in /Users/aasimkhan/src/sqltoolsservice/test/Microsoft.SqlTools.ServiceLayer.Test.Common/TestConnectionProfileService.cs:line 65
   at Microsoft.SqlTools.ServiceLayer.Test.Common.TestConnectionProfileService.GetConnectionParameters(TestServerType serverType, String databaseName) in /Users/aasimkhan/src/sqltoolsservice/test/Microsoft.SqlTools.ServiceLayer.Test.Common/TestConnectionProfileService.cs:line 75
   at Microsoft.SqlTools.ServiceLayer.Test.Common.TestServiceProvider.InitLiveConnectionInfo(TestServerType serverType, String databaseName, String scriptFilePath) in /Users/aasimkhan/src/sqltoolsservice/test/Microsoft.SqlTools.ServiceLayer.Test.Common/TestServiceProvider.cs:line 142
   at Microsoft.SqlTools.ServiceLayer.Test.Common.TestServiceProvider.RunQueryAsync(TestServerType serverType, String databaseName, String queryText, Boolean throwOnError) in /Users/aasimkhan/src/sqltoolsservice/test/Microsoft.SqlTools.ServiceLayer.Test.Common/TestServiceProvider.cs:line 110
   at Microsoft.SqlTools.ServiceLayer.Test.Common.SqlTestDb.CreateNewAsync(TestServerType serverType, Boolean doNotCleanupDb, String databaseName, String query, String dbNamePrefix) in /Users/aasimkhan/src/sqltoolsservice/test/Microsoft.SqlTools.ServiceLayer.Test.Common/SqlTestDb.cs:line 101</failure>
    </testcase>
    <testcase classname="Microsoft.SqlTools.ServiceLayer.IntegrationTests.LanguageServer.LanguageServiceTests" name="ExpandSqlStarExpressionsTest(&quot;select * from wildcard_test_table&quot;,0,8,&quot;CREATE TABLE wildcard_test_table(\&quot;col[$$$#]\&quot; int)&quot;,&quot;[col[$$$#]]]&quot;)" time="0.0007100">
      <failure type="failure" message="System.AggregateException : One or more errors occurred. (  Cannot find any instance for version key: sqlOnPrem&#xA;  Expected: True&#xA;  But was:  False&#xA;)&#xA;  ----&gt; NUnit.Framework.AssertionException :   Cannot find any instance for version key: sqlOnPrem&#xA;  Expected: True&#xA;  But was:  False&#xA;&#xA;&#xA;  1)   Cannot find any instance for version key: sqlOnPrem&#xA;  Expected: True&#xA;  But was:  False&#xA;&#xA;">at System.Threading.Tasks.Task.ThrowIfExceptional(Boolean includeTaskCanceledExceptions)
   at System.Threading.Tasks.Task`1.GetResultCore(Boolean waitCompletionNotification)
   at Microsoft.SqlTools.ServiceLayer.Test.Common.SqlTestDb.CreateNew(TestServerType serverType, Boolean doNotCleanupDb, String databaseName, String query, String dbNamePrefix) in /Users/aasimkhan/src/sqltoolsservice/test/Microsoft.SqlTools.ServiceLayer.Test.Common/SqlTestDb.cs:line 84
   at Microsoft.SqlTools.ServiceLayer.IntegrationTests.LanguageServer.LanguageServiceTests.ExpandSqlStarExpressionsTest(String sqlStarQuery, Int32 cursorLine, Int32 cursorColumn, String createTableQueries, String expectedStarExpansionInsertText) in /Users/aasimkhan/src/sqltoolsservice/test/Microsoft.SqlTools.ServiceLayer.IntegrationTests/LanguageServer/LanguageServiceTests.cs:line 421
   at NUnit.Framework.Internal.TaskAwaitAdapter.GenericAdapter`1.GetResult()
   at NUnit.Framework.Internal.AsyncToSyncAdapter.Await(Func`1 invoke)
   at NUnit.Framework.Internal.Commands.TestMethodCommand.RunTestMethod(TestExecutionContext context)
   at NUnit.Framework.Internal.Commands.TestMethodCommand.Execute(TestExecutionContext context)
   at NUnit.Framework.Internal.Execution.SimpleWorkItem.&lt;&gt;c__DisplayClass4_0.&lt;PerformWork&gt;b__0()
   at NUnit.Framework.Internal.ContextUtils.&lt;&gt;c__DisplayClass1_0`1.&lt;DoIsolated&gt;b__0(Object _)
   at System.Threading.ExecutionContext.RunInternal(ExecutionContext executionContext, ContextCallback callback, Object state)
--- End of stack trace from previous location ---
   at System.Threading.ExecutionContext.RunInternal(ExecutionContext executionContext, ContextCallback callback, Object state)
   at NUnit.Framework.Internal.ContextUtils.DoIsolated(ContextCallback callback, Object state)
   at NUnit.Framework.Internal.ContextUtils.DoIsolated[T](Func`1 func)
   at NUnit.Framework.Internal.Execution.SimpleWorkItem.PerformWork()
--AssertionException
   at NUnit.Framework.Assert.ReportFailure(String message)
   at NUnit.Framework.Assert.ReportFailure(ConstraintResult result, String message, Object[] args)
   at NUnit.Framework.Assert.That[TActual](TActual actual, IResolveConstraint expression, String message, Object[] args)
   at NUnit.Framework.Assert.True(Boolean condition, String message, Object[] args)
   at Microsoft.SqlTools.ServiceLayer.Test.Common.TestConnectionProfileService.GetInstance(String key) in /Users/aasimkhan/src/sqltoolsservice/test/Microsoft.SqlTools.ServiceLayer.Test.Common/TestConnectionProfileService.cs:line 59
   at Microsoft.SqlTools.ServiceLayer.Test.Common.TestConnectionProfileService.GetConnectionParameters(String key, String databaseName) in /Users/aasimkhan/src/sqltoolsservice/test/Microsoft.SqlTools.ServiceLayer.Test.Common/TestConnectionProfileService.cs:line 65
   at Microsoft.SqlTools.ServiceLayer.Test.Common.TestConnectionProfileService.GetConnectionParameters(TestServerType serverType, String databaseName) in /Users/aasimkhan/src/sqltoolsservice/test/Microsoft.SqlTools.ServiceLayer.Test.Common/TestConnectionProfileService.cs:line 75
   at Microsoft.SqlTools.ServiceLayer.Test.Common.TestServiceProvider.InitLiveConnectionInfo(TestServerType serverType, String databaseName, String scriptFilePath) in /Users/aasimkhan/src/sqltoolsservice/test/Microsoft.SqlTools.ServiceLayer.Test.Common/TestServiceProvider.cs:line 142
   at Microsoft.SqlTools.ServiceLayer.Test.Common.TestServiceProvider.RunQueryAsync(TestServerType serverType, String databaseName, String queryText, Boolean throwOnError) in /Users/aasimkhan/src/sqltoolsservice/test/Microsoft.SqlTools.ServiceLayer.Test.Common/TestServiceProvider.cs:line 110
   at Microsoft.SqlTools.ServiceLayer.Test.Common.SqlTestDb.CreateNewAsync(TestServerType serverType, Boolean doNotCleanupDb, String databaseName, String query, String dbNamePrefix) in /Users/aasimkhan/src/sqltoolsservice/test/Microsoft.SqlTools.ServiceLayer.Test.Common/SqlTestDb.cs:line 101
1)    at Microsoft.SqlTools.ServiceLayer.Test.Common.TestConnectionProfileService.GetInstance(String key) in /Users/aasimkhan/src/sqltoolsservice/test/Microsoft.SqlTools.ServiceLayer.Test.Common/TestConnectionProfileService.cs:line 59
   at Microsoft.SqlTools.ServiceLayer.Test.Common.TestConnectionProfileService.GetConnectionParameters(String key, String databaseName) in /Users/aasimkhan/src/sqltoolsservice/test/Microsoft.SqlTools.ServiceLayer.Test.Common/TestConnectionProfileService.cs:line 65
   at Microsoft.SqlTools.ServiceLayer.Test.Common.TestConnectionProfileService.GetConnectionParameters(TestServerType serverType, String databaseName) in /Users/aasimkhan/src/sqltoolsservice/test/Microsoft.SqlTools.ServiceLayer.Test.Common/TestConnectionProfileService.cs:line 75
   at Microsoft.SqlTools.ServiceLayer.Test.Common.TestServiceProvider.InitLiveConnectionInfo(TestServerType serverType, String databaseName, String scriptFilePath) in /Users/aasimkhan/src/sqltoolsservice/test/Microsoft.SqlTools.ServiceLayer.Test.Common/TestServiceProvider.cs:line 142
   at System.Runtime.CompilerServices.AsyncMethodBuilderCore.Start[TStateMachine](TStateMachine&amp; stateMachine)
   at Microsoft.SqlTools.ServiceLayer.Test.Common.TestServiceProvider.InitLiveConnectionInfo(TestServerType serverType, String databaseName, String scriptFilePath)
   at Microsoft.SqlTools.ServiceLayer.Test.Common.TestServiceProvider.RunQueryAsync(TestServerType serverType, String databaseName, String queryText, Boolean throwOnError) in /Users/aasimkhan/src/sqltoolsservice/test/Microsoft.SqlTools.ServiceLayer.Test.Common/TestServiceProvider.cs:line 110
   at System.Runtime.CompilerServices.AsyncMethodBuilderCore.Start[TStateMachine](TStateMachine&amp; stateMachine)
   at Microsoft.SqlTools.ServiceLayer.Test.Common.TestServiceProvider.RunQueryAsync(TestServerType serverType, String databaseName, String queryText, Boolean throwOnError)
   at Microsoft.SqlTools.ServiceLayer.Test.Common.SqlTestDb.CreateNewAsync(TestServerType serverType, Boolean doNotCleanupDb, String databaseName, String query, String dbNamePrefix) in /Users/aasimkhan/src/sqltoolsservice/test/Microsoft.SqlTools.ServiceLayer.Test.Common/SqlTestDb.cs:line 101
   at System.Runtime.CompilerServices.AsyncMethodBuilderCore.Start[TStateMachine](TStateMachine&amp; stateMachine)
   at Microsoft.SqlTools.ServiceLayer.Test.Common.SqlTestDb.CreateNewAsync(TestServerType serverType, Boolean doNotCleanupDb, String databaseName, String query, String dbNamePrefix)
   at Microsoft.SqlTools.ServiceLayer.Test.Common.SqlTestDb.CreateNew(TestServerType serverType, Boolean doNotCleanupDb, String databaseName, String query, String dbNamePrefix) in /Users/aasimkhan/src/sqltoolsservice/test/Microsoft.SqlTools.ServiceLayer.Test.Common/SqlTestDb.cs:line 84
   at Microsoft.SqlTools.ServiceLayer.IntegrationTests.LanguageServer.LanguageServiceTests.ExpandSqlStarExpressionsTest(String sqlStarQuery, Int32 cursorLine, Int32 cursorColumn, String createTableQueries, String expectedStarExpansionInsertText) in /Users/aasimkhan/src/sqltoolsservice/test/Microsoft.SqlTools.ServiceLayer.IntegrationTests/LanguageServer/LanguageServiceTests.cs:line 421
   at System.Runtime.CompilerServices.AsyncMethodBuilderCore.Start[TStateMachine](TStateMachine&amp; stateMachine)
   at Microsoft.SqlTools.ServiceLayer.IntegrationTests.LanguageServer.LanguageServiceTests.ExpandSqlStarExpressionsTest(String sqlStarQuery, Int32 cursorLine, Int32 cursorColumn, String createTableQueries, String expectedStarExpansionInsertText)
   at InvokeStub_LanguageServiceTests.ExpandSqlStarExpressionsTest(Object, Span`1)

2)    at System.Threading.Tasks.Task.ThrowIfExceptional(Boolean includeTaskCanceledExceptions)
   at System.Threading.Tasks.Task`1.GetResultCore(Boolean waitCompletionNotification)
   at Microsoft.SqlTools.ServiceLayer.Test.Common.SqlTestDb.CreateNew(TestServerType serverType, Boolean doNotCleanupDb, String databaseName, String query, String dbNamePrefix) in /Users/aasimkhan/src/sqltoolsservice/test/Microsoft.SqlTools.ServiceLayer.Test.Common/SqlTestDb.cs:line 84
   at Microsoft.SqlTools.ServiceLayer.IntegrationTests.LanguageServer.LanguageServiceTests.ExpandSqlStarExpressionsTest(String sqlStarQuery, Int32 cursorLine, Int32 cursorColumn, String createTableQueries, String expectedStarExpansionInsertText) in /Users/aasimkhan/src/sqltoolsservice/test/Microsoft.SqlTools.ServiceLayer.IntegrationTests/LanguageServer/LanguageServiceTests.cs:line 421
   at NUnit.Framework.Internal.TaskAwaitAdapter.GenericAdapter`1.GetResult()
   at NUnit.Framework.Internal.AsyncToSyncAdapter.Await(Func`1 invoke)
   at NUnit.Framework.Internal.Commands.TestMethodCommand.RunTestMethod(TestExecutionContext context)
   at NUnit.Framework.Internal.Commands.TestMethodCommand.Execute(TestExecutionContext context)
   at NUnit.Framework.Internal.Execution.SimpleWorkItem.&lt;&gt;c__DisplayClass4_0.&lt;PerformWork&gt;b__0()
   at NUnit.Framework.Internal.ContextUtils.&lt;&gt;c__DisplayClass1_0`1.&lt;DoIsolated&gt;b__0(Object _)
   at System.Threading.ExecutionContext.RunInternal(ExecutionContext executionContext, ContextCallback callback, Object state)
--- End of stack trace from previous location ---
   at System.Threading.ExecutionContext.RunInternal(ExecutionContext executionContext, ContextCallback callback, Object state)
   at NUnit.Framework.Internal.ContextUtils.DoIsolated(ContextCallback callback, Object state)
   at NUnit.Framework.Internal.ContextUtils.DoIsolated[T](Func`1 func)
   at NUnit.Framework.Internal.Execution.SimpleWorkItem.PerformWork()
--AssertionException
   at NUnit.Framework.Assert.ReportFailure(String message)
   at NUnit.Framework.Assert.ReportFailure(ConstraintResult result, String message, Object[] args)
   at NUnit.Framework.Assert.That[TActual](TActual actual, IResolveConstraint expression, String message, Object[] args)
   at NUnit.Framework.Assert.True(Boolean condition, String message, Object[] args)
   at Microsoft.SqlTools.ServiceLayer.Test.Common.TestConnectionProfileService.GetInstance(String key) in /Users/aasimkhan/src/sqltoolsservice/test/Microsoft.SqlTools.ServiceLayer.Test.Common/TestConnectionProfileService.cs:line 59
   at Microsoft.SqlTools.ServiceLayer.Test.Common.TestConnectionProfileService.GetConnectionParameters(String key, String databaseName) in /Users/aasimkhan/src/sqltoolsservice/test/Microsoft.SqlTools.ServiceLayer.Test.Common/TestConnectionProfileService.cs:line 65
   at Microsoft.SqlTools.ServiceLayer.Test.Common.TestConnectionProfileService.GetConnectionParameters(TestServerType serverType, String databaseName) in /Users/aasimkhan/src/sqltoolsservice/test/Microsoft.SqlTools.ServiceLayer.Test.Common/TestConnectionProfileService.cs:line 75
   at Microsoft.SqlTools.ServiceLayer.Test.Common.TestServiceProvider.InitLiveConnectionInfo(TestServerType serverType, String databaseName, String scriptFilePath) in /Users/aasimkhan/src/sqltoolsservice/test/Microsoft.SqlTools.ServiceLayer.Test.Common/TestServiceProvider.cs:line 142
   at Microsoft.SqlTools.ServiceLayer.Test.Common.TestServiceProvider.RunQueryAsync(TestServerType serverType, String databaseName, String queryText, Boolean throwOnError) in /Users/aasimkhan/src/sqltoolsservice/test/Microsoft.SqlTools.ServiceLayer.Test.Common/TestServiceProvider.cs:line 110
   at Microsoft.SqlTools.ServiceLayer.Test.Common.SqlTestDb.CreateNewAsync(TestServerType serverType, Boolean doNotCleanupDb, String databaseName, String query, String dbNamePrefix) in /Users/aasimkhan/src/sqltoolsservice/test/Microsoft.SqlTools.ServiceLayer.Test.Common/SqlTestDb.cs:line 101</failure>
    </testcase>
    <testcase classname="Microsoft.SqlTools.ServiceLayer.IntegrationTests.LanguageServer.LanguageServiceTests" name="ExpandSqlStarExpressionsTest(&quot;select * from wildcard_test_table1 CROSS JOIN wildcard_test_table2&quot;,0,8,&quot;CREATE TABLE wildcard_test_table1(table1col1 int); CREATE TABLE wildcard_test_table2(table2col1 int)&quot;,&quot;[wildcard_test_table1].[table1col1],\n[wildcard_test_table2].[table2col1]&quot;)" time="0.0006710">
      <failure type="failure" message="System.AggregateException : One or more errors occurred. (  Cannot find any instance for version key: sqlOnPrem&#xA;  Expected: True&#xA;  But was:  False&#xA;)&#xA;  ----&gt; NUnit.Framework.AssertionException :   Cannot find any instance for version key: sqlOnPrem&#xA;  Expected: True&#xA;  But was:  False&#xA;&#xA;&#xA;  1)   Cannot find any instance for version key: sqlOnPrem&#xA;  Expected: True&#xA;  But was:  False&#xA;&#xA;">at System.Threading.Tasks.Task.ThrowIfExceptional(Boolean includeTaskCanceledExceptions)
   at System.Threading.Tasks.Task`1.GetResultCore(Boolean waitCompletionNotification)
   at Microsoft.SqlTools.ServiceLayer.Test.Common.SqlTestDb.CreateNew(TestServerType serverType, Boolean doNotCleanupDb, String databaseName, String query, String dbNamePrefix) in /Users/aasimkhan/src/sqltoolsservice/test/Microsoft.SqlTools.ServiceLayer.Test.Common/SqlTestDb.cs:line 84
   at Microsoft.SqlTools.ServiceLayer.IntegrationTests.LanguageServer.LanguageServiceTests.ExpandSqlStarExpressionsTest(String sqlStarQuery, Int32 cursorLine, Int32 cursorColumn, String createTableQueries, String expectedStarExpansionInsertText) in /Users/aasimkhan/src/sqltoolsservice/test/Microsoft.SqlTools.ServiceLayer.IntegrationTests/LanguageServer/LanguageServiceTests.cs:line 421
   at NUnit.Framework.Internal.TaskAwaitAdapter.GenericAdapter`1.GetResult()
   at NUnit.Framework.Internal.AsyncToSyncAdapter.Await(Func`1 invoke)
   at NUnit.Framework.Internal.Commands.TestMethodCommand.RunTestMethod(TestExecutionContext context)
   at NUnit.Framework.Internal.Commands.TestMethodCommand.Execute(TestExecutionContext context)
   at NUnit.Framework.Internal.Execution.SimpleWorkItem.&lt;&gt;c__DisplayClass4_0.&lt;PerformWork&gt;b__0()
   at NUnit.Framework.Internal.ContextUtils.&lt;&gt;c__DisplayClass1_0`1.&lt;DoIsolated&gt;b__0(Object _)
   at System.Threading.ExecutionContext.RunInternal(ExecutionContext executionContext, ContextCallback callback, Object state)
--- End of stack trace from previous location ---
   at System.Threading.ExecutionContext.RunInternal(ExecutionContext executionContext, ContextCallback callback, Object state)
   at NUnit.Framework.Internal.ContextUtils.DoIsolated(ContextCallback callback, Object state)
   at NUnit.Framework.Internal.ContextUtils.DoIsolated[T](Func`1 func)
   at NUnit.Framework.Internal.Execution.SimpleWorkItem.PerformWork()
--AssertionException
   at NUnit.Framework.Assert.ReportFailure(String message)
   at NUnit.Framework.Assert.ReportFailure(ConstraintResult result, String message, Object[] args)
   at NUnit.Framework.Assert.That[TActual](TActual actual, IResolveConstraint expression, String message, Object[] args)
   at NUnit.Framework.Assert.True(Boolean condition, String message, Object[] args)
   at Microsoft.SqlTools.ServiceLayer.Test.Common.TestConnectionProfileService.GetInstance(String key) in /Users/aasimkhan/src/sqltoolsservice/test/Microsoft.SqlTools.ServiceLayer.Test.Common/TestConnectionProfileService.cs:line 59
   at Microsoft.SqlTools.ServiceLayer.Test.Common.TestConnectionProfileService.GetConnectionParameters(String key, String databaseName) in /Users/aasimkhan/src/sqltoolsservice/test/Microsoft.SqlTools.ServiceLayer.Test.Common/TestConnectionProfileService.cs:line 65
   at Microsoft.SqlTools.ServiceLayer.Test.Common.TestConnectionProfileService.GetConnectionParameters(TestServerType serverType, String databaseName) in /Users/aasimkhan/src/sqltoolsservice/test/Microsoft.SqlTools.ServiceLayer.Test.Common/TestConnectionProfileService.cs:line 75
   at Microsoft.SqlTools.ServiceLayer.Test.Common.TestServiceProvider.InitLiveConnectionInfo(TestServerType serverType, String databaseName, String scriptFilePath) in /Users/aasimkhan/src/sqltoolsservice/test/Microsoft.SqlTools.ServiceLayer.Test.Common/TestServiceProvider.cs:line 142
   at Microsoft.SqlTools.ServiceLayer.Test.Common.TestServiceProvider.RunQueryAsync(TestServerType serverType, String databaseName, String queryText, Boolean throwOnError) in /Users/aasimkhan/src/sqltoolsservice/test/Microsoft.SqlTools.ServiceLayer.Test.Common/TestServiceProvider.cs:line 110
   at Microsoft.SqlTools.ServiceLayer.Test.Common.SqlTestDb.CreateNewAsync(TestServerType serverType, Boolean doNotCleanupDb, String databaseName, String query, String dbNamePrefix) in /Users/aasimkhan/src/sqltoolsservice/test/Microsoft.SqlTools.ServiceLayer.Test.Common/SqlTestDb.cs:line 101
1)    at Microsoft.SqlTools.ServiceLayer.Test.Common.TestConnectionProfileService.GetInstance(String key) in /Users/aasimkhan/src/sqltoolsservice/test/Microsoft.SqlTools.ServiceLayer.Test.Common/TestConnectionProfileService.cs:line 59
   at Microsoft.SqlTools.ServiceLayer.Test.Common.TestConnectionProfileService.GetConnectionParameters(String key, String databaseName) in /Users/aasimkhan/src/sqltoolsservice/test/Microsoft.SqlTools.ServiceLayer.Test.Common/TestConnectionProfileService.cs:line 65
   at Microsoft.SqlTools.ServiceLayer.Test.Common.TestConnectionProfileService.GetConnectionParameters(TestServerType serverType, String databaseName) in /Users/aasimkhan/src/sqltoolsservice/test/Microsoft.SqlTools.ServiceLayer.Test.Common/TestConnectionProfileService.cs:line 75
   at Microsoft.SqlTools.ServiceLayer.Test.Common.TestServiceProvider.InitLiveConnectionInfo(TestServerType serverType, String databaseName, String scriptFilePath) in /Users/aasimkhan/src/sqltoolsservice/test/Microsoft.SqlTools.ServiceLayer.Test.Common/TestServiceProvider.cs:line 142
   at System.Runtime.CompilerServices.AsyncMethodBuilderCore.Start[TStateMachine](TStateMachine&amp; stateMachine)
   at Microsoft.SqlTools.ServiceLayer.Test.Common.TestServiceProvider.InitLiveConnectionInfo(TestServerType serverType, String databaseName, String scriptFilePath)
   at Microsoft.SqlTools.ServiceLayer.Test.Common.TestServiceProvider.RunQueryAsync(TestServerType serverType, String databaseName, String queryText, Boolean throwOnError) in /Users/aasimkhan/src/sqltoolsservice/test/Microsoft.SqlTools.ServiceLayer.Test.Common/TestServiceProvider.cs:line 110
   at System.Runtime.CompilerServices.AsyncMethodBuilderCore.Start[TStateMachine](TStateMachine&amp; stateMachine)
   at Microsoft.SqlTools.ServiceLayer.Test.Common.TestServiceProvider.RunQueryAsync(TestServerType serverType, String databaseName, String queryText, Boolean throwOnError)
   at Microsoft.SqlTools.ServiceLayer.Test.Common.SqlTestDb.CreateNewAsync(TestServerType serverType, Boolean doNotCleanupDb, String databaseName, String query, String dbNamePrefix) in /Users/aasimkhan/src/sqltoolsservice/test/Microsoft.SqlTools.ServiceLayer.Test.Common/SqlTestDb.cs:line 101
   at System.Runtime.CompilerServices.AsyncMethodBuilderCore.Start[TStateMachine](TStateMachine&amp; stateMachine)
   at Microsoft.SqlTools.ServiceLayer.Test.Common.SqlTestDb.CreateNewAsync(TestServerType serverType, Boolean doNotCleanupDb, String databaseName, String query, String dbNamePrefix)
   at Microsoft.SqlTools.ServiceLayer.Test.Common.SqlTestDb.CreateNew(TestServerType serverType, Boolean doNotCleanupDb, String databaseName, String query, String dbNamePrefix) in /Users/aasimkhan/src/sqltoolsservice/test/Microsoft.SqlTools.ServiceLayer.Test.Common/SqlTestDb.cs:line 84
   at Microsoft.SqlTools.ServiceLayer.IntegrationTests.LanguageServer.LanguageServiceTests.ExpandSqlStarExpressionsTest(String sqlStarQuery, Int32 cursorLine, Int32 cursorColumn, String createTableQueries, String expectedStarExpansionInsertText) in /Users/aasimkhan/src/sqltoolsservice/test/Microsoft.SqlTools.ServiceLayer.IntegrationTests/LanguageServer/LanguageServiceTests.cs:line 421
   at System.Runtime.CompilerServices.AsyncMethodBuilderCore.Start[TStateMachine](TStateMachine&amp; stateMachine)
   at Microsoft.SqlTools.ServiceLayer.IntegrationTests.LanguageServer.LanguageServiceTests.ExpandSqlStarExpressionsTest(String sqlStarQuery, Int32 cursorLine, Int32 cursorColumn, String createTableQueries, String expectedStarExpansionInsertText)
   at InvokeStub_LanguageServiceTests.ExpandSqlStarExpressionsTest(Object, Span`1)

2)    at System.Threading.Tasks.Task.ThrowIfExceptional(Boolean includeTaskCanceledExceptions)
   at System.Threading.Tasks.Task`1.GetResultCore(Boolean waitCompletionNotification)
   at Microsoft.SqlTools.ServiceLayer.Test.Common.SqlTestDb.CreateNew(TestServerType serverType, Boolean doNotCleanupDb, String databaseName, String query, String dbNamePrefix) in /Users/aasimkhan/src/sqltoolsservice/test/Microsoft.SqlTools.ServiceLayer.Test.Common/SqlTestDb.cs:line 84
   at Microsoft.SqlTools.ServiceLayer.IntegrationTests.LanguageServer.LanguageServiceTests.ExpandSqlStarExpressionsTest(String sqlStarQuery, Int32 cursorLine, Int32 cursorColumn, String createTableQueries, String expectedStarExpansionInsertText) in /Users/aasimkhan/src/sqltoolsservice/test/Microsoft.SqlTools.ServiceLayer.IntegrationTests/LanguageServer/LanguageServiceTests.cs:line 421
   at NUnit.Framework.Internal.TaskAwaitAdapter.GenericAdapter`1.GetResult()
   at NUnit.Framework.Internal.AsyncToSyncAdapter.Await(Func`1 invoke)
   at NUnit.Framework.Internal.Commands.TestMethodCommand.RunTestMethod(TestExecutionContext context)
   at NUnit.Framework.Internal.Commands.TestMethodCommand.Execute(TestExecutionContext context)
   at NUnit.Framework.Internal.Execution.SimpleWorkItem.&lt;&gt;c__DisplayClass4_0.&lt;PerformWork&gt;b__0()
   at NUnit.Framework.Internal.ContextUtils.&lt;&gt;c__DisplayClass1_0`1.&lt;DoIsolated&gt;b__0(Object _)
   at System.Threading.ExecutionContext.RunInternal(ExecutionContext executionContext, ContextCallback callback, Object state)
--- End of stack trace from previous location ---
   at System.Threading.ExecutionContext.RunInternal(ExecutionContext executionContext, ContextCallback callback, Object state)
   at NUnit.Framework.Internal.ContextUtils.DoIsolated(ContextCallback callback, Object state)
   at NUnit.Framework.Internal.ContextUtils.DoIsolated[T](Func`1 func)
   at NUnit.Framework.Internal.Execution.SimpleWorkItem.PerformWork()
--AssertionException
   at NUnit.Framework.Assert.ReportFailure(String message)
   at NUnit.Framework.Assert.ReportFailure(ConstraintResult result, String message, Object[] args)
   at NUnit.Framework.Assert.That[TActual](TActual actual, IResolveConstraint expression, String message, Object[] args)
   at NUnit.Framework.Assert.True(Boolean condition, String message, Object[] args)
   at Microsoft.SqlTools.ServiceLayer.Test.Common.TestConnectionProfileService.GetInstance(String key) in /Users/aasimkhan/src/sqltoolsservice/test/Microsoft.SqlTools.ServiceLayer.Test.Common/TestConnectionProfileService.cs:line 59
   at Microsoft.SqlTools.ServiceLayer.Test.Common.TestConnectionProfileService.GetConnectionParameters(String key, String databaseName) in /Users/aasimkhan/src/sqltoolsservice/test/Microsoft.SqlTools.ServiceLayer.Test.Common/TestConnectionProfileService.cs:line 65
   at Microsoft.SqlTools.ServiceLayer.Test.Common.TestConnectionProfileService.GetConnectionParameters(TestServerType serverType, String databaseName) in /Users/aasimkhan/src/sqltoolsservice/test/Microsoft.SqlTools.ServiceLayer.Test.Common/TestConnectionProfileService.cs:line 75
   at Microsoft.SqlTools.ServiceLayer.Test.Common.TestServiceProvider.InitLiveConnectionInfo(TestServerType serverType, String databaseName, String scriptFilePath) in /Users/aasimkhan/src/sqltoolsservice/test/Microsoft.SqlTools.ServiceLayer.Test.Common/TestServiceProvider.cs:line 142
   at Microsoft.SqlTools.ServiceLayer.Test.Common.TestServiceProvider.RunQueryAsync(TestServerType serverType, String databaseName, String queryText, Boolean throwOnError) in /Users/aasimkhan/src/sqltoolsservice/test/Microsoft.SqlTools.ServiceLayer.Test.Common/TestServiceProvider.cs:line 110
   at Microsoft.SqlTools.ServiceLayer.Test.Common.SqlTestDb.CreateNewAsync(TestServerType serverType, Boolean doNotCleanupDb, String databaseName, String query, String dbNamePrefix) in /Users/aasimkhan/src/sqltoolsservice/test/Microsoft.SqlTools.ServiceLayer.Test.Common/SqlTestDb.cs:line 101</failure>
    </testcase>
    <testcase classname="Microsoft.SqlTools.ServiceLayer.IntegrationTests.LanguageServer.LanguageServiceTests" name="ExpandSqlStarExpressionsTest(&quot;select *, a.* from wildcard_test_table1 as a CROSS JOIN wildcard_test_table2&quot;,0,13,&quot;CREATE TABLE wildcard_test_table1(table1col1 int); CREATE TABLE wildcard_test_table2(table2col1 int)&quot;,&quot;[a].[table1col1]&quot;)" time="0.0007429">
      <failure type="failure" message="System.AggregateException : One or more errors occurred. (  Cannot find any instance for version key: sqlOnPrem&#xA;  Expected: True&#xA;  But was:  False&#xA;)&#xA;  ----&gt; NUnit.Framework.AssertionException :   Cannot find any instance for version key: sqlOnPrem&#xA;  Expected: True&#xA;  But was:  False&#xA;&#xA;&#xA;  1)   Cannot find any instance for version key: sqlOnPrem&#xA;  Expected: True&#xA;  But was:  False&#xA;&#xA;">at System.Threading.Tasks.Task.ThrowIfExceptional(Boolean includeTaskCanceledExceptions)
   at System.Threading.Tasks.Task`1.GetResultCore(Boolean waitCompletionNotification)
   at Microsoft.SqlTools.ServiceLayer.Test.Common.SqlTestDb.CreateNew(TestServerType serverType, Boolean doNotCleanupDb, String databaseName, String query, String dbNamePrefix) in /Users/aasimkhan/src/sqltoolsservice/test/Microsoft.SqlTools.ServiceLayer.Test.Common/SqlTestDb.cs:line 84
   at Microsoft.SqlTools.ServiceLayer.IntegrationTests.LanguageServer.LanguageServiceTests.ExpandSqlStarExpressionsTest(String sqlStarQuery, Int32 cursorLine, Int32 cursorColumn, String createTableQueries, String expectedStarExpansionInsertText) in /Users/aasimkhan/src/sqltoolsservice/test/Microsoft.SqlTools.ServiceLayer.IntegrationTests/LanguageServer/LanguageServiceTests.cs:line 421
   at NUnit.Framework.Internal.TaskAwaitAdapter.GenericAdapter`1.GetResult()
   at NUnit.Framework.Internal.AsyncToSyncAdapter.Await(Func`1 invoke)
   at NUnit.Framework.Internal.Commands.TestMethodCommand.RunTestMethod(TestExecutionContext context)
   at NUnit.Framework.Internal.Commands.TestMethodCommand.Execute(TestExecutionContext context)
   at NUnit.Framework.Internal.Execution.SimpleWorkItem.&lt;&gt;c__DisplayClass4_0.&lt;PerformWork&gt;b__0()
   at NUnit.Framework.Internal.ContextUtils.&lt;&gt;c__DisplayClass1_0`1.&lt;DoIsolated&gt;b__0(Object _)
   at System.Threading.ExecutionContext.RunInternal(ExecutionContext executionContext, ContextCallback callback, Object state)
--- End of stack trace from previous location ---
   at System.Threading.ExecutionContext.RunInternal(ExecutionContext executionContext, ContextCallback callback, Object state)
   at NUnit.Framework.Internal.ContextUtils.DoIsolated(ContextCallback callback, Object state)
   at NUnit.Framework.Internal.ContextUtils.DoIsolated[T](Func`1 func)
   at NUnit.Framework.Internal.Execution.SimpleWorkItem.PerformWork()
--AssertionException
   at NUnit.Framework.Assert.ReportFailure(String message)
   at NUnit.Framework.Assert.ReportFailure(ConstraintResult result, String message, Object[] args)
   at NUnit.Framework.Assert.That[TActual](TActual actual, IResolveConstraint expression, String message, Object[] args)
   at NUnit.Framework.Assert.True(Boolean condition, String message, Object[] args)
   at Microsoft.SqlTools.ServiceLayer.Test.Common.TestConnectionProfileService.GetInstance(String key) in /Users/aasimkhan/src/sqltoolsservice/test/Microsoft.SqlTools.ServiceLayer.Test.Common/TestConnectionProfileService.cs:line 59
   at Microsoft.SqlTools.ServiceLayer.Test.Common.TestConnectionProfileService.GetConnectionParameters(String key, String databaseName) in /Users/aasimkhan/src/sqltoolsservice/test/Microsoft.SqlTools.ServiceLayer.Test.Common/TestConnectionProfileService.cs:line 65
   at Microsoft.SqlTools.ServiceLayer.Test.Common.TestConnectionProfileService.GetConnectionParameters(TestServerType serverType, String databaseName) in /Users/aasimkhan/src/sqltoolsservice/test/Microsoft.SqlTools.ServiceLayer.Test.Common/TestConnectionProfileService.cs:line 75
   at Microsoft.SqlTools.ServiceLayer.Test.Common.TestServiceProvider.InitLiveConnectionInfo(TestServerType serverType, String databaseName, String scriptFilePath) in /Users/aasimkhan/src/sqltoolsservice/test/Microsoft.SqlTools.ServiceLayer.Test.Common/TestServiceProvider.cs:line 142
   at Microsoft.SqlTools.ServiceLayer.Test.Common.TestServiceProvider.RunQueryAsync(TestServerType serverType, String databaseName, String queryText, Boolean throwOnError) in /Users/aasimkhan/src/sqltoolsservice/test/Microsoft.SqlTools.ServiceLayer.Test.Common/TestServiceProvider.cs:line 110
   at Microsoft.SqlTools.ServiceLayer.Test.Common.SqlTestDb.CreateNewAsync(TestServerType serverType, Boolean doNotCleanupDb, String databaseName, String query, String dbNamePrefix) in /Users/aasimkhan/src/sqltoolsservice/test/Microsoft.SqlTools.ServiceLayer.Test.Common/SqlTestDb.cs:line 101
1)    at Microsoft.SqlTools.ServiceLayer.Test.Common.TestConnectionProfileService.GetInstance(String key) in /Users/aasimkhan/src/sqltoolsservice/test/Microsoft.SqlTools.ServiceLayer.Test.Common/TestConnectionProfileService.cs:line 59
   at Microsoft.SqlTools.ServiceLayer.Test.Common.TestConnectionProfileService.GetConnectionParameters(String key, String databaseName) in /Users/aasimkhan/src/sqltoolsservice/test/Microsoft.SqlTools.ServiceLayer.Test.Common/TestConnectionProfileService.cs:line 65
   at Microsoft.SqlTools.ServiceLayer.Test.Common.TestConnectionProfileService.GetConnectionParameters(TestServerType serverType, String databaseName) in /Users/aasimkhan/src/sqltoolsservice/test/Microsoft.SqlTools.ServiceLayer.Test.Common/TestConnectionProfileService.cs:line 75
   at Microsoft.SqlTools.ServiceLayer.Test.Common.TestServiceProvider.InitLiveConnectionInfo(TestServerType serverType, String databaseName, String scriptFilePath) in /Users/aasimkhan/src/sqltoolsservice/test/Microsoft.SqlTools.ServiceLayer.Test.Common/TestServiceProvider.cs:line 142
   at System.Runtime.CompilerServices.AsyncMethodBuilderCore.Start[TStateMachine](TStateMachine&amp; stateMachine)
   at Microsoft.SqlTools.ServiceLayer.Test.Common.TestServiceProvider.InitLiveConnectionInfo(TestServerType serverType, String databaseName, String scriptFilePath)
   at Microsoft.SqlTools.ServiceLayer.Test.Common.TestServiceProvider.RunQueryAsync(TestServerType serverType, String databaseName, String queryText, Boolean throwOnError) in /Users/aasimkhan/src/sqltoolsservice/test/Microsoft.SqlTools.ServiceLayer.Test.Common/TestServiceProvider.cs:line 110
   at System.Runtime.CompilerServices.AsyncMethodBuilderCore.Start[TStateMachine](TStateMachine&amp; stateMachine)
   at Microsoft.SqlTools.ServiceLayer.Test.Common.TestServiceProvider.RunQueryAsync(TestServerType serverType, String databaseName, String queryText, Boolean throwOnError)
   at Microsoft.SqlTools.ServiceLayer.Test.Common.SqlTestDb.CreateNewAsync(TestServerType serverType, Boolean doNotCleanupDb, String databaseName, String query, String dbNamePrefix) in /Users/aasimkhan/src/sqltoolsservice/test/Microsoft.SqlTools.ServiceLayer.Test.Common/SqlTestDb.cs:line 101
   at System.Runtime.CompilerServices.AsyncMethodBuilderCore.Start[TStateMachine](TStateMachine&amp; stateMachine)
   at Microsoft.SqlTools.ServiceLayer.Test.Common.SqlTestDb.CreateNewAsync(TestServerType serverType, Boolean doNotCleanupDb, String databaseName, String query, String dbNamePrefix)
   at Microsoft.SqlTools.ServiceLayer.Test.Common.SqlTestDb.CreateNew(TestServerType serverType, Boolean doNotCleanupDb, String databaseName, String query, String dbNamePrefix) in /Users/aasimkhan/src/sqltoolsservice/test/Microsoft.SqlTools.ServiceLayer.Test.Common/SqlTestDb.cs:line 84
   at Microsoft.SqlTools.ServiceLayer.IntegrationTests.LanguageServer.LanguageServiceTests.ExpandSqlStarExpressionsTest(String sqlStarQuery, Int32 cursorLine, Int32 cursorColumn, String createTableQueries, String expectedStarExpansionInsertText) in /Users/aasimkhan/src/sqltoolsservice/test/Microsoft.SqlTools.ServiceLayer.IntegrationTests/LanguageServer/LanguageServiceTests.cs:line 421
   at System.Runtime.CompilerServices.AsyncMethodBuilderCore.Start[TStateMachine](TStateMachine&amp; stateMachine)
   at Microsoft.SqlTools.ServiceLayer.IntegrationTests.LanguageServer.LanguageServiceTests.ExpandSqlStarExpressionsTest(String sqlStarQuery, Int32 cursorLine, Int32 cursorColumn, String createTableQueries, String expectedStarExpansionInsertText)
   at InvokeStub_LanguageServiceTests.ExpandSqlStarExpressionsTest(Object, Span`1)

2)    at System.Threading.Tasks.Task.ThrowIfExceptional(Boolean includeTaskCanceledExceptions)
   at System.Threading.Tasks.Task`1.GetResultCore(Boolean waitCompletionNotification)
   at Microsoft.SqlTools.ServiceLayer.Test.Common.SqlTestDb.CreateNew(TestServerType serverType, Boolean doNotCleanupDb, String databaseName, String query, String dbNamePrefix) in /Users/aasimkhan/src/sqltoolsservice/test/Microsoft.SqlTools.ServiceLayer.Test.Common/SqlTestDb.cs:line 84
   at Microsoft.SqlTools.ServiceLayer.IntegrationTests.LanguageServer.LanguageServiceTests.ExpandSqlStarExpressionsTest(String sqlStarQuery, Int32 cursorLine, Int32 cursorColumn, String createTableQueries, String expectedStarExpansionInsertText) in /Users/aasimkhan/src/sqltoolsservice/test/Microsoft.SqlTools.ServiceLayer.IntegrationTests/LanguageServer/LanguageServiceTests.cs:line 421
   at NUnit.Framework.Internal.TaskAwaitAdapter.GenericAdapter`1.GetResult()
   at NUnit.Framework.Internal.AsyncToSyncAdapter.Await(Func`1 invoke)
   at NUnit.Framework.Internal.Commands.TestMethodCommand.RunTestMethod(TestExecutionContext context)
   at NUnit.Framework.Internal.Commands.TestMethodCommand.Execute(TestExecutionContext context)
   at NUnit.Framework.Internal.Execution.SimpleWorkItem.&lt;&gt;c__DisplayClass4_0.&lt;PerformWork&gt;b__0()
   at NUnit.Framework.Internal.ContextUtils.&lt;&gt;c__DisplayClass1_0`1.&lt;DoIsolated&gt;b__0(Object _)
   at System.Threading.ExecutionContext.RunInternal(ExecutionContext executionContext, ContextCallback callback, Object state)
--- End of stack trace from previous location ---
   at System.Threading.ExecutionContext.RunInternal(ExecutionContext executionContext, ContextCallback callback, Object state)
   at NUnit.Framework.Internal.ContextUtils.DoIsolated(ContextCallback callback, Object state)
   at NUnit.Framework.Internal.ContextUtils.DoIsolated[T](Func`1 func)
   at NUnit.Framework.Internal.Execution.SimpleWorkItem.PerformWork()
--AssertionException
   at NUnit.Framework.Assert.ReportFailure(String message)
   at NUnit.Framework.Assert.ReportFailure(ConstraintResult result, String message, Object[] args)
   at NUnit.Framework.Assert.That[TActual](TActual actual, IResolveConstraint expression, String message, Object[] args)
   at NUnit.Framework.Assert.True(Boolean condition, String message, Object[] args)
   at Microsoft.SqlTools.ServiceLayer.Test.Common.TestConnectionProfileService.GetInstance(String key) in /Users/aasimkhan/src/sqltoolsservice/test/Microsoft.SqlTools.ServiceLayer.Test.Common/TestConnectionProfileService.cs:line 59
   at Microsoft.SqlTools.ServiceLayer.Test.Common.TestConnectionProfileService.GetConnectionParameters(String key, String databaseName) in /Users/aasimkhan/src/sqltoolsservice/test/Microsoft.SqlTools.ServiceLayer.Test.Common/TestConnectionProfileService.cs:line 65
   at Microsoft.SqlTools.ServiceLayer.Test.Common.TestConnectionProfileService.GetConnectionParameters(TestServerType serverType, String databaseName) in /Users/aasimkhan/src/sqltoolsservice/test/Microsoft.SqlTools.ServiceLayer.Test.Common/TestConnectionProfileService.cs:line 75
   at Microsoft.SqlTools.ServiceLayer.Test.Common.TestServiceProvider.InitLiveConnectionInfo(TestServerType serverType, String databaseName, String scriptFilePath) in /Users/aasimkhan/src/sqltoolsservice/test/Microsoft.SqlTools.ServiceLayer.Test.Common/TestServiceProvider.cs:line 142
   at Microsoft.SqlTools.ServiceLayer.Test.Common.TestServiceProvider.RunQueryAsync(TestServerType serverType, String databaseName, String queryText, Boolean throwOnError) in /Users/aasimkhan/src/sqltoolsservice/test/Microsoft.SqlTools.ServiceLayer.Test.Common/TestServiceProvider.cs:line 110
   at Microsoft.SqlTools.ServiceLayer.Test.Common.SqlTestDb.CreateNewAsync(TestServerType serverType, Boolean doNotCleanupDb, String databaseName, String query, String dbNamePrefix) in /Users/aasimkhan/src/sqltoolsservice/test/Microsoft.SqlTools.ServiceLayer.Test.Common/SqlTestDb.cs:line 101</failure>
    </testcase>
    <testcase classname="Microsoft.SqlTools.ServiceLayer.IntegrationTests.LanguageServer.LanguageServiceTests" name="ExpandSqlStarExpressionsTest(&quot;select * from (select col2 from wildcard_test_table1) as alias&quot;,0,8,&quot;CREATE TABLE wildcard_test_table1(col1 int, col2 int)&quot;,&quot;[col2]&quot;)" time="0.0006710">
      <failure type="failure" message="System.AggregateException : One or more errors occurred. (  Cannot find any instance for version key: sqlOnPrem&#xA;  Expected: True&#xA;  But was:  False&#xA;)&#xA;  ----&gt; NUnit.Framework.AssertionException :   Cannot find any instance for version key: sqlOnPrem&#xA;  Expected: True&#xA;  But was:  False&#xA;&#xA;&#xA;  1)   Cannot find any instance for version key: sqlOnPrem&#xA;  Expected: True&#xA;  But was:  False&#xA;&#xA;">at System.Threading.Tasks.Task.ThrowIfExceptional(Boolean includeTaskCanceledExceptions)
   at System.Threading.Tasks.Task`1.GetResultCore(Boolean waitCompletionNotification)
   at Microsoft.SqlTools.ServiceLayer.Test.Common.SqlTestDb.CreateNew(TestServerType serverType, Boolean doNotCleanupDb, String databaseName, String query, String dbNamePrefix) in /Users/aasimkhan/src/sqltoolsservice/test/Microsoft.SqlTools.ServiceLayer.Test.Common/SqlTestDb.cs:line 84
   at Microsoft.SqlTools.ServiceLayer.IntegrationTests.LanguageServer.LanguageServiceTests.ExpandSqlStarExpressionsTest(String sqlStarQuery, Int32 cursorLine, Int32 cursorColumn, String createTableQueries, String expectedStarExpansionInsertText) in /Users/aasimkhan/src/sqltoolsservice/test/Microsoft.SqlTools.ServiceLayer.IntegrationTests/LanguageServer/LanguageServiceTests.cs:line 421
   at NUnit.Framework.Internal.TaskAwaitAdapter.GenericAdapter`1.GetResult()
   at NUnit.Framework.Internal.AsyncToSyncAdapter.Await(Func`1 invoke)
   at NUnit.Framework.Internal.Commands.TestMethodCommand.RunTestMethod(TestExecutionContext context)
   at NUnit.Framework.Internal.Commands.TestMethodCommand.Execute(TestExecutionContext context)
   at NUnit.Framework.Internal.Execution.SimpleWorkItem.&lt;&gt;c__DisplayClass4_0.&lt;PerformWork&gt;b__0()
   at NUnit.Framework.Internal.ContextUtils.&lt;&gt;c__DisplayClass1_0`1.&lt;DoIsolated&gt;b__0(Object _)
   at System.Threading.ExecutionContext.RunInternal(ExecutionContext executionContext, ContextCallback callback, Object state)
--- End of stack trace from previous location ---
   at System.Threading.ExecutionContext.RunInternal(ExecutionContext executionContext, ContextCallback callback, Object state)
   at NUnit.Framework.Internal.ContextUtils.DoIsolated(ContextCallback callback, Object state)
   at NUnit.Framework.Internal.ContextUtils.DoIsolated[T](Func`1 func)
   at NUnit.Framework.Internal.Execution.SimpleWorkItem.PerformWork()
--AssertionException
   at NUnit.Framework.Assert.ReportFailure(String message)
   at NUnit.Framework.Assert.ReportFailure(ConstraintResult result, String message, Object[] args)
   at NUnit.Framework.Assert.That[TActual](TActual actual, IResolveConstraint expression, String message, Object[] args)
   at NUnit.Framework.Assert.True(Boolean condition, String message, Object[] args)
   at Microsoft.SqlTools.ServiceLayer.Test.Common.TestConnectionProfileService.GetInstance(String key) in /Users/aasimkhan/src/sqltoolsservice/test/Microsoft.SqlTools.ServiceLayer.Test.Common/TestConnectionProfileService.cs:line 59
   at Microsoft.SqlTools.ServiceLayer.Test.Common.TestConnectionProfileService.GetConnectionParameters(String key, String databaseName) in /Users/aasimkhan/src/sqltoolsservice/test/Microsoft.SqlTools.ServiceLayer.Test.Common/TestConnectionProfileService.cs:line 65
   at Microsoft.SqlTools.ServiceLayer.Test.Common.TestConnectionProfileService.GetConnectionParameters(TestServerType serverType, String databaseName) in /Users/aasimkhan/src/sqltoolsservice/test/Microsoft.SqlTools.ServiceLayer.Test.Common/TestConnectionProfileService.cs:line 75
   at Microsoft.SqlTools.ServiceLayer.Test.Common.TestServiceProvider.InitLiveConnectionInfo(TestServerType serverType, String databaseName, String scriptFilePath) in /Users/aasimkhan/src/sqltoolsservice/test/Microsoft.SqlTools.ServiceLayer.Test.Common/TestServiceProvider.cs:line 142
   at Microsoft.SqlTools.ServiceLayer.Test.Common.TestServiceProvider.RunQueryAsync(TestServerType serverType, String databaseName, String queryText, Boolean throwOnError) in /Users/aasimkhan/src/sqltoolsservice/test/Microsoft.SqlTools.ServiceLayer.Test.Common/TestServiceProvider.cs:line 110
   at Microsoft.SqlTools.ServiceLayer.Test.Common.SqlTestDb.CreateNewAsync(TestServerType serverType, Boolean doNotCleanupDb, String databaseName, String query, String dbNamePrefix) in /Users/aasimkhan/src/sqltoolsservice/test/Microsoft.SqlTools.ServiceLayer.Test.Common/SqlTestDb.cs:line 101
1)    at Microsoft.SqlTools.ServiceLayer.Test.Common.TestConnectionProfileService.GetInstance(String key) in /Users/aasimkhan/src/sqltoolsservice/test/Microsoft.SqlTools.ServiceLayer.Test.Common/TestConnectionProfileService.cs:line 59
   at Microsoft.SqlTools.ServiceLayer.Test.Common.TestConnectionProfileService.GetConnectionParameters(String key, String databaseName) in /Users/aasimkhan/src/sqltoolsservice/test/Microsoft.SqlTools.ServiceLayer.Test.Common/TestConnectionProfileService.cs:line 65
   at Microsoft.SqlTools.ServiceLayer.Test.Common.TestConnectionProfileService.GetConnectionParameters(TestServerType serverType, String databaseName) in /Users/aasimkhan/src/sqltoolsservice/test/Microsoft.SqlTools.ServiceLayer.Test.Common/TestConnectionProfileService.cs:line 75
   at Microsoft.SqlTools.ServiceLayer.Test.Common.TestServiceProvider.InitLiveConnectionInfo(TestServerType serverType, String databaseName, String scriptFilePath) in /Users/aasimkhan/src/sqltoolsservice/test/Microsoft.SqlTools.ServiceLayer.Test.Common/TestServiceProvider.cs:line 142
   at System.Runtime.CompilerServices.AsyncMethodBuilderCore.Start[TStateMachine](TStateMachine&amp; stateMachine)
   at Microsoft.SqlTools.ServiceLayer.Test.Common.TestServiceProvider.InitLiveConnectionInfo(TestServerType serverType, String databaseName, String scriptFilePath)
   at Microsoft.SqlTools.ServiceLayer.Test.Common.TestServiceProvider.RunQueryAsync(TestServerType serverType, String databaseName, String queryText, Boolean throwOnError) in /Users/aasimkhan/src/sqltoolsservice/test/Microsoft.SqlTools.ServiceLayer.Test.Common/TestServiceProvider.cs:line 110
   at System.Runtime.CompilerServices.AsyncMethodBuilderCore.Start[TStateMachine](TStateMachine&amp; stateMachine)
   at Microsoft.SqlTools.ServiceLayer.Test.Common.TestServiceProvider.RunQueryAsync(TestServerType serverType, String databaseName, String queryText, Boolean throwOnError)
   at Microsoft.SqlTools.ServiceLayer.Test.Common.SqlTestDb.CreateNewAsync(TestServerType serverType, Boolean doNotCleanupDb, String databaseName, String query, String dbNamePrefix) in /Users/aasimkhan/src/sqltoolsservice/test/Microsoft.SqlTools.ServiceLayer.Test.Common/SqlTestDb.cs:line 101
   at System.Runtime.CompilerServices.AsyncMethodBuilderCore.Start[TStateMachine](TStateMachine&amp; stateMachine)
   at Microsoft.SqlTools.ServiceLayer.Test.Common.SqlTestDb.CreateNewAsync(TestServerType serverType, Boolean doNotCleanupDb, String databaseName, String query, String dbNamePrefix)
   at Microsoft.SqlTools.ServiceLayer.Test.Common.SqlTestDb.CreateNew(TestServerType serverType, Boolean doNotCleanupDb, String databaseName, String query, String dbNamePrefix) in /Users/aasimkhan/src/sqltoolsservice/test/Microsoft.SqlTools.ServiceLayer.Test.Common/SqlTestDb.cs:line 84
   at Microsoft.SqlTools.ServiceLayer.IntegrationTests.LanguageServer.LanguageServiceTests.ExpandSqlStarExpressionsTest(String sqlStarQuery, Int32 cursorLine, Int32 cursorColumn, String createTableQueries, String expectedStarExpansionInsertText) in /Users/aasimkhan/src/sqltoolsservice/test/Microsoft.SqlTools.ServiceLayer.IntegrationTests/LanguageServer/LanguageServiceTests.cs:line 421
   at System.Runtime.CompilerServices.AsyncMethodBuilderCore.Start[TStateMachine](TStateMachine&amp; stateMachine)
   at Microsoft.SqlTools.ServiceLayer.IntegrationTests.LanguageServer.LanguageServiceTests.ExpandSqlStarExpressionsTest(String sqlStarQuery, Int32 cursorLine, Int32 cursorColumn, String createTableQueries, String expectedStarExpansionInsertText)
   at InvokeStub_LanguageServiceTests.ExpandSqlStarExpressionsTest(Object, Span`1)

2)    at System.Threading.Tasks.Task.ThrowIfExceptional(Boolean includeTaskCanceledExceptions)
   at System.Threading.Tasks.Task`1.GetResultCore(Boolean waitCompletionNotification)
   at Microsoft.SqlTools.ServiceLayer.Test.Common.SqlTestDb.CreateNew(TestServerType serverType, Boolean doNotCleanupDb, String databaseName, String query, String dbNamePrefix) in /Users/aasimkhan/src/sqltoolsservice/test/Microsoft.SqlTools.ServiceLayer.Test.Common/SqlTestDb.cs:line 84
   at Microsoft.SqlTools.ServiceLayer.IntegrationTests.LanguageServer.LanguageServiceTests.ExpandSqlStarExpressionsTest(String sqlStarQuery, Int32 cursorLine, Int32 cursorColumn, String createTableQueries, String expectedStarExpansionInsertText) in /Users/aasimkhan/src/sqltoolsservice/test/Microsoft.SqlTools.ServiceLayer.IntegrationTests/LanguageServer/LanguageServiceTests.cs:line 421
   at NUnit.Framework.Internal.TaskAwaitAdapter.GenericAdapter`1.GetResult()
   at NUnit.Framework.Internal.AsyncToSyncAdapter.Await(Func`1 invoke)
   at NUnit.Framework.Internal.Commands.TestMethodCommand.RunTestMethod(TestExecutionContext context)
   at NUnit.Framework.Internal.Commands.TestMethodCommand.Execute(TestExecutionContext context)
   at NUnit.Framework.Internal.Execution.SimpleWorkItem.&lt;&gt;c__DisplayClass4_0.&lt;PerformWork&gt;b__0()
   at NUnit.Framework.Internal.ContextUtils.&lt;&gt;c__DisplayClass1_0`1.&lt;DoIsolated&gt;b__0(Object _)
   at System.Threading.ExecutionContext.RunInternal(ExecutionContext executionContext, ContextCallback callback, Object state)
--- End of stack trace from previous location ---
   at System.Threading.ExecutionContext.RunInternal(ExecutionContext executionContext, ContextCallback callback, Object state)
   at NUnit.Framework.Internal.ContextUtils.DoIsolated(ContextCallback callback, Object state)
   at NUnit.Framework.Internal.ContextUtils.DoIsolated[T](Func`1 func)
   at NUnit.Framework.Internal.Execution.SimpleWorkItem.PerformWork()
--AssertionException
   at NUnit.Framework.Assert.ReportFailure(String message)
   at NUnit.Framework.Assert.ReportFailure(ConstraintResult result, String message, Object[] args)
   at NUnit.Framework.Assert.That[TActual](TActual actual, IResolveConstraint expression, String message, Object[] args)
   at NUnit.Framework.Assert.True(Boolean condition, String message, Object[] args)
   at Microsoft.SqlTools.ServiceLayer.Test.Common.TestConnectionProfileService.GetInstance(String key) in /Users/aasimkhan/src/sqltoolsservice/test/Microsoft.SqlTools.ServiceLayer.Test.Common/TestConnectionProfileService.cs:line 59
   at Microsoft.SqlTools.ServiceLayer.Test.Common.TestConnectionProfileService.GetConnectionParameters(String key, String databaseName) in /Users/aasimkhan/src/sqltoolsservice/test/Microsoft.SqlTools.ServiceLayer.Test.Common/TestConnectionProfileService.cs:line 65
   at Microsoft.SqlTools.ServiceLayer.Test.Common.TestConnectionProfileService.GetConnectionParameters(TestServerType serverType, String databaseName) in /Users/aasimkhan/src/sqltoolsservice/test/Microsoft.SqlTools.ServiceLayer.Test.Common/TestConnectionProfileService.cs:line 75
   at Microsoft.SqlTools.ServiceLayer.Test.Common.TestServiceProvider.InitLiveConnectionInfo(TestServerType serverType, String databaseName, String scriptFilePath) in /Users/aasimkhan/src/sqltoolsservice/test/Microsoft.SqlTools.ServiceLayer.Test.Common/TestServiceProvider.cs:line 142
   at Microsoft.SqlTools.ServiceLayer.Test.Common.TestServiceProvider.RunQueryAsync(TestServerType serverType, String databaseName, String queryText, Boolean throwOnError) in /Users/aasimkhan/src/sqltoolsservice/test/Microsoft.SqlTools.ServiceLayer.Test.Common/TestServiceProvider.cs:line 110
   at Microsoft.SqlTools.ServiceLayer.Test.Common.SqlTestDb.CreateNewAsync(TestServerType serverType, Boolean doNotCleanupDb, String databaseName, String query, String dbNamePrefix) in /Users/aasimkhan/src/sqltoolsservice/test/Microsoft.SqlTools.ServiceLayer.Test.Common/SqlTestDb.cs:line 101</failure>
    </testcase>
    <testcase classname="Microsoft.SqlTools.ServiceLayer.IntegrationTests.LanguageServer.LanguageServiceTests" name="GetSignatureHelpReturnsNotNullIfParseInfoInitialized" time="0.0016510">
      <failure type="failure" message="  Cannot find any instance for version key: sqlOnPrem&#xA;  Expected: True&#xA;  But was:  False&#xA;">at Microsoft.SqlTools.ServiceLayer.Test.Common.TestConnectionProfileService.GetInstance(String key) in /Users/aasimkhan/src/sqltoolsservice/test/Microsoft.SqlTools.ServiceLayer.Test.Common/TestConnectionProfileService.cs:line 59
   at Microsoft.SqlTools.ServiceLayer.Test.Common.TestConnectionProfileService.GetConnectionParameters(String key, String databaseName) in /Users/aasimkhan/src/sqltoolsservice/test/Microsoft.SqlTools.ServiceLayer.Test.Common/TestConnectionProfileService.cs:line 65
   at Microsoft.SqlTools.ServiceLayer.Test.Common.TestConnectionProfileService.GetConnectionParameters(TestServerType serverType, String databaseName) in /Users/aasimkhan/src/sqltoolsservice/test/Microsoft.SqlTools.ServiceLayer.Test.Common/TestConnectionProfileService.cs:line 75
   at Microsoft.SqlTools.ServiceLayer.IntegrationTests.Utility.LiveConnectionHelper.InitLiveConnectionInfoAsync(String databaseName, String ownerUri, String connectionType, TestServerType serverType) in /Users/aasimkhan/src/sqltoolsservice/test/Microsoft.SqlTools.ServiceLayer.IntegrationTests/Utility/LiveConnectionHelper.cs:line 68
   at Microsoft.SqlTools.ServiceLayer.IntegrationTests.Utility.LiveConnectionHelper.InitLiveConnectionInfo(String databaseName, String ownerUri) in /Users/aasimkhan/src/sqltoolsservice/test/Microsoft.SqlTools.ServiceLayer.IntegrationTests/Utility/LiveConnectionHelper.cs:line 52
   at Microsoft.SqlTools.ServiceLayer.IntegrationTests.LanguageServer.LanguageServiceTests.GetSignatureHelpReturnsNotNullIfParseInfoInitialized() in /Users/aasimkhan/src/sqltoolsservice/test/Microsoft.SqlTools.ServiceLayer.IntegrationTests/LanguageServer/LanguageServiceTests.cs:line 226
   at NUnit.Framework.Internal.TaskAwaitAdapter.GenericAdapter`1.GetResult()
   at NUnit.Framework.Internal.AsyncToSyncAdapter.Await(Func`1 invoke)
   at NUnit.Framework.Internal.Commands.TestMethodCommand.RunTestMethod(TestExecutionContext context)
   at NUnit.Framework.Internal.Commands.TestMethodCommand.Execute(TestExecutionContext context)
   at NUnit.Framework.Internal.Execution.SimpleWorkItem.&lt;&gt;c__DisplayClass4_0.&lt;PerformWork&gt;b__0()
   at NUnit.Framework.Internal.ContextUtils.&lt;&gt;c__DisplayClass1_0`1.&lt;DoIsolated&gt;b__0(Object _)

1)    at Microsoft.SqlTools.ServiceLayer.Test.Common.TestConnectionProfileService.GetInstance(String key) in /Users/aasimkhan/src/sqltoolsservice/test/Microsoft.SqlTools.ServiceLayer.Test.Common/TestConnectionProfileService.cs:line 59
   at Microsoft.SqlTools.ServiceLayer.Test.Common.TestConnectionProfileService.GetConnectionParameters(String key, String databaseName) in /Users/aasimkhan/src/sqltoolsservice/test/Microsoft.SqlTools.ServiceLayer.Test.Common/TestConnectionProfileService.cs:line 65
   at Microsoft.SqlTools.ServiceLayer.Test.Common.TestConnectionProfileService.GetConnectionParameters(TestServerType serverType, String databaseName) in /Users/aasimkhan/src/sqltoolsservice/test/Microsoft.SqlTools.ServiceLayer.Test.Common/TestConnectionProfileService.cs:line 75
   at Microsoft.SqlTools.ServiceLayer.IntegrationTests.Utility.LiveConnectionHelper.InitLiveConnectionInfoAsync(String databaseName, String ownerUri, String connectionType, TestServerType serverType) in /Users/aasimkhan/src/sqltoolsservice/test/Microsoft.SqlTools.ServiceLayer.IntegrationTests/Utility/LiveConnectionHelper.cs:line 68
   at System.Runtime.CompilerServices.AsyncMethodBuilderCore.Start[TStateMachine](TStateMachine&amp; stateMachine)
   at Microsoft.SqlTools.ServiceLayer.IntegrationTests.Utility.LiveConnectionHelper.InitLiveConnectionInfoAsync(String databaseName, String ownerUri, String connectionType, TestServerType serverType)
   at Microsoft.SqlTools.ServiceLayer.IntegrationTests.Utility.LiveConnectionHelper.InitLiveConnectionInfo(String databaseName, String ownerUri) in /Users/aasimkhan/src/sqltoolsservice/test/Microsoft.SqlTools.ServiceLayer.IntegrationTests/Utility/LiveConnectionHelper.cs:line 52
   at Microsoft.SqlTools.ServiceLayer.IntegrationTests.LanguageServer.LanguageServiceTests.GetSignatureHelpReturnsNotNullIfParseInfoInitialized() in /Users/aasimkhan/src/sqltoolsservice/test/Microsoft.SqlTools.ServiceLayer.IntegrationTests/LanguageServer/LanguageServiceTests.cs:line 226
   at System.Runtime.CompilerServices.AsyncMethodBuilderCore.Start[TStateMachine](TStateMachine&amp; stateMachine)
   at Microsoft.SqlTools.ServiceLayer.IntegrationTests.LanguageServer.LanguageServiceTests.GetSignatureHelpReturnsNotNullIfParseInfoInitialized()</failure>
    </testcase>
    <testcase classname="Microsoft.SqlTools.ServiceLayer.IntegrationTests.LanguageServer.LanguageServiceTests" name="HandleRequestToChangeToSqlcmdFile" time="0.0000050">
      <skipped />
    </testcase>
    <testcase classname="Microsoft.SqlTools.ServiceLayer.IntegrationTests.LanguageServer.LanguageServiceTests" name="OverwriteBindingContext" time="0.0009470">
      <failure type="failure" message="  Cannot find any instance for version key: sqlOnPrem&#xA;  Expected: True&#xA;  But was:  False&#xA;">at Microsoft.SqlTools.ServiceLayer.Test.Common.TestConnectionProfileService.GetInstance(String key) in /Users/aasimkhan/src/sqltoolsservice/test/Microsoft.SqlTools.ServiceLayer.Test.Common/TestConnectionProfileService.cs:line 59
   at Microsoft.SqlTools.ServiceLayer.Test.Common.TestConnectionProfileService.GetConnectionParameters(String key, String databaseName) in /Users/aasimkhan/src/sqltoolsservice/test/Microsoft.SqlTools.ServiceLayer.Test.Common/TestConnectionProfileService.cs:line 65
   at Microsoft.SqlTools.ServiceLayer.Test.Common.TestConnectionProfileService.GetConnectionParameters(TestServerType serverType, String databaseName) in /Users/aasimkhan/src/sqltoolsservice/test/Microsoft.SqlTools.ServiceLayer.Test.Common/TestConnectionProfileService.cs:line 75
   at Microsoft.SqlTools.ServiceLayer.IntegrationTests.Utility.LiveConnectionHelper.InitLiveConnectionInfoAsync(String databaseName, String ownerUri, String connectionType, TestServerType serverType) in /Users/aasimkhan/src/sqltoolsservice/test/Microsoft.SqlTools.ServiceLayer.IntegrationTests/Utility/LiveConnectionHelper.cs:line 68
   at Microsoft.SqlTools.ServiceLayer.IntegrationTests.Utility.LiveConnectionHelper.InitLiveConnectionInfo(String databaseName, String ownerUri) in /Users/aasimkhan/src/sqltoolsservice/test/Microsoft.SqlTools.ServiceLayer.IntegrationTests/Utility/LiveConnectionHelper.cs:line 52
   at Microsoft.SqlTools.ServiceLayer.IntegrationTests.LanguageServer.LanguageServiceTests.OverwriteBindingContext() in /Users/aasimkhan/src/sqltoolsservice/test/Microsoft.SqlTools.ServiceLayer.IntegrationTests/LanguageServer/LanguageServiceTests.cs:line 263

1)    at Microsoft.SqlTools.ServiceLayer.Test.Common.TestConnectionProfileService.GetInstance(String key) in /Users/aasimkhan/src/sqltoolsservice/test/Microsoft.SqlTools.ServiceLayer.Test.Common/TestConnectionProfileService.cs:line 59
   at Microsoft.SqlTools.ServiceLayer.Test.Common.TestConnectionProfileService.GetConnectionParameters(String key, String databaseName) in /Users/aasimkhan/src/sqltoolsservice/test/Microsoft.SqlTools.ServiceLayer.Test.Common/TestConnectionProfileService.cs:line 65
   at Microsoft.SqlTools.ServiceLayer.Test.Common.TestConnectionProfileService.GetConnectionParameters(TestServerType serverType, String databaseName) in /Users/aasimkhan/src/sqltoolsservice/test/Microsoft.SqlTools.ServiceLayer.Test.Common/TestConnectionProfileService.cs:line 75
   at Microsoft.SqlTools.ServiceLayer.IntegrationTests.Utility.LiveConnectionHelper.InitLiveConnectionInfoAsync(String databaseName, String ownerUri, String connectionType, TestServerType serverType) in /Users/aasimkhan/src/sqltoolsservice/test/Microsoft.SqlTools.ServiceLayer.IntegrationTests/Utility/LiveConnectionHelper.cs:line 68
   at System.Runtime.CompilerServices.AsyncMethodBuilderCore.Start[TStateMachine](TStateMachine&amp; stateMachine)
   at Microsoft.SqlTools.ServiceLayer.IntegrationTests.Utility.LiveConnectionHelper.InitLiveConnectionInfoAsync(String databaseName, String ownerUri, String connectionType, TestServerType serverType)
   at Microsoft.SqlTools.ServiceLayer.IntegrationTests.Utility.LiveConnectionHelper.InitLiveConnectionInfo(String databaseName, String ownerUri) in /Users/aasimkhan/src/sqltoolsservice/test/Microsoft.SqlTools.ServiceLayer.IntegrationTests/Utility/LiveConnectionHelper.cs:line 52
   at Microsoft.SqlTools.ServiceLayer.IntegrationTests.LanguageServer.LanguageServiceTests.OverwriteBindingContext() in /Users/aasimkhan/src/sqltoolsservice/test/Microsoft.SqlTools.ServiceLayer.IntegrationTests/LanguageServer/LanguageServiceTests.cs:line 263</failure>
    </testcase>
    <testcase classname="Microsoft.SqlTools.ServiceLayer.IntegrationTests.LanguageServer.LanguageServiceTests" name="RebuildIntellisenseCacheClearsScriptParseInfoCorrectly" time="0.0015250">
      <failure type="failure" message="System.AggregateException : One or more errors occurred. (  Cannot find any instance for version key: sqlOnPrem&#xA;  Expected: True&#xA;  But was:  False&#xA;)&#xA;  ----&gt; NUnit.Framework.AssertionException :   Cannot find any instance for version key: sqlOnPrem&#xA;  Expected: True&#xA;  But was:  False&#xA;&#xA;&#xA;  1)   Cannot find any instance for version key: sqlOnPrem&#xA;  Expected: True&#xA;  But was:  False&#xA;&#xA;">at System.Threading.Tasks.Task.ThrowIfExceptional(Boolean includeTaskCanceledExceptions)
   at System.Threading.Tasks.Task`1.GetResultCore(Boolean waitCompletionNotification)
   at Microsoft.SqlTools.ServiceLayer.Test.Common.SqlTestDb.CreateNew(TestServerType serverType, Boolean doNotCleanupDb, String databaseName, String query, String dbNamePrefix) in /Users/aasimkhan/src/sqltoolsservice/test/Microsoft.SqlTools.ServiceLayer.Test.Common/SqlTestDb.cs:line 84
   at Microsoft.SqlTools.ServiceLayer.IntegrationTests.LanguageServer.LanguageServiceTests.RebuildIntellisenseCacheClearsScriptParseInfoCorrectly() in /Users/aasimkhan/src/sqltoolsservice/test/Microsoft.SqlTools.ServiceLayer.IntegrationTests/LanguageServer/LanguageServiceTests.cs:line 285
   at NUnit.Framework.Internal.TaskAwaitAdapter.GenericAdapter`1.GetResult()
   at NUnit.Framework.Internal.AsyncToSyncAdapter.Await(Func`1 invoke)
   at NUnit.Framework.Internal.Commands.TestMethodCommand.RunTestMethod(TestExecutionContext context)
   at NUnit.Framework.Internal.Commands.TestMethodCommand.Execute(TestExecutionContext context)
   at NUnit.Framework.Internal.Execution.SimpleWorkItem.&lt;&gt;c__DisplayClass4_0.&lt;PerformWork&gt;b__0()
   at NUnit.Framework.Internal.ContextUtils.&lt;&gt;c__DisplayClass1_0`1.&lt;DoIsolated&gt;b__0(Object _)
   at System.Threading.ExecutionContext.RunInternal(ExecutionContext executionContext, ContextCallback callback, Object state)
--- End of stack trace from previous location ---
   at System.Threading.ExecutionContext.RunInternal(ExecutionContext executionContext, ContextCallback callback, Object state)
   at NUnit.Framework.Internal.ContextUtils.DoIsolated(ContextCallback callback, Object state)
   at NUnit.Framework.Internal.ContextUtils.DoIsolated[T](Func`1 func)
   at NUnit.Framework.Internal.Execution.SimpleWorkItem.PerformWork()
--AssertionException
   at NUnit.Framework.Assert.ReportFailure(String message)
   at NUnit.Framework.Assert.ReportFailure(ConstraintResult result, String message, Object[] args)
   at NUnit.Framework.Assert.That[TActual](TActual actual, IResolveConstraint expression, String message, Object[] args)
   at NUnit.Framework.Assert.True(Boolean condition, String message, Object[] args)
   at Microsoft.SqlTools.ServiceLayer.Test.Common.TestConnectionProfileService.GetInstance(String key) in /Users/aasimkhan/src/sqltoolsservice/test/Microsoft.SqlTools.ServiceLayer.Test.Common/TestConnectionProfileService.cs:line 59
   at Microsoft.SqlTools.ServiceLayer.Test.Common.TestConnectionProfileService.GetConnectionParameters(String key, String databaseName) in /Users/aasimkhan/src/sqltoolsservice/test/Microsoft.SqlTools.ServiceLayer.Test.Common/TestConnectionProfileService.cs:line 65
   at Microsoft.SqlTools.ServiceLayer.Test.Common.TestConnectionProfileService.GetConnectionParameters(TestServerType serverType, String databaseName) in /Users/aasimkhan/src/sqltoolsservice/test/Microsoft.SqlTools.ServiceLayer.Test.Common/TestConnectionProfileService.cs:line 75
   at Microsoft.SqlTools.ServiceLayer.Test.Common.TestServiceProvider.InitLiveConnectionInfo(TestServerType serverType, String databaseName, String scriptFilePath) in /Users/aasimkhan/src/sqltoolsservice/test/Microsoft.SqlTools.ServiceLayer.Test.Common/TestServiceProvider.cs:line 142
   at Microsoft.SqlTools.ServiceLayer.Test.Common.TestServiceProvider.RunQueryAsync(TestServerType serverType, String databaseName, String queryText, Boolean throwOnError) in /Users/aasimkhan/src/sqltoolsservice/test/Microsoft.SqlTools.ServiceLayer.Test.Common/TestServiceProvider.cs:line 110
   at Microsoft.SqlTools.ServiceLayer.Test.Common.SqlTestDb.CreateNewAsync(TestServerType serverType, Boolean doNotCleanupDb, String databaseName, String query, String dbNamePrefix) in /Users/aasimkhan/src/sqltoolsservice/test/Microsoft.SqlTools.ServiceLayer.Test.Common/SqlTestDb.cs:line 101
1)    at Microsoft.SqlTools.ServiceLayer.Test.Common.TestConnectionProfileService.GetInstance(String key) in /Users/aasimkhan/src/sqltoolsservice/test/Microsoft.SqlTools.ServiceLayer.Test.Common/TestConnectionProfileService.cs:line 59
   at Microsoft.SqlTools.ServiceLayer.Test.Common.TestConnectionProfileService.GetConnectionParameters(String key, String databaseName) in /Users/aasimkhan/src/sqltoolsservice/test/Microsoft.SqlTools.ServiceLayer.Test.Common/TestConnectionProfileService.cs:line 65
   at Microsoft.SqlTools.ServiceLayer.Test.Common.TestConnectionProfileService.GetConnectionParameters(TestServerType serverType, String databaseName) in /Users/aasimkhan/src/sqltoolsservice/test/Microsoft.SqlTools.ServiceLayer.Test.Common/TestConnectionProfileService.cs:line 75
   at Microsoft.SqlTools.ServiceLayer.Test.Common.TestServiceProvider.InitLiveConnectionInfo(TestServerType serverType, String databaseName, String scriptFilePath) in /Users/aasimkhan/src/sqltoolsservice/test/Microsoft.SqlTools.ServiceLayer.Test.Common/TestServiceProvider.cs:line 142
   at System.Runtime.CompilerServices.AsyncMethodBuilderCore.Start[TStateMachine](TStateMachine&amp; stateMachine)
   at Microsoft.SqlTools.ServiceLayer.Test.Common.TestServiceProvider.InitLiveConnectionInfo(TestServerType serverType, String databaseName, String scriptFilePath)
   at Microsoft.SqlTools.ServiceLayer.Test.Common.TestServiceProvider.RunQueryAsync(TestServerType serverType, String databaseName, String queryText, Boolean throwOnError) in /Users/aasimkhan/src/sqltoolsservice/test/Microsoft.SqlTools.ServiceLayer.Test.Common/TestServiceProvider.cs:line 110
   at System.Runtime.CompilerServices.AsyncMethodBuilderCore.Start[TStateMachine](TStateMachine&amp; stateMachine)
   at Microsoft.SqlTools.ServiceLayer.Test.Common.TestServiceProvider.RunQueryAsync(TestServerType serverType, String databaseName, String queryText, Boolean throwOnError)
   at Microsoft.SqlTools.ServiceLayer.Test.Common.SqlTestDb.CreateNewAsync(TestServerType serverType, Boolean doNotCleanupDb, String databaseName, String query, String dbNamePrefix) in /Users/aasimkhan/src/sqltoolsservice/test/Microsoft.SqlTools.ServiceLayer.Test.Common/SqlTestDb.cs:line 101
   at System.Runtime.CompilerServices.AsyncMethodBuilderCore.Start[TStateMachine](TStateMachine&amp; stateMachine)
   at Microsoft.SqlTools.ServiceLayer.Test.Common.SqlTestDb.CreateNewAsync(TestServerType serverType, Boolean doNotCleanupDb, String databaseName, String query, String dbNamePrefix)
   at Microsoft.SqlTools.ServiceLayer.Test.Common.SqlTestDb.CreateNew(TestServerType serverType, Boolean doNotCleanupDb, String databaseName, String query, String dbNamePrefix) in /Users/aasimkhan/src/sqltoolsservice/test/Microsoft.SqlTools.ServiceLayer.Test.Common/SqlTestDb.cs:line 84
   at Microsoft.SqlTools.ServiceLayer.IntegrationTests.LanguageServer.LanguageServiceTests.RebuildIntellisenseCacheClearsScriptParseInfoCorrectly() in /Users/aasimkhan/src/sqltoolsservice/test/Microsoft.SqlTools.ServiceLayer.IntegrationTests/LanguageServer/LanguageServiceTests.cs:line 285
   at System.Runtime.CompilerServices.AsyncMethodBuilderCore.Start[TStateMachine](TStateMachine&amp; stateMachine)
   at Microsoft.SqlTools.ServiceLayer.IntegrationTests.LanguageServer.LanguageServiceTests.RebuildIntellisenseCacheClearsScriptParseInfoCorrectly()

2)    at System.Threading.Tasks.Task.ThrowIfExceptional(Boolean includeTaskCanceledExceptions)
   at System.Threading.Tasks.Task`1.GetResultCore(Boolean waitCompletionNotification)
   at Microsoft.SqlTools.ServiceLayer.Test.Common.SqlTestDb.CreateNew(TestServerType serverType, Boolean doNotCleanupDb, String databaseName, String query, String dbNamePrefix) in /Users/aasimkhan/src/sqltoolsservice/test/Microsoft.SqlTools.ServiceLayer.Test.Common/SqlTestDb.cs:line 84
   at Microsoft.SqlTools.ServiceLayer.IntegrationTests.LanguageServer.LanguageServiceTests.RebuildIntellisenseCacheClearsScriptParseInfoCorrectly() in /Users/aasimkhan/src/sqltoolsservice/test/Microsoft.SqlTools.ServiceLayer.IntegrationTests/LanguageServer/LanguageServiceTests.cs:line 285
   at NUnit.Framework.Internal.TaskAwaitAdapter.GenericAdapter`1.GetResult()
   at NUnit.Framework.Internal.AsyncToSyncAdapter.Await(Func`1 invoke)
   at NUnit.Framework.Internal.Commands.TestMethodCommand.RunTestMethod(TestExecutionContext context)
   at NUnit.Framework.Internal.Commands.TestMethodCommand.Execute(TestExecutionContext context)
   at NUnit.Framework.Internal.Execution.SimpleWorkItem.&lt;&gt;c__DisplayClass4_0.&lt;PerformWork&gt;b__0()
   at NUnit.Framework.Internal.ContextUtils.&lt;&gt;c__DisplayClass1_0`1.&lt;DoIsolated&gt;b__0(Object _)
   at System.Threading.ExecutionContext.RunInternal(ExecutionContext executionContext, ContextCallback callback, Object state)
--- End of stack trace from previous location ---
   at System.Threading.ExecutionContext.RunInternal(ExecutionContext executionContext, ContextCallback callback, Object state)
   at NUnit.Framework.Internal.ContextUtils.DoIsolated(ContextCallback callback, Object state)
   at NUnit.Framework.Internal.ContextUtils.DoIsolated[T](Func`1 func)
   at NUnit.Framework.Internal.Execution.SimpleWorkItem.PerformWork()
--AssertionException
   at NUnit.Framework.Assert.ReportFailure(String message)
   at NUnit.Framework.Assert.ReportFailure(ConstraintResult result, String message, Object[] args)
   at NUnit.Framework.Assert.That[TActual](TActual actual, IResolveConstraint expression, String message, Object[] args)
   at NUnit.Framework.Assert.True(Boolean condition, String message, Object[] args)
   at Microsoft.SqlTools.ServiceLayer.Test.Common.TestConnectionProfileService.GetInstance(String key) in /Users/aasimkhan/src/sqltoolsservice/test/Microsoft.SqlTools.ServiceLayer.Test.Common/TestConnectionProfileService.cs:line 59
   at Microsoft.SqlTools.ServiceLayer.Test.Common.TestConnectionProfileService.GetConnectionParameters(String key, String databaseName) in /Users/aasimkhan/src/sqltoolsservice/test/Microsoft.SqlTools.ServiceLayer.Test.Common/TestConnectionProfileService.cs:line 65
   at Microsoft.SqlTools.ServiceLayer.Test.Common.TestConnectionProfileService.GetConnectionParameters(TestServerType serverType, String databaseName) in /Users/aasimkhan/src/sqltoolsservice/test/Microsoft.SqlTools.ServiceLayer.Test.Common/TestConnectionProfileService.cs:line 75
   at Microsoft.SqlTools.ServiceLayer.Test.Common.TestServiceProvider.InitLiveConnectionInfo(TestServerType serverType, String databaseName, String scriptFilePath) in /Users/aasimkhan/src/sqltoolsservice/test/Microsoft.SqlTools.ServiceLayer.Test.Common/TestServiceProvider.cs:line 142
   at Microsoft.SqlTools.ServiceLayer.Test.Common.TestServiceProvider.RunQueryAsync(TestServerType serverType, String databaseName, String queryText, Boolean throwOnError) in /Users/aasimkhan/src/sqltoolsservice/test/Microsoft.SqlTools.ServiceLayer.Test.Common/TestServiceProvider.cs:line 110
   at Microsoft.SqlTools.ServiceLayer.Test.Common.SqlTestDb.CreateNewAsync(TestServerType serverType, Boolean doNotCleanupDb, String databaseName, String query, String dbNamePrefix) in /Users/aasimkhan/src/sqltoolsservice/test/Microsoft.SqlTools.ServiceLayer.Test.Common/SqlTestDb.cs:line 101</failure>
    </testcase>
    <testcase classname="Microsoft.SqlTools.ServiceLayer.IntegrationTests.LanguageServer.LanguageServiceTests" name="ServiceInitialization" time="0.0001700" />
    <testcase classname="Microsoft.SqlTools.ServiceLayer.IntegrationTests.LanguageServices.PeekDefinitionTests" name="GetDatabaseWithNoQueryConnectionTest" time="0.0017950">
      <failure type="failure" message="  Cannot find any instance for version key: sqlOnPrem&#xA;  Expected: True&#xA;  But was:  False&#xA;">at Microsoft.SqlTools.ServiceLayer.Test.Common.TestConnectionProfileService.GetInstance(String key) in /Users/aasimkhan/src/sqltoolsservice/test/Microsoft.SqlTools.ServiceLayer.Test.Common/TestConnectionProfileService.cs:line 59
   at Microsoft.SqlTools.ServiceLayer.Test.Common.TestConnectionProfileService.GetConnectionParameters(String key, String databaseName) in /Users/aasimkhan/src/sqltoolsservice/test/Microsoft.SqlTools.ServiceLayer.Test.Common/TestConnectionProfileService.cs:line 65
   at Microsoft.SqlTools.ServiceLayer.Test.Common.TestConnectionProfileService.GetConnectionParameters(TestServerType serverType, String databaseName) in /Users/aasimkhan/src/sqltoolsservice/test/Microsoft.SqlTools.ServiceLayer.Test.Common/TestConnectionProfileService.cs:line 75
   at Microsoft.SqlTools.ServiceLayer.IntegrationTests.Utility.LiveConnectionHelper.InitLiveConnectionInfoForDefinition(String databaseName) in /Users/aasimkhan/src/sqltoolsservice/test/Microsoft.SqlTools.ServiceLayer.IntegrationTests/Utility/LiveConnectionHelper.cs:line 118
   at Microsoft.SqlTools.ServiceLayer.IntegrationTests.LanguageServices.PeekDefinitionTests.GetDatabaseWithNoQueryConnectionTest() in /Users/aasimkhan/src/sqltoolsservice/test/Microsoft.SqlTools.ServiceLayer.IntegrationTests/LanguageServer/PeekDefinitionTests.cs:line 659

1)    at Microsoft.SqlTools.ServiceLayer.Test.Common.TestConnectionProfileService.GetInstance(String key) in /Users/aasimkhan/src/sqltoolsservice/test/Microsoft.SqlTools.ServiceLayer.Test.Common/TestConnectionProfileService.cs:line 59
   at Microsoft.SqlTools.ServiceLayer.Test.Common.TestConnectionProfileService.GetConnectionParameters(String key, String databaseName) in /Users/aasimkhan/src/sqltoolsservice/test/Microsoft.SqlTools.ServiceLayer.Test.Common/TestConnectionProfileService.cs:line 65
   at Microsoft.SqlTools.ServiceLayer.Test.Common.TestConnectionProfileService.GetConnectionParameters(TestServerType serverType, String databaseName) in /Users/aasimkhan/src/sqltoolsservice/test/Microsoft.SqlTools.ServiceLayer.Test.Common/TestConnectionProfileService.cs:line 75
   at Microsoft.SqlTools.ServiceLayer.IntegrationTests.Utility.LiveConnectionHelper.InitLiveConnectionInfoForDefinition(String databaseName) in /Users/aasimkhan/src/sqltoolsservice/test/Microsoft.SqlTools.ServiceLayer.IntegrationTests/Utility/LiveConnectionHelper.cs:line 118
   at Microsoft.SqlTools.ServiceLayer.IntegrationTests.LanguageServices.PeekDefinitionTests.GetDatabaseWithNoQueryConnectionTest() in /Users/aasimkhan/src/sqltoolsservice/test/Microsoft.SqlTools.ServiceLayer.IntegrationTests/LanguageServer/PeekDefinitionTests.cs:line 659</failure>
    </testcase>
    <testcase classname="Microsoft.SqlTools.ServiceLayer.IntegrationTests.LanguageServices.PeekDefinitionTests" name="GetDatabaseWithQueryConnectionTest" time="0.0007800">
      <failure type="failure" message="  Cannot find any instance for version key: sqlOnPrem&#xA;  Expected: True&#xA;  But was:  False&#xA;">at Microsoft.SqlTools.ServiceLayer.Test.Common.TestConnectionProfileService.GetInstance(String key) in /Users/aasimkhan/src/sqltoolsservice/test/Microsoft.SqlTools.ServiceLayer.Test.Common/TestConnectionProfileService.cs:line 59
   at Microsoft.SqlTools.ServiceLayer.Test.Common.TestConnectionProfileService.GetConnectionParameters(String key, String databaseName) in /Users/aasimkhan/src/sqltoolsservice/test/Microsoft.SqlTools.ServiceLayer.Test.Common/TestConnectionProfileService.cs:line 65
   at Microsoft.SqlTools.ServiceLayer.Test.Common.TestConnectionProfileService.GetConnectionParameters(TestServerType serverType, String databaseName) in /Users/aasimkhan/src/sqltoolsservice/test/Microsoft.SqlTools.ServiceLayer.Test.Common/TestConnectionProfileService.cs:line 75
   at Microsoft.SqlTools.ServiceLayer.IntegrationTests.Utility.LiveConnectionHelper.InitLiveConnectionInfoForDefinition(String databaseName) in /Users/aasimkhan/src/sqltoolsservice/test/Microsoft.SqlTools.ServiceLayer.IntegrationTests/Utility/LiveConnectionHelper.cs:line 118
   at Microsoft.SqlTools.ServiceLayer.IntegrationTests.LanguageServices.PeekDefinitionTests.GetDatabaseWithQueryConnectionTest() in /Users/aasimkhan/src/sqltoolsservice/test/Microsoft.SqlTools.ServiceLayer.IntegrationTests/LanguageServer/PeekDefinitionTests.cs:line 678

1)    at Microsoft.SqlTools.ServiceLayer.Test.Common.TestConnectionProfileService.GetInstance(String key) in /Users/aasimkhan/src/sqltoolsservice/test/Microsoft.SqlTools.ServiceLayer.Test.Common/TestConnectionProfileService.cs:line 59
   at Microsoft.SqlTools.ServiceLayer.Test.Common.TestConnectionProfileService.GetConnectionParameters(String key, String databaseName) in /Users/aasimkhan/src/sqltoolsservice/test/Microsoft.SqlTools.ServiceLayer.Test.Common/TestConnectionProfileService.cs:line 65
   at Microsoft.SqlTools.ServiceLayer.Test.Common.TestConnectionProfileService.GetConnectionParameters(TestServerType serverType, String databaseName) in /Users/aasimkhan/src/sqltoolsservice/test/Microsoft.SqlTools.ServiceLayer.Test.Common/TestConnectionProfileService.cs:line 75
   at Microsoft.SqlTools.ServiceLayer.IntegrationTests.Utility.LiveConnectionHelper.InitLiveConnectionInfoForDefinition(String databaseName) in /Users/aasimkhan/src/sqltoolsservice/test/Microsoft.SqlTools.ServiceLayer.IntegrationTests/Utility/LiveConnectionHelper.cs:line 118
   at Microsoft.SqlTools.ServiceLayer.IntegrationTests.LanguageServices.PeekDefinitionTests.GetDatabaseWithQueryConnectionTest() in /Users/aasimkhan/src/sqltoolsservice/test/Microsoft.SqlTools.ServiceLayer.IntegrationTests/LanguageServer/PeekDefinitionTests.cs:line 678</failure>
    </testcase>
    <testcase classname="Microsoft.SqlTools.ServiceLayer.IntegrationTests.LanguageServices.PeekDefinitionTests" name="GetDefinitionFromChildrenAndParents" time="0.0015280">
      <failure type="failure" message="  Cannot find any instance for version key: sqlOnPrem&#xA;  Expected: True&#xA;  But was:  False&#xA;">at Microsoft.SqlTools.ServiceLayer.Test.Common.TestConnectionProfileService.GetInstance(String key) in /Users/aasimkhan/src/sqltoolsservice/test/Microsoft.SqlTools.ServiceLayer.Test.Common/TestConnectionProfileService.cs:line 59
   at Microsoft.SqlTools.ServiceLayer.Test.Common.TestConnectionProfileService.GetConnectionParameters(String key, String databaseName) in /Users/aasimkhan/src/sqltoolsservice/test/Microsoft.SqlTools.ServiceLayer.Test.Common/TestConnectionProfileService.cs:line 65
   at Microsoft.SqlTools.ServiceLayer.Test.Common.TestConnectionProfileService.GetConnectionParameters(TestServerType serverType, String databaseName) in /Users/aasimkhan/src/sqltoolsservice/test/Microsoft.SqlTools.ServiceLayer.Test.Common/TestConnectionProfileService.cs:line 75
   at Microsoft.SqlTools.ServiceLayer.IntegrationTests.Utility.LiveConnectionHelper.InitLiveConnectionInfoAsync(String databaseName, String ownerUri, String connectionType, TestServerType serverType) in /Users/aasimkhan/src/sqltoolsservice/test/Microsoft.SqlTools.ServiceLayer.IntegrationTests/Utility/LiveConnectionHelper.cs:line 68
   at Microsoft.SqlTools.ServiceLayer.IntegrationTests.Utility.LiveConnectionHelper.InitLiveConnectionInfo(String databaseName, String ownerUri) in /Users/aasimkhan/src/sqltoolsservice/test/Microsoft.SqlTools.ServiceLayer.IntegrationTests/Utility/LiveConnectionHelper.cs:line 52
   at Microsoft.SqlTools.ServiceLayer.IntegrationTests.LanguageServices.PeekDefinitionTests.GetDefinitionFromChildrenAndParents() in /Users/aasimkhan/src/sqltoolsservice/test/Microsoft.SqlTools.ServiceLayer.IntegrationTests/LanguageServer/PeekDefinitionTests.cs:line 717
   at NUnit.Framework.Internal.TaskAwaitAdapter.GenericAdapter`1.GetResult()
   at NUnit.Framework.Internal.AsyncToSyncAdapter.Await(Func`1 invoke)
   at NUnit.Framework.Internal.Commands.TestMethodCommand.RunTestMethod(TestExecutionContext context)
   at NUnit.Framework.Internal.Commands.TestMethodCommand.Execute(TestExecutionContext context)
   at NUnit.Framework.Internal.Execution.SimpleWorkItem.&lt;&gt;c__DisplayClass4_0.&lt;PerformWork&gt;b__0()
   at NUnit.Framework.Internal.ContextUtils.&lt;&gt;c__DisplayClass1_0`1.&lt;DoIsolated&gt;b__0(Object _)

1)    at Microsoft.SqlTools.ServiceLayer.Test.Common.TestConnectionProfileService.GetInstance(String key) in /Users/aasimkhan/src/sqltoolsservice/test/Microsoft.SqlTools.ServiceLayer.Test.Common/TestConnectionProfileService.cs:line 59
   at Microsoft.SqlTools.ServiceLayer.Test.Common.TestConnectionProfileService.GetConnectionParameters(String key, String databaseName) in /Users/aasimkhan/src/sqltoolsservice/test/Microsoft.SqlTools.ServiceLayer.Test.Common/TestConnectionProfileService.cs:line 65
   at Microsoft.SqlTools.ServiceLayer.Test.Common.TestConnectionProfileService.GetConnectionParameters(TestServerType serverType, String databaseName) in /Users/aasimkhan/src/sqltoolsservice/test/Microsoft.SqlTools.ServiceLayer.Test.Common/TestConnectionProfileService.cs:line 75
   at Microsoft.SqlTools.ServiceLayer.IntegrationTests.Utility.LiveConnectionHelper.InitLiveConnectionInfoAsync(String databaseName, String ownerUri, String connectionType, TestServerType serverType) in /Users/aasimkhan/src/sqltoolsservice/test/Microsoft.SqlTools.ServiceLayer.IntegrationTests/Utility/LiveConnectionHelper.cs:line 68
   at System.Runtime.CompilerServices.AsyncMethodBuilderCore.Start[TStateMachine](TStateMachine&amp; stateMachine)
   at Microsoft.SqlTools.ServiceLayer.IntegrationTests.Utility.LiveConnectionHelper.InitLiveConnectionInfoAsync(String databaseName, String ownerUri, String connectionType, TestServerType serverType)
   at Microsoft.SqlTools.ServiceLayer.IntegrationTests.Utility.LiveConnectionHelper.InitLiveConnectionInfo(String databaseName, String ownerUri) in /Users/aasimkhan/src/sqltoolsservice/test/Microsoft.SqlTools.ServiceLayer.IntegrationTests/Utility/LiveConnectionHelper.cs:line 52
   at Microsoft.SqlTools.ServiceLayer.IntegrationTests.LanguageServices.PeekDefinitionTests.GetDefinitionFromChildrenAndParents() in /Users/aasimkhan/src/sqltoolsservice/test/Microsoft.SqlTools.ServiceLayer.IntegrationTests/LanguageServer/PeekDefinitionTests.cs:line 717
   at System.Runtime.CompilerServices.AsyncMethodBuilderCore.Start[TStateMachine](TStateMachine&amp; stateMachine)
   at Microsoft.SqlTools.ServiceLayer.IntegrationTests.LanguageServices.PeekDefinitionTests.GetDefinitionFromChildrenAndParents()</failure>
    </testcase>
    <testcase classname="Microsoft.SqlTools.ServiceLayer.IntegrationTests.LanguageServices.PeekDefinitionTests" name="GetDefinitionFromProcedures" time="0.0014210">
      <failure type="failure" message="  Cannot find any instance for version key: sqlOnPrem&#xA;  Expected: True&#xA;  But was:  False&#xA;">at Microsoft.SqlTools.ServiceLayer.Test.Common.TestConnectionProfileService.GetInstance(String key) in /Users/aasimkhan/src/sqltoolsservice/test/Microsoft.SqlTools.ServiceLayer.Test.Common/TestConnectionProfileService.cs:line 59
   at Microsoft.SqlTools.ServiceLayer.Test.Common.TestConnectionProfileService.GetConnectionParameters(String key, String databaseName) in /Users/aasimkhan/src/sqltoolsservice/test/Microsoft.SqlTools.ServiceLayer.Test.Common/TestConnectionProfileService.cs:line 65
   at Microsoft.SqlTools.ServiceLayer.Test.Common.TestConnectionProfileService.GetConnectionParameters(TestServerType serverType, String databaseName) in /Users/aasimkhan/src/sqltoolsservice/test/Microsoft.SqlTools.ServiceLayer.Test.Common/TestConnectionProfileService.cs:line 75
   at Microsoft.SqlTools.ServiceLayer.IntegrationTests.Utility.LiveConnectionHelper.InitLiveConnectionInfoAsync(String databaseName, String ownerUri, String connectionType, TestServerType serverType) in /Users/aasimkhan/src/sqltoolsservice/test/Microsoft.SqlTools.ServiceLayer.IntegrationTests/Utility/LiveConnectionHelper.cs:line 68
   at Microsoft.SqlTools.ServiceLayer.IntegrationTests.Utility.LiveConnectionHelper.InitLiveConnectionInfo(String databaseName, String ownerUri) in /Users/aasimkhan/src/sqltoolsservice/test/Microsoft.SqlTools.ServiceLayer.IntegrationTests/Utility/LiveConnectionHelper.cs:line 52
   at Microsoft.SqlTools.ServiceLayer.IntegrationTests.LanguageServices.PeekDefinitionTests.GetDefinitionFromProcedures() in /Users/aasimkhan/src/sqltoolsservice/test/Microsoft.SqlTools.ServiceLayer.IntegrationTests/LanguageServer/PeekDefinitionTests.cs:line 774
   at NUnit.Framework.Internal.TaskAwaitAdapter.GenericAdapter`1.GetResult()
   at NUnit.Framework.Internal.AsyncToSyncAdapter.Await(Func`1 invoke)
   at NUnit.Framework.Internal.Commands.TestMethodCommand.RunTestMethod(TestExecutionContext context)
   at NUnit.Framework.Internal.Commands.TestMethodCommand.Execute(TestExecutionContext context)
   at NUnit.Framework.Internal.Execution.SimpleWorkItem.&lt;&gt;c__DisplayClass4_0.&lt;PerformWork&gt;b__0()
   at NUnit.Framework.Internal.ContextUtils.&lt;&gt;c__DisplayClass1_0`1.&lt;DoIsolated&gt;b__0(Object _)

1)    at Microsoft.SqlTools.ServiceLayer.Test.Common.TestConnectionProfileService.GetInstance(String key) in /Users/aasimkhan/src/sqltoolsservice/test/Microsoft.SqlTools.ServiceLayer.Test.Common/TestConnectionProfileService.cs:line 59
   at Microsoft.SqlTools.ServiceLayer.Test.Common.TestConnectionProfileService.GetConnectionParameters(String key, String databaseName) in /Users/aasimkhan/src/sqltoolsservice/test/Microsoft.SqlTools.ServiceLayer.Test.Common/TestConnectionProfileService.cs:line 65
   at Microsoft.SqlTools.ServiceLayer.Test.Common.TestConnectionProfileService.GetConnectionParameters(TestServerType serverType, String databaseName) in /Users/aasimkhan/src/sqltoolsservice/test/Microsoft.SqlTools.ServiceLayer.Test.Common/TestConnectionProfileService.cs:line 75
   at Microsoft.SqlTools.ServiceLayer.IntegrationTests.Utility.LiveConnectionHelper.InitLiveConnectionInfoAsync(String databaseName, String ownerUri, String connectionType, TestServerType serverType) in /Users/aasimkhan/src/sqltoolsservice/test/Microsoft.SqlTools.ServiceLayer.IntegrationTests/Utility/LiveConnectionHelper.cs:line 68
   at System.Runtime.CompilerServices.AsyncMethodBuilderCore.Start[TStateMachine](TStateMachine&amp; stateMachine)
   at Microsoft.SqlTools.ServiceLayer.IntegrationTests.Utility.LiveConnectionHelper.InitLiveConnectionInfoAsync(String databaseName, String ownerUri, String connectionType, TestServerType serverType)
   at Microsoft.SqlTools.ServiceLayer.IntegrationTests.Utility.LiveConnectionHelper.InitLiveConnectionInfo(String databaseName, String ownerUri) in /Users/aasimkhan/src/sqltoolsservice/test/Microsoft.SqlTools.ServiceLayer.IntegrationTests/Utility/LiveConnectionHelper.cs:line 52
   at Microsoft.SqlTools.ServiceLayer.IntegrationTests.LanguageServices.PeekDefinitionTests.GetDefinitionFromProcedures() in /Users/aasimkhan/src/sqltoolsservice/test/Microsoft.SqlTools.ServiceLayer.IntegrationTests/LanguageServer/PeekDefinitionTests.cs:line 774
   at System.Runtime.CompilerServices.AsyncMethodBuilderCore.Start[TStateMachine](TStateMachine&amp; stateMachine)
   at Microsoft.SqlTools.ServiceLayer.IntegrationTests.LanguageServices.PeekDefinitionTests.GetDefinitionFromProcedures()</failure>
    </testcase>
    <testcase classname="Microsoft.SqlTools.ServiceLayer.IntegrationTests.LanguageServices.PeekDefinitionTests" name="GetDefinitionTimeoutTest" time="0.0053340">
      <failure type="failure" message="  Cannot find any instance for version key: sqlOnPrem&#xA;  Expected: True&#xA;  But was:  False&#xA;">at Microsoft.SqlTools.ServiceLayer.Test.Common.TestConnectionProfileService.GetInstance(String key) in /Users/aasimkhan/src/sqltoolsservice/test/Microsoft.SqlTools.ServiceLayer.Test.Common/TestConnectionProfileService.cs:line 59
   at Microsoft.SqlTools.ServiceLayer.Test.Common.TestConnectionProfileService.GetConnectionParameters(String key, String databaseName) in /Users/aasimkhan/src/sqltoolsservice/test/Microsoft.SqlTools.ServiceLayer.Test.Common/TestConnectionProfileService.cs:line 65
   at Microsoft.SqlTools.ServiceLayer.Test.Common.TestConnectionProfileService.GetConnectionParameters(TestServerType serverType, String databaseName) in /Users/aasimkhan/src/sqltoolsservice/test/Microsoft.SqlTools.ServiceLayer.Test.Common/TestConnectionProfileService.cs:line 75
   at Microsoft.SqlTools.ServiceLayer.IntegrationTests.Utility.LiveConnectionHelper.InitLiveConnectionInfoAsync(String databaseName, String ownerUri, String connectionType, TestServerType serverType) in /Users/aasimkhan/src/sqltoolsservice/test/Microsoft.SqlTools.ServiceLayer.IntegrationTests/Utility/LiveConnectionHelper.cs:line 68
   at Microsoft.SqlTools.ServiceLayer.IntegrationTests.Utility.LiveConnectionHelper.InitLiveConnectionInfo(String databaseName, String ownerUri) in /Users/aasimkhan/src/sqltoolsservice/test/Microsoft.SqlTools.ServiceLayer.IntegrationTests/Utility/LiveConnectionHelper.cs:line 52
   at Microsoft.SqlTools.ServiceLayer.IntegrationTests.LanguageServices.PeekDefinitionTests.GetDefinitionTimeoutTest() in /Users/aasimkhan/src/sqltoolsservice/test/Microsoft.SqlTools.ServiceLayer.IntegrationTests/LanguageServer/PeekDefinitionTests.cs:line 257

1)    at Microsoft.SqlTools.ServiceLayer.Test.Common.TestConnectionProfileService.GetInstance(String key) in /Users/aasimkhan/src/sqltoolsservice/test/Microsoft.SqlTools.ServiceLayer.Test.Common/TestConnectionProfileService.cs:line 59
   at Microsoft.SqlTools.ServiceLayer.Test.Common.TestConnectionProfileService.GetConnectionParameters(String key, String databaseName) in /Users/aasimkhan/src/sqltoolsservice/test/Microsoft.SqlTools.ServiceLayer.Test.Common/TestConnectionProfileService.cs:line 65
   at Microsoft.SqlTools.ServiceLayer.Test.Common.TestConnectionProfileService.GetConnectionParameters(TestServerType serverType, String databaseName) in /Users/aasimkhan/src/sqltoolsservice/test/Microsoft.SqlTools.ServiceLayer.Test.Common/TestConnectionProfileService.cs:line 75
   at Microsoft.SqlTools.ServiceLayer.IntegrationTests.Utility.LiveConnectionHelper.InitLiveConnectionInfoAsync(String databaseName, String ownerUri, String connectionType, TestServerType serverType) in /Users/aasimkhan/src/sqltoolsservice/test/Microsoft.SqlTools.ServiceLayer.IntegrationTests/Utility/LiveConnectionHelper.cs:line 68
   at System.Runtime.CompilerServices.AsyncMethodBuilderCore.Start[TStateMachine](TStateMachine&amp; stateMachine)
   at Microsoft.SqlTools.ServiceLayer.IntegrationTests.Utility.LiveConnectionHelper.InitLiveConnectionInfoAsync(String databaseName, String ownerUri, String connectionType, TestServerType serverType)
   at Microsoft.SqlTools.ServiceLayer.IntegrationTests.Utility.LiveConnectionHelper.InitLiveConnectionInfo(String databaseName, String ownerUri) in /Users/aasimkhan/src/sqltoolsservice/test/Microsoft.SqlTools.ServiceLayer.IntegrationTests/Utility/LiveConnectionHelper.cs:line 52
   at Microsoft.SqlTools.ServiceLayer.IntegrationTests.LanguageServices.PeekDefinitionTests.GetDefinitionTimeoutTest() in /Users/aasimkhan/src/sqltoolsservice/test/Microsoft.SqlTools.ServiceLayer.IntegrationTests/LanguageServer/PeekDefinitionTests.cs:line 257</failure>
    </testcase>
    <testcase classname="Microsoft.SqlTools.ServiceLayer.IntegrationTests.LanguageServices.PeekDefinitionTests" name="GetDefinitionUsingDeclarationTypeWithNonexistentObjectTest" time="0.0006910">
      <failure type="failure" message="  Cannot find any instance for version key: sqlOnPrem&#xA;  Expected: True&#xA;  But was:  False&#xA;">at Microsoft.SqlTools.ServiceLayer.Test.Common.TestConnectionProfileService.GetInstance(String key) in /Users/aasimkhan/src/sqltoolsservice/test/Microsoft.SqlTools.ServiceLayer.Test.Common/TestConnectionProfileService.cs:line 59
   at Microsoft.SqlTools.ServiceLayer.Test.Common.TestConnectionProfileService.GetConnectionParameters(String key, String databaseName) in /Users/aasimkhan/src/sqltoolsservice/test/Microsoft.SqlTools.ServiceLayer.Test.Common/TestConnectionProfileService.cs:line 65
   at Microsoft.SqlTools.ServiceLayer.Test.Common.TestConnectionProfileService.GetConnectionParameters(TestServerType serverType, String databaseName) in /Users/aasimkhan/src/sqltoolsservice/test/Microsoft.SqlTools.ServiceLayer.Test.Common/TestConnectionProfileService.cs:line 75
   at Microsoft.SqlTools.ServiceLayer.IntegrationTests.Utility.LiveConnectionHelper.InitLiveConnectionInfoForDefinition(String databaseName) in /Users/aasimkhan/src/sqltoolsservice/test/Microsoft.SqlTools.ServiceLayer.IntegrationTests/Utility/LiveConnectionHelper.cs:line 118
   at Microsoft.SqlTools.ServiceLayer.IntegrationTests.LanguageServices.PeekDefinitionTests.GetDefinitionUsingDeclarationTypeWithNonexistentObjectTest() in /Users/aasimkhan/src/sqltoolsservice/test/Microsoft.SqlTools.ServiceLayer.IntegrationTests/LanguageServer/PeekDefinitionTests.cs:line 596

1)    at Microsoft.SqlTools.ServiceLayer.Test.Common.TestConnectionProfileService.GetInstance(String key) in /Users/aasimkhan/src/sqltoolsservice/test/Microsoft.SqlTools.ServiceLayer.Test.Common/TestConnectionProfileService.cs:line 59
   at Microsoft.SqlTools.ServiceLayer.Test.Common.TestConnectionProfileService.GetConnectionParameters(String key, String databaseName) in /Users/aasimkhan/src/sqltoolsservice/test/Microsoft.SqlTools.ServiceLayer.Test.Common/TestConnectionProfileService.cs:line 65
   at Microsoft.SqlTools.ServiceLayer.Test.Common.TestConnectionProfileService.GetConnectionParameters(TestServerType serverType, String databaseName) in /Users/aasimkhan/src/sqltoolsservice/test/Microsoft.SqlTools.ServiceLayer.Test.Common/TestConnectionProfileService.cs:line 75
   at Microsoft.SqlTools.ServiceLayer.IntegrationTests.Utility.LiveConnectionHelper.InitLiveConnectionInfoForDefinition(String databaseName) in /Users/aasimkhan/src/sqltoolsservice/test/Microsoft.SqlTools.ServiceLayer.IntegrationTests/Utility/LiveConnectionHelper.cs:line 118
   at Microsoft.SqlTools.ServiceLayer.IntegrationTests.LanguageServices.PeekDefinitionTests.GetDefinitionUsingDeclarationTypeWithNonexistentObjectTest() in /Users/aasimkhan/src/sqltoolsservice/test/Microsoft.SqlTools.ServiceLayer.IntegrationTests/LanguageServer/PeekDefinitionTests.cs:line 596</failure>
    </testcase>
    <testcase classname="Microsoft.SqlTools.ServiceLayer.IntegrationTests.LanguageServices.PeekDefinitionTests" name="GetDefinitionUsingDeclarationTypeWithValidObjectTest" time="0.0006060">
      <failure type="failure" message="  Cannot find any instance for version key: sqlOnPrem&#xA;  Expected: True&#xA;  But was:  False&#xA;">at Microsoft.SqlTools.ServiceLayer.Test.Common.TestConnectionProfileService.GetInstance(String key) in /Users/aasimkhan/src/sqltoolsservice/test/Microsoft.SqlTools.ServiceLayer.Test.Common/TestConnectionProfileService.cs:line 59
   at Microsoft.SqlTools.ServiceLayer.Test.Common.TestConnectionProfileService.GetConnectionParameters(String key, String databaseName) in /Users/aasimkhan/src/sqltoolsservice/test/Microsoft.SqlTools.ServiceLayer.Test.Common/TestConnectionProfileService.cs:line 65
   at Microsoft.SqlTools.ServiceLayer.Test.Common.TestConnectionProfileService.GetConnectionParameters(TestServerType serverType, String databaseName) in /Users/aasimkhan/src/sqltoolsservice/test/Microsoft.SqlTools.ServiceLayer.Test.Common/TestConnectionProfileService.cs:line 75
   at Microsoft.SqlTools.ServiceLayer.IntegrationTests.Utility.LiveConnectionHelper.InitLiveConnectionInfoForDefinition(String databaseName) in /Users/aasimkhan/src/sqltoolsservice/test/Microsoft.SqlTools.ServiceLayer.IntegrationTests/Utility/LiveConnectionHelper.cs:line 118
   at Microsoft.SqlTools.ServiceLayer.IntegrationTests.LanguageServices.PeekDefinitionTests.GetDefinitionUsingDeclarationTypeWithValidObjectTest() in /Users/aasimkhan/src/sqltoolsservice/test/Microsoft.SqlTools.ServiceLayer.IntegrationTests/LanguageServer/PeekDefinitionTests.cs:line 574

1)    at Microsoft.SqlTools.ServiceLayer.Test.Common.TestConnectionProfileService.GetInstance(String key) in /Users/aasimkhan/src/sqltoolsservice/test/Microsoft.SqlTools.ServiceLayer.Test.Common/TestConnectionProfileService.cs:line 59
   at Microsoft.SqlTools.ServiceLayer.Test.Common.TestConnectionProfileService.GetConnectionParameters(String key, String databaseName) in /Users/aasimkhan/src/sqltoolsservice/test/Microsoft.SqlTools.ServiceLayer.Test.Common/TestConnectionProfileService.cs:line 65
   at Microsoft.SqlTools.ServiceLayer.Test.Common.TestConnectionProfileService.GetConnectionParameters(TestServerType serverType, String databaseName) in /Users/aasimkhan/src/sqltoolsservice/test/Microsoft.SqlTools.ServiceLayer.Test.Common/TestConnectionProfileService.cs:line 75
   at Microsoft.SqlTools.ServiceLayer.IntegrationTests.Utility.LiveConnectionHelper.InitLiveConnectionInfoForDefinition(String databaseName) in /Users/aasimkhan/src/sqltoolsservice/test/Microsoft.SqlTools.ServiceLayer.IntegrationTests/Utility/LiveConnectionHelper.cs:line 118
   at Microsoft.SqlTools.ServiceLayer.IntegrationTests.LanguageServices.PeekDefinitionTests.GetDefinitionUsingDeclarationTypeWithValidObjectTest() in /Users/aasimkhan/src/sqltoolsservice/test/Microsoft.SqlTools.ServiceLayer.IntegrationTests/LanguageServer/PeekDefinitionTests.cs:line 574</failure>
    </testcase>
    <testcase classname="Microsoft.SqlTools.ServiceLayer.IntegrationTests.LanguageServices.PeekDefinitionTests" name="GetDefinitionUsingQuickInfoTextWithNonexistentObjectTest" time="0.0006310">
      <failure type="failure" message="  Cannot find any instance for version key: sqlOnPrem&#xA;  Expected: True&#xA;  But was:  False&#xA;">at Microsoft.SqlTools.ServiceLayer.Test.Common.TestConnectionProfileService.GetInstance(String key) in /Users/aasimkhan/src/sqltoolsservice/test/Microsoft.SqlTools.ServiceLayer.Test.Common/TestConnectionProfileService.cs:line 59
   at Microsoft.SqlTools.ServiceLayer.Test.Common.TestConnectionProfileService.GetConnectionParameters(String key, String databaseName) in /Users/aasimkhan/src/sqltoolsservice/test/Microsoft.SqlTools.ServiceLayer.Test.Common/TestConnectionProfileService.cs:line 65
   at Microsoft.SqlTools.ServiceLayer.Test.Common.TestConnectionProfileService.GetConnectionParameters(TestServerType serverType, String databaseName) in /Users/aasimkhan/src/sqltoolsservice/test/Microsoft.SqlTools.ServiceLayer.Test.Common/TestConnectionProfileService.cs:line 75
   at Microsoft.SqlTools.ServiceLayer.IntegrationTests.Utility.LiveConnectionHelper.InitLiveConnectionInfoForDefinition(String databaseName) in /Users/aasimkhan/src/sqltoolsservice/test/Microsoft.SqlTools.ServiceLayer.IntegrationTests/Utility/LiveConnectionHelper.cs:line 118
   at Microsoft.SqlTools.ServiceLayer.IntegrationTests.LanguageServices.PeekDefinitionTests.GetDefinitionUsingQuickInfoTextWithNonexistentObjectTest() in /Users/aasimkhan/src/sqltoolsservice/test/Microsoft.SqlTools.ServiceLayer.IntegrationTests/LanguageServer/PeekDefinitionTests.cs:line 638

1)    at Microsoft.SqlTools.ServiceLayer.Test.Common.TestConnectionProfileService.GetInstance(String key) in /Users/aasimkhan/src/sqltoolsservice/test/Microsoft.SqlTools.ServiceLayer.Test.Common/TestConnectionProfileService.cs:line 59
   at Microsoft.SqlTools.ServiceLayer.Test.Common.TestConnectionProfileService.GetConnectionParameters(String key, String databaseName) in /Users/aasimkhan/src/sqltoolsservice/test/Microsoft.SqlTools.ServiceLayer.Test.Common/TestConnectionProfileService.cs:line 65
   at Microsoft.SqlTools.ServiceLayer.Test.Common.TestConnectionProfileService.GetConnectionParameters(TestServerType serverType, String databaseName) in /Users/aasimkhan/src/sqltoolsservice/test/Microsoft.SqlTools.ServiceLayer.Test.Common/TestConnectionProfileService.cs:line 75
   at Microsoft.SqlTools.ServiceLayer.IntegrationTests.Utility.LiveConnectionHelper.InitLiveConnectionInfoForDefinition(String databaseName) in /Users/aasimkhan/src/sqltoolsservice/test/Microsoft.SqlTools.ServiceLayer.IntegrationTests/Utility/LiveConnectionHelper.cs:line 118
   at Microsoft.SqlTools.ServiceLayer.IntegrationTests.LanguageServices.PeekDefinitionTests.GetDefinitionUsingQuickInfoTextWithNonexistentObjectTest() in /Users/aasimkhan/src/sqltoolsservice/test/Microsoft.SqlTools.ServiceLayer.IntegrationTests/LanguageServer/PeekDefinitionTests.cs:line 638</failure>
    </testcase>
    <testcase classname="Microsoft.SqlTools.ServiceLayer.IntegrationTests.LanguageServices.PeekDefinitionTests" name="GetDefinitionUsingQuickInfoTextWithValidObjectTest" time="0.0005490">
      <failure type="failure" message="  Cannot find any instance for version key: sqlOnPrem&#xA;  Expected: True&#xA;  But was:  False&#xA;">at Microsoft.SqlTools.ServiceLayer.Test.Common.TestConnectionProfileService.GetInstance(String key) in /Users/aasimkhan/src/sqltoolsservice/test/Microsoft.SqlTools.ServiceLayer.Test.Common/TestConnectionProfileService.cs:line 59
   at Microsoft.SqlTools.ServiceLayer.Test.Common.TestConnectionProfileService.GetConnectionParameters(String key, String databaseName) in /Users/aasimkhan/src/sqltoolsservice/test/Microsoft.SqlTools.ServiceLayer.Test.Common/TestConnectionProfileService.cs:line 65
   at Microsoft.SqlTools.ServiceLayer.Test.Common.TestConnectionProfileService.GetConnectionParameters(TestServerType serverType, String databaseName) in /Users/aasimkhan/src/sqltoolsservice/test/Microsoft.SqlTools.ServiceLayer.Test.Common/TestConnectionProfileService.cs:line 75
   at Microsoft.SqlTools.ServiceLayer.IntegrationTests.Utility.LiveConnectionHelper.InitLiveConnectionInfoForDefinition(String databaseName) in /Users/aasimkhan/src/sqltoolsservice/test/Microsoft.SqlTools.ServiceLayer.IntegrationTests/Utility/LiveConnectionHelper.cs:line 118
   at Microsoft.SqlTools.ServiceLayer.IntegrationTests.LanguageServices.PeekDefinitionTests.GetDefinitionUsingQuickInfoTextWithValidObjectTest() in /Users/aasimkhan/src/sqltoolsservice/test/Microsoft.SqlTools.ServiceLayer.IntegrationTests/LanguageServer/PeekDefinitionTests.cs:line 615

1)    at Microsoft.SqlTools.ServiceLayer.Test.Common.TestConnectionProfileService.GetInstance(String key) in /Users/aasimkhan/src/sqltoolsservice/test/Microsoft.SqlTools.ServiceLayer.Test.Common/TestConnectionProfileService.cs:line 59
   at Microsoft.SqlTools.ServiceLayer.Test.Common.TestConnectionProfileService.GetConnectionParameters(String key, String databaseName) in /Users/aasimkhan/src/sqltoolsservice/test/Microsoft.SqlTools.ServiceLayer.Test.Common/TestConnectionProfileService.cs:line 65
   at Microsoft.SqlTools.ServiceLayer.Test.Common.TestConnectionProfileService.GetConnectionParameters(TestServerType serverType, String databaseName) in /Users/aasimkhan/src/sqltoolsservice/test/Microsoft.SqlTools.ServiceLayer.Test.Common/TestConnectionProfileService.cs:line 75
   at Microsoft.SqlTools.ServiceLayer.IntegrationTests.Utility.LiveConnectionHelper.InitLiveConnectionInfoForDefinition(String databaseName) in /Users/aasimkhan/src/sqltoolsservice/test/Microsoft.SqlTools.ServiceLayer.IntegrationTests/Utility/LiveConnectionHelper.cs:line 118
   at Microsoft.SqlTools.ServiceLayer.IntegrationTests.LanguageServices.PeekDefinitionTests.GetDefinitionUsingQuickInfoTextWithValidObjectTest() in /Users/aasimkhan/src/sqltoolsservice/test/Microsoft.SqlTools.ServiceLayer.IntegrationTests/LanguageServer/PeekDefinitionTests.cs:line 615</failure>
    </testcase>
    <testcase classname="Microsoft.SqlTools.ServiceLayer.IntegrationTests.LanguageServices.PeekDefinitionTests" name="GetDefinitionWithNoResultsFoundError" time="0.0008200">
      <failure type="failure" message="  Cannot find any instance for version key: sqlOnPrem&#xA;  Expected: True&#xA;  But was:  False&#xA;">at Microsoft.SqlTools.ServiceLayer.Test.Common.TestConnectionProfileService.GetInstance(String key) in /Users/aasimkhan/src/sqltoolsservice/test/Microsoft.SqlTools.ServiceLayer.Test.Common/TestConnectionProfileService.cs:line 59
   at Microsoft.SqlTools.ServiceLayer.Test.Common.TestConnectionProfileService.GetConnectionParameters(String key, String databaseName) in /Users/aasimkhan/src/sqltoolsservice/test/Microsoft.SqlTools.ServiceLayer.Test.Common/TestConnectionProfileService.cs:line 65
   at Microsoft.SqlTools.ServiceLayer.Test.Common.TestConnectionProfileService.GetConnectionParameters(TestServerType serverType, String databaseName) in /Users/aasimkhan/src/sqltoolsservice/test/Microsoft.SqlTools.ServiceLayer.Test.Common/TestConnectionProfileService.cs:line 75
   at Microsoft.SqlTools.ServiceLayer.IntegrationTests.Utility.LiveConnectionHelper.InitLiveConnectionInfoForDefinition(String databaseName) in /Users/aasimkhan/src/sqltoolsservice/test/Microsoft.SqlTools.ServiceLayer.IntegrationTests/Utility/LiveConnectionHelper.cs:line 118
   at Microsoft.SqlTools.ServiceLayer.IntegrationTests.LanguageServices.PeekDefinitionTests.GetDefinitionWithNoResultsFoundError() in /Users/aasimkhan/src/sqltoolsservice/test/Microsoft.SqlTools.ServiceLayer.IntegrationTests/LanguageServer/PeekDefinitionTests.cs:line 194

1)    at Microsoft.SqlTools.ServiceLayer.Test.Common.TestConnectionProfileService.GetInstance(String key) in /Users/aasimkhan/src/sqltoolsservice/test/Microsoft.SqlTools.ServiceLayer.Test.Common/TestConnectionProfileService.cs:line 59
   at Microsoft.SqlTools.ServiceLayer.Test.Common.TestConnectionProfileService.GetConnectionParameters(String key, String databaseName) in /Users/aasimkhan/src/sqltoolsservice/test/Microsoft.SqlTools.ServiceLayer.Test.Common/TestConnectionProfileService.cs:line 65
   at Microsoft.SqlTools.ServiceLayer.Test.Common.TestConnectionProfileService.GetConnectionParameters(TestServerType serverType, String databaseName) in /Users/aasimkhan/src/sqltoolsservice/test/Microsoft.SqlTools.ServiceLayer.Test.Common/TestConnectionProfileService.cs:line 75
   at Microsoft.SqlTools.ServiceLayer.IntegrationTests.Utility.LiveConnectionHelper.InitLiveConnectionInfoForDefinition(String databaseName) in /Users/aasimkhan/src/sqltoolsservice/test/Microsoft.SqlTools.ServiceLayer.IntegrationTests/Utility/LiveConnectionHelper.cs:line 118
   at Microsoft.SqlTools.ServiceLayer.IntegrationTests.LanguageServices.PeekDefinitionTests.GetDefinitionWithNoResultsFoundError() in /Users/aasimkhan/src/sqltoolsservice/test/Microsoft.SqlTools.ServiceLayer.IntegrationTests/LanguageServer/PeekDefinitionTests.cs:line 194</failure>
    </testcase>
    <testcase classname="Microsoft.SqlTools.ServiceLayer.IntegrationTests.LanguageServices.PeekDefinitionTests" name="GetScalarValuedFunctionDefinitionWithNonExistentFailureTest" time="0.0012020">
      <failure type="failure" message="  Cannot find any instance for version key: sqlOnPrem&#xA;  Expected: True&#xA;  But was:  False&#xA;">at Microsoft.SqlTools.ServiceLayer.Test.Common.TestConnectionProfileService.GetInstance(String key) in /Users/aasimkhan/src/sqltoolsservice/test/Microsoft.SqlTools.ServiceLayer.Test.Common/TestConnectionProfileService.cs:line 59
   at Microsoft.SqlTools.ServiceLayer.Test.Common.TestConnectionProfileService.GetConnectionParameters(String key, String databaseName) in /Users/aasimkhan/src/sqltoolsservice/test/Microsoft.SqlTools.ServiceLayer.Test.Common/TestConnectionProfileService.cs:line 65
   at Microsoft.SqlTools.ServiceLayer.Test.Common.TestConnectionProfileService.GetConnectionParameters(TestServerType serverType, String databaseName) in /Users/aasimkhan/src/sqltoolsservice/test/Microsoft.SqlTools.ServiceLayer.Test.Common/TestConnectionProfileService.cs:line 75
   at Microsoft.SqlTools.ServiceLayer.IntegrationTests.Utility.LiveConnectionHelper.InitLiveConnectionInfoForDefinition(String databaseName) in /Users/aasimkhan/src/sqltoolsservice/test/Microsoft.SqlTools.ServiceLayer.IntegrationTests/Utility/LiveConnectionHelper.cs:line 118
   at Microsoft.SqlTools.ServiceLayer.IntegrationTests.LanguageServices.PeekDefinitionTests.ValidatePeekTest(String databaseName, String objectName, String objectType, String schemaName, Boolean shouldReturnValidResult) in /Users/aasimkhan/src/sqltoolsservice/test/Microsoft.SqlTools.ServiceLayer.IntegrationTests/LanguageServer/PeekDefinitionTests.cs:line 399
   at Microsoft.SqlTools.ServiceLayer.IntegrationTests.LanguageServices.PeekDefinitionTests.ExecuteAndValidatePeekTest(String query, String objectName, String objectType, String schemaName) in /Users/aasimkhan/src/sqltoolsservice/test/Microsoft.SqlTools.ServiceLayer.IntegrationTests/LanguageServer/PeekDefinitionTests.cs:line 392
   at Microsoft.SqlTools.ServiceLayer.IntegrationTests.LanguageServices.PeekDefinitionTests.GetScalarValuedFunctionDefinitionWithNonExistentFailureTest() in /Users/aasimkhan/src/sqltoolsservice/test/Microsoft.SqlTools.ServiceLayer.IntegrationTests/LanguageServer/PeekDefinitionTests.cs:line 441
   at NUnit.Framework.Internal.TaskAwaitAdapter.GenericAdapter`1.GetResult()
   at NUnit.Framework.Internal.AsyncToSyncAdapter.Await(Func`1 invoke)
   at NUnit.Framework.Internal.Commands.TestMethodCommand.RunTestMethod(TestExecutionContext context)
   at NUnit.Framework.Internal.Commands.TestMethodCommand.Execute(TestExecutionContext context)
   at NUnit.Framework.Internal.Execution.SimpleWorkItem.&lt;&gt;c__DisplayClass4_0.&lt;PerformWork&gt;b__0()
   at NUnit.Framework.Internal.ContextUtils.&lt;&gt;c__DisplayClass1_0`1.&lt;DoIsolated&gt;b__0(Object _)

1)    at Microsoft.SqlTools.ServiceLayer.Test.Common.TestConnectionProfileService.GetInstance(String key) in /Users/aasimkhan/src/sqltoolsservice/test/Microsoft.SqlTools.ServiceLayer.Test.Common/TestConnectionProfileService.cs:line 59
   at Microsoft.SqlTools.ServiceLayer.Test.Common.TestConnectionProfileService.GetConnectionParameters(String key, String databaseName) in /Users/aasimkhan/src/sqltoolsservice/test/Microsoft.SqlTools.ServiceLayer.Test.Common/TestConnectionProfileService.cs:line 65
   at Microsoft.SqlTools.ServiceLayer.Test.Common.TestConnectionProfileService.GetConnectionParameters(TestServerType serverType, String databaseName) in /Users/aasimkhan/src/sqltoolsservice/test/Microsoft.SqlTools.ServiceLayer.Test.Common/TestConnectionProfileService.cs:line 75
   at Microsoft.SqlTools.ServiceLayer.IntegrationTests.Utility.LiveConnectionHelper.InitLiveConnectionInfoForDefinition(String databaseName) in /Users/aasimkhan/src/sqltoolsservice/test/Microsoft.SqlTools.ServiceLayer.IntegrationTests/Utility/LiveConnectionHelper.cs:line 118
   at Microsoft.SqlTools.ServiceLayer.IntegrationTests.LanguageServices.PeekDefinitionTests.ValidatePeekTest(String databaseName, String objectName, String objectType, String schemaName, Boolean shouldReturnValidResult) in /Users/aasimkhan/src/sqltoolsservice/test/Microsoft.SqlTools.ServiceLayer.IntegrationTests/LanguageServer/PeekDefinitionTests.cs:line 399
   at Microsoft.SqlTools.ServiceLayer.IntegrationTests.LanguageServices.PeekDefinitionTests.ExecuteAndValidatePeekTest(String query, String objectName, String objectType, String schemaName) in /Users/aasimkhan/src/sqltoolsservice/test/Microsoft.SqlTools.ServiceLayer.IntegrationTests/LanguageServer/PeekDefinitionTests.cs:line 392
   at System.Runtime.CompilerServices.AsyncMethodBuilderCore.Start[TStateMachine](TStateMachine&amp; stateMachine)
   at Microsoft.SqlTools.ServiceLayer.IntegrationTests.LanguageServices.PeekDefinitionTests.ExecuteAndValidatePeekTest(String query, String objectName, String objectType, String schemaName)
   at Microsoft.SqlTools.ServiceLayer.IntegrationTests.LanguageServices.PeekDefinitionTests.GetScalarValuedFunctionDefinitionWithNonExistentFailureTest() in /Users/aasimkhan/src/sqltoolsservice/test/Microsoft.SqlTools.ServiceLayer.IntegrationTests/LanguageServer/PeekDefinitionTests.cs:line 441
   at System.Runtime.CompilerServices.AsyncMethodBuilderCore.Start[TStateMachine](TStateMachine&amp; stateMachine)
   at Microsoft.SqlTools.ServiceLayer.IntegrationTests.LanguageServices.PeekDefinitionTests.GetScalarValuedFunctionDefinitionWithNonExistentFailureTest()</failure>
    </testcase>
    <testcase classname="Microsoft.SqlTools.ServiceLayer.IntegrationTests.LanguageServices.PeekDefinitionTests" name="GetScalarValuedFunctionDefinitionWithoutSchemaNameSuccessTest" time="0.0009000">
      <failure type="failure" message="  Cannot find any instance for version key: sqlOnPrem&#xA;  Expected: True&#xA;  But was:  False&#xA;">at Microsoft.SqlTools.ServiceLayer.Test.Common.TestConnectionProfileService.GetInstance(String key) in /Users/aasimkhan/src/sqltoolsservice/test/Microsoft.SqlTools.ServiceLayer.Test.Common/TestConnectionProfileService.cs:line 59
   at Microsoft.SqlTools.ServiceLayer.Test.Common.TestConnectionProfileService.GetConnectionParameters(String key, String databaseName) in /Users/aasimkhan/src/sqltoolsservice/test/Microsoft.SqlTools.ServiceLayer.Test.Common/TestConnectionProfileService.cs:line 65
   at Microsoft.SqlTools.ServiceLayer.Test.Common.TestConnectionProfileService.GetConnectionParameters(TestServerType serverType, String databaseName) in /Users/aasimkhan/src/sqltoolsservice/test/Microsoft.SqlTools.ServiceLayer.Test.Common/TestConnectionProfileService.cs:line 75
   at Microsoft.SqlTools.ServiceLayer.Test.Common.TestServiceProvider.InitLiveConnectionInfo(TestServerType serverType, String databaseName, String scriptFilePath) in /Users/aasimkhan/src/sqltoolsservice/test/Microsoft.SqlTools.ServiceLayer.Test.Common/TestServiceProvider.cs:line 142
   at Microsoft.SqlTools.ServiceLayer.Test.Common.TestServiceProvider.RunQueryAsync(TestServerType serverType, String databaseName, String queryText, Boolean throwOnError) in /Users/aasimkhan/src/sqltoolsservice/test/Microsoft.SqlTools.ServiceLayer.Test.Common/TestServiceProvider.cs:line 110
   at Microsoft.SqlTools.ServiceLayer.Test.Common.SqlTestDb.CreateNewAsync(TestServerType serverType, Boolean doNotCleanupDb, String databaseName, String query, String dbNamePrefix) in /Users/aasimkhan/src/sqltoolsservice/test/Microsoft.SqlTools.ServiceLayer.Test.Common/SqlTestDb.cs:line 101
   at Microsoft.SqlTools.ServiceLayer.IntegrationTests.LanguageServices.PeekDefinitionTests.ExecuteAndValidatePeekTest(String query, String objectName, String objectType, String schemaName) in /Users/aasimkhan/src/sqltoolsservice/test/Microsoft.SqlTools.ServiceLayer.IntegrationTests/LanguageServer/PeekDefinitionTests.cs:line 386
   at Microsoft.SqlTools.ServiceLayer.IntegrationTests.LanguageServices.PeekDefinitionTests.GetScalarValuedFunctionDefinitionWithoutSchemaNameSuccessTest() in /Users/aasimkhan/src/sqltoolsservice/test/Microsoft.SqlTools.ServiceLayer.IntegrationTests/LanguageServer/PeekDefinitionTests.cs:line 462
   at NUnit.Framework.Internal.TaskAwaitAdapter.GenericAdapter`1.GetResult()
   at NUnit.Framework.Internal.AsyncToSyncAdapter.Await(Func`1 invoke)
   at NUnit.Framework.Internal.Commands.TestMethodCommand.RunTestMethod(TestExecutionContext context)
   at NUnit.Framework.Internal.Commands.TestMethodCommand.Execute(TestExecutionContext context)
   at NUnit.Framework.Internal.Execution.SimpleWorkItem.&lt;&gt;c__DisplayClass4_0.&lt;PerformWork&gt;b__0()
   at NUnit.Framework.Internal.ContextUtils.&lt;&gt;c__DisplayClass1_0`1.&lt;DoIsolated&gt;b__0(Object _)

1)    at Microsoft.SqlTools.ServiceLayer.Test.Common.TestConnectionProfileService.GetInstance(String key) in /Users/aasimkhan/src/sqltoolsservice/test/Microsoft.SqlTools.ServiceLayer.Test.Common/TestConnectionProfileService.cs:line 59
   at Microsoft.SqlTools.ServiceLayer.Test.Common.TestConnectionProfileService.GetConnectionParameters(String key, String databaseName) in /Users/aasimkhan/src/sqltoolsservice/test/Microsoft.SqlTools.ServiceLayer.Test.Common/TestConnectionProfileService.cs:line 65
   at Microsoft.SqlTools.ServiceLayer.Test.Common.TestConnectionProfileService.GetConnectionParameters(TestServerType serverType, String databaseName) in /Users/aasimkhan/src/sqltoolsservice/test/Microsoft.SqlTools.ServiceLayer.Test.Common/TestConnectionProfileService.cs:line 75
   at Microsoft.SqlTools.ServiceLayer.Test.Common.TestServiceProvider.InitLiveConnectionInfo(TestServerType serverType, String databaseName, String scriptFilePath) in /Users/aasimkhan/src/sqltoolsservice/test/Microsoft.SqlTools.ServiceLayer.Test.Common/TestServiceProvider.cs:line 142
   at System.Runtime.CompilerServices.AsyncMethodBuilderCore.Start[TStateMachine](TStateMachine&amp; stateMachine)
   at Microsoft.SqlTools.ServiceLayer.Test.Common.TestServiceProvider.InitLiveConnectionInfo(TestServerType serverType, String databaseName, String scriptFilePath)
   at Microsoft.SqlTools.ServiceLayer.Test.Common.TestServiceProvider.RunQueryAsync(TestServerType serverType, String databaseName, String queryText, Boolean throwOnError) in /Users/aasimkhan/src/sqltoolsservice/test/Microsoft.SqlTools.ServiceLayer.Test.Common/TestServiceProvider.cs:line 110
   at System.Runtime.CompilerServices.AsyncMethodBuilderCore.Start[TStateMachine](TStateMachine&amp; stateMachine)
   at Microsoft.SqlTools.ServiceLayer.Test.Common.TestServiceProvider.RunQueryAsync(TestServerType serverType, String databaseName, String queryText, Boolean throwOnError)
   at Microsoft.SqlTools.ServiceLayer.Test.Common.SqlTestDb.CreateNewAsync(TestServerType serverType, Boolean doNotCleanupDb, String databaseName, String query, String dbNamePrefix) in /Users/aasimkhan/src/sqltoolsservice/test/Microsoft.SqlTools.ServiceLayer.Test.Common/SqlTestDb.cs:line 101
   at System.Runtime.CompilerServices.AsyncMethodBuilderCore.Start[TStateMachine](TStateMachine&amp; stateMachine)
   at Microsoft.SqlTools.ServiceLayer.Test.Common.SqlTestDb.CreateNewAsync(TestServerType serverType, Boolean doNotCleanupDb, String databaseName, String query, String dbNamePrefix)
   at Microsoft.SqlTools.ServiceLayer.IntegrationTests.LanguageServices.PeekDefinitionTests.ExecuteAndValidatePeekTest(String query, String objectName, String objectType, String schemaName) in /Users/aasimkhan/src/sqltoolsservice/test/Microsoft.SqlTools.ServiceLayer.IntegrationTests/LanguageServer/PeekDefinitionTests.cs:line 386
   at System.Runtime.CompilerServices.AsyncMethodBuilderCore.Start[TStateMachine](TStateMachine&amp; stateMachine)
   at Microsoft.SqlTools.ServiceLayer.IntegrationTests.LanguageServices.PeekDefinitionTests.ExecuteAndValidatePeekTest(String query, String objectName, String objectType, String schemaName)
   at Microsoft.SqlTools.ServiceLayer.IntegrationTests.LanguageServices.PeekDefinitionTests.GetScalarValuedFunctionDefinitionWithoutSchemaNameSuccessTest() in /Users/aasimkhan/src/sqltoolsservice/test/Microsoft.SqlTools.ServiceLayer.IntegrationTests/LanguageServer/PeekDefinitionTests.cs:line 462
   at System.Runtime.CompilerServices.AsyncMethodBuilderCore.Start[TStateMachine](TStateMachine&amp; stateMachine)
   at Microsoft.SqlTools.ServiceLayer.IntegrationTests.LanguageServices.PeekDefinitionTests.GetScalarValuedFunctionDefinitionWithoutSchemaNameSuccessTest()</failure>
    </testcase>
    <testcase classname="Microsoft.SqlTools.ServiceLayer.IntegrationTests.LanguageServices.PeekDefinitionTests" name="GetScalarValuedFunctionDefinitionWithSchemaNameSuccessTest" time="0.0008350">
      <failure type="failure" message="  Cannot find any instance for version key: sqlOnPrem&#xA;  Expected: True&#xA;  But was:  False&#xA;">at Microsoft.SqlTools.ServiceLayer.Test.Common.TestConnectionProfileService.GetInstance(String key) in /Users/aasimkhan/src/sqltoolsservice/test/Microsoft.SqlTools.ServiceLayer.Test.Common/TestConnectionProfileService.cs:line 59
   at Microsoft.SqlTools.ServiceLayer.Test.Common.TestConnectionProfileService.GetConnectionParameters(String key, String databaseName) in /Users/aasimkhan/src/sqltoolsservice/test/Microsoft.SqlTools.ServiceLayer.Test.Common/TestConnectionProfileService.cs:line 65
   at Microsoft.SqlTools.ServiceLayer.Test.Common.TestConnectionProfileService.GetConnectionParameters(TestServerType serverType, String databaseName) in /Users/aasimkhan/src/sqltoolsservice/test/Microsoft.SqlTools.ServiceLayer.Test.Common/TestConnectionProfileService.cs:line 75
   at Microsoft.SqlTools.ServiceLayer.Test.Common.TestServiceProvider.InitLiveConnectionInfo(TestServerType serverType, String databaseName, String scriptFilePath) in /Users/aasimkhan/src/sqltoolsservice/test/Microsoft.SqlTools.ServiceLayer.Test.Common/TestServiceProvider.cs:line 142
   at Microsoft.SqlTools.ServiceLayer.Test.Common.TestServiceProvider.RunQueryAsync(TestServerType serverType, String databaseName, String queryText, Boolean throwOnError) in /Users/aasimkhan/src/sqltoolsservice/test/Microsoft.SqlTools.ServiceLayer.Test.Common/TestServiceProvider.cs:line 110
   at Microsoft.SqlTools.ServiceLayer.Test.Common.SqlTestDb.CreateNewAsync(TestServerType serverType, Boolean doNotCleanupDb, String databaseName, String query, String dbNamePrefix) in /Users/aasimkhan/src/sqltoolsservice/test/Microsoft.SqlTools.ServiceLayer.Test.Common/SqlTestDb.cs:line 101
   at Microsoft.SqlTools.ServiceLayer.IntegrationTests.LanguageServices.PeekDefinitionTests.ExecuteAndValidatePeekTest(String query, String objectName, String objectType, String schemaName) in /Users/aasimkhan/src/sqltoolsservice/test/Microsoft.SqlTools.ServiceLayer.IntegrationTests/LanguageServer/PeekDefinitionTests.cs:line 386
   at Microsoft.SqlTools.ServiceLayer.IntegrationTests.LanguageServices.PeekDefinitionTests.GetScalarValuedFunctionDefinitionWithSchemaNameSuccessTest() in /Users/aasimkhan/src/sqltoolsservice/test/Microsoft.SqlTools.ServiceLayer.IntegrationTests/LanguageServer/PeekDefinitionTests.cs:line 379
   at NUnit.Framework.Internal.TaskAwaitAdapter.GenericAdapter`1.GetResult()
   at NUnit.Framework.Internal.AsyncToSyncAdapter.Await(Func`1 invoke)
   at NUnit.Framework.Internal.Commands.TestMethodCommand.RunTestMethod(TestExecutionContext context)
   at NUnit.Framework.Internal.Commands.TestMethodCommand.Execute(TestExecutionContext context)
   at NUnit.Framework.Internal.Execution.SimpleWorkItem.&lt;&gt;c__DisplayClass4_0.&lt;PerformWork&gt;b__0()
   at NUnit.Framework.Internal.ContextUtils.&lt;&gt;c__DisplayClass1_0`1.&lt;DoIsolated&gt;b__0(Object _)

1)    at Microsoft.SqlTools.ServiceLayer.Test.Common.TestConnectionProfileService.GetInstance(String key) in /Users/aasimkhan/src/sqltoolsservice/test/Microsoft.SqlTools.ServiceLayer.Test.Common/TestConnectionProfileService.cs:line 59
   at Microsoft.SqlTools.ServiceLayer.Test.Common.TestConnectionProfileService.GetConnectionParameters(String key, String databaseName) in /Users/aasimkhan/src/sqltoolsservice/test/Microsoft.SqlTools.ServiceLayer.Test.Common/TestConnectionProfileService.cs:line 65
   at Microsoft.SqlTools.ServiceLayer.Test.Common.TestConnectionProfileService.GetConnectionParameters(TestServerType serverType, String databaseName) in /Users/aasimkhan/src/sqltoolsservice/test/Microsoft.SqlTools.ServiceLayer.Test.Common/TestConnectionProfileService.cs:line 75
   at Microsoft.SqlTools.ServiceLayer.Test.Common.TestServiceProvider.InitLiveConnectionInfo(TestServerType serverType, String databaseName, String scriptFilePath) in /Users/aasimkhan/src/sqltoolsservice/test/Microsoft.SqlTools.ServiceLayer.Test.Common/TestServiceProvider.cs:line 142
   at System.Runtime.CompilerServices.AsyncMethodBuilderCore.Start[TStateMachine](TStateMachine&amp; stateMachine)
   at Microsoft.SqlTools.ServiceLayer.Test.Common.TestServiceProvider.InitLiveConnectionInfo(TestServerType serverType, String databaseName, String scriptFilePath)
   at Microsoft.SqlTools.ServiceLayer.Test.Common.TestServiceProvider.RunQueryAsync(TestServerType serverType, String databaseName, String queryText, Boolean throwOnError) in /Users/aasimkhan/src/sqltoolsservice/test/Microsoft.SqlTools.ServiceLayer.Test.Common/TestServiceProvider.cs:line 110
   at System.Runtime.CompilerServices.AsyncMethodBuilderCore.Start[TStateMachine](TStateMachine&amp; stateMachine)
   at Microsoft.SqlTools.ServiceLayer.Test.Common.TestServiceProvider.RunQueryAsync(TestServerType serverType, String databaseName, String queryText, Boolean throwOnError)
   at Microsoft.SqlTools.ServiceLayer.Test.Common.SqlTestDb.CreateNewAsync(TestServerType serverType, Boolean doNotCleanupDb, String databaseName, String query, String dbNamePrefix) in /Users/aasimkhan/src/sqltoolsservice/test/Microsoft.SqlTools.ServiceLayer.Test.Common/SqlTestDb.cs:line 101
   at System.Runtime.CompilerServices.AsyncMethodBuilderCore.Start[TStateMachine](TStateMachine&amp; stateMachine)
   at Microsoft.SqlTools.ServiceLayer.Test.Common.SqlTestDb.CreateNewAsync(TestServerType serverType, Boolean doNotCleanupDb, String databaseName, String query, String dbNamePrefix)
   at Microsoft.SqlTools.ServiceLayer.IntegrationTests.LanguageServices.PeekDefinitionTests.ExecuteAndValidatePeekTest(String query, String objectName, String objectType, String schemaName) in /Users/aasimkhan/src/sqltoolsservice/test/Microsoft.SqlTools.ServiceLayer.IntegrationTests/LanguageServer/PeekDefinitionTests.cs:line 386
   at System.Runtime.CompilerServices.AsyncMethodBuilderCore.Start[TStateMachine](TStateMachine&amp; stateMachine)
   at Microsoft.SqlTools.ServiceLayer.IntegrationTests.LanguageServices.PeekDefinitionTests.ExecuteAndValidatePeekTest(String query, String objectName, String objectType, String schemaName)
   at Microsoft.SqlTools.ServiceLayer.IntegrationTests.LanguageServices.PeekDefinitionTests.GetScalarValuedFunctionDefinitionWithSchemaNameSuccessTest() in /Users/aasimkhan/src/sqltoolsservice/test/Microsoft.SqlTools.ServiceLayer.IntegrationTests/LanguageServer/PeekDefinitionTests.cs:line 379
   at System.Runtime.CompilerServices.AsyncMethodBuilderCore.Start[TStateMachine](TStateMachine&amp; stateMachine)
   at Microsoft.SqlTools.ServiceLayer.IntegrationTests.LanguageServices.PeekDefinitionTests.GetScalarValuedFunctionDefinitionWithSchemaNameSuccessTest()</failure>
    </testcase>
    <testcase classname="Microsoft.SqlTools.ServiceLayer.IntegrationTests.LanguageServices.PeekDefinitionTests" name="GetStoredProcedureDefinitionFailureTest" time="0.0006100">
      <failure type="failure" message="  Cannot find any instance for version key: sqlOnPrem&#xA;  Expected: True&#xA;  But was:  False&#xA;">at Microsoft.SqlTools.ServiceLayer.Test.Common.TestConnectionProfileService.GetInstance(String key) in /Users/aasimkhan/src/sqltoolsservice/test/Microsoft.SqlTools.ServiceLayer.Test.Common/TestConnectionProfileService.cs:line 59
   at Microsoft.SqlTools.ServiceLayer.Test.Common.TestConnectionProfileService.GetConnectionParameters(String key, String databaseName) in /Users/aasimkhan/src/sqltoolsservice/test/Microsoft.SqlTools.ServiceLayer.Test.Common/TestConnectionProfileService.cs:line 65
   at Microsoft.SqlTools.ServiceLayer.Test.Common.TestConnectionProfileService.GetConnectionParameters(TestServerType serverType, String databaseName) in /Users/aasimkhan/src/sqltoolsservice/test/Microsoft.SqlTools.ServiceLayer.Test.Common/TestConnectionProfileService.cs:line 75
   at Microsoft.SqlTools.ServiceLayer.IntegrationTests.Utility.LiveConnectionHelper.InitLiveConnectionInfoForDefinition(String databaseName) in /Users/aasimkhan/src/sqltoolsservice/test/Microsoft.SqlTools.ServiceLayer.IntegrationTests/Utility/LiveConnectionHelper.cs:line 118
   at Microsoft.SqlTools.ServiceLayer.IntegrationTests.LanguageServices.PeekDefinitionTests.GetStoredProcedureDefinitionFailureTest() in /Users/aasimkhan/src/sqltoolsservice/test/Microsoft.SqlTools.ServiceLayer.IntegrationTests/LanguageServer/PeekDefinitionTests.cs:line 341

1)    at Microsoft.SqlTools.ServiceLayer.Test.Common.TestConnectionProfileService.GetInstance(String key) in /Users/aasimkhan/src/sqltoolsservice/test/Microsoft.SqlTools.ServiceLayer.Test.Common/TestConnectionProfileService.cs:line 59
   at Microsoft.SqlTools.ServiceLayer.Test.Common.TestConnectionProfileService.GetConnectionParameters(String key, String databaseName) in /Users/aasimkhan/src/sqltoolsservice/test/Microsoft.SqlTools.ServiceLayer.Test.Common/TestConnectionProfileService.cs:line 65
   at Microsoft.SqlTools.ServiceLayer.Test.Common.TestConnectionProfileService.GetConnectionParameters(TestServerType serverType, String databaseName) in /Users/aasimkhan/src/sqltoolsservice/test/Microsoft.SqlTools.ServiceLayer.Test.Common/TestConnectionProfileService.cs:line 75
   at Microsoft.SqlTools.ServiceLayer.IntegrationTests.Utility.LiveConnectionHelper.InitLiveConnectionInfoForDefinition(String databaseName) in /Users/aasimkhan/src/sqltoolsservice/test/Microsoft.SqlTools.ServiceLayer.IntegrationTests/Utility/LiveConnectionHelper.cs:line 118
   at Microsoft.SqlTools.ServiceLayer.IntegrationTests.LanguageServices.PeekDefinitionTests.GetStoredProcedureDefinitionFailureTest() in /Users/aasimkhan/src/sqltoolsservice/test/Microsoft.SqlTools.ServiceLayer.IntegrationTests/LanguageServer/PeekDefinitionTests.cs:line 341</failure>
    </testcase>
    <testcase classname="Microsoft.SqlTools.ServiceLayer.IntegrationTests.LanguageServices.PeekDefinitionTests" name="GetStoredProcedureDefinitionTest" time="0.0004929">
      <failure type="failure" message="  Cannot find any instance for version key: sqlOnPrem&#xA;  Expected: True&#xA;  But was:  False&#xA;">at Microsoft.SqlTools.ServiceLayer.Test.Common.TestConnectionProfileService.GetInstance(String key) in /Users/aasimkhan/src/sqltoolsservice/test/Microsoft.SqlTools.ServiceLayer.Test.Common/TestConnectionProfileService.cs:line 59
   at Microsoft.SqlTools.ServiceLayer.Test.Common.TestConnectionProfileService.GetConnectionParameters(String key, String databaseName) in /Users/aasimkhan/src/sqltoolsservice/test/Microsoft.SqlTools.ServiceLayer.Test.Common/TestConnectionProfileService.cs:line 65
   at Microsoft.SqlTools.ServiceLayer.Test.Common.TestConnectionProfileService.GetConnectionParameters(TestServerType serverType, String databaseName) in /Users/aasimkhan/src/sqltoolsservice/test/Microsoft.SqlTools.ServiceLayer.Test.Common/TestConnectionProfileService.cs:line 75
   at Microsoft.SqlTools.ServiceLayer.IntegrationTests.Utility.LiveConnectionHelper.InitLiveConnectionInfoForDefinition(String databaseName) in /Users/aasimkhan/src/sqltoolsservice/test/Microsoft.SqlTools.ServiceLayer.IntegrationTests/Utility/LiveConnectionHelper.cs:line 118
   at Microsoft.SqlTools.ServiceLayer.IntegrationTests.LanguageServices.PeekDefinitionTests.GetStoredProcedureDefinitionTest() in /Users/aasimkhan/src/sqltoolsservice/test/Microsoft.SqlTools.ServiceLayer.IntegrationTests/LanguageServer/PeekDefinitionTests.cs:line 320

1)    at Microsoft.SqlTools.ServiceLayer.Test.Common.TestConnectionProfileService.GetInstance(String key) in /Users/aasimkhan/src/sqltoolsservice/test/Microsoft.SqlTools.ServiceLayer.Test.Common/TestConnectionProfileService.cs:line 59
   at Microsoft.SqlTools.ServiceLayer.Test.Common.TestConnectionProfileService.GetConnectionParameters(String key, String databaseName) in /Users/aasimkhan/src/sqltoolsservice/test/Microsoft.SqlTools.ServiceLayer.Test.Common/TestConnectionProfileService.cs:line 65
   at Microsoft.SqlTools.ServiceLayer.Test.Common.TestConnectionProfileService.GetConnectionParameters(TestServerType serverType, String databaseName) in /Users/aasimkhan/src/sqltoolsservice/test/Microsoft.SqlTools.ServiceLayer.Test.Common/TestConnectionProfileService.cs:line 75
   at Microsoft.SqlTools.ServiceLayer.IntegrationTests.Utility.LiveConnectionHelper.InitLiveConnectionInfoForDefinition(String databaseName) in /Users/aasimkhan/src/sqltoolsservice/test/Microsoft.SqlTools.ServiceLayer.IntegrationTests/Utility/LiveConnectionHelper.cs:line 118
   at Microsoft.SqlTools.ServiceLayer.IntegrationTests.LanguageServices.PeekDefinitionTests.GetStoredProcedureDefinitionTest() in /Users/aasimkhan/src/sqltoolsservice/test/Microsoft.SqlTools.ServiceLayer.IntegrationTests/LanguageServer/PeekDefinitionTests.cs:line 320</failure>
    </testcase>
    <testcase classname="Microsoft.SqlTools.ServiceLayer.IntegrationTests.LanguageServices.PeekDefinitionTests" name="GetStoredProcedureDefinitionWithoutSchemaTest" time="0.0005120">
      <failure type="failure" message="  Cannot find any instance for version key: sqlOnPrem&#xA;  Expected: True&#xA;  But was:  False&#xA;">at Microsoft.SqlTools.ServiceLayer.Test.Common.TestConnectionProfileService.GetInstance(String key) in /Users/aasimkhan/src/sqltoolsservice/test/Microsoft.SqlTools.ServiceLayer.Test.Common/TestConnectionProfileService.cs:line 59
   at Microsoft.SqlTools.ServiceLayer.Test.Common.TestConnectionProfileService.GetConnectionParameters(String key, String databaseName) in /Users/aasimkhan/src/sqltoolsservice/test/Microsoft.SqlTools.ServiceLayer.Test.Common/TestConnectionProfileService.cs:line 65
   at Microsoft.SqlTools.ServiceLayer.Test.Common.TestConnectionProfileService.GetConnectionParameters(TestServerType serverType, String databaseName) in /Users/aasimkhan/src/sqltoolsservice/test/Microsoft.SqlTools.ServiceLayer.Test.Common/TestConnectionProfileService.cs:line 75
   at Microsoft.SqlTools.ServiceLayer.IntegrationTests.Utility.LiveConnectionHelper.InitLiveConnectionInfoForDefinition(String databaseName) in /Users/aasimkhan/src/sqltoolsservice/test/Microsoft.SqlTools.ServiceLayer.IntegrationTests/Utility/LiveConnectionHelper.cs:line 118
   at Microsoft.SqlTools.ServiceLayer.IntegrationTests.LanguageServices.PeekDefinitionTests.GetStoredProcedureDefinitionWithoutSchemaTest() in /Users/aasimkhan/src/sqltoolsservice/test/Microsoft.SqlTools.ServiceLayer.IntegrationTests/LanguageServer/PeekDefinitionTests.cs:line 360

1)    at Microsoft.SqlTools.ServiceLayer.Test.Common.TestConnectionProfileService.GetInstance(String key) in /Users/aasimkhan/src/sqltoolsservice/test/Microsoft.SqlTools.ServiceLayer.Test.Common/TestConnectionProfileService.cs:line 59
   at Microsoft.SqlTools.ServiceLayer.Test.Common.TestConnectionProfileService.GetConnectionParameters(String key, String databaseName) in /Users/aasimkhan/src/sqltoolsservice/test/Microsoft.SqlTools.ServiceLayer.Test.Common/TestConnectionProfileService.cs:line 65
   at Microsoft.SqlTools.ServiceLayer.Test.Common.TestConnectionProfileService.GetConnectionParameters(TestServerType serverType, String databaseName) in /Users/aasimkhan/src/sqltoolsservice/test/Microsoft.SqlTools.ServiceLayer.Test.Common/TestConnectionProfileService.cs:line 75
   at Microsoft.SqlTools.ServiceLayer.IntegrationTests.Utility.LiveConnectionHelper.InitLiveConnectionInfoForDefinition(String databaseName) in /Users/aasimkhan/src/sqltoolsservice/test/Microsoft.SqlTools.ServiceLayer.IntegrationTests/Utility/LiveConnectionHelper.cs:line 118
   at Microsoft.SqlTools.ServiceLayer.IntegrationTests.LanguageServices.PeekDefinitionTests.GetStoredProcedureDefinitionWithoutSchemaTest() in /Users/aasimkhan/src/sqltoolsservice/test/Microsoft.SqlTools.ServiceLayer.IntegrationTests/LanguageServer/PeekDefinitionTests.cs:line 360</failure>
    </testcase>
    <testcase classname="Microsoft.SqlTools.ServiceLayer.IntegrationTests.LanguageServices.PeekDefinitionTests" name="GetSynonymDefinitionWithNonExistentFailureTest" time="0.0009360">
      <failure type="failure" message="  Cannot find any instance for version key: sqlOnPrem&#xA;  Expected: True&#xA;  But was:  False&#xA;">at Microsoft.SqlTools.ServiceLayer.Test.Common.TestConnectionProfileService.GetInstance(String key) in /Users/aasimkhan/src/sqltoolsservice/test/Microsoft.SqlTools.ServiceLayer.Test.Common/TestConnectionProfileService.cs:line 59
   at Microsoft.SqlTools.ServiceLayer.Test.Common.TestConnectionProfileService.GetConnectionParameters(String key, String databaseName) in /Users/aasimkhan/src/sqltoolsservice/test/Microsoft.SqlTools.ServiceLayer.Test.Common/TestConnectionProfileService.cs:line 65
   at Microsoft.SqlTools.ServiceLayer.Test.Common.TestConnectionProfileService.GetConnectionParameters(TestServerType serverType, String databaseName) in /Users/aasimkhan/src/sqltoolsservice/test/Microsoft.SqlTools.ServiceLayer.Test.Common/TestConnectionProfileService.cs:line 75
   at Microsoft.SqlTools.ServiceLayer.IntegrationTests.Utility.LiveConnectionHelper.InitLiveConnectionInfoForDefinition(String databaseName) in /Users/aasimkhan/src/sqltoolsservice/test/Microsoft.SqlTools.ServiceLayer.IntegrationTests/Utility/LiveConnectionHelper.cs:line 118
   at Microsoft.SqlTools.ServiceLayer.IntegrationTests.LanguageServices.PeekDefinitionTests.ValidatePeekTest(String databaseName, String objectName, String objectType, String schemaName, Boolean shouldReturnValidResult) in /Users/aasimkhan/src/sqltoolsservice/test/Microsoft.SqlTools.ServiceLayer.IntegrationTests/LanguageServer/PeekDefinitionTests.cs:line 399
   at Microsoft.SqlTools.ServiceLayer.IntegrationTests.LanguageServices.PeekDefinitionTests.ExecuteAndValidatePeekTest(String query, String objectName, String objectType, String schemaName) in /Users/aasimkhan/src/sqltoolsservice/test/Microsoft.SqlTools.ServiceLayer.IntegrationTests/LanguageServer/PeekDefinitionTests.cs:line 392
   at Microsoft.SqlTools.ServiceLayer.IntegrationTests.LanguageServices.PeekDefinitionTests.GetSynonymDefinitionWithNonExistentFailureTest() in /Users/aasimkhan/src/sqltoolsservice/test/Microsoft.SqlTools.ServiceLayer.IntegrationTests/LanguageServer/PeekDefinitionTests.cs:line 564
   at NUnit.Framework.Internal.TaskAwaitAdapter.GenericAdapter`1.GetResult()
   at NUnit.Framework.Internal.AsyncToSyncAdapter.Await(Func`1 invoke)
   at NUnit.Framework.Internal.Commands.TestMethodCommand.RunTestMethod(TestExecutionContext context)
   at NUnit.Framework.Internal.Commands.TestMethodCommand.Execute(TestExecutionContext context)
   at NUnit.Framework.Internal.Execution.SimpleWorkItem.&lt;&gt;c__DisplayClass4_0.&lt;PerformWork&gt;b__0()
   at NUnit.Framework.Internal.ContextUtils.&lt;&gt;c__DisplayClass1_0`1.&lt;DoIsolated&gt;b__0(Object _)

1)    at Microsoft.SqlTools.ServiceLayer.Test.Common.TestConnectionProfileService.GetInstance(String key) in /Users/aasimkhan/src/sqltoolsservice/test/Microsoft.SqlTools.ServiceLayer.Test.Common/TestConnectionProfileService.cs:line 59
   at Microsoft.SqlTools.ServiceLayer.Test.Common.TestConnectionProfileService.GetConnectionParameters(String key, String databaseName) in /Users/aasimkhan/src/sqltoolsservice/test/Microsoft.SqlTools.ServiceLayer.Test.Common/TestConnectionProfileService.cs:line 65
   at Microsoft.SqlTools.ServiceLayer.Test.Common.TestConnectionProfileService.GetConnectionParameters(TestServerType serverType, String databaseName) in /Users/aasimkhan/src/sqltoolsservice/test/Microsoft.SqlTools.ServiceLayer.Test.Common/TestConnectionProfileService.cs:line 75
   at Microsoft.SqlTools.ServiceLayer.IntegrationTests.Utility.LiveConnectionHelper.InitLiveConnectionInfoForDefinition(String databaseName) in /Users/aasimkhan/src/sqltoolsservice/test/Microsoft.SqlTools.ServiceLayer.IntegrationTests/Utility/LiveConnectionHelper.cs:line 118
   at Microsoft.SqlTools.ServiceLayer.IntegrationTests.LanguageServices.PeekDefinitionTests.ValidatePeekTest(String databaseName, String objectName, String objectType, String schemaName, Boolean shouldReturnValidResult) in /Users/aasimkhan/src/sqltoolsservice/test/Microsoft.SqlTools.ServiceLayer.IntegrationTests/LanguageServer/PeekDefinitionTests.cs:line 399
   at Microsoft.SqlTools.ServiceLayer.IntegrationTests.LanguageServices.PeekDefinitionTests.ExecuteAndValidatePeekTest(String query, String objectName, String objectType, String schemaName) in /Users/aasimkhan/src/sqltoolsservice/test/Microsoft.SqlTools.ServiceLayer.IntegrationTests/LanguageServer/PeekDefinitionTests.cs:line 392
   at System.Runtime.CompilerServices.AsyncMethodBuilderCore.Start[TStateMachine](TStateMachine&amp; stateMachine)
   at Microsoft.SqlTools.ServiceLayer.IntegrationTests.LanguageServices.PeekDefinitionTests.ExecuteAndValidatePeekTest(String query, String objectName, String objectType, String schemaName)
   at Microsoft.SqlTools.ServiceLayer.IntegrationTests.LanguageServices.PeekDefinitionTests.GetSynonymDefinitionWithNonExistentFailureTest() in /Users/aasimkhan/src/sqltoolsservice/test/Microsoft.SqlTools.ServiceLayer.IntegrationTests/LanguageServer/PeekDefinitionTests.cs:line 564
   at System.Runtime.CompilerServices.AsyncMethodBuilderCore.Start[TStateMachine](TStateMachine&amp; stateMachine)
   at Microsoft.SqlTools.ServiceLayer.IntegrationTests.LanguageServices.PeekDefinitionTests.GetSynonymDefinitionWithNonExistentFailureTest()</failure>
    </testcase>
    <testcase classname="Microsoft.SqlTools.ServiceLayer.IntegrationTests.LanguageServices.PeekDefinitionTests" name="GetSynonymDefinitionWithoutSchemaNameSuccessTest" time="0.0009980">
      <failure type="failure" message="  Cannot find any instance for version key: sqlOnPrem&#xA;  Expected: True&#xA;  But was:  False&#xA;">at Microsoft.SqlTools.ServiceLayer.Test.Common.TestConnectionProfileService.GetInstance(String key) in /Users/aasimkhan/src/sqltoolsservice/test/Microsoft.SqlTools.ServiceLayer.Test.Common/TestConnectionProfileService.cs:line 59
   at Microsoft.SqlTools.ServiceLayer.Test.Common.TestConnectionProfileService.GetConnectionParameters(String key, String databaseName) in /Users/aasimkhan/src/sqltoolsservice/test/Microsoft.SqlTools.ServiceLayer.Test.Common/TestConnectionProfileService.cs:line 65
   at Microsoft.SqlTools.ServiceLayer.Test.Common.TestConnectionProfileService.GetConnectionParameters(TestServerType serverType, String databaseName) in /Users/aasimkhan/src/sqltoolsservice/test/Microsoft.SqlTools.ServiceLayer.Test.Common/TestConnectionProfileService.cs:line 75
   at Microsoft.SqlTools.ServiceLayer.Test.Common.TestServiceProvider.InitLiveConnectionInfo(TestServerType serverType, String databaseName, String scriptFilePath) in /Users/aasimkhan/src/sqltoolsservice/test/Microsoft.SqlTools.ServiceLayer.Test.Common/TestServiceProvider.cs:line 142
   at Microsoft.SqlTools.ServiceLayer.Test.Common.TestServiceProvider.RunQueryAsync(TestServerType serverType, String databaseName, String queryText, Boolean throwOnError) in /Users/aasimkhan/src/sqltoolsservice/test/Microsoft.SqlTools.ServiceLayer.Test.Common/TestServiceProvider.cs:line 110
   at Microsoft.SqlTools.ServiceLayer.Test.Common.SqlTestDb.CreateNewAsync(TestServerType serverType, Boolean doNotCleanupDb, String databaseName, String query, String dbNamePrefix) in /Users/aasimkhan/src/sqltoolsservice/test/Microsoft.SqlTools.ServiceLayer.Test.Common/SqlTestDb.cs:line 101
   at Microsoft.SqlTools.ServiceLayer.IntegrationTests.LanguageServices.PeekDefinitionTests.ExecuteAndValidatePeekTest(String query, String objectName, String objectType, String schemaName) in /Users/aasimkhan/src/sqltoolsservice/test/Microsoft.SqlTools.ServiceLayer.IntegrationTests/LanguageServer/PeekDefinitionTests.cs:line 386
   at Microsoft.SqlTools.ServiceLayer.IntegrationTests.LanguageServices.PeekDefinitionTests.GetSynonymDefinitionWithoutSchemaNameSuccessTest() in /Users/aasimkhan/src/sqltoolsservice/test/Microsoft.SqlTools.ServiceLayer.IntegrationTests/LanguageServer/PeekDefinitionTests.cs:line 552
   at NUnit.Framework.Internal.TaskAwaitAdapter.GenericAdapter`1.GetResult()
   at NUnit.Framework.Internal.AsyncToSyncAdapter.Await(Func`1 invoke)
   at NUnit.Framework.Internal.Commands.TestMethodCommand.RunTestMethod(TestExecutionContext context)
   at NUnit.Framework.Internal.Commands.TestMethodCommand.Execute(TestExecutionContext context)
   at NUnit.Framework.Internal.Execution.SimpleWorkItem.&lt;&gt;c__DisplayClass4_0.&lt;PerformWork&gt;b__0()
   at NUnit.Framework.Internal.ContextUtils.&lt;&gt;c__DisplayClass1_0`1.&lt;DoIsolated&gt;b__0(Object _)

1)    at Microsoft.SqlTools.ServiceLayer.Test.Common.TestConnectionProfileService.GetInstance(String key) in /Users/aasimkhan/src/sqltoolsservice/test/Microsoft.SqlTools.ServiceLayer.Test.Common/TestConnectionProfileService.cs:line 59
   at Microsoft.SqlTools.ServiceLayer.Test.Common.TestConnectionProfileService.GetConnectionParameters(String key, String databaseName) in /Users/aasimkhan/src/sqltoolsservice/test/Microsoft.SqlTools.ServiceLayer.Test.Common/TestConnectionProfileService.cs:line 65
   at Microsoft.SqlTools.ServiceLayer.Test.Common.TestConnectionProfileService.GetConnectionParameters(TestServerType serverType, String databaseName) in /Users/aasimkhan/src/sqltoolsservice/test/Microsoft.SqlTools.ServiceLayer.Test.Common/TestConnectionProfileService.cs:line 75
   at Microsoft.SqlTools.ServiceLayer.Test.Common.TestServiceProvider.InitLiveConnectionInfo(TestServerType serverType, String databaseName, String scriptFilePath) in /Users/aasimkhan/src/sqltoolsservice/test/Microsoft.SqlTools.ServiceLayer.Test.Common/TestServiceProvider.cs:line 142
   at System.Runtime.CompilerServices.AsyncMethodBuilderCore.Start[TStateMachine](TStateMachine&amp; stateMachine)
   at Microsoft.SqlTools.ServiceLayer.Test.Common.TestServiceProvider.InitLiveConnectionInfo(TestServerType serverType, String databaseName, String scriptFilePath)
   at Microsoft.SqlTools.ServiceLayer.Test.Common.TestServiceProvider.RunQueryAsync(TestServerType serverType, String databaseName, String queryText, Boolean throwOnError) in /Users/aasimkhan/src/sqltoolsservice/test/Microsoft.SqlTools.ServiceLayer.Test.Common/TestServiceProvider.cs:line 110
   at System.Runtime.CompilerServices.AsyncMethodBuilderCore.Start[TStateMachine](TStateMachine&amp; stateMachine)
   at Microsoft.SqlTools.ServiceLayer.Test.Common.TestServiceProvider.RunQueryAsync(TestServerType serverType, String databaseName, String queryText, Boolean throwOnError)
   at Microsoft.SqlTools.ServiceLayer.Test.Common.SqlTestDb.CreateNewAsync(TestServerType serverType, Boolean doNotCleanupDb, String databaseName, String query, String dbNamePrefix) in /Users/aasimkhan/src/sqltoolsservice/test/Microsoft.SqlTools.ServiceLayer.Test.Common/SqlTestDb.cs:line 101
   at System.Runtime.CompilerServices.AsyncMethodBuilderCore.Start[TStateMachine](TStateMachine&amp; stateMachine)
   at Microsoft.SqlTools.ServiceLayer.Test.Common.SqlTestDb.CreateNewAsync(TestServerType serverType, Boolean doNotCleanupDb, String databaseName, String query, String dbNamePrefix)
   at Microsoft.SqlTools.ServiceLayer.IntegrationTests.LanguageServices.PeekDefinitionTests.ExecuteAndValidatePeekTest(String query, String objectName, String objectType, String schemaName) in /Users/aasimkhan/src/sqltoolsservice/test/Microsoft.SqlTools.ServiceLayer.IntegrationTests/LanguageServer/PeekDefinitionTests.cs:line 386
   at System.Runtime.CompilerServices.AsyncMethodBuilderCore.Start[TStateMachine](TStateMachine&amp; stateMachine)
   at Microsoft.SqlTools.ServiceLayer.IntegrationTests.LanguageServices.PeekDefinitionTests.ExecuteAndValidatePeekTest(String query, String objectName, String objectType, String schemaName)
   at Microsoft.SqlTools.ServiceLayer.IntegrationTests.LanguageServices.PeekDefinitionTests.GetSynonymDefinitionWithoutSchemaNameSuccessTest() in /Users/aasimkhan/src/sqltoolsservice/test/Microsoft.SqlTools.ServiceLayer.IntegrationTests/LanguageServer/PeekDefinitionTests.cs:line 552
   at System.Runtime.CompilerServices.AsyncMethodBuilderCore.Start[TStateMachine](TStateMachine&amp; stateMachine)
   at Microsoft.SqlTools.ServiceLayer.IntegrationTests.LanguageServices.PeekDefinitionTests.GetSynonymDefinitionWithoutSchemaNameSuccessTest()</failure>
    </testcase>
    <testcase classname="Microsoft.SqlTools.ServiceLayer.IntegrationTests.LanguageServices.PeekDefinitionTests" name="GetSynonymDefinitionWithSchemaNameSuccessTest" time="0.0010240">
      <failure type="failure" message="  Cannot find any instance for version key: sqlOnPrem&#xA;  Expected: True&#xA;  But was:  False&#xA;">at Microsoft.SqlTools.ServiceLayer.Test.Common.TestConnectionProfileService.GetInstance(String key) in /Users/aasimkhan/src/sqltoolsservice/test/Microsoft.SqlTools.ServiceLayer.Test.Common/TestConnectionProfileService.cs:line 59
   at Microsoft.SqlTools.ServiceLayer.Test.Common.TestConnectionProfileService.GetConnectionParameters(String key, String databaseName) in /Users/aasimkhan/src/sqltoolsservice/test/Microsoft.SqlTools.ServiceLayer.Test.Common/TestConnectionProfileService.cs:line 65
   at Microsoft.SqlTools.ServiceLayer.Test.Common.TestConnectionProfileService.GetConnectionParameters(TestServerType serverType, String databaseName) in /Users/aasimkhan/src/sqltoolsservice/test/Microsoft.SqlTools.ServiceLayer.Test.Common/TestConnectionProfileService.cs:line 75
   at Microsoft.SqlTools.ServiceLayer.Test.Common.TestServiceProvider.InitLiveConnectionInfo(TestServerType serverType, String databaseName, String scriptFilePath) in /Users/aasimkhan/src/sqltoolsservice/test/Microsoft.SqlTools.ServiceLayer.Test.Common/TestServiceProvider.cs:line 142
   at Microsoft.SqlTools.ServiceLayer.Test.Common.TestServiceProvider.RunQueryAsync(TestServerType serverType, String databaseName, String queryText, Boolean throwOnError) in /Users/aasimkhan/src/sqltoolsservice/test/Microsoft.SqlTools.ServiceLayer.Test.Common/TestServiceProvider.cs:line 110
   at Microsoft.SqlTools.ServiceLayer.Test.Common.SqlTestDb.CreateNewAsync(TestServerType serverType, Boolean doNotCleanupDb, String databaseName, String query, String dbNamePrefix) in /Users/aasimkhan/src/sqltoolsservice/test/Microsoft.SqlTools.ServiceLayer.Test.Common/SqlTestDb.cs:line 101
   at Microsoft.SqlTools.ServiceLayer.IntegrationTests.LanguageServices.PeekDefinitionTests.ExecuteAndValidatePeekTest(String query, String objectName, String objectType, String schemaName) in /Users/aasimkhan/src/sqltoolsservice/test/Microsoft.SqlTools.ServiceLayer.IntegrationTests/LanguageServer/PeekDefinitionTests.cs:line 386
   at Microsoft.SqlTools.ServiceLayer.IntegrationTests.LanguageServices.PeekDefinitionTests.GetSynonymDefinitionWithSchemaNameSuccessTest() in /Users/aasimkhan/src/sqltoolsservice/test/Microsoft.SqlTools.ServiceLayer.IntegrationTests/LanguageServer/PeekDefinitionTests.cs:line 542
   at NUnit.Framework.Internal.TaskAwaitAdapter.GenericAdapter`1.GetResult()
   at NUnit.Framework.Internal.AsyncToSyncAdapter.Await(Func`1 invoke)
   at NUnit.Framework.Internal.Commands.TestMethodCommand.RunTestMethod(TestExecutionContext context)
   at NUnit.Framework.Internal.Commands.TestMethodCommand.Execute(TestExecutionContext context)
   at NUnit.Framework.Internal.Execution.SimpleWorkItem.&lt;&gt;c__DisplayClass4_0.&lt;PerformWork&gt;b__0()
   at NUnit.Framework.Internal.ContextUtils.&lt;&gt;c__DisplayClass1_0`1.&lt;DoIsolated&gt;b__0(Object _)

1)    at Microsoft.SqlTools.ServiceLayer.Test.Common.TestConnectionProfileService.GetInstance(String key) in /Users/aasimkhan/src/sqltoolsservice/test/Microsoft.SqlTools.ServiceLayer.Test.Common/TestConnectionProfileService.cs:line 59
   at Microsoft.SqlTools.ServiceLayer.Test.Common.TestConnectionProfileService.GetConnectionParameters(String key, String databaseName) in /Users/aasimkhan/src/sqltoolsservice/test/Microsoft.SqlTools.ServiceLayer.Test.Common/TestConnectionProfileService.cs:line 65
   at Microsoft.SqlTools.ServiceLayer.Test.Common.TestConnectionProfileService.GetConnectionParameters(TestServerType serverType, String databaseName) in /Users/aasimkhan/src/sqltoolsservice/test/Microsoft.SqlTools.ServiceLayer.Test.Common/TestConnectionProfileService.cs:line 75
   at Microsoft.SqlTools.ServiceLayer.Test.Common.TestServiceProvider.InitLiveConnectionInfo(TestServerType serverType, String databaseName, String scriptFilePath) in /Users/aasimkhan/src/sqltoolsservice/test/Microsoft.SqlTools.ServiceLayer.Test.Common/TestServiceProvider.cs:line 142
   at System.Runtime.CompilerServices.AsyncMethodBuilderCore.Start[TStateMachine](TStateMachine&amp; stateMachine)
   at Microsoft.SqlTools.ServiceLayer.Test.Common.TestServiceProvider.InitLiveConnectionInfo(TestServerType serverType, String databaseName, String scriptFilePath)
   at Microsoft.SqlTools.ServiceLayer.Test.Common.TestServiceProvider.RunQueryAsync(TestServerType serverType, String databaseName, String queryText, Boolean throwOnError) in /Users/aasimkhan/src/sqltoolsservice/test/Microsoft.SqlTools.ServiceLayer.Test.Common/TestServiceProvider.cs:line 110
   at System.Runtime.CompilerServices.AsyncMethodBuilderCore.Start[TStateMachine](TStateMachine&amp; stateMachine)
   at Microsoft.SqlTools.ServiceLayer.Test.Common.TestServiceProvider.RunQueryAsync(TestServerType serverType, String databaseName, String queryText, Boolean throwOnError)
   at Microsoft.SqlTools.ServiceLayer.Test.Common.SqlTestDb.CreateNewAsync(TestServerType serverType, Boolean doNotCleanupDb, String databaseName, String query, String dbNamePrefix) in /Users/aasimkhan/src/sqltoolsservice/test/Microsoft.SqlTools.ServiceLayer.Test.Common/SqlTestDb.cs:line 101
   at System.Runtime.CompilerServices.AsyncMethodBuilderCore.Start[TStateMachine](TStateMachine&amp; stateMachine)
   at Microsoft.SqlTools.ServiceLayer.Test.Common.SqlTestDb.CreateNewAsync(TestServerType serverType, Boolean doNotCleanupDb, String databaseName, String query, String dbNamePrefix)
   at Microsoft.SqlTools.ServiceLayer.IntegrationTests.LanguageServices.PeekDefinitionTests.ExecuteAndValidatePeekTest(String query, String objectName, String objectType, String schemaName) in /Users/aasimkhan/src/sqltoolsservice/test/Microsoft.SqlTools.ServiceLayer.IntegrationTests/LanguageServer/PeekDefinitionTests.cs:line 386
   at System.Runtime.CompilerServices.AsyncMethodBuilderCore.Start[TStateMachine](TStateMachine&amp; stateMachine)
   at Microsoft.SqlTools.ServiceLayer.IntegrationTests.LanguageServices.PeekDefinitionTests.ExecuteAndValidatePeekTest(String query, String objectName, String objectType, String schemaName)
   at Microsoft.SqlTools.ServiceLayer.IntegrationTests.LanguageServices.PeekDefinitionTests.GetSynonymDefinitionWithSchemaNameSuccessTest() in /Users/aasimkhan/src/sqltoolsservice/test/Microsoft.SqlTools.ServiceLayer.IntegrationTests/LanguageServer/PeekDefinitionTests.cs:line 542
   at System.Runtime.CompilerServices.AsyncMethodBuilderCore.Start[TStateMachine](TStateMachine&amp; stateMachine)
   at Microsoft.SqlTools.ServiceLayer.IntegrationTests.LanguageServices.PeekDefinitionTests.GetSynonymDefinitionWithSchemaNameSuccessTest()</failure>
    </testcase>
    <testcase classname="Microsoft.SqlTools.ServiceLayer.IntegrationTests.LanguageServices.PeekDefinitionTests" name="GetTableDefinitionInvalidObjectTest" time="0.0005689">
      <failure type="failure" message="  Cannot find any instance for version key: sqlOnPrem&#xA;  Expected: True&#xA;  But was:  False&#xA;">at Microsoft.SqlTools.ServiceLayer.Test.Common.TestConnectionProfileService.GetInstance(String key) in /Users/aasimkhan/src/sqltoolsservice/test/Microsoft.SqlTools.ServiceLayer.Test.Common/TestConnectionProfileService.cs:line 59
   at Microsoft.SqlTools.ServiceLayer.Test.Common.TestConnectionProfileService.GetConnectionParameters(String key, String databaseName) in /Users/aasimkhan/src/sqltoolsservice/test/Microsoft.SqlTools.ServiceLayer.Test.Common/TestConnectionProfileService.cs:line 65
   at Microsoft.SqlTools.ServiceLayer.Test.Common.TestConnectionProfileService.GetConnectionParameters(TestServerType serverType, String databaseName) in /Users/aasimkhan/src/sqltoolsservice/test/Microsoft.SqlTools.ServiceLayer.Test.Common/TestConnectionProfileService.cs:line 75
   at Microsoft.SqlTools.ServiceLayer.IntegrationTests.Utility.LiveConnectionHelper.InitLiveConnectionInfoForDefinition(String databaseName) in /Users/aasimkhan/src/sqltoolsservice/test/Microsoft.SqlTools.ServiceLayer.IntegrationTests/Utility/LiveConnectionHelper.cs:line 118
   at Microsoft.SqlTools.ServiceLayer.IntegrationTests.LanguageServices.PeekDefinitionTests.GetTableDefinitionInvalidObjectTest() in /Users/aasimkhan/src/sqltoolsservice/test/Microsoft.SqlTools.ServiceLayer.IntegrationTests/LanguageServer/PeekDefinitionTests.cs:line 134

1)    at Microsoft.SqlTools.ServiceLayer.Test.Common.TestConnectionProfileService.GetInstance(String key) in /Users/aasimkhan/src/sqltoolsservice/test/Microsoft.SqlTools.ServiceLayer.Test.Common/TestConnectionProfileService.cs:line 59
   at Microsoft.SqlTools.ServiceLayer.Test.Common.TestConnectionProfileService.GetConnectionParameters(String key, String databaseName) in /Users/aasimkhan/src/sqltoolsservice/test/Microsoft.SqlTools.ServiceLayer.Test.Common/TestConnectionProfileService.cs:line 65
   at Microsoft.SqlTools.ServiceLayer.Test.Common.TestConnectionProfileService.GetConnectionParameters(TestServerType serverType, String databaseName) in /Users/aasimkhan/src/sqltoolsservice/test/Microsoft.SqlTools.ServiceLayer.Test.Common/TestConnectionProfileService.cs:line 75
   at Microsoft.SqlTools.ServiceLayer.IntegrationTests.Utility.LiveConnectionHelper.InitLiveConnectionInfoForDefinition(String databaseName) in /Users/aasimkhan/src/sqltoolsservice/test/Microsoft.SqlTools.ServiceLayer.IntegrationTests/Utility/LiveConnectionHelper.cs:line 118
   at Microsoft.SqlTools.ServiceLayer.IntegrationTests.LanguageServices.PeekDefinitionTests.GetTableDefinitionInvalidObjectTest() in /Users/aasimkhan/src/sqltoolsservice/test/Microsoft.SqlTools.ServiceLayer.IntegrationTests/LanguageServer/PeekDefinitionTests.cs:line 134</failure>
    </testcase>
    <testcase classname="Microsoft.SqlTools.ServiceLayer.IntegrationTests.LanguageServices.PeekDefinitionTests" name="GetTableDefinitionWithSchemaTest" time="0.0005199">
      <failure type="failure" message="  Cannot find any instance for version key: sqlOnPrem&#xA;  Expected: True&#xA;  But was:  False&#xA;">at Microsoft.SqlTools.ServiceLayer.Test.Common.TestConnectionProfileService.GetInstance(String key) in /Users/aasimkhan/src/sqltoolsservice/test/Microsoft.SqlTools.ServiceLayer.Test.Common/TestConnectionProfileService.cs:line 59
   at Microsoft.SqlTools.ServiceLayer.Test.Common.TestConnectionProfileService.GetConnectionParameters(String key, String databaseName) in /Users/aasimkhan/src/sqltoolsservice/test/Microsoft.SqlTools.ServiceLayer.Test.Common/TestConnectionProfileService.cs:line 65
   at Microsoft.SqlTools.ServiceLayer.Test.Common.TestConnectionProfileService.GetConnectionParameters(TestServerType serverType, String databaseName) in /Users/aasimkhan/src/sqltoolsservice/test/Microsoft.SqlTools.ServiceLayer.Test.Common/TestConnectionProfileService.cs:line 75
   at Microsoft.SqlTools.ServiceLayer.IntegrationTests.Utility.LiveConnectionHelper.InitLiveConnectionInfoForDefinition(String databaseName) in /Users/aasimkhan/src/sqltoolsservice/test/Microsoft.SqlTools.ServiceLayer.IntegrationTests/Utility/LiveConnectionHelper.cs:line 118
   at Microsoft.SqlTools.ServiceLayer.IntegrationTests.LanguageServices.PeekDefinitionTests.GetTableDefinitionWithSchemaTest() in /Users/aasimkhan/src/sqltoolsservice/test/Microsoft.SqlTools.ServiceLayer.IntegrationTests/LanguageServer/PeekDefinitionTests.cs:line 154

1)    at Microsoft.SqlTools.ServiceLayer.Test.Common.TestConnectionProfileService.GetInstance(String key) in /Users/aasimkhan/src/sqltoolsservice/test/Microsoft.SqlTools.ServiceLayer.Test.Common/TestConnectionProfileService.cs:line 59
   at Microsoft.SqlTools.ServiceLayer.Test.Common.TestConnectionProfileService.GetConnectionParameters(String key, String databaseName) in /Users/aasimkhan/src/sqltoolsservice/test/Microsoft.SqlTools.ServiceLayer.Test.Common/TestConnectionProfileService.cs:line 65
   at Microsoft.SqlTools.ServiceLayer.Test.Common.TestConnectionProfileService.GetConnectionParameters(TestServerType serverType, String databaseName) in /Users/aasimkhan/src/sqltoolsservice/test/Microsoft.SqlTools.ServiceLayer.Test.Common/TestConnectionProfileService.cs:line 75
   at Microsoft.SqlTools.ServiceLayer.IntegrationTests.Utility.LiveConnectionHelper.InitLiveConnectionInfoForDefinition(String databaseName) in /Users/aasimkhan/src/sqltoolsservice/test/Microsoft.SqlTools.ServiceLayer.IntegrationTests/Utility/LiveConnectionHelper.cs:line 118
   at Microsoft.SqlTools.ServiceLayer.IntegrationTests.LanguageServices.PeekDefinitionTests.GetTableDefinitionWithSchemaTest() in /Users/aasimkhan/src/sqltoolsservice/test/Microsoft.SqlTools.ServiceLayer.IntegrationTests/LanguageServer/PeekDefinitionTests.cs:line 154</failure>
    </testcase>
    <testcase classname="Microsoft.SqlTools.ServiceLayer.IntegrationTests.LanguageServices.PeekDefinitionTests" name="GetTableValuedFunctionDefinitionWithNonExistentObjectFailureTest" time="0.0007860">
      <failure type="failure" message="  Cannot find any instance for version key: sqlOnPrem&#xA;  Expected: True&#xA;  But was:  False&#xA;">at Microsoft.SqlTools.ServiceLayer.Test.Common.TestConnectionProfileService.GetInstance(String key) in /Users/aasimkhan/src/sqltoolsservice/test/Microsoft.SqlTools.ServiceLayer.Test.Common/TestConnectionProfileService.cs:line 59
   at Microsoft.SqlTools.ServiceLayer.Test.Common.TestConnectionProfileService.GetConnectionParameters(String key, String databaseName) in /Users/aasimkhan/src/sqltoolsservice/test/Microsoft.SqlTools.ServiceLayer.Test.Common/TestConnectionProfileService.cs:line 65
   at Microsoft.SqlTools.ServiceLayer.Test.Common.TestConnectionProfileService.GetConnectionParameters(TestServerType serverType, String databaseName) in /Users/aasimkhan/src/sqltoolsservice/test/Microsoft.SqlTools.ServiceLayer.Test.Common/TestConnectionProfileService.cs:line 75
   at Microsoft.SqlTools.ServiceLayer.IntegrationTests.Utility.LiveConnectionHelper.InitLiveConnectionInfoForDefinition(String databaseName) in /Users/aasimkhan/src/sqltoolsservice/test/Microsoft.SqlTools.ServiceLayer.IntegrationTests/Utility/LiveConnectionHelper.cs:line 118
   at Microsoft.SqlTools.ServiceLayer.IntegrationTests.LanguageServices.PeekDefinitionTests.ValidatePeekTest(String databaseName, String objectName, String objectType, String schemaName, Boolean shouldReturnValidResult) in /Users/aasimkhan/src/sqltoolsservice/test/Microsoft.SqlTools.ServiceLayer.IntegrationTests/LanguageServer/PeekDefinitionTests.cs:line 399
   at Microsoft.SqlTools.ServiceLayer.IntegrationTests.LanguageServices.PeekDefinitionTests.ExecuteAndValidatePeekTest(String query, String objectName, String objectType, String schemaName) in /Users/aasimkhan/src/sqltoolsservice/test/Microsoft.SqlTools.ServiceLayer.IntegrationTests/LanguageServer/PeekDefinitionTests.cs:line 392
   at Microsoft.SqlTools.ServiceLayer.IntegrationTests.LanguageServices.PeekDefinitionTests.GetTableValuedFunctionDefinitionWithNonExistentObjectFailureTest() in /Users/aasimkhan/src/sqltoolsservice/test/Microsoft.SqlTools.ServiceLayer.IntegrationTests/LanguageServer/PeekDefinitionTests.cs:line 453
   at NUnit.Framework.Internal.TaskAwaitAdapter.GenericAdapter`1.GetResult()
   at NUnit.Framework.Internal.AsyncToSyncAdapter.Await(Func`1 invoke)
   at NUnit.Framework.Internal.Commands.TestMethodCommand.RunTestMethod(TestExecutionContext context)
   at NUnit.Framework.Internal.Commands.TestMethodCommand.Execute(TestExecutionContext context)
   at NUnit.Framework.Internal.Execution.SimpleWorkItem.&lt;&gt;c__DisplayClass4_0.&lt;PerformWork&gt;b__0()
   at NUnit.Framework.Internal.ContextUtils.&lt;&gt;c__DisplayClass1_0`1.&lt;DoIsolated&gt;b__0(Object _)

1)    at Microsoft.SqlTools.ServiceLayer.Test.Common.TestConnectionProfileService.GetInstance(String key) in /Users/aasimkhan/src/sqltoolsservice/test/Microsoft.SqlTools.ServiceLayer.Test.Common/TestConnectionProfileService.cs:line 59
   at Microsoft.SqlTools.ServiceLayer.Test.Common.TestConnectionProfileService.GetConnectionParameters(String key, String databaseName) in /Users/aasimkhan/src/sqltoolsservice/test/Microsoft.SqlTools.ServiceLayer.Test.Common/TestConnectionProfileService.cs:line 65
   at Microsoft.SqlTools.ServiceLayer.Test.Common.TestConnectionProfileService.GetConnectionParameters(TestServerType serverType, String databaseName) in /Users/aasimkhan/src/sqltoolsservice/test/Microsoft.SqlTools.ServiceLayer.Test.Common/TestConnectionProfileService.cs:line 75
   at Microsoft.SqlTools.ServiceLayer.IntegrationTests.Utility.LiveConnectionHelper.InitLiveConnectionInfoForDefinition(String databaseName) in /Users/aasimkhan/src/sqltoolsservice/test/Microsoft.SqlTools.ServiceLayer.IntegrationTests/Utility/LiveConnectionHelper.cs:line 118
   at Microsoft.SqlTools.ServiceLayer.IntegrationTests.LanguageServices.PeekDefinitionTests.ValidatePeekTest(String databaseName, String objectName, String objectType, String schemaName, Boolean shouldReturnValidResult) in /Users/aasimkhan/src/sqltoolsservice/test/Microsoft.SqlTools.ServiceLayer.IntegrationTests/LanguageServer/PeekDefinitionTests.cs:line 399
   at Microsoft.SqlTools.ServiceLayer.IntegrationTests.LanguageServices.PeekDefinitionTests.ExecuteAndValidatePeekTest(String query, String objectName, String objectType, String schemaName) in /Users/aasimkhan/src/sqltoolsservice/test/Microsoft.SqlTools.ServiceLayer.IntegrationTests/LanguageServer/PeekDefinitionTests.cs:line 392
   at System.Runtime.CompilerServices.AsyncMethodBuilderCore.Start[TStateMachine](TStateMachine&amp; stateMachine)
   at Microsoft.SqlTools.ServiceLayer.IntegrationTests.LanguageServices.PeekDefinitionTests.ExecuteAndValidatePeekTest(String query, String objectName, String objectType, String schemaName)
   at Microsoft.SqlTools.ServiceLayer.IntegrationTests.LanguageServices.PeekDefinitionTests.GetTableValuedFunctionDefinitionWithNonExistentObjectFailureTest() in /Users/aasimkhan/src/sqltoolsservice/test/Microsoft.SqlTools.ServiceLayer.IntegrationTests/LanguageServer/PeekDefinitionTests.cs:line 453
   at System.Runtime.CompilerServices.AsyncMethodBuilderCore.Start[TStateMachine](TStateMachine&amp; stateMachine)
   at Microsoft.SqlTools.ServiceLayer.IntegrationTests.LanguageServices.PeekDefinitionTests.GetTableValuedFunctionDefinitionWithNonExistentObjectFailureTest()</failure>
    </testcase>
    <testcase classname="Microsoft.SqlTools.ServiceLayer.IntegrationTests.LanguageServices.PeekDefinitionTests" name="GetTableValuedFunctionDefinitionWithoutSchemaNameSuccessTest" time="0.0067100">
      <failure type="failure" message="  Cannot find any instance for version key: sqlOnPrem&#xA;  Expected: True&#xA;  But was:  False&#xA;">at Microsoft.SqlTools.ServiceLayer.Test.Common.TestConnectionProfileService.GetInstance(String key) in /Users/aasimkhan/src/sqltoolsservice/test/Microsoft.SqlTools.ServiceLayer.Test.Common/TestConnectionProfileService.cs:line 59
   at Microsoft.SqlTools.ServiceLayer.Test.Common.TestConnectionProfileService.GetConnectionParameters(String key, String databaseName) in /Users/aasimkhan/src/sqltoolsservice/test/Microsoft.SqlTools.ServiceLayer.Test.Common/TestConnectionProfileService.cs:line 65
   at Microsoft.SqlTools.ServiceLayer.Test.Common.TestConnectionProfileService.GetConnectionParameters(TestServerType serverType, String databaseName) in /Users/aasimkhan/src/sqltoolsservice/test/Microsoft.SqlTools.ServiceLayer.Test.Common/TestConnectionProfileService.cs:line 75
   at Microsoft.SqlTools.ServiceLayer.Test.Common.TestServiceProvider.InitLiveConnectionInfo(TestServerType serverType, String databaseName, String scriptFilePath) in /Users/aasimkhan/src/sqltoolsservice/test/Microsoft.SqlTools.ServiceLayer.Test.Common/TestServiceProvider.cs:line 142
   at Microsoft.SqlTools.ServiceLayer.Test.Common.TestServiceProvider.RunQueryAsync(TestServerType serverType, String databaseName, String queryText, Boolean throwOnError) in /Users/aasimkhan/src/sqltoolsservice/test/Microsoft.SqlTools.ServiceLayer.Test.Common/TestServiceProvider.cs:line 110
   at Microsoft.SqlTools.ServiceLayer.Test.Common.SqlTestDb.CreateNewAsync(TestServerType serverType, Boolean doNotCleanupDb, String databaseName, String query, String dbNamePrefix) in /Users/aasimkhan/src/sqltoolsservice/test/Microsoft.SqlTools.ServiceLayer.Test.Common/SqlTestDb.cs:line 101
   at Microsoft.SqlTools.ServiceLayer.IntegrationTests.LanguageServices.PeekDefinitionTests.ExecuteAndValidatePeekTest(String query, String objectName, String objectType, String schemaName) in /Users/aasimkhan/src/sqltoolsservice/test/Microsoft.SqlTools.ServiceLayer.IntegrationTests/LanguageServer/PeekDefinitionTests.cs:line 386
   at Microsoft.SqlTools.ServiceLayer.IntegrationTests.LanguageServices.PeekDefinitionTests.GetTableValuedFunctionDefinitionWithoutSchemaNameSuccessTest() in /Users/aasimkhan/src/sqltoolsservice/test/Microsoft.SqlTools.ServiceLayer.IntegrationTests/LanguageServer/PeekDefinitionTests.cs:line 471
   at NUnit.Framework.Internal.TaskAwaitAdapter.GenericAdapter`1.GetResult()
   at NUnit.Framework.Internal.AsyncToSyncAdapter.Await(Func`1 invoke)
   at NUnit.Framework.Internal.Commands.TestMethodCommand.RunTestMethod(TestExecutionContext context)
   at NUnit.Framework.Internal.Commands.TestMethodCommand.Execute(TestExecutionContext context)
   at NUnit.Framework.Internal.Execution.SimpleWorkItem.&lt;&gt;c__DisplayClass4_0.&lt;PerformWork&gt;b__0()
   at NUnit.Framework.Internal.ContextUtils.&lt;&gt;c__DisplayClass1_0`1.&lt;DoIsolated&gt;b__0(Object _)

1)    at Microsoft.SqlTools.ServiceLayer.Test.Common.TestConnectionProfileService.GetInstance(String key) in /Users/aasimkhan/src/sqltoolsservice/test/Microsoft.SqlTools.ServiceLayer.Test.Common/TestConnectionProfileService.cs:line 59
   at Microsoft.SqlTools.ServiceLayer.Test.Common.TestConnectionProfileService.GetConnectionParameters(String key, String databaseName) in /Users/aasimkhan/src/sqltoolsservice/test/Microsoft.SqlTools.ServiceLayer.Test.Common/TestConnectionProfileService.cs:line 65
   at Microsoft.SqlTools.ServiceLayer.Test.Common.TestConnectionProfileService.GetConnectionParameters(TestServerType serverType, String databaseName) in /Users/aasimkhan/src/sqltoolsservice/test/Microsoft.SqlTools.ServiceLayer.Test.Common/TestConnectionProfileService.cs:line 75
   at Microsoft.SqlTools.ServiceLayer.Test.Common.TestServiceProvider.InitLiveConnectionInfo(TestServerType serverType, String databaseName, String scriptFilePath) in /Users/aasimkhan/src/sqltoolsservice/test/Microsoft.SqlTools.ServiceLayer.Test.Common/TestServiceProvider.cs:line 142
   at System.Runtime.CompilerServices.AsyncMethodBuilderCore.Start[TStateMachine](TStateMachine&amp; stateMachine)
   at Microsoft.SqlTools.ServiceLayer.Test.Common.TestServiceProvider.InitLiveConnectionInfo(TestServerType serverType, String databaseName, String scriptFilePath)
   at Microsoft.SqlTools.ServiceLayer.Test.Common.TestServiceProvider.RunQueryAsync(TestServerType serverType, String databaseName, String queryText, Boolean throwOnError) in /Users/aasimkhan/src/sqltoolsservice/test/Microsoft.SqlTools.ServiceLayer.Test.Common/TestServiceProvider.cs:line 110
   at System.Runtime.CompilerServices.AsyncMethodBuilderCore.Start[TStateMachine](TStateMachine&amp; stateMachine)
   at Microsoft.SqlTools.ServiceLayer.Test.Common.TestServiceProvider.RunQueryAsync(TestServerType serverType, String databaseName, String queryText, Boolean throwOnError)
   at Microsoft.SqlTools.ServiceLayer.Test.Common.SqlTestDb.CreateNewAsync(TestServerType serverType, Boolean doNotCleanupDb, String databaseName, String query, String dbNamePrefix) in /Users/aasimkhan/src/sqltoolsservice/test/Microsoft.SqlTools.ServiceLayer.Test.Common/SqlTestDb.cs:line 101
   at System.Runtime.CompilerServices.AsyncMethodBuilderCore.Start[TStateMachine](TStateMachine&amp; stateMachine)
   at Microsoft.SqlTools.ServiceLayer.Test.Common.SqlTestDb.CreateNewAsync(TestServerType serverType, Boolean doNotCleanupDb, String databaseName, String query, String dbNamePrefix)
   at Microsoft.SqlTools.ServiceLayer.IntegrationTests.LanguageServices.PeekDefinitionTests.ExecuteAndValidatePeekTest(String query, String objectName, String objectType, String schemaName) in /Users/aasimkhan/src/sqltoolsservice/test/Microsoft.SqlTools.ServiceLayer.IntegrationTests/LanguageServer/PeekDefinitionTests.cs:line 386
   at System.Runtime.CompilerServices.AsyncMethodBuilderCore.Start[TStateMachine](TStateMachine&amp; stateMachine)
   at Microsoft.SqlTools.ServiceLayer.IntegrationTests.LanguageServices.PeekDefinitionTests.ExecuteAndValidatePeekTest(String query, String objectName, String objectType, String schemaName)
   at Microsoft.SqlTools.ServiceLayer.IntegrationTests.LanguageServices.PeekDefinitionTests.GetTableValuedFunctionDefinitionWithoutSchemaNameSuccessTest() in /Users/aasimkhan/src/sqltoolsservice/test/Microsoft.SqlTools.ServiceLayer.IntegrationTests/LanguageServer/PeekDefinitionTests.cs:line 471
   at System.Runtime.CompilerServices.AsyncMethodBuilderCore.Start[TStateMachine](TStateMachine&amp; stateMachine)
   at Microsoft.SqlTools.ServiceLayer.IntegrationTests.LanguageServices.PeekDefinitionTests.GetTableValuedFunctionDefinitionWithoutSchemaNameSuccessTest()</failure>
    </testcase>
    <testcase classname="Microsoft.SqlTools.ServiceLayer.IntegrationTests.LanguageServices.PeekDefinitionTests" name="GetTableValuedFunctionDefinitionWithSchemaNameSuccessTest" time="0.0010830">
      <failure type="failure" message="  Cannot find any instance for version key: sqlOnPrem&#xA;  Expected: True&#xA;  But was:  False&#xA;">at Microsoft.SqlTools.ServiceLayer.Test.Common.TestConnectionProfileService.GetInstance(String key) in /Users/aasimkhan/src/sqltoolsservice/test/Microsoft.SqlTools.ServiceLayer.Test.Common/TestConnectionProfileService.cs:line 59
   at Microsoft.SqlTools.ServiceLayer.Test.Common.TestConnectionProfileService.GetConnectionParameters(String key, String databaseName) in /Users/aasimkhan/src/sqltoolsservice/test/Microsoft.SqlTools.ServiceLayer.Test.Common/TestConnectionProfileService.cs:line 65
   at Microsoft.SqlTools.ServiceLayer.Test.Common.TestConnectionProfileService.GetConnectionParameters(TestServerType serverType, String databaseName) in /Users/aasimkhan/src/sqltoolsservice/test/Microsoft.SqlTools.ServiceLayer.Test.Common/TestConnectionProfileService.cs:line 75
   at Microsoft.SqlTools.ServiceLayer.Test.Common.TestServiceProvider.InitLiveConnectionInfo(TestServerType serverType, String databaseName, String scriptFilePath) in /Users/aasimkhan/src/sqltoolsservice/test/Microsoft.SqlTools.ServiceLayer.Test.Common/TestServiceProvider.cs:line 142
   at Microsoft.SqlTools.ServiceLayer.Test.Common.TestServiceProvider.RunQueryAsync(TestServerType serverType, String databaseName, String queryText, Boolean throwOnError) in /Users/aasimkhan/src/sqltoolsservice/test/Microsoft.SqlTools.ServiceLayer.Test.Common/TestServiceProvider.cs:line 110
   at Microsoft.SqlTools.ServiceLayer.Test.Common.SqlTestDb.CreateNewAsync(TestServerType serverType, Boolean doNotCleanupDb, String databaseName, String query, String dbNamePrefix) in /Users/aasimkhan/src/sqltoolsservice/test/Microsoft.SqlTools.ServiceLayer.Test.Common/SqlTestDb.cs:line 101
   at Microsoft.SqlTools.ServiceLayer.IntegrationTests.LanguageServices.PeekDefinitionTests.ExecuteAndValidatePeekTest(String query, String objectName, String objectType, String schemaName) in /Users/aasimkhan/src/sqltoolsservice/test/Microsoft.SqlTools.ServiceLayer.IntegrationTests/LanguageServer/PeekDefinitionTests.cs:line 386
   at Microsoft.SqlTools.ServiceLayer.IntegrationTests.LanguageServices.PeekDefinitionTests.GetTableValuedFunctionDefinitionWithSchemaNameSuccessTest() in /Users/aasimkhan/src/sqltoolsservice/test/Microsoft.SqlTools.ServiceLayer.IntegrationTests/LanguageServer/PeekDefinitionTests.cs:line 428
   at NUnit.Framework.Internal.TaskAwaitAdapter.GenericAdapter`1.GetResult()
   at NUnit.Framework.Internal.AsyncToSyncAdapter.Await(Func`1 invoke)
   at NUnit.Framework.Internal.Commands.TestMethodCommand.RunTestMethod(TestExecutionContext context)
   at NUnit.Framework.Internal.Commands.TestMethodCommand.Execute(TestExecutionContext context)
   at NUnit.Framework.Internal.Execution.SimpleWorkItem.&lt;&gt;c__DisplayClass4_0.&lt;PerformWork&gt;b__0()
   at NUnit.Framework.Internal.ContextUtils.&lt;&gt;c__DisplayClass1_0`1.&lt;DoIsolated&gt;b__0(Object _)

1)    at Microsoft.SqlTools.ServiceLayer.Test.Common.TestConnectionProfileService.GetInstance(String key) in /Users/aasimkhan/src/sqltoolsservice/test/Microsoft.SqlTools.ServiceLayer.Test.Common/TestConnectionProfileService.cs:line 59
   at Microsoft.SqlTools.ServiceLayer.Test.Common.TestConnectionProfileService.GetConnectionParameters(String key, String databaseName) in /Users/aasimkhan/src/sqltoolsservice/test/Microsoft.SqlTools.ServiceLayer.Test.Common/TestConnectionProfileService.cs:line 65
   at Microsoft.SqlTools.ServiceLayer.Test.Common.TestConnectionProfileService.GetConnectionParameters(TestServerType serverType, String databaseName) in /Users/aasimkhan/src/sqltoolsservice/test/Microsoft.SqlTools.ServiceLayer.Test.Common/TestConnectionProfileService.cs:line 75
   at Microsoft.SqlTools.ServiceLayer.Test.Common.TestServiceProvider.InitLiveConnectionInfo(TestServerType serverType, String databaseName, String scriptFilePath) in /Users/aasimkhan/src/sqltoolsservice/test/Microsoft.SqlTools.ServiceLayer.Test.Common/TestServiceProvider.cs:line 142
   at System.Runtime.CompilerServices.AsyncMethodBuilderCore.Start[TStateMachine](TStateMachine&amp; stateMachine)
   at Microsoft.SqlTools.ServiceLayer.Test.Common.TestServiceProvider.InitLiveConnectionInfo(TestServerType serverType, String databaseName, String scriptFilePath)
   at Microsoft.SqlTools.ServiceLayer.Test.Common.TestServiceProvider.RunQueryAsync(TestServerType serverType, String databaseName, String queryText, Boolean throwOnError) in /Users/aasimkhan/src/sqltoolsservice/test/Microsoft.SqlTools.ServiceLayer.Test.Common/TestServiceProvider.cs:line 110
   at System.Runtime.CompilerServices.AsyncMethodBuilderCore.Start[TStateMachine](TStateMachine&amp; stateMachine)
   at Microsoft.SqlTools.ServiceLayer.Test.Common.TestServiceProvider.RunQueryAsync(TestServerType serverType, String databaseName, String queryText, Boolean throwOnError)
   at Microsoft.SqlTools.ServiceLayer.Test.Common.SqlTestDb.CreateNewAsync(TestServerType serverType, Boolean doNotCleanupDb, String databaseName, String query, String dbNamePrefix) in /Users/aasimkhan/src/sqltoolsservice/test/Microsoft.SqlTools.ServiceLayer.Test.Common/SqlTestDb.cs:line 101
   at System.Runtime.CompilerServices.AsyncMethodBuilderCore.Start[TStateMachine](TStateMachine&amp; stateMachine)
   at Microsoft.SqlTools.ServiceLayer.Test.Common.SqlTestDb.CreateNewAsync(TestServerType serverType, Boolean doNotCleanupDb, String databaseName, String query, String dbNamePrefix)
   at Microsoft.SqlTools.ServiceLayer.IntegrationTests.LanguageServices.PeekDefinitionTests.ExecuteAndValidatePeekTest(String query, String objectName, String objectType, String schemaName) in /Users/aasimkhan/src/sqltoolsservice/test/Microsoft.SqlTools.ServiceLayer.IntegrationTests/LanguageServer/PeekDefinitionTests.cs:line 386
   at System.Runtime.CompilerServices.AsyncMethodBuilderCore.Start[TStateMachine](TStateMachine&amp; stateMachine)
   at Microsoft.SqlTools.ServiceLayer.IntegrationTests.LanguageServices.PeekDefinitionTests.ExecuteAndValidatePeekTest(String query, String objectName, String objectType, String schemaName)
   at Microsoft.SqlTools.ServiceLayer.IntegrationTests.LanguageServices.PeekDefinitionTests.GetTableValuedFunctionDefinitionWithSchemaNameSuccessTest() in /Users/aasimkhan/src/sqltoolsservice/test/Microsoft.SqlTools.ServiceLayer.IntegrationTests/LanguageServer/PeekDefinitionTests.cs:line 428
   at System.Runtime.CompilerServices.AsyncMethodBuilderCore.Start[TStateMachine](TStateMachine&amp; stateMachine)
   at Microsoft.SqlTools.ServiceLayer.IntegrationTests.LanguageServices.PeekDefinitionTests.GetTableValuedFunctionDefinitionWithSchemaNameSuccessTest()</failure>
    </testcase>
    <testcase classname="Microsoft.SqlTools.ServiceLayer.IntegrationTests.LanguageServices.PeekDefinitionTests" name="GetUnsupportedDefinitionErrorTest" time="0.0028430">
      <failure type="failure" message="  Cannot find any instance for version key: sqlOnPrem&#xA;  Expected: True&#xA;  But was:  False&#xA;">at Microsoft.SqlTools.ServiceLayer.Test.Common.TestConnectionProfileService.GetInstance(String key) in /Users/aasimkhan/src/sqltoolsservice/test/Microsoft.SqlTools.ServiceLayer.Test.Common/TestConnectionProfileService.cs:line 59
   at Microsoft.SqlTools.ServiceLayer.Test.Common.TestConnectionProfileService.GetConnectionParameters(String key, String databaseName) in /Users/aasimkhan/src/sqltoolsservice/test/Microsoft.SqlTools.ServiceLayer.Test.Common/TestConnectionProfileService.cs:line 65
   at Microsoft.SqlTools.ServiceLayer.Test.Common.TestConnectionProfileService.GetConnectionParameters(TestServerType serverType, String databaseName) in /Users/aasimkhan/src/sqltoolsservice/test/Microsoft.SqlTools.ServiceLayer.Test.Common/TestConnectionProfileService.cs:line 75
   at Microsoft.SqlTools.ServiceLayer.IntegrationTests.Utility.LiveConnectionHelper.InitLiveConnectionInfoForDefinition(String databaseName) in /Users/aasimkhan/src/sqltoolsservice/test/Microsoft.SqlTools.ServiceLayer.IntegrationTests/Utility/LiveConnectionHelper.cs:line 118
   at Microsoft.SqlTools.ServiceLayer.IntegrationTests.LanguageServices.PeekDefinitionTests.GetUnsupportedDefinitionErrorTest() in /Users/aasimkhan/src/sqltoolsservice/test/Microsoft.SqlTools.ServiceLayer.IntegrationTests/LanguageServer/PeekDefinitionTests.cs:line 175

1)    at Microsoft.SqlTools.ServiceLayer.Test.Common.TestConnectionProfileService.GetInstance(String key) in /Users/aasimkhan/src/sqltoolsservice/test/Microsoft.SqlTools.ServiceLayer.Test.Common/TestConnectionProfileService.cs:line 59
   at Microsoft.SqlTools.ServiceLayer.Test.Common.TestConnectionProfileService.GetConnectionParameters(String key, String databaseName) in /Users/aasimkhan/src/sqltoolsservice/test/Microsoft.SqlTools.ServiceLayer.Test.Common/TestConnectionProfileService.cs:line 65
   at Microsoft.SqlTools.ServiceLayer.Test.Common.TestConnectionProfileService.GetConnectionParameters(TestServerType serverType, String databaseName) in /Users/aasimkhan/src/sqltoolsservice/test/Microsoft.SqlTools.ServiceLayer.Test.Common/TestConnectionProfileService.cs:line 75
   at Microsoft.SqlTools.ServiceLayer.IntegrationTests.Utility.LiveConnectionHelper.InitLiveConnectionInfoForDefinition(String databaseName) in /Users/aasimkhan/src/sqltoolsservice/test/Microsoft.SqlTools.ServiceLayer.IntegrationTests/Utility/LiveConnectionHelper.cs:line 118
   at Microsoft.SqlTools.ServiceLayer.IntegrationTests.LanguageServices.PeekDefinitionTests.GetUnsupportedDefinitionErrorTest() in /Users/aasimkhan/src/sqltoolsservice/test/Microsoft.SqlTools.ServiceLayer.IntegrationTests/LanguageServer/PeekDefinitionTests.cs:line 175</failure>
    </testcase>
    <testcase classname="Microsoft.SqlTools.ServiceLayer.IntegrationTests.LanguageServices.PeekDefinitionTests" name="GetUserDefinedDataTypeDefinitionWithNonExistentFailureTest" time="0.0007970">
      <failure type="failure" message="  Cannot find any instance for version key: sqlOnPrem&#xA;  Expected: True&#xA;  But was:  False&#xA;">at Microsoft.SqlTools.ServiceLayer.Test.Common.TestConnectionProfileService.GetInstance(String key) in /Users/aasimkhan/src/sqltoolsservice/test/Microsoft.SqlTools.ServiceLayer.Test.Common/TestConnectionProfileService.cs:line 59
   at Microsoft.SqlTools.ServiceLayer.Test.Common.TestConnectionProfileService.GetConnectionParameters(String key, String databaseName) in /Users/aasimkhan/src/sqltoolsservice/test/Microsoft.SqlTools.ServiceLayer.Test.Common/TestConnectionProfileService.cs:line 65
   at Microsoft.SqlTools.ServiceLayer.Test.Common.TestConnectionProfileService.GetConnectionParameters(TestServerType serverType, String databaseName) in /Users/aasimkhan/src/sqltoolsservice/test/Microsoft.SqlTools.ServiceLayer.Test.Common/TestConnectionProfileService.cs:line 75
   at Microsoft.SqlTools.ServiceLayer.IntegrationTests.Utility.LiveConnectionHelper.InitLiveConnectionInfoForDefinition(String databaseName) in /Users/aasimkhan/src/sqltoolsservice/test/Microsoft.SqlTools.ServiceLayer.IntegrationTests/Utility/LiveConnectionHelper.cs:line 118
   at Microsoft.SqlTools.ServiceLayer.IntegrationTests.LanguageServices.PeekDefinitionTests.ValidatePeekTest(String databaseName, String objectName, String objectType, String schemaName, Boolean shouldReturnValidResult) in /Users/aasimkhan/src/sqltoolsservice/test/Microsoft.SqlTools.ServiceLayer.IntegrationTests/LanguageServer/PeekDefinitionTests.cs:line 399
   at Microsoft.SqlTools.ServiceLayer.IntegrationTests.LanguageServices.PeekDefinitionTests.ExecuteAndValidatePeekTest(String query, String objectName, String objectType, String schemaName) in /Users/aasimkhan/src/sqltoolsservice/test/Microsoft.SqlTools.ServiceLayer.IntegrationTests/LanguageServer/PeekDefinitionTests.cs:line 392
   at Microsoft.SqlTools.ServiceLayer.IntegrationTests.LanguageServices.PeekDefinitionTests.GetUserDefinedDataTypeDefinitionWithNonExistentFailureTest() in /Users/aasimkhan/src/sqltoolsservice/test/Microsoft.SqlTools.ServiceLayer.IntegrationTests/LanguageServer/PeekDefinitionTests.cs:line 502
   at NUnit.Framework.Internal.TaskAwaitAdapter.GenericAdapter`1.GetResult()
   at NUnit.Framework.Internal.AsyncToSyncAdapter.Await(Func`1 invoke)
   at NUnit.Framework.Internal.Commands.TestMethodCommand.RunTestMethod(TestExecutionContext context)
   at NUnit.Framework.Internal.Commands.TestMethodCommand.Execute(TestExecutionContext context)
   at NUnit.Framework.Internal.Execution.SimpleWorkItem.&lt;&gt;c__DisplayClass4_0.&lt;PerformWork&gt;b__0()
   at NUnit.Framework.Internal.ContextUtils.&lt;&gt;c__DisplayClass1_0`1.&lt;DoIsolated&gt;b__0(Object _)

1)    at Microsoft.SqlTools.ServiceLayer.Test.Common.TestConnectionProfileService.GetInstance(String key) in /Users/aasimkhan/src/sqltoolsservice/test/Microsoft.SqlTools.ServiceLayer.Test.Common/TestConnectionProfileService.cs:line 59
   at Microsoft.SqlTools.ServiceLayer.Test.Common.TestConnectionProfileService.GetConnectionParameters(String key, String databaseName) in /Users/aasimkhan/src/sqltoolsservice/test/Microsoft.SqlTools.ServiceLayer.Test.Common/TestConnectionProfileService.cs:line 65
   at Microsoft.SqlTools.ServiceLayer.Test.Common.TestConnectionProfileService.GetConnectionParameters(TestServerType serverType, String databaseName) in /Users/aasimkhan/src/sqltoolsservice/test/Microsoft.SqlTools.ServiceLayer.Test.Common/TestConnectionProfileService.cs:line 75
   at Microsoft.SqlTools.ServiceLayer.IntegrationTests.Utility.LiveConnectionHelper.InitLiveConnectionInfoForDefinition(String databaseName) in /Users/aasimkhan/src/sqltoolsservice/test/Microsoft.SqlTools.ServiceLayer.IntegrationTests/Utility/LiveConnectionHelper.cs:line 118
   at Microsoft.SqlTools.ServiceLayer.IntegrationTests.LanguageServices.PeekDefinitionTests.ValidatePeekTest(String databaseName, String objectName, String objectType, String schemaName, Boolean shouldReturnValidResult) in /Users/aasimkhan/src/sqltoolsservice/test/Microsoft.SqlTools.ServiceLayer.IntegrationTests/LanguageServer/PeekDefinitionTests.cs:line 399
   at Microsoft.SqlTools.ServiceLayer.IntegrationTests.LanguageServices.PeekDefinitionTests.ExecuteAndValidatePeekTest(String query, String objectName, String objectType, String schemaName) in /Users/aasimkhan/src/sqltoolsservice/test/Microsoft.SqlTools.ServiceLayer.IntegrationTests/LanguageServer/PeekDefinitionTests.cs:line 392
   at System.Runtime.CompilerServices.AsyncMethodBuilderCore.Start[TStateMachine](TStateMachine&amp; stateMachine)
   at Microsoft.SqlTools.ServiceLayer.IntegrationTests.LanguageServices.PeekDefinitionTests.ExecuteAndValidatePeekTest(String query, String objectName, String objectType, String schemaName)
   at Microsoft.SqlTools.ServiceLayer.IntegrationTests.LanguageServices.PeekDefinitionTests.GetUserDefinedDataTypeDefinitionWithNonExistentFailureTest() in /Users/aasimkhan/src/sqltoolsservice/test/Microsoft.SqlTools.ServiceLayer.IntegrationTests/LanguageServer/PeekDefinitionTests.cs:line 502
   at System.Runtime.CompilerServices.AsyncMethodBuilderCore.Start[TStateMachine](TStateMachine&amp; stateMachine)
   at Microsoft.SqlTools.ServiceLayer.IntegrationTests.LanguageServices.PeekDefinitionTests.GetUserDefinedDataTypeDefinitionWithNonExistentFailureTest()</failure>
    </testcase>
    <testcase classname="Microsoft.SqlTools.ServiceLayer.IntegrationTests.LanguageServices.PeekDefinitionTests" name="GetUserDefinedDataTypeDefinitionWithoutSchemaNameSuccessTest" time="0.0008660">
      <failure type="failure" message="  Cannot find any instance for version key: sqlOnPrem&#xA;  Expected: True&#xA;  But was:  False&#xA;">at Microsoft.SqlTools.ServiceLayer.Test.Common.TestConnectionProfileService.GetInstance(String key) in /Users/aasimkhan/src/sqltoolsservice/test/Microsoft.SqlTools.ServiceLayer.Test.Common/TestConnectionProfileService.cs:line 59
   at Microsoft.SqlTools.ServiceLayer.Test.Common.TestConnectionProfileService.GetConnectionParameters(String key, String databaseName) in /Users/aasimkhan/src/sqltoolsservice/test/Microsoft.SqlTools.ServiceLayer.Test.Common/TestConnectionProfileService.cs:line 65
   at Microsoft.SqlTools.ServiceLayer.Test.Common.TestConnectionProfileService.GetConnectionParameters(TestServerType serverType, String databaseName) in /Users/aasimkhan/src/sqltoolsservice/test/Microsoft.SqlTools.ServiceLayer.Test.Common/TestConnectionProfileService.cs:line 75
   at Microsoft.SqlTools.ServiceLayer.Test.Common.TestServiceProvider.InitLiveConnectionInfo(TestServerType serverType, String databaseName, String scriptFilePath) in /Users/aasimkhan/src/sqltoolsservice/test/Microsoft.SqlTools.ServiceLayer.Test.Common/TestServiceProvider.cs:line 142
   at Microsoft.SqlTools.ServiceLayer.Test.Common.TestServiceProvider.RunQueryAsync(TestServerType serverType, String databaseName, String queryText, Boolean throwOnError) in /Users/aasimkhan/src/sqltoolsservice/test/Microsoft.SqlTools.ServiceLayer.Test.Common/TestServiceProvider.cs:line 110
   at Microsoft.SqlTools.ServiceLayer.Test.Common.SqlTestDb.CreateNewAsync(TestServerType serverType, Boolean doNotCleanupDb, String databaseName, String query, String dbNamePrefix) in /Users/aasimkhan/src/sqltoolsservice/test/Microsoft.SqlTools.ServiceLayer.Test.Common/SqlTestDb.cs:line 101
   at Microsoft.SqlTools.ServiceLayer.IntegrationTests.LanguageServices.PeekDefinitionTests.ExecuteAndValidatePeekTest(String query, String objectName, String objectType, String schemaName) in /Users/aasimkhan/src/sqltoolsservice/test/Microsoft.SqlTools.ServiceLayer.IntegrationTests/LanguageServer/PeekDefinitionTests.cs:line 386
   at Microsoft.SqlTools.ServiceLayer.IntegrationTests.LanguageServices.PeekDefinitionTests.GetUserDefinedDataTypeDefinitionWithoutSchemaNameSuccessTest() in /Users/aasimkhan/src/sqltoolsservice/test/Microsoft.SqlTools.ServiceLayer.IntegrationTests/LanguageServer/PeekDefinitionTests.cs:line 490
   at NUnit.Framework.Internal.TaskAwaitAdapter.GenericAdapter`1.GetResult()
   at NUnit.Framework.Internal.AsyncToSyncAdapter.Await(Func`1 invoke)
   at NUnit.Framework.Internal.Commands.TestMethodCommand.RunTestMethod(TestExecutionContext context)
   at NUnit.Framework.Internal.Commands.TestMethodCommand.Execute(TestExecutionContext context)
   at NUnit.Framework.Internal.Execution.SimpleWorkItem.&lt;&gt;c__DisplayClass4_0.&lt;PerformWork&gt;b__0()
   at NUnit.Framework.Internal.ContextUtils.&lt;&gt;c__DisplayClass1_0`1.&lt;DoIsolated&gt;b__0(Object _)

1)    at Microsoft.SqlTools.ServiceLayer.Test.Common.TestConnectionProfileService.GetInstance(String key) in /Users/aasimkhan/src/sqltoolsservice/test/Microsoft.SqlTools.ServiceLayer.Test.Common/TestConnectionProfileService.cs:line 59
   at Microsoft.SqlTools.ServiceLayer.Test.Common.TestConnectionProfileService.GetConnectionParameters(String key, String databaseName) in /Users/aasimkhan/src/sqltoolsservice/test/Microsoft.SqlTools.ServiceLayer.Test.Common/TestConnectionProfileService.cs:line 65
   at Microsoft.SqlTools.ServiceLayer.Test.Common.TestConnectionProfileService.GetConnectionParameters(TestServerType serverType, String databaseName) in /Users/aasimkhan/src/sqltoolsservice/test/Microsoft.SqlTools.ServiceLayer.Test.Common/TestConnectionProfileService.cs:line 75
   at Microsoft.SqlTools.ServiceLayer.Test.Common.TestServiceProvider.InitLiveConnectionInfo(TestServerType serverType, String databaseName, String scriptFilePath) in /Users/aasimkhan/src/sqltoolsservice/test/Microsoft.SqlTools.ServiceLayer.Test.Common/TestServiceProvider.cs:line 142
   at System.Runtime.CompilerServices.AsyncMethodBuilderCore.Start[TStateMachine](TStateMachine&amp; stateMachine)
   at Microsoft.SqlTools.ServiceLayer.Test.Common.TestServiceProvider.InitLiveConnectionInfo(TestServerType serverType, String databaseName, String scriptFilePath)
   at Microsoft.SqlTools.ServiceLayer.Test.Common.TestServiceProvider.RunQueryAsync(TestServerType serverType, String databaseName, String queryText, Boolean throwOnError) in /Users/aasimkhan/src/sqltoolsservice/test/Microsoft.SqlTools.ServiceLayer.Test.Common/TestServiceProvider.cs:line 110
   at System.Runtime.CompilerServices.AsyncMethodBuilderCore.Start[TStateMachine](TStateMachine&amp; stateMachine)
   at Microsoft.SqlTools.ServiceLayer.Test.Common.TestServiceProvider.RunQueryAsync(TestServerType serverType, String databaseName, String queryText, Boolean throwOnError)
   at Microsoft.SqlTools.ServiceLayer.Test.Common.SqlTestDb.CreateNewAsync(TestServerType serverType, Boolean doNotCleanupDb, String databaseName, String query, String dbNamePrefix) in /Users/aasimkhan/src/sqltoolsservice/test/Microsoft.SqlTools.ServiceLayer.Test.Common/SqlTestDb.cs:line 101
   at System.Runtime.CompilerServices.AsyncMethodBuilderCore.Start[TStateMachine](TStateMachine&amp; stateMachine)
   at Microsoft.SqlTools.ServiceLayer.Test.Common.SqlTestDb.CreateNewAsync(TestServerType serverType, Boolean doNotCleanupDb, String databaseName, String query, String dbNamePrefix)
   at Microsoft.SqlTools.ServiceLayer.IntegrationTests.LanguageServices.PeekDefinitionTests.ExecuteAndValidatePeekTest(String query, String objectName, String objectType, String schemaName) in /Users/aasimkhan/src/sqltoolsservice/test/Microsoft.SqlTools.ServiceLayer.IntegrationTests/LanguageServer/PeekDefinitionTests.cs:line 386
   at System.Runtime.CompilerServices.AsyncMethodBuilderCore.Start[TStateMachine](TStateMachine&amp; stateMachine)
   at Microsoft.SqlTools.ServiceLayer.IntegrationTests.LanguageServices.PeekDefinitionTests.ExecuteAndValidatePeekTest(String query, String objectName, String objectType, String schemaName)
   at Microsoft.SqlTools.ServiceLayer.IntegrationTests.LanguageServices.PeekDefinitionTests.GetUserDefinedDataTypeDefinitionWithoutSchemaNameSuccessTest() in /Users/aasimkhan/src/sqltoolsservice/test/Microsoft.SqlTools.ServiceLayer.IntegrationTests/LanguageServer/PeekDefinitionTests.cs:line 490
   at System.Runtime.CompilerServices.AsyncMethodBuilderCore.Start[TStateMachine](TStateMachine&amp; stateMachine)
   at Microsoft.SqlTools.ServiceLayer.IntegrationTests.LanguageServices.PeekDefinitionTests.GetUserDefinedDataTypeDefinitionWithoutSchemaNameSuccessTest()</failure>
    </testcase>
    <testcase classname="Microsoft.SqlTools.ServiceLayer.IntegrationTests.LanguageServices.PeekDefinitionTests" name="GetUserDefinedDataTypeDefinitionWithSchemaNameSuccessTest" time="0.0008920">
      <failure type="failure" message="  Cannot find any instance for version key: sqlOnPrem&#xA;  Expected: True&#xA;  But was:  False&#xA;">at Microsoft.SqlTools.ServiceLayer.Test.Common.TestConnectionProfileService.GetInstance(String key) in /Users/aasimkhan/src/sqltoolsservice/test/Microsoft.SqlTools.ServiceLayer.Test.Common/TestConnectionProfileService.cs:line 59
   at Microsoft.SqlTools.ServiceLayer.Test.Common.TestConnectionProfileService.GetConnectionParameters(String key, String databaseName) in /Users/aasimkhan/src/sqltoolsservice/test/Microsoft.SqlTools.ServiceLayer.Test.Common/TestConnectionProfileService.cs:line 65
   at Microsoft.SqlTools.ServiceLayer.Test.Common.TestConnectionProfileService.GetConnectionParameters(TestServerType serverType, String databaseName) in /Users/aasimkhan/src/sqltoolsservice/test/Microsoft.SqlTools.ServiceLayer.Test.Common/TestConnectionProfileService.cs:line 75
   at Microsoft.SqlTools.ServiceLayer.Test.Common.TestServiceProvider.InitLiveConnectionInfo(TestServerType serverType, String databaseName, String scriptFilePath) in /Users/aasimkhan/src/sqltoolsservice/test/Microsoft.SqlTools.ServiceLayer.Test.Common/TestServiceProvider.cs:line 142
   at Microsoft.SqlTools.ServiceLayer.Test.Common.TestServiceProvider.RunQueryAsync(TestServerType serverType, String databaseName, String queryText, Boolean throwOnError) in /Users/aasimkhan/src/sqltoolsservice/test/Microsoft.SqlTools.ServiceLayer.Test.Common/TestServiceProvider.cs:line 110
   at Microsoft.SqlTools.ServiceLayer.Test.Common.SqlTestDb.CreateNewAsync(TestServerType serverType, Boolean doNotCleanupDb, String databaseName, String query, String dbNamePrefix) in /Users/aasimkhan/src/sqltoolsservice/test/Microsoft.SqlTools.ServiceLayer.Test.Common/SqlTestDb.cs:line 101
   at Microsoft.SqlTools.ServiceLayer.IntegrationTests.LanguageServices.PeekDefinitionTests.ExecuteAndValidatePeekTest(String query, String objectName, String objectType, String schemaName) in /Users/aasimkhan/src/sqltoolsservice/test/Microsoft.SqlTools.ServiceLayer.IntegrationTests/LanguageServer/PeekDefinitionTests.cs:line 386
   at Microsoft.SqlTools.ServiceLayer.IntegrationTests.LanguageServices.PeekDefinitionTests.GetUserDefinedDataTypeDefinitionWithSchemaNameSuccessTest() in /Users/aasimkhan/src/sqltoolsservice/test/Microsoft.SqlTools.ServiceLayer.IntegrationTests/LanguageServer/PeekDefinitionTests.cs:line 481
   at NUnit.Framework.Internal.TaskAwaitAdapter.GenericAdapter`1.GetResult()
   at NUnit.Framework.Internal.AsyncToSyncAdapter.Await(Func`1 invoke)
   at NUnit.Framework.Internal.Commands.TestMethodCommand.RunTestMethod(TestExecutionContext context)
   at NUnit.Framework.Internal.Commands.TestMethodCommand.Execute(TestExecutionContext context)
   at NUnit.Framework.Internal.Execution.SimpleWorkItem.&lt;&gt;c__DisplayClass4_0.&lt;PerformWork&gt;b__0()
   at NUnit.Framework.Internal.ContextUtils.&lt;&gt;c__DisplayClass1_0`1.&lt;DoIsolated&gt;b__0(Object _)

1)    at Microsoft.SqlTools.ServiceLayer.Test.Common.TestConnectionProfileService.GetInstance(String key) in /Users/aasimkhan/src/sqltoolsservice/test/Microsoft.SqlTools.ServiceLayer.Test.Common/TestConnectionProfileService.cs:line 59
   at Microsoft.SqlTools.ServiceLayer.Test.Common.TestConnectionProfileService.GetConnectionParameters(String key, String databaseName) in /Users/aasimkhan/src/sqltoolsservice/test/Microsoft.SqlTools.ServiceLayer.Test.Common/TestConnectionProfileService.cs:line 65
   at Microsoft.SqlTools.ServiceLayer.Test.Common.TestConnectionProfileService.GetConnectionParameters(TestServerType serverType, String databaseName) in /Users/aasimkhan/src/sqltoolsservice/test/Microsoft.SqlTools.ServiceLayer.Test.Common/TestConnectionProfileService.cs:line 75
   at Microsoft.SqlTools.ServiceLayer.Test.Common.TestServiceProvider.InitLiveConnectionInfo(TestServerType serverType, String databaseName, String scriptFilePath) in /Users/aasimkhan/src/sqltoolsservice/test/Microsoft.SqlTools.ServiceLayer.Test.Common/TestServiceProvider.cs:line 142
   at System.Runtime.CompilerServices.AsyncMethodBuilderCore.Start[TStateMachine](TStateMachine&amp; stateMachine)
   at Microsoft.SqlTools.ServiceLayer.Test.Common.TestServiceProvider.InitLiveConnectionInfo(TestServerType serverType, String databaseName, String scriptFilePath)
   at Microsoft.SqlTools.ServiceLayer.Test.Common.TestServiceProvider.RunQueryAsync(TestServerType serverType, String databaseName, String queryText, Boolean throwOnError) in /Users/aasimkhan/src/sqltoolsservice/test/Microsoft.SqlTools.ServiceLayer.Test.Common/TestServiceProvider.cs:line 110
   at System.Runtime.CompilerServices.AsyncMethodBuilderCore.Start[TStateMachine](TStateMachine&amp; stateMachine)
   at Microsoft.SqlTools.ServiceLayer.Test.Common.TestServiceProvider.RunQueryAsync(TestServerType serverType, String databaseName, String queryText, Boolean throwOnError)
   at Microsoft.SqlTools.ServiceLayer.Test.Common.SqlTestDb.CreateNewAsync(TestServerType serverType, Boolean doNotCleanupDb, String databaseName, String query, String dbNamePrefix) in /Users/aasimkhan/src/sqltoolsservice/test/Microsoft.SqlTools.ServiceLayer.Test.Common/SqlTestDb.cs:line 101
   at System.Runtime.CompilerServices.AsyncMethodBuilderCore.Start[TStateMachine](TStateMachine&amp; stateMachine)
   at Microsoft.SqlTools.ServiceLayer.Test.Common.SqlTestDb.CreateNewAsync(TestServerType serverType, Boolean doNotCleanupDb, String databaseName, String query, String dbNamePrefix)
   at Microsoft.SqlTools.ServiceLayer.IntegrationTests.LanguageServices.PeekDefinitionTests.ExecuteAndValidatePeekTest(String query, String objectName, String objectType, String schemaName) in /Users/aasimkhan/src/sqltoolsservice/test/Microsoft.SqlTools.ServiceLayer.IntegrationTests/LanguageServer/PeekDefinitionTests.cs:line 386
   at System.Runtime.CompilerServices.AsyncMethodBuilderCore.Start[TStateMachine](TStateMachine&amp; stateMachine)
   at Microsoft.SqlTools.ServiceLayer.IntegrationTests.LanguageServices.PeekDefinitionTests.ExecuteAndValidatePeekTest(String query, String objectName, String objectType, String schemaName)
   at Microsoft.SqlTools.ServiceLayer.IntegrationTests.LanguageServices.PeekDefinitionTests.GetUserDefinedDataTypeDefinitionWithSchemaNameSuccessTest() in /Users/aasimkhan/src/sqltoolsservice/test/Microsoft.SqlTools.ServiceLayer.IntegrationTests/LanguageServer/PeekDefinitionTests.cs:line 481
   at System.Runtime.CompilerServices.AsyncMethodBuilderCore.Start[TStateMachine](TStateMachine&amp; stateMachine)
   at Microsoft.SqlTools.ServiceLayer.IntegrationTests.LanguageServices.PeekDefinitionTests.GetUserDefinedDataTypeDefinitionWithSchemaNameSuccessTest()</failure>
    </testcase>
    <testcase classname="Microsoft.SqlTools.ServiceLayer.IntegrationTests.LanguageServices.PeekDefinitionTests" name="GetUserDefinedTableTypeDefinitionWithNonExistentFailureTest" time="0.0009859">
      <failure type="failure" message="  Cannot find any instance for version key: sqlOnPrem&#xA;  Expected: True&#xA;  But was:  False&#xA;">at Microsoft.SqlTools.ServiceLayer.Test.Common.TestConnectionProfileService.GetInstance(String key) in /Users/aasimkhan/src/sqltoolsservice/test/Microsoft.SqlTools.ServiceLayer.Test.Common/TestConnectionProfileService.cs:line 59
   at Microsoft.SqlTools.ServiceLayer.Test.Common.TestConnectionProfileService.GetConnectionParameters(String key, String databaseName) in /Users/aasimkhan/src/sqltoolsservice/test/Microsoft.SqlTools.ServiceLayer.Test.Common/TestConnectionProfileService.cs:line 65
   at Microsoft.SqlTools.ServiceLayer.Test.Common.TestConnectionProfileService.GetConnectionParameters(TestServerType serverType, String databaseName) in /Users/aasimkhan/src/sqltoolsservice/test/Microsoft.SqlTools.ServiceLayer.Test.Common/TestConnectionProfileService.cs:line 75
   at Microsoft.SqlTools.ServiceLayer.IntegrationTests.Utility.LiveConnectionHelper.InitLiveConnectionInfoForDefinition(String databaseName) in /Users/aasimkhan/src/sqltoolsservice/test/Microsoft.SqlTools.ServiceLayer.IntegrationTests/Utility/LiveConnectionHelper.cs:line 118
   at Microsoft.SqlTools.ServiceLayer.IntegrationTests.LanguageServices.PeekDefinitionTests.ValidatePeekTest(String databaseName, String objectName, String objectType, String schemaName, Boolean shouldReturnValidResult) in /Users/aasimkhan/src/sqltoolsservice/test/Microsoft.SqlTools.ServiceLayer.IntegrationTests/LanguageServer/PeekDefinitionTests.cs:line 399
   at Microsoft.SqlTools.ServiceLayer.IntegrationTests.LanguageServices.PeekDefinitionTests.ExecuteAndValidatePeekTest(String query, String objectName, String objectType, String schemaName) in /Users/aasimkhan/src/sqltoolsservice/test/Microsoft.SqlTools.ServiceLayer.IntegrationTests/LanguageServer/PeekDefinitionTests.cs:line 392
   at Microsoft.SqlTools.ServiceLayer.IntegrationTests.LanguageServices.PeekDefinitionTests.GetUserDefinedTableTypeDefinitionWithNonExistentFailureTest() in /Users/aasimkhan/src/sqltoolsservice/test/Microsoft.SqlTools.ServiceLayer.IntegrationTests/LanguageServer/PeekDefinitionTests.cs:line 532
   at NUnit.Framework.Internal.TaskAwaitAdapter.GenericAdapter`1.GetResult()
   at NUnit.Framework.Internal.AsyncToSyncAdapter.Await(Func`1 invoke)
   at NUnit.Framework.Internal.Commands.TestMethodCommand.RunTestMethod(TestExecutionContext context)
   at NUnit.Framework.Internal.Commands.TestMethodCommand.Execute(TestExecutionContext context)
   at NUnit.Framework.Internal.Execution.SimpleWorkItem.&lt;&gt;c__DisplayClass4_0.&lt;PerformWork&gt;b__0()
   at NUnit.Framework.Internal.ContextUtils.&lt;&gt;c__DisplayClass1_0`1.&lt;DoIsolated&gt;b__0(Object _)

1)    at Microsoft.SqlTools.ServiceLayer.Test.Common.TestConnectionProfileService.GetInstance(String key) in /Users/aasimkhan/src/sqltoolsservice/test/Microsoft.SqlTools.ServiceLayer.Test.Common/TestConnectionProfileService.cs:line 59
   at Microsoft.SqlTools.ServiceLayer.Test.Common.TestConnectionProfileService.GetConnectionParameters(String key, String databaseName) in /Users/aasimkhan/src/sqltoolsservice/test/Microsoft.SqlTools.ServiceLayer.Test.Common/TestConnectionProfileService.cs:line 65
   at Microsoft.SqlTools.ServiceLayer.Test.Common.TestConnectionProfileService.GetConnectionParameters(TestServerType serverType, String databaseName) in /Users/aasimkhan/src/sqltoolsservice/test/Microsoft.SqlTools.ServiceLayer.Test.Common/TestConnectionProfileService.cs:line 75
   at Microsoft.SqlTools.ServiceLayer.IntegrationTests.Utility.LiveConnectionHelper.InitLiveConnectionInfoForDefinition(String databaseName) in /Users/aasimkhan/src/sqltoolsservice/test/Microsoft.SqlTools.ServiceLayer.IntegrationTests/Utility/LiveConnectionHelper.cs:line 118
   at Microsoft.SqlTools.ServiceLayer.IntegrationTests.LanguageServices.PeekDefinitionTests.ValidatePeekTest(String databaseName, String objectName, String objectType, String schemaName, Boolean shouldReturnValidResult) in /Users/aasimkhan/src/sqltoolsservice/test/Microsoft.SqlTools.ServiceLayer.IntegrationTests/LanguageServer/PeekDefinitionTests.cs:line 399
   at Microsoft.SqlTools.ServiceLayer.IntegrationTests.LanguageServices.PeekDefinitionTests.ExecuteAndValidatePeekTest(String query, String objectName, String objectType, String schemaName) in /Users/aasimkhan/src/sqltoolsservice/test/Microsoft.SqlTools.ServiceLayer.IntegrationTests/LanguageServer/PeekDefinitionTests.cs:line 392
   at System.Runtime.CompilerServices.AsyncMethodBuilderCore.Start[TStateMachine](TStateMachine&amp; stateMachine)
   at Microsoft.SqlTools.ServiceLayer.IntegrationTests.LanguageServices.PeekDefinitionTests.ExecuteAndValidatePeekTest(String query, String objectName, String objectType, String schemaName)
   at Microsoft.SqlTools.ServiceLayer.IntegrationTests.LanguageServices.PeekDefinitionTests.GetUserDefinedTableTypeDefinitionWithNonExistentFailureTest() in /Users/aasimkhan/src/sqltoolsservice/test/Microsoft.SqlTools.ServiceLayer.IntegrationTests/LanguageServer/PeekDefinitionTests.cs:line 532
   at System.Runtime.CompilerServices.AsyncMethodBuilderCore.Start[TStateMachine](TStateMachine&amp; stateMachine)
   at Microsoft.SqlTools.ServiceLayer.IntegrationTests.LanguageServices.PeekDefinitionTests.GetUserDefinedTableTypeDefinitionWithNonExistentFailureTest()</failure>
    </testcase>
    <testcase classname="Microsoft.SqlTools.ServiceLayer.IntegrationTests.LanguageServices.PeekDefinitionTests" name="GetUserDefinedTableTypeDefinitionWithoutSchemaNameSuccessTest" time="0.0009240">
      <failure type="failure" message="  Cannot find any instance for version key: sqlOnPrem&#xA;  Expected: True&#xA;  But was:  False&#xA;">at Microsoft.SqlTools.ServiceLayer.Test.Common.TestConnectionProfileService.GetInstance(String key) in /Users/aasimkhan/src/sqltoolsservice/test/Microsoft.SqlTools.ServiceLayer.Test.Common/TestConnectionProfileService.cs:line 59
   at Microsoft.SqlTools.ServiceLayer.Test.Common.TestConnectionProfileService.GetConnectionParameters(String key, String databaseName) in /Users/aasimkhan/src/sqltoolsservice/test/Microsoft.SqlTools.ServiceLayer.Test.Common/TestConnectionProfileService.cs:line 65
   at Microsoft.SqlTools.ServiceLayer.Test.Common.TestConnectionProfileService.GetConnectionParameters(TestServerType serverType, String databaseName) in /Users/aasimkhan/src/sqltoolsservice/test/Microsoft.SqlTools.ServiceLayer.Test.Common/TestConnectionProfileService.cs:line 75
   at Microsoft.SqlTools.ServiceLayer.Test.Common.TestServiceProvider.InitLiveConnectionInfo(TestServerType serverType, String databaseName, String scriptFilePath) in /Users/aasimkhan/src/sqltoolsservice/test/Microsoft.SqlTools.ServiceLayer.Test.Common/TestServiceProvider.cs:line 142
   at Microsoft.SqlTools.ServiceLayer.Test.Common.TestServiceProvider.RunQueryAsync(TestServerType serverType, String databaseName, String queryText, Boolean throwOnError) in /Users/aasimkhan/src/sqltoolsservice/test/Microsoft.SqlTools.ServiceLayer.Test.Common/TestServiceProvider.cs:line 110
   at Microsoft.SqlTools.ServiceLayer.Test.Common.SqlTestDb.CreateNewAsync(TestServerType serverType, Boolean doNotCleanupDb, String databaseName, String query, String dbNamePrefix) in /Users/aasimkhan/src/sqltoolsservice/test/Microsoft.SqlTools.ServiceLayer.Test.Common/SqlTestDb.cs:line 101
   at Microsoft.SqlTools.ServiceLayer.IntegrationTests.LanguageServices.PeekDefinitionTests.ExecuteAndValidatePeekTest(String query, String objectName, String objectType, String schemaName) in /Users/aasimkhan/src/sqltoolsservice/test/Microsoft.SqlTools.ServiceLayer.IntegrationTests/LanguageServer/PeekDefinitionTests.cs:line 386
   at Microsoft.SqlTools.ServiceLayer.IntegrationTests.LanguageServices.PeekDefinitionTests.GetUserDefinedTableTypeDefinitionWithoutSchemaNameSuccessTest() in /Users/aasimkhan/src/sqltoolsservice/test/Microsoft.SqlTools.ServiceLayer.IntegrationTests/LanguageServer/PeekDefinitionTests.cs:line 520
   at NUnit.Framework.Internal.TaskAwaitAdapter.GenericAdapter`1.GetResult()
   at NUnit.Framework.Internal.AsyncToSyncAdapter.Await(Func`1 invoke)
   at NUnit.Framework.Internal.Commands.TestMethodCommand.RunTestMethod(TestExecutionContext context)
   at NUnit.Framework.Internal.Commands.TestMethodCommand.Execute(TestExecutionContext context)
   at NUnit.Framework.Internal.Execution.SimpleWorkItem.&lt;&gt;c__DisplayClass4_0.&lt;PerformWork&gt;b__0()
   at NUnit.Framework.Internal.ContextUtils.&lt;&gt;c__DisplayClass1_0`1.&lt;DoIsolated&gt;b__0(Object _)

1)    at Microsoft.SqlTools.ServiceLayer.Test.Common.TestConnectionProfileService.GetInstance(String key) in /Users/aasimkhan/src/sqltoolsservice/test/Microsoft.SqlTools.ServiceLayer.Test.Common/TestConnectionProfileService.cs:line 59
   at Microsoft.SqlTools.ServiceLayer.Test.Common.TestConnectionProfileService.GetConnectionParameters(String key, String databaseName) in /Users/aasimkhan/src/sqltoolsservice/test/Microsoft.SqlTools.ServiceLayer.Test.Common/TestConnectionProfileService.cs:line 65
   at Microsoft.SqlTools.ServiceLayer.Test.Common.TestConnectionProfileService.GetConnectionParameters(TestServerType serverType, String databaseName) in /Users/aasimkhan/src/sqltoolsservice/test/Microsoft.SqlTools.ServiceLayer.Test.Common/TestConnectionProfileService.cs:line 75
   at Microsoft.SqlTools.ServiceLayer.Test.Common.TestServiceProvider.InitLiveConnectionInfo(TestServerType serverType, String databaseName, String scriptFilePath) in /Users/aasimkhan/src/sqltoolsservice/test/Microsoft.SqlTools.ServiceLayer.Test.Common/TestServiceProvider.cs:line 142
   at System.Runtime.CompilerServices.AsyncMethodBuilderCore.Start[TStateMachine](TStateMachine&amp; stateMachine)
   at Microsoft.SqlTools.ServiceLayer.Test.Common.TestServiceProvider.InitLiveConnectionInfo(TestServerType serverType, String databaseName, String scriptFilePath)
   at Microsoft.SqlTools.ServiceLayer.Test.Common.TestServiceProvider.RunQueryAsync(TestServerType serverType, String databaseName, String queryText, Boolean throwOnError) in /Users/aasimkhan/src/sqltoolsservice/test/Microsoft.SqlTools.ServiceLayer.Test.Common/TestServiceProvider.cs:line 110
   at System.Runtime.CompilerServices.AsyncMethodBuilderCore.Start[TStateMachine](TStateMachine&amp; stateMachine)
   at Microsoft.SqlTools.ServiceLayer.Test.Common.TestServiceProvider.RunQueryAsync(TestServerType serverType, String databaseName, String queryText, Boolean throwOnError)
   at Microsoft.SqlTools.ServiceLayer.Test.Common.SqlTestDb.CreateNewAsync(TestServerType serverType, Boolean doNotCleanupDb, String databaseName, String query, String dbNamePrefix) in /Users/aasimkhan/src/sqltoolsservice/test/Microsoft.SqlTools.ServiceLayer.Test.Common/SqlTestDb.cs:line 101
   at System.Runtime.CompilerServices.AsyncMethodBuilderCore.Start[TStateMachine](TStateMachine&amp; stateMachine)
   at Microsoft.SqlTools.ServiceLayer.Test.Common.SqlTestDb.CreateNewAsync(TestServerType serverType, Boolean doNotCleanupDb, String databaseName, String query, String dbNamePrefix)
   at Microsoft.SqlTools.ServiceLayer.IntegrationTests.LanguageServices.PeekDefinitionTests.ExecuteAndValidatePeekTest(String query, String objectName, String objectType, String schemaName) in /Users/aasimkhan/src/sqltoolsservice/test/Microsoft.SqlTools.ServiceLayer.IntegrationTests/LanguageServer/PeekDefinitionTests.cs:line 386
   at System.Runtime.CompilerServices.AsyncMethodBuilderCore.Start[TStateMachine](TStateMachine&amp; stateMachine)
   at Microsoft.SqlTools.ServiceLayer.IntegrationTests.LanguageServices.PeekDefinitionTests.ExecuteAndValidatePeekTest(String query, String objectName, String objectType, String schemaName)
   at Microsoft.SqlTools.ServiceLayer.IntegrationTests.LanguageServices.PeekDefinitionTests.GetUserDefinedTableTypeDefinitionWithoutSchemaNameSuccessTest() in /Users/aasimkhan/src/sqltoolsservice/test/Microsoft.SqlTools.ServiceLayer.IntegrationTests/LanguageServer/PeekDefinitionTests.cs:line 520
   at System.Runtime.CompilerServices.AsyncMethodBuilderCore.Start[TStateMachine](TStateMachine&amp; stateMachine)
   at Microsoft.SqlTools.ServiceLayer.IntegrationTests.LanguageServices.PeekDefinitionTests.GetUserDefinedTableTypeDefinitionWithoutSchemaNameSuccessTest()</failure>
    </testcase>
    <testcase classname="Microsoft.SqlTools.ServiceLayer.IntegrationTests.LanguageServices.PeekDefinitionTests" name="GetUserDefinedTableTypeDefinitionWithSchemaNameSuccessTest" time="0.0009880">
      <failure type="failure" message="  Cannot find any instance for version key: sqlOnPrem&#xA;  Expected: True&#xA;  But was:  False&#xA;">at Microsoft.SqlTools.ServiceLayer.Test.Common.TestConnectionProfileService.GetInstance(String key) in /Users/aasimkhan/src/sqltoolsservice/test/Microsoft.SqlTools.ServiceLayer.Test.Common/TestConnectionProfileService.cs:line 59
   at Microsoft.SqlTools.ServiceLayer.Test.Common.TestConnectionProfileService.GetConnectionParameters(String key, String databaseName) in /Users/aasimkhan/src/sqltoolsservice/test/Microsoft.SqlTools.ServiceLayer.Test.Common/TestConnectionProfileService.cs:line 65
   at Microsoft.SqlTools.ServiceLayer.Test.Common.TestConnectionProfileService.GetConnectionParameters(TestServerType serverType, String databaseName) in /Users/aasimkhan/src/sqltoolsservice/test/Microsoft.SqlTools.ServiceLayer.Test.Common/TestConnectionProfileService.cs:line 75
   at Microsoft.SqlTools.ServiceLayer.Test.Common.TestServiceProvider.InitLiveConnectionInfo(TestServerType serverType, String databaseName, String scriptFilePath) in /Users/aasimkhan/src/sqltoolsservice/test/Microsoft.SqlTools.ServiceLayer.Test.Common/TestServiceProvider.cs:line 142
   at Microsoft.SqlTools.ServiceLayer.Test.Common.TestServiceProvider.RunQueryAsync(TestServerType serverType, String databaseName, String queryText, Boolean throwOnError) in /Users/aasimkhan/src/sqltoolsservice/test/Microsoft.SqlTools.ServiceLayer.Test.Common/TestServiceProvider.cs:line 110
   at Microsoft.SqlTools.ServiceLayer.Test.Common.SqlTestDb.CreateNewAsync(TestServerType serverType, Boolean doNotCleanupDb, String databaseName, String query, String dbNamePrefix) in /Users/aasimkhan/src/sqltoolsservice/test/Microsoft.SqlTools.ServiceLayer.Test.Common/SqlTestDb.cs:line 101
   at Microsoft.SqlTools.ServiceLayer.IntegrationTests.LanguageServices.PeekDefinitionTests.ExecuteAndValidatePeekTest(String query, String objectName, String objectType, String schemaName) in /Users/aasimkhan/src/sqltoolsservice/test/Microsoft.SqlTools.ServiceLayer.IntegrationTests/LanguageServer/PeekDefinitionTests.cs:line 386
   at Microsoft.SqlTools.ServiceLayer.IntegrationTests.LanguageServices.PeekDefinitionTests.GetUserDefinedTableTypeDefinitionWithSchemaNameSuccessTest() in /Users/aasimkhan/src/sqltoolsservice/test/Microsoft.SqlTools.ServiceLayer.IntegrationTests/LanguageServer/PeekDefinitionTests.cs:line 511
   at NUnit.Framework.Internal.TaskAwaitAdapter.GenericAdapter`1.GetResult()
   at NUnit.Framework.Internal.AsyncToSyncAdapter.Await(Func`1 invoke)
   at NUnit.Framework.Internal.Commands.TestMethodCommand.RunTestMethod(TestExecutionContext context)
   at NUnit.Framework.Internal.Commands.TestMethodCommand.Execute(TestExecutionContext context)
   at NUnit.Framework.Internal.Execution.SimpleWorkItem.&lt;&gt;c__DisplayClass4_0.&lt;PerformWork&gt;b__0()
   at NUnit.Framework.Internal.ContextUtils.&lt;&gt;c__DisplayClass1_0`1.&lt;DoIsolated&gt;b__0(Object _)

1)    at Microsoft.SqlTools.ServiceLayer.Test.Common.TestConnectionProfileService.GetInstance(String key) in /Users/aasimkhan/src/sqltoolsservice/test/Microsoft.SqlTools.ServiceLayer.Test.Common/TestConnectionProfileService.cs:line 59
   at Microsoft.SqlTools.ServiceLayer.Test.Common.TestConnectionProfileService.GetConnectionParameters(String key, String databaseName) in /Users/aasimkhan/src/sqltoolsservice/test/Microsoft.SqlTools.ServiceLayer.Test.Common/TestConnectionProfileService.cs:line 65
   at Microsoft.SqlTools.ServiceLayer.Test.Common.TestConnectionProfileService.GetConnectionParameters(TestServerType serverType, String databaseName) in /Users/aasimkhan/src/sqltoolsservice/test/Microsoft.SqlTools.ServiceLayer.Test.Common/TestConnectionProfileService.cs:line 75
   at Microsoft.SqlTools.ServiceLayer.Test.Common.TestServiceProvider.InitLiveConnectionInfo(TestServerType serverType, String databaseName, String scriptFilePath) in /Users/aasimkhan/src/sqltoolsservice/test/Microsoft.SqlTools.ServiceLayer.Test.Common/TestServiceProvider.cs:line 142
   at System.Runtime.CompilerServices.AsyncMethodBuilderCore.Start[TStateMachine](TStateMachine&amp; stateMachine)
   at Microsoft.SqlTools.ServiceLayer.Test.Common.TestServiceProvider.InitLiveConnectionInfo(TestServerType serverType, String databaseName, String scriptFilePath)
   at Microsoft.SqlTools.ServiceLayer.Test.Common.TestServiceProvider.RunQueryAsync(TestServerType serverType, String databaseName, String queryText, Boolean throwOnError) in /Users/aasimkhan/src/sqltoolsservice/test/Microsoft.SqlTools.ServiceLayer.Test.Common/TestServiceProvider.cs:line 110
   at System.Runtime.CompilerServices.AsyncMethodBuilderCore.Start[TStateMachine](TStateMachine&amp; stateMachine)
   at Microsoft.SqlTools.ServiceLayer.Test.Common.TestServiceProvider.RunQueryAsync(TestServerType serverType, String databaseName, String queryText, Boolean throwOnError)
   at Microsoft.SqlTools.ServiceLayer.Test.Common.SqlTestDb.CreateNewAsync(TestServerType serverType, Boolean doNotCleanupDb, String databaseName, String query, String dbNamePrefix) in /Users/aasimkhan/src/sqltoolsservice/test/Microsoft.SqlTools.ServiceLayer.Test.Common/SqlTestDb.cs:line 101
   at System.Runtime.CompilerServices.AsyncMethodBuilderCore.Start[TStateMachine](TStateMachine&amp; stateMachine)
   at Microsoft.SqlTools.ServiceLayer.Test.Common.SqlTestDb.CreateNewAsync(TestServerType serverType, Boolean doNotCleanupDb, String databaseName, String query, String dbNamePrefix)
   at Microsoft.SqlTools.ServiceLayer.IntegrationTests.LanguageServices.PeekDefinitionTests.ExecuteAndValidatePeekTest(String query, String objectName, String objectType, String schemaName) in /Users/aasimkhan/src/sqltoolsservice/test/Microsoft.SqlTools.ServiceLayer.IntegrationTests/LanguageServer/PeekDefinitionTests.cs:line 386
   at System.Runtime.CompilerServices.AsyncMethodBuilderCore.Start[TStateMachine](TStateMachine&amp; stateMachine)
   at Microsoft.SqlTools.ServiceLayer.IntegrationTests.LanguageServices.PeekDefinitionTests.ExecuteAndValidatePeekTest(String query, String objectName, String objectType, String schemaName)
   at Microsoft.SqlTools.ServiceLayer.IntegrationTests.LanguageServices.PeekDefinitionTests.GetUserDefinedTableTypeDefinitionWithSchemaNameSuccessTest() in /Users/aasimkhan/src/sqltoolsservice/test/Microsoft.SqlTools.ServiceLayer.IntegrationTests/LanguageServer/PeekDefinitionTests.cs:line 511
   at System.Runtime.CompilerServices.AsyncMethodBuilderCore.Start[TStateMachine](TStateMachine&amp; stateMachine)
   at Microsoft.SqlTools.ServiceLayer.IntegrationTests.LanguageServices.PeekDefinitionTests.GetUserDefinedTableTypeDefinitionWithSchemaNameSuccessTest()</failure>
    </testcase>
    <testcase classname="Microsoft.SqlTools.ServiceLayer.IntegrationTests.LanguageServices.PeekDefinitionTests" name="GetValidTableDefinitionTest" time="0.0005910">
      <failure type="failure" message="  Cannot find any instance for version key: sqlOnPrem&#xA;  Expected: True&#xA;  But was:  False&#xA;">at Microsoft.SqlTools.ServiceLayer.Test.Common.TestConnectionProfileService.GetInstance(String key) in /Users/aasimkhan/src/sqltoolsservice/test/Microsoft.SqlTools.ServiceLayer.Test.Common/TestConnectionProfileService.cs:line 59
   at Microsoft.SqlTools.ServiceLayer.Test.Common.TestConnectionProfileService.GetConnectionParameters(String key, String databaseName) in /Users/aasimkhan/src/sqltoolsservice/test/Microsoft.SqlTools.ServiceLayer.Test.Common/TestConnectionProfileService.cs:line 65
   at Microsoft.SqlTools.ServiceLayer.Test.Common.TestConnectionProfileService.GetConnectionParameters(TestServerType serverType, String databaseName) in /Users/aasimkhan/src/sqltoolsservice/test/Microsoft.SqlTools.ServiceLayer.Test.Common/TestConnectionProfileService.cs:line 75
   at Microsoft.SqlTools.ServiceLayer.IntegrationTests.Utility.LiveConnectionHelper.InitLiveConnectionInfoForDefinition(String databaseName) in /Users/aasimkhan/src/sqltoolsservice/test/Microsoft.SqlTools.ServiceLayer.IntegrationTests/Utility/LiveConnectionHelper.cs:line 118
   at Microsoft.SqlTools.ServiceLayer.IntegrationTests.LanguageServices.PeekDefinitionTests.GetValidTableDefinitionTest() in /Users/aasimkhan/src/sqltoolsservice/test/Microsoft.SqlTools.ServiceLayer.IntegrationTests/LanguageServer/PeekDefinitionTests.cs:line 95

1)    at Microsoft.SqlTools.ServiceLayer.Test.Common.TestConnectionProfileService.GetInstance(String key) in /Users/aasimkhan/src/sqltoolsservice/test/Microsoft.SqlTools.ServiceLayer.Test.Common/TestConnectionProfileService.cs:line 59
   at Microsoft.SqlTools.ServiceLayer.Test.Common.TestConnectionProfileService.GetConnectionParameters(String key, String databaseName) in /Users/aasimkhan/src/sqltoolsservice/test/Microsoft.SqlTools.ServiceLayer.Test.Common/TestConnectionProfileService.cs:line 65
   at Microsoft.SqlTools.ServiceLayer.Test.Common.TestConnectionProfileService.GetConnectionParameters(TestServerType serverType, String databaseName) in /Users/aasimkhan/src/sqltoolsservice/test/Microsoft.SqlTools.ServiceLayer.Test.Common/TestConnectionProfileService.cs:line 75
   at Microsoft.SqlTools.ServiceLayer.IntegrationTests.Utility.LiveConnectionHelper.InitLiveConnectionInfoForDefinition(String databaseName) in /Users/aasimkhan/src/sqltoolsservice/test/Microsoft.SqlTools.ServiceLayer.IntegrationTests/Utility/LiveConnectionHelper.cs:line 118
   at Microsoft.SqlTools.ServiceLayer.IntegrationTests.LanguageServices.PeekDefinitionTests.GetValidTableDefinitionTest() in /Users/aasimkhan/src/sqltoolsservice/test/Microsoft.SqlTools.ServiceLayer.IntegrationTests/LanguageServer/PeekDefinitionTests.cs:line 95</failure>
    </testcase>
    <testcase classname="Microsoft.SqlTools.ServiceLayer.IntegrationTests.LanguageServices.PeekDefinitionTests" name="GetValidViewDefinitionTest" time="0.0005210">
      <failure type="failure" message="  Cannot find any instance for version key: sqlOnPrem&#xA;  Expected: True&#xA;  But was:  False&#xA;">at Microsoft.SqlTools.ServiceLayer.Test.Common.TestConnectionProfileService.GetInstance(String key) in /Users/aasimkhan/src/sqltoolsservice/test/Microsoft.SqlTools.ServiceLayer.Test.Common/TestConnectionProfileService.cs:line 59
   at Microsoft.SqlTools.ServiceLayer.Test.Common.TestConnectionProfileService.GetConnectionParameters(String key, String databaseName) in /Users/aasimkhan/src/sqltoolsservice/test/Microsoft.SqlTools.ServiceLayer.Test.Common/TestConnectionProfileService.cs:line 65
   at Microsoft.SqlTools.ServiceLayer.Test.Common.TestConnectionProfileService.GetConnectionParameters(TestServerType serverType, String databaseName) in /Users/aasimkhan/src/sqltoolsservice/test/Microsoft.SqlTools.ServiceLayer.Test.Common/TestConnectionProfileService.cs:line 75
   at Microsoft.SqlTools.ServiceLayer.IntegrationTests.Utility.LiveConnectionHelper.InitLiveConnectionInfoForDefinition(String databaseName) in /Users/aasimkhan/src/sqltoolsservice/test/Microsoft.SqlTools.ServiceLayer.IntegrationTests/Utility/LiveConnectionHelper.cs:line 118
   at Microsoft.SqlTools.ServiceLayer.IntegrationTests.LanguageServices.PeekDefinitionTests.GetValidViewDefinitionTest() in /Users/aasimkhan/src/sqltoolsservice/test/Microsoft.SqlTools.ServiceLayer.IntegrationTests/LanguageServer/PeekDefinitionTests.cs:line 281

1)    at Microsoft.SqlTools.ServiceLayer.Test.Common.TestConnectionProfileService.GetInstance(String key) in /Users/aasimkhan/src/sqltoolsservice/test/Microsoft.SqlTools.ServiceLayer.Test.Common/TestConnectionProfileService.cs:line 59
   at Microsoft.SqlTools.ServiceLayer.Test.Common.TestConnectionProfileService.GetConnectionParameters(String key, String databaseName) in /Users/aasimkhan/src/sqltoolsservice/test/Microsoft.SqlTools.ServiceLayer.Test.Common/TestConnectionProfileService.cs:line 65
   at Microsoft.SqlTools.ServiceLayer.Test.Common.TestConnectionProfileService.GetConnectionParameters(TestServerType serverType, String databaseName) in /Users/aasimkhan/src/sqltoolsservice/test/Microsoft.SqlTools.ServiceLayer.Test.Common/TestConnectionProfileService.cs:line 75
   at Microsoft.SqlTools.ServiceLayer.IntegrationTests.Utility.LiveConnectionHelper.InitLiveConnectionInfoForDefinition(String databaseName) in /Users/aasimkhan/src/sqltoolsservice/test/Microsoft.SqlTools.ServiceLayer.IntegrationTests/Utility/LiveConnectionHelper.cs:line 118
   at Microsoft.SqlTools.ServiceLayer.IntegrationTests.LanguageServices.PeekDefinitionTests.GetValidViewDefinitionTest() in /Users/aasimkhan/src/sqltoolsservice/test/Microsoft.SqlTools.ServiceLayer.IntegrationTests/LanguageServer/PeekDefinitionTests.cs:line 281</failure>
    </testcase>
    <testcase classname="Microsoft.SqlTools.ServiceLayer.IntegrationTests.LanguageServices.PeekDefinitionTests" name="GetViewDefinitionInvalidObjectTest" time="0.0005430">
      <failure type="failure" message="  Cannot find any instance for version key: sqlOnPrem&#xA;  Expected: True&#xA;  But was:  False&#xA;">at Microsoft.SqlTools.ServiceLayer.Test.Common.TestConnectionProfileService.GetInstance(String key) in /Users/aasimkhan/src/sqltoolsservice/test/Microsoft.SqlTools.ServiceLayer.Test.Common/TestConnectionProfileService.cs:line 59
   at Microsoft.SqlTools.ServiceLayer.Test.Common.TestConnectionProfileService.GetConnectionParameters(String key, String databaseName) in /Users/aasimkhan/src/sqltoolsservice/test/Microsoft.SqlTools.ServiceLayer.Test.Common/TestConnectionProfileService.cs:line 65
   at Microsoft.SqlTools.ServiceLayer.Test.Common.TestConnectionProfileService.GetConnectionParameters(TestServerType serverType, String databaseName) in /Users/aasimkhan/src/sqltoolsservice/test/Microsoft.SqlTools.ServiceLayer.Test.Common/TestConnectionProfileService.cs:line 75
   at Microsoft.SqlTools.ServiceLayer.IntegrationTests.Utility.LiveConnectionHelper.InitLiveConnectionInfoForDefinition(String databaseName) in /Users/aasimkhan/src/sqltoolsservice/test/Microsoft.SqlTools.ServiceLayer.IntegrationTests/Utility/LiveConnectionHelper.cs:line 118
   at Microsoft.SqlTools.ServiceLayer.IntegrationTests.LanguageServices.PeekDefinitionTests.GetViewDefinitionInvalidObjectTest() in /Users/aasimkhan/src/sqltoolsservice/test/Microsoft.SqlTools.ServiceLayer.IntegrationTests/LanguageServer/PeekDefinitionTests.cs:line 301

1)    at Microsoft.SqlTools.ServiceLayer.Test.Common.TestConnectionProfileService.GetInstance(String key) in /Users/aasimkhan/src/sqltoolsservice/test/Microsoft.SqlTools.ServiceLayer.Test.Common/TestConnectionProfileService.cs:line 59
   at Microsoft.SqlTools.ServiceLayer.Test.Common.TestConnectionProfileService.GetConnectionParameters(String key, String databaseName) in /Users/aasimkhan/src/sqltoolsservice/test/Microsoft.SqlTools.ServiceLayer.Test.Common/TestConnectionProfileService.cs:line 65
   at Microsoft.SqlTools.ServiceLayer.Test.Common.TestConnectionProfileService.GetConnectionParameters(TestServerType serverType, String databaseName) in /Users/aasimkhan/src/sqltoolsservice/test/Microsoft.SqlTools.ServiceLayer.Test.Common/TestConnectionProfileService.cs:line 75
   at Microsoft.SqlTools.ServiceLayer.IntegrationTests.Utility.LiveConnectionHelper.InitLiveConnectionInfoForDefinition(String databaseName) in /Users/aasimkhan/src/sqltoolsservice/test/Microsoft.SqlTools.ServiceLayer.IntegrationTests/Utility/LiveConnectionHelper.cs:line 118
   at Microsoft.SqlTools.ServiceLayer.IntegrationTests.LanguageServices.PeekDefinitionTests.GetViewDefinitionInvalidObjectTest() in /Users/aasimkhan/src/sqltoolsservice/test/Microsoft.SqlTools.ServiceLayer.IntegrationTests/LanguageServer/PeekDefinitionTests.cs:line 301</failure>
    </testcase>
    <testcase classname="Microsoft.SqlTools.ServiceLayer.IntegrationTests.LanguageServices.PeekDefinitionTests" name="LoggerGetValidTableDefinitionTest" time="0.0010770">
      <failure type="failure" message="  Cannot find any instance for version key: sqlOnPrem&#xA;  Expected: True&#xA;  But was:  False&#xA;">at Microsoft.SqlTools.ServiceLayer.Test.Common.TestConnectionProfileService.GetInstance(String key) in /Users/aasimkhan/src/sqltoolsservice/test/Microsoft.SqlTools.ServiceLayer.Test.Common/TestConnectionProfileService.cs:line 59
   at Microsoft.SqlTools.ServiceLayer.Test.Common.TestConnectionProfileService.GetConnectionParameters(String key, String databaseName) in /Users/aasimkhan/src/sqltoolsservice/test/Microsoft.SqlTools.ServiceLayer.Test.Common/TestConnectionProfileService.cs:line 65
   at Microsoft.SqlTools.ServiceLayer.Test.Common.TestConnectionProfileService.GetConnectionParameters(TestServerType serverType, String databaseName) in /Users/aasimkhan/src/sqltoolsservice/test/Microsoft.SqlTools.ServiceLayer.Test.Common/TestConnectionProfileService.cs:line 75
   at Microsoft.SqlTools.ServiceLayer.IntegrationTests.Utility.LiveConnectionHelper.InitLiveConnectionInfoForDefinition(String databaseName) in /Users/aasimkhan/src/sqltoolsservice/test/Microsoft.SqlTools.ServiceLayer.IntegrationTests/Utility/LiveConnectionHelper.cs:line 118
   at Microsoft.SqlTools.ServiceLayer.IntegrationTests.LanguageServices.PeekDefinitionTests.GetValidTableDefinitionTest() in /Users/aasimkhan/src/sqltoolsservice/test/Microsoft.SqlTools.ServiceLayer.IntegrationTests/LanguageServer/PeekDefinitionTests.cs:line 95
   at Microsoft.SqlTools.ServiceLayer.IntegrationTests.LanguageServices.PeekDefinitionTests.LoggerGetValidTableDefinitionTest() in /Users/aasimkhan/src/sqltoolsservice/test/Microsoft.SqlTools.ServiceLayer.IntegrationTests/LanguageServer/PeekDefinitionTests.cs:line 120

1)    at Microsoft.SqlTools.ServiceLayer.Test.Common.TestConnectionProfileService.GetInstance(String key) in /Users/aasimkhan/src/sqltoolsservice/test/Microsoft.SqlTools.ServiceLayer.Test.Common/TestConnectionProfileService.cs:line 59
   at Microsoft.SqlTools.ServiceLayer.Test.Common.TestConnectionProfileService.GetConnectionParameters(String key, String databaseName) in /Users/aasimkhan/src/sqltoolsservice/test/Microsoft.SqlTools.ServiceLayer.Test.Common/TestConnectionProfileService.cs:line 65
   at Microsoft.SqlTools.ServiceLayer.Test.Common.TestConnectionProfileService.GetConnectionParameters(TestServerType serverType, String databaseName) in /Users/aasimkhan/src/sqltoolsservice/test/Microsoft.SqlTools.ServiceLayer.Test.Common/TestConnectionProfileService.cs:line 75
   at Microsoft.SqlTools.ServiceLayer.IntegrationTests.Utility.LiveConnectionHelper.InitLiveConnectionInfoForDefinition(String databaseName) in /Users/aasimkhan/src/sqltoolsservice/test/Microsoft.SqlTools.ServiceLayer.IntegrationTests/Utility/LiveConnectionHelper.cs:line 118
   at Microsoft.SqlTools.ServiceLayer.IntegrationTests.LanguageServices.PeekDefinitionTests.GetValidTableDefinitionTest() in /Users/aasimkhan/src/sqltoolsservice/test/Microsoft.SqlTools.ServiceLayer.IntegrationTests/LanguageServer/PeekDefinitionTests.cs:line 95
   at Microsoft.SqlTools.ServiceLayer.IntegrationTests.LanguageServices.PeekDefinitionTests.LoggerGetValidTableDefinitionTest() in /Users/aasimkhan/src/sqltoolsservice/test/Microsoft.SqlTools.ServiceLayer.IntegrationTests/LanguageServer/PeekDefinitionTests.cs:line 120</failure>
    </testcase>
    <testcase classname="Microsoft.SqlTools.ServiceLayer.IntegrationTests.MachineLearningServices.ServerConfigurationsServiceTests" name="VerifyConfigListRequestSendErrorGivenInvalidConnection" time="0.0060600" />
    <testcase classname="Microsoft.SqlTools.ServiceLayer.IntegrationTests.MachineLearningServices.ServerConfigurationsServiceTests" name="VerifyConfigUpdateRequestSendErrorGivenInvalidConnection" time="0.0028149" />
    <testcase classname="Microsoft.SqlTools.ServiceLayer.IntegrationTests.MachineLearningServices.ServerConfigurationsServiceTests" name="VerifyConfigViewRequestSendErrorGivenInvalidConnection" time="0.0025720" />
    <testcase classname="Microsoft.SqlTools.ServiceLayer.IntegrationTests.MachineLearningServices.ServerConfigurationsServiceTests" name="VerifyListingConfigs" time="0.0014760">
      <failure type="failure" message="  Cannot find any instance for version key: sqlOnPrem&#xA;  Expected: True&#xA;  But was:  False&#xA;">at Microsoft.SqlTools.ServiceLayer.Test.Common.TestConnectionProfileService.GetInstance(String key) in /Users/aasimkhan/src/sqltoolsservice/test/Microsoft.SqlTools.ServiceLayer.Test.Common/TestConnectionProfileService.cs:line 59
   at Microsoft.SqlTools.ServiceLayer.Test.Common.TestConnectionProfileService.GetConnectionParameters(String key, String databaseName) in /Users/aasimkhan/src/sqltoolsservice/test/Microsoft.SqlTools.ServiceLayer.Test.Common/TestConnectionProfileService.cs:line 65
   at Microsoft.SqlTools.ServiceLayer.Test.Common.TestConnectionProfileService.GetConnectionParameters(TestServerType serverType, String databaseName) in /Users/aasimkhan/src/sqltoolsservice/test/Microsoft.SqlTools.ServiceLayer.Test.Common/TestConnectionProfileService.cs:line 75
   at Microsoft.SqlTools.ServiceLayer.IntegrationTests.Utility.LiveConnectionHelper.InitLiveConnectionInfoAsync(String databaseName, String ownerUri, String connectionType, TestServerType serverType) in /Users/aasimkhan/src/sqltoolsservice/test/Microsoft.SqlTools.ServiceLayer.IntegrationTests/Utility/LiveConnectionHelper.cs:line 68
   at Microsoft.SqlTools.ServiceLayer.IntegrationTests.MachineLearningServices.ServerConfigurationsServiceTests.GetAllConfigs() in /Users/aasimkhan/src/sqltoolsservice/test/Microsoft.SqlTools.ServiceLayer.IntegrationTests/ServerConfigurations/ServerConfigurationsServiceTests.cs:line 84
   at Microsoft.SqlTools.ServiceLayer.IntegrationTests.MachineLearningServices.ServerConfigurationsServiceTests.VerifyListingConfigs() in /Users/aasimkhan/src/sqltoolsservice/test/Microsoft.SqlTools.ServiceLayer.IntegrationTests/ServerConfigurations/ServerConfigurationsServiceTests.cs:line 27
   at NUnit.Framework.Internal.TaskAwaitAdapter.GenericAdapter`1.GetResult()
   at NUnit.Framework.Internal.AsyncToSyncAdapter.Await(Func`1 invoke)
   at NUnit.Framework.Internal.Commands.TestMethodCommand.RunTestMethod(TestExecutionContext context)
   at NUnit.Framework.Internal.Commands.TestMethodCommand.Execute(TestExecutionContext context)
   at NUnit.Framework.Internal.Execution.SimpleWorkItem.&lt;&gt;c__DisplayClass4_0.&lt;PerformWork&gt;b__0()
   at NUnit.Framework.Internal.ContextUtils.&lt;&gt;c__DisplayClass1_0`1.&lt;DoIsolated&gt;b__0(Object _)

1)    at Microsoft.SqlTools.ServiceLayer.Test.Common.TestConnectionProfileService.GetInstance(String key) in /Users/aasimkhan/src/sqltoolsservice/test/Microsoft.SqlTools.ServiceLayer.Test.Common/TestConnectionProfileService.cs:line 59
   at Microsoft.SqlTools.ServiceLayer.Test.Common.TestConnectionProfileService.GetConnectionParameters(String key, String databaseName) in /Users/aasimkhan/src/sqltoolsservice/test/Microsoft.SqlTools.ServiceLayer.Test.Common/TestConnectionProfileService.cs:line 65
   at Microsoft.SqlTools.ServiceLayer.Test.Common.TestConnectionProfileService.GetConnectionParameters(TestServerType serverType, String databaseName) in /Users/aasimkhan/src/sqltoolsservice/test/Microsoft.SqlTools.ServiceLayer.Test.Common/TestConnectionProfileService.cs:line 75
   at Microsoft.SqlTools.ServiceLayer.IntegrationTests.Utility.LiveConnectionHelper.InitLiveConnectionInfoAsync(String databaseName, String ownerUri, String connectionType, TestServerType serverType) in /Users/aasimkhan/src/sqltoolsservice/test/Microsoft.SqlTools.ServiceLayer.IntegrationTests/Utility/LiveConnectionHelper.cs:line 68
   at System.Runtime.CompilerServices.AsyncMethodBuilderCore.Start[TStateMachine](TStateMachine&amp; stateMachine)
   at Microsoft.SqlTools.ServiceLayer.IntegrationTests.Utility.LiveConnectionHelper.InitLiveConnectionInfoAsync(String databaseName, String ownerUri, String connectionType, TestServerType serverType)
   at Microsoft.SqlTools.ServiceLayer.IntegrationTests.MachineLearningServices.ServerConfigurationsServiceTests.GetAllConfigs() in /Users/aasimkhan/src/sqltoolsservice/test/Microsoft.SqlTools.ServiceLayer.IntegrationTests/ServerConfigurations/ServerConfigurationsServiceTests.cs:line 84
   at System.Runtime.CompilerServices.AsyncMethodBuilderCore.Start[TStateMachine](TStateMachine&amp; stateMachine)
   at Microsoft.SqlTools.ServiceLayer.IntegrationTests.MachineLearningServices.ServerConfigurationsServiceTests.GetAllConfigs()
   at Microsoft.SqlTools.ServiceLayer.IntegrationTests.MachineLearningServices.ServerConfigurationsServiceTests.VerifyListingConfigs() in /Users/aasimkhan/src/sqltoolsservice/test/Microsoft.SqlTools.ServiceLayer.IntegrationTests/ServerConfigurations/ServerConfigurationsServiceTests.cs:line 27
   at System.Runtime.CompilerServices.AsyncMethodBuilderCore.Start[TStateMachine](TStateMachine&amp; stateMachine)
   at Microsoft.SqlTools.ServiceLayer.IntegrationTests.MachineLearningServices.ServerConfigurationsServiceTests.VerifyListingConfigs()</failure>
    </testcase>
    <testcase classname="Microsoft.SqlTools.ServiceLayer.IntegrationTests.MachineLearningServices.ServerConfigurationsServiceTests" name="VerifyUpdatingConfigs" time="0.0012940">
      <failure type="failure" message="  Cannot find any instance for version key: sqlOnPrem&#xA;  Expected: True&#xA;  But was:  False&#xA;">at Microsoft.SqlTools.ServiceLayer.Test.Common.TestConnectionProfileService.GetInstance(String key) in /Users/aasimkhan/src/sqltoolsservice/test/Microsoft.SqlTools.ServiceLayer.Test.Common/TestConnectionProfileService.cs:line 59
   at Microsoft.SqlTools.ServiceLayer.Test.Common.TestConnectionProfileService.GetConnectionParameters(String key, String databaseName) in /Users/aasimkhan/src/sqltoolsservice/test/Microsoft.SqlTools.ServiceLayer.Test.Common/TestConnectionProfileService.cs:line 65
   at Microsoft.SqlTools.ServiceLayer.Test.Common.TestConnectionProfileService.GetConnectionParameters(TestServerType serverType, String databaseName) in /Users/aasimkhan/src/sqltoolsservice/test/Microsoft.SqlTools.ServiceLayer.Test.Common/TestConnectionProfileService.cs:line 75
   at Microsoft.SqlTools.ServiceLayer.IntegrationTests.Utility.LiveConnectionHelper.InitLiveConnectionInfoAsync(String databaseName, String ownerUri, String connectionType, TestServerType serverType) in /Users/aasimkhan/src/sqltoolsservice/test/Microsoft.SqlTools.ServiceLayer.IntegrationTests/Utility/LiveConnectionHelper.cs:line 68
   at Microsoft.SqlTools.ServiceLayer.IntegrationTests.MachineLearningServices.ServerConfigurationsServiceTests.VerifyUpdatingConfigs() in /Users/aasimkhan/src/sqltoolsservice/test/Microsoft.SqlTools.ServiceLayer.IntegrationTests/ServerConfigurations/ServerConfigurationsServiceTests.cs:line 37
   at NUnit.Framework.Internal.TaskAwaitAdapter.GenericAdapter`1.GetResult()
   at NUnit.Framework.Internal.AsyncToSyncAdapter.Await(Func`1 invoke)
   at NUnit.Framework.Internal.Commands.TestMethodCommand.RunTestMethod(TestExecutionContext context)
   at NUnit.Framework.Internal.Commands.TestMethodCommand.Execute(TestExecutionContext context)
   at NUnit.Framework.Internal.Execution.SimpleWorkItem.&lt;&gt;c__DisplayClass4_0.&lt;PerformWork&gt;b__0()
   at NUnit.Framework.Internal.ContextUtils.&lt;&gt;c__DisplayClass1_0`1.&lt;DoIsolated&gt;b__0(Object _)

1)    at Microsoft.SqlTools.ServiceLayer.Test.Common.TestConnectionProfileService.GetInstance(String key) in /Users/aasimkhan/src/sqltoolsservice/test/Microsoft.SqlTools.ServiceLayer.Test.Common/TestConnectionProfileService.cs:line 59
   at Microsoft.SqlTools.ServiceLayer.Test.Common.TestConnectionProfileService.GetConnectionParameters(String key, String databaseName) in /Users/aasimkhan/src/sqltoolsservice/test/Microsoft.SqlTools.ServiceLayer.Test.Common/TestConnectionProfileService.cs:line 65
   at Microsoft.SqlTools.ServiceLayer.Test.Common.TestConnectionProfileService.GetConnectionParameters(TestServerType serverType, String databaseName) in /Users/aasimkhan/src/sqltoolsservice/test/Microsoft.SqlTools.ServiceLayer.Test.Common/TestConnectionProfileService.cs:line 75
   at Microsoft.SqlTools.ServiceLayer.IntegrationTests.Utility.LiveConnectionHelper.InitLiveConnectionInfoAsync(String databaseName, String ownerUri, String connectionType, TestServerType serverType) in /Users/aasimkhan/src/sqltoolsservice/test/Microsoft.SqlTools.ServiceLayer.IntegrationTests/Utility/LiveConnectionHelper.cs:line 68
   at System.Runtime.CompilerServices.AsyncMethodBuilderCore.Start[TStateMachine](TStateMachine&amp; stateMachine)
   at Microsoft.SqlTools.ServiceLayer.IntegrationTests.Utility.LiveConnectionHelper.InitLiveConnectionInfoAsync(String databaseName, String ownerUri, String connectionType, TestServerType serverType)
   at Microsoft.SqlTools.ServiceLayer.IntegrationTests.MachineLearningServices.ServerConfigurationsServiceTests.VerifyUpdatingConfigs() in /Users/aasimkhan/src/sqltoolsservice/test/Microsoft.SqlTools.ServiceLayer.IntegrationTests/ServerConfigurations/ServerConfigurationsServiceTests.cs:line 37
   at System.Runtime.CompilerServices.AsyncMethodBuilderCore.Start[TStateMachine](TStateMachine&amp; stateMachine)
   at Microsoft.SqlTools.ServiceLayer.IntegrationTests.MachineLearningServices.ServerConfigurationsServiceTests.VerifyUpdatingConfigs()</failure>
    </testcase>
    <testcase classname="Microsoft.SqlTools.ServiceLayer.IntegrationTests.Metadata.MetadataServiceTests" name="GetTableInfoReturnsValidResults" time="0.0011360">
      <failure type="failure" message="  Cannot find any instance for version key: sqlOnPrem&#xA;  Expected: True&#xA;  But was:  False&#xA;">at Microsoft.SqlTools.ServiceLayer.Test.Common.TestConnectionProfileService.GetInstance(String key) in /Users/aasimkhan/src/sqltoolsservice/test/Microsoft.SqlTools.ServiceLayer.Test.Common/TestConnectionProfileService.cs:line 59
   at Microsoft.SqlTools.ServiceLayer.Test.Common.TestConnectionProfileService.GetConnectionParameters(String key, String databaseName) in /Users/aasimkhan/src/sqltoolsservice/test/Microsoft.SqlTools.ServiceLayer.Test.Common/TestConnectionProfileService.cs:line 65
   at Microsoft.SqlTools.ServiceLayer.Test.Common.TestConnectionProfileService.GetConnectionParameters(TestServerType serverType, String databaseName) in /Users/aasimkhan/src/sqltoolsservice/test/Microsoft.SqlTools.ServiceLayer.Test.Common/TestConnectionProfileService.cs:line 75
   at Microsoft.SqlTools.ServiceLayer.IntegrationTests.Utility.LiveConnectionHelper.InitLiveConnectionInfoAsync(String databaseName, String ownerUri, String connectionType, TestServerType serverType) in /Users/aasimkhan/src/sqltoolsservice/test/Microsoft.SqlTools.ServiceLayer.IntegrationTests/Utility/LiveConnectionHelper.cs:line 68
   at Microsoft.SqlTools.ServiceLayer.IntegrationTests.Utility.LiveConnectionHelper.InitLiveConnectionInfo(String databaseName, String ownerUri) in /Users/aasimkhan/src/sqltoolsservice/test/Microsoft.SqlTools.ServiceLayer.IntegrationTests/Utility/LiveConnectionHelper.cs:line 52
   at Microsoft.SqlTools.ServiceLayer.IntegrationTests.Metadata.MetadataServiceTests.GetLiveAutoCompleteTestObjects() in /Users/aasimkhan/src/sqltoolsservice/test/Microsoft.SqlTools.ServiceLayer.IntegrationTests/Metadata/MetadataServiceTests.cs:line 51
   at Microsoft.SqlTools.ServiceLayer.IntegrationTests.Metadata.MetadataServiceTests.GetTableInfoReturnsValidResults() in /Users/aasimkhan/src/sqltoolsservice/test/Microsoft.SqlTools.ServiceLayer.IntegrationTests/Metadata/MetadataServiceTests.cs:line 114
   at NUnit.Framework.Internal.TaskAwaitAdapter.GenericAdapter`1.GetResult()
   at NUnit.Framework.Internal.AsyncToSyncAdapter.Await(Func`1 invoke)
   at NUnit.Framework.Internal.Commands.TestMethodCommand.RunTestMethod(TestExecutionContext context)
   at NUnit.Framework.Internal.Commands.TestMethodCommand.Execute(TestExecutionContext context)
   at NUnit.Framework.Internal.Execution.SimpleWorkItem.&lt;&gt;c__DisplayClass4_0.&lt;PerformWork&gt;b__0()
   at NUnit.Framework.Internal.ContextUtils.&lt;&gt;c__DisplayClass1_0`1.&lt;DoIsolated&gt;b__0(Object _)

1)    at Microsoft.SqlTools.ServiceLayer.Test.Common.TestConnectionProfileService.GetInstance(String key) in /Users/aasimkhan/src/sqltoolsservice/test/Microsoft.SqlTools.ServiceLayer.Test.Common/TestConnectionProfileService.cs:line 59
   at Microsoft.SqlTools.ServiceLayer.Test.Common.TestConnectionProfileService.GetConnectionParameters(String key, String databaseName) in /Users/aasimkhan/src/sqltoolsservice/test/Microsoft.SqlTools.ServiceLayer.Test.Common/TestConnectionProfileService.cs:line 65
   at Microsoft.SqlTools.ServiceLayer.Test.Common.TestConnectionProfileService.GetConnectionParameters(TestServerType serverType, String databaseName) in /Users/aasimkhan/src/sqltoolsservice/test/Microsoft.SqlTools.ServiceLayer.Test.Common/TestConnectionProfileService.cs:line 75
   at Microsoft.SqlTools.ServiceLayer.IntegrationTests.Utility.LiveConnectionHelper.InitLiveConnectionInfoAsync(String databaseName, String ownerUri, String connectionType, TestServerType serverType) in /Users/aasimkhan/src/sqltoolsservice/test/Microsoft.SqlTools.ServiceLayer.IntegrationTests/Utility/LiveConnectionHelper.cs:line 68
   at System.Runtime.CompilerServices.AsyncMethodBuilderCore.Start[TStateMachine](TStateMachine&amp; stateMachine)
   at Microsoft.SqlTools.ServiceLayer.IntegrationTests.Utility.LiveConnectionHelper.InitLiveConnectionInfoAsync(String databaseName, String ownerUri, String connectionType, TestServerType serverType)
   at Microsoft.SqlTools.ServiceLayer.IntegrationTests.Utility.LiveConnectionHelper.InitLiveConnectionInfo(String databaseName, String ownerUri) in /Users/aasimkhan/src/sqltoolsservice/test/Microsoft.SqlTools.ServiceLayer.IntegrationTests/Utility/LiveConnectionHelper.cs:line 52
   at Microsoft.SqlTools.ServiceLayer.IntegrationTests.Metadata.MetadataServiceTests.GetLiveAutoCompleteTestObjects() in /Users/aasimkhan/src/sqltoolsservice/test/Microsoft.SqlTools.ServiceLayer.IntegrationTests/Metadata/MetadataServiceTests.cs:line 51
   at Microsoft.SqlTools.ServiceLayer.IntegrationTests.Metadata.MetadataServiceTests.GetTableInfoReturnsValidResults() in /Users/aasimkhan/src/sqltoolsservice/test/Microsoft.SqlTools.ServiceLayer.IntegrationTests/Metadata/MetadataServiceTests.cs:line 114
   at System.Runtime.CompilerServices.AsyncMethodBuilderCore.Start[TStateMachine](TStateMachine&amp; stateMachine)
   at Microsoft.SqlTools.ServiceLayer.IntegrationTests.Metadata.MetadataServiceTests.GetTableInfoReturnsValidResults()</failure>
    </testcase>
    <testcase classname="Microsoft.SqlTools.ServiceLayer.IntegrationTests.Metadata.MetadataServiceTests" name="GetViewInfoReturnsValidResults" time="0.0010030">
      <failure type="failure" message="  Cannot find any instance for version key: sqlOnPrem&#xA;  Expected: True&#xA;  But was:  False&#xA;">at Microsoft.SqlTools.ServiceLayer.Test.Common.TestConnectionProfileService.GetInstance(String key) in /Users/aasimkhan/src/sqltoolsservice/test/Microsoft.SqlTools.ServiceLayer.Test.Common/TestConnectionProfileService.cs:line 59
   at Microsoft.SqlTools.ServiceLayer.Test.Common.TestConnectionProfileService.GetConnectionParameters(String key, String databaseName) in /Users/aasimkhan/src/sqltoolsservice/test/Microsoft.SqlTools.ServiceLayer.Test.Common/TestConnectionProfileService.cs:line 65
   at Microsoft.SqlTools.ServiceLayer.Test.Common.TestConnectionProfileService.GetConnectionParameters(TestServerType serverType, String databaseName) in /Users/aasimkhan/src/sqltoolsservice/test/Microsoft.SqlTools.ServiceLayer.Test.Common/TestConnectionProfileService.cs:line 75
   at Microsoft.SqlTools.ServiceLayer.IntegrationTests.Utility.LiveConnectionHelper.InitLiveConnectionInfoAsync(String databaseName, String ownerUri, String connectionType, TestServerType serverType) in /Users/aasimkhan/src/sqltoolsservice/test/Microsoft.SqlTools.ServiceLayer.IntegrationTests/Utility/LiveConnectionHelper.cs:line 68
   at Microsoft.SqlTools.ServiceLayer.IntegrationTests.Utility.LiveConnectionHelper.InitLiveConnectionInfo(String databaseName, String ownerUri) in /Users/aasimkhan/src/sqltoolsservice/test/Microsoft.SqlTools.ServiceLayer.IntegrationTests/Utility/LiveConnectionHelper.cs:line 52
   at Microsoft.SqlTools.ServiceLayer.IntegrationTests.Metadata.MetadataServiceTests.GetLiveAutoCompleteTestObjects() in /Users/aasimkhan/src/sqltoolsservice/test/Microsoft.SqlTools.ServiceLayer.IntegrationTests/Metadata/MetadataServiceTests.cs:line 51
   at Microsoft.SqlTools.ServiceLayer.IntegrationTests.Metadata.MetadataServiceTests.GetViewInfoReturnsValidResults() in /Users/aasimkhan/src/sqltoolsservice/test/Microsoft.SqlTools.ServiceLayer.IntegrationTests/Metadata/MetadataServiceTests.cs:line 199
   at NUnit.Framework.Internal.TaskAwaitAdapter.GenericAdapter`1.GetResult()
   at NUnit.Framework.Internal.AsyncToSyncAdapter.Await(Func`1 invoke)
   at NUnit.Framework.Internal.Commands.TestMethodCommand.RunTestMethod(TestExecutionContext context)
   at NUnit.Framework.Internal.Commands.TestMethodCommand.Execute(TestExecutionContext context)
   at NUnit.Framework.Internal.Execution.SimpleWorkItem.&lt;&gt;c__DisplayClass4_0.&lt;PerformWork&gt;b__0()
   at NUnit.Framework.Internal.ContextUtils.&lt;&gt;c__DisplayClass1_0`1.&lt;DoIsolated&gt;b__0(Object _)

1)    at Microsoft.SqlTools.ServiceLayer.Test.Common.TestConnectionProfileService.GetInstance(String key) in /Users/aasimkhan/src/sqltoolsservice/test/Microsoft.SqlTools.ServiceLayer.Test.Common/TestConnectionProfileService.cs:line 59
   at Microsoft.SqlTools.ServiceLayer.Test.Common.TestConnectionProfileService.GetConnectionParameters(String key, String databaseName) in /Users/aasimkhan/src/sqltoolsservice/test/Microsoft.SqlTools.ServiceLayer.Test.Common/TestConnectionProfileService.cs:line 65
   at Microsoft.SqlTools.ServiceLayer.Test.Common.TestConnectionProfileService.GetConnectionParameters(TestServerType serverType, String databaseName) in /Users/aasimkhan/src/sqltoolsservice/test/Microsoft.SqlTools.ServiceLayer.Test.Common/TestConnectionProfileService.cs:line 75
   at Microsoft.SqlTools.ServiceLayer.IntegrationTests.Utility.LiveConnectionHelper.InitLiveConnectionInfoAsync(String databaseName, String ownerUri, String connectionType, TestServerType serverType) in /Users/aasimkhan/src/sqltoolsservice/test/Microsoft.SqlTools.ServiceLayer.IntegrationTests/Utility/LiveConnectionHelper.cs:line 68
   at System.Runtime.CompilerServices.AsyncMethodBuilderCore.Start[TStateMachine](TStateMachine&amp; stateMachine)
   at Microsoft.SqlTools.ServiceLayer.IntegrationTests.Utility.LiveConnectionHelper.InitLiveConnectionInfoAsync(String databaseName, String ownerUri, String connectionType, TestServerType serverType)
   at Microsoft.SqlTools.ServiceLayer.IntegrationTests.Utility.LiveConnectionHelper.InitLiveConnectionInfo(String databaseName, String ownerUri) in /Users/aasimkhan/src/sqltoolsservice/test/Microsoft.SqlTools.ServiceLayer.IntegrationTests/Utility/LiveConnectionHelper.cs:line 52
   at Microsoft.SqlTools.ServiceLayer.IntegrationTests.Metadata.MetadataServiceTests.GetLiveAutoCompleteTestObjects() in /Users/aasimkhan/src/sqltoolsservice/test/Microsoft.SqlTools.ServiceLayer.IntegrationTests/Metadata/MetadataServiceTests.cs:line 51
   at Microsoft.SqlTools.ServiceLayer.IntegrationTests.Metadata.MetadataServiceTests.GetViewInfoReturnsValidResults() in /Users/aasimkhan/src/sqltoolsservice/test/Microsoft.SqlTools.ServiceLayer.IntegrationTests/Metadata/MetadataServiceTests.cs:line 199
   at System.Runtime.CompilerServices.AsyncMethodBuilderCore.Start[TStateMachine](TStateMachine&amp; stateMachine)
   at Microsoft.SqlTools.ServiceLayer.IntegrationTests.Metadata.MetadataServiceTests.GetViewInfoReturnsValidResults()</failure>
    </testcase>
    <testcase classname="Microsoft.SqlTools.ServiceLayer.IntegrationTests.Metadata.MetadataServiceTests" name="MetadataReturnsUserTable" time="0.0018860">
      <failure type="failure" message="  Cannot find any instance for version key: sqlOnPrem&#xA;  Expected: True&#xA;  But was:  False&#xA;">at Microsoft.SqlTools.ServiceLayer.Test.Common.TestConnectionProfileService.GetInstance(String key) in /Users/aasimkhan/src/sqltoolsservice/test/Microsoft.SqlTools.ServiceLayer.Test.Common/TestConnectionProfileService.cs:line 59
   at Microsoft.SqlTools.ServiceLayer.Test.Common.TestConnectionProfileService.GetConnectionParameters(String key, String databaseName) in /Users/aasimkhan/src/sqltoolsservice/test/Microsoft.SqlTools.ServiceLayer.Test.Common/TestConnectionProfileService.cs:line 65
   at Microsoft.SqlTools.ServiceLayer.Test.Common.TestConnectionProfileService.GetConnectionParameters(TestServerType serverType, String databaseName) in /Users/aasimkhan/src/sqltoolsservice/test/Microsoft.SqlTools.ServiceLayer.Test.Common/TestConnectionProfileService.cs:line 75
   at Microsoft.SqlTools.ServiceLayer.IntegrationTests.Utility.LiveConnectionHelper.InitLiveConnectionInfoAsync(String databaseName, String ownerUri, String connectionType, TestServerType serverType) in /Users/aasimkhan/src/sqltoolsservice/test/Microsoft.SqlTools.ServiceLayer.IntegrationTests/Utility/LiveConnectionHelper.cs:line 68
   at Microsoft.SqlTools.ServiceLayer.IntegrationTests.Utility.LiveConnectionHelper.InitLiveConnectionInfo(String databaseName, String ownerUri) in /Users/aasimkhan/src/sqltoolsservice/test/Microsoft.SqlTools.ServiceLayer.IntegrationTests/Utility/LiveConnectionHelper.cs:line 52
   at Microsoft.SqlTools.ServiceLayer.IntegrationTests.Metadata.MetadataServiceTests.GetLiveAutoCompleteTestObjects() in /Users/aasimkhan/src/sqltoolsservice/test/Microsoft.SqlTools.ServiceLayer.IntegrationTests/Metadata/MetadataServiceTests.cs:line 51
   at Microsoft.SqlTools.ServiceLayer.IntegrationTests.Metadata.MetadataServiceTests.MetadataReturnsUserTable() in /Users/aasimkhan/src/sqltoolsservice/test/Microsoft.SqlTools.ServiceLayer.IntegrationTests/Metadata/MetadataServiceTests.cs:line 84

1)    at Microsoft.SqlTools.ServiceLayer.Test.Common.TestConnectionProfileService.GetInstance(String key) in /Users/aasimkhan/src/sqltoolsservice/test/Microsoft.SqlTools.ServiceLayer.Test.Common/TestConnectionProfileService.cs:line 59
   at Microsoft.SqlTools.ServiceLayer.Test.Common.TestConnectionProfileService.GetConnectionParameters(String key, String databaseName) in /Users/aasimkhan/src/sqltoolsservice/test/Microsoft.SqlTools.ServiceLayer.Test.Common/TestConnectionProfileService.cs:line 65
   at Microsoft.SqlTools.ServiceLayer.Test.Common.TestConnectionProfileService.GetConnectionParameters(TestServerType serverType, String databaseName) in /Users/aasimkhan/src/sqltoolsservice/test/Microsoft.SqlTools.ServiceLayer.Test.Common/TestConnectionProfileService.cs:line 75
   at Microsoft.SqlTools.ServiceLayer.IntegrationTests.Utility.LiveConnectionHelper.InitLiveConnectionInfoAsync(String databaseName, String ownerUri, String connectionType, TestServerType serverType) in /Users/aasimkhan/src/sqltoolsservice/test/Microsoft.SqlTools.ServiceLayer.IntegrationTests/Utility/LiveConnectionHelper.cs:line 68
   at System.Runtime.CompilerServices.AsyncMethodBuilderCore.Start[TStateMachine](TStateMachine&amp; stateMachine)
   at Microsoft.SqlTools.ServiceLayer.IntegrationTests.Utility.LiveConnectionHelper.InitLiveConnectionInfoAsync(String databaseName, String ownerUri, String connectionType, TestServerType serverType)
   at Microsoft.SqlTools.ServiceLayer.IntegrationTests.Utility.LiveConnectionHelper.InitLiveConnectionInfo(String databaseName, String ownerUri) in /Users/aasimkhan/src/sqltoolsservice/test/Microsoft.SqlTools.ServiceLayer.IntegrationTests/Utility/LiveConnectionHelper.cs:line 52
   at Microsoft.SqlTools.ServiceLayer.IntegrationTests.Metadata.MetadataServiceTests.GetLiveAutoCompleteTestObjects() in /Users/aasimkhan/src/sqltoolsservice/test/Microsoft.SqlTools.ServiceLayer.IntegrationTests/Metadata/MetadataServiceTests.cs:line 51
   at Microsoft.SqlTools.ServiceLayer.IntegrationTests.Metadata.MetadataServiceTests.MetadataReturnsUserTable() in /Users/aasimkhan/src/sqltoolsservice/test/Microsoft.SqlTools.ServiceLayer.IntegrationTests/Metadata/MetadataServiceTests.cs:line 84</failure>
    </testcase>
    <testcase classname="Microsoft.SqlTools.ServiceLayer.IntegrationTests.Metadata.MetadataServiceTests" name="VerifyGetServerContextualizationRequest" time="0.0013370">
      <failure type="failure" message="  Cannot find any instance for version key: sqlOnPrem&#xA;  Expected: True&#xA;  But was:  False&#xA;">at Microsoft.SqlTools.ServiceLayer.Test.Common.TestConnectionProfileService.GetInstance(String key) in /Users/aasimkhan/src/sqltoolsservice/test/Microsoft.SqlTools.ServiceLayer.Test.Common/TestConnectionProfileService.cs:line 59
   at Microsoft.SqlTools.ServiceLayer.Test.Common.TestConnectionProfileService.GetConnectionParameters(String key, String databaseName) in /Users/aasimkhan/src/sqltoolsservice/test/Microsoft.SqlTools.ServiceLayer.Test.Common/TestConnectionProfileService.cs:line 65
   at Microsoft.SqlTools.ServiceLayer.Test.Common.TestConnectionProfileService.GetConnectionParameters(TestServerType serverType, String databaseName) in /Users/aasimkhan/src/sqltoolsservice/test/Microsoft.SqlTools.ServiceLayer.Test.Common/TestConnectionProfileService.cs:line 75
   at Microsoft.SqlTools.ServiceLayer.IntegrationTests.Utility.LiveConnectionHelper.InitLiveConnectionInfoAsync(String databaseName, String ownerUri, String connectionType, TestServerType serverType) in /Users/aasimkhan/src/sqltoolsservice/test/Microsoft.SqlTools.ServiceLayer.IntegrationTests/Utility/LiveConnectionHelper.cs:line 68
   at Microsoft.SqlTools.ServiceLayer.IntegrationTests.Utility.LiveConnectionHelper.InitLiveConnectionInfo(String databaseName, String ownerUri) in /Users/aasimkhan/src/sqltoolsservice/test/Microsoft.SqlTools.ServiceLayer.IntegrationTests/Utility/LiveConnectionHelper.cs:line 52
   at Microsoft.SqlTools.ServiceLayer.IntegrationTests.Metadata.MetadataServiceTests.VerifyGetServerContextualizationRequest() in /Users/aasimkhan/src/sqltoolsservice/test/Microsoft.SqlTools.ServiceLayer.IntegrationTests/Metadata/MetadataServiceTests.cs:line 142
   at NUnit.Framework.Internal.TaskAwaitAdapter.GenericAdapter`1.GetResult()
   at NUnit.Framework.Internal.AsyncToSyncAdapter.Await(Func`1 invoke)
   at NUnit.Framework.Internal.Commands.TestMethodCommand.RunTestMethod(TestExecutionContext context)
   at NUnit.Framework.Internal.Commands.TestMethodCommand.Execute(TestExecutionContext context)
   at NUnit.Framework.Internal.Execution.SimpleWorkItem.&lt;&gt;c__DisplayClass4_0.&lt;PerformWork&gt;b__0()
   at NUnit.Framework.Internal.ContextUtils.&lt;&gt;c__DisplayClass1_0`1.&lt;DoIsolated&gt;b__0(Object _)

1)    at Microsoft.SqlTools.ServiceLayer.Test.Common.TestConnectionProfileService.GetInstance(String key) in /Users/aasimkhan/src/sqltoolsservice/test/Microsoft.SqlTools.ServiceLayer.Test.Common/TestConnectionProfileService.cs:line 59
   at Microsoft.SqlTools.ServiceLayer.Test.Common.TestConnectionProfileService.GetConnectionParameters(String key, String databaseName) in /Users/aasimkhan/src/sqltoolsservice/test/Microsoft.SqlTools.ServiceLayer.Test.Common/TestConnectionProfileService.cs:line 65
   at Microsoft.SqlTools.ServiceLayer.Test.Common.TestConnectionProfileService.GetConnectionParameters(TestServerType serverType, String databaseName) in /Users/aasimkhan/src/sqltoolsservice/test/Microsoft.SqlTools.ServiceLayer.Test.Common/TestConnectionProfileService.cs:line 75
   at Microsoft.SqlTools.ServiceLayer.IntegrationTests.Utility.LiveConnectionHelper.InitLiveConnectionInfoAsync(String databaseName, String ownerUri, String connectionType, TestServerType serverType) in /Users/aasimkhan/src/sqltoolsservice/test/Microsoft.SqlTools.ServiceLayer.IntegrationTests/Utility/LiveConnectionHelper.cs:line 68
   at System.Runtime.CompilerServices.AsyncMethodBuilderCore.Start[TStateMachine](TStateMachine&amp; stateMachine)
   at Microsoft.SqlTools.ServiceLayer.IntegrationTests.Utility.LiveConnectionHelper.InitLiveConnectionInfoAsync(String databaseName, String ownerUri, String connectionType, TestServerType serverType)
   at Microsoft.SqlTools.ServiceLayer.IntegrationTests.Utility.LiveConnectionHelper.InitLiveConnectionInfo(String databaseName, String ownerUri) in /Users/aasimkhan/src/sqltoolsservice/test/Microsoft.SqlTools.ServiceLayer.IntegrationTests/Utility/LiveConnectionHelper.cs:line 52
   at Microsoft.SqlTools.ServiceLayer.IntegrationTests.Metadata.MetadataServiceTests.VerifyGetServerContextualizationRequest() in /Users/aasimkhan/src/sqltoolsservice/test/Microsoft.SqlTools.ServiceLayer.IntegrationTests/Metadata/MetadataServiceTests.cs:line 142
   at System.Runtime.CompilerServices.AsyncMethodBuilderCore.Start[TStateMachine](TStateMachine&amp; stateMachine)
   at Microsoft.SqlTools.ServiceLayer.IntegrationTests.Metadata.MetadataServiceTests.VerifyGetServerContextualizationRequest()</failure>
    </testcase>
    <testcase classname="Microsoft.SqlTools.ServiceLayer.IntegrationTests.Metadata.MetadataServiceTests" name="VerifyMetadataList" time="0.0019000">
      <failure type="failure" message="  Cannot find any instance for version key: sqlOnPrem&#xA;  Expected: True&#xA;  But was:  False&#xA;">at Microsoft.SqlTools.ServiceLayer.Test.Common.TestConnectionProfileService.GetInstance(String key) in /Users/aasimkhan/src/sqltoolsservice/test/Microsoft.SqlTools.ServiceLayer.Test.Common/TestConnectionProfileService.cs:line 59
   at Microsoft.SqlTools.ServiceLayer.Test.Common.TestConnectionProfileService.GetConnectionParameters(String key, String databaseName) in /Users/aasimkhan/src/sqltoolsservice/test/Microsoft.SqlTools.ServiceLayer.Test.Common/TestConnectionProfileService.cs:line 65
   at Microsoft.SqlTools.ServiceLayer.Test.Common.TestConnectionProfileService.GetConnectionParameters(TestServerType serverType, String databaseName) in /Users/aasimkhan/src/sqltoolsservice/test/Microsoft.SqlTools.ServiceLayer.Test.Common/TestConnectionProfileService.cs:line 75
   at Microsoft.SqlTools.ServiceLayer.Test.Common.TestServiceProvider.InitLiveConnectionInfo(TestServerType serverType, String databaseName, String scriptFilePath) in /Users/aasimkhan/src/sqltoolsservice/test/Microsoft.SqlTools.ServiceLayer.Test.Common/TestServiceProvider.cs:line 142
   at Microsoft.SqlTools.ServiceLayer.Test.Common.TestServiceProvider.RunQueryAsync(TestServerType serverType, String databaseName, String queryText, Boolean throwOnError) in /Users/aasimkhan/src/sqltoolsservice/test/Microsoft.SqlTools.ServiceLayer.Test.Common/TestServiceProvider.cs:line 110
   at Microsoft.SqlTools.ServiceLayer.Test.Common.SqlTestDb.CreateNewAsync(TestServerType serverType, Boolean doNotCleanupDb, String databaseName, String query, String dbNamePrefix) in /Users/aasimkhan/src/sqltoolsservice/test/Microsoft.SqlTools.ServiceLayer.Test.Common/SqlTestDb.cs:line 101
   at Microsoft.SqlTools.ServiceLayer.IntegrationTests.Metadata.MetadataServiceTests.VerifyMetadataListCore(String query, List`1 expectedMetadataList) in /Users/aasimkhan/src/sqltoolsservice/test/Microsoft.SqlTools.ServiceLayer.IntegrationTests/Metadata/MetadataServiceTests.cs:line 277
   at Microsoft.SqlTools.ServiceLayer.IntegrationTests.Metadata.MetadataServiceTests.VerifyMetadataList() in /Users/aasimkhan/src/sqltoolsservice/test/Microsoft.SqlTools.ServiceLayer.IntegrationTests/Metadata/MetadataServiceTests.cs:line 272
   at NUnit.Framework.Internal.TaskAwaitAdapter.GenericAdapter`1.GetResult()
   at NUnit.Framework.Internal.AsyncToSyncAdapter.Await(Func`1 invoke)
   at NUnit.Framework.Internal.Commands.TestMethodCommand.RunTestMethod(TestExecutionContext context)
   at NUnit.Framework.Internal.Commands.TestMethodCommand.Execute(TestExecutionContext context)
   at NUnit.Framework.Internal.Execution.SimpleWorkItem.&lt;&gt;c__DisplayClass4_0.&lt;PerformWork&gt;b__0()
   at NUnit.Framework.Internal.ContextUtils.&lt;&gt;c__DisplayClass1_0`1.&lt;DoIsolated&gt;b__0(Object _)

1)    at Microsoft.SqlTools.ServiceLayer.Test.Common.TestConnectionProfileService.GetInstance(String key) in /Users/aasimkhan/src/sqltoolsservice/test/Microsoft.SqlTools.ServiceLayer.Test.Common/TestConnectionProfileService.cs:line 59
   at Microsoft.SqlTools.ServiceLayer.Test.Common.TestConnectionProfileService.GetConnectionParameters(String key, String databaseName) in /Users/aasimkhan/src/sqltoolsservice/test/Microsoft.SqlTools.ServiceLayer.Test.Common/TestConnectionProfileService.cs:line 65
   at Microsoft.SqlTools.ServiceLayer.Test.Common.TestConnectionProfileService.GetConnectionParameters(TestServerType serverType, String databaseName) in /Users/aasimkhan/src/sqltoolsservice/test/Microsoft.SqlTools.ServiceLayer.Test.Common/TestConnectionProfileService.cs:line 75
   at Microsoft.SqlTools.ServiceLayer.Test.Common.TestServiceProvider.InitLiveConnectionInfo(TestServerType serverType, String databaseName, String scriptFilePath) in /Users/aasimkhan/src/sqltoolsservice/test/Microsoft.SqlTools.ServiceLayer.Test.Common/TestServiceProvider.cs:line 142
   at System.Runtime.CompilerServices.AsyncMethodBuilderCore.Start[TStateMachine](TStateMachine&amp; stateMachine)
   at Microsoft.SqlTools.ServiceLayer.Test.Common.TestServiceProvider.InitLiveConnectionInfo(TestServerType serverType, String databaseName, String scriptFilePath)
   at Microsoft.SqlTools.ServiceLayer.Test.Common.TestServiceProvider.RunQueryAsync(TestServerType serverType, String databaseName, String queryText, Boolean throwOnError) in /Users/aasimkhan/src/sqltoolsservice/test/Microsoft.SqlTools.ServiceLayer.Test.Common/TestServiceProvider.cs:line 110
   at System.Runtime.CompilerServices.AsyncMethodBuilderCore.Start[TStateMachine](TStateMachine&amp; stateMachine)
   at Microsoft.SqlTools.ServiceLayer.Test.Common.TestServiceProvider.RunQueryAsync(TestServerType serverType, String databaseName, String queryText, Boolean throwOnError)
   at Microsoft.SqlTools.ServiceLayer.Test.Common.SqlTestDb.CreateNewAsync(TestServerType serverType, Boolean doNotCleanupDb, String databaseName, String query, String dbNamePrefix) in /Users/aasimkhan/src/sqltoolsservice/test/Microsoft.SqlTools.ServiceLayer.Test.Common/SqlTestDb.cs:line 101
   at System.Runtime.CompilerServices.AsyncMethodBuilderCore.Start[TStateMachine](TStateMachine&amp; stateMachine)
   at Microsoft.SqlTools.ServiceLayer.Test.Common.SqlTestDb.CreateNewAsync(TestServerType serverType, Boolean doNotCleanupDb, String databaseName, String query, String dbNamePrefix)
   at Microsoft.SqlTools.ServiceLayer.IntegrationTests.Metadata.MetadataServiceTests.VerifyMetadataListCore(String query, List`1 expectedMetadataList) in /Users/aasimkhan/src/sqltoolsservice/test/Microsoft.SqlTools.ServiceLayer.IntegrationTests/Metadata/MetadataServiceTests.cs:line 277
   at System.Runtime.CompilerServices.AsyncMethodBuilderCore.Start[TStateMachine](TStateMachine&amp; stateMachine)
   at Microsoft.SqlTools.ServiceLayer.IntegrationTests.Metadata.MetadataServiceTests.VerifyMetadataListCore(String query, List`1 expectedMetadataList)
   at Microsoft.SqlTools.ServiceLayer.IntegrationTests.Metadata.MetadataServiceTests.VerifyMetadataList() in /Users/aasimkhan/src/sqltoolsservice/test/Microsoft.SqlTools.ServiceLayer.IntegrationTests/Metadata/MetadataServiceTests.cs:line 272
   at System.Runtime.CompilerServices.AsyncMethodBuilderCore.Start[TStateMachine](TStateMachine&amp; stateMachine)
   at Microsoft.SqlTools.ServiceLayer.IntegrationTests.Metadata.MetadataServiceTests.VerifyMetadataList()</failure>
    </testcase>
    <testcase classname="Microsoft.SqlTools.ServiceLayer.IntegrationTests.ModelManagement.ModelManagementServiceTests" name="VerifyConfigureModelTableRequest" time="0.0041980">
      <failure type="failure" message="  Cannot find any instance for version key: sqlOnPrem&#xA;  Expected: True&#xA;  But was:  False&#xA;">at Microsoft.SqlTools.ServiceLayer.Test.Common.TestConnectionProfileService.GetInstance(String key) in /Users/aasimkhan/src/sqltoolsservice/test/Microsoft.SqlTools.ServiceLayer.Test.Common/TestConnectionProfileService.cs:line 59
   at Microsoft.SqlTools.ServiceLayer.Test.Common.TestConnectionProfileService.GetConnectionParameters(String key, String databaseName) in /Users/aasimkhan/src/sqltoolsservice/test/Microsoft.SqlTools.ServiceLayer.Test.Common/TestConnectionProfileService.cs:line 65
   at Microsoft.SqlTools.ServiceLayer.Test.Common.TestConnectionProfileService.GetConnectionParameters(TestServerType serverType, String databaseName) in /Users/aasimkhan/src/sqltoolsservice/test/Microsoft.SqlTools.ServiceLayer.Test.Common/TestConnectionProfileService.cs:line 75
   at Microsoft.SqlTools.ServiceLayer.IntegrationTests.Utility.LiveConnectionHelper.InitLiveConnectionInfoAsync(String databaseName, String ownerUri, String connectionType, TestServerType serverType) in /Users/aasimkhan/src/sqltoolsservice/test/Microsoft.SqlTools.ServiceLayer.IntegrationTests/Utility/LiveConnectionHelper.cs:line 68
   at Microsoft.SqlTools.ServiceLayer.IntegrationTests.ModelManagement.ModelManagementServiceTests.VerifyRequst[T](Func`3 test, Action`1 verify) in /Users/aasimkhan/src/sqltoolsservice/test/Microsoft.SqlTools.ServiceLayer.IntegrationTests/ModelManagement/ModelManagementServiceTests.cs:line 294
   at Microsoft.SqlTools.ServiceLayer.IntegrationTests.ModelManagement.ModelManagementServiceTests.VerifyConfigureModelTableRequest() in /Users/aasimkhan/src/sqltoolsservice/test/Microsoft.SqlTools.ServiceLayer.IntegrationTests/ModelManagement/ModelManagementServiceTests.cs:line 195
   at NUnit.Framework.Internal.TaskAwaitAdapter.GenericAdapter`1.GetResult()
   at NUnit.Framework.Internal.AsyncToSyncAdapter.Await(Func`1 invoke)
   at NUnit.Framework.Internal.Commands.TestMethodCommand.RunTestMethod(TestExecutionContext context)
   at NUnit.Framework.Internal.Commands.TestMethodCommand.Execute(TestExecutionContext context)
   at NUnit.Framework.Internal.Execution.SimpleWorkItem.&lt;&gt;c__DisplayClass4_0.&lt;PerformWork&gt;b__0()
   at NUnit.Framework.Internal.ContextUtils.&lt;&gt;c__DisplayClass1_0`1.&lt;DoIsolated&gt;b__0(Object _)

1)    at Microsoft.SqlTools.ServiceLayer.Test.Common.TestConnectionProfileService.GetInstance(String key) in /Users/aasimkhan/src/sqltoolsservice/test/Microsoft.SqlTools.ServiceLayer.Test.Common/TestConnectionProfileService.cs:line 59
   at Microsoft.SqlTools.ServiceLayer.Test.Common.TestConnectionProfileService.GetConnectionParameters(String key, String databaseName) in /Users/aasimkhan/src/sqltoolsservice/test/Microsoft.SqlTools.ServiceLayer.Test.Common/TestConnectionProfileService.cs:line 65
   at Microsoft.SqlTools.ServiceLayer.Test.Common.TestConnectionProfileService.GetConnectionParameters(TestServerType serverType, String databaseName) in /Users/aasimkhan/src/sqltoolsservice/test/Microsoft.SqlTools.ServiceLayer.Test.Common/TestConnectionProfileService.cs:line 75
   at Microsoft.SqlTools.ServiceLayer.IntegrationTests.Utility.LiveConnectionHelper.InitLiveConnectionInfoAsync(String databaseName, String ownerUri, String connectionType, TestServerType serverType) in /Users/aasimkhan/src/sqltoolsservice/test/Microsoft.SqlTools.ServiceLayer.IntegrationTests/Utility/LiveConnectionHelper.cs:line 68
   at System.Runtime.CompilerServices.AsyncMethodBuilderCore.Start[TStateMachine](TStateMachine&amp; stateMachine)
   at Microsoft.SqlTools.ServiceLayer.IntegrationTests.Utility.LiveConnectionHelper.InitLiveConnectionInfoAsync(String databaseName, String ownerUri, String connectionType, TestServerType serverType)
   at Microsoft.SqlTools.ServiceLayer.IntegrationTests.ModelManagement.ModelManagementServiceTests.VerifyRequst[T](Func`3 test, Action`1 verify) in /Users/aasimkhan/src/sqltoolsservice/test/Microsoft.SqlTools.ServiceLayer.IntegrationTests/ModelManagement/ModelManagementServiceTests.cs:line 294
   at System.Runtime.CompilerServices.AsyncMethodBuilderCore.Start[TStateMachine](TStateMachine&amp; stateMachine)
   at Microsoft.SqlTools.ServiceLayer.IntegrationTests.ModelManagement.ModelManagementServiceTests.VerifyRequst[T](Func`3 test, Action`1 verify)
   at Microsoft.SqlTools.ServiceLayer.IntegrationTests.ModelManagement.ModelManagementServiceTests.VerifyConfigureModelTableRequest() in /Users/aasimkhan/src/sqltoolsservice/test/Microsoft.SqlTools.ServiceLayer.IntegrationTests/ModelManagement/ModelManagementServiceTests.cs:line 195
   at System.Runtime.CompilerServices.AsyncMethodBuilderCore.Start[TStateMachine](TStateMachine&amp; stateMachine)
   at Microsoft.SqlTools.ServiceLayer.IntegrationTests.ModelManagement.ModelManagementServiceTests.VerifyConfigureModelTableRequest()</failure>
    </testcase>
    <testcase classname="Microsoft.SqlTools.ServiceLayer.IntegrationTests.ModelManagement.ModelManagementServiceTests" name="VerifyDeleteModelRequest" time="0.0014989">
      <failure type="failure" message="  Cannot find any instance for version key: sqlOnPrem&#xA;  Expected: True&#xA;  But was:  False&#xA;">at Microsoft.SqlTools.ServiceLayer.Test.Common.TestConnectionProfileService.GetInstance(String key) in /Users/aasimkhan/src/sqltoolsservice/test/Microsoft.SqlTools.ServiceLayer.Test.Common/TestConnectionProfileService.cs:line 59
   at Microsoft.SqlTools.ServiceLayer.Test.Common.TestConnectionProfileService.GetConnectionParameters(String key, String databaseName) in /Users/aasimkhan/src/sqltoolsservice/test/Microsoft.SqlTools.ServiceLayer.Test.Common/TestConnectionProfileService.cs:line 65
   at Microsoft.SqlTools.ServiceLayer.Test.Common.TestConnectionProfileService.GetConnectionParameters(TestServerType serverType, String databaseName) in /Users/aasimkhan/src/sqltoolsservice/test/Microsoft.SqlTools.ServiceLayer.Test.Common/TestConnectionProfileService.cs:line 75
   at Microsoft.SqlTools.ServiceLayer.IntegrationTests.Utility.LiveConnectionHelper.InitLiveConnectionInfoAsync(String databaseName, String ownerUri, String connectionType, TestServerType serverType) in /Users/aasimkhan/src/sqltoolsservice/test/Microsoft.SqlTools.ServiceLayer.IntegrationTests/Utility/LiveConnectionHelper.cs:line 68
   at Microsoft.SqlTools.ServiceLayer.IntegrationTests.ModelManagement.ModelManagementServiceTests.VerifyRequst[T](Func`3 test, Action`1 verify) in /Users/aasimkhan/src/sqltoolsservice/test/Microsoft.SqlTools.ServiceLayer.IntegrationTests/ModelManagement/ModelManagementServiceTests.cs:line 294
   at Microsoft.SqlTools.ServiceLayer.IntegrationTests.ModelManagement.ModelManagementServiceTests.VerifyDeleteModelRequest() in /Users/aasimkhan/src/sqltoolsservice/test/Microsoft.SqlTools.ServiceLayer.IntegrationTests/ModelManagement/ModelManagementServiceTests.cs:line 45
   at NUnit.Framework.Internal.TaskAwaitAdapter.GenericAdapter`1.GetResult()
   at NUnit.Framework.Internal.AsyncToSyncAdapter.Await(Func`1 invoke)
   at NUnit.Framework.Internal.Commands.TestMethodCommand.RunTestMethod(TestExecutionContext context)
   at NUnit.Framework.Internal.Commands.TestMethodCommand.Execute(TestExecutionContext context)
   at NUnit.Framework.Internal.Execution.SimpleWorkItem.&lt;&gt;c__DisplayClass4_0.&lt;PerformWork&gt;b__0()
   at NUnit.Framework.Internal.ContextUtils.&lt;&gt;c__DisplayClass1_0`1.&lt;DoIsolated&gt;b__0(Object _)

1)    at Microsoft.SqlTools.ServiceLayer.Test.Common.TestConnectionProfileService.GetInstance(String key) in /Users/aasimkhan/src/sqltoolsservice/test/Microsoft.SqlTools.ServiceLayer.Test.Common/TestConnectionProfileService.cs:line 59
   at Microsoft.SqlTools.ServiceLayer.Test.Common.TestConnectionProfileService.GetConnectionParameters(String key, String databaseName) in /Users/aasimkhan/src/sqltoolsservice/test/Microsoft.SqlTools.ServiceLayer.Test.Common/TestConnectionProfileService.cs:line 65
   at Microsoft.SqlTools.ServiceLayer.Test.Common.TestConnectionProfileService.GetConnectionParameters(TestServerType serverType, String databaseName) in /Users/aasimkhan/src/sqltoolsservice/test/Microsoft.SqlTools.ServiceLayer.Test.Common/TestConnectionProfileService.cs:line 75
   at Microsoft.SqlTools.ServiceLayer.IntegrationTests.Utility.LiveConnectionHelper.InitLiveConnectionInfoAsync(String databaseName, String ownerUri, String connectionType, TestServerType serverType) in /Users/aasimkhan/src/sqltoolsservice/test/Microsoft.SqlTools.ServiceLayer.IntegrationTests/Utility/LiveConnectionHelper.cs:line 68
   at System.Runtime.CompilerServices.AsyncMethodBuilderCore.Start[TStateMachine](TStateMachine&amp; stateMachine)
   at Microsoft.SqlTools.ServiceLayer.IntegrationTests.Utility.LiveConnectionHelper.InitLiveConnectionInfoAsync(String databaseName, String ownerUri, String connectionType, TestServerType serverType)
   at Microsoft.SqlTools.ServiceLayer.IntegrationTests.ModelManagement.ModelManagementServiceTests.VerifyRequst[T](Func`3 test, Action`1 verify) in /Users/aasimkhan/src/sqltoolsservice/test/Microsoft.SqlTools.ServiceLayer.IntegrationTests/ModelManagement/ModelManagementServiceTests.cs:line 294
   at System.Runtime.CompilerServices.AsyncMethodBuilderCore.Start[TStateMachine](TStateMachine&amp; stateMachine)
   at Microsoft.SqlTools.ServiceLayer.IntegrationTests.ModelManagement.ModelManagementServiceTests.VerifyRequst[T](Func`3 test, Action`1 verify)
   at Microsoft.SqlTools.ServiceLayer.IntegrationTests.ModelManagement.ModelManagementServiceTests.VerifyDeleteModelRequest() in /Users/aasimkhan/src/sqltoolsservice/test/Microsoft.SqlTools.ServiceLayer.IntegrationTests/ModelManagement/ModelManagementServiceTests.cs:line 45
   at System.Runtime.CompilerServices.AsyncMethodBuilderCore.Start[TStateMachine](TStateMachine&amp; stateMachine)
   at Microsoft.SqlTools.ServiceLayer.IntegrationTests.ModelManagement.ModelManagementServiceTests.VerifyDeleteModelRequest()</failure>
    </testcase>
    <testcase classname="Microsoft.SqlTools.ServiceLayer.IntegrationTests.ModelManagement.ModelManagementServiceTests" name="VerifyDownloadModelRequest" time="0.0014770">
      <failure type="failure" message="  Cannot find any instance for version key: sqlOnPrem&#xA;  Expected: True&#xA;  But was:  False&#xA;">at Microsoft.SqlTools.ServiceLayer.Test.Common.TestConnectionProfileService.GetInstance(String key) in /Users/aasimkhan/src/sqltoolsservice/test/Microsoft.SqlTools.ServiceLayer.Test.Common/TestConnectionProfileService.cs:line 59
   at Microsoft.SqlTools.ServiceLayer.Test.Common.TestConnectionProfileService.GetConnectionParameters(String key, String databaseName) in /Users/aasimkhan/src/sqltoolsservice/test/Microsoft.SqlTools.ServiceLayer.Test.Common/TestConnectionProfileService.cs:line 65
   at Microsoft.SqlTools.ServiceLayer.Test.Common.TestConnectionProfileService.GetConnectionParameters(TestServerType serverType, String databaseName) in /Users/aasimkhan/src/sqltoolsservice/test/Microsoft.SqlTools.ServiceLayer.Test.Common/TestConnectionProfileService.cs:line 75
   at Microsoft.SqlTools.ServiceLayer.IntegrationTests.Utility.LiveConnectionHelper.InitLiveConnectionInfoAsync(String databaseName, String ownerUri, String connectionType, TestServerType serverType) in /Users/aasimkhan/src/sqltoolsservice/test/Microsoft.SqlTools.ServiceLayer.IntegrationTests/Utility/LiveConnectionHelper.cs:line 68
   at Microsoft.SqlTools.ServiceLayer.IntegrationTests.ModelManagement.ModelManagementServiceTests.VerifyRequst[T](Func`3 test, Action`1 verify) in /Users/aasimkhan/src/sqltoolsservice/test/Microsoft.SqlTools.ServiceLayer.IntegrationTests/ModelManagement/ModelManagementServiceTests.cs:line 294
   at Microsoft.SqlTools.ServiceLayer.IntegrationTests.ModelManagement.ModelManagementServiceTests.VerifyDownloadModelRequest() in /Users/aasimkhan/src/sqltoolsservice/test/Microsoft.SqlTools.ServiceLayer.IntegrationTests/ModelManagement/ModelManagementServiceTests.cs:line 135
   at NUnit.Framework.Internal.TaskAwaitAdapter.GenericAdapter`1.GetResult()
   at NUnit.Framework.Internal.AsyncToSyncAdapter.Await(Func`1 invoke)
   at NUnit.Framework.Internal.Commands.TestMethodCommand.RunTestMethod(TestExecutionContext context)
   at NUnit.Framework.Internal.Commands.TestMethodCommand.Execute(TestExecutionContext context)
   at NUnit.Framework.Internal.Execution.SimpleWorkItem.&lt;&gt;c__DisplayClass4_0.&lt;PerformWork&gt;b__0()
   at NUnit.Framework.Internal.ContextUtils.&lt;&gt;c__DisplayClass1_0`1.&lt;DoIsolated&gt;b__0(Object _)

1)    at Microsoft.SqlTools.ServiceLayer.Test.Common.TestConnectionProfileService.GetInstance(String key) in /Users/aasimkhan/src/sqltoolsservice/test/Microsoft.SqlTools.ServiceLayer.Test.Common/TestConnectionProfileService.cs:line 59
   at Microsoft.SqlTools.ServiceLayer.Test.Common.TestConnectionProfileService.GetConnectionParameters(String key, String databaseName) in /Users/aasimkhan/src/sqltoolsservice/test/Microsoft.SqlTools.ServiceLayer.Test.Common/TestConnectionProfileService.cs:line 65
   at Microsoft.SqlTools.ServiceLayer.Test.Common.TestConnectionProfileService.GetConnectionParameters(TestServerType serverType, String databaseName) in /Users/aasimkhan/src/sqltoolsservice/test/Microsoft.SqlTools.ServiceLayer.Test.Common/TestConnectionProfileService.cs:line 75
   at Microsoft.SqlTools.ServiceLayer.IntegrationTests.Utility.LiveConnectionHelper.InitLiveConnectionInfoAsync(String databaseName, String ownerUri, String connectionType, TestServerType serverType) in /Users/aasimkhan/src/sqltoolsservice/test/Microsoft.SqlTools.ServiceLayer.IntegrationTests/Utility/LiveConnectionHelper.cs:line 68
   at System.Runtime.CompilerServices.AsyncMethodBuilderCore.Start[TStateMachine](TStateMachine&amp; stateMachine)
   at Microsoft.SqlTools.ServiceLayer.IntegrationTests.Utility.LiveConnectionHelper.InitLiveConnectionInfoAsync(String databaseName, String ownerUri, String connectionType, TestServerType serverType)
   at Microsoft.SqlTools.ServiceLayer.IntegrationTests.ModelManagement.ModelManagementServiceTests.VerifyRequst[T](Func`3 test, Action`1 verify) in /Users/aasimkhan/src/sqltoolsservice/test/Microsoft.SqlTools.ServiceLayer.IntegrationTests/ModelManagement/ModelManagementServiceTests.cs:line 294
   at System.Runtime.CompilerServices.AsyncMethodBuilderCore.Start[TStateMachine](TStateMachine&amp; stateMachine)
   at Microsoft.SqlTools.ServiceLayer.IntegrationTests.ModelManagement.ModelManagementServiceTests.VerifyRequst[T](Func`3 test, Action`1 verify)
   at Microsoft.SqlTools.ServiceLayer.IntegrationTests.ModelManagement.ModelManagementServiceTests.VerifyDownloadModelRequest() in /Users/aasimkhan/src/sqltoolsservice/test/Microsoft.SqlTools.ServiceLayer.IntegrationTests/ModelManagement/ModelManagementServiceTests.cs:line 135
   at System.Runtime.CompilerServices.AsyncMethodBuilderCore.Start[TStateMachine](TStateMachine&amp; stateMachine)
   at Microsoft.SqlTools.ServiceLayer.IntegrationTests.ModelManagement.ModelManagementServiceTests.VerifyDownloadModelRequest()</failure>
    </testcase>
    <testcase classname="Microsoft.SqlTools.ServiceLayer.IntegrationTests.ModelManagement.ModelManagementServiceTests" name="VerifyGetModelRequest" time="0.0013570">
      <failure type="failure" message="  Cannot find any instance for version key: sqlOnPrem&#xA;  Expected: True&#xA;  But was:  False&#xA;">at Microsoft.SqlTools.ServiceLayer.Test.Common.TestConnectionProfileService.GetInstance(String key) in /Users/aasimkhan/src/sqltoolsservice/test/Microsoft.SqlTools.ServiceLayer.Test.Common/TestConnectionProfileService.cs:line 59
   at Microsoft.SqlTools.ServiceLayer.Test.Common.TestConnectionProfileService.GetConnectionParameters(String key, String databaseName) in /Users/aasimkhan/src/sqltoolsservice/test/Microsoft.SqlTools.ServiceLayer.Test.Common/TestConnectionProfileService.cs:line 65
   at Microsoft.SqlTools.ServiceLayer.Test.Common.TestConnectionProfileService.GetConnectionParameters(TestServerType serverType, String databaseName) in /Users/aasimkhan/src/sqltoolsservice/test/Microsoft.SqlTools.ServiceLayer.Test.Common/TestConnectionProfileService.cs:line 75
   at Microsoft.SqlTools.ServiceLayer.IntegrationTests.Utility.LiveConnectionHelper.InitLiveConnectionInfoAsync(String databaseName, String ownerUri, String connectionType, TestServerType serverType) in /Users/aasimkhan/src/sqltoolsservice/test/Microsoft.SqlTools.ServiceLayer.IntegrationTests/Utility/LiveConnectionHelper.cs:line 68
   at Microsoft.SqlTools.ServiceLayer.IntegrationTests.ModelManagement.ModelManagementServiceTests.VerifyRequst[T](Func`3 test, Action`1 verify) in /Users/aasimkhan/src/sqltoolsservice/test/Microsoft.SqlTools.ServiceLayer.IntegrationTests/ModelManagement/ModelManagementServiceTests.cs:line 294
   at Microsoft.SqlTools.ServiceLayer.IntegrationTests.ModelManagement.ModelManagementServiceTests.VerifyGetModelRequest() in /Users/aasimkhan/src/sqltoolsservice/test/Microsoft.SqlTools.ServiceLayer.IntegrationTests/ModelManagement/ModelManagementServiceTests.cs:line 224
   at NUnit.Framework.Internal.TaskAwaitAdapter.GenericAdapter`1.GetResult()
   at NUnit.Framework.Internal.AsyncToSyncAdapter.Await(Func`1 invoke)
   at NUnit.Framework.Internal.Commands.TestMethodCommand.RunTestMethod(TestExecutionContext context)
   at NUnit.Framework.Internal.Commands.TestMethodCommand.Execute(TestExecutionContext context)
   at NUnit.Framework.Internal.Execution.SimpleWorkItem.&lt;&gt;c__DisplayClass4_0.&lt;PerformWork&gt;b__0()
   at NUnit.Framework.Internal.ContextUtils.&lt;&gt;c__DisplayClass1_0`1.&lt;DoIsolated&gt;b__0(Object _)

1)    at Microsoft.SqlTools.ServiceLayer.Test.Common.TestConnectionProfileService.GetInstance(String key) in /Users/aasimkhan/src/sqltoolsservice/test/Microsoft.SqlTools.ServiceLayer.Test.Common/TestConnectionProfileService.cs:line 59
   at Microsoft.SqlTools.ServiceLayer.Test.Common.TestConnectionProfileService.GetConnectionParameters(String key, String databaseName) in /Users/aasimkhan/src/sqltoolsservice/test/Microsoft.SqlTools.ServiceLayer.Test.Common/TestConnectionProfileService.cs:line 65
   at Microsoft.SqlTools.ServiceLayer.Test.Common.TestConnectionProfileService.GetConnectionParameters(TestServerType serverType, String databaseName) in /Users/aasimkhan/src/sqltoolsservice/test/Microsoft.SqlTools.ServiceLayer.Test.Common/TestConnectionProfileService.cs:line 75
   at Microsoft.SqlTools.ServiceLayer.IntegrationTests.Utility.LiveConnectionHelper.InitLiveConnectionInfoAsync(String databaseName, String ownerUri, String connectionType, TestServerType serverType) in /Users/aasimkhan/src/sqltoolsservice/test/Microsoft.SqlTools.ServiceLayer.IntegrationTests/Utility/LiveConnectionHelper.cs:line 68
   at System.Runtime.CompilerServices.AsyncMethodBuilderCore.Start[TStateMachine](TStateMachine&amp; stateMachine)
   at Microsoft.SqlTools.ServiceLayer.IntegrationTests.Utility.LiveConnectionHelper.InitLiveConnectionInfoAsync(String databaseName, String ownerUri, String connectionType, TestServerType serverType)
   at Microsoft.SqlTools.ServiceLayer.IntegrationTests.ModelManagement.ModelManagementServiceTests.VerifyRequst[T](Func`3 test, Action`1 verify) in /Users/aasimkhan/src/sqltoolsservice/test/Microsoft.SqlTools.ServiceLayer.IntegrationTests/ModelManagement/ModelManagementServiceTests.cs:line 294
   at System.Runtime.CompilerServices.AsyncMethodBuilderCore.Start[TStateMachine](TStateMachine&amp; stateMachine)
   at Microsoft.SqlTools.ServiceLayer.IntegrationTests.ModelManagement.ModelManagementServiceTests.VerifyRequst[T](Func`3 test, Action`1 verify)
   at Microsoft.SqlTools.ServiceLayer.IntegrationTests.ModelManagement.ModelManagementServiceTests.VerifyGetModelRequest() in /Users/aasimkhan/src/sqltoolsservice/test/Microsoft.SqlTools.ServiceLayer.IntegrationTests/ModelManagement/ModelManagementServiceTests.cs:line 224
   at System.Runtime.CompilerServices.AsyncMethodBuilderCore.Start[TStateMachine](TStateMachine&amp; stateMachine)
   at Microsoft.SqlTools.ServiceLayer.IntegrationTests.ModelManagement.ModelManagementServiceTests.VerifyGetModelRequest()</failure>
    </testcase>
    <testcase classname="Microsoft.SqlTools.ServiceLayer.IntegrationTests.ModelManagement.ModelManagementServiceTests" name="VerifyImportModelRequest" time="0.0012770">
      <failure type="failure" message="  Cannot find any instance for version key: sqlOnPrem&#xA;  Expected: True&#xA;  But was:  False&#xA;">at Microsoft.SqlTools.ServiceLayer.Test.Common.TestConnectionProfileService.GetInstance(String key) in /Users/aasimkhan/src/sqltoolsservice/test/Microsoft.SqlTools.ServiceLayer.Test.Common/TestConnectionProfileService.cs:line 59
   at Microsoft.SqlTools.ServiceLayer.Test.Common.TestConnectionProfileService.GetConnectionParameters(String key, String databaseName) in /Users/aasimkhan/src/sqltoolsservice/test/Microsoft.SqlTools.ServiceLayer.Test.Common/TestConnectionProfileService.cs:line 65
   at Microsoft.SqlTools.ServiceLayer.Test.Common.TestConnectionProfileService.GetConnectionParameters(TestServerType serverType, String databaseName) in /Users/aasimkhan/src/sqltoolsservice/test/Microsoft.SqlTools.ServiceLayer.Test.Common/TestConnectionProfileService.cs:line 75
   at Microsoft.SqlTools.ServiceLayer.IntegrationTests.Utility.LiveConnectionHelper.InitLiveConnectionInfoAsync(String databaseName, String ownerUri, String connectionType, TestServerType serverType) in /Users/aasimkhan/src/sqltoolsservice/test/Microsoft.SqlTools.ServiceLayer.IntegrationTests/Utility/LiveConnectionHelper.cs:line 68
   at Microsoft.SqlTools.ServiceLayer.IntegrationTests.ModelManagement.ModelManagementServiceTests.VerifyRequst[T](Func`3 test, Action`1 verify) in /Users/aasimkhan/src/sqltoolsservice/test/Microsoft.SqlTools.ServiceLayer.IntegrationTests/ModelManagement/ModelManagementServiceTests.cs:line 294
   at Microsoft.SqlTools.ServiceLayer.IntegrationTests.ModelManagement.ModelManagementServiceTests.VerifyImportModelRequest() in /Users/aasimkhan/src/sqltoolsservice/test/Microsoft.SqlTools.ServiceLayer.IntegrationTests/ModelManagement/ModelManagementServiceTests.cs:line 75
   at NUnit.Framework.Internal.TaskAwaitAdapter.GenericAdapter`1.GetResult()
   at NUnit.Framework.Internal.AsyncToSyncAdapter.Await(Func`1 invoke)
   at NUnit.Framework.Internal.Commands.TestMethodCommand.RunTestMethod(TestExecutionContext context)
   at NUnit.Framework.Internal.Commands.TestMethodCommand.Execute(TestExecutionContext context)
   at NUnit.Framework.Internal.Execution.SimpleWorkItem.&lt;&gt;c__DisplayClass4_0.&lt;PerformWork&gt;b__0()
   at NUnit.Framework.Internal.ContextUtils.&lt;&gt;c__DisplayClass1_0`1.&lt;DoIsolated&gt;b__0(Object _)

1)    at Microsoft.SqlTools.ServiceLayer.Test.Common.TestConnectionProfileService.GetInstance(String key) in /Users/aasimkhan/src/sqltoolsservice/test/Microsoft.SqlTools.ServiceLayer.Test.Common/TestConnectionProfileService.cs:line 59
   at Microsoft.SqlTools.ServiceLayer.Test.Common.TestConnectionProfileService.GetConnectionParameters(String key, String databaseName) in /Users/aasimkhan/src/sqltoolsservice/test/Microsoft.SqlTools.ServiceLayer.Test.Common/TestConnectionProfileService.cs:line 65
   at Microsoft.SqlTools.ServiceLayer.Test.Common.TestConnectionProfileService.GetConnectionParameters(TestServerType serverType, String databaseName) in /Users/aasimkhan/src/sqltoolsservice/test/Microsoft.SqlTools.ServiceLayer.Test.Common/TestConnectionProfileService.cs:line 75
   at Microsoft.SqlTools.ServiceLayer.IntegrationTests.Utility.LiveConnectionHelper.InitLiveConnectionInfoAsync(String databaseName, String ownerUri, String connectionType, TestServerType serverType) in /Users/aasimkhan/src/sqltoolsservice/test/Microsoft.SqlTools.ServiceLayer.IntegrationTests/Utility/LiveConnectionHelper.cs:line 68
   at System.Runtime.CompilerServices.AsyncMethodBuilderCore.Start[TStateMachine](TStateMachine&amp; stateMachine)
   at Microsoft.SqlTools.ServiceLayer.IntegrationTests.Utility.LiveConnectionHelper.InitLiveConnectionInfoAsync(String databaseName, String ownerUri, String connectionType, TestServerType serverType)
   at Microsoft.SqlTools.ServiceLayer.IntegrationTests.ModelManagement.ModelManagementServiceTests.VerifyRequst[T](Func`3 test, Action`1 verify) in /Users/aasimkhan/src/sqltoolsservice/test/Microsoft.SqlTools.ServiceLayer.IntegrationTests/ModelManagement/ModelManagementServiceTests.cs:line 294
   at System.Runtime.CompilerServices.AsyncMethodBuilderCore.Start[TStateMachine](TStateMachine&amp; stateMachine)
   at Microsoft.SqlTools.ServiceLayer.IntegrationTests.ModelManagement.ModelManagementServiceTests.VerifyRequst[T](Func`3 test, Action`1 verify)
   at Microsoft.SqlTools.ServiceLayer.IntegrationTests.ModelManagement.ModelManagementServiceTests.VerifyImportModelRequest() in /Users/aasimkhan/src/sqltoolsservice/test/Microsoft.SqlTools.ServiceLayer.IntegrationTests/ModelManagement/ModelManagementServiceTests.cs:line 75
   at System.Runtime.CompilerServices.AsyncMethodBuilderCore.Start[TStateMachine](TStateMachine&amp; stateMachine)
   at Microsoft.SqlTools.ServiceLayer.IntegrationTests.ModelManagement.ModelManagementServiceTests.VerifyImportModelRequest()</failure>
    </testcase>
    <testcase classname="Microsoft.SqlTools.ServiceLayer.IntegrationTests.ModelManagement.ModelManagementServiceTests" name="VerifyInvalidConnectionResponse" time="0.0018350">
      <failure type="failure" message="  Cannot find any instance for version key: sqlOnPrem&#xA;  Expected: True&#xA;  But was:  False&#xA;">at Microsoft.SqlTools.ServiceLayer.Test.Common.TestConnectionProfileService.GetInstance(String key) in /Users/aasimkhan/src/sqltoolsservice/test/Microsoft.SqlTools.ServiceLayer.Test.Common/TestConnectionProfileService.cs:line 59
   at Microsoft.SqlTools.ServiceLayer.Test.Common.TestConnectionProfileService.GetConnectionParameters(String key, String databaseName) in /Users/aasimkhan/src/sqltoolsservice/test/Microsoft.SqlTools.ServiceLayer.Test.Common/TestConnectionProfileService.cs:line 65
   at Microsoft.SqlTools.ServiceLayer.Test.Common.TestConnectionProfileService.GetConnectionParameters(TestServerType serverType, String databaseName) in /Users/aasimkhan/src/sqltoolsservice/test/Microsoft.SqlTools.ServiceLayer.Test.Common/TestConnectionProfileService.cs:line 75
   at Microsoft.SqlTools.ServiceLayer.IntegrationTests.Utility.LiveConnectionHelper.InitLiveConnectionInfoAsync(String databaseName, String ownerUri, String connectionType, TestServerType serverType) in /Users/aasimkhan/src/sqltoolsservice/test/Microsoft.SqlTools.ServiceLayer.IntegrationTests/Utility/LiveConnectionHelper.cs:line 68
   at Microsoft.SqlTools.ServiceLayer.IntegrationTests.ModelManagement.ModelManagementServiceTests.VerifyError[T](Func`3 test) in /Users/aasimkhan/src/sqltoolsservice/test/Microsoft.SqlTools.ServiceLayer.IntegrationTests/ModelManagement/ModelManagementServiceTests.cs:line 311
   at Microsoft.SqlTools.ServiceLayer.IntegrationTests.ModelManagement.ModelManagementServiceTests.VerifyInvalidConnectionResponse() in /Users/aasimkhan/src/sqltoolsservice/test/Microsoft.SqlTools.ServiceLayer.IntegrationTests/ModelManagement/ModelManagementServiceTests.cs:line 281
   at NUnit.Framework.Internal.TaskAwaitAdapter.GenericAdapter`1.GetResult()
   at NUnit.Framework.Internal.AsyncToSyncAdapter.Await(Func`1 invoke)
   at NUnit.Framework.Internal.Commands.TestMethodCommand.RunTestMethod(TestExecutionContext context)
   at NUnit.Framework.Internal.Commands.TestMethodCommand.Execute(TestExecutionContext context)
   at NUnit.Framework.Internal.Execution.SimpleWorkItem.&lt;&gt;c__DisplayClass4_0.&lt;PerformWork&gt;b__0()
   at NUnit.Framework.Internal.ContextUtils.&lt;&gt;c__DisplayClass1_0`1.&lt;DoIsolated&gt;b__0(Object _)

1)    at Microsoft.SqlTools.ServiceLayer.Test.Common.TestConnectionProfileService.GetInstance(String key) in /Users/aasimkhan/src/sqltoolsservice/test/Microsoft.SqlTools.ServiceLayer.Test.Common/TestConnectionProfileService.cs:line 59
   at Microsoft.SqlTools.ServiceLayer.Test.Common.TestConnectionProfileService.GetConnectionParameters(String key, String databaseName) in /Users/aasimkhan/src/sqltoolsservice/test/Microsoft.SqlTools.ServiceLayer.Test.Common/TestConnectionProfileService.cs:line 65
   at Microsoft.SqlTools.ServiceLayer.Test.Common.TestConnectionProfileService.GetConnectionParameters(TestServerType serverType, String databaseName) in /Users/aasimkhan/src/sqltoolsservice/test/Microsoft.SqlTools.ServiceLayer.Test.Common/TestConnectionProfileService.cs:line 75
   at Microsoft.SqlTools.ServiceLayer.IntegrationTests.Utility.LiveConnectionHelper.InitLiveConnectionInfoAsync(String databaseName, String ownerUri, String connectionType, TestServerType serverType) in /Users/aasimkhan/src/sqltoolsservice/test/Microsoft.SqlTools.ServiceLayer.IntegrationTests/Utility/LiveConnectionHelper.cs:line 68
   at System.Runtime.CompilerServices.AsyncMethodBuilderCore.Start[TStateMachine](TStateMachine&amp; stateMachine)
   at Microsoft.SqlTools.ServiceLayer.IntegrationTests.Utility.LiveConnectionHelper.InitLiveConnectionInfoAsync(String databaseName, String ownerUri, String connectionType, TestServerType serverType)
   at Microsoft.SqlTools.ServiceLayer.IntegrationTests.ModelManagement.ModelManagementServiceTests.VerifyError[T](Func`3 test) in /Users/aasimkhan/src/sqltoolsservice/test/Microsoft.SqlTools.ServiceLayer.IntegrationTests/ModelManagement/ModelManagementServiceTests.cs:line 311
   at System.Runtime.CompilerServices.AsyncMethodBuilderCore.Start[TStateMachine](TStateMachine&amp; stateMachine)
   at Microsoft.SqlTools.ServiceLayer.IntegrationTests.ModelManagement.ModelManagementServiceTests.VerifyError[T](Func`3 test)
   at Microsoft.SqlTools.ServiceLayer.IntegrationTests.ModelManagement.ModelManagementServiceTests.VerifyInvalidConnectionResponse() in /Users/aasimkhan/src/sqltoolsservice/test/Microsoft.SqlTools.ServiceLayer.IntegrationTests/ModelManagement/ModelManagementServiceTests.cs:line 281
   at System.Runtime.CompilerServices.AsyncMethodBuilderCore.Start[TStateMachine](TStateMachine&amp; stateMachine)
   at Microsoft.SqlTools.ServiceLayer.IntegrationTests.ModelManagement.ModelManagementServiceTests.VerifyInvalidConnectionResponse()</failure>
    </testcase>
    <testcase classname="Microsoft.SqlTools.ServiceLayer.IntegrationTests.ModelManagement.ModelManagementServiceTests" name="VerifyModelTableRequest" time="0.0018070">
      <failure type="failure" message="  Cannot find any instance for version key: sqlOnPrem&#xA;  Expected: True&#xA;  But was:  False&#xA;">at Microsoft.SqlTools.ServiceLayer.Test.Common.TestConnectionProfileService.GetInstance(String key) in /Users/aasimkhan/src/sqltoolsservice/test/Microsoft.SqlTools.ServiceLayer.Test.Common/TestConnectionProfileService.cs:line 59
   at Microsoft.SqlTools.ServiceLayer.Test.Common.TestConnectionProfileService.GetConnectionParameters(String key, String databaseName) in /Users/aasimkhan/src/sqltoolsservice/test/Microsoft.SqlTools.ServiceLayer.Test.Common/TestConnectionProfileService.cs:line 65
   at Microsoft.SqlTools.ServiceLayer.Test.Common.TestConnectionProfileService.GetConnectionParameters(TestServerType serverType, String databaseName) in /Users/aasimkhan/src/sqltoolsservice/test/Microsoft.SqlTools.ServiceLayer.Test.Common/TestConnectionProfileService.cs:line 75
   at Microsoft.SqlTools.ServiceLayer.IntegrationTests.Utility.LiveConnectionHelper.InitLiveConnectionInfoAsync(String databaseName, String ownerUri, String connectionType, TestServerType serverType) in /Users/aasimkhan/src/sqltoolsservice/test/Microsoft.SqlTools.ServiceLayer.IntegrationTests/Utility/LiveConnectionHelper.cs:line 68
   at Microsoft.SqlTools.ServiceLayer.IntegrationTests.ModelManagement.ModelManagementServiceTests.VerifyRequst[T](Func`3 test, Action`1 verify) in /Users/aasimkhan/src/sqltoolsservice/test/Microsoft.SqlTools.ServiceLayer.IntegrationTests/ModelManagement/ModelManagementServiceTests.cs:line 294
   at Microsoft.SqlTools.ServiceLayer.IntegrationTests.ModelManagement.ModelManagementServiceTests.VerifyModelTableRequest() in /Users/aasimkhan/src/sqltoolsservice/test/Microsoft.SqlTools.ServiceLayer.IntegrationTests/ModelManagement/ModelManagementServiceTests.cs:line 165
   at NUnit.Framework.Internal.TaskAwaitAdapter.GenericAdapter`1.GetResult()
   at NUnit.Framework.Internal.AsyncToSyncAdapter.Await(Func`1 invoke)
   at NUnit.Framework.Internal.Commands.TestMethodCommand.RunTestMethod(TestExecutionContext context)
   at NUnit.Framework.Internal.Commands.TestMethodCommand.Execute(TestExecutionContext context)
   at NUnit.Framework.Internal.Execution.SimpleWorkItem.&lt;&gt;c__DisplayClass4_0.&lt;PerformWork&gt;b__0()
   at NUnit.Framework.Internal.ContextUtils.&lt;&gt;c__DisplayClass1_0`1.&lt;DoIsolated&gt;b__0(Object _)

1)    at Microsoft.SqlTools.ServiceLayer.Test.Common.TestConnectionProfileService.GetInstance(String key) in /Users/aasimkhan/src/sqltoolsservice/test/Microsoft.SqlTools.ServiceLayer.Test.Common/TestConnectionProfileService.cs:line 59
   at Microsoft.SqlTools.ServiceLayer.Test.Common.TestConnectionProfileService.GetConnectionParameters(String key, String databaseName) in /Users/aasimkhan/src/sqltoolsservice/test/Microsoft.SqlTools.ServiceLayer.Test.Common/TestConnectionProfileService.cs:line 65
   at Microsoft.SqlTools.ServiceLayer.Test.Common.TestConnectionProfileService.GetConnectionParameters(TestServerType serverType, String databaseName) in /Users/aasimkhan/src/sqltoolsservice/test/Microsoft.SqlTools.ServiceLayer.Test.Common/TestConnectionProfileService.cs:line 75
   at Microsoft.SqlTools.ServiceLayer.IntegrationTests.Utility.LiveConnectionHelper.InitLiveConnectionInfoAsync(String databaseName, String ownerUri, String connectionType, TestServerType serverType) in /Users/aasimkhan/src/sqltoolsservice/test/Microsoft.SqlTools.ServiceLayer.IntegrationTests/Utility/LiveConnectionHelper.cs:line 68
   at System.Runtime.CompilerServices.AsyncMethodBuilderCore.Start[TStateMachine](TStateMachine&amp; stateMachine)
   at Microsoft.SqlTools.ServiceLayer.IntegrationTests.Utility.LiveConnectionHelper.InitLiveConnectionInfoAsync(String databaseName, String ownerUri, String connectionType, TestServerType serverType)
   at Microsoft.SqlTools.ServiceLayer.IntegrationTests.ModelManagement.ModelManagementServiceTests.VerifyRequst[T](Func`3 test, Action`1 verify) in /Users/aasimkhan/src/sqltoolsservice/test/Microsoft.SqlTools.ServiceLayer.IntegrationTests/ModelManagement/ModelManagementServiceTests.cs:line 294
   at System.Runtime.CompilerServices.AsyncMethodBuilderCore.Start[TStateMachine](TStateMachine&amp; stateMachine)
   at Microsoft.SqlTools.ServiceLayer.IntegrationTests.ModelManagement.ModelManagementServiceTests.VerifyRequst[T](Func`3 test, Action`1 verify)
   at Microsoft.SqlTools.ServiceLayer.IntegrationTests.ModelManagement.ModelManagementServiceTests.VerifyModelTableRequest() in /Users/aasimkhan/src/sqltoolsservice/test/Microsoft.SqlTools.ServiceLayer.IntegrationTests/ModelManagement/ModelManagementServiceTests.cs:line 165
   at System.Runtime.CompilerServices.AsyncMethodBuilderCore.Start[TStateMachine](TStateMachine&amp; stateMachine)
   at Microsoft.SqlTools.ServiceLayer.IntegrationTests.ModelManagement.ModelManagementServiceTests.VerifyModelTableRequest()</failure>
    </testcase>
    <testcase classname="Microsoft.SqlTools.ServiceLayer.IntegrationTests.ModelManagement.ModelManagementServiceTests" name="VerifyRequestFailedResponse" time="0.0011689">
      <failure type="failure" message="  Cannot find any instance for version key: sqlOnPrem&#xA;  Expected: True&#xA;  But was:  False&#xA;">at Microsoft.SqlTools.ServiceLayer.Test.Common.TestConnectionProfileService.GetInstance(String key) in /Users/aasimkhan/src/sqltoolsservice/test/Microsoft.SqlTools.ServiceLayer.Test.Common/TestConnectionProfileService.cs:line 59
   at Microsoft.SqlTools.ServiceLayer.Test.Common.TestConnectionProfileService.GetConnectionParameters(String key, String databaseName) in /Users/aasimkhan/src/sqltoolsservice/test/Microsoft.SqlTools.ServiceLayer.Test.Common/TestConnectionProfileService.cs:line 65
   at Microsoft.SqlTools.ServiceLayer.Test.Common.TestConnectionProfileService.GetConnectionParameters(TestServerType serverType, String databaseName) in /Users/aasimkhan/src/sqltoolsservice/test/Microsoft.SqlTools.ServiceLayer.Test.Common/TestConnectionProfileService.cs:line 75
   at Microsoft.SqlTools.ServiceLayer.IntegrationTests.Utility.LiveConnectionHelper.InitLiveConnectionInfoAsync(String databaseName, String ownerUri, String connectionType, TestServerType serverType) in /Users/aasimkhan/src/sqltoolsservice/test/Microsoft.SqlTools.ServiceLayer.IntegrationTests/Utility/LiveConnectionHelper.cs:line 68
   at Microsoft.SqlTools.ServiceLayer.IntegrationTests.ModelManagement.ModelManagementServiceTests.VerifyError[T](Func`3 test) in /Users/aasimkhan/src/sqltoolsservice/test/Microsoft.SqlTools.ServiceLayer.IntegrationTests/ModelManagement/ModelManagementServiceTests.cs:line 311
   at Microsoft.SqlTools.ServiceLayer.IntegrationTests.ModelManagement.ModelManagementServiceTests.VerifyRequestFailedResponse() in /Users/aasimkhan/src/sqltoolsservice/test/Microsoft.SqlTools.ServiceLayer.IntegrationTests/ModelManagement/ModelManagementServiceTests.cs:line 255
   at NUnit.Framework.Internal.TaskAwaitAdapter.GenericAdapter`1.GetResult()
   at NUnit.Framework.Internal.AsyncToSyncAdapter.Await(Func`1 invoke)
   at NUnit.Framework.Internal.Commands.TestMethodCommand.RunTestMethod(TestExecutionContext context)
   at NUnit.Framework.Internal.Commands.TestMethodCommand.Execute(TestExecutionContext context)
   at NUnit.Framework.Internal.Execution.SimpleWorkItem.&lt;&gt;c__DisplayClass4_0.&lt;PerformWork&gt;b__0()
   at NUnit.Framework.Internal.ContextUtils.&lt;&gt;c__DisplayClass1_0`1.&lt;DoIsolated&gt;b__0(Object _)

1)    at Microsoft.SqlTools.ServiceLayer.Test.Common.TestConnectionProfileService.GetInstance(String key) in /Users/aasimkhan/src/sqltoolsservice/test/Microsoft.SqlTools.ServiceLayer.Test.Common/TestConnectionProfileService.cs:line 59
   at Microsoft.SqlTools.ServiceLayer.Test.Common.TestConnectionProfileService.GetConnectionParameters(String key, String databaseName) in /Users/aasimkhan/src/sqltoolsservice/test/Microsoft.SqlTools.ServiceLayer.Test.Common/TestConnectionProfileService.cs:line 65
   at Microsoft.SqlTools.ServiceLayer.Test.Common.TestConnectionProfileService.GetConnectionParameters(TestServerType serverType, String databaseName) in /Users/aasimkhan/src/sqltoolsservice/test/Microsoft.SqlTools.ServiceLayer.Test.Common/TestConnectionProfileService.cs:line 75
   at Microsoft.SqlTools.ServiceLayer.IntegrationTests.Utility.LiveConnectionHelper.InitLiveConnectionInfoAsync(String databaseName, String ownerUri, String connectionType, TestServerType serverType) in /Users/aasimkhan/src/sqltoolsservice/test/Microsoft.SqlTools.ServiceLayer.IntegrationTests/Utility/LiveConnectionHelper.cs:line 68
   at System.Runtime.CompilerServices.AsyncMethodBuilderCore.Start[TStateMachine](TStateMachine&amp; stateMachine)
   at Microsoft.SqlTools.ServiceLayer.IntegrationTests.Utility.LiveConnectionHelper.InitLiveConnectionInfoAsync(String databaseName, String ownerUri, String connectionType, TestServerType serverType)
   at Microsoft.SqlTools.ServiceLayer.IntegrationTests.ModelManagement.ModelManagementServiceTests.VerifyError[T](Func`3 test) in /Users/aasimkhan/src/sqltoolsservice/test/Microsoft.SqlTools.ServiceLayer.IntegrationTests/ModelManagement/ModelManagementServiceTests.cs:line 311
   at System.Runtime.CompilerServices.AsyncMethodBuilderCore.Start[TStateMachine](TStateMachine&amp; stateMachine)
   at Microsoft.SqlTools.ServiceLayer.IntegrationTests.ModelManagement.ModelManagementServiceTests.VerifyError[T](Func`3 test)
   at Microsoft.SqlTools.ServiceLayer.IntegrationTests.ModelManagement.ModelManagementServiceTests.VerifyRequestFailedResponse() in /Users/aasimkhan/src/sqltoolsservice/test/Microsoft.SqlTools.ServiceLayer.IntegrationTests/ModelManagement/ModelManagementServiceTests.cs:line 255
   at System.Runtime.CompilerServices.AsyncMethodBuilderCore.Start[TStateMachine](TStateMachine&amp; stateMachine)
   at Microsoft.SqlTools.ServiceLayer.IntegrationTests.ModelManagement.ModelManagementServiceTests.VerifyRequestFailedResponse()</failure>
    </testcase>
    <testcase classname="Microsoft.SqlTools.ServiceLayer.IntegrationTests.ModelManagement.ModelManagementServiceTests" name="VerifyUpdateModelRequest" time="0.0012590">
      <failure type="failure" message="  Cannot find any instance for version key: sqlOnPrem&#xA;  Expected: True&#xA;  But was:  False&#xA;">at Microsoft.SqlTools.ServiceLayer.Test.Common.TestConnectionProfileService.GetInstance(String key) in /Users/aasimkhan/src/sqltoolsservice/test/Microsoft.SqlTools.ServiceLayer.Test.Common/TestConnectionProfileService.cs:line 59
   at Microsoft.SqlTools.ServiceLayer.Test.Common.TestConnectionProfileService.GetConnectionParameters(String key, String databaseName) in /Users/aasimkhan/src/sqltoolsservice/test/Microsoft.SqlTools.ServiceLayer.Test.Common/TestConnectionProfileService.cs:line 65
   at Microsoft.SqlTools.ServiceLayer.Test.Common.TestConnectionProfileService.GetConnectionParameters(TestServerType serverType, String databaseName) in /Users/aasimkhan/src/sqltoolsservice/test/Microsoft.SqlTools.ServiceLayer.Test.Common/TestConnectionProfileService.cs:line 75
   at Microsoft.SqlTools.ServiceLayer.IntegrationTests.Utility.LiveConnectionHelper.InitLiveConnectionInfoAsync(String databaseName, String ownerUri, String connectionType, TestServerType serverType) in /Users/aasimkhan/src/sqltoolsservice/test/Microsoft.SqlTools.ServiceLayer.IntegrationTests/Utility/LiveConnectionHelper.cs:line 68
   at Microsoft.SqlTools.ServiceLayer.IntegrationTests.ModelManagement.ModelManagementServiceTests.VerifyRequst[T](Func`3 test, Action`1 verify) in /Users/aasimkhan/src/sqltoolsservice/test/Microsoft.SqlTools.ServiceLayer.IntegrationTests/ModelManagement/ModelManagementServiceTests.cs:line 294
   at Microsoft.SqlTools.ServiceLayer.IntegrationTests.ModelManagement.ModelManagementServiceTests.VerifyUpdateModelRequest() in /Users/aasimkhan/src/sqltoolsservice/test/Microsoft.SqlTools.ServiceLayer.IntegrationTests/ModelManagement/ModelManagementServiceTests.cs:line 105
   at NUnit.Framework.Internal.TaskAwaitAdapter.GenericAdapter`1.GetResult()
   at NUnit.Framework.Internal.AsyncToSyncAdapter.Await(Func`1 invoke)
   at NUnit.Framework.Internal.Commands.TestMethodCommand.RunTestMethod(TestExecutionContext context)
   at NUnit.Framework.Internal.Commands.TestMethodCommand.Execute(TestExecutionContext context)
   at NUnit.Framework.Internal.Execution.SimpleWorkItem.&lt;&gt;c__DisplayClass4_0.&lt;PerformWork&gt;b__0()
   at NUnit.Framework.Internal.ContextUtils.&lt;&gt;c__DisplayClass1_0`1.&lt;DoIsolated&gt;b__0(Object _)

1)    at Microsoft.SqlTools.ServiceLayer.Test.Common.TestConnectionProfileService.GetInstance(String key) in /Users/aasimkhan/src/sqltoolsservice/test/Microsoft.SqlTools.ServiceLayer.Test.Common/TestConnectionProfileService.cs:line 59
   at Microsoft.SqlTools.ServiceLayer.Test.Common.TestConnectionProfileService.GetConnectionParameters(String key, String databaseName) in /Users/aasimkhan/src/sqltoolsservice/test/Microsoft.SqlTools.ServiceLayer.Test.Common/TestConnectionProfileService.cs:line 65
   at Microsoft.SqlTools.ServiceLayer.Test.Common.TestConnectionProfileService.GetConnectionParameters(TestServerType serverType, String databaseName) in /Users/aasimkhan/src/sqltoolsservice/test/Microsoft.SqlTools.ServiceLayer.Test.Common/TestConnectionProfileService.cs:line 75
   at Microsoft.SqlTools.ServiceLayer.IntegrationTests.Utility.LiveConnectionHelper.InitLiveConnectionInfoAsync(String databaseName, String ownerUri, String connectionType, TestServerType serverType) in /Users/aasimkhan/src/sqltoolsservice/test/Microsoft.SqlTools.ServiceLayer.IntegrationTests/Utility/LiveConnectionHelper.cs:line 68
   at System.Runtime.CompilerServices.AsyncMethodBuilderCore.Start[TStateMachine](TStateMachine&amp; stateMachine)
   at Microsoft.SqlTools.ServiceLayer.IntegrationTests.Utility.LiveConnectionHelper.InitLiveConnectionInfoAsync(String databaseName, String ownerUri, String connectionType, TestServerType serverType)
   at Microsoft.SqlTools.ServiceLayer.IntegrationTests.ModelManagement.ModelManagementServiceTests.VerifyRequst[T](Func`3 test, Action`1 verify) in /Users/aasimkhan/src/sqltoolsservice/test/Microsoft.SqlTools.ServiceLayer.IntegrationTests/ModelManagement/ModelManagementServiceTests.cs:line 294
   at System.Runtime.CompilerServices.AsyncMethodBuilderCore.Start[TStateMachine](TStateMachine&amp; stateMachine)
   at Microsoft.SqlTools.ServiceLayer.IntegrationTests.ModelManagement.ModelManagementServiceTests.VerifyRequst[T](Func`3 test, Action`1 verify)
   at Microsoft.SqlTools.ServiceLayer.IntegrationTests.ModelManagement.ModelManagementServiceTests.VerifyUpdateModelRequest() in /Users/aasimkhan/src/sqltoolsservice/test/Microsoft.SqlTools.ServiceLayer.IntegrationTests/ModelManagement/ModelManagementServiceTests.cs:line 105
   at System.Runtime.CompilerServices.AsyncMethodBuilderCore.Start[TStateMachine](TStateMachine&amp; stateMachine)
   at Microsoft.SqlTools.ServiceLayer.IntegrationTests.ModelManagement.ModelManagementServiceTests.VerifyUpdateModelRequest()</failure>
    </testcase>
    <testcase classname="Microsoft.SqlTools.ServiceLayer.IntegrationTests.ModelManagement.ModelOperationsTests" name="DeleteModelShouldDeleteSuccessfullyGivenValidModel" time="0.0016190">
      <failure type="failure" message="System.AggregateException : One or more errors occurred. (  Cannot find any instance for version key: sqlOnPrem&#xA;  Expected: True&#xA;  But was:  False&#xA;)&#xA;  ----&gt; NUnit.Framework.AssertionException :   Cannot find any instance for version key: sqlOnPrem&#xA;  Expected: True&#xA;  But was:  False&#xA;&#xA;&#xA;  1)   Cannot find any instance for version key: sqlOnPrem&#xA;  Expected: True&#xA;  But was:  False&#xA;&#xA;">at System.Threading.Tasks.Task.ThrowIfExceptional(Boolean includeTaskCanceledExceptions)
   at System.Threading.Tasks.Task`1.GetResultCore(Boolean waitCompletionNotification)
   at Microsoft.SqlTools.ServiceLayer.Test.Common.SqlTestDb.CreateNew(TestServerType serverType, Boolean doNotCleanupDb, String databaseName, String query, String dbNamePrefix) in /Users/aasimkhan/src/sqltoolsservice/test/Microsoft.SqlTools.ServiceLayer.Test.Common/SqlTestDb.cs:line 84
   at Microsoft.SqlTools.ServiceLayer.IntegrationTests.ModelManagement.ModelOperationsTests.VerifyModelOperation[T](Func`4 operation, String dbName, String tbName) in /Users/aasimkhan/src/sqltoolsservice/test/Microsoft.SqlTools.ServiceLayer.IntegrationTests/ModelManagement/ModelOperationsTests.cs:line 339
   at Microsoft.SqlTools.ServiceLayer.IntegrationTests.ModelManagement.ModelOperationsTests.DeleteModelShouldDeleteSuccessfullyGivenValidModel() in /Users/aasimkhan/src/sqltoolsservice/test/Microsoft.SqlTools.ServiceLayer.IntegrationTests/ModelManagement/ModelOperationsTests.cs:line 219
   at System.RuntimeMethodHandle.InvokeMethod(Object target, Void** arguments, Signature sig, Boolean isConstructor)
   at System.Reflection.MethodBaseInvoker.InvokeWithNoArgs(Object obj, BindingFlags invokeAttr)
--AssertionException
   at NUnit.Framework.Assert.ReportFailure(String message)
   at NUnit.Framework.Assert.ReportFailure(ConstraintResult result, String message, Object[] args)
   at NUnit.Framework.Assert.That[TActual](TActual actual, IResolveConstraint expression, String message, Object[] args)
   at NUnit.Framework.Assert.True(Boolean condition, String message, Object[] args)
   at Microsoft.SqlTools.ServiceLayer.Test.Common.TestConnectionProfileService.GetInstance(String key) in /Users/aasimkhan/src/sqltoolsservice/test/Microsoft.SqlTools.ServiceLayer.Test.Common/TestConnectionProfileService.cs:line 59
   at Microsoft.SqlTools.ServiceLayer.Test.Common.TestConnectionProfileService.GetConnectionParameters(String key, String databaseName) in /Users/aasimkhan/src/sqltoolsservice/test/Microsoft.SqlTools.ServiceLayer.Test.Common/TestConnectionProfileService.cs:line 65
   at Microsoft.SqlTools.ServiceLayer.Test.Common.TestConnectionProfileService.GetConnectionParameters(TestServerType serverType, String databaseName) in /Users/aasimkhan/src/sqltoolsservice/test/Microsoft.SqlTools.ServiceLayer.Test.Common/TestConnectionProfileService.cs:line 75
   at Microsoft.SqlTools.ServiceLayer.Test.Common.TestServiceProvider.InitLiveConnectionInfo(TestServerType serverType, String databaseName, String scriptFilePath) in /Users/aasimkhan/src/sqltoolsservice/test/Microsoft.SqlTools.ServiceLayer.Test.Common/TestServiceProvider.cs:line 142
   at Microsoft.SqlTools.ServiceLayer.Test.Common.TestServiceProvider.RunQueryAsync(TestServerType serverType, String databaseName, String queryText, Boolean throwOnError) in /Users/aasimkhan/src/sqltoolsservice/test/Microsoft.SqlTools.ServiceLayer.Test.Common/TestServiceProvider.cs:line 110
   at Microsoft.SqlTools.ServiceLayer.Test.Common.SqlTestDb.CreateNewAsync(TestServerType serverType, Boolean doNotCleanupDb, String databaseName, String query, String dbNamePrefix) in /Users/aasimkhan/src/sqltoolsservice/test/Microsoft.SqlTools.ServiceLayer.Test.Common/SqlTestDb.cs:line 101
1)    at Microsoft.SqlTools.ServiceLayer.Test.Common.TestConnectionProfileService.GetInstance(String key) in /Users/aasimkhan/src/sqltoolsservice/test/Microsoft.SqlTools.ServiceLayer.Test.Common/TestConnectionProfileService.cs:line 59
   at Microsoft.SqlTools.ServiceLayer.Test.Common.TestConnectionProfileService.GetConnectionParameters(String key, String databaseName) in /Users/aasimkhan/src/sqltoolsservice/test/Microsoft.SqlTools.ServiceLayer.Test.Common/TestConnectionProfileService.cs:line 65
   at Microsoft.SqlTools.ServiceLayer.Test.Common.TestConnectionProfileService.GetConnectionParameters(TestServerType serverType, String databaseName) in /Users/aasimkhan/src/sqltoolsservice/test/Microsoft.SqlTools.ServiceLayer.Test.Common/TestConnectionProfileService.cs:line 75
   at Microsoft.SqlTools.ServiceLayer.Test.Common.TestServiceProvider.InitLiveConnectionInfo(TestServerType serverType, String databaseName, String scriptFilePath) in /Users/aasimkhan/src/sqltoolsservice/test/Microsoft.SqlTools.ServiceLayer.Test.Common/TestServiceProvider.cs:line 142
   at System.Runtime.CompilerServices.AsyncMethodBuilderCore.Start[TStateMachine](TStateMachine&amp; stateMachine)
   at Microsoft.SqlTools.ServiceLayer.Test.Common.TestServiceProvider.InitLiveConnectionInfo(TestServerType serverType, String databaseName, String scriptFilePath)
   at Microsoft.SqlTools.ServiceLayer.Test.Common.TestServiceProvider.RunQueryAsync(TestServerType serverType, String databaseName, String queryText, Boolean throwOnError) in /Users/aasimkhan/src/sqltoolsservice/test/Microsoft.SqlTools.ServiceLayer.Test.Common/TestServiceProvider.cs:line 110
   at System.Runtime.CompilerServices.AsyncMethodBuilderCore.Start[TStateMachine](TStateMachine&amp; stateMachine)
   at Microsoft.SqlTools.ServiceLayer.Test.Common.TestServiceProvider.RunQueryAsync(TestServerType serverType, String databaseName, String queryText, Boolean throwOnError)
   at Microsoft.SqlTools.ServiceLayer.Test.Common.SqlTestDb.CreateNewAsync(TestServerType serverType, Boolean doNotCleanupDb, String databaseName, String query, String dbNamePrefix) in /Users/aasimkhan/src/sqltoolsservice/test/Microsoft.SqlTools.ServiceLayer.Test.Common/SqlTestDb.cs:line 101
   at System.Runtime.CompilerServices.AsyncMethodBuilderCore.Start[TStateMachine](TStateMachine&amp; stateMachine)
   at Microsoft.SqlTools.ServiceLayer.Test.Common.SqlTestDb.CreateNewAsync(TestServerType serverType, Boolean doNotCleanupDb, String databaseName, String query, String dbNamePrefix)
   at Microsoft.SqlTools.ServiceLayer.Test.Common.SqlTestDb.CreateNew(TestServerType serverType, Boolean doNotCleanupDb, String databaseName, String query, String dbNamePrefix) in /Users/aasimkhan/src/sqltoolsservice/test/Microsoft.SqlTools.ServiceLayer.Test.Common/SqlTestDb.cs:line 84
   at Microsoft.SqlTools.ServiceLayer.IntegrationTests.ModelManagement.ModelOperationsTests.VerifyModelOperation[T](Func`4 operation, String dbName, String tbName) in /Users/aasimkhan/src/sqltoolsservice/test/Microsoft.SqlTools.ServiceLayer.IntegrationTests/ModelManagement/ModelOperationsTests.cs:line 339
   at Microsoft.SqlTools.ServiceLayer.IntegrationTests.ModelManagement.ModelOperationsTests.DeleteModelShouldDeleteSuccessfullyGivenValidModel() in /Users/aasimkhan/src/sqltoolsservice/test/Microsoft.SqlTools.ServiceLayer.IntegrationTests/ModelManagement/ModelOperationsTests.cs:line 219

2)    at System.Threading.Tasks.Task.ThrowIfExceptional(Boolean includeTaskCanceledExceptions)
   at System.Threading.Tasks.Task`1.GetResultCore(Boolean waitCompletionNotification)
   at Microsoft.SqlTools.ServiceLayer.Test.Common.SqlTestDb.CreateNew(TestServerType serverType, Boolean doNotCleanupDb, String databaseName, String query, String dbNamePrefix) in /Users/aasimkhan/src/sqltoolsservice/test/Microsoft.SqlTools.ServiceLayer.Test.Common/SqlTestDb.cs:line 84
   at Microsoft.SqlTools.ServiceLayer.IntegrationTests.ModelManagement.ModelOperationsTests.VerifyModelOperation[T](Func`4 operation, String dbName, String tbName) in /Users/aasimkhan/src/sqltoolsservice/test/Microsoft.SqlTools.ServiceLayer.IntegrationTests/ModelManagement/ModelOperationsTests.cs:line 339
   at Microsoft.SqlTools.ServiceLayer.IntegrationTests.ModelManagement.ModelOperationsTests.DeleteModelShouldDeleteSuccessfullyGivenValidModel() in /Users/aasimkhan/src/sqltoolsservice/test/Microsoft.SqlTools.ServiceLayer.IntegrationTests/ModelManagement/ModelOperationsTests.cs:line 219
   at System.RuntimeMethodHandle.InvokeMethod(Object target, Void** arguments, Signature sig, Boolean isConstructor)
   at System.Reflection.MethodBaseInvoker.InvokeWithNoArgs(Object obj, BindingFlags invokeAttr)
--AssertionException
   at NUnit.Framework.Assert.ReportFailure(String message)
   at NUnit.Framework.Assert.ReportFailure(ConstraintResult result, String message, Object[] args)
   at NUnit.Framework.Assert.That[TActual](TActual actual, IResolveConstraint expression, String message, Object[] args)
   at NUnit.Framework.Assert.True(Boolean condition, String message, Object[] args)
   at Microsoft.SqlTools.ServiceLayer.Test.Common.TestConnectionProfileService.GetInstance(String key) in /Users/aasimkhan/src/sqltoolsservice/test/Microsoft.SqlTools.ServiceLayer.Test.Common/TestConnectionProfileService.cs:line 59
   at Microsoft.SqlTools.ServiceLayer.Test.Common.TestConnectionProfileService.GetConnectionParameters(String key, String databaseName) in /Users/aasimkhan/src/sqltoolsservice/test/Microsoft.SqlTools.ServiceLayer.Test.Common/TestConnectionProfileService.cs:line 65
   at Microsoft.SqlTools.ServiceLayer.Test.Common.TestConnectionProfileService.GetConnectionParameters(TestServerType serverType, String databaseName) in /Users/aasimkhan/src/sqltoolsservice/test/Microsoft.SqlTools.ServiceLayer.Test.Common/TestConnectionProfileService.cs:line 75
   at Microsoft.SqlTools.ServiceLayer.Test.Common.TestServiceProvider.InitLiveConnectionInfo(TestServerType serverType, String databaseName, String scriptFilePath) in /Users/aasimkhan/src/sqltoolsservice/test/Microsoft.SqlTools.ServiceLayer.Test.Common/TestServiceProvider.cs:line 142
   at Microsoft.SqlTools.ServiceLayer.Test.Common.TestServiceProvider.RunQueryAsync(TestServerType serverType, String databaseName, String queryText, Boolean throwOnError) in /Users/aasimkhan/src/sqltoolsservice/test/Microsoft.SqlTools.ServiceLayer.Test.Common/TestServiceProvider.cs:line 110
   at Microsoft.SqlTools.ServiceLayer.Test.Common.SqlTestDb.CreateNewAsync(TestServerType serverType, Boolean doNotCleanupDb, String databaseName, String query, String dbNamePrefix) in /Users/aasimkhan/src/sqltoolsservice/test/Microsoft.SqlTools.ServiceLayer.Test.Common/SqlTestDb.cs:line 101</failure>
    </testcase>
    <testcase classname="Microsoft.SqlTools.ServiceLayer.IntegrationTests.ModelManagement.ModelOperationsTests" name="DownloadModelShouldDownloadSuccessfullyGivenValidModel" time="0.0012730">
      <failure type="failure" message="System.AggregateException : One or more errors occurred. (  Cannot find any instance for version key: sqlOnPrem&#xA;  Expected: True&#xA;  But was:  False&#xA;)&#xA;  ----&gt; NUnit.Framework.AssertionException :   Cannot find any instance for version key: sqlOnPrem&#xA;  Expected: True&#xA;  But was:  False&#xA;&#xA;&#xA;  1)   Cannot find any instance for version key: sqlOnPrem&#xA;  Expected: True&#xA;  But was:  False&#xA;&#xA;">at System.Threading.Tasks.Task.ThrowIfExceptional(Boolean includeTaskCanceledExceptions)
   at System.Threading.Tasks.Task`1.GetResultCore(Boolean waitCompletionNotification)
   at Microsoft.SqlTools.ServiceLayer.Test.Common.SqlTestDb.CreateNew(TestServerType serverType, Boolean doNotCleanupDb, String databaseName, String query, String dbNamePrefix) in /Users/aasimkhan/src/sqltoolsservice/test/Microsoft.SqlTools.ServiceLayer.Test.Common/SqlTestDb.cs:line 84
   at Microsoft.SqlTools.ServiceLayer.IntegrationTests.ModelManagement.ModelOperationsTests.VerifyModelOperation[T](Func`4 operation, String dbName, String tbName) in /Users/aasimkhan/src/sqltoolsservice/test/Microsoft.SqlTools.ServiceLayer.IntegrationTests/ModelManagement/ModelOperationsTests.cs:line 339
   at Microsoft.SqlTools.ServiceLayer.IntegrationTests.ModelManagement.ModelOperationsTests.DownloadModelShouldDownloadSuccessfullyGivenValidModel() in /Users/aasimkhan/src/sqltoolsservice/test/Microsoft.SqlTools.ServiceLayer.IntegrationTests/ModelManagement/ModelOperationsTests.cs:line 104
   at System.RuntimeMethodHandle.InvokeMethod(Object target, Void** arguments, Signature sig, Boolean isConstructor)
   at System.Reflection.MethodBaseInvoker.InvokeWithNoArgs(Object obj, BindingFlags invokeAttr)
--AssertionException
   at NUnit.Framework.Assert.ReportFailure(String message)
   at NUnit.Framework.Assert.ReportFailure(ConstraintResult result, String message, Object[] args)
   at NUnit.Framework.Assert.That[TActual](TActual actual, IResolveConstraint expression, String message, Object[] args)
   at NUnit.Framework.Assert.True(Boolean condition, String message, Object[] args)
   at Microsoft.SqlTools.ServiceLayer.Test.Common.TestConnectionProfileService.GetInstance(String key) in /Users/aasimkhan/src/sqltoolsservice/test/Microsoft.SqlTools.ServiceLayer.Test.Common/TestConnectionProfileService.cs:line 59
   at Microsoft.SqlTools.ServiceLayer.Test.Common.TestConnectionProfileService.GetConnectionParameters(String key, String databaseName) in /Users/aasimkhan/src/sqltoolsservice/test/Microsoft.SqlTools.ServiceLayer.Test.Common/TestConnectionProfileService.cs:line 65
   at Microsoft.SqlTools.ServiceLayer.Test.Common.TestConnectionProfileService.GetConnectionParameters(TestServerType serverType, String databaseName) in /Users/aasimkhan/src/sqltoolsservice/test/Microsoft.SqlTools.ServiceLayer.Test.Common/TestConnectionProfileService.cs:line 75
   at Microsoft.SqlTools.ServiceLayer.Test.Common.TestServiceProvider.InitLiveConnectionInfo(TestServerType serverType, String databaseName, String scriptFilePath) in /Users/aasimkhan/src/sqltoolsservice/test/Microsoft.SqlTools.ServiceLayer.Test.Common/TestServiceProvider.cs:line 142
   at Microsoft.SqlTools.ServiceLayer.Test.Common.TestServiceProvider.RunQueryAsync(TestServerType serverType, String databaseName, String queryText, Boolean throwOnError) in /Users/aasimkhan/src/sqltoolsservice/test/Microsoft.SqlTools.ServiceLayer.Test.Common/TestServiceProvider.cs:line 110
   at Microsoft.SqlTools.ServiceLayer.Test.Common.SqlTestDb.CreateNewAsync(TestServerType serverType, Boolean doNotCleanupDb, String databaseName, String query, String dbNamePrefix) in /Users/aasimkhan/src/sqltoolsservice/test/Microsoft.SqlTools.ServiceLayer.Test.Common/SqlTestDb.cs:line 101
1)    at Microsoft.SqlTools.ServiceLayer.Test.Common.TestConnectionProfileService.GetInstance(String key) in /Users/aasimkhan/src/sqltoolsservice/test/Microsoft.SqlTools.ServiceLayer.Test.Common/TestConnectionProfileService.cs:line 59
   at Microsoft.SqlTools.ServiceLayer.Test.Common.TestConnectionProfileService.GetConnectionParameters(String key, String databaseName) in /Users/aasimkhan/src/sqltoolsservice/test/Microsoft.SqlTools.ServiceLayer.Test.Common/TestConnectionProfileService.cs:line 65
   at Microsoft.SqlTools.ServiceLayer.Test.Common.TestConnectionProfileService.GetConnectionParameters(TestServerType serverType, String databaseName) in /Users/aasimkhan/src/sqltoolsservice/test/Microsoft.SqlTools.ServiceLayer.Test.Common/TestConnectionProfileService.cs:line 75
   at Microsoft.SqlTools.ServiceLayer.Test.Common.TestServiceProvider.InitLiveConnectionInfo(TestServerType serverType, String databaseName, String scriptFilePath) in /Users/aasimkhan/src/sqltoolsservice/test/Microsoft.SqlTools.ServiceLayer.Test.Common/TestServiceProvider.cs:line 142
   at System.Runtime.CompilerServices.AsyncMethodBuilderCore.Start[TStateMachine](TStateMachine&amp; stateMachine)
   at Microsoft.SqlTools.ServiceLayer.Test.Common.TestServiceProvider.InitLiveConnectionInfo(TestServerType serverType, String databaseName, String scriptFilePath)
   at Microsoft.SqlTools.ServiceLayer.Test.Common.TestServiceProvider.RunQueryAsync(TestServerType serverType, String databaseName, String queryText, Boolean throwOnError) in /Users/aasimkhan/src/sqltoolsservice/test/Microsoft.SqlTools.ServiceLayer.Test.Common/TestServiceProvider.cs:line 110
   at System.Runtime.CompilerServices.AsyncMethodBuilderCore.Start[TStateMachine](TStateMachine&amp; stateMachine)
   at Microsoft.SqlTools.ServiceLayer.Test.Common.TestServiceProvider.RunQueryAsync(TestServerType serverType, String databaseName, String queryText, Boolean throwOnError)
   at Microsoft.SqlTools.ServiceLayer.Test.Common.SqlTestDb.CreateNewAsync(TestServerType serverType, Boolean doNotCleanupDb, String databaseName, String query, String dbNamePrefix) in /Users/aasimkhan/src/sqltoolsservice/test/Microsoft.SqlTools.ServiceLayer.Test.Common/SqlTestDb.cs:line 101
   at System.Runtime.CompilerServices.AsyncMethodBuilderCore.Start[TStateMachine](TStateMachine&amp; stateMachine)
   at Microsoft.SqlTools.ServiceLayer.Test.Common.SqlTestDb.CreateNewAsync(TestServerType serverType, Boolean doNotCleanupDb, String databaseName, String query, String dbNamePrefix)
   at Microsoft.SqlTools.ServiceLayer.Test.Common.SqlTestDb.CreateNew(TestServerType serverType, Boolean doNotCleanupDb, String databaseName, String query, String dbNamePrefix) in /Users/aasimkhan/src/sqltoolsservice/test/Microsoft.SqlTools.ServiceLayer.Test.Common/SqlTestDb.cs:line 84
   at Microsoft.SqlTools.ServiceLayer.IntegrationTests.ModelManagement.ModelOperationsTests.VerifyModelOperation[T](Func`4 operation, String dbName, String tbName) in /Users/aasimkhan/src/sqltoolsservice/test/Microsoft.SqlTools.ServiceLayer.IntegrationTests/ModelManagement/ModelOperationsTests.cs:line 339
   at Microsoft.SqlTools.ServiceLayer.IntegrationTests.ModelManagement.ModelOperationsTests.DownloadModelShouldDownloadSuccessfullyGivenValidModel() in /Users/aasimkhan/src/sqltoolsservice/test/Microsoft.SqlTools.ServiceLayer.IntegrationTests/ModelManagement/ModelOperationsTests.cs:line 104

2)    at System.Threading.Tasks.Task.ThrowIfExceptional(Boolean includeTaskCanceledExceptions)
   at System.Threading.Tasks.Task`1.GetResultCore(Boolean waitCompletionNotification)
   at Microsoft.SqlTools.ServiceLayer.Test.Common.SqlTestDb.CreateNew(TestServerType serverType, Boolean doNotCleanupDb, String databaseName, String query, String dbNamePrefix) in /Users/aasimkhan/src/sqltoolsservice/test/Microsoft.SqlTools.ServiceLayer.Test.Common/SqlTestDb.cs:line 84
   at Microsoft.SqlTools.ServiceLayer.IntegrationTests.ModelManagement.ModelOperationsTests.VerifyModelOperation[T](Func`4 operation, String dbName, String tbName) in /Users/aasimkhan/src/sqltoolsservice/test/Microsoft.SqlTools.ServiceLayer.IntegrationTests/ModelManagement/ModelOperationsTests.cs:line 339
   at Microsoft.SqlTools.ServiceLayer.IntegrationTests.ModelManagement.ModelOperationsTests.DownloadModelShouldDownloadSuccessfullyGivenValidModel() in /Users/aasimkhan/src/sqltoolsservice/test/Microsoft.SqlTools.ServiceLayer.IntegrationTests/ModelManagement/ModelOperationsTests.cs:line 104
   at System.RuntimeMethodHandle.InvokeMethod(Object target, Void** arguments, Signature sig, Boolean isConstructor)
   at System.Reflection.MethodBaseInvoker.InvokeWithNoArgs(Object obj, BindingFlags invokeAttr)
--AssertionException
   at NUnit.Framework.Assert.ReportFailure(String message)
   at NUnit.Framework.Assert.ReportFailure(ConstraintResult result, String message, Object[] args)
   at NUnit.Framework.Assert.That[TActual](TActual actual, IResolveConstraint expression, String message, Object[] args)
   at NUnit.Framework.Assert.True(Boolean condition, String message, Object[] args)
   at Microsoft.SqlTools.ServiceLayer.Test.Common.TestConnectionProfileService.GetInstance(String key) in /Users/aasimkhan/src/sqltoolsservice/test/Microsoft.SqlTools.ServiceLayer.Test.Common/TestConnectionProfileService.cs:line 59
   at Microsoft.SqlTools.ServiceLayer.Test.Common.TestConnectionProfileService.GetConnectionParameters(String key, String databaseName) in /Users/aasimkhan/src/sqltoolsservice/test/Microsoft.SqlTools.ServiceLayer.Test.Common/TestConnectionProfileService.cs:line 65
   at Microsoft.SqlTools.ServiceLayer.Test.Common.TestConnectionProfileService.GetConnectionParameters(TestServerType serverType, String databaseName) in /Users/aasimkhan/src/sqltoolsservice/test/Microsoft.SqlTools.ServiceLayer.Test.Common/TestConnectionProfileService.cs:line 75
   at Microsoft.SqlTools.ServiceLayer.Test.Common.TestServiceProvider.InitLiveConnectionInfo(TestServerType serverType, String databaseName, String scriptFilePath) in /Users/aasimkhan/src/sqltoolsservice/test/Microsoft.SqlTools.ServiceLayer.Test.Common/TestServiceProvider.cs:line 142
   at Microsoft.SqlTools.ServiceLayer.Test.Common.TestServiceProvider.RunQueryAsync(TestServerType serverType, String databaseName, String queryText, Boolean throwOnError) in /Users/aasimkhan/src/sqltoolsservice/test/Microsoft.SqlTools.ServiceLayer.Test.Common/TestServiceProvider.cs:line 110
   at Microsoft.SqlTools.ServiceLayer.Test.Common.SqlTestDb.CreateNewAsync(TestServerType serverType, Boolean doNotCleanupDb, String databaseName, String query, String dbNamePrefix) in /Users/aasimkhan/src/sqltoolsservice/test/Microsoft.SqlTools.ServiceLayer.Test.Common/SqlTestDb.cs:line 101</failure>
    </testcase>
    <testcase classname="Microsoft.SqlTools.ServiceLayer.IntegrationTests.ModelManagement.ModelOperationsTests" name="ImportModelShouldImportSuccessfullyGivenValidModel" time="0.0012710">
      <failure type="failure" message="System.AggregateException : One or more errors occurred. (  Cannot find any instance for version key: sqlOnPrem&#xA;  Expected: True&#xA;  But was:  False&#xA;)&#xA;  ----&gt; NUnit.Framework.AssertionException :   Cannot find any instance for version key: sqlOnPrem&#xA;  Expected: True&#xA;  But was:  False&#xA;&#xA;&#xA;  1)   Cannot find any instance for version key: sqlOnPrem&#xA;  Expected: True&#xA;  But was:  False&#xA;&#xA;">at System.Threading.Tasks.Task.ThrowIfExceptional(Boolean includeTaskCanceledExceptions)
   at System.Threading.Tasks.Task`1.GetResultCore(Boolean waitCompletionNotification)
   at Microsoft.SqlTools.ServiceLayer.Test.Common.SqlTestDb.CreateNew(TestServerType serverType, Boolean doNotCleanupDb, String databaseName, String query, String dbNamePrefix) in /Users/aasimkhan/src/sqltoolsservice/test/Microsoft.SqlTools.ServiceLayer.Test.Common/SqlTestDb.cs:line 84
   at Microsoft.SqlTools.ServiceLayer.IntegrationTests.ModelManagement.ModelOperationsTests.VerifyModelOperation[T](Func`4 operation, String dbName, String tbName) in /Users/aasimkhan/src/sqltoolsservice/test/Microsoft.SqlTools.ServiceLayer.IntegrationTests/ModelManagement/ModelOperationsTests.cs:line 339
   at Microsoft.SqlTools.ServiceLayer.IntegrationTests.ModelManagement.ModelOperationsTests.ImportModelShouldImportSuccessfullyGivenValidModel() in /Users/aasimkhan/src/sqltoolsservice/test/Microsoft.SqlTools.ServiceLayer.IntegrationTests/ModelManagement/ModelOperationsTests.cs:line 59
   at System.RuntimeMethodHandle.InvokeMethod(Object target, Void** arguments, Signature sig, Boolean isConstructor)
   at System.Reflection.MethodBaseInvoker.InvokeWithNoArgs(Object obj, BindingFlags invokeAttr)
--AssertionException
   at NUnit.Framework.Assert.ReportFailure(String message)
   at NUnit.Framework.Assert.ReportFailure(ConstraintResult result, String message, Object[] args)
   at NUnit.Framework.Assert.That[TActual](TActual actual, IResolveConstraint expression, String message, Object[] args)
   at NUnit.Framework.Assert.True(Boolean condition, String message, Object[] args)
   at Microsoft.SqlTools.ServiceLayer.Test.Common.TestConnectionProfileService.GetInstance(String key) in /Users/aasimkhan/src/sqltoolsservice/test/Microsoft.SqlTools.ServiceLayer.Test.Common/TestConnectionProfileService.cs:line 59
   at Microsoft.SqlTools.ServiceLayer.Test.Common.TestConnectionProfileService.GetConnectionParameters(String key, String databaseName) in /Users/aasimkhan/src/sqltoolsservice/test/Microsoft.SqlTools.ServiceLayer.Test.Common/TestConnectionProfileService.cs:line 65
   at Microsoft.SqlTools.ServiceLayer.Test.Common.TestConnectionProfileService.GetConnectionParameters(TestServerType serverType, String databaseName) in /Users/aasimkhan/src/sqltoolsservice/test/Microsoft.SqlTools.ServiceLayer.Test.Common/TestConnectionProfileService.cs:line 75
   at Microsoft.SqlTools.ServiceLayer.Test.Common.TestServiceProvider.InitLiveConnectionInfo(TestServerType serverType, String databaseName, String scriptFilePath) in /Users/aasimkhan/src/sqltoolsservice/test/Microsoft.SqlTools.ServiceLayer.Test.Common/TestServiceProvider.cs:line 142
   at Microsoft.SqlTools.ServiceLayer.Test.Common.TestServiceProvider.RunQueryAsync(TestServerType serverType, String databaseName, String queryText, Boolean throwOnError) in /Users/aasimkhan/src/sqltoolsservice/test/Microsoft.SqlTools.ServiceLayer.Test.Common/TestServiceProvider.cs:line 110
   at Microsoft.SqlTools.ServiceLayer.Test.Common.SqlTestDb.CreateNewAsync(TestServerType serverType, Boolean doNotCleanupDb, String databaseName, String query, String dbNamePrefix) in /Users/aasimkhan/src/sqltoolsservice/test/Microsoft.SqlTools.ServiceLayer.Test.Common/SqlTestDb.cs:line 101
1)    at Microsoft.SqlTools.ServiceLayer.Test.Common.TestConnectionProfileService.GetInstance(String key) in /Users/aasimkhan/src/sqltoolsservice/test/Microsoft.SqlTools.ServiceLayer.Test.Common/TestConnectionProfileService.cs:line 59
   at Microsoft.SqlTools.ServiceLayer.Test.Common.TestConnectionProfileService.GetConnectionParameters(String key, String databaseName) in /Users/aasimkhan/src/sqltoolsservice/test/Microsoft.SqlTools.ServiceLayer.Test.Common/TestConnectionProfileService.cs:line 65
   at Microsoft.SqlTools.ServiceLayer.Test.Common.TestConnectionProfileService.GetConnectionParameters(TestServerType serverType, String databaseName) in /Users/aasimkhan/src/sqltoolsservice/test/Microsoft.SqlTools.ServiceLayer.Test.Common/TestConnectionProfileService.cs:line 75
   at Microsoft.SqlTools.ServiceLayer.Test.Common.TestServiceProvider.InitLiveConnectionInfo(TestServerType serverType, String databaseName, String scriptFilePath) in /Users/aasimkhan/src/sqltoolsservice/test/Microsoft.SqlTools.ServiceLayer.Test.Common/TestServiceProvider.cs:line 142
   at System.Runtime.CompilerServices.AsyncMethodBuilderCore.Start[TStateMachine](TStateMachine&amp; stateMachine)
   at Microsoft.SqlTools.ServiceLayer.Test.Common.TestServiceProvider.InitLiveConnectionInfo(TestServerType serverType, String databaseName, String scriptFilePath)
   at Microsoft.SqlTools.ServiceLayer.Test.Common.TestServiceProvider.RunQueryAsync(TestServerType serverType, String databaseName, String queryText, Boolean throwOnError) in /Users/aasimkhan/src/sqltoolsservice/test/Microsoft.SqlTools.ServiceLayer.Test.Common/TestServiceProvider.cs:line 110
   at System.Runtime.CompilerServices.AsyncMethodBuilderCore.Start[TStateMachine](TStateMachine&amp; stateMachine)
   at Microsoft.SqlTools.ServiceLayer.Test.Common.TestServiceProvider.RunQueryAsync(TestServerType serverType, String databaseName, String queryText, Boolean throwOnError)
   at Microsoft.SqlTools.ServiceLayer.Test.Common.SqlTestDb.CreateNewAsync(TestServerType serverType, Boolean doNotCleanupDb, String databaseName, String query, String dbNamePrefix) in /Users/aasimkhan/src/sqltoolsservice/test/Microsoft.SqlTools.ServiceLayer.Test.Common/SqlTestDb.cs:line 101
   at System.Runtime.CompilerServices.AsyncMethodBuilderCore.Start[TStateMachine](TStateMachine&amp; stateMachine)
   at Microsoft.SqlTools.ServiceLayer.Test.Common.SqlTestDb.CreateNewAsync(TestServerType serverType, Boolean doNotCleanupDb, String databaseName, String query, String dbNamePrefix)
   at Microsoft.SqlTools.ServiceLayer.Test.Common.SqlTestDb.CreateNew(TestServerType serverType, Boolean doNotCleanupDb, String databaseName, String query, String dbNamePrefix) in /Users/aasimkhan/src/sqltoolsservice/test/Microsoft.SqlTools.ServiceLayer.Test.Common/SqlTestDb.cs:line 84
   at Microsoft.SqlTools.ServiceLayer.IntegrationTests.ModelManagement.ModelOperationsTests.VerifyModelOperation[T](Func`4 operation, String dbName, String tbName) in /Users/aasimkhan/src/sqltoolsservice/test/Microsoft.SqlTools.ServiceLayer.IntegrationTests/ModelManagement/ModelOperationsTests.cs:line 339
   at Microsoft.SqlTools.ServiceLayer.IntegrationTests.ModelManagement.ModelOperationsTests.ImportModelShouldImportSuccessfullyGivenValidModel() in /Users/aasimkhan/src/sqltoolsservice/test/Microsoft.SqlTools.ServiceLayer.IntegrationTests/ModelManagement/ModelOperationsTests.cs:line 59

2)    at System.Threading.Tasks.Task.ThrowIfExceptional(Boolean includeTaskCanceledExceptions)
   at System.Threading.Tasks.Task`1.GetResultCore(Boolean waitCompletionNotification)
   at Microsoft.SqlTools.ServiceLayer.Test.Common.SqlTestDb.CreateNew(TestServerType serverType, Boolean doNotCleanupDb, String databaseName, String query, String dbNamePrefix) in /Users/aasimkhan/src/sqltoolsservice/test/Microsoft.SqlTools.ServiceLayer.Test.Common/SqlTestDb.cs:line 84
   at Microsoft.SqlTools.ServiceLayer.IntegrationTests.ModelManagement.ModelOperationsTests.VerifyModelOperation[T](Func`4 operation, String dbName, String tbName) in /Users/aasimkhan/src/sqltoolsservice/test/Microsoft.SqlTools.ServiceLayer.IntegrationTests/ModelManagement/ModelOperationsTests.cs:line 339
   at Microsoft.SqlTools.ServiceLayer.IntegrationTests.ModelManagement.ModelOperationsTests.ImportModelShouldImportSuccessfullyGivenValidModel() in /Users/aasimkhan/src/sqltoolsservice/test/Microsoft.SqlTools.ServiceLayer.IntegrationTests/ModelManagement/ModelOperationsTests.cs:line 59
   at System.RuntimeMethodHandle.InvokeMethod(Object target, Void** arguments, Signature sig, Boolean isConstructor)
   at System.Reflection.MethodBaseInvoker.InvokeWithNoArgs(Object obj, BindingFlags invokeAttr)
--AssertionException
   at NUnit.Framework.Assert.ReportFailure(String message)
   at NUnit.Framework.Assert.ReportFailure(ConstraintResult result, String message, Object[] args)
   at NUnit.Framework.Assert.That[TActual](TActual actual, IResolveConstraint expression, String message, Object[] args)
   at NUnit.Framework.Assert.True(Boolean condition, String message, Object[] args)
   at Microsoft.SqlTools.ServiceLayer.Test.Common.TestConnectionProfileService.GetInstance(String key) in /Users/aasimkhan/src/sqltoolsservice/test/Microsoft.SqlTools.ServiceLayer.Test.Common/TestConnectionProfileService.cs:line 59
   at Microsoft.SqlTools.ServiceLayer.Test.Common.TestConnectionProfileService.GetConnectionParameters(String key, String databaseName) in /Users/aasimkhan/src/sqltoolsservice/test/Microsoft.SqlTools.ServiceLayer.Test.Common/TestConnectionProfileService.cs:line 65
   at Microsoft.SqlTools.ServiceLayer.Test.Common.TestConnectionProfileService.GetConnectionParameters(TestServerType serverType, String databaseName) in /Users/aasimkhan/src/sqltoolsservice/test/Microsoft.SqlTools.ServiceLayer.Test.Common/TestConnectionProfileService.cs:line 75
   at Microsoft.SqlTools.ServiceLayer.Test.Common.TestServiceProvider.InitLiveConnectionInfo(TestServerType serverType, String databaseName, String scriptFilePath) in /Users/aasimkhan/src/sqltoolsservice/test/Microsoft.SqlTools.ServiceLayer.Test.Common/TestServiceProvider.cs:line 142
   at Microsoft.SqlTools.ServiceLayer.Test.Common.TestServiceProvider.RunQueryAsync(TestServerType serverType, String databaseName, String queryText, Boolean throwOnError) in /Users/aasimkhan/src/sqltoolsservice/test/Microsoft.SqlTools.ServiceLayer.Test.Common/TestServiceProvider.cs:line 110
   at Microsoft.SqlTools.ServiceLayer.Test.Common.SqlTestDb.CreateNewAsync(TestServerType serverType, Boolean doNotCleanupDb, String databaseName, String query, String dbNamePrefix) in /Users/aasimkhan/src/sqltoolsservice/test/Microsoft.SqlTools.ServiceLayer.Test.Common/SqlTestDb.cs:line 101</failure>
    </testcase>
    <testcase classname="Microsoft.SqlTools.ServiceLayer.IntegrationTests.ModelManagement.ModelOperationsTests" name="UpdateModelShouldUpdateSuccessfullyGivenValidModel" time="0.0011500">
      <failure type="failure" message="System.AggregateException : One or more errors occurred. (  Cannot find any instance for version key: sqlOnPrem&#xA;  Expected: True&#xA;  But was:  False&#xA;)&#xA;  ----&gt; NUnit.Framework.AssertionException :   Cannot find any instance for version key: sqlOnPrem&#xA;  Expected: True&#xA;  But was:  False&#xA;&#xA;&#xA;  1)   Cannot find any instance for version key: sqlOnPrem&#xA;  Expected: True&#xA;  But was:  False&#xA;&#xA;">at System.Threading.Tasks.Task.ThrowIfExceptional(Boolean includeTaskCanceledExceptions)
   at System.Threading.Tasks.Task`1.GetResultCore(Boolean waitCompletionNotification)
   at Microsoft.SqlTools.ServiceLayer.Test.Common.SqlTestDb.CreateNew(TestServerType serverType, Boolean doNotCleanupDb, String databaseName, String query, String dbNamePrefix) in /Users/aasimkhan/src/sqltoolsservice/test/Microsoft.SqlTools.ServiceLayer.Test.Common/SqlTestDb.cs:line 84
   at Microsoft.SqlTools.ServiceLayer.IntegrationTests.ModelManagement.ModelOperationsTests.VerifyModelOperation[T](Func`4 operation, String dbName, String tbName) in /Users/aasimkhan/src/sqltoolsservice/test/Microsoft.SqlTools.ServiceLayer.IntegrationTests/ModelManagement/ModelOperationsTests.cs:line 339
   at Microsoft.SqlTools.ServiceLayer.IntegrationTests.ModelManagement.ModelOperationsTests.UpdateModelShouldUpdateSuccessfullyGivenValidModel() in /Users/aasimkhan/src/sqltoolsservice/test/Microsoft.SqlTools.ServiceLayer.IntegrationTests/ModelManagement/ModelOperationsTests.cs:line 153
   at System.RuntimeMethodHandle.InvokeMethod(Object target, Void** arguments, Signature sig, Boolean isConstructor)
   at System.Reflection.MethodBaseInvoker.InvokeWithNoArgs(Object obj, BindingFlags invokeAttr)
--AssertionException
   at NUnit.Framework.Assert.ReportFailure(String message)
   at NUnit.Framework.Assert.ReportFailure(ConstraintResult result, String message, Object[] args)
   at NUnit.Framework.Assert.That[TActual](TActual actual, IResolveConstraint expression, String message, Object[] args)
   at NUnit.Framework.Assert.True(Boolean condition, String message, Object[] args)
   at Microsoft.SqlTools.ServiceLayer.Test.Common.TestConnectionProfileService.GetInstance(String key) in /Users/aasimkhan/src/sqltoolsservice/test/Microsoft.SqlTools.ServiceLayer.Test.Common/TestConnectionProfileService.cs:line 59
   at Microsoft.SqlTools.ServiceLayer.Test.Common.TestConnectionProfileService.GetConnectionParameters(String key, String databaseName) in /Users/aasimkhan/src/sqltoolsservice/test/Microsoft.SqlTools.ServiceLayer.Test.Common/TestConnectionProfileService.cs:line 65
   at Microsoft.SqlTools.ServiceLayer.Test.Common.TestConnectionProfileService.GetConnectionParameters(TestServerType serverType, String databaseName) in /Users/aasimkhan/src/sqltoolsservice/test/Microsoft.SqlTools.ServiceLayer.Test.Common/TestConnectionProfileService.cs:line 75
   at Microsoft.SqlTools.ServiceLayer.Test.Common.TestServiceProvider.InitLiveConnectionInfo(TestServerType serverType, String databaseName, String scriptFilePath) in /Users/aasimkhan/src/sqltoolsservice/test/Microsoft.SqlTools.ServiceLayer.Test.Common/TestServiceProvider.cs:line 142
   at Microsoft.SqlTools.ServiceLayer.Test.Common.TestServiceProvider.RunQueryAsync(TestServerType serverType, String databaseName, String queryText, Boolean throwOnError) in /Users/aasimkhan/src/sqltoolsservice/test/Microsoft.SqlTools.ServiceLayer.Test.Common/TestServiceProvider.cs:line 110
   at Microsoft.SqlTools.ServiceLayer.Test.Common.SqlTestDb.CreateNewAsync(TestServerType serverType, Boolean doNotCleanupDb, String databaseName, String query, String dbNamePrefix) in /Users/aasimkhan/src/sqltoolsservice/test/Microsoft.SqlTools.ServiceLayer.Test.Common/SqlTestDb.cs:line 101
1)    at Microsoft.SqlTools.ServiceLayer.Test.Common.TestConnectionProfileService.GetInstance(String key) in /Users/aasimkhan/src/sqltoolsservice/test/Microsoft.SqlTools.ServiceLayer.Test.Common/TestConnectionProfileService.cs:line 59
   at Microsoft.SqlTools.ServiceLayer.Test.Common.TestConnectionProfileService.GetConnectionParameters(String key, String databaseName) in /Users/aasimkhan/src/sqltoolsservice/test/Microsoft.SqlTools.ServiceLayer.Test.Common/TestConnectionProfileService.cs:line 65
   at Microsoft.SqlTools.ServiceLayer.Test.Common.TestConnectionProfileService.GetConnectionParameters(TestServerType serverType, String databaseName) in /Users/aasimkhan/src/sqltoolsservice/test/Microsoft.SqlTools.ServiceLayer.Test.Common/TestConnectionProfileService.cs:line 75
   at Microsoft.SqlTools.ServiceLayer.Test.Common.TestServiceProvider.InitLiveConnectionInfo(TestServerType serverType, String databaseName, String scriptFilePath) in /Users/aasimkhan/src/sqltoolsservice/test/Microsoft.SqlTools.ServiceLayer.Test.Common/TestServiceProvider.cs:line 142
   at System.Runtime.CompilerServices.AsyncMethodBuilderCore.Start[TStateMachine](TStateMachine&amp; stateMachine)
   at Microsoft.SqlTools.ServiceLayer.Test.Common.TestServiceProvider.InitLiveConnectionInfo(TestServerType serverType, String databaseName, String scriptFilePath)
   at Microsoft.SqlTools.ServiceLayer.Test.Common.TestServiceProvider.RunQueryAsync(TestServerType serverType, String databaseName, String queryText, Boolean throwOnError) in /Users/aasimkhan/src/sqltoolsservice/test/Microsoft.SqlTools.ServiceLayer.Test.Common/TestServiceProvider.cs:line 110
   at System.Runtime.CompilerServices.AsyncMethodBuilderCore.Start[TStateMachine](TStateMachine&amp; stateMachine)
   at Microsoft.SqlTools.ServiceLayer.Test.Common.TestServiceProvider.RunQueryAsync(TestServerType serverType, String databaseName, String queryText, Boolean throwOnError)
   at Microsoft.SqlTools.ServiceLayer.Test.Common.SqlTestDb.CreateNewAsync(TestServerType serverType, Boolean doNotCleanupDb, String databaseName, String query, String dbNamePrefix) in /Users/aasimkhan/src/sqltoolsservice/test/Microsoft.SqlTools.ServiceLayer.Test.Common/SqlTestDb.cs:line 101
   at System.Runtime.CompilerServices.AsyncMethodBuilderCore.Start[TStateMachine](TStateMachine&amp; stateMachine)
   at Microsoft.SqlTools.ServiceLayer.Test.Common.SqlTestDb.CreateNewAsync(TestServerType serverType, Boolean doNotCleanupDb, String databaseName, String query, String dbNamePrefix)
   at Microsoft.SqlTools.ServiceLayer.Test.Common.SqlTestDb.CreateNew(TestServerType serverType, Boolean doNotCleanupDb, String databaseName, String query, String dbNamePrefix) in /Users/aasimkhan/src/sqltoolsservice/test/Microsoft.SqlTools.ServiceLayer.Test.Common/SqlTestDb.cs:line 84
   at Microsoft.SqlTools.ServiceLayer.IntegrationTests.ModelManagement.ModelOperationsTests.VerifyModelOperation[T](Func`4 operation, String dbName, String tbName) in /Users/aasimkhan/src/sqltoolsservice/test/Microsoft.SqlTools.ServiceLayer.IntegrationTests/ModelManagement/ModelOperationsTests.cs:line 339
   at Microsoft.SqlTools.ServiceLayer.IntegrationTests.ModelManagement.ModelOperationsTests.UpdateModelShouldUpdateSuccessfullyGivenValidModel() in /Users/aasimkhan/src/sqltoolsservice/test/Microsoft.SqlTools.ServiceLayer.IntegrationTests/ModelManagement/ModelOperationsTests.cs:line 153

2)    at System.Threading.Tasks.Task.ThrowIfExceptional(Boolean includeTaskCanceledExceptions)
   at System.Threading.Tasks.Task`1.GetResultCore(Boolean waitCompletionNotification)
   at Microsoft.SqlTools.ServiceLayer.Test.Common.SqlTestDb.CreateNew(TestServerType serverType, Boolean doNotCleanupDb, String databaseName, String query, String dbNamePrefix) in /Users/aasimkhan/src/sqltoolsservice/test/Microsoft.SqlTools.ServiceLayer.Test.Common/SqlTestDb.cs:line 84
   at Microsoft.SqlTools.ServiceLayer.IntegrationTests.ModelManagement.ModelOperationsTests.VerifyModelOperation[T](Func`4 operation, String dbName, String tbName) in /Users/aasimkhan/src/sqltoolsservice/test/Microsoft.SqlTools.ServiceLayer.IntegrationTests/ModelManagement/ModelOperationsTests.cs:line 339
   at Microsoft.SqlTools.ServiceLayer.IntegrationTests.ModelManagement.ModelOperationsTests.UpdateModelShouldUpdateSuccessfullyGivenValidModel() in /Users/aasimkhan/src/sqltoolsservice/test/Microsoft.SqlTools.ServiceLayer.IntegrationTests/ModelManagement/ModelOperationsTests.cs:line 153
   at System.RuntimeMethodHandle.InvokeMethod(Object target, Void** arguments, Signature sig, Boolean isConstructor)
   at System.Reflection.MethodBaseInvoker.InvokeWithNoArgs(Object obj, BindingFlags invokeAttr)
--AssertionException
   at NUnit.Framework.Assert.ReportFailure(String message)
   at NUnit.Framework.Assert.ReportFailure(ConstraintResult result, String message, Object[] args)
   at NUnit.Framework.Assert.That[TActual](TActual actual, IResolveConstraint expression, String message, Object[] args)
   at NUnit.Framework.Assert.True(Boolean condition, String message, Object[] args)
   at Microsoft.SqlTools.ServiceLayer.Test.Common.TestConnectionProfileService.GetInstance(String key) in /Users/aasimkhan/src/sqltoolsservice/test/Microsoft.SqlTools.ServiceLayer.Test.Common/TestConnectionProfileService.cs:line 59
   at Microsoft.SqlTools.ServiceLayer.Test.Common.TestConnectionProfileService.GetConnectionParameters(String key, String databaseName) in /Users/aasimkhan/src/sqltoolsservice/test/Microsoft.SqlTools.ServiceLayer.Test.Common/TestConnectionProfileService.cs:line 65
   at Microsoft.SqlTools.ServiceLayer.Test.Common.TestConnectionProfileService.GetConnectionParameters(TestServerType serverType, String databaseName) in /Users/aasimkhan/src/sqltoolsservice/test/Microsoft.SqlTools.ServiceLayer.Test.Common/TestConnectionProfileService.cs:line 75
   at Microsoft.SqlTools.ServiceLayer.Test.Common.TestServiceProvider.InitLiveConnectionInfo(TestServerType serverType, String databaseName, String scriptFilePath) in /Users/aasimkhan/src/sqltoolsservice/test/Microsoft.SqlTools.ServiceLayer.Test.Common/TestServiceProvider.cs:line 142
   at Microsoft.SqlTools.ServiceLayer.Test.Common.TestServiceProvider.RunQueryAsync(TestServerType serverType, String databaseName, String queryText, Boolean throwOnError) in /Users/aasimkhan/src/sqltoolsservice/test/Microsoft.SqlTools.ServiceLayer.Test.Common/TestServiceProvider.cs:line 110
   at Microsoft.SqlTools.ServiceLayer.Test.Common.SqlTestDb.CreateNewAsync(TestServerType serverType, Boolean doNotCleanupDb, String databaseName, String query, String dbNamePrefix) in /Users/aasimkhan/src/sqltoolsservice/test/Microsoft.SqlTools.ServiceLayer.Test.Common/SqlTestDb.cs:line 101</failure>
    </testcase>
    <testcase classname="Microsoft.SqlTools.ServiceLayer.IntegrationTests.ModelManagement.ModelOperationsTests" name="VerifyImportTableShouldReturnFalseGivenInvalidDbName" time="0.0012750">
      <failure type="failure" message="  Expected: &lt;Microsoft.Data.SqlClient.SqlException&gt;&#xA;  But was:  &lt;System.AggregateException: One or more errors occurred. (  Cannot find any instance for version key: sqlOnPrem&#xA;  Expected: True&#xA;  But was:  False&#xA;)&#xA; ---&gt; NUnit.Framework.AssertionException:   Cannot find any instance for version key: sqlOnPrem&#xA;  Expected: True&#xA;  But was:  False&#xA;&#xA;   at NUnit.Framework.Assert.ReportFailure(String message)&#xA;   at NUnit.Framework.Assert.ReportFailure(ConstraintResult result, String message, Object[] args)&#xA;   at NUnit.Framework.Assert.That[TActual](TActual actual, IResolveConstraint expression, String message, Object[] args)&#xA;   at NUnit.Framework.Assert.True(Boolean condition, String message, Object[] args)&#xA;   at Microsoft.SqlTools.ServiceLayer.Test.Common.TestConnectionProfileService.GetInstance(String key) in /Users/aasimkhan/src/sqltoolsservice/test/Microsoft.SqlTools.ServiceLayer.Test.Common/TestConnectionProfileService.cs:line 59&#xA;   at Microsoft.SqlTools.ServiceLayer.Test.Common.TestConnectionProfileService.GetConnectionParameters(String key, String databaseName) in /Users/aasimkhan/src/sqltoolsservice/test/Microsoft.SqlTools.ServiceLayer.Test.Common/TestConnectionProfileService.cs:line 65&#xA;   at Microsoft.SqlTools.ServiceLayer.Test.Common.TestConnectionProfileService.GetConnectionParameters(TestServerType serverType, String databaseName) in /Users/aasimkhan/src/sqltoolsservice/test/Microsoft.SqlTools.ServiceLayer.Test.Common/TestConnectionProfileService.cs:line 75&#xA;   at Microsoft.SqlTools.ServiceLayer.Test.Common.TestServiceProvider.InitLiveConnectionInfo(TestServerType serverType, String databaseName, String scriptFilePath) in /Users/aasimkhan/src/sqltoolsservice/test/Microsoft.SqlTools.ServiceLayer.Test.Common/TestServiceProvider.cs:line 142&#xA;   at Microsoft.SqlTools.ServiceLayer.Test.Common.TestServiceProvider.RunQueryAsync(TestServerType serverType, String databaseName, String queryText, Boolean throwOnError) in /Users/aasimkhan/src/sqltoolsservice/test/Microsoft.SqlTools.ServiceLayer.Test.Common/TestServiceProvider.cs:line 110&#xA;   at Microsoft.SqlTools.ServiceLayer.Test.Common.SqlTestDb.CreateNewAsync(TestServerType serverType, Boolean doNotCleanupDb, String databaseName, String query, String dbNamePrefix) in /Users/aasimkhan/src/sqltoolsservice/test/Microsoft.SqlTools.ServiceLayer.Test.Common/SqlTestDb.cs:line 101&#xA;   --- End of inner exception stack trace ---&#xA;   at System.Threading.Tasks.Task.ThrowIfExceptional(Boolean includeTaskCanceledExceptions)&#xA;   at System.Threading.Tasks.Task`1.GetResultCore(Boolean waitCompletionNotification)&#xA;   at Microsoft.SqlTools.ServiceLayer.Test.Common.SqlTestDb.CreateNew(TestServerType serverType, Boolean doNotCleanupDb, String databaseName, String query, String dbNamePrefix) in /Users/aasimkhan/src/sqltoolsservice/test/Microsoft.SqlTools.ServiceLayer.Test.Common/SqlTestDb.cs:line 84&#xA;   at Microsoft.SqlTools.ServiceLayer.IntegrationTests.ModelManagement.ModelOperationsTests.VerifyModelOperation[T](Func`4 operation, String dbName, String tbName) in /Users/aasimkhan/src/sqltoolsservice/test/Microsoft.SqlTools.ServiceLayer.IntegrationTests/ModelManagement/ModelOperationsTests.cs:line 339&#xA;   at Microsoft.SqlTools.ServiceLayer.IntegrationTests.ModelManagement.ModelOperationsTests.&lt;VerifyImportTableShouldReturnFalseGivenInvalidDbName&gt;b__7_0() in /Users/aasimkhan/src/sqltoolsservice/test/Microsoft.SqlTools.ServiceLayer.IntegrationTests/ModelManagement/ModelOperationsTests.cs:line 294&#xA;   at NUnit.Framework.Assert.Throws(IResolveConstraint expression, TestDelegate code, String message, Object[] args)&gt;&#xA;">at Microsoft.SqlTools.ServiceLayer.IntegrationTests.ModelManagement.ModelOperationsTests.VerifyImportTableShouldReturnFalseGivenInvalidDbName() in /Users/aasimkhan/src/sqltoolsservice/test/Microsoft.SqlTools.ServiceLayer.IntegrationTests/ModelManagement/ModelOperationsTests.cs:line 294

1)    at Microsoft.SqlTools.ServiceLayer.IntegrationTests.ModelManagement.ModelOperationsTests.VerifyImportTableShouldReturnFalseGivenInvalidDbName() in /Users/aasimkhan/src/sqltoolsservice/test/Microsoft.SqlTools.ServiceLayer.IntegrationTests/ModelManagement/ModelOperationsTests.cs:line 294</failure>
    </testcase>
    <testcase classname="Microsoft.SqlTools.ServiceLayer.IntegrationTests.ModelManagement.ModelOperationsTests" name="VerifyImportTableShouldReturnFalseGivenInvalidTable" time="0.0017960">
      <failure type="failure" message="System.AggregateException : One or more errors occurred. (  Cannot find any instance for version key: sqlOnPrem&#xA;  Expected: True&#xA;  But was:  False&#xA;)&#xA;  ----&gt; NUnit.Framework.AssertionException :   Cannot find any instance for version key: sqlOnPrem&#xA;  Expected: True&#xA;  But was:  False&#xA;&#xA;&#xA;  1)   Cannot find any instance for version key: sqlOnPrem&#xA;  Expected: True&#xA;  But was:  False&#xA;&#xA;">at System.Threading.Tasks.Task.ThrowIfExceptional(Boolean includeTaskCanceledExceptions)
   at System.Threading.Tasks.Task`1.GetResultCore(Boolean waitCompletionNotification)
   at Microsoft.SqlTools.ServiceLayer.Test.Common.SqlTestDb.CreateNew(TestServerType serverType, Boolean doNotCleanupDb, String databaseName, String query, String dbNamePrefix) in /Users/aasimkhan/src/sqltoolsservice/test/Microsoft.SqlTools.ServiceLayer.Test.Common/SqlTestDb.cs:line 84
   at Microsoft.SqlTools.ServiceLayer.IntegrationTests.ModelManagement.ModelOperationsTests.VerifyModelOperation[T](Func`4 operation, String dbName, String tbName) in /Users/aasimkhan/src/sqltoolsservice/test/Microsoft.SqlTools.ServiceLayer.IntegrationTests/ModelManagement/ModelOperationsTests.cs:line 339
   at Microsoft.SqlTools.ServiceLayer.IntegrationTests.ModelManagement.ModelOperationsTests.VerifyImportTableShouldReturnFalseGivenInvalidTable() in /Users/aasimkhan/src/sqltoolsservice/test/Microsoft.SqlTools.ServiceLayer.IntegrationTests/ModelManagement/ModelOperationsTests.cs:line 312
   at System.RuntimeMethodHandle.InvokeMethod(Object target, Void** arguments, Signature sig, Boolean isConstructor)
   at System.Reflection.MethodBaseInvoker.InvokeWithNoArgs(Object obj, BindingFlags invokeAttr)
--AssertionException
   at NUnit.Framework.Assert.ReportFailure(String message)
   at NUnit.Framework.Assert.ReportFailure(ConstraintResult result, String message, Object[] args)
   at NUnit.Framework.Assert.That[TActual](TActual actual, IResolveConstraint expression, String message, Object[] args)
   at NUnit.Framework.Assert.True(Boolean condition, String message, Object[] args)
   at Microsoft.SqlTools.ServiceLayer.Test.Common.TestConnectionProfileService.GetInstance(String key) in /Users/aasimkhan/src/sqltoolsservice/test/Microsoft.SqlTools.ServiceLayer.Test.Common/TestConnectionProfileService.cs:line 59
   at Microsoft.SqlTools.ServiceLayer.Test.Common.TestConnectionProfileService.GetConnectionParameters(String key, String databaseName) in /Users/aasimkhan/src/sqltoolsservice/test/Microsoft.SqlTools.ServiceLayer.Test.Common/TestConnectionProfileService.cs:line 65
   at Microsoft.SqlTools.ServiceLayer.Test.Common.TestConnectionProfileService.GetConnectionParameters(TestServerType serverType, String databaseName) in /Users/aasimkhan/src/sqltoolsservice/test/Microsoft.SqlTools.ServiceLayer.Test.Common/TestConnectionProfileService.cs:line 75
   at Microsoft.SqlTools.ServiceLayer.Test.Common.TestServiceProvider.InitLiveConnectionInfo(TestServerType serverType, String databaseName, String scriptFilePath) in /Users/aasimkhan/src/sqltoolsservice/test/Microsoft.SqlTools.ServiceLayer.Test.Common/TestServiceProvider.cs:line 142
   at Microsoft.SqlTools.ServiceLayer.Test.Common.TestServiceProvider.RunQueryAsync(TestServerType serverType, String databaseName, String queryText, Boolean throwOnError) in /Users/aasimkhan/src/sqltoolsservice/test/Microsoft.SqlTools.ServiceLayer.Test.Common/TestServiceProvider.cs:line 110
   at Microsoft.SqlTools.ServiceLayer.Test.Common.SqlTestDb.CreateNewAsync(TestServerType serverType, Boolean doNotCleanupDb, String databaseName, String query, String dbNamePrefix) in /Users/aasimkhan/src/sqltoolsservice/test/Microsoft.SqlTools.ServiceLayer.Test.Common/SqlTestDb.cs:line 101
1)    at Microsoft.SqlTools.ServiceLayer.Test.Common.TestConnectionProfileService.GetInstance(String key) in /Users/aasimkhan/src/sqltoolsservice/test/Microsoft.SqlTools.ServiceLayer.Test.Common/TestConnectionProfileService.cs:line 59
   at Microsoft.SqlTools.ServiceLayer.Test.Common.TestConnectionProfileService.GetConnectionParameters(String key, String databaseName) in /Users/aasimkhan/src/sqltoolsservice/test/Microsoft.SqlTools.ServiceLayer.Test.Common/TestConnectionProfileService.cs:line 65
   at Microsoft.SqlTools.ServiceLayer.Test.Common.TestConnectionProfileService.GetConnectionParameters(TestServerType serverType, String databaseName) in /Users/aasimkhan/src/sqltoolsservice/test/Microsoft.SqlTools.ServiceLayer.Test.Common/TestConnectionProfileService.cs:line 75
   at Microsoft.SqlTools.ServiceLayer.Test.Common.TestServiceProvider.InitLiveConnectionInfo(TestServerType serverType, String databaseName, String scriptFilePath) in /Users/aasimkhan/src/sqltoolsservice/test/Microsoft.SqlTools.ServiceLayer.Test.Common/TestServiceProvider.cs:line 142
   at System.Runtime.CompilerServices.AsyncMethodBuilderCore.Start[TStateMachine](TStateMachine&amp; stateMachine)
   at Microsoft.SqlTools.ServiceLayer.Test.Common.TestServiceProvider.InitLiveConnectionInfo(TestServerType serverType, String databaseName, String scriptFilePath)
   at Microsoft.SqlTools.ServiceLayer.Test.Common.TestServiceProvider.RunQueryAsync(TestServerType serverType, String databaseName, String queryText, Boolean throwOnError) in /Users/aasimkhan/src/sqltoolsservice/test/Microsoft.SqlTools.ServiceLayer.Test.Common/TestServiceProvider.cs:line 110
   at System.Runtime.CompilerServices.AsyncMethodBuilderCore.Start[TStateMachine](TStateMachine&amp; stateMachine)
   at Microsoft.SqlTools.ServiceLayer.Test.Common.TestServiceProvider.RunQueryAsync(TestServerType serverType, String databaseName, String queryText, Boolean throwOnError)
   at Microsoft.SqlTools.ServiceLayer.Test.Common.SqlTestDb.CreateNewAsync(TestServerType serverType, Boolean doNotCleanupDb, String databaseName, String query, String dbNamePrefix) in /Users/aasimkhan/src/sqltoolsservice/test/Microsoft.SqlTools.ServiceLayer.Test.Common/SqlTestDb.cs:line 101
   at System.Runtime.CompilerServices.AsyncMethodBuilderCore.Start[TStateMachine](TStateMachine&amp; stateMachine)
   at Microsoft.SqlTools.ServiceLayer.Test.Common.SqlTestDb.CreateNewAsync(TestServerType serverType, Boolean doNotCleanupDb, String databaseName, String query, String dbNamePrefix)
   at Microsoft.SqlTools.ServiceLayer.Test.Common.SqlTestDb.CreateNew(TestServerType serverType, Boolean doNotCleanupDb, String databaseName, String query, String dbNamePrefix) in /Users/aasimkhan/src/sqltoolsservice/test/Microsoft.SqlTools.ServiceLayer.Test.Common/SqlTestDb.cs:line 84
   at Microsoft.SqlTools.ServiceLayer.IntegrationTests.ModelManagement.ModelOperationsTests.VerifyModelOperation[T](Func`4 operation, String dbName, String tbName) in /Users/aasimkhan/src/sqltoolsservice/test/Microsoft.SqlTools.ServiceLayer.IntegrationTests/ModelManagement/ModelOperationsTests.cs:line 339
   at Microsoft.SqlTools.ServiceLayer.IntegrationTests.ModelManagement.ModelOperationsTests.VerifyImportTableShouldReturnFalseGivenInvalidTable() in /Users/aasimkhan/src/sqltoolsservice/test/Microsoft.SqlTools.ServiceLayer.IntegrationTests/ModelManagement/ModelOperationsTests.cs:line 312

2)    at System.Threading.Tasks.Task.ThrowIfExceptional(Boolean includeTaskCanceledExceptions)
   at System.Threading.Tasks.Task`1.GetResultCore(Boolean waitCompletionNotification)
   at Microsoft.SqlTools.ServiceLayer.Test.Common.SqlTestDb.CreateNew(TestServerType serverType, Boolean doNotCleanupDb, String databaseName, String query, String dbNamePrefix) in /Users/aasimkhan/src/sqltoolsservice/test/Microsoft.SqlTools.ServiceLayer.Test.Common/SqlTestDb.cs:line 84
   at Microsoft.SqlTools.ServiceLayer.IntegrationTests.ModelManagement.ModelOperationsTests.VerifyModelOperation[T](Func`4 operation, String dbName, String tbName) in /Users/aasimkhan/src/sqltoolsservice/test/Microsoft.SqlTools.ServiceLayer.IntegrationTests/ModelManagement/ModelOperationsTests.cs:line 339
   at Microsoft.SqlTools.ServiceLayer.IntegrationTests.ModelManagement.ModelOperationsTests.VerifyImportTableShouldReturnFalseGivenInvalidTable() in /Users/aasimkhan/src/sqltoolsservice/test/Microsoft.SqlTools.ServiceLayer.IntegrationTests/ModelManagement/ModelOperationsTests.cs:line 312
   at System.RuntimeMethodHandle.InvokeMethod(Object target, Void** arguments, Signature sig, Boolean isConstructor)
   at System.Reflection.MethodBaseInvoker.InvokeWithNoArgs(Object obj, BindingFlags invokeAttr)
--AssertionException
   at NUnit.Framework.Assert.ReportFailure(String message)
   at NUnit.Framework.Assert.ReportFailure(ConstraintResult result, String message, Object[] args)
   at NUnit.Framework.Assert.That[TActual](TActual actual, IResolveConstraint expression, String message, Object[] args)
   at NUnit.Framework.Assert.True(Boolean condition, String message, Object[] args)
   at Microsoft.SqlTools.ServiceLayer.Test.Common.TestConnectionProfileService.GetInstance(String key) in /Users/aasimkhan/src/sqltoolsservice/test/Microsoft.SqlTools.ServiceLayer.Test.Common/TestConnectionProfileService.cs:line 59
   at Microsoft.SqlTools.ServiceLayer.Test.Common.TestConnectionProfileService.GetConnectionParameters(String key, String databaseName) in /Users/aasimkhan/src/sqltoolsservice/test/Microsoft.SqlTools.ServiceLayer.Test.Common/TestConnectionProfileService.cs:line 65
   at Microsoft.SqlTools.ServiceLayer.Test.Common.TestConnectionProfileService.GetConnectionParameters(TestServerType serverType, String databaseName) in /Users/aasimkhan/src/sqltoolsservice/test/Microsoft.SqlTools.ServiceLayer.Test.Common/TestConnectionProfileService.cs:line 75
   at Microsoft.SqlTools.ServiceLayer.Test.Common.TestServiceProvider.InitLiveConnectionInfo(TestServerType serverType, String databaseName, String scriptFilePath) in /Users/aasimkhan/src/sqltoolsservice/test/Microsoft.SqlTools.ServiceLayer.Test.Common/TestServiceProvider.cs:line 142
   at Microsoft.SqlTools.ServiceLayer.Test.Common.TestServiceProvider.RunQueryAsync(TestServerType serverType, String databaseName, String queryText, Boolean throwOnError) in /Users/aasimkhan/src/sqltoolsservice/test/Microsoft.SqlTools.ServiceLayer.Test.Common/TestServiceProvider.cs:line 110
   at Microsoft.SqlTools.ServiceLayer.Test.Common.SqlTestDb.CreateNewAsync(TestServerType serverType, Boolean doNotCleanupDb, String databaseName, String query, String dbNamePrefix) in /Users/aasimkhan/src/sqltoolsservice/test/Microsoft.SqlTools.ServiceLayer.Test.Common/SqlTestDb.cs:line 101</failure>
    </testcase>
    <testcase classname="Microsoft.SqlTools.ServiceLayer.IntegrationTests.ModelManagement.ModelOperationsTests" name="VerifyImportTableShouldReturnTrueGivenNoTable" time="0.0007940">
      <failure type="failure" message="System.AggregateException : One or more errors occurred. (  Cannot find any instance for version key: sqlOnPrem&#xA;  Expected: True&#xA;  But was:  False&#xA;)&#xA;  ----&gt; NUnit.Framework.AssertionException :   Cannot find any instance for version key: sqlOnPrem&#xA;  Expected: True&#xA;  But was:  False&#xA;&#xA;&#xA;  1)   Cannot find any instance for version key: sqlOnPrem&#xA;  Expected: True&#xA;  But was:  False&#xA;&#xA;">at System.Threading.Tasks.Task.ThrowIfExceptional(Boolean includeTaskCanceledExceptions)
   at System.Threading.Tasks.Task`1.GetResultCore(Boolean waitCompletionNotification)
   at Microsoft.SqlTools.ServiceLayer.Test.Common.SqlTestDb.CreateNew(TestServerType serverType, Boolean doNotCleanupDb, String databaseName, String query, String dbNamePrefix) in /Users/aasimkhan/src/sqltoolsservice/test/Microsoft.SqlTools.ServiceLayer.Test.Common/SqlTestDb.cs:line 84
   at Microsoft.SqlTools.ServiceLayer.IntegrationTests.ModelManagement.ModelOperationsTests.VerifyModelOperation[T](Func`4 operation, String dbName, String tbName) in /Users/aasimkhan/src/sqltoolsservice/test/Microsoft.SqlTools.ServiceLayer.IntegrationTests/ModelManagement/ModelOperationsTests.cs:line 339
   at Microsoft.SqlTools.ServiceLayer.IntegrationTests.ModelManagement.ModelOperationsTests.VerifyImportTableShouldReturnTrueGivenNoTable() in /Users/aasimkhan/src/sqltoolsservice/test/Microsoft.SqlTools.ServiceLayer.IntegrationTests/ModelManagement/ModelOperationsTests.cs:line 28
   at System.RuntimeMethodHandle.InvokeMethod(Object target, Void** arguments, Signature sig, Boolean isConstructor)
   at System.Reflection.MethodBaseInvoker.InvokeWithNoArgs(Object obj, BindingFlags invokeAttr)
--AssertionException
   at NUnit.Framework.Assert.ReportFailure(String message)
   at NUnit.Framework.Assert.ReportFailure(ConstraintResult result, String message, Object[] args)
   at NUnit.Framework.Assert.That[TActual](TActual actual, IResolveConstraint expression, String message, Object[] args)
   at NUnit.Framework.Assert.True(Boolean condition, String message, Object[] args)
   at Microsoft.SqlTools.ServiceLayer.Test.Common.TestConnectionProfileService.GetInstance(String key) in /Users/aasimkhan/src/sqltoolsservice/test/Microsoft.SqlTools.ServiceLayer.Test.Common/TestConnectionProfileService.cs:line 59
   at Microsoft.SqlTools.ServiceLayer.Test.Common.TestConnectionProfileService.GetConnectionParameters(String key, String databaseName) in /Users/aasimkhan/src/sqltoolsservice/test/Microsoft.SqlTools.ServiceLayer.Test.Common/TestConnectionProfileService.cs:line 65
   at Microsoft.SqlTools.ServiceLayer.Test.Common.TestConnectionProfileService.GetConnectionParameters(TestServerType serverType, String databaseName) in /Users/aasimkhan/src/sqltoolsservice/test/Microsoft.SqlTools.ServiceLayer.Test.Common/TestConnectionProfileService.cs:line 75
   at Microsoft.SqlTools.ServiceLayer.Test.Common.TestServiceProvider.InitLiveConnectionInfo(TestServerType serverType, String databaseName, String scriptFilePath) in /Users/aasimkhan/src/sqltoolsservice/test/Microsoft.SqlTools.ServiceLayer.Test.Common/TestServiceProvider.cs:line 142
   at Microsoft.SqlTools.ServiceLayer.Test.Common.TestServiceProvider.RunQueryAsync(TestServerType serverType, String databaseName, String queryText, Boolean throwOnError) in /Users/aasimkhan/src/sqltoolsservice/test/Microsoft.SqlTools.ServiceLayer.Test.Common/TestServiceProvider.cs:line 110
   at Microsoft.SqlTools.ServiceLayer.Test.Common.SqlTestDb.CreateNewAsync(TestServerType serverType, Boolean doNotCleanupDb, String databaseName, String query, String dbNamePrefix) in /Users/aasimkhan/src/sqltoolsservice/test/Microsoft.SqlTools.ServiceLayer.Test.Common/SqlTestDb.cs:line 101
1)    at Microsoft.SqlTools.ServiceLayer.Test.Common.TestConnectionProfileService.GetInstance(String key) in /Users/aasimkhan/src/sqltoolsservice/test/Microsoft.SqlTools.ServiceLayer.Test.Common/TestConnectionProfileService.cs:line 59
   at Microsoft.SqlTools.ServiceLayer.Test.Common.TestConnectionProfileService.GetConnectionParameters(String key, String databaseName) in /Users/aasimkhan/src/sqltoolsservice/test/Microsoft.SqlTools.ServiceLayer.Test.Common/TestConnectionProfileService.cs:line 65
   at Microsoft.SqlTools.ServiceLayer.Test.Common.TestConnectionProfileService.GetConnectionParameters(TestServerType serverType, String databaseName) in /Users/aasimkhan/src/sqltoolsservice/test/Microsoft.SqlTools.ServiceLayer.Test.Common/TestConnectionProfileService.cs:line 75
   at Microsoft.SqlTools.ServiceLayer.Test.Common.TestServiceProvider.InitLiveConnectionInfo(TestServerType serverType, String databaseName, String scriptFilePath) in /Users/aasimkhan/src/sqltoolsservice/test/Microsoft.SqlTools.ServiceLayer.Test.Common/TestServiceProvider.cs:line 142
   at System.Runtime.CompilerServices.AsyncMethodBuilderCore.Start[TStateMachine](TStateMachine&amp; stateMachine)
   at Microsoft.SqlTools.ServiceLayer.Test.Common.TestServiceProvider.InitLiveConnectionInfo(TestServerType serverType, String databaseName, String scriptFilePath)
   at Microsoft.SqlTools.ServiceLayer.Test.Common.TestServiceProvider.RunQueryAsync(TestServerType serverType, String databaseName, String queryText, Boolean throwOnError) in /Users/aasimkhan/src/sqltoolsservice/test/Microsoft.SqlTools.ServiceLayer.Test.Common/TestServiceProvider.cs:line 110
   at System.Runtime.CompilerServices.AsyncMethodBuilderCore.Start[TStateMachine](TStateMachine&amp; stateMachine)
   at Microsoft.SqlTools.ServiceLayer.Test.Common.TestServiceProvider.RunQueryAsync(TestServerType serverType, String databaseName, String queryText, Boolean throwOnError)
   at Microsoft.SqlTools.ServiceLayer.Test.Common.SqlTestDb.CreateNewAsync(TestServerType serverType, Boolean doNotCleanupDb, String databaseName, String query, String dbNamePrefix) in /Users/aasimkhan/src/sqltoolsservice/test/Microsoft.SqlTools.ServiceLayer.Test.Common/SqlTestDb.cs:line 101
   at System.Runtime.CompilerServices.AsyncMethodBuilderCore.Start[TStateMachine](TStateMachine&amp; stateMachine)
   at Microsoft.SqlTools.ServiceLayer.Test.Common.SqlTestDb.CreateNewAsync(TestServerType serverType, Boolean doNotCleanupDb, String databaseName, String query, String dbNamePrefix)
   at Microsoft.SqlTools.ServiceLayer.Test.Common.SqlTestDb.CreateNew(TestServerType serverType, Boolean doNotCleanupDb, String databaseName, String query, String dbNamePrefix) in /Users/aasimkhan/src/sqltoolsservice/test/Microsoft.SqlTools.ServiceLayer.Test.Common/SqlTestDb.cs:line 84
   at Microsoft.SqlTools.ServiceLayer.IntegrationTests.ModelManagement.ModelOperationsTests.VerifyModelOperation[T](Func`4 operation, String dbName, String tbName) in /Users/aasimkhan/src/sqltoolsservice/test/Microsoft.SqlTools.ServiceLayer.IntegrationTests/ModelManagement/ModelOperationsTests.cs:line 339
   at Microsoft.SqlTools.ServiceLayer.IntegrationTests.ModelManagement.ModelOperationsTests.VerifyImportTableShouldReturnTrueGivenNoTable() in /Users/aasimkhan/src/sqltoolsservice/test/Microsoft.SqlTools.ServiceLayer.IntegrationTests/ModelManagement/ModelOperationsTests.cs:line 28

2)    at System.Threading.Tasks.Task.ThrowIfExceptional(Boolean includeTaskCanceledExceptions)
   at System.Threading.Tasks.Task`1.GetResultCore(Boolean waitCompletionNotification)
   at Microsoft.SqlTools.ServiceLayer.Test.Common.SqlTestDb.CreateNew(TestServerType serverType, Boolean doNotCleanupDb, String databaseName, String query, String dbNamePrefix) in /Users/aasimkhan/src/sqltoolsservice/test/Microsoft.SqlTools.ServiceLayer.Test.Common/SqlTestDb.cs:line 84
   at Microsoft.SqlTools.ServiceLayer.IntegrationTests.ModelManagement.ModelOperationsTests.VerifyModelOperation[T](Func`4 operation, String dbName, String tbName) in /Users/aasimkhan/src/sqltoolsservice/test/Microsoft.SqlTools.ServiceLayer.IntegrationTests/ModelManagement/ModelOperationsTests.cs:line 339
   at Microsoft.SqlTools.ServiceLayer.IntegrationTests.ModelManagement.ModelOperationsTests.VerifyImportTableShouldReturnTrueGivenNoTable() in /Users/aasimkhan/src/sqltoolsservice/test/Microsoft.SqlTools.ServiceLayer.IntegrationTests/ModelManagement/ModelOperationsTests.cs:line 28
   at System.RuntimeMethodHandle.InvokeMethod(Object target, Void** arguments, Signature sig, Boolean isConstructor)
   at System.Reflection.MethodBaseInvoker.InvokeWithNoArgs(Object obj, BindingFlags invokeAttr)
--AssertionException
   at NUnit.Framework.Assert.ReportFailure(String message)
   at NUnit.Framework.Assert.ReportFailure(ConstraintResult result, String message, Object[] args)
   at NUnit.Framework.Assert.That[TActual](TActual actual, IResolveConstraint expression, String message, Object[] args)
   at NUnit.Framework.Assert.True(Boolean condition, String message, Object[] args)
   at Microsoft.SqlTools.ServiceLayer.Test.Common.TestConnectionProfileService.GetInstance(String key) in /Users/aasimkhan/src/sqltoolsservice/test/Microsoft.SqlTools.ServiceLayer.Test.Common/TestConnectionProfileService.cs:line 59
   at Microsoft.SqlTools.ServiceLayer.Test.Common.TestConnectionProfileService.GetConnectionParameters(String key, String databaseName) in /Users/aasimkhan/src/sqltoolsservice/test/Microsoft.SqlTools.ServiceLayer.Test.Common/TestConnectionProfileService.cs:line 65
   at Microsoft.SqlTools.ServiceLayer.Test.Common.TestConnectionProfileService.GetConnectionParameters(TestServerType serverType, String databaseName) in /Users/aasimkhan/src/sqltoolsservice/test/Microsoft.SqlTools.ServiceLayer.Test.Common/TestConnectionProfileService.cs:line 75
   at Microsoft.SqlTools.ServiceLayer.Test.Common.TestServiceProvider.InitLiveConnectionInfo(TestServerType serverType, String databaseName, String scriptFilePath) in /Users/aasimkhan/src/sqltoolsservice/test/Microsoft.SqlTools.ServiceLayer.Test.Common/TestServiceProvider.cs:line 142
   at Microsoft.SqlTools.ServiceLayer.Test.Common.TestServiceProvider.RunQueryAsync(TestServerType serverType, String databaseName, String queryText, Boolean throwOnError) in /Users/aasimkhan/src/sqltoolsservice/test/Microsoft.SqlTools.ServiceLayer.Test.Common/TestServiceProvider.cs:line 110
   at Microsoft.SqlTools.ServiceLayer.Test.Common.SqlTestDb.CreateNewAsync(TestServerType serverType, Boolean doNotCleanupDb, String databaseName, String query, String dbNamePrefix) in /Users/aasimkhan/src/sqltoolsservice/test/Microsoft.SqlTools.ServiceLayer.Test.Common/SqlTestDb.cs:line 101</failure>
    </testcase>
    <testcase classname="Microsoft.SqlTools.ServiceLayer.IntegrationTests.ModelManagement.ModelOperationsTests" name="VerifyImportTableShouldReturnTrueGivenTableCreatdByTheService" time="0.0008260">
      <failure type="failure" message="System.AggregateException : One or more errors occurred. (  Cannot find any instance for version key: sqlOnPrem&#xA;  Expected: True&#xA;  But was:  False&#xA;)&#xA;  ----&gt; NUnit.Framework.AssertionException :   Cannot find any instance for version key: sqlOnPrem&#xA;  Expected: True&#xA;  But was:  False&#xA;&#xA;&#xA;  1)   Cannot find any instance for version key: sqlOnPrem&#xA;  Expected: True&#xA;  But was:  False&#xA;&#xA;">at System.Threading.Tasks.Task.ThrowIfExceptional(Boolean includeTaskCanceledExceptions)
   at System.Threading.Tasks.Task`1.GetResultCore(Boolean waitCompletionNotification)
   at Microsoft.SqlTools.ServiceLayer.Test.Common.SqlTestDb.CreateNew(TestServerType serverType, Boolean doNotCleanupDb, String databaseName, String query, String dbNamePrefix) in /Users/aasimkhan/src/sqltoolsservice/test/Microsoft.SqlTools.ServiceLayer.Test.Common/SqlTestDb.cs:line 84
   at Microsoft.SqlTools.ServiceLayer.IntegrationTests.ModelManagement.ModelOperationsTests.VerifyModelOperation[T](Func`4 operation, String dbName, String tbName) in /Users/aasimkhan/src/sqltoolsservice/test/Microsoft.SqlTools.ServiceLayer.IntegrationTests/ModelManagement/ModelOperationsTests.cs:line 339
   at Microsoft.SqlTools.ServiceLayer.IntegrationTests.ModelManagement.ModelOperationsTests.VerifyImportTableShouldReturnTrueGivenTableCreatdByTheService() in /Users/aasimkhan/src/sqltoolsservice/test/Microsoft.SqlTools.ServiceLayer.IntegrationTests/ModelManagement/ModelOperationsTests.cs:line 255
   at System.RuntimeMethodHandle.InvokeMethod(Object target, Void** arguments, Signature sig, Boolean isConstructor)
   at System.Reflection.MethodBaseInvoker.InvokeWithNoArgs(Object obj, BindingFlags invokeAttr)
--AssertionException
   at NUnit.Framework.Assert.ReportFailure(String message)
   at NUnit.Framework.Assert.ReportFailure(ConstraintResult result, String message, Object[] args)
   at NUnit.Framework.Assert.That[TActual](TActual actual, IResolveConstraint expression, String message, Object[] args)
   at NUnit.Framework.Assert.True(Boolean condition, String message, Object[] args)
   at Microsoft.SqlTools.ServiceLayer.Test.Common.TestConnectionProfileService.GetInstance(String key) in /Users/aasimkhan/src/sqltoolsservice/test/Microsoft.SqlTools.ServiceLayer.Test.Common/TestConnectionProfileService.cs:line 59
   at Microsoft.SqlTools.ServiceLayer.Test.Common.TestConnectionProfileService.GetConnectionParameters(String key, String databaseName) in /Users/aasimkhan/src/sqltoolsservice/test/Microsoft.SqlTools.ServiceLayer.Test.Common/TestConnectionProfileService.cs:line 65
   at Microsoft.SqlTools.ServiceLayer.Test.Common.TestConnectionProfileService.GetConnectionParameters(TestServerType serverType, String databaseName) in /Users/aasimkhan/src/sqltoolsservice/test/Microsoft.SqlTools.ServiceLayer.Test.Common/TestConnectionProfileService.cs:line 75
   at Microsoft.SqlTools.ServiceLayer.Test.Common.TestServiceProvider.InitLiveConnectionInfo(TestServerType serverType, String databaseName, String scriptFilePath) in /Users/aasimkhan/src/sqltoolsservice/test/Microsoft.SqlTools.ServiceLayer.Test.Common/TestServiceProvider.cs:line 142
   at Microsoft.SqlTools.ServiceLayer.Test.Common.TestServiceProvider.RunQueryAsync(TestServerType serverType, String databaseName, String queryText, Boolean throwOnError) in /Users/aasimkhan/src/sqltoolsservice/test/Microsoft.SqlTools.ServiceLayer.Test.Common/TestServiceProvider.cs:line 110
   at Microsoft.SqlTools.ServiceLayer.Test.Common.SqlTestDb.CreateNewAsync(TestServerType serverType, Boolean doNotCleanupDb, String databaseName, String query, String dbNamePrefix) in /Users/aasimkhan/src/sqltoolsservice/test/Microsoft.SqlTools.ServiceLayer.Test.Common/SqlTestDb.cs:line 101
1)    at Microsoft.SqlTools.ServiceLayer.Test.Common.TestConnectionProfileService.GetInstance(String key) in /Users/aasimkhan/src/sqltoolsservice/test/Microsoft.SqlTools.ServiceLayer.Test.Common/TestConnectionProfileService.cs:line 59
   at Microsoft.SqlTools.ServiceLayer.Test.Common.TestConnectionProfileService.GetConnectionParameters(String key, String databaseName) in /Users/aasimkhan/src/sqltoolsservice/test/Microsoft.SqlTools.ServiceLayer.Test.Common/TestConnectionProfileService.cs:line 65
   at Microsoft.SqlTools.ServiceLayer.Test.Common.TestConnectionProfileService.GetConnectionParameters(TestServerType serverType, String databaseName) in /Users/aasimkhan/src/sqltoolsservice/test/Microsoft.SqlTools.ServiceLayer.Test.Common/TestConnectionProfileService.cs:line 75
   at Microsoft.SqlTools.ServiceLayer.Test.Common.TestServiceProvider.InitLiveConnectionInfo(TestServerType serverType, String databaseName, String scriptFilePath) in /Users/aasimkhan/src/sqltoolsservice/test/Microsoft.SqlTools.ServiceLayer.Test.Common/TestServiceProvider.cs:line 142
   at System.Runtime.CompilerServices.AsyncMethodBuilderCore.Start[TStateMachine](TStateMachine&amp; stateMachine)
   at Microsoft.SqlTools.ServiceLayer.Test.Common.TestServiceProvider.InitLiveConnectionInfo(TestServerType serverType, String databaseName, String scriptFilePath)
   at Microsoft.SqlTools.ServiceLayer.Test.Common.TestServiceProvider.RunQueryAsync(TestServerType serverType, String databaseName, String queryText, Boolean throwOnError) in /Users/aasimkhan/src/sqltoolsservice/test/Microsoft.SqlTools.ServiceLayer.Test.Common/TestServiceProvider.cs:line 110
   at System.Runtime.CompilerServices.AsyncMethodBuilderCore.Start[TStateMachine](TStateMachine&amp; stateMachine)
   at Microsoft.SqlTools.ServiceLayer.Test.Common.TestServiceProvider.RunQueryAsync(TestServerType serverType, String databaseName, String queryText, Boolean throwOnError)
   at Microsoft.SqlTools.ServiceLayer.Test.Common.SqlTestDb.CreateNewAsync(TestServerType serverType, Boolean doNotCleanupDb, String databaseName, String query, String dbNamePrefix) in /Users/aasimkhan/src/sqltoolsservice/test/Microsoft.SqlTools.ServiceLayer.Test.Common/SqlTestDb.cs:line 101
   at System.Runtime.CompilerServices.AsyncMethodBuilderCore.Start[TStateMachine](TStateMachine&amp; stateMachine)
   at Microsoft.SqlTools.ServiceLayer.Test.Common.SqlTestDb.CreateNewAsync(TestServerType serverType, Boolean doNotCleanupDb, String databaseName, String query, String dbNamePrefix)
   at Microsoft.SqlTools.ServiceLayer.Test.Common.SqlTestDb.CreateNew(TestServerType serverType, Boolean doNotCleanupDb, String databaseName, String query, String dbNamePrefix) in /Users/aasimkhan/src/sqltoolsservice/test/Microsoft.SqlTools.ServiceLayer.Test.Common/SqlTestDb.cs:line 84
   at Microsoft.SqlTools.ServiceLayer.IntegrationTests.ModelManagement.ModelOperationsTests.VerifyModelOperation[T](Func`4 operation, String dbName, String tbName) in /Users/aasimkhan/src/sqltoolsservice/test/Microsoft.SqlTools.ServiceLayer.IntegrationTests/ModelManagement/ModelOperationsTests.cs:line 339
   at Microsoft.SqlTools.ServiceLayer.IntegrationTests.ModelManagement.ModelOperationsTests.VerifyImportTableShouldReturnTrueGivenTableCreatdByTheService() in /Users/aasimkhan/src/sqltoolsservice/test/Microsoft.SqlTools.ServiceLayer.IntegrationTests/ModelManagement/ModelOperationsTests.cs:line 255

2)    at System.Threading.Tasks.Task.ThrowIfExceptional(Boolean includeTaskCanceledExceptions)
   at System.Threading.Tasks.Task`1.GetResultCore(Boolean waitCompletionNotification)
   at Microsoft.SqlTools.ServiceLayer.Test.Common.SqlTestDb.CreateNew(TestServerType serverType, Boolean doNotCleanupDb, String databaseName, String query, String dbNamePrefix) in /Users/aasimkhan/src/sqltoolsservice/test/Microsoft.SqlTools.ServiceLayer.Test.Common/SqlTestDb.cs:line 84
   at Microsoft.SqlTools.ServiceLayer.IntegrationTests.ModelManagement.ModelOperationsTests.VerifyModelOperation[T](Func`4 operation, String dbName, String tbName) in /Users/aasimkhan/src/sqltoolsservice/test/Microsoft.SqlTools.ServiceLayer.IntegrationTests/ModelManagement/ModelOperationsTests.cs:line 339
   at Microsoft.SqlTools.ServiceLayer.IntegrationTests.ModelManagement.ModelOperationsTests.VerifyImportTableShouldReturnTrueGivenTableCreatdByTheService() in /Users/aasimkhan/src/sqltoolsservice/test/Microsoft.SqlTools.ServiceLayer.IntegrationTests/ModelManagement/ModelOperationsTests.cs:line 255
   at System.RuntimeMethodHandle.InvokeMethod(Object target, Void** arguments, Signature sig, Boolean isConstructor)
   at System.Reflection.MethodBaseInvoker.InvokeWithNoArgs(Object obj, BindingFlags invokeAttr)
--AssertionException
   at NUnit.Framework.Assert.ReportFailure(String message)
   at NUnit.Framework.Assert.ReportFailure(ConstraintResult result, String message, Object[] args)
   at NUnit.Framework.Assert.That[TActual](TActual actual, IResolveConstraint expression, String message, Object[] args)
   at NUnit.Framework.Assert.True(Boolean condition, String message, Object[] args)
   at Microsoft.SqlTools.ServiceLayer.Test.Common.TestConnectionProfileService.GetInstance(String key) in /Users/aasimkhan/src/sqltoolsservice/test/Microsoft.SqlTools.ServiceLayer.Test.Common/TestConnectionProfileService.cs:line 59
   at Microsoft.SqlTools.ServiceLayer.Test.Common.TestConnectionProfileService.GetConnectionParameters(String key, String databaseName) in /Users/aasimkhan/src/sqltoolsservice/test/Microsoft.SqlTools.ServiceLayer.Test.Common/TestConnectionProfileService.cs:line 65
   at Microsoft.SqlTools.ServiceLayer.Test.Common.TestConnectionProfileService.GetConnectionParameters(TestServerType serverType, String databaseName) in /Users/aasimkhan/src/sqltoolsservice/test/Microsoft.SqlTools.ServiceLayer.Test.Common/TestConnectionProfileService.cs:line 75
   at Microsoft.SqlTools.ServiceLayer.Test.Common.TestServiceProvider.InitLiveConnectionInfo(TestServerType serverType, String databaseName, String scriptFilePath) in /Users/aasimkhan/src/sqltoolsservice/test/Microsoft.SqlTools.ServiceLayer.Test.Common/TestServiceProvider.cs:line 142
   at Microsoft.SqlTools.ServiceLayer.Test.Common.TestServiceProvider.RunQueryAsync(TestServerType serverType, String databaseName, String queryText, Boolean throwOnError) in /Users/aasimkhan/src/sqltoolsservice/test/Microsoft.SqlTools.ServiceLayer.Test.Common/TestServiceProvider.cs:line 110
   at Microsoft.SqlTools.ServiceLayer.Test.Common.SqlTestDb.CreateNewAsync(TestServerType serverType, Boolean doNotCleanupDb, String databaseName, String query, String dbNamePrefix) in /Users/aasimkhan/src/sqltoolsservice/test/Microsoft.SqlTools.ServiceLayer.Test.Common/SqlTestDb.cs:line 101</failure>
    </testcase>
    <testcase classname="Microsoft.SqlTools.ServiceLayer.IntegrationTests.ModelManagement.ModelOperationsTests" name="VerifyImportTableShouldReturnTrueGivenTableNameThatNeedsEscaping" time="0.0006710">
      <failure type="failure" message="System.AggregateException : One or more errors occurred. (  Cannot find any instance for version key: sqlOnPrem&#xA;  Expected: True&#xA;  But was:  False&#xA;)&#xA;  ----&gt; NUnit.Framework.AssertionException :   Cannot find any instance for version key: sqlOnPrem&#xA;  Expected: True&#xA;  But was:  False&#xA;&#xA;&#xA;  1)   Cannot find any instance for version key: sqlOnPrem&#xA;  Expected: True&#xA;  But was:  False&#xA;&#xA;">at System.Threading.Tasks.Task.ThrowIfExceptional(Boolean includeTaskCanceledExceptions)
   at System.Threading.Tasks.Task`1.GetResultCore(Boolean waitCompletionNotification)
   at Microsoft.SqlTools.ServiceLayer.Test.Common.SqlTestDb.CreateNew(TestServerType serverType, Boolean doNotCleanupDb, String databaseName, String query, String dbNamePrefix) in /Users/aasimkhan/src/sqltoolsservice/test/Microsoft.SqlTools.ServiceLayer.Test.Common/SqlTestDb.cs:line 84
   at Microsoft.SqlTools.ServiceLayer.IntegrationTests.ModelManagement.ModelOperationsTests.VerifyModelOperation[T](Func`4 operation, String dbName, String tbName) in /Users/aasimkhan/src/sqltoolsservice/test/Microsoft.SqlTools.ServiceLayer.IntegrationTests/ModelManagement/ModelOperationsTests.cs:line 339
   at Microsoft.SqlTools.ServiceLayer.IntegrationTests.ModelManagement.ModelOperationsTests.VerifyImportTableShouldReturnTrueGivenTableNameThatNeedsEscaping() in /Users/aasimkhan/src/sqltoolsservice/test/Microsoft.SqlTools.ServiceLayer.IntegrationTests/ModelManagement/ModelOperationsTests.cs:line 275
   at System.RuntimeMethodHandle.InvokeMethod(Object target, Void** arguments, Signature sig, Boolean isConstructor)
   at System.Reflection.MethodBaseInvoker.InvokeWithNoArgs(Object obj, BindingFlags invokeAttr)
--AssertionException
   at NUnit.Framework.Assert.ReportFailure(String message)
   at NUnit.Framework.Assert.ReportFailure(ConstraintResult result, String message, Object[] args)
   at NUnit.Framework.Assert.That[TActual](TActual actual, IResolveConstraint expression, String message, Object[] args)
   at NUnit.Framework.Assert.True(Boolean condition, String message, Object[] args)
   at Microsoft.SqlTools.ServiceLayer.Test.Common.TestConnectionProfileService.GetInstance(String key) in /Users/aasimkhan/src/sqltoolsservice/test/Microsoft.SqlTools.ServiceLayer.Test.Common/TestConnectionProfileService.cs:line 59
   at Microsoft.SqlTools.ServiceLayer.Test.Common.TestConnectionProfileService.GetConnectionParameters(String key, String databaseName) in /Users/aasimkhan/src/sqltoolsservice/test/Microsoft.SqlTools.ServiceLayer.Test.Common/TestConnectionProfileService.cs:line 65
   at Microsoft.SqlTools.ServiceLayer.Test.Common.TestConnectionProfileService.GetConnectionParameters(TestServerType serverType, String databaseName) in /Users/aasimkhan/src/sqltoolsservice/test/Microsoft.SqlTools.ServiceLayer.Test.Common/TestConnectionProfileService.cs:line 75
   at Microsoft.SqlTools.ServiceLayer.Test.Common.TestServiceProvider.InitLiveConnectionInfo(TestServerType serverType, String databaseName, String scriptFilePath) in /Users/aasimkhan/src/sqltoolsservice/test/Microsoft.SqlTools.ServiceLayer.Test.Common/TestServiceProvider.cs:line 142
   at Microsoft.SqlTools.ServiceLayer.Test.Common.TestServiceProvider.RunQueryAsync(TestServerType serverType, String databaseName, String queryText, Boolean throwOnError) in /Users/aasimkhan/src/sqltoolsservice/test/Microsoft.SqlTools.ServiceLayer.Test.Common/TestServiceProvider.cs:line 110
   at Microsoft.SqlTools.ServiceLayer.Test.Common.SqlTestDb.CreateNewAsync(TestServerType serverType, Boolean doNotCleanupDb, String databaseName, String query, String dbNamePrefix) in /Users/aasimkhan/src/sqltoolsservice/test/Microsoft.SqlTools.ServiceLayer.Test.Common/SqlTestDb.cs:line 101
1)    at Microsoft.SqlTools.ServiceLayer.Test.Common.TestConnectionProfileService.GetInstance(String key) in /Users/aasimkhan/src/sqltoolsservice/test/Microsoft.SqlTools.ServiceLayer.Test.Common/TestConnectionProfileService.cs:line 59
   at Microsoft.SqlTools.ServiceLayer.Test.Common.TestConnectionProfileService.GetConnectionParameters(String key, String databaseName) in /Users/aasimkhan/src/sqltoolsservice/test/Microsoft.SqlTools.ServiceLayer.Test.Common/TestConnectionProfileService.cs:line 65
   at Microsoft.SqlTools.ServiceLayer.Test.Common.TestConnectionProfileService.GetConnectionParameters(TestServerType serverType, String databaseName) in /Users/aasimkhan/src/sqltoolsservice/test/Microsoft.SqlTools.ServiceLayer.Test.Common/TestConnectionProfileService.cs:line 75
   at Microsoft.SqlTools.ServiceLayer.Test.Common.TestServiceProvider.InitLiveConnectionInfo(TestServerType serverType, String databaseName, String scriptFilePath) in /Users/aasimkhan/src/sqltoolsservice/test/Microsoft.SqlTools.ServiceLayer.Test.Common/TestServiceProvider.cs:line 142
   at System.Runtime.CompilerServices.AsyncMethodBuilderCore.Start[TStateMachine](TStateMachine&amp; stateMachine)
   at Microsoft.SqlTools.ServiceLayer.Test.Common.TestServiceProvider.InitLiveConnectionInfo(TestServerType serverType, String databaseName, String scriptFilePath)
   at Microsoft.SqlTools.ServiceLayer.Test.Common.TestServiceProvider.RunQueryAsync(TestServerType serverType, String databaseName, String queryText, Boolean throwOnError) in /Users/aasimkhan/src/sqltoolsservice/test/Microsoft.SqlTools.ServiceLayer.Test.Common/TestServiceProvider.cs:line 110
   at System.Runtime.CompilerServices.AsyncMethodBuilderCore.Start[TStateMachine](TStateMachine&amp; stateMachine)
   at Microsoft.SqlTools.ServiceLayer.Test.Common.TestServiceProvider.RunQueryAsync(TestServerType serverType, String databaseName, String queryText, Boolean throwOnError)
   at Microsoft.SqlTools.ServiceLayer.Test.Common.SqlTestDb.CreateNewAsync(TestServerType serverType, Boolean doNotCleanupDb, String databaseName, String query, String dbNamePrefix) in /Users/aasimkhan/src/sqltoolsservice/test/Microsoft.SqlTools.ServiceLayer.Test.Common/SqlTestDb.cs:line 101
   at System.Runtime.CompilerServices.AsyncMethodBuilderCore.Start[TStateMachine](TStateMachine&amp; stateMachine)
   at Microsoft.SqlTools.ServiceLayer.Test.Common.SqlTestDb.CreateNewAsync(TestServerType serverType, Boolean doNotCleanupDb, String databaseName, String query, String dbNamePrefix)
   at Microsoft.SqlTools.ServiceLayer.Test.Common.SqlTestDb.CreateNew(TestServerType serverType, Boolean doNotCleanupDb, String databaseName, String query, String dbNamePrefix) in /Users/aasimkhan/src/sqltoolsservice/test/Microsoft.SqlTools.ServiceLayer.Test.Common/SqlTestDb.cs:line 84
   at Microsoft.SqlTools.ServiceLayer.IntegrationTests.ModelManagement.ModelOperationsTests.VerifyModelOperation[T](Func`4 operation, String dbName, String tbName) in /Users/aasimkhan/src/sqltoolsservice/test/Microsoft.SqlTools.ServiceLayer.IntegrationTests/ModelManagement/ModelOperationsTests.cs:line 339
   at Microsoft.SqlTools.ServiceLayer.IntegrationTests.ModelManagement.ModelOperationsTests.VerifyImportTableShouldReturnTrueGivenTableNameThatNeedsEscaping() in /Users/aasimkhan/src/sqltoolsservice/test/Microsoft.SqlTools.ServiceLayer.IntegrationTests/ModelManagement/ModelOperationsTests.cs:line 275

2)    at System.Threading.Tasks.Task.ThrowIfExceptional(Boolean includeTaskCanceledExceptions)
   at System.Threading.Tasks.Task`1.GetResultCore(Boolean waitCompletionNotification)
   at Microsoft.SqlTools.ServiceLayer.Test.Common.SqlTestDb.CreateNew(TestServerType serverType, Boolean doNotCleanupDb, String databaseName, String query, String dbNamePrefix) in /Users/aasimkhan/src/sqltoolsservice/test/Microsoft.SqlTools.ServiceLayer.Test.Common/SqlTestDb.cs:line 84
   at Microsoft.SqlTools.ServiceLayer.IntegrationTests.ModelManagement.ModelOperationsTests.VerifyModelOperation[T](Func`4 operation, String dbName, String tbName) in /Users/aasimkhan/src/sqltoolsservice/test/Microsoft.SqlTools.ServiceLayer.IntegrationTests/ModelManagement/ModelOperationsTests.cs:line 339
   at Microsoft.SqlTools.ServiceLayer.IntegrationTests.ModelManagement.ModelOperationsTests.VerifyImportTableShouldReturnTrueGivenTableNameThatNeedsEscaping() in /Users/aasimkhan/src/sqltoolsservice/test/Microsoft.SqlTools.ServiceLayer.IntegrationTests/ModelManagement/ModelOperationsTests.cs:line 275
   at System.RuntimeMethodHandle.InvokeMethod(Object target, Void** arguments, Signature sig, Boolean isConstructor)
   at System.Reflection.MethodBaseInvoker.InvokeWithNoArgs(Object obj, BindingFlags invokeAttr)
--AssertionException
   at NUnit.Framework.Assert.ReportFailure(String message)
   at NUnit.Framework.Assert.ReportFailure(ConstraintResult result, String message, Object[] args)
   at NUnit.Framework.Assert.That[TActual](TActual actual, IResolveConstraint expression, String message, Object[] args)
   at NUnit.Framework.Assert.True(Boolean condition, String message, Object[] args)
   at Microsoft.SqlTools.ServiceLayer.Test.Common.TestConnectionProfileService.GetInstance(String key) in /Users/aasimkhan/src/sqltoolsservice/test/Microsoft.SqlTools.ServiceLayer.Test.Common/TestConnectionProfileService.cs:line 59
   at Microsoft.SqlTools.ServiceLayer.Test.Common.TestConnectionProfileService.GetConnectionParameters(String key, String databaseName) in /Users/aasimkhan/src/sqltoolsservice/test/Microsoft.SqlTools.ServiceLayer.Test.Common/TestConnectionProfileService.cs:line 65
   at Microsoft.SqlTools.ServiceLayer.Test.Common.TestConnectionProfileService.GetConnectionParameters(TestServerType serverType, String databaseName) in /Users/aasimkhan/src/sqltoolsservice/test/Microsoft.SqlTools.ServiceLayer.Test.Common/TestConnectionProfileService.cs:line 75
   at Microsoft.SqlTools.ServiceLayer.Test.Common.TestServiceProvider.InitLiveConnectionInfo(TestServerType serverType, String databaseName, String scriptFilePath) in /Users/aasimkhan/src/sqltoolsservice/test/Microsoft.SqlTools.ServiceLayer.Test.Common/TestServiceProvider.cs:line 142
   at Microsoft.SqlTools.ServiceLayer.Test.Common.TestServiceProvider.RunQueryAsync(TestServerType serverType, String databaseName, String queryText, Boolean throwOnError) in /Users/aasimkhan/src/sqltoolsservice/test/Microsoft.SqlTools.ServiceLayer.Test.Common/TestServiceProvider.cs:line 110
   at Microsoft.SqlTools.ServiceLayer.Test.Common.SqlTestDb.CreateNewAsync(TestServerType serverType, Boolean doNotCleanupDb, String databaseName, String query, String dbNamePrefix) in /Users/aasimkhan/src/sqltoolsservice/test/Microsoft.SqlTools.ServiceLayer.Test.Common/SqlTestDb.cs:line 101</failure>
    </testcase>
    <testcase classname="Microsoft.SqlTools.ServiceLayer.IntegrationTests.ObjectExplorer.ObjectExplorerServiceTests" name="CreateSessionAndExpandOnTheDatabaseShouldReturnDatabaseAsTheRoot" time="0.0016430">
      <failure type="failure" message="System.Exception : Failed to run OE test. uri: error:  Cannot find any instance for version key: sqlOnPrem&#xA;  Expected: True&#xA;  But was:  False&#xA;&#xA;    at NUnit.Framework.Assert.ReportFailure(String message)&#xA;   at NUnit.Framework.Assert.ReportFailure(ConstraintResult result, String message, Object[] args)&#xA;   at NUnit.Framework.Assert.That[TActual](TActual actual, IResolveConstraint expression, String message, Object[] args)&#xA;   at NUnit.Framework.Assert.True(Boolean condition, String message, Object[] args)&#xA;   at Microsoft.SqlTools.ServiceLayer.Test.Common.TestConnectionProfileService.GetInstance(String key) in /Users/aasimkhan/src/sqltoolsservice/test/Microsoft.SqlTools.ServiceLayer.Test.Common/TestConnectionProfileService.cs:line 59&#xA;   at Microsoft.SqlTools.ServiceLayer.Test.Common.TestConnectionProfileService.GetConnectionParameters(String key, String databaseName) in /Users/aasimkhan/src/sqltoolsservice/test/Microsoft.SqlTools.ServiceLayer.Test.Common/TestConnectionProfileService.cs:line 65&#xA;   at Microsoft.SqlTools.ServiceLayer.Test.Common.TestConnectionProfileService.GetConnectionParameters(TestServerType serverType, String databaseName) in /Users/aasimkhan/src/sqltoolsservice/test/Microsoft.SqlTools.ServiceLayer.Test.Common/TestConnectionProfileService.cs:line 75&#xA;   at Microsoft.SqlTools.ServiceLayer.Test.Common.TestServiceProvider.InitLiveConnectionInfo(TestServerType serverType, String databaseName, String scriptFilePath) in /Users/aasimkhan/src/sqltoolsservice/test/Microsoft.SqlTools.ServiceLayer.Test.Common/TestServiceProvider.cs:line 142&#xA;   at Microsoft.SqlTools.ServiceLayer.Test.Common.TestServiceProvider.RunQueryAsync(TestServerType serverType, String databaseName, String queryText, Boolean throwOnError) in /Users/aasimkhan/src/sqltoolsservice/test/Microsoft.SqlTools.ServiceLayer.Test.Common/TestServiceProvider.cs:line 110&#xA;   at Microsoft.SqlTools.ServiceLayer.Test.Common.SqlTestDb.CreateNewAsync(TestServerType serverType, Boolean doNotCleanupDb, String databaseName, String query, String dbNamePrefix) in /Users/aasimkhan/src/sqltoolsservice/test/Microsoft.SqlTools.ServiceLayer.Test.Common/SqlTestDb.cs:line 101&#xA;   at Microsoft.SqlTools.ServiceLayer.IntegrationTests.ObjectExplorer.ObjectExplorerServiceTests.RunTest(String databaseName, String query, String testDbPrefix, Func`3 test) in /Users/aasimkhan/src/sqltoolsservice/test/Microsoft.SqlTools.ServiceLayer.IntegrationTests/ObjectExplorer/ObjectExplorerServiceTests.cs:line 432&#xA;&#xA;  1)   Cannot find any instance for version key: sqlOnPrem&#xA;  Expected: True&#xA;  But was:  False&#xA;&#xA;">at Microsoft.SqlTools.ServiceLayer.IntegrationTests.ObjectExplorer.ObjectExplorerServiceTests.RunTest(String databaseName, String query, String testDbPrefix, Func`3 test) in /Users/aasimkhan/src/sqltoolsservice/test/Microsoft.SqlTools.ServiceLayer.IntegrationTests/ObjectExplorer/ObjectExplorerServiceTests.cs:line 445
   at Microsoft.SqlTools.ServiceLayer.IntegrationTests.ObjectExplorer.ObjectExplorerServiceTests.RunTest(String databaseName, String query, String testDbPrefix, Func`3 test) in /Users/aasimkhan/src/sqltoolsservice/test/Microsoft.SqlTools.ServiceLayer.IntegrationTests/ObjectExplorer/ObjectExplorerServiceTests.cs:line 457
   at Microsoft.SqlTools.ServiceLayer.IntegrationTests.ObjectExplorer.ObjectExplorerServiceTests.CreateSessionAndExpandOnTheDatabaseShouldReturnDatabaseAsTheRoot() in /Users/aasimkhan/src/sqltoolsservice/test/Microsoft.SqlTools.ServiceLayer.IntegrationTests/ObjectExplorer/ObjectExplorerServiceTests.cs:line 127
   at NUnit.Framework.Internal.TaskAwaitAdapter.GenericAdapter`1.GetResult()
   at NUnit.Framework.Internal.AsyncToSyncAdapter.Await(Func`1 invoke)
   at NUnit.Framework.Internal.Commands.TestMethodCommand.RunTestMethod(TestExecutionContext context)
   at NUnit.Framework.Internal.Commands.TestMethodCommand.Execute(TestExecutionContext context)
   at NUnit.Framework.Internal.Execution.SimpleWorkItem.&lt;&gt;c__DisplayClass4_0.&lt;PerformWork&gt;b__0()
   at NUnit.Framework.Internal.ContextUtils.&lt;&gt;c__DisplayClass1_0`1.&lt;DoIsolated&gt;b__0(Object _)
   at System.Threading.ExecutionContext.RunInternal(ExecutionContext executionContext, ContextCallback callback, Object state)
--- End of stack trace from previous location ---
   at System.Threading.ExecutionContext.RunInternal(ExecutionContext executionContext, ContextCallback callback, Object state)
   at NUnit.Framework.Internal.ContextUtils.DoIsolated(ContextCallback callback, Object state)
   at NUnit.Framework.Internal.ContextUtils.DoIsolated[T](Func`1 func)
   at NUnit.Framework.Internal.Execution.SimpleWorkItem.PerformWork()
1)    at Microsoft.SqlTools.ServiceLayer.Test.Common.TestConnectionProfileService.GetInstance(String key) in /Users/aasimkhan/src/sqltoolsservice/test/Microsoft.SqlTools.ServiceLayer.Test.Common/TestConnectionProfileService.cs:line 59
   at Microsoft.SqlTools.ServiceLayer.Test.Common.TestConnectionProfileService.GetConnectionParameters(String key, String databaseName) in /Users/aasimkhan/src/sqltoolsservice/test/Microsoft.SqlTools.ServiceLayer.Test.Common/TestConnectionProfileService.cs:line 65
   at Microsoft.SqlTools.ServiceLayer.Test.Common.TestConnectionProfileService.GetConnectionParameters(TestServerType serverType, String databaseName) in /Users/aasimkhan/src/sqltoolsservice/test/Microsoft.SqlTools.ServiceLayer.Test.Common/TestConnectionProfileService.cs:line 75
   at Microsoft.SqlTools.ServiceLayer.Test.Common.TestServiceProvider.InitLiveConnectionInfo(TestServerType serverType, String databaseName, String scriptFilePath) in /Users/aasimkhan/src/sqltoolsservice/test/Microsoft.SqlTools.ServiceLayer.Test.Common/TestServiceProvider.cs:line 142
   at System.Runtime.CompilerServices.AsyncMethodBuilderCore.Start[TStateMachine](TStateMachine&amp; stateMachine)
   at Microsoft.SqlTools.ServiceLayer.Test.Common.TestServiceProvider.InitLiveConnectionInfo(TestServerType serverType, String databaseName, String scriptFilePath)
   at Microsoft.SqlTools.ServiceLayer.Test.Common.TestServiceProvider.RunQueryAsync(TestServerType serverType, String databaseName, String queryText, Boolean throwOnError) in /Users/aasimkhan/src/sqltoolsservice/test/Microsoft.SqlTools.ServiceLayer.Test.Common/TestServiceProvider.cs:line 110
   at System.Runtime.CompilerServices.AsyncMethodBuilderCore.Start[TStateMachine](TStateMachine&amp; stateMachine)
   at Microsoft.SqlTools.ServiceLayer.Test.Common.TestServiceProvider.RunQueryAsync(TestServerType serverType, String databaseName, String queryText, Boolean throwOnError)
   at Microsoft.SqlTools.ServiceLayer.Test.Common.SqlTestDb.CreateNewAsync(TestServerType serverType, Boolean doNotCleanupDb, String databaseName, String query, String dbNamePrefix) in /Users/aasimkhan/src/sqltoolsservice/test/Microsoft.SqlTools.ServiceLayer.Test.Common/SqlTestDb.cs:line 101
   at System.Runtime.CompilerServices.AsyncMethodBuilderCore.Start[TStateMachine](TStateMachine&amp; stateMachine)
   at Microsoft.SqlTools.ServiceLayer.Test.Common.SqlTestDb.CreateNewAsync(TestServerType serverType, Boolean doNotCleanupDb, String databaseName, String query, String dbNamePrefix)
   at Microsoft.SqlTools.ServiceLayer.IntegrationTests.ObjectExplorer.ObjectExplorerServiceTests.RunTest(String databaseName, String query, String testDbPrefix, Func`3 test) in /Users/aasimkhan/src/sqltoolsservice/test/Microsoft.SqlTools.ServiceLayer.IntegrationTests/ObjectExplorer/ObjectExplorerServiceTests.cs:line 432
   at System.Runtime.CompilerServices.AsyncMethodBuilderCore.Start[TStateMachine](TStateMachine&amp; stateMachine)
   at Microsoft.SqlTools.ServiceLayer.IntegrationTests.ObjectExplorer.ObjectExplorerServiceTests.RunTest(String databaseName, String query, String testDbPrefix, Func`3 test)
   at Microsoft.SqlTools.ServiceLayer.IntegrationTests.ObjectExplorer.ObjectExplorerServiceTests.CreateSessionAndExpandOnTheDatabaseShouldReturnDatabaseAsTheRoot() in /Users/aasimkhan/src/sqltoolsservice/test/Microsoft.SqlTools.ServiceLayer.IntegrationTests/ObjectExplorer/ObjectExplorerServiceTests.cs:line 127
   at System.Runtime.CompilerServices.AsyncMethodBuilderCore.Start[TStateMachine](TStateMachine&amp; stateMachine)
   at Microsoft.SqlTools.ServiceLayer.IntegrationTests.ObjectExplorer.ObjectExplorerServiceTests.CreateSessionAndExpandOnTheDatabaseShouldReturnDatabaseAsTheRoot()

2)    at Microsoft.SqlTools.ServiceLayer.IntegrationTests.ObjectExplorer.ObjectExplorerServiceTests.RunTest(String databaseName, String query, String testDbPrefix, Func`3 test) in /Users/aasimkhan/src/sqltoolsservice/test/Microsoft.SqlTools.ServiceLayer.IntegrationTests/ObjectExplorer/ObjectExplorerServiceTests.cs:line 445
   at Microsoft.SqlTools.ServiceLayer.IntegrationTests.ObjectExplorer.ObjectExplorerServiceTests.RunTest(String databaseName, String query, String testDbPrefix, Func`3 test) in /Users/aasimkhan/src/sqltoolsservice/test/Microsoft.SqlTools.ServiceLayer.IntegrationTests/ObjectExplorer/ObjectExplorerServiceTests.cs:line 457
   at Microsoft.SqlTools.ServiceLayer.IntegrationTests.ObjectExplorer.ObjectExplorerServiceTests.CreateSessionAndExpandOnTheDatabaseShouldReturnDatabaseAsTheRoot() in /Users/aasimkhan/src/sqltoolsservice/test/Microsoft.SqlTools.ServiceLayer.IntegrationTests/ObjectExplorer/ObjectExplorerServiceTests.cs:line 127
   at NUnit.Framework.Internal.TaskAwaitAdapter.GenericAdapter`1.GetResult()
   at NUnit.Framework.Internal.AsyncToSyncAdapter.Await(Func`1 invoke)
   at NUnit.Framework.Internal.Commands.TestMethodCommand.RunTestMethod(TestExecutionContext context)
   at NUnit.Framework.Internal.Commands.TestMethodCommand.Execute(TestExecutionContext context)
   at NUnit.Framework.Internal.Execution.SimpleWorkItem.&lt;&gt;c__DisplayClass4_0.&lt;PerformWork&gt;b__0()
   at NUnit.Framework.Internal.ContextUtils.&lt;&gt;c__DisplayClass1_0`1.&lt;DoIsolated&gt;b__0(Object _)
   at System.Threading.ExecutionContext.RunInternal(ExecutionContext executionContext, ContextCallback callback, Object state)
--- End of stack trace from previous location ---
   at System.Threading.ExecutionContext.RunInternal(ExecutionContext executionContext, ContextCallback callback, Object state)
   at NUnit.Framework.Internal.ContextUtils.DoIsolated(ContextCallback callback, Object state)
   at NUnit.Framework.Internal.ContextUtils.DoIsolated[T](Func`1 func)
   at NUnit.Framework.Internal.Execution.SimpleWorkItem.PerformWork()</failure>
    </testcase>
    <testcase classname="Microsoft.SqlTools.ServiceLayer.IntegrationTests.ObjectExplorer.ObjectExplorerServiceTests" name="CreateSessionAndExpandOnTheServerShouldReturnServerAsTheRoot" time="0.0010190">
      <failure type="failure" message="System.Exception : Failed to run OE test. uri: error:  Cannot find any instance for version key: sqlOnPrem&#xA;  Expected: True&#xA;  But was:  False&#xA;&#xA;    at NUnit.Framework.Assert.ReportFailure(String message)&#xA;   at NUnit.Framework.Assert.ReportFailure(ConstraintResult result, String message, Object[] args)&#xA;   at NUnit.Framework.Assert.That[TActual](TActual actual, IResolveConstraint expression, String message, Object[] args)&#xA;   at NUnit.Framework.Assert.True(Boolean condition, String message, Object[] args)&#xA;   at Microsoft.SqlTools.ServiceLayer.Test.Common.TestConnectionProfileService.GetInstance(String key) in /Users/aasimkhan/src/sqltoolsservice/test/Microsoft.SqlTools.ServiceLayer.Test.Common/TestConnectionProfileService.cs:line 59&#xA;   at Microsoft.SqlTools.ServiceLayer.Test.Common.TestConnectionProfileService.GetConnectionParameters(String key, String databaseName) in /Users/aasimkhan/src/sqltoolsservice/test/Microsoft.SqlTools.ServiceLayer.Test.Common/TestConnectionProfileService.cs:line 65&#xA;   at Microsoft.SqlTools.ServiceLayer.Test.Common.TestConnectionProfileService.GetConnectionParameters(TestServerType serverType, String databaseName) in /Users/aasimkhan/src/sqltoolsservice/test/Microsoft.SqlTools.ServiceLayer.Test.Common/TestConnectionProfileService.cs:line 75&#xA;   at Microsoft.SqlTools.ServiceLayer.Test.Common.TestServiceProvider.InitLiveConnectionInfo(TestServerType serverType, String databaseName, String scriptFilePath) in /Users/aasimkhan/src/sqltoolsservice/test/Microsoft.SqlTools.ServiceLayer.Test.Common/TestServiceProvider.cs:line 142&#xA;   at Microsoft.SqlTools.ServiceLayer.Test.Common.TestServiceProvider.RunQueryAsync(TestServerType serverType, String databaseName, String queryText, Boolean throwOnError) in /Users/aasimkhan/src/sqltoolsservice/test/Microsoft.SqlTools.ServiceLayer.Test.Common/TestServiceProvider.cs:line 110&#xA;   at Microsoft.SqlTools.ServiceLayer.Test.Common.SqlTestDb.CreateNewAsync(TestServerType serverType, Boolean doNotCleanupDb, String databaseName, String query, String dbNamePrefix) in /Users/aasimkhan/src/sqltoolsservice/test/Microsoft.SqlTools.ServiceLayer.Test.Common/SqlTestDb.cs:line 101&#xA;   at Microsoft.SqlTools.ServiceLayer.IntegrationTests.ObjectExplorer.ObjectExplorerServiceTests.RunTest(String databaseName, String query, String testDbPrefix, Func`3 test) in /Users/aasimkhan/src/sqltoolsservice/test/Microsoft.SqlTools.ServiceLayer.IntegrationTests/ObjectExplorer/ObjectExplorerServiceTests.cs:line 432&#xA;&#xA;  1)   Cannot find any instance for version key: sqlOnPrem&#xA;  Expected: True&#xA;  But was:  False&#xA;&#xA;">at Microsoft.SqlTools.ServiceLayer.IntegrationTests.ObjectExplorer.ObjectExplorerServiceTests.RunTest(String databaseName, String query, String testDbPrefix, Func`3 test) in /Users/aasimkhan/src/sqltoolsservice/test/Microsoft.SqlTools.ServiceLayer.IntegrationTests/ObjectExplorer/ObjectExplorerServiceTests.cs:line 445
   at Microsoft.SqlTools.ServiceLayer.IntegrationTests.ObjectExplorer.ObjectExplorerServiceTests.RunTest(String databaseName, String query, String testDbPrefix, Func`3 test) in /Users/aasimkhan/src/sqltoolsservice/test/Microsoft.SqlTools.ServiceLayer.IntegrationTests/ObjectExplorer/ObjectExplorerServiceTests.cs:line 457
   at Microsoft.SqlTools.ServiceLayer.IntegrationTests.ObjectExplorer.ObjectExplorerServiceTests.CreateSessionAndExpandOnTheServerShouldReturnServerAsTheRoot() in /Users/aasimkhan/src/sqltoolsservice/test/Microsoft.SqlTools.ServiceLayer.IntegrationTests/ObjectExplorer/ObjectExplorerServiceTests.cs:line 40
   at NUnit.Framework.Internal.TaskAwaitAdapter.GenericAdapter`1.GetResult()
   at NUnit.Framework.Internal.AsyncToSyncAdapter.Await(Func`1 invoke)
   at NUnit.Framework.Internal.Commands.TestMethodCommand.RunTestMethod(TestExecutionContext context)
   at NUnit.Framework.Internal.Commands.TestMethodCommand.Execute(TestExecutionContext context)
   at NUnit.Framework.Internal.Execution.SimpleWorkItem.&lt;&gt;c__DisplayClass4_0.&lt;PerformWork&gt;b__0()
   at NUnit.Framework.Internal.ContextUtils.&lt;&gt;c__DisplayClass1_0`1.&lt;DoIsolated&gt;b__0(Object _)
   at System.Threading.ExecutionContext.RunInternal(ExecutionContext executionContext, ContextCallback callback, Object state)
--- End of stack trace from previous location ---
   at System.Threading.ExecutionContext.RunInternal(ExecutionContext executionContext, ContextCallback callback, Object state)
   at NUnit.Framework.Internal.ContextUtils.DoIsolated(ContextCallback callback, Object state)
   at NUnit.Framework.Internal.ContextUtils.DoIsolated[T](Func`1 func)
   at NUnit.Framework.Internal.Execution.SimpleWorkItem.PerformWork()
1)    at Microsoft.SqlTools.ServiceLayer.Test.Common.TestConnectionProfileService.GetInstance(String key) in /Users/aasimkhan/src/sqltoolsservice/test/Microsoft.SqlTools.ServiceLayer.Test.Common/TestConnectionProfileService.cs:line 59
   at Microsoft.SqlTools.ServiceLayer.Test.Common.TestConnectionProfileService.GetConnectionParameters(String key, String databaseName) in /Users/aasimkhan/src/sqltoolsservice/test/Microsoft.SqlTools.ServiceLayer.Test.Common/TestConnectionProfileService.cs:line 65
   at Microsoft.SqlTools.ServiceLayer.Test.Common.TestConnectionProfileService.GetConnectionParameters(TestServerType serverType, String databaseName) in /Users/aasimkhan/src/sqltoolsservice/test/Microsoft.SqlTools.ServiceLayer.Test.Common/TestConnectionProfileService.cs:line 75
   at Microsoft.SqlTools.ServiceLayer.Test.Common.TestServiceProvider.InitLiveConnectionInfo(TestServerType serverType, String databaseName, String scriptFilePath) in /Users/aasimkhan/src/sqltoolsservice/test/Microsoft.SqlTools.ServiceLayer.Test.Common/TestServiceProvider.cs:line 142
   at System.Runtime.CompilerServices.AsyncMethodBuilderCore.Start[TStateMachine](TStateMachine&amp; stateMachine)
   at Microsoft.SqlTools.ServiceLayer.Test.Common.TestServiceProvider.InitLiveConnectionInfo(TestServerType serverType, String databaseName, String scriptFilePath)
   at Microsoft.SqlTools.ServiceLayer.Test.Common.TestServiceProvider.RunQueryAsync(TestServerType serverType, String databaseName, String queryText, Boolean throwOnError) in /Users/aasimkhan/src/sqltoolsservice/test/Microsoft.SqlTools.ServiceLayer.Test.Common/TestServiceProvider.cs:line 110
   at System.Runtime.CompilerServices.AsyncMethodBuilderCore.Start[TStateMachine](TStateMachine&amp; stateMachine)
   at Microsoft.SqlTools.ServiceLayer.Test.Common.TestServiceProvider.RunQueryAsync(TestServerType serverType, String databaseName, String queryText, Boolean throwOnError)
   at Microsoft.SqlTools.ServiceLayer.Test.Common.SqlTestDb.CreateNewAsync(TestServerType serverType, Boolean doNotCleanupDb, String databaseName, String query, String dbNamePrefix) in /Users/aasimkhan/src/sqltoolsservice/test/Microsoft.SqlTools.ServiceLayer.Test.Common/SqlTestDb.cs:line 101
   at System.Runtime.CompilerServices.AsyncMethodBuilderCore.Start[TStateMachine](TStateMachine&amp; stateMachine)
   at Microsoft.SqlTools.ServiceLayer.Test.Common.SqlTestDb.CreateNewAsync(TestServerType serverType, Boolean doNotCleanupDb, String databaseName, String query, String dbNamePrefix)
   at Microsoft.SqlTools.ServiceLayer.IntegrationTests.ObjectExplorer.ObjectExplorerServiceTests.RunTest(String databaseName, String query, String testDbPrefix, Func`3 test) in /Users/aasimkhan/src/sqltoolsservice/test/Microsoft.SqlTools.ServiceLayer.IntegrationTests/ObjectExplorer/ObjectExplorerServiceTests.cs:line 432
   at System.Runtime.CompilerServices.AsyncMethodBuilderCore.Start[TStateMachine](TStateMachine&amp; stateMachine)
   at Microsoft.SqlTools.ServiceLayer.IntegrationTests.ObjectExplorer.ObjectExplorerServiceTests.RunTest(String databaseName, String query, String testDbPrefix, Func`3 test)
   at Microsoft.SqlTools.ServiceLayer.IntegrationTests.ObjectExplorer.ObjectExplorerServiceTests.CreateSessionAndExpandOnTheServerShouldReturnServerAsTheRoot() in /Users/aasimkhan/src/sqltoolsservice/test/Microsoft.SqlTools.ServiceLayer.IntegrationTests/ObjectExplorer/ObjectExplorerServiceTests.cs:line 40
   at System.Runtime.CompilerServices.AsyncMethodBuilderCore.Start[TStateMachine](TStateMachine&amp; stateMachine)
   at Microsoft.SqlTools.ServiceLayer.IntegrationTests.ObjectExplorer.ObjectExplorerServiceTests.CreateSessionAndExpandOnTheServerShouldReturnServerAsTheRoot()

2)    at Microsoft.SqlTools.ServiceLayer.IntegrationTests.ObjectExplorer.ObjectExplorerServiceTests.RunTest(String databaseName, String query, String testDbPrefix, Func`3 test) in /Users/aasimkhan/src/sqltoolsservice/test/Microsoft.SqlTools.ServiceLayer.IntegrationTests/ObjectExplorer/ObjectExplorerServiceTests.cs:line 445
   at Microsoft.SqlTools.ServiceLayer.IntegrationTests.ObjectExplorer.ObjectExplorerServiceTests.RunTest(String databaseName, String query, String testDbPrefix, Func`3 test) in /Users/aasimkhan/src/sqltoolsservice/test/Microsoft.SqlTools.ServiceLayer.IntegrationTests/ObjectExplorer/ObjectExplorerServiceTests.cs:line 457
   at Microsoft.SqlTools.ServiceLayer.IntegrationTests.ObjectExplorer.ObjectExplorerServiceTests.CreateSessionAndExpandOnTheServerShouldReturnServerAsTheRoot() in /Users/aasimkhan/src/sqltoolsservice/test/Microsoft.SqlTools.ServiceLayer.IntegrationTests/ObjectExplorer/ObjectExplorerServiceTests.cs:line 40
   at NUnit.Framework.Internal.TaskAwaitAdapter.GenericAdapter`1.GetResult()
   at NUnit.Framework.Internal.AsyncToSyncAdapter.Await(Func`1 invoke)
   at NUnit.Framework.Internal.Commands.TestMethodCommand.RunTestMethod(TestExecutionContext context)
   at NUnit.Framework.Internal.Commands.TestMethodCommand.Execute(TestExecutionContext context)
   at NUnit.Framework.Internal.Execution.SimpleWorkItem.&lt;&gt;c__DisplayClass4_0.&lt;PerformWork&gt;b__0()
   at NUnit.Framework.Internal.ContextUtils.&lt;&gt;c__DisplayClass1_0`1.&lt;DoIsolated&gt;b__0(Object _)
   at System.Threading.ExecutionContext.RunInternal(ExecutionContext executionContext, ContextCallback callback, Object state)
--- End of stack trace from previous location ---
   at System.Threading.ExecutionContext.RunInternal(ExecutionContext executionContext, ContextCallback callback, Object state)
   at NUnit.Framework.Internal.ContextUtils.DoIsolated(ContextCallback callback, Object state)
   at NUnit.Framework.Internal.ContextUtils.DoIsolated[T](Func`1 func)
   at NUnit.Framework.Internal.Execution.SimpleWorkItem.PerformWork()</failure>
    </testcase>
    <testcase classname="Microsoft.SqlTools.ServiceLayer.IntegrationTests.ObjectExplorer.ObjectExplorerServiceTests" name="CreateSessionWithTempdbAndExpandOnTheServerShouldReturnServerAsTheRoot" time="0.0010630">
      <failure type="failure" message="System.Exception : Failed to run OE test. uri: error:  Cannot find any instance for version key: sqlOnPrem&#xA;  Expected: True&#xA;  But was:  False&#xA;&#xA;    at NUnit.Framework.Assert.ReportFailure(String message)&#xA;   at NUnit.Framework.Assert.ReportFailure(ConstraintResult result, String message, Object[] args)&#xA;   at NUnit.Framework.Assert.That[TActual](TActual actual, IResolveConstraint expression, String message, Object[] args)&#xA;   at NUnit.Framework.Assert.True(Boolean condition, String message, Object[] args)&#xA;   at Microsoft.SqlTools.ServiceLayer.Test.Common.TestConnectionProfileService.GetInstance(String key) in /Users/aasimkhan/src/sqltoolsservice/test/Microsoft.SqlTools.ServiceLayer.Test.Common/TestConnectionProfileService.cs:line 59&#xA;   at Microsoft.SqlTools.ServiceLayer.Test.Common.TestConnectionProfileService.GetConnectionParameters(String key, String databaseName) in /Users/aasimkhan/src/sqltoolsservice/test/Microsoft.SqlTools.ServiceLayer.Test.Common/TestConnectionProfileService.cs:line 65&#xA;   at Microsoft.SqlTools.ServiceLayer.Test.Common.TestConnectionProfileService.GetConnectionParameters(TestServerType serverType, String databaseName) in /Users/aasimkhan/src/sqltoolsservice/test/Microsoft.SqlTools.ServiceLayer.Test.Common/TestConnectionProfileService.cs:line 75&#xA;   at Microsoft.SqlTools.ServiceLayer.Test.Common.TestServiceProvider.InitLiveConnectionInfo(TestServerType serverType, String databaseName, String scriptFilePath) in /Users/aasimkhan/src/sqltoolsservice/test/Microsoft.SqlTools.ServiceLayer.Test.Common/TestServiceProvider.cs:line 142&#xA;   at Microsoft.SqlTools.ServiceLayer.Test.Common.TestServiceProvider.RunQueryAsync(TestServerType serverType, String databaseName, String queryText, Boolean throwOnError) in /Users/aasimkhan/src/sqltoolsservice/test/Microsoft.SqlTools.ServiceLayer.Test.Common/TestServiceProvider.cs:line 110&#xA;   at Microsoft.SqlTools.ServiceLayer.Test.Common.SqlTestDb.CreateNewAsync(TestServerType serverType, Boolean doNotCleanupDb, String databaseName, String query, String dbNamePrefix) in /Users/aasimkhan/src/sqltoolsservice/test/Microsoft.SqlTools.ServiceLayer.Test.Common/SqlTestDb.cs:line 101&#xA;   at Microsoft.SqlTools.ServiceLayer.IntegrationTests.ObjectExplorer.ObjectExplorerServiceTests.RunTest(String databaseName, String query, String testDbPrefix, Func`3 test) in /Users/aasimkhan/src/sqltoolsservice/test/Microsoft.SqlTools.ServiceLayer.IntegrationTests/ObjectExplorer/ObjectExplorerServiceTests.cs:line 432&#xA;&#xA;  1)   Cannot find any instance for version key: sqlOnPrem&#xA;  Expected: True&#xA;  But was:  False&#xA;&#xA;">at Microsoft.SqlTools.ServiceLayer.IntegrationTests.ObjectExplorer.ObjectExplorerServiceTests.RunTest(String databaseName, String query, String testDbPrefix, Func`3 test) in /Users/aasimkhan/src/sqltoolsservice/test/Microsoft.SqlTools.ServiceLayer.IntegrationTests/ObjectExplorer/ObjectExplorerServiceTests.cs:line 445
   at Microsoft.SqlTools.ServiceLayer.IntegrationTests.ObjectExplorer.ObjectExplorerServiceTests.RunTest(String databaseName, String query, String testDbPrefix, Func`3 test) in /Users/aasimkhan/src/sqltoolsservice/test/Microsoft.SqlTools.ServiceLayer.IntegrationTests/ObjectExplorer/ObjectExplorerServiceTests.cs:line 457
   at Microsoft.SqlTools.ServiceLayer.IntegrationTests.ObjectExplorer.ObjectExplorerServiceTests.CreateSessionWithTempdbAndExpandOnTheServerShouldReturnServerAsTheRoot() in /Users/aasimkhan/src/sqltoolsservice/test/Microsoft.SqlTools.ServiceLayer.IntegrationTests/ObjectExplorer/ObjectExplorerServiceTests.cs:line 51
   at NUnit.Framework.Internal.TaskAwaitAdapter.GenericAdapter`1.GetResult()
   at NUnit.Framework.Internal.AsyncToSyncAdapter.Await(Func`1 invoke)
   at NUnit.Framework.Internal.Commands.TestMethodCommand.RunTestMethod(TestExecutionContext context)
   at NUnit.Framework.Internal.Commands.TestMethodCommand.Execute(TestExecutionContext context)
   at NUnit.Framework.Internal.Execution.SimpleWorkItem.&lt;&gt;c__DisplayClass4_0.&lt;PerformWork&gt;b__0()
   at NUnit.Framework.Internal.ContextUtils.&lt;&gt;c__DisplayClass1_0`1.&lt;DoIsolated&gt;b__0(Object _)
   at System.Threading.ExecutionContext.RunInternal(ExecutionContext executionContext, ContextCallback callback, Object state)
--- End of stack trace from previous location ---
   at System.Threading.ExecutionContext.RunInternal(ExecutionContext executionContext, ContextCallback callback, Object state)
   at NUnit.Framework.Internal.ContextUtils.DoIsolated(ContextCallback callback, Object state)
   at NUnit.Framework.Internal.ContextUtils.DoIsolated[T](Func`1 func)
   at NUnit.Framework.Internal.Execution.SimpleWorkItem.PerformWork()
1)    at Microsoft.SqlTools.ServiceLayer.Test.Common.TestConnectionProfileService.GetInstance(String key) in /Users/aasimkhan/src/sqltoolsservice/test/Microsoft.SqlTools.ServiceLayer.Test.Common/TestConnectionProfileService.cs:line 59
   at Microsoft.SqlTools.ServiceLayer.Test.Common.TestConnectionProfileService.GetConnectionParameters(String key, String databaseName) in /Users/aasimkhan/src/sqltoolsservice/test/Microsoft.SqlTools.ServiceLayer.Test.Common/TestConnectionProfileService.cs:line 65
   at Microsoft.SqlTools.ServiceLayer.Test.Common.TestConnectionProfileService.GetConnectionParameters(TestServerType serverType, String databaseName) in /Users/aasimkhan/src/sqltoolsservice/test/Microsoft.SqlTools.ServiceLayer.Test.Common/TestConnectionProfileService.cs:line 75
   at Microsoft.SqlTools.ServiceLayer.Test.Common.TestServiceProvider.InitLiveConnectionInfo(TestServerType serverType, String databaseName, String scriptFilePath) in /Users/aasimkhan/src/sqltoolsservice/test/Microsoft.SqlTools.ServiceLayer.Test.Common/TestServiceProvider.cs:line 142
   at System.Runtime.CompilerServices.AsyncMethodBuilderCore.Start[TStateMachine](TStateMachine&amp; stateMachine)
   at Microsoft.SqlTools.ServiceLayer.Test.Common.TestServiceProvider.InitLiveConnectionInfo(TestServerType serverType, String databaseName, String scriptFilePath)
   at Microsoft.SqlTools.ServiceLayer.Test.Common.TestServiceProvider.RunQueryAsync(TestServerType serverType, String databaseName, String queryText, Boolean throwOnError) in /Users/aasimkhan/src/sqltoolsservice/test/Microsoft.SqlTools.ServiceLayer.Test.Common/TestServiceProvider.cs:line 110
   at System.Runtime.CompilerServices.AsyncMethodBuilderCore.Start[TStateMachine](TStateMachine&amp; stateMachine)
   at Microsoft.SqlTools.ServiceLayer.Test.Common.TestServiceProvider.RunQueryAsync(TestServerType serverType, String databaseName, String queryText, Boolean throwOnError)
   at Microsoft.SqlTools.ServiceLayer.Test.Common.SqlTestDb.CreateNewAsync(TestServerType serverType, Boolean doNotCleanupDb, String databaseName, String query, String dbNamePrefix) in /Users/aasimkhan/src/sqltoolsservice/test/Microsoft.SqlTools.ServiceLayer.Test.Common/SqlTestDb.cs:line 101
   at System.Runtime.CompilerServices.AsyncMethodBuilderCore.Start[TStateMachine](TStateMachine&amp; stateMachine)
   at Microsoft.SqlTools.ServiceLayer.Test.Common.SqlTestDb.CreateNewAsync(TestServerType serverType, Boolean doNotCleanupDb, String databaseName, String query, String dbNamePrefix)
   at Microsoft.SqlTools.ServiceLayer.IntegrationTests.ObjectExplorer.ObjectExplorerServiceTests.RunTest(String databaseName, String query, String testDbPrefix, Func`3 test) in /Users/aasimkhan/src/sqltoolsservice/test/Microsoft.SqlTools.ServiceLayer.IntegrationTests/ObjectExplorer/ObjectExplorerServiceTests.cs:line 432
   at System.Runtime.CompilerServices.AsyncMethodBuilderCore.Start[TStateMachine](TStateMachine&amp; stateMachine)
   at Microsoft.SqlTools.ServiceLayer.IntegrationTests.ObjectExplorer.ObjectExplorerServiceTests.RunTest(String databaseName, String query, String testDbPrefix, Func`3 test)
   at Microsoft.SqlTools.ServiceLayer.IntegrationTests.ObjectExplorer.ObjectExplorerServiceTests.CreateSessionWithTempdbAndExpandOnTheServerShouldReturnServerAsTheRoot() in /Users/aasimkhan/src/sqltoolsservice/test/Microsoft.SqlTools.ServiceLayer.IntegrationTests/ObjectExplorer/ObjectExplorerServiceTests.cs:line 51
   at System.Runtime.CompilerServices.AsyncMethodBuilderCore.Start[TStateMachine](TStateMachine&amp; stateMachine)
   at Microsoft.SqlTools.ServiceLayer.IntegrationTests.ObjectExplorer.ObjectExplorerServiceTests.CreateSessionWithTempdbAndExpandOnTheServerShouldReturnServerAsTheRoot()

2)    at Microsoft.SqlTools.ServiceLayer.IntegrationTests.ObjectExplorer.ObjectExplorerServiceTests.RunTest(String databaseName, String query, String testDbPrefix, Func`3 test) in /Users/aasimkhan/src/sqltoolsservice/test/Microsoft.SqlTools.ServiceLayer.IntegrationTests/ObjectExplorer/ObjectExplorerServiceTests.cs:line 445
   at Microsoft.SqlTools.ServiceLayer.IntegrationTests.ObjectExplorer.ObjectExplorerServiceTests.RunTest(String databaseName, String query, String testDbPrefix, Func`3 test) in /Users/aasimkhan/src/sqltoolsservice/test/Microsoft.SqlTools.ServiceLayer.IntegrationTests/ObjectExplorer/ObjectExplorerServiceTests.cs:line 457
   at Microsoft.SqlTools.ServiceLayer.IntegrationTests.ObjectExplorer.ObjectExplorerServiceTests.CreateSessionWithTempdbAndExpandOnTheServerShouldReturnServerAsTheRoot() in /Users/aasimkhan/src/sqltoolsservice/test/Microsoft.SqlTools.ServiceLayer.IntegrationTests/ObjectExplorer/ObjectExplorerServiceTests.cs:line 51
   at NUnit.Framework.Internal.TaskAwaitAdapter.GenericAdapter`1.GetResult()
   at NUnit.Framework.Internal.AsyncToSyncAdapter.Await(Func`1 invoke)
   at NUnit.Framework.Internal.Commands.TestMethodCommand.RunTestMethod(TestExecutionContext context)
   at NUnit.Framework.Internal.Commands.TestMethodCommand.Execute(TestExecutionContext context)
   at NUnit.Framework.Internal.Execution.SimpleWorkItem.&lt;&gt;c__DisplayClass4_0.&lt;PerformWork&gt;b__0()
   at NUnit.Framework.Internal.ContextUtils.&lt;&gt;c__DisplayClass1_0`1.&lt;DoIsolated&gt;b__0(Object _)
   at System.Threading.ExecutionContext.RunInternal(ExecutionContext executionContext, ContextCallback callback, Object state)
--- End of stack trace from previous location ---
   at System.Threading.ExecutionContext.RunInternal(ExecutionContext executionContext, ContextCallback callback, Object state)
   at NUnit.Framework.Internal.ContextUtils.DoIsolated(ContextCallback callback, Object state)
   at NUnit.Framework.Internal.ContextUtils.DoIsolated[T](Func`1 func)
   at NUnit.Framework.Internal.Execution.SimpleWorkItem.PerformWork()</failure>
    </testcase>
    <testcase classname="Microsoft.SqlTools.ServiceLayer.IntegrationTests.ObjectExplorer.ObjectExplorerServiceTests" name="ExpandOfflineDatabaseShouldReturnError" time="0.0012630">
      <failure type="failure" message="System.Exception : Failed to run OE test. uri: error:  Cannot find any instance for version key: sqlOnPrem&#xA;  Expected: True&#xA;  But was:  False&#xA;&#xA;    at NUnit.Framework.Assert.ReportFailure(String message)&#xA;   at NUnit.Framework.Assert.ReportFailure(ConstraintResult result, String message, Object[] args)&#xA;   at NUnit.Framework.Assert.That[TActual](TActual actual, IResolveConstraint expression, String message, Object[] args)&#xA;   at NUnit.Framework.Assert.True(Boolean condition, String message, Object[] args)&#xA;   at Microsoft.SqlTools.ServiceLayer.Test.Common.TestConnectionProfileService.GetInstance(String key) in /Users/aasimkhan/src/sqltoolsservice/test/Microsoft.SqlTools.ServiceLayer.Test.Common/TestConnectionProfileService.cs:line 59&#xA;   at Microsoft.SqlTools.ServiceLayer.Test.Common.TestConnectionProfileService.GetConnectionParameters(String key, String databaseName) in /Users/aasimkhan/src/sqltoolsservice/test/Microsoft.SqlTools.ServiceLayer.Test.Common/TestConnectionProfileService.cs:line 65&#xA;   at Microsoft.SqlTools.ServiceLayer.Test.Common.TestConnectionProfileService.GetConnectionParameters(TestServerType serverType, String databaseName) in /Users/aasimkhan/src/sqltoolsservice/test/Microsoft.SqlTools.ServiceLayer.Test.Common/TestConnectionProfileService.cs:line 75&#xA;   at Microsoft.SqlTools.ServiceLayer.Test.Common.TestServiceProvider.InitLiveConnectionInfo(TestServerType serverType, String databaseName, String scriptFilePath) in /Users/aasimkhan/src/sqltoolsservice/test/Microsoft.SqlTools.ServiceLayer.Test.Common/TestServiceProvider.cs:line 142&#xA;   at Microsoft.SqlTools.ServiceLayer.Test.Common.TestServiceProvider.RunQueryAsync(TestServerType serverType, String databaseName, String queryText, Boolean throwOnError) in /Users/aasimkhan/src/sqltoolsservice/test/Microsoft.SqlTools.ServiceLayer.Test.Common/TestServiceProvider.cs:line 110&#xA;   at Microsoft.SqlTools.ServiceLayer.Test.Common.SqlTestDb.CreateNewAsync(TestServerType serverType, Boolean doNotCleanupDb, String databaseName, String query, String dbNamePrefix) in /Users/aasimkhan/src/sqltoolsservice/test/Microsoft.SqlTools.ServiceLayer.Test.Common/SqlTestDb.cs:line 101&#xA;   at Microsoft.SqlTools.ServiceLayer.IntegrationTests.ObjectExplorer.ObjectExplorerServiceTests.RunTest(String databaseName, String query, String testDbPrefix, Func`3 test) in /Users/aasimkhan/src/sqltoolsservice/test/Microsoft.SqlTools.ServiceLayer.IntegrationTests/ObjectExplorer/ObjectExplorerServiceTests.cs:line 432&#xA;&#xA;  1)   Cannot find any instance for version key: sqlOnPrem&#xA;  Expected: True&#xA;  But was:  False&#xA;&#xA;">at Microsoft.SqlTools.ServiceLayer.IntegrationTests.ObjectExplorer.ObjectExplorerServiceTests.RunTest(String databaseName, String query, String testDbPrefix, Func`3 test) in /Users/aasimkhan/src/sqltoolsservice/test/Microsoft.SqlTools.ServiceLayer.IntegrationTests/ObjectExplorer/ObjectExplorerServiceTests.cs:line 445
   at Microsoft.SqlTools.ServiceLayer.IntegrationTests.ObjectExplorer.ObjectExplorerServiceTests.RunTest(String databaseName, String query, String testDbPrefix, Func`3 test) in /Users/aasimkhan/src/sqltoolsservice/test/Microsoft.SqlTools.ServiceLayer.IntegrationTests/ObjectExplorer/ObjectExplorerServiceTests.cs:line 457
   at Microsoft.SqlTools.ServiceLayer.IntegrationTests.ObjectExplorer.ObjectExplorerServiceTests.ExpandOfflineDatabaseShouldReturnError() in /Users/aasimkhan/src/sqltoolsservice/test/Microsoft.SqlTools.ServiceLayer.IntegrationTests/ObjectExplorer/ObjectExplorerServiceTests.cs:line 160
   at NUnit.Framework.Internal.TaskAwaitAdapter.GenericAdapter`1.GetResult()
   at NUnit.Framework.Internal.AsyncToSyncAdapter.Await(Func`1 invoke)
   at NUnit.Framework.Internal.Commands.TestMethodCommand.RunTestMethod(TestExecutionContext context)
   at NUnit.Framework.Internal.Commands.TestMethodCommand.Execute(TestExecutionContext context)
   at NUnit.Framework.Internal.Execution.SimpleWorkItem.&lt;&gt;c__DisplayClass4_0.&lt;PerformWork&gt;b__0()
   at NUnit.Framework.Internal.ContextUtils.&lt;&gt;c__DisplayClass1_0`1.&lt;DoIsolated&gt;b__0(Object _)
   at System.Threading.ExecutionContext.RunInternal(ExecutionContext executionContext, ContextCallback callback, Object state)
--- End of stack trace from previous location ---
   at System.Threading.ExecutionContext.RunInternal(ExecutionContext executionContext, ContextCallback callback, Object state)
   at NUnit.Framework.Internal.ContextUtils.DoIsolated(ContextCallback callback, Object state)
   at NUnit.Framework.Internal.ContextUtils.DoIsolated[T](Func`1 func)
   at NUnit.Framework.Internal.Execution.SimpleWorkItem.PerformWork()
1)    at Microsoft.SqlTools.ServiceLayer.Test.Common.TestConnectionProfileService.GetInstance(String key) in /Users/aasimkhan/src/sqltoolsservice/test/Microsoft.SqlTools.ServiceLayer.Test.Common/TestConnectionProfileService.cs:line 59
   at Microsoft.SqlTools.ServiceLayer.Test.Common.TestConnectionProfileService.GetConnectionParameters(String key, String databaseName) in /Users/aasimkhan/src/sqltoolsservice/test/Microsoft.SqlTools.ServiceLayer.Test.Common/TestConnectionProfileService.cs:line 65
   at Microsoft.SqlTools.ServiceLayer.Test.Common.TestConnectionProfileService.GetConnectionParameters(TestServerType serverType, String databaseName) in /Users/aasimkhan/src/sqltoolsservice/test/Microsoft.SqlTools.ServiceLayer.Test.Common/TestConnectionProfileService.cs:line 75
   at Microsoft.SqlTools.ServiceLayer.Test.Common.TestServiceProvider.InitLiveConnectionInfo(TestServerType serverType, String databaseName, String scriptFilePath) in /Users/aasimkhan/src/sqltoolsservice/test/Microsoft.SqlTools.ServiceLayer.Test.Common/TestServiceProvider.cs:line 142
   at System.Runtime.CompilerServices.AsyncMethodBuilderCore.Start[TStateMachine](TStateMachine&amp; stateMachine)
   at Microsoft.SqlTools.ServiceLayer.Test.Common.TestServiceProvider.InitLiveConnectionInfo(TestServerType serverType, String databaseName, String scriptFilePath)
   at Microsoft.SqlTools.ServiceLayer.Test.Common.TestServiceProvider.RunQueryAsync(TestServerType serverType, String databaseName, String queryText, Boolean throwOnError) in /Users/aasimkhan/src/sqltoolsservice/test/Microsoft.SqlTools.ServiceLayer.Test.Common/TestServiceProvider.cs:line 110
   at System.Runtime.CompilerServices.AsyncMethodBuilderCore.Start[TStateMachine](TStateMachine&amp; stateMachine)
   at Microsoft.SqlTools.ServiceLayer.Test.Common.TestServiceProvider.RunQueryAsync(TestServerType serverType, String databaseName, String queryText, Boolean throwOnError)
   at Microsoft.SqlTools.ServiceLayer.Test.Common.SqlTestDb.CreateNewAsync(TestServerType serverType, Boolean doNotCleanupDb, String databaseName, String query, String dbNamePrefix) in /Users/aasimkhan/src/sqltoolsservice/test/Microsoft.SqlTools.ServiceLayer.Test.Common/SqlTestDb.cs:line 101
   at System.Runtime.CompilerServices.AsyncMethodBuilderCore.Start[TStateMachine](TStateMachine&amp; stateMachine)
   at Microsoft.SqlTools.ServiceLayer.Test.Common.SqlTestDb.CreateNewAsync(TestServerType serverType, Boolean doNotCleanupDb, String databaseName, String query, String dbNamePrefix)
   at Microsoft.SqlTools.ServiceLayer.IntegrationTests.ObjectExplorer.ObjectExplorerServiceTests.RunTest(String databaseName, String query, String testDbPrefix, Func`3 test) in /Users/aasimkhan/src/sqltoolsservice/test/Microsoft.SqlTools.ServiceLayer.IntegrationTests/ObjectExplorer/ObjectExplorerServiceTests.cs:line 432
   at System.Runtime.CompilerServices.AsyncMethodBuilderCore.Start[TStateMachine](TStateMachine&amp; stateMachine)
   at Microsoft.SqlTools.ServiceLayer.IntegrationTests.ObjectExplorer.ObjectExplorerServiceTests.RunTest(String databaseName, String query, String testDbPrefix, Func`3 test)
   at Microsoft.SqlTools.ServiceLayer.IntegrationTests.ObjectExplorer.ObjectExplorerServiceTests.ExpandOfflineDatabaseShouldReturnError() in /Users/aasimkhan/src/sqltoolsservice/test/Microsoft.SqlTools.ServiceLayer.IntegrationTests/ObjectExplorer/ObjectExplorerServiceTests.cs:line 160
   at System.Runtime.CompilerServices.AsyncMethodBuilderCore.Start[TStateMachine](TStateMachine&amp; stateMachine)
   at Microsoft.SqlTools.ServiceLayer.IntegrationTests.ObjectExplorer.ObjectExplorerServiceTests.ExpandOfflineDatabaseShouldReturnError()

2)    at Microsoft.SqlTools.ServiceLayer.IntegrationTests.ObjectExplorer.ObjectExplorerServiceTests.RunTest(String databaseName, String query, String testDbPrefix, Func`3 test) in /Users/aasimkhan/src/sqltoolsservice/test/Microsoft.SqlTools.ServiceLayer.IntegrationTests/ObjectExplorer/ObjectExplorerServiceTests.cs:line 445
   at Microsoft.SqlTools.ServiceLayer.IntegrationTests.ObjectExplorer.ObjectExplorerServiceTests.RunTest(String databaseName, String query, String testDbPrefix, Func`3 test) in /Users/aasimkhan/src/sqltoolsservice/test/Microsoft.SqlTools.ServiceLayer.IntegrationTests/ObjectExplorer/ObjectExplorerServiceTests.cs:line 457
   at Microsoft.SqlTools.ServiceLayer.IntegrationTests.ObjectExplorer.ObjectExplorerServiceTests.ExpandOfflineDatabaseShouldReturnError() in /Users/aasimkhan/src/sqltoolsservice/test/Microsoft.SqlTools.ServiceLayer.IntegrationTests/ObjectExplorer/ObjectExplorerServiceTests.cs:line 160
   at NUnit.Framework.Internal.TaskAwaitAdapter.GenericAdapter`1.GetResult()
   at NUnit.Framework.Internal.AsyncToSyncAdapter.Await(Func`1 invoke)
   at NUnit.Framework.Internal.Commands.TestMethodCommand.RunTestMethod(TestExecutionContext context)
   at NUnit.Framework.Internal.Commands.TestMethodCommand.Execute(TestExecutionContext context)
   at NUnit.Framework.Internal.Execution.SimpleWorkItem.&lt;&gt;c__DisplayClass4_0.&lt;PerformWork&gt;b__0()
   at NUnit.Framework.Internal.ContextUtils.&lt;&gt;c__DisplayClass1_0`1.&lt;DoIsolated&gt;b__0(Object _)
   at System.Threading.ExecutionContext.RunInternal(ExecutionContext executionContext, ContextCallback callback, Object state)
--- End of stack trace from previous location ---
   at System.Threading.ExecutionContext.RunInternal(ExecutionContext executionContext, ContextCallback callback, Object state)
   at NUnit.Framework.Internal.ContextUtils.DoIsolated(ContextCallback callback, Object state)
   at NUnit.Framework.Internal.ContextUtils.DoIsolated[T](Func`1 func)
   at NUnit.Framework.Internal.Execution.SimpleWorkItem.PerformWork()</failure>
    </testcase>
    <testcase classname="Microsoft.SqlTools.ServiceLayer.IntegrationTests.ObjectExplorer.ObjectExplorerServiceTests" name="GroupBySchemaHidesLegacySchemas" time="0.0013159">
      <failure type="failure" message="System.Exception : Failed to run OE test. uri: error:  Cannot find any instance for version key: sqlOnPrem&#xA;  Expected: True&#xA;  But was:  False&#xA;&#xA;    at NUnit.Framework.Assert.ReportFailure(String message)&#xA;   at NUnit.Framework.Assert.ReportFailure(ConstraintResult result, String message, Object[] args)&#xA;   at NUnit.Framework.Assert.That[TActual](TActual actual, IResolveConstraint expression, String message, Object[] args)&#xA;   at NUnit.Framework.Assert.True(Boolean condition, String message, Object[] args)&#xA;   at Microsoft.SqlTools.ServiceLayer.Test.Common.TestConnectionProfileService.GetInstance(String key) in /Users/aasimkhan/src/sqltoolsservice/test/Microsoft.SqlTools.ServiceLayer.Test.Common/TestConnectionProfileService.cs:line 59&#xA;   at Microsoft.SqlTools.ServiceLayer.Test.Common.TestConnectionProfileService.GetConnectionParameters(String key, String databaseName) in /Users/aasimkhan/src/sqltoolsservice/test/Microsoft.SqlTools.ServiceLayer.Test.Common/TestConnectionProfileService.cs:line 65&#xA;   at Microsoft.SqlTools.ServiceLayer.Test.Common.TestConnectionProfileService.GetConnectionParameters(TestServerType serverType, String databaseName) in /Users/aasimkhan/src/sqltoolsservice/test/Microsoft.SqlTools.ServiceLayer.Test.Common/TestConnectionProfileService.cs:line 75&#xA;   at Microsoft.SqlTools.ServiceLayer.Test.Common.TestServiceProvider.InitLiveConnectionInfo(TestServerType serverType, String databaseName, String scriptFilePath) in /Users/aasimkhan/src/sqltoolsservice/test/Microsoft.SqlTools.ServiceLayer.Test.Common/TestServiceProvider.cs:line 142&#xA;   at Microsoft.SqlTools.ServiceLayer.Test.Common.TestServiceProvider.RunQueryAsync(TestServerType serverType, String databaseName, String queryText, Boolean throwOnError) in /Users/aasimkhan/src/sqltoolsservice/test/Microsoft.SqlTools.ServiceLayer.Test.Common/TestServiceProvider.cs:line 110&#xA;   at Microsoft.SqlTools.ServiceLayer.Test.Common.SqlTestDb.CreateNewAsync(TestServerType serverType, Boolean doNotCleanupDb, String databaseName, String query, String dbNamePrefix) in /Users/aasimkhan/src/sqltoolsservice/test/Microsoft.SqlTools.ServiceLayer.Test.Common/SqlTestDb.cs:line 101&#xA;   at Microsoft.SqlTools.ServiceLayer.IntegrationTests.ObjectExplorer.ObjectExplorerServiceTests.RunTest(String databaseName, String query, String testDbPrefix, Func`3 test) in /Users/aasimkhan/src/sqltoolsservice/test/Microsoft.SqlTools.ServiceLayer.IntegrationTests/ObjectExplorer/ObjectExplorerServiceTests.cs:line 432&#xA;&#xA;  1)   Cannot find any instance for version key: sqlOnPrem&#xA;  Expected: True&#xA;  But was:  False&#xA;&#xA;">at Microsoft.SqlTools.ServiceLayer.IntegrationTests.ObjectExplorer.ObjectExplorerServiceTests.RunTest(String databaseName, String query, String testDbPrefix, Func`3 test) in /Users/aasimkhan/src/sqltoolsservice/test/Microsoft.SqlTools.ServiceLayer.IntegrationTests/ObjectExplorer/ObjectExplorerServiceTests.cs:line 445
   at Microsoft.SqlTools.ServiceLayer.IntegrationTests.ObjectExplorer.ObjectExplorerServiceTests.RunTest(String databaseName, String query, String testDbPrefix, Func`3 test) in /Users/aasimkhan/src/sqltoolsservice/test/Microsoft.SqlTools.ServiceLayer.IntegrationTests/ObjectExplorer/ObjectExplorerServiceTests.cs:line 457
   at Microsoft.SqlTools.ServiceLayer.IntegrationTests.ObjectExplorer.ObjectExplorerServiceTests.GroupBySchemaHidesLegacySchemas() in /Users/aasimkhan/src/sqltoolsservice/test/Microsoft.SqlTools.ServiceLayer.IntegrationTests/ObjectExplorer/ObjectExplorerServiceTests.cs:line 263
   at NUnit.Framework.Internal.TaskAwaitAdapter.GenericAdapter`1.GetResult()
   at NUnit.Framework.Internal.AsyncToSyncAdapter.Await(Func`1 invoke)
   at NUnit.Framework.Internal.Commands.TestMethodCommand.RunTestMethod(TestExecutionContext context)
   at NUnit.Framework.Internal.Commands.TestMethodCommand.Execute(TestExecutionContext context)
   at NUnit.Framework.Internal.Execution.SimpleWorkItem.&lt;&gt;c__DisplayClass4_0.&lt;PerformWork&gt;b__0()
   at NUnit.Framework.Internal.ContextUtils.&lt;&gt;c__DisplayClass1_0`1.&lt;DoIsolated&gt;b__0(Object _)
   at System.Threading.ExecutionContext.RunInternal(ExecutionContext executionContext, ContextCallback callback, Object state)
--- End of stack trace from previous location ---
   at System.Threading.ExecutionContext.RunInternal(ExecutionContext executionContext, ContextCallback callback, Object state)
   at NUnit.Framework.Internal.ContextUtils.DoIsolated(ContextCallback callback, Object state)
   at NUnit.Framework.Internal.ContextUtils.DoIsolated[T](Func`1 func)
   at NUnit.Framework.Internal.Execution.SimpleWorkItem.PerformWork()
1)    at Microsoft.SqlTools.ServiceLayer.Test.Common.TestConnectionProfileService.GetInstance(String key) in /Users/aasimkhan/src/sqltoolsservice/test/Microsoft.SqlTools.ServiceLayer.Test.Common/TestConnectionProfileService.cs:line 59
   at Microsoft.SqlTools.ServiceLayer.Test.Common.TestConnectionProfileService.GetConnectionParameters(String key, String databaseName) in /Users/aasimkhan/src/sqltoolsservice/test/Microsoft.SqlTools.ServiceLayer.Test.Common/TestConnectionProfileService.cs:line 65
   at Microsoft.SqlTools.ServiceLayer.Test.Common.TestConnectionProfileService.GetConnectionParameters(TestServerType serverType, String databaseName) in /Users/aasimkhan/src/sqltoolsservice/test/Microsoft.SqlTools.ServiceLayer.Test.Common/TestConnectionProfileService.cs:line 75
   at Microsoft.SqlTools.ServiceLayer.Test.Common.TestServiceProvider.InitLiveConnectionInfo(TestServerType serverType, String databaseName, String scriptFilePath) in /Users/aasimkhan/src/sqltoolsservice/test/Microsoft.SqlTools.ServiceLayer.Test.Common/TestServiceProvider.cs:line 142
   at System.Runtime.CompilerServices.AsyncMethodBuilderCore.Start[TStateMachine](TStateMachine&amp; stateMachine)
   at Microsoft.SqlTools.ServiceLayer.Test.Common.TestServiceProvider.InitLiveConnectionInfo(TestServerType serverType, String databaseName, String scriptFilePath)
   at Microsoft.SqlTools.ServiceLayer.Test.Common.TestServiceProvider.RunQueryAsync(TestServerType serverType, String databaseName, String queryText, Boolean throwOnError) in /Users/aasimkhan/src/sqltoolsservice/test/Microsoft.SqlTools.ServiceLayer.Test.Common/TestServiceProvider.cs:line 110
   at System.Runtime.CompilerServices.AsyncMethodBuilderCore.Start[TStateMachine](TStateMachine&amp; stateMachine)
   at Microsoft.SqlTools.ServiceLayer.Test.Common.TestServiceProvider.RunQueryAsync(TestServerType serverType, String databaseName, String queryText, Boolean throwOnError)
   at Microsoft.SqlTools.ServiceLayer.Test.Common.SqlTestDb.CreateNewAsync(TestServerType serverType, Boolean doNotCleanupDb, String databaseName, String query, String dbNamePrefix) in /Users/aasimkhan/src/sqltoolsservice/test/Microsoft.SqlTools.ServiceLayer.Test.Common/SqlTestDb.cs:line 101
   at System.Runtime.CompilerServices.AsyncMethodBuilderCore.Start[TStateMachine](TStateMachine&amp; stateMachine)
   at Microsoft.SqlTools.ServiceLayer.Test.Common.SqlTestDb.CreateNewAsync(TestServerType serverType, Boolean doNotCleanupDb, String databaseName, String query, String dbNamePrefix)
   at Microsoft.SqlTools.ServiceLayer.IntegrationTests.ObjectExplorer.ObjectExplorerServiceTests.RunTest(String databaseName, String query, String testDbPrefix, Func`3 test) in /Users/aasimkhan/src/sqltoolsservice/test/Microsoft.SqlTools.ServiceLayer.IntegrationTests/ObjectExplorer/ObjectExplorerServiceTests.cs:line 432
   at System.Runtime.CompilerServices.AsyncMethodBuilderCore.Start[TStateMachine](TStateMachine&amp; stateMachine)
   at Microsoft.SqlTools.ServiceLayer.IntegrationTests.ObjectExplorer.ObjectExplorerServiceTests.RunTest(String databaseName, String query, String testDbPrefix, Func`3 test)
   at Microsoft.SqlTools.ServiceLayer.IntegrationTests.ObjectExplorer.ObjectExplorerServiceTests.GroupBySchemaHidesLegacySchemas() in /Users/aasimkhan/src/sqltoolsservice/test/Microsoft.SqlTools.ServiceLayer.IntegrationTests/ObjectExplorer/ObjectExplorerServiceTests.cs:line 263
   at System.Runtime.CompilerServices.AsyncMethodBuilderCore.Start[TStateMachine](TStateMachine&amp; stateMachine)
   at Microsoft.SqlTools.ServiceLayer.IntegrationTests.ObjectExplorer.ObjectExplorerServiceTests.GroupBySchemaHidesLegacySchemas()

2)    at Microsoft.SqlTools.ServiceLayer.IntegrationTests.ObjectExplorer.ObjectExplorerServiceTests.RunTest(String databaseName, String query, String testDbPrefix, Func`3 test) in /Users/aasimkhan/src/sqltoolsservice/test/Microsoft.SqlTools.ServiceLayer.IntegrationTests/ObjectExplorer/ObjectExplorerServiceTests.cs:line 445
   at Microsoft.SqlTools.ServiceLayer.IntegrationTests.ObjectExplorer.ObjectExplorerServiceTests.RunTest(String databaseName, String query, String testDbPrefix, Func`3 test) in /Users/aasimkhan/src/sqltoolsservice/test/Microsoft.SqlTools.ServiceLayer.IntegrationTests/ObjectExplorer/ObjectExplorerServiceTests.cs:line 457
   at Microsoft.SqlTools.ServiceLayer.IntegrationTests.ObjectExplorer.ObjectExplorerServiceTests.GroupBySchemaHidesLegacySchemas() in /Users/aasimkhan/src/sqltoolsservice/test/Microsoft.SqlTools.ServiceLayer.IntegrationTests/ObjectExplorer/ObjectExplorerServiceTests.cs:line 263
   at NUnit.Framework.Internal.TaskAwaitAdapter.GenericAdapter`1.GetResult()
   at NUnit.Framework.Internal.AsyncToSyncAdapter.Await(Func`1 invoke)
   at NUnit.Framework.Internal.Commands.TestMethodCommand.RunTestMethod(TestExecutionContext context)
   at NUnit.Framework.Internal.Commands.TestMethodCommand.Execute(TestExecutionContext context)
   at NUnit.Framework.Internal.Execution.SimpleWorkItem.&lt;&gt;c__DisplayClass4_0.&lt;PerformWork&gt;b__0()
   at NUnit.Framework.Internal.ContextUtils.&lt;&gt;c__DisplayClass1_0`1.&lt;DoIsolated&gt;b__0(Object _)
   at System.Threading.ExecutionContext.RunInternal(ExecutionContext executionContext, ContextCallback callback, Object state)
--- End of stack trace from previous location ---
   at System.Threading.ExecutionContext.RunInternal(ExecutionContext executionContext, ContextCallback callback, Object state)
   at NUnit.Framework.Internal.ContextUtils.DoIsolated(ContextCallback callback, Object state)
   at NUnit.Framework.Internal.ContextUtils.DoIsolated[T](Func`1 func)
   at NUnit.Framework.Internal.Execution.SimpleWorkItem.PerformWork()</failure>
    </testcase>
    <testcase classname="Microsoft.SqlTools.ServiceLayer.IntegrationTests.ObjectExplorer.ObjectExplorerServiceTests" name="GroupBySchemaisDisabled" time="0.0011220">
      <failure type="failure" message="System.Exception : Failed to run OE test. uri: error:  Cannot find any instance for version key: sqlOnPrem&#xA;  Expected: True&#xA;  But was:  False&#xA;&#xA;    at NUnit.Framework.Assert.ReportFailure(String message)&#xA;   at NUnit.Framework.Assert.ReportFailure(ConstraintResult result, String message, Object[] args)&#xA;   at NUnit.Framework.Assert.That[TActual](TActual actual, IResolveConstraint expression, String message, Object[] args)&#xA;   at NUnit.Framework.Assert.True(Boolean condition, String message, Object[] args)&#xA;   at Microsoft.SqlTools.ServiceLayer.Test.Common.TestConnectionProfileService.GetInstance(String key) in /Users/aasimkhan/src/sqltoolsservice/test/Microsoft.SqlTools.ServiceLayer.Test.Common/TestConnectionProfileService.cs:line 59&#xA;   at Microsoft.SqlTools.ServiceLayer.Test.Common.TestConnectionProfileService.GetConnectionParameters(String key, String databaseName) in /Users/aasimkhan/src/sqltoolsservice/test/Microsoft.SqlTools.ServiceLayer.Test.Common/TestConnectionProfileService.cs:line 65&#xA;   at Microsoft.SqlTools.ServiceLayer.Test.Common.TestConnectionProfileService.GetConnectionParameters(TestServerType serverType, String databaseName) in /Users/aasimkhan/src/sqltoolsservice/test/Microsoft.SqlTools.ServiceLayer.Test.Common/TestConnectionProfileService.cs:line 75&#xA;   at Microsoft.SqlTools.ServiceLayer.Test.Common.TestServiceProvider.InitLiveConnectionInfo(TestServerType serverType, String databaseName, String scriptFilePath) in /Users/aasimkhan/src/sqltoolsservice/test/Microsoft.SqlTools.ServiceLayer.Test.Common/TestServiceProvider.cs:line 142&#xA;   at Microsoft.SqlTools.ServiceLayer.Test.Common.TestServiceProvider.RunQueryAsync(TestServerType serverType, String databaseName, String queryText, Boolean throwOnError) in /Users/aasimkhan/src/sqltoolsservice/test/Microsoft.SqlTools.ServiceLayer.Test.Common/TestServiceProvider.cs:line 110&#xA;   at Microsoft.SqlTools.ServiceLayer.Test.Common.SqlTestDb.CreateNewAsync(TestServerType serverType, Boolean doNotCleanupDb, String databaseName, String query, String dbNamePrefix) in /Users/aasimkhan/src/sqltoolsservice/test/Microsoft.SqlTools.ServiceLayer.Test.Common/SqlTestDb.cs:line 101&#xA;   at Microsoft.SqlTools.ServiceLayer.IntegrationTests.ObjectExplorer.ObjectExplorerServiceTests.RunTest(String databaseName, String query, String testDbPrefix, Func`3 test) in /Users/aasimkhan/src/sqltoolsservice/test/Microsoft.SqlTools.ServiceLayer.IntegrationTests/ObjectExplorer/ObjectExplorerServiceTests.cs:line 432&#xA;&#xA;  1)   Cannot find any instance for version key: sqlOnPrem&#xA;  Expected: True&#xA;  But was:  False&#xA;&#xA;">at Microsoft.SqlTools.ServiceLayer.IntegrationTests.ObjectExplorer.ObjectExplorerServiceTests.RunTest(String databaseName, String query, String testDbPrefix, Func`3 test) in /Users/aasimkhan/src/sqltoolsservice/test/Microsoft.SqlTools.ServiceLayer.IntegrationTests/ObjectExplorer/ObjectExplorerServiceTests.cs:line 445
   at Microsoft.SqlTools.ServiceLayer.IntegrationTests.ObjectExplorer.ObjectExplorerServiceTests.RunTest(String databaseName, String query, String testDbPrefix, Func`3 test) in /Users/aasimkhan/src/sqltoolsservice/test/Microsoft.SqlTools.ServiceLayer.IntegrationTests/ObjectExplorer/ObjectExplorerServiceTests.cs:line 457
   at Microsoft.SqlTools.ServiceLayer.IntegrationTests.ObjectExplorer.ObjectExplorerServiceTests.GroupBySchemaisDisabled() in /Users/aasimkhan/src/sqltoolsservice/test/Microsoft.SqlTools.ServiceLayer.IntegrationTests/ObjectExplorer/ObjectExplorerServiceTests.cs:line 220
   at NUnit.Framework.Internal.TaskAwaitAdapter.GenericAdapter`1.GetResult()
   at NUnit.Framework.Internal.AsyncToSyncAdapter.Await(Func`1 invoke)
   at NUnit.Framework.Internal.Commands.TestMethodCommand.RunTestMethod(TestExecutionContext context)
   at NUnit.Framework.Internal.Commands.TestMethodCommand.Execute(TestExecutionContext context)
   at NUnit.Framework.Internal.Execution.SimpleWorkItem.&lt;&gt;c__DisplayClass4_0.&lt;PerformWork&gt;b__0()
   at NUnit.Framework.Internal.ContextUtils.&lt;&gt;c__DisplayClass1_0`1.&lt;DoIsolated&gt;b__0(Object _)
   at System.Threading.ExecutionContext.RunInternal(ExecutionContext executionContext, ContextCallback callback, Object state)
--- End of stack trace from previous location ---
   at System.Threading.ExecutionContext.RunInternal(ExecutionContext executionContext, ContextCallback callback, Object state)
   at NUnit.Framework.Internal.ContextUtils.DoIsolated(ContextCallback callback, Object state)
   at NUnit.Framework.Internal.ContextUtils.DoIsolated[T](Func`1 func)
   at NUnit.Framework.Internal.Execution.SimpleWorkItem.PerformWork()
1)    at Microsoft.SqlTools.ServiceLayer.Test.Common.TestConnectionProfileService.GetInstance(String key) in /Users/aasimkhan/src/sqltoolsservice/test/Microsoft.SqlTools.ServiceLayer.Test.Common/TestConnectionProfileService.cs:line 59
   at Microsoft.SqlTools.ServiceLayer.Test.Common.TestConnectionProfileService.GetConnectionParameters(String key, String databaseName) in /Users/aasimkhan/src/sqltoolsservice/test/Microsoft.SqlTools.ServiceLayer.Test.Common/TestConnectionProfileService.cs:line 65
   at Microsoft.SqlTools.ServiceLayer.Test.Common.TestConnectionProfileService.GetConnectionParameters(TestServerType serverType, String databaseName) in /Users/aasimkhan/src/sqltoolsservice/test/Microsoft.SqlTools.ServiceLayer.Test.Common/TestConnectionProfileService.cs:line 75
   at Microsoft.SqlTools.ServiceLayer.Test.Common.TestServiceProvider.InitLiveConnectionInfo(TestServerType serverType, String databaseName, String scriptFilePath) in /Users/aasimkhan/src/sqltoolsservice/test/Microsoft.SqlTools.ServiceLayer.Test.Common/TestServiceProvider.cs:line 142
   at System.Runtime.CompilerServices.AsyncMethodBuilderCore.Start[TStateMachine](TStateMachine&amp; stateMachine)
   at Microsoft.SqlTools.ServiceLayer.Test.Common.TestServiceProvider.InitLiveConnectionInfo(TestServerType serverType, String databaseName, String scriptFilePath)
   at Microsoft.SqlTools.ServiceLayer.Test.Common.TestServiceProvider.RunQueryAsync(TestServerType serverType, String databaseName, String queryText, Boolean throwOnError) in /Users/aasimkhan/src/sqltoolsservice/test/Microsoft.SqlTools.ServiceLayer.Test.Common/TestServiceProvider.cs:line 110
   at System.Runtime.CompilerServices.AsyncMethodBuilderCore.Start[TStateMachine](TStateMachine&amp; stateMachine)
   at Microsoft.SqlTools.ServiceLayer.Test.Common.TestServiceProvider.RunQueryAsync(TestServerType serverType, String databaseName, String queryText, Boolean throwOnError)
   at Microsoft.SqlTools.ServiceLayer.Test.Common.SqlTestDb.CreateNewAsync(TestServerType serverType, Boolean doNotCleanupDb, String databaseName, String query, String dbNamePrefix) in /Users/aasimkhan/src/sqltoolsservice/test/Microsoft.SqlTools.ServiceLayer.Test.Common/SqlTestDb.cs:line 101
   at System.Runtime.CompilerServices.AsyncMethodBuilderCore.Start[TStateMachine](TStateMachine&amp; stateMachine)
   at Microsoft.SqlTools.ServiceLayer.Test.Common.SqlTestDb.CreateNewAsync(TestServerType serverType, Boolean doNotCleanupDb, String databaseName, String query, String dbNamePrefix)
   at Microsoft.SqlTools.ServiceLayer.IntegrationTests.ObjectExplorer.ObjectExplorerServiceTests.RunTest(String databaseName, String query, String testDbPrefix, Func`3 test) in /Users/aasimkhan/src/sqltoolsservice/test/Microsoft.SqlTools.ServiceLayer.IntegrationTests/ObjectExplorer/ObjectExplorerServiceTests.cs:line 432
   at System.Runtime.CompilerServices.AsyncMethodBuilderCore.Start[TStateMachine](TStateMachine&amp; stateMachine)
   at Microsoft.SqlTools.ServiceLayer.IntegrationTests.ObjectExplorer.ObjectExplorerServiceTests.RunTest(String databaseName, String query, String testDbPrefix, Func`3 test)
   at Microsoft.SqlTools.ServiceLayer.IntegrationTests.ObjectExplorer.ObjectExplorerServiceTests.GroupBySchemaisDisabled() in /Users/aasimkhan/src/sqltoolsservice/test/Microsoft.SqlTools.ServiceLayer.IntegrationTests/ObjectExplorer/ObjectExplorerServiceTests.cs:line 220
   at System.Runtime.CompilerServices.AsyncMethodBuilderCore.Start[TStateMachine](TStateMachine&amp; stateMachine)
   at Microsoft.SqlTools.ServiceLayer.IntegrationTests.ObjectExplorer.ObjectExplorerServiceTests.GroupBySchemaisDisabled()

2)    at Microsoft.SqlTools.ServiceLayer.IntegrationTests.ObjectExplorer.ObjectExplorerServiceTests.RunTest(String databaseName, String query, String testDbPrefix, Func`3 test) in /Users/aasimkhan/src/sqltoolsservice/test/Microsoft.SqlTools.ServiceLayer.IntegrationTests/ObjectExplorer/ObjectExplorerServiceTests.cs:line 445
   at Microsoft.SqlTools.ServiceLayer.IntegrationTests.ObjectExplorer.ObjectExplorerServiceTests.RunTest(String databaseName, String query, String testDbPrefix, Func`3 test) in /Users/aasimkhan/src/sqltoolsservice/test/Microsoft.SqlTools.ServiceLayer.IntegrationTests/ObjectExplorer/ObjectExplorerServiceTests.cs:line 457
   at Microsoft.SqlTools.ServiceLayer.IntegrationTests.ObjectExplorer.ObjectExplorerServiceTests.GroupBySchemaisDisabled() in /Users/aasimkhan/src/sqltoolsservice/test/Microsoft.SqlTools.ServiceLayer.IntegrationTests/ObjectExplorer/ObjectExplorerServiceTests.cs:line 220
   at NUnit.Framework.Internal.TaskAwaitAdapter.GenericAdapter`1.GetResult()
   at NUnit.Framework.Internal.AsyncToSyncAdapter.Await(Func`1 invoke)
   at NUnit.Framework.Internal.Commands.TestMethodCommand.RunTestMethod(TestExecutionContext context)
   at NUnit.Framework.Internal.Commands.TestMethodCommand.Execute(TestExecutionContext context)
   at NUnit.Framework.Internal.Execution.SimpleWorkItem.&lt;&gt;c__DisplayClass4_0.&lt;PerformWork&gt;b__0()
   at NUnit.Framework.Internal.ContextUtils.&lt;&gt;c__DisplayClass1_0`1.&lt;DoIsolated&gt;b__0(Object _)
   at System.Threading.ExecutionContext.RunInternal(ExecutionContext executionContext, ContextCallback callback, Object state)
--- End of stack trace from previous location ---
   at System.Threading.ExecutionContext.RunInternal(ExecutionContext executionContext, ContextCallback callback, Object state)
   at NUnit.Framework.Internal.ContextUtils.DoIsolated(ContextCallback callback, Object state)
   at NUnit.Framework.Internal.ContextUtils.DoIsolated[T](Func`1 func)
   at NUnit.Framework.Internal.Execution.SimpleWorkItem.PerformWork()</failure>
    </testcase>
    <testcase classname="Microsoft.SqlTools.ServiceLayer.IntegrationTests.ObjectExplorer.ObjectExplorerServiceTests" name="GroupBySchemaisEnabled" time="0.0010810">
      <failure type="failure" message="System.Exception : Failed to run OE test. uri: error:  Cannot find any instance for version key: sqlOnPrem&#xA;  Expected: True&#xA;  But was:  False&#xA;&#xA;    at NUnit.Framework.Assert.ReportFailure(String message)&#xA;   at NUnit.Framework.Assert.ReportFailure(ConstraintResult result, String message, Object[] args)&#xA;   at NUnit.Framework.Assert.That[TActual](TActual actual, IResolveConstraint expression, String message, Object[] args)&#xA;   at NUnit.Framework.Assert.True(Boolean condition, String message, Object[] args)&#xA;   at Microsoft.SqlTools.ServiceLayer.Test.Common.TestConnectionProfileService.GetInstance(String key) in /Users/aasimkhan/src/sqltoolsservice/test/Microsoft.SqlTools.ServiceLayer.Test.Common/TestConnectionProfileService.cs:line 59&#xA;   at Microsoft.SqlTools.ServiceLayer.Test.Common.TestConnectionProfileService.GetConnectionParameters(String key, String databaseName) in /Users/aasimkhan/src/sqltoolsservice/test/Microsoft.SqlTools.ServiceLayer.Test.Common/TestConnectionProfileService.cs:line 65&#xA;   at Microsoft.SqlTools.ServiceLayer.Test.Common.TestConnectionProfileService.GetConnectionParameters(TestServerType serverType, String databaseName) in /Users/aasimkhan/src/sqltoolsservice/test/Microsoft.SqlTools.ServiceLayer.Test.Common/TestConnectionProfileService.cs:line 75&#xA;   at Microsoft.SqlTools.ServiceLayer.Test.Common.TestServiceProvider.InitLiveConnectionInfo(TestServerType serverType, String databaseName, String scriptFilePath) in /Users/aasimkhan/src/sqltoolsservice/test/Microsoft.SqlTools.ServiceLayer.Test.Common/TestServiceProvider.cs:line 142&#xA;   at Microsoft.SqlTools.ServiceLayer.Test.Common.TestServiceProvider.RunQueryAsync(TestServerType serverType, String databaseName, String queryText, Boolean throwOnError) in /Users/aasimkhan/src/sqltoolsservice/test/Microsoft.SqlTools.ServiceLayer.Test.Common/TestServiceProvider.cs:line 110&#xA;   at Microsoft.SqlTools.ServiceLayer.Test.Common.SqlTestDb.CreateNewAsync(TestServerType serverType, Boolean doNotCleanupDb, String databaseName, String query, String dbNamePrefix) in /Users/aasimkhan/src/sqltoolsservice/test/Microsoft.SqlTools.ServiceLayer.Test.Common/SqlTestDb.cs:line 101&#xA;   at Microsoft.SqlTools.ServiceLayer.IntegrationTests.ObjectExplorer.ObjectExplorerServiceTests.RunTest(String databaseName, String query, String testDbPrefix, Func`3 test) in /Users/aasimkhan/src/sqltoolsservice/test/Microsoft.SqlTools.ServiceLayer.IntegrationTests/ObjectExplorer/ObjectExplorerServiceTests.cs:line 432&#xA;&#xA;  1)   Cannot find any instance for version key: sqlOnPrem&#xA;  Expected: True&#xA;  But was:  False&#xA;&#xA;">at Microsoft.SqlTools.ServiceLayer.IntegrationTests.ObjectExplorer.ObjectExplorerServiceTests.RunTest(String databaseName, String query, String testDbPrefix, Func`3 test) in /Users/aasimkhan/src/sqltoolsservice/test/Microsoft.SqlTools.ServiceLayer.IntegrationTests/ObjectExplorer/ObjectExplorerServiceTests.cs:line 445
   at Microsoft.SqlTools.ServiceLayer.IntegrationTests.ObjectExplorer.ObjectExplorerServiceTests.RunTest(String databaseName, String query, String testDbPrefix, Func`3 test) in /Users/aasimkhan/src/sqltoolsservice/test/Microsoft.SqlTools.ServiceLayer.IntegrationTests/ObjectExplorer/ObjectExplorerServiceTests.cs:line 457
   at Microsoft.SqlTools.ServiceLayer.IntegrationTests.ObjectExplorer.ObjectExplorerServiceTests.GroupBySchemaisEnabled() in /Users/aasimkhan/src/sqltoolsservice/test/Microsoft.SqlTools.ServiceLayer.IntegrationTests/ObjectExplorer/ObjectExplorerServiceTests.cs:line 238
   at NUnit.Framework.Internal.TaskAwaitAdapter.GenericAdapter`1.GetResult()
   at NUnit.Framework.Internal.AsyncToSyncAdapter.Await(Func`1 invoke)
   at NUnit.Framework.Internal.Commands.TestMethodCommand.RunTestMethod(TestExecutionContext context)
   at NUnit.Framework.Internal.Commands.TestMethodCommand.Execute(TestExecutionContext context)
   at NUnit.Framework.Internal.Execution.SimpleWorkItem.&lt;&gt;c__DisplayClass4_0.&lt;PerformWork&gt;b__0()
   at NUnit.Framework.Internal.ContextUtils.&lt;&gt;c__DisplayClass1_0`1.&lt;DoIsolated&gt;b__0(Object _)
   at System.Threading.ExecutionContext.RunInternal(ExecutionContext executionContext, ContextCallback callback, Object state)
--- End of stack trace from previous location ---
   at System.Threading.ExecutionContext.RunInternal(ExecutionContext executionContext, ContextCallback callback, Object state)
   at NUnit.Framework.Internal.ContextUtils.DoIsolated(ContextCallback callback, Object state)
   at NUnit.Framework.Internal.ContextUtils.DoIsolated[T](Func`1 func)
   at NUnit.Framework.Internal.Execution.SimpleWorkItem.PerformWork()
1)    at Microsoft.SqlTools.ServiceLayer.Test.Common.TestConnectionProfileService.GetInstance(String key) in /Users/aasimkhan/src/sqltoolsservice/test/Microsoft.SqlTools.ServiceLayer.Test.Common/TestConnectionProfileService.cs:line 59
   at Microsoft.SqlTools.ServiceLayer.Test.Common.TestConnectionProfileService.GetConnectionParameters(String key, String databaseName) in /Users/aasimkhan/src/sqltoolsservice/test/Microsoft.SqlTools.ServiceLayer.Test.Common/TestConnectionProfileService.cs:line 65
   at Microsoft.SqlTools.ServiceLayer.Test.Common.TestConnectionProfileService.GetConnectionParameters(TestServerType serverType, String databaseName) in /Users/aasimkhan/src/sqltoolsservice/test/Microsoft.SqlTools.ServiceLayer.Test.Common/TestConnectionProfileService.cs:line 75
   at Microsoft.SqlTools.ServiceLayer.Test.Common.TestServiceProvider.InitLiveConnectionInfo(TestServerType serverType, String databaseName, String scriptFilePath) in /Users/aasimkhan/src/sqltoolsservice/test/Microsoft.SqlTools.ServiceLayer.Test.Common/TestServiceProvider.cs:line 142
   at System.Runtime.CompilerServices.AsyncMethodBuilderCore.Start[TStateMachine](TStateMachine&amp; stateMachine)
   at Microsoft.SqlTools.ServiceLayer.Test.Common.TestServiceProvider.InitLiveConnectionInfo(TestServerType serverType, String databaseName, String scriptFilePath)
   at Microsoft.SqlTools.ServiceLayer.Test.Common.TestServiceProvider.RunQueryAsync(TestServerType serverType, String databaseName, String queryText, Boolean throwOnError) in /Users/aasimkhan/src/sqltoolsservice/test/Microsoft.SqlTools.ServiceLayer.Test.Common/TestServiceProvider.cs:line 110
   at System.Runtime.CompilerServices.AsyncMethodBuilderCore.Start[TStateMachine](TStateMachine&amp; stateMachine)
   at Microsoft.SqlTools.ServiceLayer.Test.Common.TestServiceProvider.RunQueryAsync(TestServerType serverType, String databaseName, String queryText, Boolean throwOnError)
   at Microsoft.SqlTools.ServiceLayer.Test.Common.SqlTestDb.CreateNewAsync(TestServerType serverType, Boolean doNotCleanupDb, String databaseName, String query, String dbNamePrefix) in /Users/aasimkhan/src/sqltoolsservice/test/Microsoft.SqlTools.ServiceLayer.Test.Common/SqlTestDb.cs:line 101
   at System.Runtime.CompilerServices.AsyncMethodBuilderCore.Start[TStateMachine](TStateMachine&amp; stateMachine)
   at Microsoft.SqlTools.ServiceLayer.Test.Common.SqlTestDb.CreateNewAsync(TestServerType serverType, Boolean doNotCleanupDb, String databaseName, String query, String dbNamePrefix)
   at Microsoft.SqlTools.ServiceLayer.IntegrationTests.ObjectExplorer.ObjectExplorerServiceTests.RunTest(String databaseName, String query, String testDbPrefix, Func`3 test) in /Users/aasimkhan/src/sqltoolsservice/test/Microsoft.SqlTools.ServiceLayer.IntegrationTests/ObjectExplorer/ObjectExplorerServiceTests.cs:line 432
   at System.Runtime.CompilerServices.AsyncMethodBuilderCore.Start[TStateMachine](TStateMachine&amp; stateMachine)
   at Microsoft.SqlTools.ServiceLayer.IntegrationTests.ObjectExplorer.ObjectExplorerServiceTests.RunTest(String databaseName, String query, String testDbPrefix, Func`3 test)
   at Microsoft.SqlTools.ServiceLayer.IntegrationTests.ObjectExplorer.ObjectExplorerServiceTests.GroupBySchemaisEnabled() in /Users/aasimkhan/src/sqltoolsservice/test/Microsoft.SqlTools.ServiceLayer.IntegrationTests/ObjectExplorer/ObjectExplorerServiceTests.cs:line 238
   at System.Runtime.CompilerServices.AsyncMethodBuilderCore.Start[TStateMachine](TStateMachine&amp; stateMachine)
   at Microsoft.SqlTools.ServiceLayer.IntegrationTests.ObjectExplorer.ObjectExplorerServiceTests.GroupBySchemaisEnabled()

2)    at Microsoft.SqlTools.ServiceLayer.IntegrationTests.ObjectExplorer.ObjectExplorerServiceTests.RunTest(String databaseName, String query, String testDbPrefix, Func`3 test) in /Users/aasimkhan/src/sqltoolsservice/test/Microsoft.SqlTools.ServiceLayer.IntegrationTests/ObjectExplorer/ObjectExplorerServiceTests.cs:line 445
   at Microsoft.SqlTools.ServiceLayer.IntegrationTests.ObjectExplorer.ObjectExplorerServiceTests.RunTest(String databaseName, String query, String testDbPrefix, Func`3 test) in /Users/aasimkhan/src/sqltoolsservice/test/Microsoft.SqlTools.ServiceLayer.IntegrationTests/ObjectExplorer/ObjectExplorerServiceTests.cs:line 457
   at Microsoft.SqlTools.ServiceLayer.IntegrationTests.ObjectExplorer.ObjectExplorerServiceTests.GroupBySchemaisEnabled() in /Users/aasimkhan/src/sqltoolsservice/test/Microsoft.SqlTools.ServiceLayer.IntegrationTests/ObjectExplorer/ObjectExplorerServiceTests.cs:line 238
   at NUnit.Framework.Internal.TaskAwaitAdapter.GenericAdapter`1.GetResult()
   at NUnit.Framework.Internal.AsyncToSyncAdapter.Await(Func`1 invoke)
   at NUnit.Framework.Internal.Commands.TestMethodCommand.RunTestMethod(TestExecutionContext context)
   at NUnit.Framework.Internal.Commands.TestMethodCommand.Execute(TestExecutionContext context)
   at NUnit.Framework.Internal.Execution.SimpleWorkItem.&lt;&gt;c__DisplayClass4_0.&lt;PerformWork&gt;b__0()
   at NUnit.Framework.Internal.ContextUtils.&lt;&gt;c__DisplayClass1_0`1.&lt;DoIsolated&gt;b__0(Object _)
   at System.Threading.ExecutionContext.RunInternal(ExecutionContext executionContext, ContextCallback callback, Object state)
--- End of stack trace from previous location ---
   at System.Threading.ExecutionContext.RunInternal(ExecutionContext executionContext, ContextCallback callback, Object state)
   at NUnit.Framework.Internal.ContextUtils.DoIsolated(ContextCallback callback, Object state)
   at NUnit.Framework.Internal.ContextUtils.DoIsolated[T](Func`1 func)
   at NUnit.Framework.Internal.Execution.SimpleWorkItem.PerformWork()</failure>
    </testcase>
    <testcase classname="Microsoft.SqlTools.ServiceLayer.IntegrationTests.ObjectExplorer.ObjectExplorerServiceTests" name="RefreshNodeShouldGetTheDataFromDatabase" time="0.0010640">
      <failure type="failure" message="System.Exception : Failed to run OE test. uri: error:  Cannot find any instance for version key: sqlOnPrem&#xA;  Expected: True&#xA;  But was:  False&#xA;&#xA;    at NUnit.Framework.Assert.ReportFailure(String message)&#xA;   at NUnit.Framework.Assert.ReportFailure(ConstraintResult result, String message, Object[] args)&#xA;   at NUnit.Framework.Assert.That[TActual](TActual actual, IResolveConstraint expression, String message, Object[] args)&#xA;   at NUnit.Framework.Assert.True(Boolean condition, String message, Object[] args)&#xA;   at Microsoft.SqlTools.ServiceLayer.Test.Common.TestConnectionProfileService.GetInstance(String key) in /Users/aasimkhan/src/sqltoolsservice/test/Microsoft.SqlTools.ServiceLayer.Test.Common/TestConnectionProfileService.cs:line 59&#xA;   at Microsoft.SqlTools.ServiceLayer.Test.Common.TestConnectionProfileService.GetConnectionParameters(String key, String databaseName) in /Users/aasimkhan/src/sqltoolsservice/test/Microsoft.SqlTools.ServiceLayer.Test.Common/TestConnectionProfileService.cs:line 65&#xA;   at Microsoft.SqlTools.ServiceLayer.Test.Common.TestConnectionProfileService.GetConnectionParameters(TestServerType serverType, String databaseName) in /Users/aasimkhan/src/sqltoolsservice/test/Microsoft.SqlTools.ServiceLayer.Test.Common/TestConnectionProfileService.cs:line 75&#xA;   at Microsoft.SqlTools.ServiceLayer.Test.Common.TestServiceProvider.InitLiveConnectionInfo(TestServerType serverType, String databaseName, String scriptFilePath) in /Users/aasimkhan/src/sqltoolsservice/test/Microsoft.SqlTools.ServiceLayer.Test.Common/TestServiceProvider.cs:line 142&#xA;   at Microsoft.SqlTools.ServiceLayer.Test.Common.TestServiceProvider.RunQueryAsync(TestServerType serverType, String databaseName, String queryText, Boolean throwOnError) in /Users/aasimkhan/src/sqltoolsservice/test/Microsoft.SqlTools.ServiceLayer.Test.Common/TestServiceProvider.cs:line 110&#xA;   at Microsoft.SqlTools.ServiceLayer.Test.Common.SqlTestDb.CreateNewAsync(TestServerType serverType, Boolean doNotCleanupDb, String databaseName, String query, String dbNamePrefix) in /Users/aasimkhan/src/sqltoolsservice/test/Microsoft.SqlTools.ServiceLayer.Test.Common/SqlTestDb.cs:line 101&#xA;   at Microsoft.SqlTools.ServiceLayer.IntegrationTests.ObjectExplorer.ObjectExplorerServiceTests.RunTest(String databaseName, String query, String testDbPrefix, Func`3 test) in /Users/aasimkhan/src/sqltoolsservice/test/Microsoft.SqlTools.ServiceLayer.IntegrationTests/ObjectExplorer/ObjectExplorerServiceTests.cs:line 432&#xA;&#xA;  1)   Cannot find any instance for version key: sqlOnPrem&#xA;  Expected: True&#xA;  But was:  False&#xA;&#xA;">at Microsoft.SqlTools.ServiceLayer.IntegrationTests.ObjectExplorer.ObjectExplorerServiceTests.RunTest(String databaseName, String query, String testDbPrefix, Func`3 test) in /Users/aasimkhan/src/sqltoolsservice/test/Microsoft.SqlTools.ServiceLayer.IntegrationTests/ObjectExplorer/ObjectExplorerServiceTests.cs:line 445
   at Microsoft.SqlTools.ServiceLayer.IntegrationTests.ObjectExplorer.ObjectExplorerServiceTests.RunTest(String databaseName, String query, String testDbPrefix, Func`3 test) in /Users/aasimkhan/src/sqltoolsservice/test/Microsoft.SqlTools.ServiceLayer.IntegrationTests/ObjectExplorer/ObjectExplorerServiceTests.cs:line 457
   at Microsoft.SqlTools.ServiceLayer.IntegrationTests.ObjectExplorer.ObjectExplorerServiceTests.RefreshNodeShouldGetTheDataFromDatabase() in /Users/aasimkhan/src/sqltoolsservice/test/Microsoft.SqlTools.ServiceLayer.IntegrationTests/ObjectExplorer/ObjectExplorerServiceTests.cs:line 135
   at NUnit.Framework.Internal.TaskAwaitAdapter.GenericAdapter`1.GetResult()
   at NUnit.Framework.Internal.AsyncToSyncAdapter.Await(Func`1 invoke)
   at NUnit.Framework.Internal.Commands.TestMethodCommand.RunTestMethod(TestExecutionContext context)
   at NUnit.Framework.Internal.Commands.TestMethodCommand.Execute(TestExecutionContext context)
   at NUnit.Framework.Internal.Execution.SimpleWorkItem.&lt;&gt;c__DisplayClass4_0.&lt;PerformWork&gt;b__0()
   at NUnit.Framework.Internal.ContextUtils.&lt;&gt;c__DisplayClass1_0`1.&lt;DoIsolated&gt;b__0(Object _)
   at System.Threading.ExecutionContext.RunInternal(ExecutionContext executionContext, ContextCallback callback, Object state)
--- End of stack trace from previous location ---
   at System.Threading.ExecutionContext.RunInternal(ExecutionContext executionContext, ContextCallback callback, Object state)
   at NUnit.Framework.Internal.ContextUtils.DoIsolated(ContextCallback callback, Object state)
   at NUnit.Framework.Internal.ContextUtils.DoIsolated[T](Func`1 func)
   at NUnit.Framework.Internal.Execution.SimpleWorkItem.PerformWork()
1)    at Microsoft.SqlTools.ServiceLayer.Test.Common.TestConnectionProfileService.GetInstance(String key) in /Users/aasimkhan/src/sqltoolsservice/test/Microsoft.SqlTools.ServiceLayer.Test.Common/TestConnectionProfileService.cs:line 59
   at Microsoft.SqlTools.ServiceLayer.Test.Common.TestConnectionProfileService.GetConnectionParameters(String key, String databaseName) in /Users/aasimkhan/src/sqltoolsservice/test/Microsoft.SqlTools.ServiceLayer.Test.Common/TestConnectionProfileService.cs:line 65
   at Microsoft.SqlTools.ServiceLayer.Test.Common.TestConnectionProfileService.GetConnectionParameters(TestServerType serverType, String databaseName) in /Users/aasimkhan/src/sqltoolsservice/test/Microsoft.SqlTools.ServiceLayer.Test.Common/TestConnectionProfileService.cs:line 75
   at Microsoft.SqlTools.ServiceLayer.Test.Common.TestServiceProvider.InitLiveConnectionInfo(TestServerType serverType, String databaseName, String scriptFilePath) in /Users/aasimkhan/src/sqltoolsservice/test/Microsoft.SqlTools.ServiceLayer.Test.Common/TestServiceProvider.cs:line 142
   at System.Runtime.CompilerServices.AsyncMethodBuilderCore.Start[TStateMachine](TStateMachine&amp; stateMachine)
   at Microsoft.SqlTools.ServiceLayer.Test.Common.TestServiceProvider.InitLiveConnectionInfo(TestServerType serverType, String databaseName, String scriptFilePath)
   at Microsoft.SqlTools.ServiceLayer.Test.Common.TestServiceProvider.RunQueryAsync(TestServerType serverType, String databaseName, String queryText, Boolean throwOnError) in /Users/aasimkhan/src/sqltoolsservice/test/Microsoft.SqlTools.ServiceLayer.Test.Common/TestServiceProvider.cs:line 110
   at System.Runtime.CompilerServices.AsyncMethodBuilderCore.Start[TStateMachine](TStateMachine&amp; stateMachine)
   at Microsoft.SqlTools.ServiceLayer.Test.Common.TestServiceProvider.RunQueryAsync(TestServerType serverType, String databaseName, String queryText, Boolean throwOnError)
   at Microsoft.SqlTools.ServiceLayer.Test.Common.SqlTestDb.CreateNewAsync(TestServerType serverType, Boolean doNotCleanupDb, String databaseName, String query, String dbNamePrefix) in /Users/aasimkhan/src/sqltoolsservice/test/Microsoft.SqlTools.ServiceLayer.Test.Common/SqlTestDb.cs:line 101
   at System.Runtime.CompilerServices.AsyncMethodBuilderCore.Start[TStateMachine](TStateMachine&amp; stateMachine)
   at Microsoft.SqlTools.ServiceLayer.Test.Common.SqlTestDb.CreateNewAsync(TestServerType serverType, Boolean doNotCleanupDb, String databaseName, String query, String dbNamePrefix)
   at Microsoft.SqlTools.ServiceLayer.IntegrationTests.ObjectExplorer.ObjectExplorerServiceTests.RunTest(String databaseName, String query, String testDbPrefix, Func`3 test) in /Users/aasimkhan/src/sqltoolsservice/test/Microsoft.SqlTools.ServiceLayer.IntegrationTests/ObjectExplorer/ObjectExplorerServiceTests.cs:line 432
   at System.Runtime.CompilerServices.AsyncMethodBuilderCore.Start[TStateMachine](TStateMachine&amp; stateMachine)
   at Microsoft.SqlTools.ServiceLayer.IntegrationTests.ObjectExplorer.ObjectExplorerServiceTests.RunTest(String databaseName, String query, String testDbPrefix, Func`3 test)
   at Microsoft.SqlTools.ServiceLayer.IntegrationTests.ObjectExplorer.ObjectExplorerServiceTests.RefreshNodeShouldGetTheDataFromDatabase() in /Users/aasimkhan/src/sqltoolsservice/test/Microsoft.SqlTools.ServiceLayer.IntegrationTests/ObjectExplorer/ObjectExplorerServiceTests.cs:line 135
   at System.Runtime.CompilerServices.AsyncMethodBuilderCore.Start[TStateMachine](TStateMachine&amp; stateMachine)
   at Microsoft.SqlTools.ServiceLayer.IntegrationTests.ObjectExplorer.ObjectExplorerServiceTests.RefreshNodeShouldGetTheDataFromDatabase()

2)    at Microsoft.SqlTools.ServiceLayer.IntegrationTests.ObjectExplorer.ObjectExplorerServiceTests.RunTest(String databaseName, String query, String testDbPrefix, Func`3 test) in /Users/aasimkhan/src/sqltoolsservice/test/Microsoft.SqlTools.ServiceLayer.IntegrationTests/ObjectExplorer/ObjectExplorerServiceTests.cs:line 445
   at Microsoft.SqlTools.ServiceLayer.IntegrationTests.ObjectExplorer.ObjectExplorerServiceTests.RunTest(String databaseName, String query, String testDbPrefix, Func`3 test) in /Users/aasimkhan/src/sqltoolsservice/test/Microsoft.SqlTools.ServiceLayer.IntegrationTests/ObjectExplorer/ObjectExplorerServiceTests.cs:line 457
   at Microsoft.SqlTools.ServiceLayer.IntegrationTests.ObjectExplorer.ObjectExplorerServiceTests.RefreshNodeShouldGetTheDataFromDatabase() in /Users/aasimkhan/src/sqltoolsservice/test/Microsoft.SqlTools.ServiceLayer.IntegrationTests/ObjectExplorer/ObjectExplorerServiceTests.cs:line 135
   at NUnit.Framework.Internal.TaskAwaitAdapter.GenericAdapter`1.GetResult()
   at NUnit.Framework.Internal.AsyncToSyncAdapter.Await(Func`1 invoke)
   at NUnit.Framework.Internal.Commands.TestMethodCommand.RunTestMethod(TestExecutionContext context)
   at NUnit.Framework.Internal.Commands.TestMethodCommand.Execute(TestExecutionContext context)
   at NUnit.Framework.Internal.Execution.SimpleWorkItem.&lt;&gt;c__DisplayClass4_0.&lt;PerformWork&gt;b__0()
   at NUnit.Framework.Internal.ContextUtils.&lt;&gt;c__DisplayClass1_0`1.&lt;DoIsolated&gt;b__0(Object _)
   at System.Threading.ExecutionContext.RunInternal(ExecutionContext executionContext, ContextCallback callback, Object state)
--- End of stack trace from previous location ---
   at System.Threading.ExecutionContext.RunInternal(ExecutionContext executionContext, ContextCallback callback, Object state)
   at NUnit.Framework.Internal.ContextUtils.DoIsolated(ContextCallback callback, Object state)
   at NUnit.Framework.Internal.ContextUtils.DoIsolated[T](Func`1 func)
   at NUnit.Framework.Internal.Execution.SimpleWorkItem.PerformWork()</failure>
    </testcase>
    <testcase classname="Microsoft.SqlTools.ServiceLayer.IntegrationTests.ObjectExplorer.ObjectExplorerServiceTests" name="RefreshShouldCleanTheCache" time="0.0011400">
      <failure type="failure" message="System.Exception : Failed to run OE test. uri: error:  Cannot find any instance for version key: sqlOnPrem&#xA;  Expected: True&#xA;  But was:  False&#xA;&#xA;    at NUnit.Framework.Assert.ReportFailure(String message)&#xA;   at NUnit.Framework.Assert.ReportFailure(ConstraintResult result, String message, Object[] args)&#xA;   at NUnit.Framework.Assert.That[TActual](TActual actual, IResolveConstraint expression, String message, Object[] args)&#xA;   at NUnit.Framework.Assert.True(Boolean condition, String message, Object[] args)&#xA;   at Microsoft.SqlTools.ServiceLayer.Test.Common.TestConnectionProfileService.GetInstance(String key) in /Users/aasimkhan/src/sqltoolsservice/test/Microsoft.SqlTools.ServiceLayer.Test.Common/TestConnectionProfileService.cs:line 59&#xA;   at Microsoft.SqlTools.ServiceLayer.Test.Common.TestConnectionProfileService.GetConnectionParameters(String key, String databaseName) in /Users/aasimkhan/src/sqltoolsservice/test/Microsoft.SqlTools.ServiceLayer.Test.Common/TestConnectionProfileService.cs:line 65&#xA;   at Microsoft.SqlTools.ServiceLayer.Test.Common.TestConnectionProfileService.GetConnectionParameters(TestServerType serverType, String databaseName) in /Users/aasimkhan/src/sqltoolsservice/test/Microsoft.SqlTools.ServiceLayer.Test.Common/TestConnectionProfileService.cs:line 75&#xA;   at Microsoft.SqlTools.ServiceLayer.Test.Common.TestServiceProvider.InitLiveConnectionInfo(TestServerType serverType, String databaseName, String scriptFilePath) in /Users/aasimkhan/src/sqltoolsservice/test/Microsoft.SqlTools.ServiceLayer.Test.Common/TestServiceProvider.cs:line 142&#xA;   at Microsoft.SqlTools.ServiceLayer.Test.Common.TestServiceProvider.RunQueryAsync(TestServerType serverType, String databaseName, String queryText, Boolean throwOnError) in /Users/aasimkhan/src/sqltoolsservice/test/Microsoft.SqlTools.ServiceLayer.Test.Common/TestServiceProvider.cs:line 110&#xA;   at Microsoft.SqlTools.ServiceLayer.Test.Common.SqlTestDb.CreateNewAsync(TestServerType serverType, Boolean doNotCleanupDb, String databaseName, String query, String dbNamePrefix) in /Users/aasimkhan/src/sqltoolsservice/test/Microsoft.SqlTools.ServiceLayer.Test.Common/SqlTestDb.cs:line 101&#xA;   at Microsoft.SqlTools.ServiceLayer.IntegrationTests.ObjectExplorer.ObjectExplorerServiceTests.RunTest(String databaseName, String query, String testDbPrefix, Func`3 test) in /Users/aasimkhan/src/sqltoolsservice/test/Microsoft.SqlTools.ServiceLayer.IntegrationTests/ObjectExplorer/ObjectExplorerServiceTests.cs:line 432&#xA;&#xA;  1)   Cannot find any instance for version key: sqlOnPrem&#xA;  Expected: True&#xA;  But was:  False&#xA;&#xA;">at Microsoft.SqlTools.ServiceLayer.IntegrationTests.ObjectExplorer.ObjectExplorerServiceTests.RunTest(String databaseName, String query, String testDbPrefix, Func`3 test) in /Users/aasimkhan/src/sqltoolsservice/test/Microsoft.SqlTools.ServiceLayer.IntegrationTests/ObjectExplorer/ObjectExplorerServiceTests.cs:line 445
   at Microsoft.SqlTools.ServiceLayer.IntegrationTests.ObjectExplorer.ObjectExplorerServiceTests.RunTest(String databaseName, String query, String testDbPrefix, Func`3 test) in /Users/aasimkhan/src/sqltoolsservice/test/Microsoft.SqlTools.ServiceLayer.IntegrationTests/ObjectExplorer/ObjectExplorerServiceTests.cs:line 457
   at Microsoft.SqlTools.ServiceLayer.IntegrationTests.ObjectExplorer.ObjectExplorerServiceTests.RefreshShouldCleanTheCache() in /Users/aasimkhan/src/sqltoolsservice/test/Microsoft.SqlTools.ServiceLayer.IntegrationTests/ObjectExplorer/ObjectExplorerServiceTests.cs:line 179
   at NUnit.Framework.Internal.TaskAwaitAdapter.GenericAdapter`1.GetResult()
   at NUnit.Framework.Internal.AsyncToSyncAdapter.Await(Func`1 invoke)
   at NUnit.Framework.Internal.Commands.TestMethodCommand.RunTestMethod(TestExecutionContext context)
   at NUnit.Framework.Internal.Commands.TestMethodCommand.Execute(TestExecutionContext context)
   at NUnit.Framework.Internal.Execution.SimpleWorkItem.&lt;&gt;c__DisplayClass4_0.&lt;PerformWork&gt;b__0()
   at NUnit.Framework.Internal.ContextUtils.&lt;&gt;c__DisplayClass1_0`1.&lt;DoIsolated&gt;b__0(Object _)
   at System.Threading.ExecutionContext.RunInternal(ExecutionContext executionContext, ContextCallback callback, Object state)
--- End of stack trace from previous location ---
   at System.Threading.ExecutionContext.RunInternal(ExecutionContext executionContext, ContextCallback callback, Object state)
   at NUnit.Framework.Internal.ContextUtils.DoIsolated(ContextCallback callback, Object state)
   at NUnit.Framework.Internal.ContextUtils.DoIsolated[T](Func`1 func)
   at NUnit.Framework.Internal.Execution.SimpleWorkItem.PerformWork()
1)    at Microsoft.SqlTools.ServiceLayer.Test.Common.TestConnectionProfileService.GetInstance(String key) in /Users/aasimkhan/src/sqltoolsservice/test/Microsoft.SqlTools.ServiceLayer.Test.Common/TestConnectionProfileService.cs:line 59
   at Microsoft.SqlTools.ServiceLayer.Test.Common.TestConnectionProfileService.GetConnectionParameters(String key, String databaseName) in /Users/aasimkhan/src/sqltoolsservice/test/Microsoft.SqlTools.ServiceLayer.Test.Common/TestConnectionProfileService.cs:line 65
   at Microsoft.SqlTools.ServiceLayer.Test.Common.TestConnectionProfileService.GetConnectionParameters(TestServerType serverType, String databaseName) in /Users/aasimkhan/src/sqltoolsservice/test/Microsoft.SqlTools.ServiceLayer.Test.Common/TestConnectionProfileService.cs:line 75
   at Microsoft.SqlTools.ServiceLayer.Test.Common.TestServiceProvider.InitLiveConnectionInfo(TestServerType serverType, String databaseName, String scriptFilePath) in /Users/aasimkhan/src/sqltoolsservice/test/Microsoft.SqlTools.ServiceLayer.Test.Common/TestServiceProvider.cs:line 142
   at System.Runtime.CompilerServices.AsyncMethodBuilderCore.Start[TStateMachine](TStateMachine&amp; stateMachine)
   at Microsoft.SqlTools.ServiceLayer.Test.Common.TestServiceProvider.InitLiveConnectionInfo(TestServerType serverType, String databaseName, String scriptFilePath)
   at Microsoft.SqlTools.ServiceLayer.Test.Common.TestServiceProvider.RunQueryAsync(TestServerType serverType, String databaseName, String queryText, Boolean throwOnError) in /Users/aasimkhan/src/sqltoolsservice/test/Microsoft.SqlTools.ServiceLayer.Test.Common/TestServiceProvider.cs:line 110
   at System.Runtime.CompilerServices.AsyncMethodBuilderCore.Start[TStateMachine](TStateMachine&amp; stateMachine)
   at Microsoft.SqlTools.ServiceLayer.Test.Common.TestServiceProvider.RunQueryAsync(TestServerType serverType, String databaseName, String queryText, Boolean throwOnError)
   at Microsoft.SqlTools.ServiceLayer.Test.Common.SqlTestDb.CreateNewAsync(TestServerType serverType, Boolean doNotCleanupDb, String databaseName, String query, String dbNamePrefix) in /Users/aasimkhan/src/sqltoolsservice/test/Microsoft.SqlTools.ServiceLayer.Test.Common/SqlTestDb.cs:line 101
   at System.Runtime.CompilerServices.AsyncMethodBuilderCore.Start[TStateMachine](TStateMachine&amp; stateMachine)
   at Microsoft.SqlTools.ServiceLayer.Test.Common.SqlTestDb.CreateNewAsync(TestServerType serverType, Boolean doNotCleanupDb, String databaseName, String query, String dbNamePrefix)
   at Microsoft.SqlTools.ServiceLayer.IntegrationTests.ObjectExplorer.ObjectExplorerServiceTests.RunTest(String databaseName, String query, String testDbPrefix, Func`3 test) in /Users/aasimkhan/src/sqltoolsservice/test/Microsoft.SqlTools.ServiceLayer.IntegrationTests/ObjectExplorer/ObjectExplorerServiceTests.cs:line 432
   at System.Runtime.CompilerServices.AsyncMethodBuilderCore.Start[TStateMachine](TStateMachine&amp; stateMachine)
   at Microsoft.SqlTools.ServiceLayer.IntegrationTests.ObjectExplorer.ObjectExplorerServiceTests.RunTest(String databaseName, String query, String testDbPrefix, Func`3 test)
   at Microsoft.SqlTools.ServiceLayer.IntegrationTests.ObjectExplorer.ObjectExplorerServiceTests.RefreshShouldCleanTheCache() in /Users/aasimkhan/src/sqltoolsservice/test/Microsoft.SqlTools.ServiceLayer.IntegrationTests/ObjectExplorer/ObjectExplorerServiceTests.cs:line 179
   at System.Runtime.CompilerServices.AsyncMethodBuilderCore.Start[TStateMachine](TStateMachine&amp; stateMachine)
   at Microsoft.SqlTools.ServiceLayer.IntegrationTests.ObjectExplorer.ObjectExplorerServiceTests.RefreshShouldCleanTheCache()

2)    at Microsoft.SqlTools.ServiceLayer.IntegrationTests.ObjectExplorer.ObjectExplorerServiceTests.RunTest(String databaseName, String query, String testDbPrefix, Func`3 test) in /Users/aasimkhan/src/sqltoolsservice/test/Microsoft.SqlTools.ServiceLayer.IntegrationTests/ObjectExplorer/ObjectExplorerServiceTests.cs:line 445
   at Microsoft.SqlTools.ServiceLayer.IntegrationTests.ObjectExplorer.ObjectExplorerServiceTests.RunTest(String databaseName, String query, String testDbPrefix, Func`3 test) in /Users/aasimkhan/src/sqltoolsservice/test/Microsoft.SqlTools.ServiceLayer.IntegrationTests/ObjectExplorer/ObjectExplorerServiceTests.cs:line 457
   at Microsoft.SqlTools.ServiceLayer.IntegrationTests.ObjectExplorer.ObjectExplorerServiceTests.RefreshShouldCleanTheCache() in /Users/aasimkhan/src/sqltoolsservice/test/Microsoft.SqlTools.ServiceLayer.IntegrationTests/ObjectExplorer/ObjectExplorerServiceTests.cs:line 179
   at NUnit.Framework.Internal.TaskAwaitAdapter.GenericAdapter`1.GetResult()
   at NUnit.Framework.Internal.AsyncToSyncAdapter.Await(Func`1 invoke)
   at NUnit.Framework.Internal.Commands.TestMethodCommand.RunTestMethod(TestExecutionContext context)
   at NUnit.Framework.Internal.Commands.TestMethodCommand.Execute(TestExecutionContext context)
   at NUnit.Framework.Internal.Execution.SimpleWorkItem.&lt;&gt;c__DisplayClass4_0.&lt;PerformWork&gt;b__0()
   at NUnit.Framework.Internal.ContextUtils.&lt;&gt;c__DisplayClass1_0`1.&lt;DoIsolated&gt;b__0(Object _)
   at System.Threading.ExecutionContext.RunInternal(ExecutionContext executionContext, ContextCallback callback, Object state)
--- End of stack trace from previous location ---
   at System.Threading.ExecutionContext.RunInternal(ExecutionContext executionContext, ContextCallback callback, Object state)
   at NUnit.Framework.Internal.ContextUtils.DoIsolated(ContextCallback callback, Object state)
   at NUnit.Framework.Internal.ContextUtils.DoIsolated[T](Func`1 func)
   at NUnit.Framework.Internal.Execution.SimpleWorkItem.PerformWork()</failure>
    </testcase>
    <testcase classname="Microsoft.SqlTools.ServiceLayer.IntegrationTests.ObjectExplorer.ObjectExplorerServiceTests" name="VerifyAllSqlObjects" time="0.0084950">
      <failure type="failure" message="System.Exception : Failed to run OE test. uri: error:  Cannot find any instance for version key: sqlOnPrem&#xA;  Expected: True&#xA;  But was:  False&#xA;&#xA;    at NUnit.Framework.Assert.ReportFailure(String message)&#xA;   at NUnit.Framework.Assert.ReportFailure(ConstraintResult result, String message, Object[] args)&#xA;   at NUnit.Framework.Assert.That[TActual](TActual actual, IResolveConstraint expression, String message, Object[] args)&#xA;   at NUnit.Framework.Assert.True(Boolean condition, String message, Object[] args)&#xA;   at Microsoft.SqlTools.ServiceLayer.Test.Common.TestConnectionProfileService.GetInstance(String key) in /Users/aasimkhan/src/sqltoolsservice/test/Microsoft.SqlTools.ServiceLayer.Test.Common/TestConnectionProfileService.cs:line 59&#xA;   at Microsoft.SqlTools.ServiceLayer.Test.Common.TestConnectionProfileService.GetConnectionParameters(String key, String databaseName) in /Users/aasimkhan/src/sqltoolsservice/test/Microsoft.SqlTools.ServiceLayer.Test.Common/TestConnectionProfileService.cs:line 65&#xA;   at Microsoft.SqlTools.ServiceLayer.Test.Common.TestConnectionProfileService.GetConnectionParameters(TestServerType serverType, String databaseName) in /Users/aasimkhan/src/sqltoolsservice/test/Microsoft.SqlTools.ServiceLayer.Test.Common/TestConnectionProfileService.cs:line 75&#xA;   at Microsoft.SqlTools.ServiceLayer.Test.Common.TestServiceProvider.InitLiveConnectionInfo(TestServerType serverType, String databaseName, String scriptFilePath) in /Users/aasimkhan/src/sqltoolsservice/test/Microsoft.SqlTools.ServiceLayer.Test.Common/TestServiceProvider.cs:line 142&#xA;   at Microsoft.SqlTools.ServiceLayer.Test.Common.TestServiceProvider.RunQueryAsync(TestServerType serverType, String databaseName, String queryText, Boolean throwOnError) in /Users/aasimkhan/src/sqltoolsservice/test/Microsoft.SqlTools.ServiceLayer.Test.Common/TestServiceProvider.cs:line 110&#xA;   at Microsoft.SqlTools.ServiceLayer.Test.Common.SqlTestDb.CreateNewAsync(TestServerType serverType, Boolean doNotCleanupDb, String databaseName, String query, String dbNamePrefix) in /Users/aasimkhan/src/sqltoolsservice/test/Microsoft.SqlTools.ServiceLayer.Test.Common/SqlTestDb.cs:line 101&#xA;   at Microsoft.SqlTools.ServiceLayer.IntegrationTests.ObjectExplorer.ObjectExplorerServiceTests.RunTest(String databaseName, String query, String testDbPrefix, Func`3 test) in /Users/aasimkhan/src/sqltoolsservice/test/Microsoft.SqlTools.ServiceLayer.IntegrationTests/ObjectExplorer/ObjectExplorerServiceTests.cs:line 432&#xA;&#xA;  1)   Cannot find any instance for version key: sqlOnPrem&#xA;  Expected: True&#xA;  But was:  False&#xA;&#xA;">at Microsoft.SqlTools.ServiceLayer.IntegrationTests.ObjectExplorer.ObjectExplorerServiceTests.RunTest(String databaseName, String query, String testDbPrefix, Func`3 test) in /Users/aasimkhan/src/sqltoolsservice/test/Microsoft.SqlTools.ServiceLayer.IntegrationTests/ObjectExplorer/ObjectExplorerServiceTests.cs:line 445
   at Microsoft.SqlTools.ServiceLayer.IntegrationTests.ObjectExplorer.ObjectExplorerServiceTests.RunTest(String databaseName, String query, String testDbPrefix, Func`3 test) in /Users/aasimkhan/src/sqltoolsservice/test/Microsoft.SqlTools.ServiceLayer.IntegrationTests/ObjectExplorer/ObjectExplorerServiceTests.cs:line 457
   at Microsoft.SqlTools.ServiceLayer.IntegrationTests.ObjectExplorer.ObjectExplorerServiceTests.VerifyObjectExplorerTest(String databaseName, String testDbPrefix, String queryFileName, String baselineFileName, Boolean verifySystemObjects) in /Users/aasimkhan/src/sqltoolsservice/test/Microsoft.SqlTools.ServiceLayer.IntegrationTests/ObjectExplorer/ObjectExplorerServiceTests.cs:line 642
   at Microsoft.SqlTools.ServiceLayer.Test.Common.TestServiceProvider.CalculateRunTime[T](Func`1 testToRun, Boolean printResult, String testName) in /Users/aasimkhan/src/sqltoolsservice/test/Microsoft.SqlTools.ServiceLayer.Test.Common/TestServiceProvider.cs:line 134
   at Microsoft.SqlTools.ServiceLayer.IntegrationTests.ObjectExplorer.ObjectExplorerServiceTests.VerifyAllSqlObjects() in /Users/aasimkhan/src/sqltoolsservice/test/Microsoft.SqlTools.ServiceLayer.IntegrationTests/ObjectExplorer/ObjectExplorerServiceTests.cs:line 413
   at NUnit.Framework.Internal.TaskAwaitAdapter.GenericAdapter`1.GetResult()
   at NUnit.Framework.Internal.AsyncToSyncAdapter.Await(Func`1 invoke)
   at NUnit.Framework.Internal.Commands.TestMethodCommand.RunTestMethod(TestExecutionContext context)
   at NUnit.Framework.Internal.Commands.TestMethodCommand.Execute(TestExecutionContext context)
   at NUnit.Framework.Internal.Execution.SimpleWorkItem.&lt;&gt;c__DisplayClass4_0.&lt;PerformWork&gt;b__0()
   at NUnit.Framework.Internal.ContextUtils.&lt;&gt;c__DisplayClass1_0`1.&lt;DoIsolated&gt;b__0(Object _)
   at System.Threading.ExecutionContext.RunInternal(ExecutionContext executionContext, ContextCallback callback, Object state)
--- End of stack trace from previous location ---
   at System.Threading.ExecutionContext.RunInternal(ExecutionContext executionContext, ContextCallback callback, Object state)
   at NUnit.Framework.Internal.ContextUtils.DoIsolated(ContextCallback callback, Object state)
   at NUnit.Framework.Internal.ContextUtils.DoIsolated[T](Func`1 func)
   at NUnit.Framework.Internal.Execution.SimpleWorkItem.PerformWork()
1)    at Microsoft.SqlTools.ServiceLayer.Test.Common.TestConnectionProfileService.GetInstance(String key) in /Users/aasimkhan/src/sqltoolsservice/test/Microsoft.SqlTools.ServiceLayer.Test.Common/TestConnectionProfileService.cs:line 59
   at Microsoft.SqlTools.ServiceLayer.Test.Common.TestConnectionProfileService.GetConnectionParameters(String key, String databaseName) in /Users/aasimkhan/src/sqltoolsservice/test/Microsoft.SqlTools.ServiceLayer.Test.Common/TestConnectionProfileService.cs:line 65
   at Microsoft.SqlTools.ServiceLayer.Test.Common.TestConnectionProfileService.GetConnectionParameters(TestServerType serverType, String databaseName) in /Users/aasimkhan/src/sqltoolsservice/test/Microsoft.SqlTools.ServiceLayer.Test.Common/TestConnectionProfileService.cs:line 75
   at Microsoft.SqlTools.ServiceLayer.Test.Common.TestServiceProvider.InitLiveConnectionInfo(TestServerType serverType, String databaseName, String scriptFilePath) in /Users/aasimkhan/src/sqltoolsservice/test/Microsoft.SqlTools.ServiceLayer.Test.Common/TestServiceProvider.cs:line 142
   at System.Runtime.CompilerServices.AsyncMethodBuilderCore.Start[TStateMachine](TStateMachine&amp; stateMachine)
   at Microsoft.SqlTools.ServiceLayer.Test.Common.TestServiceProvider.InitLiveConnectionInfo(TestServerType serverType, String databaseName, String scriptFilePath)
   at Microsoft.SqlTools.ServiceLayer.Test.Common.TestServiceProvider.RunQueryAsync(TestServerType serverType, String databaseName, String queryText, Boolean throwOnError) in /Users/aasimkhan/src/sqltoolsservice/test/Microsoft.SqlTools.ServiceLayer.Test.Common/TestServiceProvider.cs:line 110
   at System.Runtime.CompilerServices.AsyncMethodBuilderCore.Start[TStateMachine](TStateMachine&amp; stateMachine)
   at Microsoft.SqlTools.ServiceLayer.Test.Common.TestServiceProvider.RunQueryAsync(TestServerType serverType, String databaseName, String queryText, Boolean throwOnError)
   at Microsoft.SqlTools.ServiceLayer.Test.Common.SqlTestDb.CreateNewAsync(TestServerType serverType, Boolean doNotCleanupDb, String databaseName, String query, String dbNamePrefix) in /Users/aasimkhan/src/sqltoolsservice/test/Microsoft.SqlTools.ServiceLayer.Test.Common/SqlTestDb.cs:line 101
   at System.Runtime.CompilerServices.AsyncMethodBuilderCore.Start[TStateMachine](TStateMachine&amp; stateMachine)
   at Microsoft.SqlTools.ServiceLayer.Test.Common.SqlTestDb.CreateNewAsync(TestServerType serverType, Boolean doNotCleanupDb, String databaseName, String query, String dbNamePrefix)
   at Microsoft.SqlTools.ServiceLayer.IntegrationTests.ObjectExplorer.ObjectExplorerServiceTests.RunTest(String databaseName, String query, String testDbPrefix, Func`3 test) in /Users/aasimkhan/src/sqltoolsservice/test/Microsoft.SqlTools.ServiceLayer.IntegrationTests/ObjectExplorer/ObjectExplorerServiceTests.cs:line 432
   at System.Runtime.CompilerServices.AsyncMethodBuilderCore.Start[TStateMachine](TStateMachine&amp; stateMachine)
   at Microsoft.SqlTools.ServiceLayer.IntegrationTests.ObjectExplorer.ObjectExplorerServiceTests.RunTest(String databaseName, String query, String testDbPrefix, Func`3 test)
   at Microsoft.SqlTools.ServiceLayer.IntegrationTests.ObjectExplorer.ObjectExplorerServiceTests.VerifyObjectExplorerTest(String databaseName, String testDbPrefix, String queryFileName, String baselineFileName, Boolean verifySystemObjects) in /Users/aasimkhan/src/sqltoolsservice/test/Microsoft.SqlTools.ServiceLayer.IntegrationTests/ObjectExplorer/ObjectExplorerServiceTests.cs:line 642
   at System.Runtime.CompilerServices.AsyncMethodBuilderCore.Start[TStateMachine](TStateMachine&amp; stateMachine)
   at Microsoft.SqlTools.ServiceLayer.IntegrationTests.ObjectExplorer.ObjectExplorerServiceTests.VerifyObjectExplorerTest(String databaseName, String testDbPrefix, String queryFileName, String baselineFileName, Boolean verifySystemObjects)
   at Microsoft.SqlTools.ServiceLayer.IntegrationTests.ObjectExplorer.ObjectExplorerServiceTests.&lt;&gt;c__DisplayClass14_0.&lt;VerifyAllSqlObjects&gt;b__0() in /Users/aasimkhan/src/sqltoolsservice/test/Microsoft.SqlTools.ServiceLayer.IntegrationTests/ObjectExplorer/ObjectExplorerServiceTests.cs:line 413
   at Microsoft.SqlTools.ServiceLayer.Test.Common.TestServiceProvider.CalculateRunTime[T](Func`1 testToRun, Boolean printResult, String testName) in /Users/aasimkhan/src/sqltoolsservice/test/Microsoft.SqlTools.ServiceLayer.Test.Common/TestServiceProvider.cs:line 134
   at System.Runtime.CompilerServices.AsyncMethodBuilderCore.Start[TStateMachine](TStateMachine&amp; stateMachine)
   at Microsoft.SqlTools.ServiceLayer.Test.Common.TestServiceProvider.CalculateRunTime[T](Func`1 testToRun, Boolean printResult, String testName)
   at Microsoft.SqlTools.ServiceLayer.IntegrationTests.ObjectExplorer.ObjectExplorerServiceTests.VerifyAllSqlObjects() in /Users/aasimkhan/src/sqltoolsservice/test/Microsoft.SqlTools.ServiceLayer.IntegrationTests/ObjectExplorer/ObjectExplorerServiceTests.cs:line 413
   at System.Runtime.CompilerServices.AsyncMethodBuilderCore.Start[TStateMachine](TStateMachine&amp; stateMachine)
   at Microsoft.SqlTools.ServiceLayer.IntegrationTests.ObjectExplorer.ObjectExplorerServiceTests.VerifyAllSqlObjects()

2)    at Microsoft.SqlTools.ServiceLayer.IntegrationTests.ObjectExplorer.ObjectExplorerServiceTests.RunTest(String databaseName, String query, String testDbPrefix, Func`3 test) in /Users/aasimkhan/src/sqltoolsservice/test/Microsoft.SqlTools.ServiceLayer.IntegrationTests/ObjectExplorer/ObjectExplorerServiceTests.cs:line 445
   at Microsoft.SqlTools.ServiceLayer.IntegrationTests.ObjectExplorer.ObjectExplorerServiceTests.RunTest(String databaseName, String query, String testDbPrefix, Func`3 test) in /Users/aasimkhan/src/sqltoolsservice/test/Microsoft.SqlTools.ServiceLayer.IntegrationTests/ObjectExplorer/ObjectExplorerServiceTests.cs:line 457
   at Microsoft.SqlTools.ServiceLayer.IntegrationTests.ObjectExplorer.ObjectExplorerServiceTests.VerifyObjectExplorerTest(String databaseName, String testDbPrefix, String queryFileName, String baselineFileName, Boolean verifySystemObjects) in /Users/aasimkhan/src/sqltoolsservice/test/Microsoft.SqlTools.ServiceLayer.IntegrationTests/ObjectExplorer/ObjectExplorerServiceTests.cs:line 642
   at Microsoft.SqlTools.ServiceLayer.Test.Common.TestServiceProvider.CalculateRunTime[T](Func`1 testToRun, Boolean printResult, String testName) in /Users/aasimkhan/src/sqltoolsservice/test/Microsoft.SqlTools.ServiceLayer.Test.Common/TestServiceProvider.cs:line 134
   at Microsoft.SqlTools.ServiceLayer.IntegrationTests.ObjectExplorer.ObjectExplorerServiceTests.VerifyAllSqlObjects() in /Users/aasimkhan/src/sqltoolsservice/test/Microsoft.SqlTools.ServiceLayer.IntegrationTests/ObjectExplorer/ObjectExplorerServiceTests.cs:line 413
   at NUnit.Framework.Internal.TaskAwaitAdapter.GenericAdapter`1.GetResult()
   at NUnit.Framework.Internal.AsyncToSyncAdapter.Await(Func`1 invoke)
   at NUnit.Framework.Internal.Commands.TestMethodCommand.RunTestMethod(TestExecutionContext context)
   at NUnit.Framework.Internal.Commands.TestMethodCommand.Execute(TestExecutionContext context)
   at NUnit.Framework.Internal.Execution.SimpleWorkItem.&lt;&gt;c__DisplayClass4_0.&lt;PerformWork&gt;b__0()
   at NUnit.Framework.Internal.ContextUtils.&lt;&gt;c__DisplayClass1_0`1.&lt;DoIsolated&gt;b__0(Object _)
   at System.Threading.ExecutionContext.RunInternal(ExecutionContext executionContext, ContextCallback callback, Object state)
--- End of stack trace from previous location ---
   at System.Threading.ExecutionContext.RunInternal(ExecutionContext executionContext, ContextCallback callback, Object state)
   at NUnit.Framework.Internal.ContextUtils.DoIsolated(ContextCallback callback, Object state)
   at NUnit.Framework.Internal.ContextUtils.DoIsolated[T](Func`1 func)
   at NUnit.Framework.Internal.Execution.SimpleWorkItem.PerformWork()</failure>
    </testcase>
    <testcase classname="Microsoft.SqlTools.ServiceLayer.IntegrationTests.ObjectExplorer.ObjectExplorerServiceTests" name="VerifyOEFilters" time="0.0012710">
      <failure type="failure" message="System.Exception : Failed to run OE test. uri: error:  Cannot find any instance for version key: sqlOnPrem&#xA;  Expected: True&#xA;  But was:  False&#xA;&#xA;    at NUnit.Framework.Assert.ReportFailure(String message)&#xA;   at NUnit.Framework.Assert.ReportFailure(ConstraintResult result, String message, Object[] args)&#xA;   at NUnit.Framework.Assert.That[TActual](TActual actual, IResolveConstraint expression, String message, Object[] args)&#xA;   at NUnit.Framework.Assert.True(Boolean condition, String message, Object[] args)&#xA;   at Microsoft.SqlTools.ServiceLayer.Test.Common.TestConnectionProfileService.GetInstance(String key) in /Users/aasimkhan/src/sqltoolsservice/test/Microsoft.SqlTools.ServiceLayer.Test.Common/TestConnectionProfileService.cs:line 59&#xA;   at Microsoft.SqlTools.ServiceLayer.Test.Common.TestConnectionProfileService.GetConnectionParameters(String key, String databaseName) in /Users/aasimkhan/src/sqltoolsservice/test/Microsoft.SqlTools.ServiceLayer.Test.Common/TestConnectionProfileService.cs:line 65&#xA;   at Microsoft.SqlTools.ServiceLayer.Test.Common.TestConnectionProfileService.GetConnectionParameters(TestServerType serverType, String databaseName) in /Users/aasimkhan/src/sqltoolsservice/test/Microsoft.SqlTools.ServiceLayer.Test.Common/TestConnectionProfileService.cs:line 75&#xA;   at Microsoft.SqlTools.ServiceLayer.Test.Common.TestServiceProvider.InitLiveConnectionInfo(TestServerType serverType, String databaseName, String scriptFilePath) in /Users/aasimkhan/src/sqltoolsservice/test/Microsoft.SqlTools.ServiceLayer.Test.Common/TestServiceProvider.cs:line 142&#xA;   at Microsoft.SqlTools.ServiceLayer.Test.Common.TestServiceProvider.RunQueryAsync(TestServerType serverType, String databaseName, String queryText, Boolean throwOnError) in /Users/aasimkhan/src/sqltoolsservice/test/Microsoft.SqlTools.ServiceLayer.Test.Common/TestServiceProvider.cs:line 110&#xA;   at Microsoft.SqlTools.ServiceLayer.Test.Common.SqlTestDb.CreateNewAsync(TestServerType serverType, Boolean doNotCleanupDb, String databaseName, String query, String dbNamePrefix) in /Users/aasimkhan/src/sqltoolsservice/test/Microsoft.SqlTools.ServiceLayer.Test.Common/SqlTestDb.cs:line 101&#xA;   at Microsoft.SqlTools.ServiceLayer.IntegrationTests.ObjectExplorer.ObjectExplorerServiceTests.RunTest(String databaseName, String query, String testDbPrefix, Func`3 test) in /Users/aasimkhan/src/sqltoolsservice/test/Microsoft.SqlTools.ServiceLayer.IntegrationTests/ObjectExplorer/ObjectExplorerServiceTests.cs:line 432&#xA;&#xA;  1)   Cannot find any instance for version key: sqlOnPrem&#xA;  Expected: True&#xA;  But was:  False&#xA;&#xA;">at Microsoft.SqlTools.ServiceLayer.IntegrationTests.ObjectExplorer.ObjectExplorerServiceTests.RunTest(String databaseName, String query, String testDbPrefix, Func`3 test) in /Users/aasimkhan/src/sqltoolsservice/test/Microsoft.SqlTools.ServiceLayer.IntegrationTests/ObjectExplorer/ObjectExplorerServiceTests.cs:line 445
   at Microsoft.SqlTools.ServiceLayer.IntegrationTests.ObjectExplorer.ObjectExplorerServiceTests.RunTest(String databaseName, String query, String testDbPrefix, Func`3 test) in /Users/aasimkhan/src/sqltoolsservice/test/Microsoft.SqlTools.ServiceLayer.IntegrationTests/ObjectExplorer/ObjectExplorerServiceTests.cs:line 457
   at Microsoft.SqlTools.ServiceLayer.IntegrationTests.ObjectExplorer.ObjectExplorerServiceTests.VerifyOEFilters() in /Users/aasimkhan/src/sqltoolsservice/test/Microsoft.SqlTools.ServiceLayer.IntegrationTests/ObjectExplorer/ObjectExplorerServiceTests.cs:line 307
   at NUnit.Framework.Internal.TaskAwaitAdapter.GenericAdapter`1.GetResult()
   at NUnit.Framework.Internal.AsyncToSyncAdapter.Await(Func`1 invoke)
   at NUnit.Framework.Internal.Commands.TestMethodCommand.RunTestMethod(TestExecutionContext context)
   at NUnit.Framework.Internal.Commands.TestMethodCommand.Execute(TestExecutionContext context)
   at NUnit.Framework.Internal.Execution.SimpleWorkItem.&lt;&gt;c__DisplayClass4_0.&lt;PerformWork&gt;b__0()
   at NUnit.Framework.Internal.ContextUtils.&lt;&gt;c__DisplayClass1_0`1.&lt;DoIsolated&gt;b__0(Object _)
   at System.Threading.ExecutionContext.RunInternal(ExecutionContext executionContext, ContextCallback callback, Object state)
--- End of stack trace from previous location ---
   at System.Threading.ExecutionContext.RunInternal(ExecutionContext executionContext, ContextCallback callback, Object state)
   at NUnit.Framework.Internal.ContextUtils.DoIsolated(ContextCallback callback, Object state)
   at NUnit.Framework.Internal.ContextUtils.DoIsolated[T](Func`1 func)
   at NUnit.Framework.Internal.Execution.SimpleWorkItem.PerformWork()
1)    at Microsoft.SqlTools.ServiceLayer.Test.Common.TestConnectionProfileService.GetInstance(String key) in /Users/aasimkhan/src/sqltoolsservice/test/Microsoft.SqlTools.ServiceLayer.Test.Common/TestConnectionProfileService.cs:line 59
   at Microsoft.SqlTools.ServiceLayer.Test.Common.TestConnectionProfileService.GetConnectionParameters(String key, String databaseName) in /Users/aasimkhan/src/sqltoolsservice/test/Microsoft.SqlTools.ServiceLayer.Test.Common/TestConnectionProfileService.cs:line 65
   at Microsoft.SqlTools.ServiceLayer.Test.Common.TestConnectionProfileService.GetConnectionParameters(TestServerType serverType, String databaseName) in /Users/aasimkhan/src/sqltoolsservice/test/Microsoft.SqlTools.ServiceLayer.Test.Common/TestConnectionProfileService.cs:line 75
   at Microsoft.SqlTools.ServiceLayer.Test.Common.TestServiceProvider.InitLiveConnectionInfo(TestServerType serverType, String databaseName, String scriptFilePath) in /Users/aasimkhan/src/sqltoolsservice/test/Microsoft.SqlTools.ServiceLayer.Test.Common/TestServiceProvider.cs:line 142
   at System.Runtime.CompilerServices.AsyncMethodBuilderCore.Start[TStateMachine](TStateMachine&amp; stateMachine)
   at Microsoft.SqlTools.ServiceLayer.Test.Common.TestServiceProvider.InitLiveConnectionInfo(TestServerType serverType, String databaseName, String scriptFilePath)
   at Microsoft.SqlTools.ServiceLayer.Test.Common.TestServiceProvider.RunQueryAsync(TestServerType serverType, String databaseName, String queryText, Boolean throwOnError) in /Users/aasimkhan/src/sqltoolsservice/test/Microsoft.SqlTools.ServiceLayer.Test.Common/TestServiceProvider.cs:line 110
   at System.Runtime.CompilerServices.AsyncMethodBuilderCore.Start[TStateMachine](TStateMachine&amp; stateMachine)
   at Microsoft.SqlTools.ServiceLayer.Test.Common.TestServiceProvider.RunQueryAsync(TestServerType serverType, String databaseName, String queryText, Boolean throwOnError)
   at Microsoft.SqlTools.ServiceLayer.Test.Common.SqlTestDb.CreateNewAsync(TestServerType serverType, Boolean doNotCleanupDb, String databaseName, String query, String dbNamePrefix) in /Users/aasimkhan/src/sqltoolsservice/test/Microsoft.SqlTools.ServiceLayer.Test.Common/SqlTestDb.cs:line 101
   at System.Runtime.CompilerServices.AsyncMethodBuilderCore.Start[TStateMachine](TStateMachine&amp; stateMachine)
   at Microsoft.SqlTools.ServiceLayer.Test.Common.SqlTestDb.CreateNewAsync(TestServerType serverType, Boolean doNotCleanupDb, String databaseName, String query, String dbNamePrefix)
   at Microsoft.SqlTools.ServiceLayer.IntegrationTests.ObjectExplorer.ObjectExplorerServiceTests.RunTest(String databaseName, String query, String testDbPrefix, Func`3 test) in /Users/aasimkhan/src/sqltoolsservice/test/Microsoft.SqlTools.ServiceLayer.IntegrationTests/ObjectExplorer/ObjectExplorerServiceTests.cs:line 432
   at System.Runtime.CompilerServices.AsyncMethodBuilderCore.Start[TStateMachine](TStateMachine&amp; stateMachine)
   at Microsoft.SqlTools.ServiceLayer.IntegrationTests.ObjectExplorer.ObjectExplorerServiceTests.RunTest(String databaseName, String query, String testDbPrefix, Func`3 test)
   at Microsoft.SqlTools.ServiceLayer.IntegrationTests.ObjectExplorer.ObjectExplorerServiceTests.VerifyOEFilters() in /Users/aasimkhan/src/sqltoolsservice/test/Microsoft.SqlTools.ServiceLayer.IntegrationTests/ObjectExplorer/ObjectExplorerServiceTests.cs:line 307
   at System.Runtime.CompilerServices.AsyncMethodBuilderCore.Start[TStateMachine](TStateMachine&amp; stateMachine)
   at Microsoft.SqlTools.ServiceLayer.IntegrationTests.ObjectExplorer.ObjectExplorerServiceTests.VerifyOEFilters()

2)    at Microsoft.SqlTools.ServiceLayer.IntegrationTests.ObjectExplorer.ObjectExplorerServiceTests.RunTest(String databaseName, String query, String testDbPrefix, Func`3 test) in /Users/aasimkhan/src/sqltoolsservice/test/Microsoft.SqlTools.ServiceLayer.IntegrationTests/ObjectExplorer/ObjectExplorerServiceTests.cs:line 445
   at Microsoft.SqlTools.ServiceLayer.IntegrationTests.ObjectExplorer.ObjectExplorerServiceTests.RunTest(String databaseName, String query, String testDbPrefix, Func`3 test) in /Users/aasimkhan/src/sqltoolsservice/test/Microsoft.SqlTools.ServiceLayer.IntegrationTests/ObjectExplorer/ObjectExplorerServiceTests.cs:line 457
   at Microsoft.SqlTools.ServiceLayer.IntegrationTests.ObjectExplorer.ObjectExplorerServiceTests.VerifyOEFilters() in /Users/aasimkhan/src/sqltoolsservice/test/Microsoft.SqlTools.ServiceLayer.IntegrationTests/ObjectExplorer/ObjectExplorerServiceTests.cs:line 307
   at NUnit.Framework.Internal.TaskAwaitAdapter.GenericAdapter`1.GetResult()
   at NUnit.Framework.Internal.AsyncToSyncAdapter.Await(Func`1 invoke)
   at NUnit.Framework.Internal.Commands.TestMethodCommand.RunTestMethod(TestExecutionContext context)
   at NUnit.Framework.Internal.Commands.TestMethodCommand.Execute(TestExecutionContext context)
   at NUnit.Framework.Internal.Execution.SimpleWorkItem.&lt;&gt;c__DisplayClass4_0.&lt;PerformWork&gt;b__0()
   at NUnit.Framework.Internal.ContextUtils.&lt;&gt;c__DisplayClass1_0`1.&lt;DoIsolated&gt;b__0(Object _)
   at System.Threading.ExecutionContext.RunInternal(ExecutionContext executionContext, ContextCallback callback, Object state)
--- End of stack trace from previous location ---
   at System.Threading.ExecutionContext.RunInternal(ExecutionContext executionContext, ContextCallback callback, Object state)
   at NUnit.Framework.Internal.ContextUtils.DoIsolated(ContextCallback callback, Object state)
   at NUnit.Framework.Internal.ContextUtils.DoIsolated[T](Func`1 func)
   at NUnit.Framework.Internal.Execution.SimpleWorkItem.PerformWork()</failure>
    </testcase>
    <testcase classname="Microsoft.SqlTools.ServiceLayer.IntegrationTests.ObjectExplorer.ObjectExplorerServiceTests" name="VerifyServerLogins" time="0.0010889">
      <failure type="failure" message="System.Exception : Failed to run OE test. uri: error:  Cannot find any instance for version key: sqlOnPrem&#xA;  Expected: True&#xA;  But was:  False&#xA;&#xA;    at NUnit.Framework.Assert.ReportFailure(String message)&#xA;   at NUnit.Framework.Assert.ReportFailure(ConstraintResult result, String message, Object[] args)&#xA;   at NUnit.Framework.Assert.That[TActual](TActual actual, IResolveConstraint expression, String message, Object[] args)&#xA;   at NUnit.Framework.Assert.True(Boolean condition, String message, Object[] args)&#xA;   at Microsoft.SqlTools.ServiceLayer.Test.Common.TestConnectionProfileService.GetInstance(String key) in /Users/aasimkhan/src/sqltoolsservice/test/Microsoft.SqlTools.ServiceLayer.Test.Common/TestConnectionProfileService.cs:line 59&#xA;   at Microsoft.SqlTools.ServiceLayer.Test.Common.TestConnectionProfileService.GetConnectionParameters(String key, String databaseName) in /Users/aasimkhan/src/sqltoolsservice/test/Microsoft.SqlTools.ServiceLayer.Test.Common/TestConnectionProfileService.cs:line 65&#xA;   at Microsoft.SqlTools.ServiceLayer.Test.Common.TestConnectionProfileService.GetConnectionParameters(TestServerType serverType, String databaseName) in /Users/aasimkhan/src/sqltoolsservice/test/Microsoft.SqlTools.ServiceLayer.Test.Common/TestConnectionProfileService.cs:line 75&#xA;   at Microsoft.SqlTools.ServiceLayer.Test.Common.TestServiceProvider.InitLiveConnectionInfo(TestServerType serverType, String databaseName, String scriptFilePath) in /Users/aasimkhan/src/sqltoolsservice/test/Microsoft.SqlTools.ServiceLayer.Test.Common/TestServiceProvider.cs:line 142&#xA;   at Microsoft.SqlTools.ServiceLayer.Test.Common.TestServiceProvider.RunQueryAsync(TestServerType serverType, String databaseName, String queryText, Boolean throwOnError) in /Users/aasimkhan/src/sqltoolsservice/test/Microsoft.SqlTools.ServiceLayer.Test.Common/TestServiceProvider.cs:line 110&#xA;   at Microsoft.SqlTools.ServiceLayer.Test.Common.SqlTestDb.CreateNewAsync(TestServerType serverType, Boolean doNotCleanupDb, String databaseName, String query, String dbNamePrefix) in /Users/aasimkhan/src/sqltoolsservice/test/Microsoft.SqlTools.ServiceLayer.Test.Common/SqlTestDb.cs:line 101&#xA;   at Microsoft.SqlTools.ServiceLayer.IntegrationTests.ObjectExplorer.ObjectExplorerServiceTests.RunTest(String databaseName, String query, String testDbPrefix, Func`3 test) in /Users/aasimkhan/src/sqltoolsservice/test/Microsoft.SqlTools.ServiceLayer.IntegrationTests/ObjectExplorer/ObjectExplorerServiceTests.cs:line 432&#xA;&#xA;  1)   Cannot find any instance for version key: sqlOnPrem&#xA;  Expected: True&#xA;  But was:  False&#xA;&#xA;">at Microsoft.SqlTools.ServiceLayer.IntegrationTests.ObjectExplorer.ObjectExplorerServiceTests.RunTest(String databaseName, String query, String testDbPrefix, Func`3 test) in /Users/aasimkhan/src/sqltoolsservice/test/Microsoft.SqlTools.ServiceLayer.IntegrationTests/ObjectExplorer/ObjectExplorerServiceTests.cs:line 445
   at Microsoft.SqlTools.ServiceLayer.IntegrationTests.ObjectExplorer.ObjectExplorerServiceTests.RunTest(String databaseName, String query, String testDbPrefix, Func`3 test) in /Users/aasimkhan/src/sqltoolsservice/test/Microsoft.SqlTools.ServiceLayer.IntegrationTests/ObjectExplorer/ObjectExplorerServiceTests.cs:line 457
   at Microsoft.SqlTools.ServiceLayer.IntegrationTests.ObjectExplorer.ObjectExplorerServiceTests.VerifyServerLogins() in /Users/aasimkhan/src/sqltoolsservice/test/Microsoft.SqlTools.ServiceLayer.IntegrationTests/ObjectExplorer/ObjectExplorerServiceTests.cs:line 70
   at NUnit.Framework.Internal.TaskAwaitAdapter.GenericAdapter`1.GetResult()
   at NUnit.Framework.Internal.AsyncToSyncAdapter.Await(Func`1 invoke)
   at NUnit.Framework.Internal.Commands.TestMethodCommand.RunTestMethod(TestExecutionContext context)
   at NUnit.Framework.Internal.Commands.TestMethodCommand.Execute(TestExecutionContext context)
   at NUnit.Framework.Internal.Execution.SimpleWorkItem.&lt;&gt;c__DisplayClass4_0.&lt;PerformWork&gt;b__0()
   at NUnit.Framework.Internal.ContextUtils.&lt;&gt;c__DisplayClass1_0`1.&lt;DoIsolated&gt;b__0(Object _)
   at System.Threading.ExecutionContext.RunInternal(ExecutionContext executionContext, ContextCallback callback, Object state)
--- End of stack trace from previous location ---
   at System.Threading.ExecutionContext.RunInternal(ExecutionContext executionContext, ContextCallback callback, Object state)
   at NUnit.Framework.Internal.ContextUtils.DoIsolated(ContextCallback callback, Object state)
   at NUnit.Framework.Internal.ContextUtils.DoIsolated[T](Func`1 func)
   at NUnit.Framework.Internal.Execution.SimpleWorkItem.PerformWork()
1)    at Microsoft.SqlTools.ServiceLayer.Test.Common.TestConnectionProfileService.GetInstance(String key) in /Users/aasimkhan/src/sqltoolsservice/test/Microsoft.SqlTools.ServiceLayer.Test.Common/TestConnectionProfileService.cs:line 59
   at Microsoft.SqlTools.ServiceLayer.Test.Common.TestConnectionProfileService.GetConnectionParameters(String key, String databaseName) in /Users/aasimkhan/src/sqltoolsservice/test/Microsoft.SqlTools.ServiceLayer.Test.Common/TestConnectionProfileService.cs:line 65
   at Microsoft.SqlTools.ServiceLayer.Test.Common.TestConnectionProfileService.GetConnectionParameters(TestServerType serverType, String databaseName) in /Users/aasimkhan/src/sqltoolsservice/test/Microsoft.SqlTools.ServiceLayer.Test.Common/TestConnectionProfileService.cs:line 75
   at Microsoft.SqlTools.ServiceLayer.Test.Common.TestServiceProvider.InitLiveConnectionInfo(TestServerType serverType, String databaseName, String scriptFilePath) in /Users/aasimkhan/src/sqltoolsservice/test/Microsoft.SqlTools.ServiceLayer.Test.Common/TestServiceProvider.cs:line 142
   at System.Runtime.CompilerServices.AsyncMethodBuilderCore.Start[TStateMachine](TStateMachine&amp; stateMachine)
   at Microsoft.SqlTools.ServiceLayer.Test.Common.TestServiceProvider.InitLiveConnectionInfo(TestServerType serverType, String databaseName, String scriptFilePath)
   at Microsoft.SqlTools.ServiceLayer.Test.Common.TestServiceProvider.RunQueryAsync(TestServerType serverType, String databaseName, String queryText, Boolean throwOnError) in /Users/aasimkhan/src/sqltoolsservice/test/Microsoft.SqlTools.ServiceLayer.Test.Common/TestServiceProvider.cs:line 110
   at System.Runtime.CompilerServices.AsyncMethodBuilderCore.Start[TStateMachine](TStateMachine&amp; stateMachine)
   at Microsoft.SqlTools.ServiceLayer.Test.Common.TestServiceProvider.RunQueryAsync(TestServerType serverType, String databaseName, String queryText, Boolean throwOnError)
   at Microsoft.SqlTools.ServiceLayer.Test.Common.SqlTestDb.CreateNewAsync(TestServerType serverType, Boolean doNotCleanupDb, String databaseName, String query, String dbNamePrefix) in /Users/aasimkhan/src/sqltoolsservice/test/Microsoft.SqlTools.ServiceLayer.Test.Common/SqlTestDb.cs:line 101
   at System.Runtime.CompilerServices.AsyncMethodBuilderCore.Start[TStateMachine](TStateMachine&amp; stateMachine)
   at Microsoft.SqlTools.ServiceLayer.Test.Common.SqlTestDb.CreateNewAsync(TestServerType serverType, Boolean doNotCleanupDb, String databaseName, String query, String dbNamePrefix)
   at Microsoft.SqlTools.ServiceLayer.IntegrationTests.ObjectExplorer.ObjectExplorerServiceTests.RunTest(String databaseName, String query, String testDbPrefix, Func`3 test) in /Users/aasimkhan/src/sqltoolsservice/test/Microsoft.SqlTools.ServiceLayer.IntegrationTests/ObjectExplorer/ObjectExplorerServiceTests.cs:line 432
   at System.Runtime.CompilerServices.AsyncMethodBuilderCore.Start[TStateMachine](TStateMachine&amp; stateMachine)
   at Microsoft.SqlTools.ServiceLayer.IntegrationTests.ObjectExplorer.ObjectExplorerServiceTests.RunTest(String databaseName, String query, String testDbPrefix, Func`3 test)
   at Microsoft.SqlTools.ServiceLayer.IntegrationTests.ObjectExplorer.ObjectExplorerServiceTests.VerifyServerLogins() in /Users/aasimkhan/src/sqltoolsservice/test/Microsoft.SqlTools.ServiceLayer.IntegrationTests/ObjectExplorer/ObjectExplorerServiceTests.cs:line 70
   at System.Runtime.CompilerServices.AsyncMethodBuilderCore.Start[TStateMachine](TStateMachine&amp; stateMachine)
   at Microsoft.SqlTools.ServiceLayer.IntegrationTests.ObjectExplorer.ObjectExplorerServiceTests.VerifyServerLogins()

2)    at Microsoft.SqlTools.ServiceLayer.IntegrationTests.ObjectExplorer.ObjectExplorerServiceTests.RunTest(String databaseName, String query, String testDbPrefix, Func`3 test) in /Users/aasimkhan/src/sqltoolsservice/test/Microsoft.SqlTools.ServiceLayer.IntegrationTests/ObjectExplorer/ObjectExplorerServiceTests.cs:line 445
   at Microsoft.SqlTools.ServiceLayer.IntegrationTests.ObjectExplorer.ObjectExplorerServiceTests.RunTest(String databaseName, String query, String testDbPrefix, Func`3 test) in /Users/aasimkhan/src/sqltoolsservice/test/Microsoft.SqlTools.ServiceLayer.IntegrationTests/ObjectExplorer/ObjectExplorerServiceTests.cs:line 457
   at Microsoft.SqlTools.ServiceLayer.IntegrationTests.ObjectExplorer.ObjectExplorerServiceTests.VerifyServerLogins() in /Users/aasimkhan/src/sqltoolsservice/test/Microsoft.SqlTools.ServiceLayer.IntegrationTests/ObjectExplorer/ObjectExplorerServiceTests.cs:line 70
   at NUnit.Framework.Internal.TaskAwaitAdapter.GenericAdapter`1.GetResult()
   at NUnit.Framework.Internal.AsyncToSyncAdapter.Await(Func`1 invoke)
   at NUnit.Framework.Internal.Commands.TestMethodCommand.RunTestMethod(TestExecutionContext context)
   at NUnit.Framework.Internal.Commands.TestMethodCommand.Execute(TestExecutionContext context)
   at NUnit.Framework.Internal.Execution.SimpleWorkItem.&lt;&gt;c__DisplayClass4_0.&lt;PerformWork&gt;b__0()
   at NUnit.Framework.Internal.ContextUtils.&lt;&gt;c__DisplayClass1_0`1.&lt;DoIsolated&gt;b__0(Object _)
   at System.Threading.ExecutionContext.RunInternal(ExecutionContext executionContext, ContextCallback callback, Object state)
--- End of stack trace from previous location ---
   at System.Threading.ExecutionContext.RunInternal(ExecutionContext executionContext, ContextCallback callback, Object state)
   at NUnit.Framework.Internal.ContextUtils.DoIsolated(ContextCallback callback, Object state)
   at NUnit.Framework.Internal.ContextUtils.DoIsolated[T](Func`1 func)
   at NUnit.Framework.Internal.Execution.SimpleWorkItem.PerformWork()</failure>
    </testcase>
    <testcase classname="Microsoft.SqlTools.ServiceLayer.IntegrationTests.ObjectExplorer.ObjectExplorerServiceTests" name="VerifyServerTriggers" time="0.0011270">
      <failure type="failure" message="System.Exception : Failed to run OE test. uri: error:  Cannot find any instance for version key: sqlOnPrem&#xA;  Expected: True&#xA;  But was:  False&#xA;&#xA;    at NUnit.Framework.Assert.ReportFailure(String message)&#xA;   at NUnit.Framework.Assert.ReportFailure(ConstraintResult result, String message, Object[] args)&#xA;   at NUnit.Framework.Assert.That[TActual](TActual actual, IResolveConstraint expression, String message, Object[] args)&#xA;   at NUnit.Framework.Assert.True(Boolean condition, String message, Object[] args)&#xA;   at Microsoft.SqlTools.ServiceLayer.Test.Common.TestConnectionProfileService.GetInstance(String key) in /Users/aasimkhan/src/sqltoolsservice/test/Microsoft.SqlTools.ServiceLayer.Test.Common/TestConnectionProfileService.cs:line 59&#xA;   at Microsoft.SqlTools.ServiceLayer.Test.Common.TestConnectionProfileService.GetConnectionParameters(String key, String databaseName) in /Users/aasimkhan/src/sqltoolsservice/test/Microsoft.SqlTools.ServiceLayer.Test.Common/TestConnectionProfileService.cs:line 65&#xA;   at Microsoft.SqlTools.ServiceLayer.Test.Common.TestConnectionProfileService.GetConnectionParameters(TestServerType serverType, String databaseName) in /Users/aasimkhan/src/sqltoolsservice/test/Microsoft.SqlTools.ServiceLayer.Test.Common/TestConnectionProfileService.cs:line 75&#xA;   at Microsoft.SqlTools.ServiceLayer.Test.Common.TestServiceProvider.InitLiveConnectionInfo(TestServerType serverType, String databaseName, String scriptFilePath) in /Users/aasimkhan/src/sqltoolsservice/test/Microsoft.SqlTools.ServiceLayer.Test.Common/TestServiceProvider.cs:line 142&#xA;   at Microsoft.SqlTools.ServiceLayer.Test.Common.TestServiceProvider.RunQueryAsync(TestServerType serverType, String databaseName, String queryText, Boolean throwOnError) in /Users/aasimkhan/src/sqltoolsservice/test/Microsoft.SqlTools.ServiceLayer.Test.Common/TestServiceProvider.cs:line 110&#xA;   at Microsoft.SqlTools.ServiceLayer.Test.Common.SqlTestDb.CreateNewAsync(TestServerType serverType, Boolean doNotCleanupDb, String databaseName, String query, String dbNamePrefix) in /Users/aasimkhan/src/sqltoolsservice/test/Microsoft.SqlTools.ServiceLayer.Test.Common/SqlTestDb.cs:line 101&#xA;   at Microsoft.SqlTools.ServiceLayer.IntegrationTests.ObjectExplorer.ObjectExplorerServiceTests.RunTest(String databaseName, String query, String testDbPrefix, Func`3 test) in /Users/aasimkhan/src/sqltoolsservice/test/Microsoft.SqlTools.ServiceLayer.IntegrationTests/ObjectExplorer/ObjectExplorerServiceTests.cs:line 432&#xA;&#xA;  1)   Cannot find any instance for version key: sqlOnPrem&#xA;  Expected: True&#xA;  But was:  False&#xA;&#xA;">at Microsoft.SqlTools.ServiceLayer.IntegrationTests.ObjectExplorer.ObjectExplorerServiceTests.RunTest(String databaseName, String query, String testDbPrefix, Func`3 test) in /Users/aasimkhan/src/sqltoolsservice/test/Microsoft.SqlTools.ServiceLayer.IntegrationTests/ObjectExplorer/ObjectExplorerServiceTests.cs:line 445
   at Microsoft.SqlTools.ServiceLayer.IntegrationTests.ObjectExplorer.ObjectExplorerServiceTests.RunTest(String databaseName, String query, String testDbPrefix, Func`3 test) in /Users/aasimkhan/src/sqltoolsservice/test/Microsoft.SqlTools.ServiceLayer.IntegrationTests/ObjectExplorer/ObjectExplorerServiceTests.cs:line 457
   at Microsoft.SqlTools.ServiceLayer.IntegrationTests.ObjectExplorer.ObjectExplorerServiceTests.VerifyServerTriggers() in /Users/aasimkhan/src/sqltoolsservice/test/Microsoft.SqlTools.ServiceLayer.IntegrationTests/ObjectExplorer/ObjectExplorerServiceTests.cs:line 106
   at NUnit.Framework.Internal.TaskAwaitAdapter.GenericAdapter`1.GetResult()
   at NUnit.Framework.Internal.AsyncToSyncAdapter.Await(Func`1 invoke)
   at NUnit.Framework.Internal.Commands.TestMethodCommand.RunTestMethod(TestExecutionContext context)
   at NUnit.Framework.Internal.Commands.TestMethodCommand.Execute(TestExecutionContext context)
   at NUnit.Framework.Internal.Execution.SimpleWorkItem.&lt;&gt;c__DisplayClass4_0.&lt;PerformWork&gt;b__0()
   at NUnit.Framework.Internal.ContextUtils.&lt;&gt;c__DisplayClass1_0`1.&lt;DoIsolated&gt;b__0(Object _)
   at System.Threading.ExecutionContext.RunInternal(ExecutionContext executionContext, ContextCallback callback, Object state)
--- End of stack trace from previous location ---
   at System.Threading.ExecutionContext.RunInternal(ExecutionContext executionContext, ContextCallback callback, Object state)
   at NUnit.Framework.Internal.ContextUtils.DoIsolated(ContextCallback callback, Object state)
   at NUnit.Framework.Internal.ContextUtils.DoIsolated[T](Func`1 func)
   at NUnit.Framework.Internal.Execution.SimpleWorkItem.PerformWork()
1)    at Microsoft.SqlTools.ServiceLayer.Test.Common.TestConnectionProfileService.GetInstance(String key) in /Users/aasimkhan/src/sqltoolsservice/test/Microsoft.SqlTools.ServiceLayer.Test.Common/TestConnectionProfileService.cs:line 59
   at Microsoft.SqlTools.ServiceLayer.Test.Common.TestConnectionProfileService.GetConnectionParameters(String key, String databaseName) in /Users/aasimkhan/src/sqltoolsservice/test/Microsoft.SqlTools.ServiceLayer.Test.Common/TestConnectionProfileService.cs:line 65
   at Microsoft.SqlTools.ServiceLayer.Test.Common.TestConnectionProfileService.GetConnectionParameters(TestServerType serverType, String databaseName) in /Users/aasimkhan/src/sqltoolsservice/test/Microsoft.SqlTools.ServiceLayer.Test.Common/TestConnectionProfileService.cs:line 75
   at Microsoft.SqlTools.ServiceLayer.Test.Common.TestServiceProvider.InitLiveConnectionInfo(TestServerType serverType, String databaseName, String scriptFilePath) in /Users/aasimkhan/src/sqltoolsservice/test/Microsoft.SqlTools.ServiceLayer.Test.Common/TestServiceProvider.cs:line 142
   at System.Runtime.CompilerServices.AsyncMethodBuilderCore.Start[TStateMachine](TStateMachine&amp; stateMachine)
   at Microsoft.SqlTools.ServiceLayer.Test.Common.TestServiceProvider.InitLiveConnectionInfo(TestServerType serverType, String databaseName, String scriptFilePath)
   at Microsoft.SqlTools.ServiceLayer.Test.Common.TestServiceProvider.RunQueryAsync(TestServerType serverType, String databaseName, String queryText, Boolean throwOnError) in /Users/aasimkhan/src/sqltoolsservice/test/Microsoft.SqlTools.ServiceLayer.Test.Common/TestServiceProvider.cs:line 110
   at System.Runtime.CompilerServices.AsyncMethodBuilderCore.Start[TStateMachine](TStateMachine&amp; stateMachine)
   at Microsoft.SqlTools.ServiceLayer.Test.Common.TestServiceProvider.RunQueryAsync(TestServerType serverType, String databaseName, String queryText, Boolean throwOnError)
   at Microsoft.SqlTools.ServiceLayer.Test.Common.SqlTestDb.CreateNewAsync(TestServerType serverType, Boolean doNotCleanupDb, String databaseName, String query, String dbNamePrefix) in /Users/aasimkhan/src/sqltoolsservice/test/Microsoft.SqlTools.ServiceLayer.Test.Common/SqlTestDb.cs:line 101
   at System.Runtime.CompilerServices.AsyncMethodBuilderCore.Start[TStateMachine](TStateMachine&amp; stateMachine)
   at Microsoft.SqlTools.ServiceLayer.Test.Common.SqlTestDb.CreateNewAsync(TestServerType serverType, Boolean doNotCleanupDb, String databaseName, String query, String dbNamePrefix)
   at Microsoft.SqlTools.ServiceLayer.IntegrationTests.ObjectExplorer.ObjectExplorerServiceTests.RunTest(String databaseName, String query, String testDbPrefix, Func`3 test) in /Users/aasimkhan/src/sqltoolsservice/test/Microsoft.SqlTools.ServiceLayer.IntegrationTests/ObjectExplorer/ObjectExplorerServiceTests.cs:line 432
   at System.Runtime.CompilerServices.AsyncMethodBuilderCore.Start[TStateMachine](TStateMachine&amp; stateMachine)
   at Microsoft.SqlTools.ServiceLayer.IntegrationTests.ObjectExplorer.ObjectExplorerServiceTests.RunTest(String databaseName, String query, String testDbPrefix, Func`3 test)
   at Microsoft.SqlTools.ServiceLayer.IntegrationTests.ObjectExplorer.ObjectExplorerServiceTests.VerifyServerTriggers() in /Users/aasimkhan/src/sqltoolsservice/test/Microsoft.SqlTools.ServiceLayer.IntegrationTests/ObjectExplorer/ObjectExplorerServiceTests.cs:line 106
   at System.Runtime.CompilerServices.AsyncMethodBuilderCore.Start[TStateMachine](TStateMachine&amp; stateMachine)
   at Microsoft.SqlTools.ServiceLayer.IntegrationTests.ObjectExplorer.ObjectExplorerServiceTests.VerifyServerTriggers()

2)    at Microsoft.SqlTools.ServiceLayer.IntegrationTests.ObjectExplorer.ObjectExplorerServiceTests.RunTest(String databaseName, String query, String testDbPrefix, Func`3 test) in /Users/aasimkhan/src/sqltoolsservice/test/Microsoft.SqlTools.ServiceLayer.IntegrationTests/ObjectExplorer/ObjectExplorerServiceTests.cs:line 445
   at Microsoft.SqlTools.ServiceLayer.IntegrationTests.ObjectExplorer.ObjectExplorerServiceTests.RunTest(String databaseName, String query, String testDbPrefix, Func`3 test) in /Users/aasimkhan/src/sqltoolsservice/test/Microsoft.SqlTools.ServiceLayer.IntegrationTests/ObjectExplorer/ObjectExplorerServiceTests.cs:line 457
   at Microsoft.SqlTools.ServiceLayer.IntegrationTests.ObjectExplorer.ObjectExplorerServiceTests.VerifyServerTriggers() in /Users/aasimkhan/src/sqltoolsservice/test/Microsoft.SqlTools.ServiceLayer.IntegrationTests/ObjectExplorer/ObjectExplorerServiceTests.cs:line 106
   at NUnit.Framework.Internal.TaskAwaitAdapter.GenericAdapter`1.GetResult()
   at NUnit.Framework.Internal.AsyncToSyncAdapter.Await(Func`1 invoke)
   at NUnit.Framework.Internal.Commands.TestMethodCommand.RunTestMethod(TestExecutionContext context)
   at NUnit.Framework.Internal.Commands.TestMethodCommand.Execute(TestExecutionContext context)
   at NUnit.Framework.Internal.Execution.SimpleWorkItem.&lt;&gt;c__DisplayClass4_0.&lt;PerformWork&gt;b__0()
   at NUnit.Framework.Internal.ContextUtils.&lt;&gt;c__DisplayClass1_0`1.&lt;DoIsolated&gt;b__0(Object _)
   at System.Threading.ExecutionContext.RunInternal(ExecutionContext executionContext, ContextCallback callback, Object state)
--- End of stack trace from previous location ---
   at System.Threading.ExecutionContext.RunInternal(ExecutionContext executionContext, ContextCallback callback, Object state)
   at NUnit.Framework.Internal.ContextUtils.DoIsolated(ContextCallback callback, Object state)
   at NUnit.Framework.Internal.ContextUtils.DoIsolated[T](Func`1 func)
   at NUnit.Framework.Internal.Execution.SimpleWorkItem.PerformWork()</failure>
    </testcase>
    <testcase classname="Microsoft.SqlTools.ServiceLayer.IntegrationTests.ObjectExplorer.SimpleObjectExplorerTests" name="ExpandingPathShouldReturnCorrectNodes" time="0.0013540">
      <failure type="failure" message="System.Exception : Failed to run OE test. error:  Cannot find any instance for version key: sqlOnPrem&#xA;  Expected: True&#xA;  But was:  False&#xA;    at NUnit.Framework.Assert.ReportFailure(String message)&#xA;   at NUnit.Framework.Assert.ReportFailure(ConstraintResult result, String message, Object[] args)&#xA;   at NUnit.Framework.Assert.That[TActual](TActual actual, IResolveConstraint expression, String message, Object[] args)&#xA;   at NUnit.Framework.Assert.True(Boolean condition, String message, Object[] args)&#xA;   at Microsoft.SqlTools.ServiceLayer.Test.Common.TestConnectionProfileService.GetInstance(String key) in /Users/aasimkhan/src/sqltoolsservice/test/Microsoft.SqlTools.ServiceLayer.Test.Common/TestConnectionProfileService.cs:line 59&#xA;   at Microsoft.SqlTools.ServiceLayer.Test.Common.TestConnectionProfileService.GetConnectionParameters(String key, String databaseName) in /Users/aasimkhan/src/sqltoolsservice/test/Microsoft.SqlTools.ServiceLayer.Test.Common/TestConnectionProfileService.cs:line 65&#xA;   at Microsoft.SqlTools.ServiceLayer.Test.Common.TestConnectionProfileService.GetConnectionParameters(TestServerType serverType, String databaseName) in /Users/aasimkhan/src/sqltoolsservice/test/Microsoft.SqlTools.ServiceLayer.Test.Common/TestConnectionProfileService.cs:line 75&#xA;   at Microsoft.SqlTools.ServiceLayer.Test.Common.TestServiceProvider.InitLiveConnectionInfo(TestServerType serverType, String databaseName, String scriptFilePath) in /Users/aasimkhan/src/sqltoolsservice/test/Microsoft.SqlTools.ServiceLayer.Test.Common/TestServiceProvider.cs:line 142&#xA;   at Microsoft.SqlTools.ServiceLayer.Test.Common.TestServiceProvider.RunQueryAsync(TestServerType serverType, String databaseName, String queryText, Boolean throwOnError) in /Users/aasimkhan/src/sqltoolsservice/test/Microsoft.SqlTools.ServiceLayer.Test.Common/TestServiceProvider.cs:line 110&#xA;   at Microsoft.SqlTools.ServiceLayer.Test.Common.SqlTestDb.CreateNewAsync(TestServerType serverType, Boolean doNotCleanupDb, String databaseName, String query, String dbNamePrefix) in /Users/aasimkhan/src/sqltoolsservice/test/Microsoft.SqlTools.ServiceLayer.Test.Common/SqlTestDb.cs:line 101&#xA;   at Microsoft.SqlTools.ServiceLayer.IntegrationTests.ObjectExplorer.SimpleObjectExplorerTests.RunTest(String databaseName, String query, String testDbPrefix, Func`3 test) in /Users/aasimkhan/src/sqltoolsservice/test/Microsoft.SqlTools.ServiceLayer.IntegrationTests/ObjectExplorer/SimpleObjectExplorerTests.cs:line 237&#xA;&#xA;  1)   Cannot find any instance for version key: sqlOnPrem&#xA;  Expected: True&#xA;  But was:  False&#xA;&#xA;">at Microsoft.SqlTools.ServiceLayer.IntegrationTests.ObjectExplorer.SimpleObjectExplorerTests.RunTest(String databaseName, String query, String testDbPrefix, Func`3 test) in /Users/aasimkhan/src/sqltoolsservice/test/Microsoft.SqlTools.ServiceLayer.IntegrationTests/ObjectExplorer/SimpleObjectExplorerTests.cs:line 250
   at Microsoft.SqlTools.ServiceLayer.IntegrationTests.ObjectExplorer.SimpleObjectExplorerTests.RunTest(String databaseName, String query, String testDbPrefix, Func`3 test) in /Users/aasimkhan/src/sqltoolsservice/test/Microsoft.SqlTools.ServiceLayer.IntegrationTests/ObjectExplorer/SimpleObjectExplorerTests.cs:line 258
   at Microsoft.SqlTools.ServiceLayer.IntegrationTests.ObjectExplorer.SimpleObjectExplorerTests.ExpandingPathShouldReturnCorrectNodes() in /Users/aasimkhan/src/sqltoolsservice/test/Microsoft.SqlTools.ServiceLayer.IntegrationTests/ObjectExplorer/SimpleObjectExplorerTests.cs:line 69
   at NUnit.Framework.Internal.TaskAwaitAdapter.GenericAdapter`1.GetResult()
   at NUnit.Framework.Internal.AsyncToSyncAdapter.Await(Func`1 invoke)
   at NUnit.Framework.Internal.Commands.TestMethodCommand.RunTestMethod(TestExecutionContext context)
   at NUnit.Framework.Internal.Commands.TestMethodCommand.Execute(TestExecutionContext context)
   at NUnit.Framework.Internal.Execution.SimpleWorkItem.&lt;&gt;c__DisplayClass4_0.&lt;PerformWork&gt;b__0()
   at NUnit.Framework.Internal.ContextUtils.&lt;&gt;c__DisplayClass1_0`1.&lt;DoIsolated&gt;b__0(Object _)
   at System.Threading.ExecutionContext.RunInternal(ExecutionContext executionContext, ContextCallback callback, Object state)
--- End of stack trace from previous location ---
   at System.Threading.ExecutionContext.RunInternal(ExecutionContext executionContext, ContextCallback callback, Object state)
   at NUnit.Framework.Internal.ContextUtils.DoIsolated(ContextCallback callback, Object state)
   at NUnit.Framework.Internal.ContextUtils.DoIsolated[T](Func`1 func)
   at NUnit.Framework.Internal.Execution.SimpleWorkItem.PerformWork()
1)    at Microsoft.SqlTools.ServiceLayer.Test.Common.TestConnectionProfileService.GetInstance(String key) in /Users/aasimkhan/src/sqltoolsservice/test/Microsoft.SqlTools.ServiceLayer.Test.Common/TestConnectionProfileService.cs:line 59
   at Microsoft.SqlTools.ServiceLayer.Test.Common.TestConnectionProfileService.GetConnectionParameters(String key, String databaseName) in /Users/aasimkhan/src/sqltoolsservice/test/Microsoft.SqlTools.ServiceLayer.Test.Common/TestConnectionProfileService.cs:line 65
   at Microsoft.SqlTools.ServiceLayer.Test.Common.TestConnectionProfileService.GetConnectionParameters(TestServerType serverType, String databaseName) in /Users/aasimkhan/src/sqltoolsservice/test/Microsoft.SqlTools.ServiceLayer.Test.Common/TestConnectionProfileService.cs:line 75
   at Microsoft.SqlTools.ServiceLayer.Test.Common.TestServiceProvider.InitLiveConnectionInfo(TestServerType serverType, String databaseName, String scriptFilePath) in /Users/aasimkhan/src/sqltoolsservice/test/Microsoft.SqlTools.ServiceLayer.Test.Common/TestServiceProvider.cs:line 142
   at System.Runtime.CompilerServices.AsyncMethodBuilderCore.Start[TStateMachine](TStateMachine&amp; stateMachine)
   at Microsoft.SqlTools.ServiceLayer.Test.Common.TestServiceProvider.InitLiveConnectionInfo(TestServerType serverType, String databaseName, String scriptFilePath)
   at Microsoft.SqlTools.ServiceLayer.Test.Common.TestServiceProvider.RunQueryAsync(TestServerType serverType, String databaseName, String queryText, Boolean throwOnError) in /Users/aasimkhan/src/sqltoolsservice/test/Microsoft.SqlTools.ServiceLayer.Test.Common/TestServiceProvider.cs:line 110
   at System.Runtime.CompilerServices.AsyncMethodBuilderCore.Start[TStateMachine](TStateMachine&amp; stateMachine)
   at Microsoft.SqlTools.ServiceLayer.Test.Common.TestServiceProvider.RunQueryAsync(TestServerType serverType, String databaseName, String queryText, Boolean throwOnError)
   at Microsoft.SqlTools.ServiceLayer.Test.Common.SqlTestDb.CreateNewAsync(TestServerType serverType, Boolean doNotCleanupDb, String databaseName, String query, String dbNamePrefix) in /Users/aasimkhan/src/sqltoolsservice/test/Microsoft.SqlTools.ServiceLayer.Test.Common/SqlTestDb.cs:line 101
   at System.Runtime.CompilerServices.AsyncMethodBuilderCore.Start[TStateMachine](TStateMachine&amp; stateMachine)
   at Microsoft.SqlTools.ServiceLayer.Test.Common.SqlTestDb.CreateNewAsync(TestServerType serverType, Boolean doNotCleanupDb, String databaseName, String query, String dbNamePrefix)
   at Microsoft.SqlTools.ServiceLayer.IntegrationTests.ObjectExplorer.SimpleObjectExplorerTests.RunTest(String databaseName, String query, String testDbPrefix, Func`3 test) in /Users/aasimkhan/src/sqltoolsservice/test/Microsoft.SqlTools.ServiceLayer.IntegrationTests/ObjectExplorer/SimpleObjectExplorerTests.cs:line 237
   at System.Runtime.CompilerServices.AsyncMethodBuilderCore.Start[TStateMachine](TStateMachine&amp; stateMachine)
   at Microsoft.SqlTools.ServiceLayer.IntegrationTests.ObjectExplorer.SimpleObjectExplorerTests.RunTest(String databaseName, String query, String testDbPrefix, Func`3 test)
   at Microsoft.SqlTools.ServiceLayer.IntegrationTests.ObjectExplorer.SimpleObjectExplorerTests.ExpandingPathShouldReturnCorrectNodes() in /Users/aasimkhan/src/sqltoolsservice/test/Microsoft.SqlTools.ServiceLayer.IntegrationTests/ObjectExplorer/SimpleObjectExplorerTests.cs:line 69
   at System.Runtime.CompilerServices.AsyncMethodBuilderCore.Start[TStateMachine](TStateMachine&amp; stateMachine)
   at Microsoft.SqlTools.ServiceLayer.IntegrationTests.ObjectExplorer.SimpleObjectExplorerTests.ExpandingPathShouldReturnCorrectNodes()

2)    at Microsoft.SqlTools.ServiceLayer.IntegrationTests.ObjectExplorer.SimpleObjectExplorerTests.RunTest(String databaseName, String query, String testDbPrefix, Func`3 test) in /Users/aasimkhan/src/sqltoolsservice/test/Microsoft.SqlTools.ServiceLayer.IntegrationTests/ObjectExplorer/SimpleObjectExplorerTests.cs:line 250
   at Microsoft.SqlTools.ServiceLayer.IntegrationTests.ObjectExplorer.SimpleObjectExplorerTests.RunTest(String databaseName, String query, String testDbPrefix, Func`3 test) in /Users/aasimkhan/src/sqltoolsservice/test/Microsoft.SqlTools.ServiceLayer.IntegrationTests/ObjectExplorer/SimpleObjectExplorerTests.cs:line 258
   at Microsoft.SqlTools.ServiceLayer.IntegrationTests.ObjectExplorer.SimpleObjectExplorerTests.ExpandingPathShouldReturnCorrectNodes() in /Users/aasimkhan/src/sqltoolsservice/test/Microsoft.SqlTools.ServiceLayer.IntegrationTests/ObjectExplorer/SimpleObjectExplorerTests.cs:line 69
   at NUnit.Framework.Internal.TaskAwaitAdapter.GenericAdapter`1.GetResult()
   at NUnit.Framework.Internal.AsyncToSyncAdapter.Await(Func`1 invoke)
   at NUnit.Framework.Internal.Commands.TestMethodCommand.RunTestMethod(TestExecutionContext context)
   at NUnit.Framework.Internal.Commands.TestMethodCommand.Execute(TestExecutionContext context)
   at NUnit.Framework.Internal.Execution.SimpleWorkItem.&lt;&gt;c__DisplayClass4_0.&lt;PerformWork&gt;b__0()
   at NUnit.Framework.Internal.ContextUtils.&lt;&gt;c__DisplayClass1_0`1.&lt;DoIsolated&gt;b__0(Object _)
   at System.Threading.ExecutionContext.RunInternal(ExecutionContext executionContext, ContextCallback callback, Object state)
--- End of stack trace from previous location ---
   at System.Threading.ExecutionContext.RunInternal(ExecutionContext executionContext, ContextCallback callback, Object state)
   at NUnit.Framework.Internal.ContextUtils.DoIsolated(ContextCallback callback, Object state)
   at NUnit.Framework.Internal.ContextUtils.DoIsolated[T](Func`1 func)
   at NUnit.Framework.Internal.Execution.SimpleWorkItem.PerformWork()</failure>
    </testcase>
    <testcase classname="Microsoft.SqlTools.ServiceLayer.IntegrationTests.ObjectExplorer.SimpleObjectExplorerTests" name="ObjectWithSameNameAndDifferentSchemaShouldNotDuplicateChildObjects" time="0.0009530">
      <failure type="failure" message="System.Exception : Failed to run OE test. error:  Cannot find any instance for version key: sqlOnPrem&#xA;  Expected: True&#xA;  But was:  False&#xA;    at NUnit.Framework.Assert.ReportFailure(String message)&#xA;   at NUnit.Framework.Assert.ReportFailure(ConstraintResult result, String message, Object[] args)&#xA;   at NUnit.Framework.Assert.That[TActual](TActual actual, IResolveConstraint expression, String message, Object[] args)&#xA;   at NUnit.Framework.Assert.True(Boolean condition, String message, Object[] args)&#xA;   at Microsoft.SqlTools.ServiceLayer.Test.Common.TestConnectionProfileService.GetInstance(String key) in /Users/aasimkhan/src/sqltoolsservice/test/Microsoft.SqlTools.ServiceLayer.Test.Common/TestConnectionProfileService.cs:line 59&#xA;   at Microsoft.SqlTools.ServiceLayer.Test.Common.TestConnectionProfileService.GetConnectionParameters(String key, String databaseName) in /Users/aasimkhan/src/sqltoolsservice/test/Microsoft.SqlTools.ServiceLayer.Test.Common/TestConnectionProfileService.cs:line 65&#xA;   at Microsoft.SqlTools.ServiceLayer.Test.Common.TestConnectionProfileService.GetConnectionParameters(TestServerType serverType, String databaseName) in /Users/aasimkhan/src/sqltoolsservice/test/Microsoft.SqlTools.ServiceLayer.Test.Common/TestConnectionProfileService.cs:line 75&#xA;   at Microsoft.SqlTools.ServiceLayer.Test.Common.TestServiceProvider.InitLiveConnectionInfo(TestServerType serverType, String databaseName, String scriptFilePath) in /Users/aasimkhan/src/sqltoolsservice/test/Microsoft.SqlTools.ServiceLayer.Test.Common/TestServiceProvider.cs:line 142&#xA;   at Microsoft.SqlTools.ServiceLayer.Test.Common.TestServiceProvider.RunQueryAsync(TestServerType serverType, String databaseName, String queryText, Boolean throwOnError) in /Users/aasimkhan/src/sqltoolsservice/test/Microsoft.SqlTools.ServiceLayer.Test.Common/TestServiceProvider.cs:line 110&#xA;   at Microsoft.SqlTools.ServiceLayer.Test.Common.SqlTestDb.CreateNewAsync(TestServerType serverType, Boolean doNotCleanupDb, String databaseName, String query, String dbNamePrefix) in /Users/aasimkhan/src/sqltoolsservice/test/Microsoft.SqlTools.ServiceLayer.Test.Common/SqlTestDb.cs:line 101&#xA;   at Microsoft.SqlTools.ServiceLayer.IntegrationTests.ObjectExplorer.SimpleObjectExplorerTests.RunTest(String databaseName, String query, String testDbPrefix, Func`3 test) in /Users/aasimkhan/src/sqltoolsservice/test/Microsoft.SqlTools.ServiceLayer.IntegrationTests/ObjectExplorer/SimpleObjectExplorerTests.cs:line 237&#xA;&#xA;  1)   Cannot find any instance for version key: sqlOnPrem&#xA;  Expected: True&#xA;  But was:  False&#xA;&#xA;">at Microsoft.SqlTools.ServiceLayer.IntegrationTests.ObjectExplorer.SimpleObjectExplorerTests.RunTest(String databaseName, String query, String testDbPrefix, Func`3 test) in /Users/aasimkhan/src/sqltoolsservice/test/Microsoft.SqlTools.ServiceLayer.IntegrationTests/ObjectExplorer/SimpleObjectExplorerTests.cs:line 250
   at Microsoft.SqlTools.ServiceLayer.IntegrationTests.ObjectExplorer.SimpleObjectExplorerTests.RunTest(String databaseName, String query, String testDbPrefix, Func`3 test) in /Users/aasimkhan/src/sqltoolsservice/test/Microsoft.SqlTools.ServiceLayer.IntegrationTests/ObjectExplorer/SimpleObjectExplorerTests.cs:line 258
   at Microsoft.SqlTools.ServiceLayer.IntegrationTests.ObjectExplorer.SimpleObjectExplorerTests.ObjectWithSameNameAndDifferentSchemaShouldNotDuplicateChildObjects() in /Users/aasimkhan/src/sqltoolsservice/test/Microsoft.SqlTools.ServiceLayer.IntegrationTests/ObjectExplorer/SimpleObjectExplorerTests.cs:line 210
   at NUnit.Framework.Internal.TaskAwaitAdapter.GenericAdapter`1.GetResult()
   at NUnit.Framework.Internal.AsyncToSyncAdapter.Await(Func`1 invoke)
   at NUnit.Framework.Internal.Commands.TestMethodCommand.RunTestMethod(TestExecutionContext context)
   at NUnit.Framework.Internal.Commands.TestMethodCommand.Execute(TestExecutionContext context)
   at NUnit.Framework.Internal.Execution.SimpleWorkItem.&lt;&gt;c__DisplayClass4_0.&lt;PerformWork&gt;b__0()
   at NUnit.Framework.Internal.ContextUtils.&lt;&gt;c__DisplayClass1_0`1.&lt;DoIsolated&gt;b__0(Object _)
   at System.Threading.ExecutionContext.RunInternal(ExecutionContext executionContext, ContextCallback callback, Object state)
--- End of stack trace from previous location ---
   at System.Threading.ExecutionContext.RunInternal(ExecutionContext executionContext, ContextCallback callback, Object state)
   at NUnit.Framework.Internal.ContextUtils.DoIsolated(ContextCallback callback, Object state)
   at NUnit.Framework.Internal.ContextUtils.DoIsolated[T](Func`1 func)
   at NUnit.Framework.Internal.Execution.SimpleWorkItem.PerformWork()
1)    at Microsoft.SqlTools.ServiceLayer.Test.Common.TestConnectionProfileService.GetInstance(String key) in /Users/aasimkhan/src/sqltoolsservice/test/Microsoft.SqlTools.ServiceLayer.Test.Common/TestConnectionProfileService.cs:line 59
   at Microsoft.SqlTools.ServiceLayer.Test.Common.TestConnectionProfileService.GetConnectionParameters(String key, String databaseName) in /Users/aasimkhan/src/sqltoolsservice/test/Microsoft.SqlTools.ServiceLayer.Test.Common/TestConnectionProfileService.cs:line 65
   at Microsoft.SqlTools.ServiceLayer.Test.Common.TestConnectionProfileService.GetConnectionParameters(TestServerType serverType, String databaseName) in /Users/aasimkhan/src/sqltoolsservice/test/Microsoft.SqlTools.ServiceLayer.Test.Common/TestConnectionProfileService.cs:line 75
   at Microsoft.SqlTools.ServiceLayer.Test.Common.TestServiceProvider.InitLiveConnectionInfo(TestServerType serverType, String databaseName, String scriptFilePath) in /Users/aasimkhan/src/sqltoolsservice/test/Microsoft.SqlTools.ServiceLayer.Test.Common/TestServiceProvider.cs:line 142
   at System.Runtime.CompilerServices.AsyncMethodBuilderCore.Start[TStateMachine](TStateMachine&amp; stateMachine)
   at Microsoft.SqlTools.ServiceLayer.Test.Common.TestServiceProvider.InitLiveConnectionInfo(TestServerType serverType, String databaseName, String scriptFilePath)
   at Microsoft.SqlTools.ServiceLayer.Test.Common.TestServiceProvider.RunQueryAsync(TestServerType serverType, String databaseName, String queryText, Boolean throwOnError) in /Users/aasimkhan/src/sqltoolsservice/test/Microsoft.SqlTools.ServiceLayer.Test.Common/TestServiceProvider.cs:line 110
   at System.Runtime.CompilerServices.AsyncMethodBuilderCore.Start[TStateMachine](TStateMachine&amp; stateMachine)
   at Microsoft.SqlTools.ServiceLayer.Test.Common.TestServiceProvider.RunQueryAsync(TestServerType serverType, String databaseName, String queryText, Boolean throwOnError)
   at Microsoft.SqlTools.ServiceLayer.Test.Common.SqlTestDb.CreateNewAsync(TestServerType serverType, Boolean doNotCleanupDb, String databaseName, String query, String dbNamePrefix) in /Users/aasimkhan/src/sqltoolsservice/test/Microsoft.SqlTools.ServiceLayer.Test.Common/SqlTestDb.cs:line 101
   at System.Runtime.CompilerServices.AsyncMethodBuilderCore.Start[TStateMachine](TStateMachine&amp; stateMachine)
   at Microsoft.SqlTools.ServiceLayer.Test.Common.SqlTestDb.CreateNewAsync(TestServerType serverType, Boolean doNotCleanupDb, String databaseName, String query, String dbNamePrefix)
   at Microsoft.SqlTools.ServiceLayer.IntegrationTests.ObjectExplorer.SimpleObjectExplorerTests.RunTest(String databaseName, String query, String testDbPrefix, Func`3 test) in /Users/aasimkhan/src/sqltoolsservice/test/Microsoft.SqlTools.ServiceLayer.IntegrationTests/ObjectExplorer/SimpleObjectExplorerTests.cs:line 237
   at System.Runtime.CompilerServices.AsyncMethodBuilderCore.Start[TStateMachine](TStateMachine&amp; stateMachine)
   at Microsoft.SqlTools.ServiceLayer.IntegrationTests.ObjectExplorer.SimpleObjectExplorerTests.RunTest(String databaseName, String query, String testDbPrefix, Func`3 test)
   at Microsoft.SqlTools.ServiceLayer.IntegrationTests.ObjectExplorer.SimpleObjectExplorerTests.ObjectWithSameNameAndDifferentSchemaShouldNotDuplicateChildObjects() in /Users/aasimkhan/src/sqltoolsservice/test/Microsoft.SqlTools.ServiceLayer.IntegrationTests/ObjectExplorer/SimpleObjectExplorerTests.cs:line 210
   at System.Runtime.CompilerServices.AsyncMethodBuilderCore.Start[TStateMachine](TStateMachine&amp; stateMachine)
   at Microsoft.SqlTools.ServiceLayer.IntegrationTests.ObjectExplorer.SimpleObjectExplorerTests.ObjectWithSameNameAndDifferentSchemaShouldNotDuplicateChildObjects()

2)    at Microsoft.SqlTools.ServiceLayer.IntegrationTests.ObjectExplorer.SimpleObjectExplorerTests.RunTest(String databaseName, String query, String testDbPrefix, Func`3 test) in /Users/aasimkhan/src/sqltoolsservice/test/Microsoft.SqlTools.ServiceLayer.IntegrationTests/ObjectExplorer/SimpleObjectExplorerTests.cs:line 250
   at Microsoft.SqlTools.ServiceLayer.IntegrationTests.ObjectExplorer.SimpleObjectExplorerTests.RunTest(String databaseName, String query, String testDbPrefix, Func`3 test) in /Users/aasimkhan/src/sqltoolsservice/test/Microsoft.SqlTools.ServiceLayer.IntegrationTests/ObjectExplorer/SimpleObjectExplorerTests.cs:line 258
   at Microsoft.SqlTools.ServiceLayer.IntegrationTests.ObjectExplorer.SimpleObjectExplorerTests.ObjectWithSameNameAndDifferentSchemaShouldNotDuplicateChildObjects() in /Users/aasimkhan/src/sqltoolsservice/test/Microsoft.SqlTools.ServiceLayer.IntegrationTests/ObjectExplorer/SimpleObjectExplorerTests.cs:line 210
   at NUnit.Framework.Internal.TaskAwaitAdapter.GenericAdapter`1.GetResult()
   at NUnit.Framework.Internal.AsyncToSyncAdapter.Await(Func`1 invoke)
   at NUnit.Framework.Internal.Commands.TestMethodCommand.RunTestMethod(TestExecutionContext context)
   at NUnit.Framework.Internal.Commands.TestMethodCommand.Execute(TestExecutionContext context)
   at NUnit.Framework.Internal.Execution.SimpleWorkItem.&lt;&gt;c__DisplayClass4_0.&lt;PerformWork&gt;b__0()
   at NUnit.Framework.Internal.ContextUtils.&lt;&gt;c__DisplayClass1_0`1.&lt;DoIsolated&gt;b__0(Object _)
   at System.Threading.ExecutionContext.RunInternal(ExecutionContext executionContext, ContextCallback callback, Object state)
--- End of stack trace from previous location ---
   at System.Threading.ExecutionContext.RunInternal(ExecutionContext executionContext, ContextCallback callback, Object state)
   at NUnit.Framework.Internal.ContextUtils.DoIsolated(ContextCallback callback, Object state)
   at NUnit.Framework.Internal.ContextUtils.DoIsolated[T](Func`1 func)
   at NUnit.Framework.Internal.Execution.SimpleWorkItem.PerformWork()</failure>
    </testcase>
    <testcase classname="Microsoft.SqlTools.ServiceLayer.IntegrationTests.ObjectExplorer.StatelessObjectExplorerServiceTests" name="ExpandingPathShouldReturnCorrectNodes(&quot;&quot;,&quot;dbo&quot;)" time="0.0014050">
      <failure type="failure" message="System.Exception : Failed to run OE test. error:  Cannot find any instance for version key: sqlOnPrem&#xA;  Expected: True&#xA;  But was:  False&#xA;&#xA;    at NUnit.Framework.Assert.ReportFailure(String message)&#xA;   at NUnit.Framework.Assert.ReportFailure(ConstraintResult result, String message, Object[] args)&#xA;   at NUnit.Framework.Assert.That[TActual](TActual actual, IResolveConstraint expression, String message, Object[] args)&#xA;   at NUnit.Framework.Assert.True(Boolean condition, String message, Object[] args)&#xA;   at Microsoft.SqlTools.ServiceLayer.Test.Common.TestConnectionProfileService.GetInstance(String key) in /Users/aasimkhan/src/sqltoolsservice/test/Microsoft.SqlTools.ServiceLayer.Test.Common/TestConnectionProfileService.cs:line 59&#xA;   at Microsoft.SqlTools.ServiceLayer.Test.Common.TestConnectionProfileService.GetConnectionParameters(String key, String databaseName) in /Users/aasimkhan/src/sqltoolsservice/test/Microsoft.SqlTools.ServiceLayer.Test.Common/TestConnectionProfileService.cs:line 65&#xA;   at Microsoft.SqlTools.ServiceLayer.Test.Common.TestConnectionProfileService.GetConnectionParameters(TestServerType serverType, String databaseName) in /Users/aasimkhan/src/sqltoolsservice/test/Microsoft.SqlTools.ServiceLayer.Test.Common/TestConnectionProfileService.cs:line 75&#xA;   at Microsoft.SqlTools.ServiceLayer.Test.Common.TestServiceProvider.InitLiveConnectionInfo(TestServerType serverType, String databaseName, String scriptFilePath) in /Users/aasimkhan/src/sqltoolsservice/test/Microsoft.SqlTools.ServiceLayer.Test.Common/TestServiceProvider.cs:line 142&#xA;   at Microsoft.SqlTools.ServiceLayer.Test.Common.TestServiceProvider.RunQueryAsync(TestServerType serverType, String databaseName, String queryText, Boolean throwOnError) in /Users/aasimkhan/src/sqltoolsservice/test/Microsoft.SqlTools.ServiceLayer.Test.Common/TestServiceProvider.cs:line 110&#xA;   at Microsoft.SqlTools.ServiceLayer.Test.Common.SqlTestDb.CreateNewAsync(TestServerType serverType, Boolean doNotCleanupDb, String databaseName, String query, String dbNamePrefix) in /Users/aasimkhan/src/sqltoolsservice/test/Microsoft.SqlTools.ServiceLayer.Test.Common/SqlTestDb.cs:line 101&#xA;   at Microsoft.SqlTools.ServiceLayer.IntegrationTests.ObjectExplorer.StatelessObjectExplorerServiceTests.RunTest(String databaseName, String query, String testDbPrefix, Func`3 test) in /Users/aasimkhan/src/sqltoolsservice/test/Microsoft.SqlTools.ServiceLayer.IntegrationTests/ObjectExplorer/StatelessObjectExplorerServiceTests.cs:line 95&#xA;&#xA;  1)   Cannot find any instance for version key: sqlOnPrem&#xA;  Expected: True&#xA;  But was:  False&#xA;&#xA;">at Microsoft.SqlTools.ServiceLayer.IntegrationTests.ObjectExplorer.StatelessObjectExplorerServiceTests.RunTest(String databaseName, String query, String testDbPrefix, Func`3 test) in /Users/aasimkhan/src/sqltoolsservice/test/Microsoft.SqlTools.ServiceLayer.IntegrationTests/ObjectExplorer/StatelessObjectExplorerServiceTests.cs:line 109
   at Microsoft.SqlTools.ServiceLayer.IntegrationTests.ObjectExplorer.StatelessObjectExplorerServiceTests.RunTest(String databaseName, String query, String testDbPrefix, Func`3 test) in /Users/aasimkhan/src/sqltoolsservice/test/Microsoft.SqlTools.ServiceLayer.IntegrationTests/ObjectExplorer/StatelessObjectExplorerServiceTests.cs:line 117
   at Microsoft.SqlTools.ServiceLayer.IntegrationTests.ObjectExplorer.StatelessObjectExplorerServiceTests.ExpandingPathShouldReturnCorrectNodes(String oePath, String childLabel) in /Users/aasimkhan/src/sqltoolsservice/test/Microsoft.SqlTools.ServiceLayer.IntegrationTests/ObjectExplorer/StatelessObjectExplorerServiceTests.cs:line 49
   at NUnit.Framework.Internal.TaskAwaitAdapter.GenericAdapter`1.GetResult()
   at NUnit.Framework.Internal.AsyncToSyncAdapter.Await(Func`1 invoke)
   at NUnit.Framework.Internal.Commands.TestMethodCommand.RunTestMethod(TestExecutionContext context)
   at NUnit.Framework.Internal.Commands.TestMethodCommand.Execute(TestExecutionContext context)
   at NUnit.Framework.Internal.Execution.SimpleWorkItem.&lt;&gt;c__DisplayClass4_0.&lt;PerformWork&gt;b__0()
   at NUnit.Framework.Internal.ContextUtils.&lt;&gt;c__DisplayClass1_0`1.&lt;DoIsolated&gt;b__0(Object _)
   at System.Threading.ExecutionContext.RunInternal(ExecutionContext executionContext, ContextCallback callback, Object state)
--- End of stack trace from previous location ---
   at System.Threading.ExecutionContext.RunInternal(ExecutionContext executionContext, ContextCallback callback, Object state)
   at NUnit.Framework.Internal.ContextUtils.DoIsolated(ContextCallback callback, Object state)
   at NUnit.Framework.Internal.ContextUtils.DoIsolated[T](Func`1 func)
   at NUnit.Framework.Internal.Execution.SimpleWorkItem.PerformWork()
1)    at Microsoft.SqlTools.ServiceLayer.Test.Common.TestConnectionProfileService.GetInstance(String key) in /Users/aasimkhan/src/sqltoolsservice/test/Microsoft.SqlTools.ServiceLayer.Test.Common/TestConnectionProfileService.cs:line 59
   at Microsoft.SqlTools.ServiceLayer.Test.Common.TestConnectionProfileService.GetConnectionParameters(String key, String databaseName) in /Users/aasimkhan/src/sqltoolsservice/test/Microsoft.SqlTools.ServiceLayer.Test.Common/TestConnectionProfileService.cs:line 65
   at Microsoft.SqlTools.ServiceLayer.Test.Common.TestConnectionProfileService.GetConnectionParameters(TestServerType serverType, String databaseName) in /Users/aasimkhan/src/sqltoolsservice/test/Microsoft.SqlTools.ServiceLayer.Test.Common/TestConnectionProfileService.cs:line 75
   at Microsoft.SqlTools.ServiceLayer.Test.Common.TestServiceProvider.InitLiveConnectionInfo(TestServerType serverType, String databaseName, String scriptFilePath) in /Users/aasimkhan/src/sqltoolsservice/test/Microsoft.SqlTools.ServiceLayer.Test.Common/TestServiceProvider.cs:line 142
   at System.Runtime.CompilerServices.AsyncMethodBuilderCore.Start[TStateMachine](TStateMachine&amp; stateMachine)
   at Microsoft.SqlTools.ServiceLayer.Test.Common.TestServiceProvider.InitLiveConnectionInfo(TestServerType serverType, String databaseName, String scriptFilePath)
   at Microsoft.SqlTools.ServiceLayer.Test.Common.TestServiceProvider.RunQueryAsync(TestServerType serverType, String databaseName, String queryText, Boolean throwOnError) in /Users/aasimkhan/src/sqltoolsservice/test/Microsoft.SqlTools.ServiceLayer.Test.Common/TestServiceProvider.cs:line 110
   at System.Runtime.CompilerServices.AsyncMethodBuilderCore.Start[TStateMachine](TStateMachine&amp; stateMachine)
   at Microsoft.SqlTools.ServiceLayer.Test.Common.TestServiceProvider.RunQueryAsync(TestServerType serverType, String databaseName, String queryText, Boolean throwOnError)
   at Microsoft.SqlTools.ServiceLayer.Test.Common.SqlTestDb.CreateNewAsync(TestServerType serverType, Boolean doNotCleanupDb, String databaseName, String query, String dbNamePrefix) in /Users/aasimkhan/src/sqltoolsservice/test/Microsoft.SqlTools.ServiceLayer.Test.Common/SqlTestDb.cs:line 101
   at System.Runtime.CompilerServices.AsyncMethodBuilderCore.Start[TStateMachine](TStateMachine&amp; stateMachine)
   at Microsoft.SqlTools.ServiceLayer.Test.Common.SqlTestDb.CreateNewAsync(TestServerType serverType, Boolean doNotCleanupDb, String databaseName, String query, String dbNamePrefix)
   at Microsoft.SqlTools.ServiceLayer.IntegrationTests.ObjectExplorer.StatelessObjectExplorerServiceTests.RunTest(String databaseName, String query, String testDbPrefix, Func`3 test) in /Users/aasimkhan/src/sqltoolsservice/test/Microsoft.SqlTools.ServiceLayer.IntegrationTests/ObjectExplorer/StatelessObjectExplorerServiceTests.cs:line 95
   at System.Runtime.CompilerServices.AsyncMethodBuilderCore.Start[TStateMachine](TStateMachine&amp; stateMachine)
   at Microsoft.SqlTools.ServiceLayer.IntegrationTests.ObjectExplorer.StatelessObjectExplorerServiceTests.RunTest(String databaseName, String query, String testDbPrefix, Func`3 test)
   at Microsoft.SqlTools.ServiceLayer.IntegrationTests.ObjectExplorer.StatelessObjectExplorerServiceTests.ExpandingPathShouldReturnCorrectNodes(String oePath, String childLabel) in /Users/aasimkhan/src/sqltoolsservice/test/Microsoft.SqlTools.ServiceLayer.IntegrationTests/ObjectExplorer/StatelessObjectExplorerServiceTests.cs:line 49
   at System.Runtime.CompilerServices.AsyncMethodBuilderCore.Start[TStateMachine](TStateMachine&amp; stateMachine)
   at Microsoft.SqlTools.ServiceLayer.IntegrationTests.ObjectExplorer.StatelessObjectExplorerServiceTests.ExpandingPathShouldReturnCorrectNodes(String oePath, String childLabel)

2)    at Microsoft.SqlTools.ServiceLayer.IntegrationTests.ObjectExplorer.StatelessObjectExplorerServiceTests.RunTest(String databaseName, String query, String testDbPrefix, Func`3 test) in /Users/aasimkhan/src/sqltoolsservice/test/Microsoft.SqlTools.ServiceLayer.IntegrationTests/ObjectExplorer/StatelessObjectExplorerServiceTests.cs:line 109
   at Microsoft.SqlTools.ServiceLayer.IntegrationTests.ObjectExplorer.StatelessObjectExplorerServiceTests.RunTest(String databaseName, String query, String testDbPrefix, Func`3 test) in /Users/aasimkhan/src/sqltoolsservice/test/Microsoft.SqlTools.ServiceLayer.IntegrationTests/ObjectExplorer/StatelessObjectExplorerServiceTests.cs:line 117
   at Microsoft.SqlTools.ServiceLayer.IntegrationTests.ObjectExplorer.StatelessObjectExplorerServiceTests.ExpandingPathShouldReturnCorrectNodes(String oePath, String childLabel) in /Users/aasimkhan/src/sqltoolsservice/test/Microsoft.SqlTools.ServiceLayer.IntegrationTests/ObjectExplorer/StatelessObjectExplorerServiceTests.cs:line 49
   at NUnit.Framework.Internal.TaskAwaitAdapter.GenericAdapter`1.GetResult()
   at NUnit.Framework.Internal.AsyncToSyncAdapter.Await(Func`1 invoke)
   at NUnit.Framework.Internal.Commands.TestMethodCommand.RunTestMethod(TestExecutionContext context)
   at NUnit.Framework.Internal.Commands.TestMethodCommand.Execute(TestExecutionContext context)
   at NUnit.Framework.Internal.Execution.SimpleWorkItem.&lt;&gt;c__DisplayClass4_0.&lt;PerformWork&gt;b__0()
   at NUnit.Framework.Internal.ContextUtils.&lt;&gt;c__DisplayClass1_0`1.&lt;DoIsolated&gt;b__0(Object _)
   at System.Threading.ExecutionContext.RunInternal(ExecutionContext executionContext, ContextCallback callback, Object state)
--- End of stack trace from previous location ---
   at System.Threading.ExecutionContext.RunInternal(ExecutionContext executionContext, ContextCallback callback, Object state)
   at NUnit.Framework.Internal.ContextUtils.DoIsolated(ContextCallback callback, Object state)
   at NUnit.Framework.Internal.ContextUtils.DoIsolated[T](Func`1 func)
   at NUnit.Framework.Internal.Execution.SimpleWorkItem.PerformWork()</failure>
    </testcase>
    <testcase classname="Microsoft.SqlTools.ServiceLayer.IntegrationTests.ObjectExplorer.StatelessObjectExplorerServiceTests" name="ExpandingPathShouldReturnCorrectNodes(&quot;testserver/{0}/dbo&quot;,&quot;Tables&quot;)" time="0.0012020">
      <failure type="failure" message="System.Exception : Failed to run OE test. error:  Cannot find any instance for version key: sqlOnPrem&#xA;  Expected: True&#xA;  But was:  False&#xA;&#xA;    at NUnit.Framework.Assert.ReportFailure(String message)&#xA;   at NUnit.Framework.Assert.ReportFailure(ConstraintResult result, String message, Object[] args)&#xA;   at NUnit.Framework.Assert.That[TActual](TActual actual, IResolveConstraint expression, String message, Object[] args)&#xA;   at NUnit.Framework.Assert.True(Boolean condition, String message, Object[] args)&#xA;   at Microsoft.SqlTools.ServiceLayer.Test.Common.TestConnectionProfileService.GetInstance(String key) in /Users/aasimkhan/src/sqltoolsservice/test/Microsoft.SqlTools.ServiceLayer.Test.Common/TestConnectionProfileService.cs:line 59&#xA;   at Microsoft.SqlTools.ServiceLayer.Test.Common.TestConnectionProfileService.GetConnectionParameters(String key, String databaseName) in /Users/aasimkhan/src/sqltoolsservice/test/Microsoft.SqlTools.ServiceLayer.Test.Common/TestConnectionProfileService.cs:line 65&#xA;   at Microsoft.SqlTools.ServiceLayer.Test.Common.TestConnectionProfileService.GetConnectionParameters(TestServerType serverType, String databaseName) in /Users/aasimkhan/src/sqltoolsservice/test/Microsoft.SqlTools.ServiceLayer.Test.Common/TestConnectionProfileService.cs:line 75&#xA;   at Microsoft.SqlTools.ServiceLayer.Test.Common.TestServiceProvider.InitLiveConnectionInfo(TestServerType serverType, String databaseName, String scriptFilePath) in /Users/aasimkhan/src/sqltoolsservice/test/Microsoft.SqlTools.ServiceLayer.Test.Common/TestServiceProvider.cs:line 142&#xA;   at Microsoft.SqlTools.ServiceLayer.Test.Common.TestServiceProvider.RunQueryAsync(TestServerType serverType, String databaseName, String queryText, Boolean throwOnError) in /Users/aasimkhan/src/sqltoolsservice/test/Microsoft.SqlTools.ServiceLayer.Test.Common/TestServiceProvider.cs:line 110&#xA;   at Microsoft.SqlTools.ServiceLayer.Test.Common.SqlTestDb.CreateNewAsync(TestServerType serverType, Boolean doNotCleanupDb, String databaseName, String query, String dbNamePrefix) in /Users/aasimkhan/src/sqltoolsservice/test/Microsoft.SqlTools.ServiceLayer.Test.Common/SqlTestDb.cs:line 101&#xA;   at Microsoft.SqlTools.ServiceLayer.IntegrationTests.ObjectExplorer.StatelessObjectExplorerServiceTests.RunTest(String databaseName, String query, String testDbPrefix, Func`3 test) in /Users/aasimkhan/src/sqltoolsservice/test/Microsoft.SqlTools.ServiceLayer.IntegrationTests/ObjectExplorer/StatelessObjectExplorerServiceTests.cs:line 95&#xA;&#xA;  1)   Cannot find any instance for version key: sqlOnPrem&#xA;  Expected: True&#xA;  But was:  False&#xA;&#xA;">at Microsoft.SqlTools.ServiceLayer.IntegrationTests.ObjectExplorer.StatelessObjectExplorerServiceTests.RunTest(String databaseName, String query, String testDbPrefix, Func`3 test) in /Users/aasimkhan/src/sqltoolsservice/test/Microsoft.SqlTools.ServiceLayer.IntegrationTests/ObjectExplorer/StatelessObjectExplorerServiceTests.cs:line 109
   at Microsoft.SqlTools.ServiceLayer.IntegrationTests.ObjectExplorer.StatelessObjectExplorerServiceTests.RunTest(String databaseName, String query, String testDbPrefix, Func`3 test) in /Users/aasimkhan/src/sqltoolsservice/test/Microsoft.SqlTools.ServiceLayer.IntegrationTests/ObjectExplorer/StatelessObjectExplorerServiceTests.cs:line 117
   at Microsoft.SqlTools.ServiceLayer.IntegrationTests.ObjectExplorer.StatelessObjectExplorerServiceTests.ExpandingPathShouldReturnCorrectNodes(String oePath, String childLabel) in /Users/aasimkhan/src/sqltoolsservice/test/Microsoft.SqlTools.ServiceLayer.IntegrationTests/ObjectExplorer/StatelessObjectExplorerServiceTests.cs:line 49
   at NUnit.Framework.Internal.TaskAwaitAdapter.GenericAdapter`1.GetResult()
   at NUnit.Framework.Internal.AsyncToSyncAdapter.Await(Func`1 invoke)
   at NUnit.Framework.Internal.Commands.TestMethodCommand.RunTestMethod(TestExecutionContext context)
   at NUnit.Framework.Internal.Commands.TestMethodCommand.Execute(TestExecutionContext context)
   at NUnit.Framework.Internal.Execution.SimpleWorkItem.&lt;&gt;c__DisplayClass4_0.&lt;PerformWork&gt;b__0()
   at NUnit.Framework.Internal.ContextUtils.&lt;&gt;c__DisplayClass1_0`1.&lt;DoIsolated&gt;b__0(Object _)
   at System.Threading.ExecutionContext.RunInternal(ExecutionContext executionContext, ContextCallback callback, Object state)
--- End of stack trace from previous location ---
   at System.Threading.ExecutionContext.RunInternal(ExecutionContext executionContext, ContextCallback callback, Object state)
   at NUnit.Framework.Internal.ContextUtils.DoIsolated(ContextCallback callback, Object state)
   at NUnit.Framework.Internal.ContextUtils.DoIsolated[T](Func`1 func)
   at NUnit.Framework.Internal.Execution.SimpleWorkItem.PerformWork()
1)    at Microsoft.SqlTools.ServiceLayer.Test.Common.TestConnectionProfileService.GetInstance(String key) in /Users/aasimkhan/src/sqltoolsservice/test/Microsoft.SqlTools.ServiceLayer.Test.Common/TestConnectionProfileService.cs:line 59
   at Microsoft.SqlTools.ServiceLayer.Test.Common.TestConnectionProfileService.GetConnectionParameters(String key, String databaseName) in /Users/aasimkhan/src/sqltoolsservice/test/Microsoft.SqlTools.ServiceLayer.Test.Common/TestConnectionProfileService.cs:line 65
   at Microsoft.SqlTools.ServiceLayer.Test.Common.TestConnectionProfileService.GetConnectionParameters(TestServerType serverType, String databaseName) in /Users/aasimkhan/src/sqltoolsservice/test/Microsoft.SqlTools.ServiceLayer.Test.Common/TestConnectionProfileService.cs:line 75
   at Microsoft.SqlTools.ServiceLayer.Test.Common.TestServiceProvider.InitLiveConnectionInfo(TestServerType serverType, String databaseName, String scriptFilePath) in /Users/aasimkhan/src/sqltoolsservice/test/Microsoft.SqlTools.ServiceLayer.Test.Common/TestServiceProvider.cs:line 142
   at System.Runtime.CompilerServices.AsyncMethodBuilderCore.Start[TStateMachine](TStateMachine&amp; stateMachine)
   at Microsoft.SqlTools.ServiceLayer.Test.Common.TestServiceProvider.InitLiveConnectionInfo(TestServerType serverType, String databaseName, String scriptFilePath)
   at Microsoft.SqlTools.ServiceLayer.Test.Common.TestServiceProvider.RunQueryAsync(TestServerType serverType, String databaseName, String queryText, Boolean throwOnError) in /Users/aasimkhan/src/sqltoolsservice/test/Microsoft.SqlTools.ServiceLayer.Test.Common/TestServiceProvider.cs:line 110
   at System.Runtime.CompilerServices.AsyncMethodBuilderCore.Start[TStateMachine](TStateMachine&amp; stateMachine)
   at Microsoft.SqlTools.ServiceLayer.Test.Common.TestServiceProvider.RunQueryAsync(TestServerType serverType, String databaseName, String queryText, Boolean throwOnError)
   at Microsoft.SqlTools.ServiceLayer.Test.Common.SqlTestDb.CreateNewAsync(TestServerType serverType, Boolean doNotCleanupDb, String databaseName, String query, String dbNamePrefix) in /Users/aasimkhan/src/sqltoolsservice/test/Microsoft.SqlTools.ServiceLayer.Test.Common/SqlTestDb.cs:line 101
   at System.Runtime.CompilerServices.AsyncMethodBuilderCore.Start[TStateMachine](TStateMachine&amp; stateMachine)
   at Microsoft.SqlTools.ServiceLayer.Test.Common.SqlTestDb.CreateNewAsync(TestServerType serverType, Boolean doNotCleanupDb, String databaseName, String query, String dbNamePrefix)
   at Microsoft.SqlTools.ServiceLayer.IntegrationTests.ObjectExplorer.StatelessObjectExplorerServiceTests.RunTest(String databaseName, String query, String testDbPrefix, Func`3 test) in /Users/aasimkhan/src/sqltoolsservice/test/Microsoft.SqlTools.ServiceLayer.IntegrationTests/ObjectExplorer/StatelessObjectExplorerServiceTests.cs:line 95
   at System.Runtime.CompilerServices.AsyncMethodBuilderCore.Start[TStateMachine](TStateMachine&amp; stateMachine)
   at Microsoft.SqlTools.ServiceLayer.IntegrationTests.ObjectExplorer.StatelessObjectExplorerServiceTests.RunTest(String databaseName, String query, String testDbPrefix, Func`3 test)
   at Microsoft.SqlTools.ServiceLayer.IntegrationTests.ObjectExplorer.StatelessObjectExplorerServiceTests.ExpandingPathShouldReturnCorrectNodes(String oePath, String childLabel) in /Users/aasimkhan/src/sqltoolsservice/test/Microsoft.SqlTools.ServiceLayer.IntegrationTests/ObjectExplorer/StatelessObjectExplorerServiceTests.cs:line 49
   at System.Runtime.CompilerServices.AsyncMethodBuilderCore.Start[TStateMachine](TStateMachine&amp; stateMachine)
   at Microsoft.SqlTools.ServiceLayer.IntegrationTests.ObjectExplorer.StatelessObjectExplorerServiceTests.ExpandingPathShouldReturnCorrectNodes(String oePath, String childLabel)
   at InvokeStub_StatelessObjectExplorerServiceTests.ExpandingPathShouldReturnCorrectNodes(Object, Span`1)

2)    at Microsoft.SqlTools.ServiceLayer.IntegrationTests.ObjectExplorer.StatelessObjectExplorerServiceTests.RunTest(String databaseName, String query, String testDbPrefix, Func`3 test) in /Users/aasimkhan/src/sqltoolsservice/test/Microsoft.SqlTools.ServiceLayer.IntegrationTests/ObjectExplorer/StatelessObjectExplorerServiceTests.cs:line 109
   at Microsoft.SqlTools.ServiceLayer.IntegrationTests.ObjectExplorer.StatelessObjectExplorerServiceTests.RunTest(String databaseName, String query, String testDbPrefix, Func`3 test) in /Users/aasimkhan/src/sqltoolsservice/test/Microsoft.SqlTools.ServiceLayer.IntegrationTests/ObjectExplorer/StatelessObjectExplorerServiceTests.cs:line 117
   at Microsoft.SqlTools.ServiceLayer.IntegrationTests.ObjectExplorer.StatelessObjectExplorerServiceTests.ExpandingPathShouldReturnCorrectNodes(String oePath, String childLabel) in /Users/aasimkhan/src/sqltoolsservice/test/Microsoft.SqlTools.ServiceLayer.IntegrationTests/ObjectExplorer/StatelessObjectExplorerServiceTests.cs:line 49
   at NUnit.Framework.Internal.TaskAwaitAdapter.GenericAdapter`1.GetResult()
   at NUnit.Framework.Internal.AsyncToSyncAdapter.Await(Func`1 invoke)
   at NUnit.Framework.Internal.Commands.TestMethodCommand.RunTestMethod(TestExecutionContext context)
   at NUnit.Framework.Internal.Commands.TestMethodCommand.Execute(TestExecutionContext context)
   at NUnit.Framework.Internal.Execution.SimpleWorkItem.&lt;&gt;c__DisplayClass4_0.&lt;PerformWork&gt;b__0()
   at NUnit.Framework.Internal.ContextUtils.&lt;&gt;c__DisplayClass1_0`1.&lt;DoIsolated&gt;b__0(Object _)
   at System.Threading.ExecutionContext.RunInternal(ExecutionContext executionContext, ContextCallback callback, Object state)
--- End of stack trace from previous location ---
   at System.Threading.ExecutionContext.RunInternal(ExecutionContext executionContext, ContextCallback callback, Object state)
   at NUnit.Framework.Internal.ContextUtils.DoIsolated(ContextCallback callback, Object state)
   at NUnit.Framework.Internal.ContextUtils.DoIsolated[T](Func`1 func)
   at NUnit.Framework.Internal.Execution.SimpleWorkItem.PerformWork()</failure>
    </testcase>
    <testcase classname="Microsoft.SqlTools.ServiceLayer.IntegrationTests.ObjectExplorer.StatelessObjectExplorerServiceTests" name="ExpandingPathShouldReturnCorrectNodes(&quot;testserver/{0}/dbo/Tables&quot;,&quot;dbo.t1&quot;)" time="0.0008310">
      <failure type="failure" message="System.Exception : Failed to run OE test. error:  Cannot find any instance for version key: sqlOnPrem&#xA;  Expected: True&#xA;  But was:  False&#xA;&#xA;    at NUnit.Framework.Assert.ReportFailure(String message)&#xA;   at NUnit.Framework.Assert.ReportFailure(ConstraintResult result, String message, Object[] args)&#xA;   at NUnit.Framework.Assert.That[TActual](TActual actual, IResolveConstraint expression, String message, Object[] args)&#xA;   at NUnit.Framework.Assert.True(Boolean condition, String message, Object[] args)&#xA;   at Microsoft.SqlTools.ServiceLayer.Test.Common.TestConnectionProfileService.GetInstance(String key) in /Users/aasimkhan/src/sqltoolsservice/test/Microsoft.SqlTools.ServiceLayer.Test.Common/TestConnectionProfileService.cs:line 59&#xA;   at Microsoft.SqlTools.ServiceLayer.Test.Common.TestConnectionProfileService.GetConnectionParameters(String key, String databaseName) in /Users/aasimkhan/src/sqltoolsservice/test/Microsoft.SqlTools.ServiceLayer.Test.Common/TestConnectionProfileService.cs:line 65&#xA;   at Microsoft.SqlTools.ServiceLayer.Test.Common.TestConnectionProfileService.GetConnectionParameters(TestServerType serverType, String databaseName) in /Users/aasimkhan/src/sqltoolsservice/test/Microsoft.SqlTools.ServiceLayer.Test.Common/TestConnectionProfileService.cs:line 75&#xA;   at Microsoft.SqlTools.ServiceLayer.Test.Common.TestServiceProvider.InitLiveConnectionInfo(TestServerType serverType, String databaseName, String scriptFilePath) in /Users/aasimkhan/src/sqltoolsservice/test/Microsoft.SqlTools.ServiceLayer.Test.Common/TestServiceProvider.cs:line 142&#xA;   at Microsoft.SqlTools.ServiceLayer.Test.Common.TestServiceProvider.RunQueryAsync(TestServerType serverType, String databaseName, String queryText, Boolean throwOnError) in /Users/aasimkhan/src/sqltoolsservice/test/Microsoft.SqlTools.ServiceLayer.Test.Common/TestServiceProvider.cs:line 110&#xA;   at Microsoft.SqlTools.ServiceLayer.Test.Common.SqlTestDb.CreateNewAsync(TestServerType serverType, Boolean doNotCleanupDb, String databaseName, String query, String dbNamePrefix) in /Users/aasimkhan/src/sqltoolsservice/test/Microsoft.SqlTools.ServiceLayer.Test.Common/SqlTestDb.cs:line 101&#xA;   at Microsoft.SqlTools.ServiceLayer.IntegrationTests.ObjectExplorer.StatelessObjectExplorerServiceTests.RunTest(String databaseName, String query, String testDbPrefix, Func`3 test) in /Users/aasimkhan/src/sqltoolsservice/test/Microsoft.SqlTools.ServiceLayer.IntegrationTests/ObjectExplorer/StatelessObjectExplorerServiceTests.cs:line 95&#xA;&#xA;  1)   Cannot find any instance for version key: sqlOnPrem&#xA;  Expected: True&#xA;  But was:  False&#xA;&#xA;">at Microsoft.SqlTools.ServiceLayer.IntegrationTests.ObjectExplorer.StatelessObjectExplorerServiceTests.RunTest(String databaseName, String query, String testDbPrefix, Func`3 test) in /Users/aasimkhan/src/sqltoolsservice/test/Microsoft.SqlTools.ServiceLayer.IntegrationTests/ObjectExplorer/StatelessObjectExplorerServiceTests.cs:line 109
   at Microsoft.SqlTools.ServiceLayer.IntegrationTests.ObjectExplorer.StatelessObjectExplorerServiceTests.RunTest(String databaseName, String query, String testDbPrefix, Func`3 test) in /Users/aasimkhan/src/sqltoolsservice/test/Microsoft.SqlTools.ServiceLayer.IntegrationTests/ObjectExplorer/StatelessObjectExplorerServiceTests.cs:line 117
   at Microsoft.SqlTools.ServiceLayer.IntegrationTests.ObjectExplorer.StatelessObjectExplorerServiceTests.ExpandingPathShouldReturnCorrectNodes(String oePath, String childLabel) in /Users/aasimkhan/src/sqltoolsservice/test/Microsoft.SqlTools.ServiceLayer.IntegrationTests/ObjectExplorer/StatelessObjectExplorerServiceTests.cs:line 49
   at NUnit.Framework.Internal.TaskAwaitAdapter.GenericAdapter`1.GetResult()
   at NUnit.Framework.Internal.AsyncToSyncAdapter.Await(Func`1 invoke)
   at NUnit.Framework.Internal.Commands.TestMethodCommand.RunTestMethod(TestExecutionContext context)
   at NUnit.Framework.Internal.Commands.TestMethodCommand.Execute(TestExecutionContext context)
   at NUnit.Framework.Internal.Execution.SimpleWorkItem.&lt;&gt;c__DisplayClass4_0.&lt;PerformWork&gt;b__0()
   at NUnit.Framework.Internal.ContextUtils.&lt;&gt;c__DisplayClass1_0`1.&lt;DoIsolated&gt;b__0(Object _)
   at System.Threading.ExecutionContext.RunInternal(ExecutionContext executionContext, ContextCallback callback, Object state)
--- End of stack trace from previous location ---
   at System.Threading.ExecutionContext.RunInternal(ExecutionContext executionContext, ContextCallback callback, Object state)
   at NUnit.Framework.Internal.ContextUtils.DoIsolated(ContextCallback callback, Object state)
   at NUnit.Framework.Internal.ContextUtils.DoIsolated[T](Func`1 func)
   at NUnit.Framework.Internal.Execution.SimpleWorkItem.PerformWork()
1)    at Microsoft.SqlTools.ServiceLayer.Test.Common.TestConnectionProfileService.GetInstance(String key) in /Users/aasimkhan/src/sqltoolsservice/test/Microsoft.SqlTools.ServiceLayer.Test.Common/TestConnectionProfileService.cs:line 59
   at Microsoft.SqlTools.ServiceLayer.Test.Common.TestConnectionProfileService.GetConnectionParameters(String key, String databaseName) in /Users/aasimkhan/src/sqltoolsservice/test/Microsoft.SqlTools.ServiceLayer.Test.Common/TestConnectionProfileService.cs:line 65
   at Microsoft.SqlTools.ServiceLayer.Test.Common.TestConnectionProfileService.GetConnectionParameters(TestServerType serverType, String databaseName) in /Users/aasimkhan/src/sqltoolsservice/test/Microsoft.SqlTools.ServiceLayer.Test.Common/TestConnectionProfileService.cs:line 75
   at Microsoft.SqlTools.ServiceLayer.Test.Common.TestServiceProvider.InitLiveConnectionInfo(TestServerType serverType, String databaseName, String scriptFilePath) in /Users/aasimkhan/src/sqltoolsservice/test/Microsoft.SqlTools.ServiceLayer.Test.Common/TestServiceProvider.cs:line 142
   at System.Runtime.CompilerServices.AsyncMethodBuilderCore.Start[TStateMachine](TStateMachine&amp; stateMachine)
   at Microsoft.SqlTools.ServiceLayer.Test.Common.TestServiceProvider.InitLiveConnectionInfo(TestServerType serverType, String databaseName, String scriptFilePath)
   at Microsoft.SqlTools.ServiceLayer.Test.Common.TestServiceProvider.RunQueryAsync(TestServerType serverType, String databaseName, String queryText, Boolean throwOnError) in /Users/aasimkhan/src/sqltoolsservice/test/Microsoft.SqlTools.ServiceLayer.Test.Common/TestServiceProvider.cs:line 110
   at System.Runtime.CompilerServices.AsyncMethodBuilderCore.Start[TStateMachine](TStateMachine&amp; stateMachine)
   at Microsoft.SqlTools.ServiceLayer.Test.Common.TestServiceProvider.RunQueryAsync(TestServerType serverType, String databaseName, String queryText, Boolean throwOnError)
   at Microsoft.SqlTools.ServiceLayer.Test.Common.SqlTestDb.CreateNewAsync(TestServerType serverType, Boolean doNotCleanupDb, String databaseName, String query, String dbNamePrefix) in /Users/aasimkhan/src/sqltoolsservice/test/Microsoft.SqlTools.ServiceLayer.Test.Common/SqlTestDb.cs:line 101
   at System.Runtime.CompilerServices.AsyncMethodBuilderCore.Start[TStateMachine](TStateMachine&amp; stateMachine)
   at Microsoft.SqlTools.ServiceLayer.Test.Common.SqlTestDb.CreateNewAsync(TestServerType serverType, Boolean doNotCleanupDb, String databaseName, String query, String dbNamePrefix)
   at Microsoft.SqlTools.ServiceLayer.IntegrationTests.ObjectExplorer.StatelessObjectExplorerServiceTests.RunTest(String databaseName, String query, String testDbPrefix, Func`3 test) in /Users/aasimkhan/src/sqltoolsservice/test/Microsoft.SqlTools.ServiceLayer.IntegrationTests/ObjectExplorer/StatelessObjectExplorerServiceTests.cs:line 95
   at System.Runtime.CompilerServices.AsyncMethodBuilderCore.Start[TStateMachine](TStateMachine&amp; stateMachine)
   at Microsoft.SqlTools.ServiceLayer.IntegrationTests.ObjectExplorer.StatelessObjectExplorerServiceTests.RunTest(String databaseName, String query, String testDbPrefix, Func`3 test)
   at Microsoft.SqlTools.ServiceLayer.IntegrationTests.ObjectExplorer.StatelessObjectExplorerServiceTests.ExpandingPathShouldReturnCorrectNodes(String oePath, String childLabel) in /Users/aasimkhan/src/sqltoolsservice/test/Microsoft.SqlTools.ServiceLayer.IntegrationTests/ObjectExplorer/StatelessObjectExplorerServiceTests.cs:line 49
   at System.Runtime.CompilerServices.AsyncMethodBuilderCore.Start[TStateMachine](TStateMachine&amp; stateMachine)
   at Microsoft.SqlTools.ServiceLayer.IntegrationTests.ObjectExplorer.StatelessObjectExplorerServiceTests.ExpandingPathShouldReturnCorrectNodes(String oePath, String childLabel)
   at InvokeStub_StatelessObjectExplorerServiceTests.ExpandingPathShouldReturnCorrectNodes(Object, Span`1)

2)    at Microsoft.SqlTools.ServiceLayer.IntegrationTests.ObjectExplorer.StatelessObjectExplorerServiceTests.RunTest(String databaseName, String query, String testDbPrefix, Func`3 test) in /Users/aasimkhan/src/sqltoolsservice/test/Microsoft.SqlTools.ServiceLayer.IntegrationTests/ObjectExplorer/StatelessObjectExplorerServiceTests.cs:line 109
   at Microsoft.SqlTools.ServiceLayer.IntegrationTests.ObjectExplorer.StatelessObjectExplorerServiceTests.RunTest(String databaseName, String query, String testDbPrefix, Func`3 test) in /Users/aasimkhan/src/sqltoolsservice/test/Microsoft.SqlTools.ServiceLayer.IntegrationTests/ObjectExplorer/StatelessObjectExplorerServiceTests.cs:line 117
   at Microsoft.SqlTools.ServiceLayer.IntegrationTests.ObjectExplorer.StatelessObjectExplorerServiceTests.ExpandingPathShouldReturnCorrectNodes(String oePath, String childLabel) in /Users/aasimkhan/src/sqltoolsservice/test/Microsoft.SqlTools.ServiceLayer.IntegrationTests/ObjectExplorer/StatelessObjectExplorerServiceTests.cs:line 49
   at NUnit.Framework.Internal.TaskAwaitAdapter.GenericAdapter`1.GetResult()
   at NUnit.Framework.Internal.AsyncToSyncAdapter.Await(Func`1 invoke)
   at NUnit.Framework.Internal.Commands.TestMethodCommand.RunTestMethod(TestExecutionContext context)
   at NUnit.Framework.Internal.Commands.TestMethodCommand.Execute(TestExecutionContext context)
   at NUnit.Framework.Internal.Execution.SimpleWorkItem.&lt;&gt;c__DisplayClass4_0.&lt;PerformWork&gt;b__0()
   at NUnit.Framework.Internal.ContextUtils.&lt;&gt;c__DisplayClass1_0`1.&lt;DoIsolated&gt;b__0(Object _)
   at System.Threading.ExecutionContext.RunInternal(ExecutionContext executionContext, ContextCallback callback, Object state)
--- End of stack trace from previous location ---
   at System.Threading.ExecutionContext.RunInternal(ExecutionContext executionContext, ContextCallback callback, Object state)
   at NUnit.Framework.Internal.ContextUtils.DoIsolated(ContextCallback callback, Object state)
   at NUnit.Framework.Internal.ContextUtils.DoIsolated[T](Func`1 func)
   at NUnit.Framework.Internal.Execution.SimpleWorkItem.PerformWork()</failure>
    </testcase>
    <testcase classname="Microsoft.SqlTools.ServiceLayer.IntegrationTests.ObjectExplorer.StatelessObjectExplorerServiceTests" name="ExpandingPathShouldReturnCorrectNodes(&quot;testserver/{0}/dbo/Tables&quot;,&quot;dbo.t2&quot;)" time="0.0007670">
      <failure type="failure" message="System.Exception : Failed to run OE test. error:  Cannot find any instance for version key: sqlOnPrem&#xA;  Expected: True&#xA;  But was:  False&#xA;&#xA;    at NUnit.Framework.Assert.ReportFailure(String message)&#xA;   at NUnit.Framework.Assert.ReportFailure(ConstraintResult result, String message, Object[] args)&#xA;   at NUnit.Framework.Assert.That[TActual](TActual actual, IResolveConstraint expression, String message, Object[] args)&#xA;   at NUnit.Framework.Assert.True(Boolean condition, String message, Object[] args)&#xA;   at Microsoft.SqlTools.ServiceLayer.Test.Common.TestConnectionProfileService.GetInstance(String key) in /Users/aasimkhan/src/sqltoolsservice/test/Microsoft.SqlTools.ServiceLayer.Test.Common/TestConnectionProfileService.cs:line 59&#xA;   at Microsoft.SqlTools.ServiceLayer.Test.Common.TestConnectionProfileService.GetConnectionParameters(String key, String databaseName) in /Users/aasimkhan/src/sqltoolsservice/test/Microsoft.SqlTools.ServiceLayer.Test.Common/TestConnectionProfileService.cs:line 65&#xA;   at Microsoft.SqlTools.ServiceLayer.Test.Common.TestConnectionProfileService.GetConnectionParameters(TestServerType serverType, String databaseName) in /Users/aasimkhan/src/sqltoolsservice/test/Microsoft.SqlTools.ServiceLayer.Test.Common/TestConnectionProfileService.cs:line 75&#xA;   at Microsoft.SqlTools.ServiceLayer.Test.Common.TestServiceProvider.InitLiveConnectionInfo(TestServerType serverType, String databaseName, String scriptFilePath) in /Users/aasimkhan/src/sqltoolsservice/test/Microsoft.SqlTools.ServiceLayer.Test.Common/TestServiceProvider.cs:line 142&#xA;   at Microsoft.SqlTools.ServiceLayer.Test.Common.TestServiceProvider.RunQueryAsync(TestServerType serverType, String databaseName, String queryText, Boolean throwOnError) in /Users/aasimkhan/src/sqltoolsservice/test/Microsoft.SqlTools.ServiceLayer.Test.Common/TestServiceProvider.cs:line 110&#xA;   at Microsoft.SqlTools.ServiceLayer.Test.Common.SqlTestDb.CreateNewAsync(TestServerType serverType, Boolean doNotCleanupDb, String databaseName, String query, String dbNamePrefix) in /Users/aasimkhan/src/sqltoolsservice/test/Microsoft.SqlTools.ServiceLayer.Test.Common/SqlTestDb.cs:line 101&#xA;   at Microsoft.SqlTools.ServiceLayer.IntegrationTests.ObjectExplorer.StatelessObjectExplorerServiceTests.RunTest(String databaseName, String query, String testDbPrefix, Func`3 test) in /Users/aasimkhan/src/sqltoolsservice/test/Microsoft.SqlTools.ServiceLayer.IntegrationTests/ObjectExplorer/StatelessObjectExplorerServiceTests.cs:line 95&#xA;&#xA;  1)   Cannot find any instance for version key: sqlOnPrem&#xA;  Expected: True&#xA;  But was:  False&#xA;&#xA;">at Microsoft.SqlTools.ServiceLayer.IntegrationTests.ObjectExplorer.StatelessObjectExplorerServiceTests.RunTest(String databaseName, String query, String testDbPrefix, Func`3 test) in /Users/aasimkhan/src/sqltoolsservice/test/Microsoft.SqlTools.ServiceLayer.IntegrationTests/ObjectExplorer/StatelessObjectExplorerServiceTests.cs:line 109
   at Microsoft.SqlTools.ServiceLayer.IntegrationTests.ObjectExplorer.StatelessObjectExplorerServiceTests.RunTest(String databaseName, String query, String testDbPrefix, Func`3 test) in /Users/aasimkhan/src/sqltoolsservice/test/Microsoft.SqlTools.ServiceLayer.IntegrationTests/ObjectExplorer/StatelessObjectExplorerServiceTests.cs:line 117
   at Microsoft.SqlTools.ServiceLayer.IntegrationTests.ObjectExplorer.StatelessObjectExplorerServiceTests.ExpandingPathShouldReturnCorrectNodes(String oePath, String childLabel) in /Users/aasimkhan/src/sqltoolsservice/test/Microsoft.SqlTools.ServiceLayer.IntegrationTests/ObjectExplorer/StatelessObjectExplorerServiceTests.cs:line 49
   at NUnit.Framework.Internal.TaskAwaitAdapter.GenericAdapter`1.GetResult()
   at NUnit.Framework.Internal.AsyncToSyncAdapter.Await(Func`1 invoke)
   at NUnit.Framework.Internal.Commands.TestMethodCommand.RunTestMethod(TestExecutionContext context)
   at NUnit.Framework.Internal.Commands.TestMethodCommand.Execute(TestExecutionContext context)
   at NUnit.Framework.Internal.Execution.SimpleWorkItem.&lt;&gt;c__DisplayClass4_0.&lt;PerformWork&gt;b__0()
   at NUnit.Framework.Internal.ContextUtils.&lt;&gt;c__DisplayClass1_0`1.&lt;DoIsolated&gt;b__0(Object _)
   at System.Threading.ExecutionContext.RunInternal(ExecutionContext executionContext, ContextCallback callback, Object state)
--- End of stack trace from previous location ---
   at System.Threading.ExecutionContext.RunInternal(ExecutionContext executionContext, ContextCallback callback, Object state)
   at NUnit.Framework.Internal.ContextUtils.DoIsolated(ContextCallback callback, Object state)
   at NUnit.Framework.Internal.ContextUtils.DoIsolated[T](Func`1 func)
   at NUnit.Framework.Internal.Execution.SimpleWorkItem.PerformWork()
1)    at Microsoft.SqlTools.ServiceLayer.Test.Common.TestConnectionProfileService.GetInstance(String key) in /Users/aasimkhan/src/sqltoolsservice/test/Microsoft.SqlTools.ServiceLayer.Test.Common/TestConnectionProfileService.cs:line 59
   at Microsoft.SqlTools.ServiceLayer.Test.Common.TestConnectionProfileService.GetConnectionParameters(String key, String databaseName) in /Users/aasimkhan/src/sqltoolsservice/test/Microsoft.SqlTools.ServiceLayer.Test.Common/TestConnectionProfileService.cs:line 65
   at Microsoft.SqlTools.ServiceLayer.Test.Common.TestConnectionProfileService.GetConnectionParameters(TestServerType serverType, String databaseName) in /Users/aasimkhan/src/sqltoolsservice/test/Microsoft.SqlTools.ServiceLayer.Test.Common/TestConnectionProfileService.cs:line 75
   at Microsoft.SqlTools.ServiceLayer.Test.Common.TestServiceProvider.InitLiveConnectionInfo(TestServerType serverType, String databaseName, String scriptFilePath) in /Users/aasimkhan/src/sqltoolsservice/test/Microsoft.SqlTools.ServiceLayer.Test.Common/TestServiceProvider.cs:line 142
   at System.Runtime.CompilerServices.AsyncMethodBuilderCore.Start[TStateMachine](TStateMachine&amp; stateMachine)
   at Microsoft.SqlTools.ServiceLayer.Test.Common.TestServiceProvider.InitLiveConnectionInfo(TestServerType serverType, String databaseName, String scriptFilePath)
   at Microsoft.SqlTools.ServiceLayer.Test.Common.TestServiceProvider.RunQueryAsync(TestServerType serverType, String databaseName, String queryText, Boolean throwOnError) in /Users/aasimkhan/src/sqltoolsservice/test/Microsoft.SqlTools.ServiceLayer.Test.Common/TestServiceProvider.cs:line 110
   at System.Runtime.CompilerServices.AsyncMethodBuilderCore.Start[TStateMachine](TStateMachine&amp; stateMachine)
   at Microsoft.SqlTools.ServiceLayer.Test.Common.TestServiceProvider.RunQueryAsync(TestServerType serverType, String databaseName, String queryText, Boolean throwOnError)
   at Microsoft.SqlTools.ServiceLayer.Test.Common.SqlTestDb.CreateNewAsync(TestServerType serverType, Boolean doNotCleanupDb, String databaseName, String query, String dbNamePrefix) in /Users/aasimkhan/src/sqltoolsservice/test/Microsoft.SqlTools.ServiceLayer.Test.Common/SqlTestDb.cs:line 101
   at System.Runtime.CompilerServices.AsyncMethodBuilderCore.Start[TStateMachine](TStateMachine&amp; stateMachine)
   at Microsoft.SqlTools.ServiceLayer.Test.Common.SqlTestDb.CreateNewAsync(TestServerType serverType, Boolean doNotCleanupDb, String databaseName, String query, String dbNamePrefix)
   at Microsoft.SqlTools.ServiceLayer.IntegrationTests.ObjectExplorer.StatelessObjectExplorerServiceTests.RunTest(String databaseName, String query, String testDbPrefix, Func`3 test) in /Users/aasimkhan/src/sqltoolsservice/test/Microsoft.SqlTools.ServiceLayer.IntegrationTests/ObjectExplorer/StatelessObjectExplorerServiceTests.cs:line 95
   at System.Runtime.CompilerServices.AsyncMethodBuilderCore.Start[TStateMachine](TStateMachine&amp; stateMachine)
   at Microsoft.SqlTools.ServiceLayer.IntegrationTests.ObjectExplorer.StatelessObjectExplorerServiceTests.RunTest(String databaseName, String query, String testDbPrefix, Func`3 test)
   at Microsoft.SqlTools.ServiceLayer.IntegrationTests.ObjectExplorer.StatelessObjectExplorerServiceTests.ExpandingPathShouldReturnCorrectNodes(String oePath, String childLabel) in /Users/aasimkhan/src/sqltoolsservice/test/Microsoft.SqlTools.ServiceLayer.IntegrationTests/ObjectExplorer/StatelessObjectExplorerServiceTests.cs:line 49
   at System.Runtime.CompilerServices.AsyncMethodBuilderCore.Start[TStateMachine](TStateMachine&amp; stateMachine)
   at Microsoft.SqlTools.ServiceLayer.IntegrationTests.ObjectExplorer.StatelessObjectExplorerServiceTests.ExpandingPathShouldReturnCorrectNodes(String oePath, String childLabel)
   at InvokeStub_StatelessObjectExplorerServiceTests.ExpandingPathShouldReturnCorrectNodes(Object, Span`1)

2)    at Microsoft.SqlTools.ServiceLayer.IntegrationTests.ObjectExplorer.StatelessObjectExplorerServiceTests.RunTest(String databaseName, String query, String testDbPrefix, Func`3 test) in /Users/aasimkhan/src/sqltoolsservice/test/Microsoft.SqlTools.ServiceLayer.IntegrationTests/ObjectExplorer/StatelessObjectExplorerServiceTests.cs:line 109
   at Microsoft.SqlTools.ServiceLayer.IntegrationTests.ObjectExplorer.StatelessObjectExplorerServiceTests.RunTest(String databaseName, String query, String testDbPrefix, Func`3 test) in /Users/aasimkhan/src/sqltoolsservice/test/Microsoft.SqlTools.ServiceLayer.IntegrationTests/ObjectExplorer/StatelessObjectExplorerServiceTests.cs:line 117
   at Microsoft.SqlTools.ServiceLayer.IntegrationTests.ObjectExplorer.StatelessObjectExplorerServiceTests.ExpandingPathShouldReturnCorrectNodes(String oePath, String childLabel) in /Users/aasimkhan/src/sqltoolsservice/test/Microsoft.SqlTools.ServiceLayer.IntegrationTests/ObjectExplorer/StatelessObjectExplorerServiceTests.cs:line 49
   at NUnit.Framework.Internal.TaskAwaitAdapter.GenericAdapter`1.GetResult()
   at NUnit.Framework.Internal.AsyncToSyncAdapter.Await(Func`1 invoke)
   at NUnit.Framework.Internal.Commands.TestMethodCommand.RunTestMethod(TestExecutionContext context)
   at NUnit.Framework.Internal.Commands.TestMethodCommand.Execute(TestExecutionContext context)
   at NUnit.Framework.Internal.Execution.SimpleWorkItem.&lt;&gt;c__DisplayClass4_0.&lt;PerformWork&gt;b__0()
   at NUnit.Framework.Internal.ContextUtils.&lt;&gt;c__DisplayClass1_0`1.&lt;DoIsolated&gt;b__0(Object _)
   at System.Threading.ExecutionContext.RunInternal(ExecutionContext executionContext, ContextCallback callback, Object state)
--- End of stack trace from previous location ---
   at System.Threading.ExecutionContext.RunInternal(ExecutionContext executionContext, ContextCallback callback, Object state)
   at NUnit.Framework.Internal.ContextUtils.DoIsolated(ContextCallback callback, Object state)
   at NUnit.Framework.Internal.ContextUtils.DoIsolated[T](Func`1 func)
   at NUnit.Framework.Internal.Execution.SimpleWorkItem.PerformWork()</failure>
    </testcase>
    <testcase classname="Microsoft.SqlTools.ServiceLayer.IntegrationTests.ObjectExplorer.StatelessObjectExplorerServiceTests" name="ProvidingNodeShouldSkipExpandingFromTop" time="0.0010590">
      <failure type="failure" message="System.Exception : Failed to run OE test. error:  Cannot find any instance for version key: sqlOnPrem&#xA;  Expected: True&#xA;  But was:  False&#xA;&#xA;    at NUnit.Framework.Assert.ReportFailure(String message)&#xA;   at NUnit.Framework.Assert.ReportFailure(ConstraintResult result, String message, Object[] args)&#xA;   at NUnit.Framework.Assert.That[TActual](TActual actual, IResolveConstraint expression, String message, Object[] args)&#xA;   at NUnit.Framework.Assert.True(Boolean condition, String message, Object[] args)&#xA;   at Microsoft.SqlTools.ServiceLayer.Test.Common.TestConnectionProfileService.GetInstance(String key) in /Users/aasimkhan/src/sqltoolsservice/test/Microsoft.SqlTools.ServiceLayer.Test.Common/TestConnectionProfileService.cs:line 59&#xA;   at Microsoft.SqlTools.ServiceLayer.Test.Common.TestConnectionProfileService.GetConnectionParameters(String key, String databaseName) in /Users/aasimkhan/src/sqltoolsservice/test/Microsoft.SqlTools.ServiceLayer.Test.Common/TestConnectionProfileService.cs:line 65&#xA;   at Microsoft.SqlTools.ServiceLayer.Test.Common.TestConnectionProfileService.GetConnectionParameters(TestServerType serverType, String databaseName) in /Users/aasimkhan/src/sqltoolsservice/test/Microsoft.SqlTools.ServiceLayer.Test.Common/TestConnectionProfileService.cs:line 75&#xA;   at Microsoft.SqlTools.ServiceLayer.Test.Common.TestServiceProvider.InitLiveConnectionInfo(TestServerType serverType, String databaseName, String scriptFilePath) in /Users/aasimkhan/src/sqltoolsservice/test/Microsoft.SqlTools.ServiceLayer.Test.Common/TestServiceProvider.cs:line 142&#xA;   at Microsoft.SqlTools.ServiceLayer.Test.Common.TestServiceProvider.RunQueryAsync(TestServerType serverType, String databaseName, String queryText, Boolean throwOnError) in /Users/aasimkhan/src/sqltoolsservice/test/Microsoft.SqlTools.ServiceLayer.Test.Common/TestServiceProvider.cs:line 110&#xA;   at Microsoft.SqlTools.ServiceLayer.Test.Common.SqlTestDb.CreateNewAsync(TestServerType serverType, Boolean doNotCleanupDb, String databaseName, String query, String dbNamePrefix) in /Users/aasimkhan/src/sqltoolsservice/test/Microsoft.SqlTools.ServiceLayer.Test.Common/SqlTestDb.cs:line 101&#xA;   at Microsoft.SqlTools.ServiceLayer.IntegrationTests.ObjectExplorer.StatelessObjectExplorerServiceTests.RunTest(String databaseName, String query, String testDbPrefix, Func`3 test) in /Users/aasimkhan/src/sqltoolsservice/test/Microsoft.SqlTools.ServiceLayer.IntegrationTests/ObjectExplorer/StatelessObjectExplorerServiceTests.cs:line 95&#xA;&#xA;  1)   Cannot find any instance for version key: sqlOnPrem&#xA;  Expected: True&#xA;  But was:  False&#xA;&#xA;">at Microsoft.SqlTools.ServiceLayer.IntegrationTests.ObjectExplorer.StatelessObjectExplorerServiceTests.RunTest(String databaseName, String query, String testDbPrefix, Func`3 test) in /Users/aasimkhan/src/sqltoolsservice/test/Microsoft.SqlTools.ServiceLayer.IntegrationTests/ObjectExplorer/StatelessObjectExplorerServiceTests.cs:line 109
   at Microsoft.SqlTools.ServiceLayer.IntegrationTests.ObjectExplorer.StatelessObjectExplorerServiceTests.RunTest(String databaseName, String query, String testDbPrefix, Func`3 test) in /Users/aasimkhan/src/sqltoolsservice/test/Microsoft.SqlTools.ServiceLayer.IntegrationTests/ObjectExplorer/StatelessObjectExplorerServiceTests.cs:line 117
   at Microsoft.SqlTools.ServiceLayer.IntegrationTests.ObjectExplorer.StatelessObjectExplorerServiceTests.ProvidingNodeShouldSkipExpandingFromTop() in /Users/aasimkhan/src/sqltoolsservice/test/Microsoft.SqlTools.ServiceLayer.IntegrationTests/ObjectExplorer/StatelessObjectExplorerServiceTests.cs:line 66
   at NUnit.Framework.Internal.TaskAwaitAdapter.GenericAdapter`1.GetResult()
   at NUnit.Framework.Internal.AsyncToSyncAdapter.Await(Func`1 invoke)
   at NUnit.Framework.Internal.Commands.TestMethodCommand.RunTestMethod(TestExecutionContext context)
   at NUnit.Framework.Internal.Commands.TestMethodCommand.Execute(TestExecutionContext context)
   at NUnit.Framework.Internal.Execution.SimpleWorkItem.&lt;&gt;c__DisplayClass4_0.&lt;PerformWork&gt;b__0()
   at NUnit.Framework.Internal.ContextUtils.&lt;&gt;c__DisplayClass1_0`1.&lt;DoIsolated&gt;b__0(Object _)
   at System.Threading.ExecutionContext.RunInternal(ExecutionContext executionContext, ContextCallback callback, Object state)
--- End of stack trace from previous location ---
   at System.Threading.ExecutionContext.RunInternal(ExecutionContext executionContext, ContextCallback callback, Object state)
   at NUnit.Framework.Internal.ContextUtils.DoIsolated(ContextCallback callback, Object state)
   at NUnit.Framework.Internal.ContextUtils.DoIsolated[T](Func`1 func)
   at NUnit.Framework.Internal.Execution.SimpleWorkItem.PerformWork()
1)    at Microsoft.SqlTools.ServiceLayer.Test.Common.TestConnectionProfileService.GetInstance(String key) in /Users/aasimkhan/src/sqltoolsservice/test/Microsoft.SqlTools.ServiceLayer.Test.Common/TestConnectionProfileService.cs:line 59
   at Microsoft.SqlTools.ServiceLayer.Test.Common.TestConnectionProfileService.GetConnectionParameters(String key, String databaseName) in /Users/aasimkhan/src/sqltoolsservice/test/Microsoft.SqlTools.ServiceLayer.Test.Common/TestConnectionProfileService.cs:line 65
   at Microsoft.SqlTools.ServiceLayer.Test.Common.TestConnectionProfileService.GetConnectionParameters(TestServerType serverType, String databaseName) in /Users/aasimkhan/src/sqltoolsservice/test/Microsoft.SqlTools.ServiceLayer.Test.Common/TestConnectionProfileService.cs:line 75
   at Microsoft.SqlTools.ServiceLayer.Test.Common.TestServiceProvider.InitLiveConnectionInfo(TestServerType serverType, String databaseName, String scriptFilePath) in /Users/aasimkhan/src/sqltoolsservice/test/Microsoft.SqlTools.ServiceLayer.Test.Common/TestServiceProvider.cs:line 142
   at System.Runtime.CompilerServices.AsyncMethodBuilderCore.Start[TStateMachine](TStateMachine&amp; stateMachine)
   at Microsoft.SqlTools.ServiceLayer.Test.Common.TestServiceProvider.InitLiveConnectionInfo(TestServerType serverType, String databaseName, String scriptFilePath)
   at Microsoft.SqlTools.ServiceLayer.Test.Common.TestServiceProvider.RunQueryAsync(TestServerType serverType, String databaseName, String queryText, Boolean throwOnError) in /Users/aasimkhan/src/sqltoolsservice/test/Microsoft.SqlTools.ServiceLayer.Test.Common/TestServiceProvider.cs:line 110
   at System.Runtime.CompilerServices.AsyncMethodBuilderCore.Start[TStateMachine](TStateMachine&amp; stateMachine)
   at Microsoft.SqlTools.ServiceLayer.Test.Common.TestServiceProvider.RunQueryAsync(TestServerType serverType, String databaseName, String queryText, Boolean throwOnError)
   at Microsoft.SqlTools.ServiceLayer.Test.Common.SqlTestDb.CreateNewAsync(TestServerType serverType, Boolean doNotCleanupDb, String databaseName, String query, String dbNamePrefix) in /Users/aasimkhan/src/sqltoolsservice/test/Microsoft.SqlTools.ServiceLayer.Test.Common/SqlTestDb.cs:line 101
   at System.Runtime.CompilerServices.AsyncMethodBuilderCore.Start[TStateMachine](TStateMachine&amp; stateMachine)
   at Microsoft.SqlTools.ServiceLayer.Test.Common.SqlTestDb.CreateNewAsync(TestServerType serverType, Boolean doNotCleanupDb, String databaseName, String query, String dbNamePrefix)
   at Microsoft.SqlTools.ServiceLayer.IntegrationTests.ObjectExplorer.StatelessObjectExplorerServiceTests.RunTest(String databaseName, String query, String testDbPrefix, Func`3 test) in /Users/aasimkhan/src/sqltoolsservice/test/Microsoft.SqlTools.ServiceLayer.IntegrationTests/ObjectExplorer/StatelessObjectExplorerServiceTests.cs:line 95
   at System.Runtime.CompilerServices.AsyncMethodBuilderCore.Start[TStateMachine](TStateMachine&amp; stateMachine)
   at Microsoft.SqlTools.ServiceLayer.IntegrationTests.ObjectExplorer.StatelessObjectExplorerServiceTests.RunTest(String databaseName, String query, String testDbPrefix, Func`3 test)
   at Microsoft.SqlTools.ServiceLayer.IntegrationTests.ObjectExplorer.StatelessObjectExplorerServiceTests.ProvidingNodeShouldSkipExpandingFromTop() in /Users/aasimkhan/src/sqltoolsservice/test/Microsoft.SqlTools.ServiceLayer.IntegrationTests/ObjectExplorer/StatelessObjectExplorerServiceTests.cs:line 66
   at System.Runtime.CompilerServices.AsyncMethodBuilderCore.Start[TStateMachine](TStateMachine&amp; stateMachine)
   at Microsoft.SqlTools.ServiceLayer.IntegrationTests.ObjectExplorer.StatelessObjectExplorerServiceTests.ProvidingNodeShouldSkipExpandingFromTop()

2)    at Microsoft.SqlTools.ServiceLayer.IntegrationTests.ObjectExplorer.StatelessObjectExplorerServiceTests.RunTest(String databaseName, String query, String testDbPrefix, Func`3 test) in /Users/aasimkhan/src/sqltoolsservice/test/Microsoft.SqlTools.ServiceLayer.IntegrationTests/ObjectExplorer/StatelessObjectExplorerServiceTests.cs:line 109
   at Microsoft.SqlTools.ServiceLayer.IntegrationTests.ObjectExplorer.StatelessObjectExplorerServiceTests.RunTest(String databaseName, String query, String testDbPrefix, Func`3 test) in /Users/aasimkhan/src/sqltoolsservice/test/Microsoft.SqlTools.ServiceLayer.IntegrationTests/ObjectExplorer/StatelessObjectExplorerServiceTests.cs:line 117
   at Microsoft.SqlTools.ServiceLayer.IntegrationTests.ObjectExplorer.StatelessObjectExplorerServiceTests.ProvidingNodeShouldSkipExpandingFromTop() in /Users/aasimkhan/src/sqltoolsservice/test/Microsoft.SqlTools.ServiceLayer.IntegrationTests/ObjectExplorer/StatelessObjectExplorerServiceTests.cs:line 66
   at NUnit.Framework.Internal.TaskAwaitAdapter.GenericAdapter`1.GetResult()
   at NUnit.Framework.Internal.AsyncToSyncAdapter.Await(Func`1 invoke)
   at NUnit.Framework.Internal.Commands.TestMethodCommand.RunTestMethod(TestExecutionContext context)
   at NUnit.Framework.Internal.Commands.TestMethodCommand.Execute(TestExecutionContext context)
   at NUnit.Framework.Internal.Execution.SimpleWorkItem.&lt;&gt;c__DisplayClass4_0.&lt;PerformWork&gt;b__0()
   at NUnit.Framework.Internal.ContextUtils.&lt;&gt;c__DisplayClass1_0`1.&lt;DoIsolated&gt;b__0(Object _)
   at System.Threading.ExecutionContext.RunInternal(ExecutionContext executionContext, ContextCallback callback, Object state)
--- End of stack trace from previous location ---
   at System.Threading.ExecutionContext.RunInternal(ExecutionContext executionContext, ContextCallback callback, Object state)
   at NUnit.Framework.Internal.ContextUtils.DoIsolated(ContextCallback callback, Object state)
   at NUnit.Framework.Internal.ContextUtils.DoIsolated[T](Func`1 func)
   at NUnit.Framework.Internal.Execution.SimpleWorkItem.PerformWork()</failure>
    </testcase>
    <testcase classname="Microsoft.SqlTools.ServiceLayer.IntegrationTests.ObjectManagement.CredentialTests" name="TestCredentialOperations" time="0.0010620">
      <failure type="failure" message="  Cannot find any instance for version key: sqlOnPrem&#xA;  Expected: True&#xA;  But was:  False&#xA;">at Microsoft.SqlTools.ServiceLayer.Test.Common.TestConnectionProfileService.GetInstance(String key) in /Users/aasimkhan/src/sqltoolsservice/test/Microsoft.SqlTools.ServiceLayer.Test.Common/TestConnectionProfileService.cs:line 59
   at Microsoft.SqlTools.ServiceLayer.Test.Common.TestConnectionProfileService.GetConnectionParameters(String key, String databaseName) in /Users/aasimkhan/src/sqltoolsservice/test/Microsoft.SqlTools.ServiceLayer.Test.Common/TestConnectionProfileService.cs:line 65
   at Microsoft.SqlTools.ServiceLayer.Test.Common.TestConnectionProfileService.GetConnectionParameters(TestServerType serverType, String databaseName) in /Users/aasimkhan/src/sqltoolsservice/test/Microsoft.SqlTools.ServiceLayer.Test.Common/TestConnectionProfileService.cs:line 75
   at Microsoft.SqlTools.ServiceLayer.IntegrationTests.Utility.LiveConnectionHelper.InitLiveConnectionInfoAsync(String databaseName, String ownerUri, String connectionType, TestServerType serverType) in /Users/aasimkhan/src/sqltoolsservice/test/Microsoft.SqlTools.ServiceLayer.IntegrationTests/Utility/LiveConnectionHelper.cs:line 68
   at Microsoft.SqlTools.ServiceLayer.IntegrationTests.ObjectManagement.CredentialTests.TestCredentialOperations() in /Users/aasimkhan/src/sqltoolsservice/test/Microsoft.SqlTools.ServiceLayer.IntegrationTests/ObjectManagement/CredentialTests.cs:line 29
   at NUnit.Framework.Internal.TaskAwaitAdapter.GenericAdapter`1.GetResult()
   at NUnit.Framework.Internal.AsyncToSyncAdapter.Await(Func`1 invoke)
   at NUnit.Framework.Internal.Commands.TestMethodCommand.RunTestMethod(TestExecutionContext context)
   at NUnit.Framework.Internal.Commands.TestMethodCommand.Execute(TestExecutionContext context)
   at NUnit.Framework.Internal.Execution.SimpleWorkItem.&lt;&gt;c__DisplayClass4_0.&lt;PerformWork&gt;b__0()
   at NUnit.Framework.Internal.ContextUtils.&lt;&gt;c__DisplayClass1_0`1.&lt;DoIsolated&gt;b__0(Object _)

1)    at Microsoft.SqlTools.ServiceLayer.Test.Common.TestConnectionProfileService.GetInstance(String key) in /Users/aasimkhan/src/sqltoolsservice/test/Microsoft.SqlTools.ServiceLayer.Test.Common/TestConnectionProfileService.cs:line 59
   at Microsoft.SqlTools.ServiceLayer.Test.Common.TestConnectionProfileService.GetConnectionParameters(String key, String databaseName) in /Users/aasimkhan/src/sqltoolsservice/test/Microsoft.SqlTools.ServiceLayer.Test.Common/TestConnectionProfileService.cs:line 65
   at Microsoft.SqlTools.ServiceLayer.Test.Common.TestConnectionProfileService.GetConnectionParameters(TestServerType serverType, String databaseName) in /Users/aasimkhan/src/sqltoolsservice/test/Microsoft.SqlTools.ServiceLayer.Test.Common/TestConnectionProfileService.cs:line 75
   at Microsoft.SqlTools.ServiceLayer.IntegrationTests.Utility.LiveConnectionHelper.InitLiveConnectionInfoAsync(String databaseName, String ownerUri, String connectionType, TestServerType serverType) in /Users/aasimkhan/src/sqltoolsservice/test/Microsoft.SqlTools.ServiceLayer.IntegrationTests/Utility/LiveConnectionHelper.cs:line 68
   at System.Runtime.CompilerServices.AsyncMethodBuilderCore.Start[TStateMachine](TStateMachine&amp; stateMachine)
   at Microsoft.SqlTools.ServiceLayer.IntegrationTests.Utility.LiveConnectionHelper.InitLiveConnectionInfoAsync(String databaseName, String ownerUri, String connectionType, TestServerType serverType)
   at Microsoft.SqlTools.ServiceLayer.IntegrationTests.ObjectManagement.CredentialTests.TestCredentialOperations() in /Users/aasimkhan/src/sqltoolsservice/test/Microsoft.SqlTools.ServiceLayer.IntegrationTests/ObjectManagement/CredentialTests.cs:line 29
   at System.Runtime.CompilerServices.AsyncMethodBuilderCore.Start[TStateMachine](TStateMachine&amp; stateMachine)
   at Microsoft.SqlTools.ServiceLayer.IntegrationTests.ObjectManagement.CredentialTests.TestCredentialOperations()</failure>
    </testcase>
    <testcase classname="Microsoft.SqlTools.ServiceLayer.IntegrationTests.ObjectManagement.DatabaseHandlerTests" name="AttachDatabaseTest(True)" time="0.0128660">
      <failure type="failure" message="  Cannot find any instance for version key: sqlOnPrem&#xA;  Expected: True&#xA;  But was:  False&#xA;">at Microsoft.SqlTools.ServiceLayer.Test.Common.TestConnectionProfileService.GetInstance(String key) in /Users/aasimkhan/src/sqltoolsservice/test/Microsoft.SqlTools.ServiceLayer.Test.Common/TestConnectionProfileService.cs:line 59
   at Microsoft.SqlTools.ServiceLayer.Test.Common.TestConnectionProfileService.GetConnectionParameters(String key, String databaseName) in /Users/aasimkhan/src/sqltoolsservice/test/Microsoft.SqlTools.ServiceLayer.Test.Common/TestConnectionProfileService.cs:line 65
   at Microsoft.SqlTools.ServiceLayer.Test.Common.TestConnectionProfileService.GetConnectionParameters(TestServerType serverType, String databaseName) in /Users/aasimkhan/src/sqltoolsservice/test/Microsoft.SqlTools.ServiceLayer.Test.Common/TestConnectionProfileService.cs:line 75
   at Microsoft.SqlTools.ServiceLayer.Test.Common.TestServiceProvider.InitLiveConnectionInfo(TestServerType serverType, String databaseName, String scriptFilePath) in /Users/aasimkhan/src/sqltoolsservice/test/Microsoft.SqlTools.ServiceLayer.Test.Common/TestServiceProvider.cs:line 142
   at Microsoft.SqlTools.ServiceLayer.Test.Common.TestServiceProvider.RunQueryAsync(TestServerType serverType, String databaseName, String queryText, Boolean throwOnError) in /Users/aasimkhan/src/sqltoolsservice/test/Microsoft.SqlTools.ServiceLayer.Test.Common/TestServiceProvider.cs:line 110
   at Microsoft.SqlTools.ServiceLayer.Test.Common.SqlTestDb.CreateNewAsync(TestServerType serverType, Boolean doNotCleanupDb, String databaseName, String query, String dbNamePrefix) in /Users/aasimkhan/src/sqltoolsservice/test/Microsoft.SqlTools.ServiceLayer.Test.Common/SqlTestDb.cs:line 101
   at Microsoft.SqlTools.ServiceLayer.IntegrationTests.ObjectManagement.DatabaseHandlerTests.AttachDatabaseTest(Boolean generateScript) in /Users/aasimkhan/src/sqltoolsservice/test/Microsoft.SqlTools.ServiceLayer.IntegrationTests/ObjectManagement/DatabaseHandlerTests.cs:line 641
   at NUnit.Framework.Internal.TaskAwaitAdapter.GenericAdapter`1.GetResult()
   at NUnit.Framework.Internal.AsyncToSyncAdapter.Await(Func`1 invoke)
   at NUnit.Framework.Internal.Commands.TestMethodCommand.RunTestMethod(TestExecutionContext context)
   at NUnit.Framework.Internal.Commands.TestMethodCommand.Execute(TestExecutionContext context)
   at NUnit.Framework.Internal.Execution.SimpleWorkItem.&lt;&gt;c__DisplayClass4_0.&lt;PerformWork&gt;b__0()
   at NUnit.Framework.Internal.ContextUtils.&lt;&gt;c__DisplayClass1_0`1.&lt;DoIsolated&gt;b__0(Object _)

1)    at Microsoft.SqlTools.ServiceLayer.Test.Common.TestConnectionProfileService.GetInstance(String key) in /Users/aasimkhan/src/sqltoolsservice/test/Microsoft.SqlTools.ServiceLayer.Test.Common/TestConnectionProfileService.cs:line 59
   at Microsoft.SqlTools.ServiceLayer.Test.Common.TestConnectionProfileService.GetConnectionParameters(String key, String databaseName) in /Users/aasimkhan/src/sqltoolsservice/test/Microsoft.SqlTools.ServiceLayer.Test.Common/TestConnectionProfileService.cs:line 65
   at Microsoft.SqlTools.ServiceLayer.Test.Common.TestConnectionProfileService.GetConnectionParameters(TestServerType serverType, String databaseName) in /Users/aasimkhan/src/sqltoolsservice/test/Microsoft.SqlTools.ServiceLayer.Test.Common/TestConnectionProfileService.cs:line 75
   at Microsoft.SqlTools.ServiceLayer.Test.Common.TestServiceProvider.InitLiveConnectionInfo(TestServerType serverType, String databaseName, String scriptFilePath) in /Users/aasimkhan/src/sqltoolsservice/test/Microsoft.SqlTools.ServiceLayer.Test.Common/TestServiceProvider.cs:line 142
   at System.Runtime.CompilerServices.AsyncMethodBuilderCore.Start[TStateMachine](TStateMachine&amp; stateMachine)
   at Microsoft.SqlTools.ServiceLayer.Test.Common.TestServiceProvider.InitLiveConnectionInfo(TestServerType serverType, String databaseName, String scriptFilePath)
   at Microsoft.SqlTools.ServiceLayer.Test.Common.TestServiceProvider.RunQueryAsync(TestServerType serverType, String databaseName, String queryText, Boolean throwOnError) in /Users/aasimkhan/src/sqltoolsservice/test/Microsoft.SqlTools.ServiceLayer.Test.Common/TestServiceProvider.cs:line 110
   at System.Runtime.CompilerServices.AsyncMethodBuilderCore.Start[TStateMachine](TStateMachine&amp; stateMachine)
   at Microsoft.SqlTools.ServiceLayer.Test.Common.TestServiceProvider.RunQueryAsync(TestServerType serverType, String databaseName, String queryText, Boolean throwOnError)
   at Microsoft.SqlTools.ServiceLayer.Test.Common.SqlTestDb.CreateNewAsync(TestServerType serverType, Boolean doNotCleanupDb, String databaseName, String query, String dbNamePrefix) in /Users/aasimkhan/src/sqltoolsservice/test/Microsoft.SqlTools.ServiceLayer.Test.Common/SqlTestDb.cs:line 101
   at System.Runtime.CompilerServices.AsyncMethodBuilderCore.Start[TStateMachine](TStateMachine&amp; stateMachine)
   at Microsoft.SqlTools.ServiceLayer.Test.Common.SqlTestDb.CreateNewAsync(TestServerType serverType, Boolean doNotCleanupDb, String databaseName, String query, String dbNamePrefix)
   at Microsoft.SqlTools.ServiceLayer.IntegrationTests.ObjectManagement.DatabaseHandlerTests.AttachDatabaseTest(Boolean generateScript) in /Users/aasimkhan/src/sqltoolsservice/test/Microsoft.SqlTools.ServiceLayer.IntegrationTests/ObjectManagement/DatabaseHandlerTests.cs:line 641
   at System.Runtime.CompilerServices.AsyncMethodBuilderCore.Start[TStateMachine](TStateMachine&amp; stateMachine)
   at Microsoft.SqlTools.ServiceLayer.IntegrationTests.ObjectManagement.DatabaseHandlerTests.AttachDatabaseTest(Boolean generateScript)</failure>
    </testcase>
    <testcase classname="Microsoft.SqlTools.ServiceLayer.IntegrationTests.ObjectManagement.DatabaseHandlerTests" name="AttachDatabaseTest(False)" time="0.0008340">
      <failure type="failure" message="  Cannot find any instance for version key: sqlOnPrem&#xA;  Expected: True&#xA;  But was:  False&#xA;">at Microsoft.SqlTools.ServiceLayer.Test.Common.TestConnectionProfileService.GetInstance(String key) in /Users/aasimkhan/src/sqltoolsservice/test/Microsoft.SqlTools.ServiceLayer.Test.Common/TestConnectionProfileService.cs:line 59
   at Microsoft.SqlTools.ServiceLayer.Test.Common.TestConnectionProfileService.GetConnectionParameters(String key, String databaseName) in /Users/aasimkhan/src/sqltoolsservice/test/Microsoft.SqlTools.ServiceLayer.Test.Common/TestConnectionProfileService.cs:line 65
   at Microsoft.SqlTools.ServiceLayer.Test.Common.TestConnectionProfileService.GetConnectionParameters(TestServerType serverType, String databaseName) in /Users/aasimkhan/src/sqltoolsservice/test/Microsoft.SqlTools.ServiceLayer.Test.Common/TestConnectionProfileService.cs:line 75
   at Microsoft.SqlTools.ServiceLayer.Test.Common.TestServiceProvider.InitLiveConnectionInfo(TestServerType serverType, String databaseName, String scriptFilePath) in /Users/aasimkhan/src/sqltoolsservice/test/Microsoft.SqlTools.ServiceLayer.Test.Common/TestServiceProvider.cs:line 142
   at Microsoft.SqlTools.ServiceLayer.Test.Common.TestServiceProvider.RunQueryAsync(TestServerType serverType, String databaseName, String queryText, Boolean throwOnError) in /Users/aasimkhan/src/sqltoolsservice/test/Microsoft.SqlTools.ServiceLayer.Test.Common/TestServiceProvider.cs:line 110
   at Microsoft.SqlTools.ServiceLayer.Test.Common.SqlTestDb.CreateNewAsync(TestServerType serverType, Boolean doNotCleanupDb, String databaseName, String query, String dbNamePrefix) in /Users/aasimkhan/src/sqltoolsservice/test/Microsoft.SqlTools.ServiceLayer.Test.Common/SqlTestDb.cs:line 101
   at Microsoft.SqlTools.ServiceLayer.IntegrationTests.ObjectManagement.DatabaseHandlerTests.AttachDatabaseTest(Boolean generateScript) in /Users/aasimkhan/src/sqltoolsservice/test/Microsoft.SqlTools.ServiceLayer.IntegrationTests/ObjectManagement/DatabaseHandlerTests.cs:line 641
   at NUnit.Framework.Internal.TaskAwaitAdapter.GenericAdapter`1.GetResult()
   at NUnit.Framework.Internal.AsyncToSyncAdapter.Await(Func`1 invoke)
   at NUnit.Framework.Internal.Commands.TestMethodCommand.RunTestMethod(TestExecutionContext context)
   at NUnit.Framework.Internal.Commands.TestMethodCommand.Execute(TestExecutionContext context)
   at NUnit.Framework.Internal.Execution.SimpleWorkItem.&lt;&gt;c__DisplayClass4_0.&lt;PerformWork&gt;b__0()
   at NUnit.Framework.Internal.ContextUtils.&lt;&gt;c__DisplayClass1_0`1.&lt;DoIsolated&gt;b__0(Object _)

1)    at Microsoft.SqlTools.ServiceLayer.Test.Common.TestConnectionProfileService.GetInstance(String key) in /Users/aasimkhan/src/sqltoolsservice/test/Microsoft.SqlTools.ServiceLayer.Test.Common/TestConnectionProfileService.cs:line 59
   at Microsoft.SqlTools.ServiceLayer.Test.Common.TestConnectionProfileService.GetConnectionParameters(String key, String databaseName) in /Users/aasimkhan/src/sqltoolsservice/test/Microsoft.SqlTools.ServiceLayer.Test.Common/TestConnectionProfileService.cs:line 65
   at Microsoft.SqlTools.ServiceLayer.Test.Common.TestConnectionProfileService.GetConnectionParameters(TestServerType serverType, String databaseName) in /Users/aasimkhan/src/sqltoolsservice/test/Microsoft.SqlTools.ServiceLayer.Test.Common/TestConnectionProfileService.cs:line 75
   at Microsoft.SqlTools.ServiceLayer.Test.Common.TestServiceProvider.InitLiveConnectionInfo(TestServerType serverType, String databaseName, String scriptFilePath) in /Users/aasimkhan/src/sqltoolsservice/test/Microsoft.SqlTools.ServiceLayer.Test.Common/TestServiceProvider.cs:line 142
   at System.Runtime.CompilerServices.AsyncMethodBuilderCore.Start[TStateMachine](TStateMachine&amp; stateMachine)
   at Microsoft.SqlTools.ServiceLayer.Test.Common.TestServiceProvider.InitLiveConnectionInfo(TestServerType serverType, String databaseName, String scriptFilePath)
   at Microsoft.SqlTools.ServiceLayer.Test.Common.TestServiceProvider.RunQueryAsync(TestServerType serverType, String databaseName, String queryText, Boolean throwOnError) in /Users/aasimkhan/src/sqltoolsservice/test/Microsoft.SqlTools.ServiceLayer.Test.Common/TestServiceProvider.cs:line 110
   at System.Runtime.CompilerServices.AsyncMethodBuilderCore.Start[TStateMachine](TStateMachine&amp; stateMachine)
   at Microsoft.SqlTools.ServiceLayer.Test.Common.TestServiceProvider.RunQueryAsync(TestServerType serverType, String databaseName, String queryText, Boolean throwOnError)
   at Microsoft.SqlTools.ServiceLayer.Test.Common.SqlTestDb.CreateNewAsync(TestServerType serverType, Boolean doNotCleanupDb, String databaseName, String query, String dbNamePrefix) in /Users/aasimkhan/src/sqltoolsservice/test/Microsoft.SqlTools.ServiceLayer.Test.Common/SqlTestDb.cs:line 101
   at System.Runtime.CompilerServices.AsyncMethodBuilderCore.Start[TStateMachine](TStateMachine&amp; stateMachine)
   at Microsoft.SqlTools.ServiceLayer.Test.Common.SqlTestDb.CreateNewAsync(TestServerType serverType, Boolean doNotCleanupDb, String databaseName, String query, String dbNamePrefix)
   at Microsoft.SqlTools.ServiceLayer.IntegrationTests.ObjectManagement.DatabaseHandlerTests.AttachDatabaseTest(Boolean generateScript) in /Users/aasimkhan/src/sqltoolsservice/test/Microsoft.SqlTools.ServiceLayer.IntegrationTests/ObjectManagement/DatabaseHandlerTests.cs:line 641
   at System.Runtime.CompilerServices.AsyncMethodBuilderCore.Start[TStateMachine](TStateMachine&amp; stateMachine)
   at Microsoft.SqlTools.ServiceLayer.IntegrationTests.ObjectManagement.DatabaseHandlerTests.AttachDatabaseTest(Boolean generateScript)
   at InvokeStub_DatabaseHandlerTests.AttachDatabaseTest(Object, Span`1)</failure>
    </testcase>
    <testcase classname="Microsoft.SqlTools.ServiceLayer.IntegrationTests.ObjectManagement.DatabaseHandlerTests" name="DatabaseAlreadyExistsErrorTest" time="0.0015520">
      <failure type="failure" message="  Cannot find any instance for version key: sqlOnPrem&#xA;  Expected: True&#xA;  But was:  False&#xA;">at Microsoft.SqlTools.ServiceLayer.Test.Common.TestConnectionProfileService.GetInstance(String key) in /Users/aasimkhan/src/sqltoolsservice/test/Microsoft.SqlTools.ServiceLayer.Test.Common/TestConnectionProfileService.cs:line 59
   at Microsoft.SqlTools.ServiceLayer.Test.Common.TestConnectionProfileService.GetConnectionParameters(String key, String databaseName) in /Users/aasimkhan/src/sqltoolsservice/test/Microsoft.SqlTools.ServiceLayer.Test.Common/TestConnectionProfileService.cs:line 65
   at Microsoft.SqlTools.ServiceLayer.Test.Common.TestConnectionProfileService.GetConnectionParameters(TestServerType serverType, String databaseName) in /Users/aasimkhan/src/sqltoolsservice/test/Microsoft.SqlTools.ServiceLayer.Test.Common/TestConnectionProfileService.cs:line 75
   at Microsoft.SqlTools.ServiceLayer.IntegrationTests.Utility.LiveConnectionHelper.InitLiveConnectionInfoAsync(String databaseName, String ownerUri, String connectionType, TestServerType serverType) in /Users/aasimkhan/src/sqltoolsservice/test/Microsoft.SqlTools.ServiceLayer.IntegrationTests/Utility/LiveConnectionHelper.cs:line 68
   at Microsoft.SqlTools.ServiceLayer.IntegrationTests.ObjectManagement.DatabaseHandlerTests.DatabaseAlreadyExistsErrorTest() in /Users/aasimkhan/src/sqltoolsservice/test/Microsoft.SqlTools.ServiceLayer.IntegrationTests/ObjectManagement/DatabaseHandlerTests.cs:line 144
   at NUnit.Framework.Internal.TaskAwaitAdapter.GenericAdapter`1.GetResult()
   at NUnit.Framework.Internal.AsyncToSyncAdapter.Await(Func`1 invoke)
   at NUnit.Framework.Internal.Commands.TestMethodCommand.RunTestMethod(TestExecutionContext context)
   at NUnit.Framework.Internal.Commands.TestMethodCommand.Execute(TestExecutionContext context)
   at NUnit.Framework.Internal.Execution.SimpleWorkItem.&lt;&gt;c__DisplayClass4_0.&lt;PerformWork&gt;b__0()
   at NUnit.Framework.Internal.ContextUtils.&lt;&gt;c__DisplayClass1_0`1.&lt;DoIsolated&gt;b__0(Object _)

1)    at Microsoft.SqlTools.ServiceLayer.Test.Common.TestConnectionProfileService.GetInstance(String key) in /Users/aasimkhan/src/sqltoolsservice/test/Microsoft.SqlTools.ServiceLayer.Test.Common/TestConnectionProfileService.cs:line 59
   at Microsoft.SqlTools.ServiceLayer.Test.Common.TestConnectionProfileService.GetConnectionParameters(String key, String databaseName) in /Users/aasimkhan/src/sqltoolsservice/test/Microsoft.SqlTools.ServiceLayer.Test.Common/TestConnectionProfileService.cs:line 65
   at Microsoft.SqlTools.ServiceLayer.Test.Common.TestConnectionProfileService.GetConnectionParameters(TestServerType serverType, String databaseName) in /Users/aasimkhan/src/sqltoolsservice/test/Microsoft.SqlTools.ServiceLayer.Test.Common/TestConnectionProfileService.cs:line 75
   at Microsoft.SqlTools.ServiceLayer.IntegrationTests.Utility.LiveConnectionHelper.InitLiveConnectionInfoAsync(String databaseName, String ownerUri, String connectionType, TestServerType serverType) in /Users/aasimkhan/src/sqltoolsservice/test/Microsoft.SqlTools.ServiceLayer.IntegrationTests/Utility/LiveConnectionHelper.cs:line 68
   at System.Runtime.CompilerServices.AsyncMethodBuilderCore.Start[TStateMachine](TStateMachine&amp; stateMachine)
   at Microsoft.SqlTools.ServiceLayer.IntegrationTests.Utility.LiveConnectionHelper.InitLiveConnectionInfoAsync(String databaseName, String ownerUri, String connectionType, TestServerType serverType)
   at Microsoft.SqlTools.ServiceLayer.IntegrationTests.ObjectManagement.DatabaseHandlerTests.DatabaseAlreadyExistsErrorTest() in /Users/aasimkhan/src/sqltoolsservice/test/Microsoft.SqlTools.ServiceLayer.IntegrationTests/ObjectManagement/DatabaseHandlerTests.cs:line 144
   at System.Runtime.CompilerServices.AsyncMethodBuilderCore.Start[TStateMachine](TStateMachine&amp; stateMachine)
   at Microsoft.SqlTools.ServiceLayer.IntegrationTests.ObjectManagement.DatabaseHandlerTests.DatabaseAlreadyExistsErrorTest()</failure>
    </testcase>
    <testcase classname="Microsoft.SqlTools.ServiceLayer.IntegrationTests.ObjectManagement.DatabaseHandlerTests" name="DatabaseCreateAndUpdateTest_Azure" time="0.0000050">
      <skipped />
    </testcase>
    <testcase classname="Microsoft.SqlTools.ServiceLayer.IntegrationTests.ObjectManagement.DatabaseHandlerTests" name="DatabaseCreateAndUpdateTest_OnPrem" time="0.0014170">
      <failure type="failure" message="  Cannot find any instance for version key: sqlOnPrem&#xA;  Expected: True&#xA;  But was:  False&#xA;">at Microsoft.SqlTools.ServiceLayer.Test.Common.TestConnectionProfileService.GetInstance(String key) in /Users/aasimkhan/src/sqltoolsservice/test/Microsoft.SqlTools.ServiceLayer.Test.Common/TestConnectionProfileService.cs:line 59
   at Microsoft.SqlTools.ServiceLayer.Test.Common.TestConnectionProfileService.GetConnectionParameters(String key, String databaseName) in /Users/aasimkhan/src/sqltoolsservice/test/Microsoft.SqlTools.ServiceLayer.Test.Common/TestConnectionProfileService.cs:line 65
   at Microsoft.SqlTools.ServiceLayer.Test.Common.TestConnectionProfileService.GetConnectionParameters(TestServerType serverType, String databaseName) in /Users/aasimkhan/src/sqltoolsservice/test/Microsoft.SqlTools.ServiceLayer.Test.Common/TestConnectionProfileService.cs:line 75
   at Microsoft.SqlTools.ServiceLayer.IntegrationTests.Utility.LiveConnectionHelper.InitLiveConnectionInfoAsync(String databaseName, String ownerUri, String connectionType, TestServerType serverType) in /Users/aasimkhan/src/sqltoolsservice/test/Microsoft.SqlTools.ServiceLayer.IntegrationTests/Utility/LiveConnectionHelper.cs:line 68
   at Microsoft.SqlTools.ServiceLayer.IntegrationTests.ObjectManagement.DatabaseHandlerTests.RunDatabaseCreateAndUpdateTest(TestServerType serverType) in /Users/aasimkhan/src/sqltoolsservice/test/Microsoft.SqlTools.ServiceLayer.IntegrationTests/ObjectManagement/DatabaseHandlerTests.cs:line 56
   at Microsoft.SqlTools.ServiceLayer.IntegrationTests.ObjectManagement.DatabaseHandlerTests.DatabaseCreateAndUpdateTest_OnPrem() in /Users/aasimkhan/src/sqltoolsservice/test/Microsoft.SqlTools.ServiceLayer.IntegrationTests/ObjectManagement/DatabaseHandlerTests.cs:line 40
   at NUnit.Framework.Internal.TaskAwaitAdapter.GenericAdapter`1.GetResult()
   at NUnit.Framework.Internal.AsyncToSyncAdapter.Await(Func`1 invoke)
   at NUnit.Framework.Internal.Commands.TestMethodCommand.RunTestMethod(TestExecutionContext context)
   at NUnit.Framework.Internal.Commands.TestMethodCommand.Execute(TestExecutionContext context)
   at NUnit.Framework.Internal.Execution.SimpleWorkItem.&lt;&gt;c__DisplayClass4_0.&lt;PerformWork&gt;b__0()
   at NUnit.Framework.Internal.ContextUtils.&lt;&gt;c__DisplayClass1_0`1.&lt;DoIsolated&gt;b__0(Object _)

1)    at Microsoft.SqlTools.ServiceLayer.Test.Common.TestConnectionProfileService.GetInstance(String key) in /Users/aasimkhan/src/sqltoolsservice/test/Microsoft.SqlTools.ServiceLayer.Test.Common/TestConnectionProfileService.cs:line 59
   at Microsoft.SqlTools.ServiceLayer.Test.Common.TestConnectionProfileService.GetConnectionParameters(String key, String databaseName) in /Users/aasimkhan/src/sqltoolsservice/test/Microsoft.SqlTools.ServiceLayer.Test.Common/TestConnectionProfileService.cs:line 65
   at Microsoft.SqlTools.ServiceLayer.Test.Common.TestConnectionProfileService.GetConnectionParameters(TestServerType serverType, String databaseName) in /Users/aasimkhan/src/sqltoolsservice/test/Microsoft.SqlTools.ServiceLayer.Test.Common/TestConnectionProfileService.cs:line 75
   at Microsoft.SqlTools.ServiceLayer.IntegrationTests.Utility.LiveConnectionHelper.InitLiveConnectionInfoAsync(String databaseName, String ownerUri, String connectionType, TestServerType serverType) in /Users/aasimkhan/src/sqltoolsservice/test/Microsoft.SqlTools.ServiceLayer.IntegrationTests/Utility/LiveConnectionHelper.cs:line 68
   at System.Runtime.CompilerServices.AsyncMethodBuilderCore.Start[TStateMachine](TStateMachine&amp; stateMachine)
   at Microsoft.SqlTools.ServiceLayer.IntegrationTests.Utility.LiveConnectionHelper.InitLiveConnectionInfoAsync(String databaseName, String ownerUri, String connectionType, TestServerType serverType)
   at Microsoft.SqlTools.ServiceLayer.IntegrationTests.ObjectManagement.DatabaseHandlerTests.RunDatabaseCreateAndUpdateTest(TestServerType serverType) in /Users/aasimkhan/src/sqltoolsservice/test/Microsoft.SqlTools.ServiceLayer.IntegrationTests/ObjectManagement/DatabaseHandlerTests.cs:line 56
   at System.Runtime.CompilerServices.AsyncMethodBuilderCore.Start[TStateMachine](TStateMachine&amp; stateMachine)
   at Microsoft.SqlTools.ServiceLayer.IntegrationTests.ObjectManagement.DatabaseHandlerTests.RunDatabaseCreateAndUpdateTest(TestServerType serverType)
   at Microsoft.SqlTools.ServiceLayer.IntegrationTests.ObjectManagement.DatabaseHandlerTests.DatabaseCreateAndUpdateTest_OnPrem() in /Users/aasimkhan/src/sqltoolsservice/test/Microsoft.SqlTools.ServiceLayer.IntegrationTests/ObjectManagement/DatabaseHandlerTests.cs:line 40
   at System.Runtime.CompilerServices.AsyncMethodBuilderCore.Start[TStateMachine](TStateMachine&amp; stateMachine)
   at Microsoft.SqlTools.ServiceLayer.IntegrationTests.ObjectManagement.DatabaseHandlerTests.DatabaseCreateAndUpdateTest_OnPrem()</failure>
    </testcase>
    <testcase classname="Microsoft.SqlTools.ServiceLayer.IntegrationTests.ObjectManagement.DatabaseHandlerTests" name="DatabaseNotExistsErrorTest" time="0.0009950">
      <failure type="failure" message="  Cannot find any instance for version key: sqlOnPrem&#xA;  Expected: True&#xA;  But was:  False&#xA;">at Microsoft.SqlTools.ServiceLayer.Test.Common.TestConnectionProfileService.GetInstance(String key) in /Users/aasimkhan/src/sqltoolsservice/test/Microsoft.SqlTools.ServiceLayer.Test.Common/TestConnectionProfileService.cs:line 59
   at Microsoft.SqlTools.ServiceLayer.Test.Common.TestConnectionProfileService.GetConnectionParameters(String key, String databaseName) in /Users/aasimkhan/src/sqltoolsservice/test/Microsoft.SqlTools.ServiceLayer.Test.Common/TestConnectionProfileService.cs:line 65
   at Microsoft.SqlTools.ServiceLayer.Test.Common.TestConnectionProfileService.GetConnectionParameters(TestServerType serverType, String databaseName) in /Users/aasimkhan/src/sqltoolsservice/test/Microsoft.SqlTools.ServiceLayer.Test.Common/TestConnectionProfileService.cs:line 75
   at Microsoft.SqlTools.ServiceLayer.IntegrationTests.Utility.LiveConnectionHelper.InitLiveConnectionInfoAsync(String databaseName, String ownerUri, String connectionType, TestServerType serverType) in /Users/aasimkhan/src/sqltoolsservice/test/Microsoft.SqlTools.ServiceLayer.IntegrationTests/Utility/LiveConnectionHelper.cs:line 68
   at Microsoft.SqlTools.ServiceLayer.IntegrationTests.ObjectManagement.DatabaseHandlerTests.DatabaseNotExistsErrorTest() in /Users/aasimkhan/src/sqltoolsservice/test/Microsoft.SqlTools.ServiceLayer.IntegrationTests/ObjectManagement/DatabaseHandlerTests.cs:line 123
   at NUnit.Framework.Internal.TaskAwaitAdapter.GenericAdapter`1.GetResult()
   at NUnit.Framework.Internal.AsyncToSyncAdapter.Await(Func`1 invoke)
   at NUnit.Framework.Internal.Commands.TestMethodCommand.RunTestMethod(TestExecutionContext context)
   at NUnit.Framework.Internal.Commands.TestMethodCommand.Execute(TestExecutionContext context)
   at NUnit.Framework.Internal.Execution.SimpleWorkItem.&lt;&gt;c__DisplayClass4_0.&lt;PerformWork&gt;b__0()
   at NUnit.Framework.Internal.ContextUtils.&lt;&gt;c__DisplayClass1_0`1.&lt;DoIsolated&gt;b__0(Object _)

1)    at Microsoft.SqlTools.ServiceLayer.Test.Common.TestConnectionProfileService.GetInstance(String key) in /Users/aasimkhan/src/sqltoolsservice/test/Microsoft.SqlTools.ServiceLayer.Test.Common/TestConnectionProfileService.cs:line 59
   at Microsoft.SqlTools.ServiceLayer.Test.Common.TestConnectionProfileService.GetConnectionParameters(String key, String databaseName) in /Users/aasimkhan/src/sqltoolsservice/test/Microsoft.SqlTools.ServiceLayer.Test.Common/TestConnectionProfileService.cs:line 65
   at Microsoft.SqlTools.ServiceLayer.Test.Common.TestConnectionProfileService.GetConnectionParameters(TestServerType serverType, String databaseName) in /Users/aasimkhan/src/sqltoolsservice/test/Microsoft.SqlTools.ServiceLayer.Test.Common/TestConnectionProfileService.cs:line 75
   at Microsoft.SqlTools.ServiceLayer.IntegrationTests.Utility.LiveConnectionHelper.InitLiveConnectionInfoAsync(String databaseName, String ownerUri, String connectionType, TestServerType serverType) in /Users/aasimkhan/src/sqltoolsservice/test/Microsoft.SqlTools.ServiceLayer.IntegrationTests/Utility/LiveConnectionHelper.cs:line 68
   at System.Runtime.CompilerServices.AsyncMethodBuilderCore.Start[TStateMachine](TStateMachine&amp; stateMachine)
   at Microsoft.SqlTools.ServiceLayer.IntegrationTests.Utility.LiveConnectionHelper.InitLiveConnectionInfoAsync(String databaseName, String ownerUri, String connectionType, TestServerType serverType)
   at Microsoft.SqlTools.ServiceLayer.IntegrationTests.ObjectManagement.DatabaseHandlerTests.DatabaseNotExistsErrorTest() in /Users/aasimkhan/src/sqltoolsservice/test/Microsoft.SqlTools.ServiceLayer.IntegrationTests/ObjectManagement/DatabaseHandlerTests.cs:line 123
   at System.Runtime.CompilerServices.AsyncMethodBuilderCore.Start[TStateMachine](TStateMachine&amp; stateMachine)
   at Microsoft.SqlTools.ServiceLayer.IntegrationTests.ObjectManagement.DatabaseHandlerTests.DatabaseNotExistsErrorTest()</failure>
    </testcase>
    <testcase classname="Microsoft.SqlTools.ServiceLayer.IntegrationTests.ObjectManagement.DatabaseHandlerTests" name="DatabaseScriptTest" time="0.0010900">
      <failure type="failure" message="  Cannot find any instance for version key: sqlOnPrem&#xA;  Expected: True&#xA;  But was:  False&#xA;">at Microsoft.SqlTools.ServiceLayer.Test.Common.TestConnectionProfileService.GetInstance(String key) in /Users/aasimkhan/src/sqltoolsservice/test/Microsoft.SqlTools.ServiceLayer.Test.Common/TestConnectionProfileService.cs:line 59
   at Microsoft.SqlTools.ServiceLayer.Test.Common.TestConnectionProfileService.GetConnectionParameters(String key, String databaseName) in /Users/aasimkhan/src/sqltoolsservice/test/Microsoft.SqlTools.ServiceLayer.Test.Common/TestConnectionProfileService.cs:line 65
   at Microsoft.SqlTools.ServiceLayer.Test.Common.TestConnectionProfileService.GetConnectionParameters(TestServerType serverType, String databaseName) in /Users/aasimkhan/src/sqltoolsservice/test/Microsoft.SqlTools.ServiceLayer.Test.Common/TestConnectionProfileService.cs:line 75
   at Microsoft.SqlTools.ServiceLayer.IntegrationTests.Utility.LiveConnectionHelper.InitLiveConnectionInfoAsync(String databaseName, String ownerUri, String connectionType, TestServerType serverType) in /Users/aasimkhan/src/sqltoolsservice/test/Microsoft.SqlTools.ServiceLayer.IntegrationTests/Utility/LiveConnectionHelper.cs:line 68
   at Microsoft.SqlTools.ServiceLayer.IntegrationTests.ObjectManagement.DatabaseHandlerTests.DatabaseScriptTest() in /Users/aasimkhan/src/sqltoolsservice/test/Microsoft.SqlTools.ServiceLayer.IntegrationTests/ObjectManagement/DatabaseHandlerTests.cs:line 93
   at NUnit.Framework.Internal.TaskAwaitAdapter.GenericAdapter`1.GetResult()
   at NUnit.Framework.Internal.AsyncToSyncAdapter.Await(Func`1 invoke)
   at NUnit.Framework.Internal.Commands.TestMethodCommand.RunTestMethod(TestExecutionContext context)
   at NUnit.Framework.Internal.Commands.TestMethodCommand.Execute(TestExecutionContext context)
   at NUnit.Framework.Internal.Execution.SimpleWorkItem.&lt;&gt;c__DisplayClass4_0.&lt;PerformWork&gt;b__0()
   at NUnit.Framework.Internal.ContextUtils.&lt;&gt;c__DisplayClass1_0`1.&lt;DoIsolated&gt;b__0(Object _)

1)    at Microsoft.SqlTools.ServiceLayer.Test.Common.TestConnectionProfileService.GetInstance(String key) in /Users/aasimkhan/src/sqltoolsservice/test/Microsoft.SqlTools.ServiceLayer.Test.Common/TestConnectionProfileService.cs:line 59
   at Microsoft.SqlTools.ServiceLayer.Test.Common.TestConnectionProfileService.GetConnectionParameters(String key, String databaseName) in /Users/aasimkhan/src/sqltoolsservice/test/Microsoft.SqlTools.ServiceLayer.Test.Common/TestConnectionProfileService.cs:line 65
   at Microsoft.SqlTools.ServiceLayer.Test.Common.TestConnectionProfileService.GetConnectionParameters(TestServerType serverType, String databaseName) in /Users/aasimkhan/src/sqltoolsservice/test/Microsoft.SqlTools.ServiceLayer.Test.Common/TestConnectionProfileService.cs:line 75
   at Microsoft.SqlTools.ServiceLayer.IntegrationTests.Utility.LiveConnectionHelper.InitLiveConnectionInfoAsync(String databaseName, String ownerUri, String connectionType, TestServerType serverType) in /Users/aasimkhan/src/sqltoolsservice/test/Microsoft.SqlTools.ServiceLayer.IntegrationTests/Utility/LiveConnectionHelper.cs:line 68
   at System.Runtime.CompilerServices.AsyncMethodBuilderCore.Start[TStateMachine](TStateMachine&amp; stateMachine)
   at Microsoft.SqlTools.ServiceLayer.IntegrationTests.Utility.LiveConnectionHelper.InitLiveConnectionInfoAsync(String databaseName, String ownerUri, String connectionType, TestServerType serverType)
   at Microsoft.SqlTools.ServiceLayer.IntegrationTests.ObjectManagement.DatabaseHandlerTests.DatabaseScriptTest() in /Users/aasimkhan/src/sqltoolsservice/test/Microsoft.SqlTools.ServiceLayer.IntegrationTests/ObjectManagement/DatabaseHandlerTests.cs:line 93
   at System.Runtime.CompilerServices.AsyncMethodBuilderCore.Start[TStateMachine](TStateMachine&amp; stateMachine)
   at Microsoft.SqlTools.ServiceLayer.IntegrationTests.ObjectManagement.DatabaseHandlerTests.DatabaseScriptTest()</failure>
    </testcase>
    <testcase classname="Microsoft.SqlTools.ServiceLayer.IntegrationTests.ObjectManagement.DatabaseHandlerTests" name="DeleteDatabaseScriptTest" time="0.0012390">
      <failure type="failure" message="  Cannot find any instance for version key: sqlOnPrem&#xA;  Expected: True&#xA;  But was:  False&#xA;">at Microsoft.SqlTools.ServiceLayer.Test.Common.TestConnectionProfileService.GetInstance(String key) in /Users/aasimkhan/src/sqltoolsservice/test/Microsoft.SqlTools.ServiceLayer.Test.Common/TestConnectionProfileService.cs:line 59
   at Microsoft.SqlTools.ServiceLayer.Test.Common.TestConnectionProfileService.GetConnectionParameters(String key, String databaseName) in /Users/aasimkhan/src/sqltoolsservice/test/Microsoft.SqlTools.ServiceLayer.Test.Common/TestConnectionProfileService.cs:line 65
   at Microsoft.SqlTools.ServiceLayer.Test.Common.TestConnectionProfileService.GetConnectionParameters(TestServerType serverType, String databaseName) in /Users/aasimkhan/src/sqltoolsservice/test/Microsoft.SqlTools.ServiceLayer.Test.Common/TestConnectionProfileService.cs:line 75
   at Microsoft.SqlTools.ServiceLayer.IntegrationTests.Utility.LiveConnectionHelper.InitLiveConnectionInfoAsync(String databaseName, String ownerUri, String connectionType, TestServerType serverType) in /Users/aasimkhan/src/sqltoolsservice/test/Microsoft.SqlTools.ServiceLayer.IntegrationTests/Utility/LiveConnectionHelper.cs:line 68
   at Microsoft.SqlTools.ServiceLayer.IntegrationTests.ObjectManagement.DatabaseHandlerTests.DeleteDatabaseScriptTest() in /Users/aasimkhan/src/sqltoolsservice/test/Microsoft.SqlTools.ServiceLayer.IntegrationTests/ObjectManagement/DatabaseHandlerTests.cs:line 784
   at NUnit.Framework.Internal.TaskAwaitAdapter.GenericAdapter`1.GetResult()
   at NUnit.Framework.Internal.AsyncToSyncAdapter.Await(Func`1 invoke)
   at NUnit.Framework.Internal.Commands.TestMethodCommand.RunTestMethod(TestExecutionContext context)
   at NUnit.Framework.Internal.Commands.TestMethodCommand.Execute(TestExecutionContext context)
   at NUnit.Framework.Internal.Execution.SimpleWorkItem.&lt;&gt;c__DisplayClass4_0.&lt;PerformWork&gt;b__0()
   at NUnit.Framework.Internal.ContextUtils.&lt;&gt;c__DisplayClass1_0`1.&lt;DoIsolated&gt;b__0(Object _)

1)    at Microsoft.SqlTools.ServiceLayer.Test.Common.TestConnectionProfileService.GetInstance(String key) in /Users/aasimkhan/src/sqltoolsservice/test/Microsoft.SqlTools.ServiceLayer.Test.Common/TestConnectionProfileService.cs:line 59
   at Microsoft.SqlTools.ServiceLayer.Test.Common.TestConnectionProfileService.GetConnectionParameters(String key, String databaseName) in /Users/aasimkhan/src/sqltoolsservice/test/Microsoft.SqlTools.ServiceLayer.Test.Common/TestConnectionProfileService.cs:line 65
   at Microsoft.SqlTools.ServiceLayer.Test.Common.TestConnectionProfileService.GetConnectionParameters(TestServerType serverType, String databaseName) in /Users/aasimkhan/src/sqltoolsservice/test/Microsoft.SqlTools.ServiceLayer.Test.Common/TestConnectionProfileService.cs:line 75
   at Microsoft.SqlTools.ServiceLayer.IntegrationTests.Utility.LiveConnectionHelper.InitLiveConnectionInfoAsync(String databaseName, String ownerUri, String connectionType, TestServerType serverType) in /Users/aasimkhan/src/sqltoolsservice/test/Microsoft.SqlTools.ServiceLayer.IntegrationTests/Utility/LiveConnectionHelper.cs:line 68
   at System.Runtime.CompilerServices.AsyncMethodBuilderCore.Start[TStateMachine](TStateMachine&amp; stateMachine)
   at Microsoft.SqlTools.ServiceLayer.IntegrationTests.Utility.LiveConnectionHelper.InitLiveConnectionInfoAsync(String databaseName, String ownerUri, String connectionType, TestServerType serverType)
   at Microsoft.SqlTools.ServiceLayer.IntegrationTests.ObjectManagement.DatabaseHandlerTests.DeleteDatabaseScriptTest() in /Users/aasimkhan/src/sqltoolsservice/test/Microsoft.SqlTools.ServiceLayer.IntegrationTests/ObjectManagement/DatabaseHandlerTests.cs:line 784
   at System.Runtime.CompilerServices.AsyncMethodBuilderCore.Start[TStateMachine](TStateMachine&amp; stateMachine)
   at Microsoft.SqlTools.ServiceLayer.IntegrationTests.ObjectManagement.DatabaseHandlerTests.DeleteDatabaseScriptTest()</failure>
    </testcase>
    <testcase classname="Microsoft.SqlTools.ServiceLayer.IntegrationTests.ObjectManagement.DatabaseHandlerTests" name="DeleteDatabaseTest" time="0.0014420">
      <failure type="failure" message="  Cannot find any instance for version key: sqlOnPrem&#xA;  Expected: True&#xA;  But was:  False&#xA;">at Microsoft.SqlTools.ServiceLayer.Test.Common.TestConnectionProfileService.GetInstance(String key) in /Users/aasimkhan/src/sqltoolsservice/test/Microsoft.SqlTools.ServiceLayer.Test.Common/TestConnectionProfileService.cs:line 59
   at Microsoft.SqlTools.ServiceLayer.Test.Common.TestConnectionProfileService.GetConnectionParameters(String key, String databaseName) in /Users/aasimkhan/src/sqltoolsservice/test/Microsoft.SqlTools.ServiceLayer.Test.Common/TestConnectionProfileService.cs:line 65
   at Microsoft.SqlTools.ServiceLayer.Test.Common.TestConnectionProfileService.GetConnectionParameters(TestServerType serverType, String databaseName) in /Users/aasimkhan/src/sqltoolsservice/test/Microsoft.SqlTools.ServiceLayer.Test.Common/TestConnectionProfileService.cs:line 75
   at Microsoft.SqlTools.ServiceLayer.IntegrationTests.Utility.LiveConnectionHelper.InitLiveConnectionInfoAsync(String databaseName, String ownerUri, String connectionType, TestServerType serverType) in /Users/aasimkhan/src/sqltoolsservice/test/Microsoft.SqlTools.ServiceLayer.IntegrationTests/Utility/LiveConnectionHelper.cs:line 68
   at Microsoft.SqlTools.ServiceLayer.IntegrationTests.ObjectManagement.DatabaseHandlerTests.DeleteDatabaseTest() in /Users/aasimkhan/src/sqltoolsservice/test/Microsoft.SqlTools.ServiceLayer.IntegrationTests/ObjectManagement/DatabaseHandlerTests.cs:line 740
   at NUnit.Framework.Internal.TaskAwaitAdapter.GenericAdapter`1.GetResult()
   at NUnit.Framework.Internal.AsyncToSyncAdapter.Await(Func`1 invoke)
   at NUnit.Framework.Internal.Commands.TestMethodCommand.RunTestMethod(TestExecutionContext context)
   at NUnit.Framework.Internal.Commands.TestMethodCommand.Execute(TestExecutionContext context)
   at NUnit.Framework.Internal.Execution.SimpleWorkItem.&lt;&gt;c__DisplayClass4_0.&lt;PerformWork&gt;b__0()
   at NUnit.Framework.Internal.ContextUtils.&lt;&gt;c__DisplayClass1_0`1.&lt;DoIsolated&gt;b__0(Object _)

1)    at Microsoft.SqlTools.ServiceLayer.Test.Common.TestConnectionProfileService.GetInstance(String key) in /Users/aasimkhan/src/sqltoolsservice/test/Microsoft.SqlTools.ServiceLayer.Test.Common/TestConnectionProfileService.cs:line 59
   at Microsoft.SqlTools.ServiceLayer.Test.Common.TestConnectionProfileService.GetConnectionParameters(String key, String databaseName) in /Users/aasimkhan/src/sqltoolsservice/test/Microsoft.SqlTools.ServiceLayer.Test.Common/TestConnectionProfileService.cs:line 65
   at Microsoft.SqlTools.ServiceLayer.Test.Common.TestConnectionProfileService.GetConnectionParameters(TestServerType serverType, String databaseName) in /Users/aasimkhan/src/sqltoolsservice/test/Microsoft.SqlTools.ServiceLayer.Test.Common/TestConnectionProfileService.cs:line 75
   at Microsoft.SqlTools.ServiceLayer.IntegrationTests.Utility.LiveConnectionHelper.InitLiveConnectionInfoAsync(String databaseName, String ownerUri, String connectionType, TestServerType serverType) in /Users/aasimkhan/src/sqltoolsservice/test/Microsoft.SqlTools.ServiceLayer.IntegrationTests/Utility/LiveConnectionHelper.cs:line 68
   at System.Runtime.CompilerServices.AsyncMethodBuilderCore.Start[TStateMachine](TStateMachine&amp; stateMachine)
   at Microsoft.SqlTools.ServiceLayer.IntegrationTests.Utility.LiveConnectionHelper.InitLiveConnectionInfoAsync(String databaseName, String ownerUri, String connectionType, TestServerType serverType)
   at Microsoft.SqlTools.ServiceLayer.IntegrationTests.ObjectManagement.DatabaseHandlerTests.DeleteDatabaseTest() in /Users/aasimkhan/src/sqltoolsservice/test/Microsoft.SqlTools.ServiceLayer.IntegrationTests/ObjectManagement/DatabaseHandlerTests.cs:line 740
   at System.Runtime.CompilerServices.AsyncMethodBuilderCore.Start[TStateMachine](TStateMachine&amp; stateMachine)
   at Microsoft.SqlTools.ServiceLayer.IntegrationTests.ObjectManagement.DatabaseHandlerTests.DeleteDatabaseTest()</failure>
    </testcase>
    <testcase classname="Microsoft.SqlTools.ServiceLayer.IntegrationTests.ObjectManagement.DatabaseHandlerTests" name="DetachDatabaseScriptTest" time="0.0014319">
      <failure type="failure" message="  Cannot find any instance for version key: sqlOnPrem&#xA;  Expected: True&#xA;  But was:  False&#xA;">at Microsoft.SqlTools.ServiceLayer.Test.Common.TestConnectionProfileService.GetInstance(String key) in /Users/aasimkhan/src/sqltoolsservice/test/Microsoft.SqlTools.ServiceLayer.Test.Common/TestConnectionProfileService.cs:line 59
   at Microsoft.SqlTools.ServiceLayer.Test.Common.TestConnectionProfileService.GetConnectionParameters(String key, String databaseName) in /Users/aasimkhan/src/sqltoolsservice/test/Microsoft.SqlTools.ServiceLayer.Test.Common/TestConnectionProfileService.cs:line 65
   at Microsoft.SqlTools.ServiceLayer.Test.Common.TestConnectionProfileService.GetConnectionParameters(TestServerType serverType, String databaseName) in /Users/aasimkhan/src/sqltoolsservice/test/Microsoft.SqlTools.ServiceLayer.Test.Common/TestConnectionProfileService.cs:line 75
   at Microsoft.SqlTools.ServiceLayer.IntegrationTests.Utility.LiveConnectionHelper.InitLiveConnectionInfoAsync(String databaseName, String ownerUri, String connectionType, TestServerType serverType) in /Users/aasimkhan/src/sqltoolsservice/test/Microsoft.SqlTools.ServiceLayer.IntegrationTests/Utility/LiveConnectionHelper.cs:line 68
   at Microsoft.SqlTools.ServiceLayer.IntegrationTests.ObjectManagement.DatabaseHandlerTests.DetachDatabaseScriptTest() in /Users/aasimkhan/src/sqltoolsservice/test/Microsoft.SqlTools.ServiceLayer.IntegrationTests/ObjectManagement/DatabaseHandlerTests.cs:line 577
   at NUnit.Framework.Internal.TaskAwaitAdapter.GenericAdapter`1.GetResult()
   at NUnit.Framework.Internal.AsyncToSyncAdapter.Await(Func`1 invoke)
   at NUnit.Framework.Internal.Commands.TestMethodCommand.RunTestMethod(TestExecutionContext context)
   at NUnit.Framework.Internal.Commands.TestMethodCommand.Execute(TestExecutionContext context)
   at NUnit.Framework.Internal.Execution.SimpleWorkItem.&lt;&gt;c__DisplayClass4_0.&lt;PerformWork&gt;b__0()
   at NUnit.Framework.Internal.ContextUtils.&lt;&gt;c__DisplayClass1_0`1.&lt;DoIsolated&gt;b__0(Object _)

1)    at Microsoft.SqlTools.ServiceLayer.Test.Common.TestConnectionProfileService.GetInstance(String key) in /Users/aasimkhan/src/sqltoolsservice/test/Microsoft.SqlTools.ServiceLayer.Test.Common/TestConnectionProfileService.cs:line 59
   at Microsoft.SqlTools.ServiceLayer.Test.Common.TestConnectionProfileService.GetConnectionParameters(String key, String databaseName) in /Users/aasimkhan/src/sqltoolsservice/test/Microsoft.SqlTools.ServiceLayer.Test.Common/TestConnectionProfileService.cs:line 65
   at Microsoft.SqlTools.ServiceLayer.Test.Common.TestConnectionProfileService.GetConnectionParameters(TestServerType serverType, String databaseName) in /Users/aasimkhan/src/sqltoolsservice/test/Microsoft.SqlTools.ServiceLayer.Test.Common/TestConnectionProfileService.cs:line 75
   at Microsoft.SqlTools.ServiceLayer.IntegrationTests.Utility.LiveConnectionHelper.InitLiveConnectionInfoAsync(String databaseName, String ownerUri, String connectionType, TestServerType serverType) in /Users/aasimkhan/src/sqltoolsservice/test/Microsoft.SqlTools.ServiceLayer.IntegrationTests/Utility/LiveConnectionHelper.cs:line 68
   at System.Runtime.CompilerServices.AsyncMethodBuilderCore.Start[TStateMachine](TStateMachine&amp; stateMachine)
   at Microsoft.SqlTools.ServiceLayer.IntegrationTests.Utility.LiveConnectionHelper.InitLiveConnectionInfoAsync(String databaseName, String ownerUri, String connectionType, TestServerType serverType)
   at Microsoft.SqlTools.ServiceLayer.IntegrationTests.ObjectManagement.DatabaseHandlerTests.DetachDatabaseScriptTest() in /Users/aasimkhan/src/sqltoolsservice/test/Microsoft.SqlTools.ServiceLayer.IntegrationTests/ObjectManagement/DatabaseHandlerTests.cs:line 577
   at System.Runtime.CompilerServices.AsyncMethodBuilderCore.Start[TStateMachine](TStateMachine&amp; stateMachine)
   at Microsoft.SqlTools.ServiceLayer.IntegrationTests.ObjectManagement.DatabaseHandlerTests.DetachDatabaseScriptTest()</failure>
    </testcase>
    <testcase classname="Microsoft.SqlTools.ServiceLayer.IntegrationTests.ObjectManagement.DatabaseHandlerTests" name="DetachDatabaseTest" time="0.0014220">
      <failure type="failure" message="  Cannot find any instance for version key: sqlOnPrem&#xA;  Expected: True&#xA;  But was:  False&#xA;">at Microsoft.SqlTools.ServiceLayer.Test.Common.TestConnectionProfileService.GetInstance(String key) in /Users/aasimkhan/src/sqltoolsservice/test/Microsoft.SqlTools.ServiceLayer.Test.Common/TestConnectionProfileService.cs:line 59
   at Microsoft.SqlTools.ServiceLayer.Test.Common.TestConnectionProfileService.GetConnectionParameters(String key, String databaseName) in /Users/aasimkhan/src/sqltoolsservice/test/Microsoft.SqlTools.ServiceLayer.Test.Common/TestConnectionProfileService.cs:line 65
   at Microsoft.SqlTools.ServiceLayer.Test.Common.TestConnectionProfileService.GetConnectionParameters(TestServerType serverType, String databaseName) in /Users/aasimkhan/src/sqltoolsservice/test/Microsoft.SqlTools.ServiceLayer.Test.Common/TestConnectionProfileService.cs:line 75
   at Microsoft.SqlTools.ServiceLayer.IntegrationTests.Utility.LiveConnectionHelper.InitLiveConnectionInfoAsync(String databaseName, String ownerUri, String connectionType, TestServerType serverType) in /Users/aasimkhan/src/sqltoolsservice/test/Microsoft.SqlTools.ServiceLayer.IntegrationTests/Utility/LiveConnectionHelper.cs:line 68
   at Microsoft.SqlTools.ServiceLayer.IntegrationTests.ObjectManagement.DatabaseHandlerTests.DetachDatabaseTest() in /Users/aasimkhan/src/sqltoolsservice/test/Microsoft.SqlTools.ServiceLayer.IntegrationTests/ObjectManagement/DatabaseHandlerTests.cs:line 513
   at NUnit.Framework.Internal.TaskAwaitAdapter.GenericAdapter`1.GetResult()
   at NUnit.Framework.Internal.AsyncToSyncAdapter.Await(Func`1 invoke)
   at NUnit.Framework.Internal.Commands.TestMethodCommand.RunTestMethod(TestExecutionContext context)
   at NUnit.Framework.Internal.Commands.TestMethodCommand.Execute(TestExecutionContext context)
   at NUnit.Framework.Internal.Execution.SimpleWorkItem.&lt;&gt;c__DisplayClass4_0.&lt;PerformWork&gt;b__0()
   at NUnit.Framework.Internal.ContextUtils.&lt;&gt;c__DisplayClass1_0`1.&lt;DoIsolated&gt;b__0(Object _)

1)    at Microsoft.SqlTools.ServiceLayer.Test.Common.TestConnectionProfileService.GetInstance(String key) in /Users/aasimkhan/src/sqltoolsservice/test/Microsoft.SqlTools.ServiceLayer.Test.Common/TestConnectionProfileService.cs:line 59
   at Microsoft.SqlTools.ServiceLayer.Test.Common.TestConnectionProfileService.GetConnectionParameters(String key, String databaseName) in /Users/aasimkhan/src/sqltoolsservice/test/Microsoft.SqlTools.ServiceLayer.Test.Common/TestConnectionProfileService.cs:line 65
   at Microsoft.SqlTools.ServiceLayer.Test.Common.TestConnectionProfileService.GetConnectionParameters(TestServerType serverType, String databaseName) in /Users/aasimkhan/src/sqltoolsservice/test/Microsoft.SqlTools.ServiceLayer.Test.Common/TestConnectionProfileService.cs:line 75
   at Microsoft.SqlTools.ServiceLayer.IntegrationTests.Utility.LiveConnectionHelper.InitLiveConnectionInfoAsync(String databaseName, String ownerUri, String connectionType, TestServerType serverType) in /Users/aasimkhan/src/sqltoolsservice/test/Microsoft.SqlTools.ServiceLayer.IntegrationTests/Utility/LiveConnectionHelper.cs:line 68
   at System.Runtime.CompilerServices.AsyncMethodBuilderCore.Start[TStateMachine](TStateMachine&amp; stateMachine)
   at Microsoft.SqlTools.ServiceLayer.IntegrationTests.Utility.LiveConnectionHelper.InitLiveConnectionInfoAsync(String databaseName, String ownerUri, String connectionType, TestServerType serverType)
   at Microsoft.SqlTools.ServiceLayer.IntegrationTests.ObjectManagement.DatabaseHandlerTests.DetachDatabaseTest() in /Users/aasimkhan/src/sqltoolsservice/test/Microsoft.SqlTools.ServiceLayer.IntegrationTests/ObjectManagement/DatabaseHandlerTests.cs:line 513
   at System.Runtime.CompilerServices.AsyncMethodBuilderCore.Start[TStateMachine](TStateMachine&amp; stateMachine)
   at Microsoft.SqlTools.ServiceLayer.IntegrationTests.ObjectManagement.DatabaseHandlerTests.DetachDatabaseTest()</failure>
    </testcase>
    <testcase classname="Microsoft.SqlTools.ServiceLayer.IntegrationTests.ObjectManagement.DatabaseHandlerTests" name="GetAzureBackupRedundancyLevelsTest" time="0.0001160" />
    <testcase classname="Microsoft.SqlTools.ServiceLayer.IntegrationTests.ObjectManagement.DatabaseHandlerTests" name="GetAzureEditionsTest" time="0.0001740" />
    <testcase classname="Microsoft.SqlTools.ServiceLayer.IntegrationTests.ObjectManagement.DatabaseHandlerTests" name="GetAzureMaxSizesTest" time="0.0006070" />
    <testcase classname="Microsoft.SqlTools.ServiceLayer.IntegrationTests.ObjectManagement.DatabaseHandlerTests" name="GetAzureServiceLevelObjectivesTest" time="0.0003560" />
    <testcase classname="Microsoft.SqlTools.ServiceLayer.IntegrationTests.ObjectManagement.DatabaseHandlerTests" name="Sql2022PropertiesTest" time="0.0013410">
      <failure type="failure" message="  Cannot find any instance for version key: sqlOnPrem&#xA;  Expected: True&#xA;  But was:  False&#xA;">at Microsoft.SqlTools.ServiceLayer.Test.Common.TestConnectionProfileService.GetInstance(String key) in /Users/aasimkhan/src/sqltoolsservice/test/Microsoft.SqlTools.ServiceLayer.Test.Common/TestConnectionProfileService.cs:line 59
   at Microsoft.SqlTools.ServiceLayer.Test.Common.TestConnectionProfileService.GetConnectionParameters(String key, String databaseName) in /Users/aasimkhan/src/sqltoolsservice/test/Microsoft.SqlTools.ServiceLayer.Test.Common/TestConnectionProfileService.cs:line 65
   at Microsoft.SqlTools.ServiceLayer.Test.Common.TestConnectionProfileService.GetConnectionParameters(TestServerType serverType, String databaseName) in /Users/aasimkhan/src/sqltoolsservice/test/Microsoft.SqlTools.ServiceLayer.Test.Common/TestConnectionProfileService.cs:line 75
   at Microsoft.SqlTools.ServiceLayer.IntegrationTests.Utility.LiveConnectionHelper.InitLiveConnectionInfoAsync(String databaseName, String ownerUri, String connectionType, TestServerType serverType) in /Users/aasimkhan/src/sqltoolsservice/test/Microsoft.SqlTools.ServiceLayer.IntegrationTests/Utility/LiveConnectionHelper.cs:line 68
   at Microsoft.SqlTools.ServiceLayer.IntegrationTests.ObjectManagement.DatabaseHandlerTests.Sql2022PropertiesTest() in /Users/aasimkhan/src/sqltoolsservice/test/Microsoft.SqlTools.ServiceLayer.IntegrationTests/ObjectManagement/DatabaseHandlerTests.cs:line 850
   at NUnit.Framework.Internal.TaskAwaitAdapter.GenericAdapter`1.GetResult()
   at NUnit.Framework.Internal.AsyncToSyncAdapter.Await(Func`1 invoke)
   at NUnit.Framework.Internal.Commands.TestMethodCommand.RunTestMethod(TestExecutionContext context)
   at NUnit.Framework.Internal.Commands.TestMethodCommand.Execute(TestExecutionContext context)
   at NUnit.Framework.Internal.Execution.SimpleWorkItem.&lt;&gt;c__DisplayClass4_0.&lt;PerformWork&gt;b__0()
   at NUnit.Framework.Internal.ContextUtils.&lt;&gt;c__DisplayClass1_0`1.&lt;DoIsolated&gt;b__0(Object _)

1)    at Microsoft.SqlTools.ServiceLayer.Test.Common.TestConnectionProfileService.GetInstance(String key) in /Users/aasimkhan/src/sqltoolsservice/test/Microsoft.SqlTools.ServiceLayer.Test.Common/TestConnectionProfileService.cs:line 59
   at Microsoft.SqlTools.ServiceLayer.Test.Common.TestConnectionProfileService.GetConnectionParameters(String key, String databaseName) in /Users/aasimkhan/src/sqltoolsservice/test/Microsoft.SqlTools.ServiceLayer.Test.Common/TestConnectionProfileService.cs:line 65
   at Microsoft.SqlTools.ServiceLayer.Test.Common.TestConnectionProfileService.GetConnectionParameters(TestServerType serverType, String databaseName) in /Users/aasimkhan/src/sqltoolsservice/test/Microsoft.SqlTools.ServiceLayer.Test.Common/TestConnectionProfileService.cs:line 75
   at Microsoft.SqlTools.ServiceLayer.IntegrationTests.Utility.LiveConnectionHelper.InitLiveConnectionInfoAsync(String databaseName, String ownerUri, String connectionType, TestServerType serverType) in /Users/aasimkhan/src/sqltoolsservice/test/Microsoft.SqlTools.ServiceLayer.IntegrationTests/Utility/LiveConnectionHelper.cs:line 68
   at System.Runtime.CompilerServices.AsyncMethodBuilderCore.Start[TStateMachine](TStateMachine&amp; stateMachine)
   at Microsoft.SqlTools.ServiceLayer.IntegrationTests.Utility.LiveConnectionHelper.InitLiveConnectionInfoAsync(String databaseName, String ownerUri, String connectionType, TestServerType serverType)
   at Microsoft.SqlTools.ServiceLayer.IntegrationTests.ObjectManagement.DatabaseHandlerTests.Sql2022PropertiesTest() in /Users/aasimkhan/src/sqltoolsservice/test/Microsoft.SqlTools.ServiceLayer.IntegrationTests/ObjectManagement/DatabaseHandlerTests.cs:line 850
   at System.Runtime.CompilerServices.AsyncMethodBuilderCore.Start[TStateMachine](TStateMachine&amp; stateMachine)
   at Microsoft.SqlTools.ServiceLayer.IntegrationTests.ObjectManagement.DatabaseHandlerTests.Sql2022PropertiesTest()</failure>
    </testcase>
    <testcase classname="Microsoft.SqlTools.ServiceLayer.IntegrationTests.ObjectManagement.DatabaseHandlerTests" name="VerifyDatabaseFileGroupsTest" time="0.0020870">
      <failure type="failure" message="  Cannot find any instance for version key: sqlOnPrem&#xA;  Expected: True&#xA;  But was:  False&#xA;">at Microsoft.SqlTools.ServiceLayer.Test.Common.TestConnectionProfileService.GetInstance(String key) in /Users/aasimkhan/src/sqltoolsservice/test/Microsoft.SqlTools.ServiceLayer.Test.Common/TestConnectionProfileService.cs:line 59
   at Microsoft.SqlTools.ServiceLayer.Test.Common.TestConnectionProfileService.GetConnectionParameters(String key, String databaseName) in /Users/aasimkhan/src/sqltoolsservice/test/Microsoft.SqlTools.ServiceLayer.Test.Common/TestConnectionProfileService.cs:line 65
   at Microsoft.SqlTools.ServiceLayer.Test.Common.TestConnectionProfileService.GetConnectionParameters(TestServerType serverType, String databaseName) in /Users/aasimkhan/src/sqltoolsservice/test/Microsoft.SqlTools.ServiceLayer.Test.Common/TestConnectionProfileService.cs:line 75
   at Microsoft.SqlTools.ServiceLayer.Test.Common.TestServiceProvider.InitLiveConnectionInfo(TestServerType serverType, String databaseName, String scriptFilePath) in /Users/aasimkhan/src/sqltoolsservice/test/Microsoft.SqlTools.ServiceLayer.Test.Common/TestServiceProvider.cs:line 142
   at Microsoft.SqlTools.ServiceLayer.Test.Common.TestServiceProvider.RunQueryAsync(TestServerType serverType, String databaseName, String queryText, Boolean throwOnError) in /Users/aasimkhan/src/sqltoolsservice/test/Microsoft.SqlTools.ServiceLayer.Test.Common/TestServiceProvider.cs:line 110
   at Microsoft.SqlTools.ServiceLayer.Test.Common.SqlTestDb.CreateNewAsync(TestServerType serverType, Boolean doNotCleanupDb, String databaseName, String query, String dbNamePrefix) in /Users/aasimkhan/src/sqltoolsservice/test/Microsoft.SqlTools.ServiceLayer.Test.Common/SqlTestDb.cs:line 101
   at Microsoft.SqlTools.ServiceLayer.IntegrationTests.ObjectManagement.DatabaseHandlerTests.VerifyDatabaseFileGroupsTest() in /Users/aasimkhan/src/sqltoolsservice/test/Microsoft.SqlTools.ServiceLayer.IntegrationTests/ObjectManagement/DatabaseHandlerTests.cs:line 451
   at NUnit.Framework.Internal.TaskAwaitAdapter.GenericAdapter`1.GetResult()
   at NUnit.Framework.Internal.AsyncToSyncAdapter.Await(Func`1 invoke)
   at NUnit.Framework.Internal.Commands.TestMethodCommand.RunTestMethod(TestExecutionContext context)
   at NUnit.Framework.Internal.Commands.TestMethodCommand.Execute(TestExecutionContext context)
   at NUnit.Framework.Internal.Execution.SimpleWorkItem.&lt;&gt;c__DisplayClass4_0.&lt;PerformWork&gt;b__0()
   at NUnit.Framework.Internal.ContextUtils.&lt;&gt;c__DisplayClass1_0`1.&lt;DoIsolated&gt;b__0(Object _)

1)    at Microsoft.SqlTools.ServiceLayer.Test.Common.TestConnectionProfileService.GetInstance(String key) in /Users/aasimkhan/src/sqltoolsservice/test/Microsoft.SqlTools.ServiceLayer.Test.Common/TestConnectionProfileService.cs:line 59
   at Microsoft.SqlTools.ServiceLayer.Test.Common.TestConnectionProfileService.GetConnectionParameters(String key, String databaseName) in /Users/aasimkhan/src/sqltoolsservice/test/Microsoft.SqlTools.ServiceLayer.Test.Common/TestConnectionProfileService.cs:line 65
   at Microsoft.SqlTools.ServiceLayer.Test.Common.TestConnectionProfileService.GetConnectionParameters(TestServerType serverType, String databaseName) in /Users/aasimkhan/src/sqltoolsservice/test/Microsoft.SqlTools.ServiceLayer.Test.Common/TestConnectionProfileService.cs:line 75
   at Microsoft.SqlTools.ServiceLayer.Test.Common.TestServiceProvider.InitLiveConnectionInfo(TestServerType serverType, String databaseName, String scriptFilePath) in /Users/aasimkhan/src/sqltoolsservice/test/Microsoft.SqlTools.ServiceLayer.Test.Common/TestServiceProvider.cs:line 142
   at System.Runtime.CompilerServices.AsyncMethodBuilderCore.Start[TStateMachine](TStateMachine&amp; stateMachine)
   at Microsoft.SqlTools.ServiceLayer.Test.Common.TestServiceProvider.InitLiveConnectionInfo(TestServerType serverType, String databaseName, String scriptFilePath)
   at Microsoft.SqlTools.ServiceLayer.Test.Common.TestServiceProvider.RunQueryAsync(TestServerType serverType, String databaseName, String queryText, Boolean throwOnError) in /Users/aasimkhan/src/sqltoolsservice/test/Microsoft.SqlTools.ServiceLayer.Test.Common/TestServiceProvider.cs:line 110
   at System.Runtime.CompilerServices.AsyncMethodBuilderCore.Start[TStateMachine](TStateMachine&amp; stateMachine)
   at Microsoft.SqlTools.ServiceLayer.Test.Common.TestServiceProvider.RunQueryAsync(TestServerType serverType, String databaseName, String queryText, Boolean throwOnError)
   at Microsoft.SqlTools.ServiceLayer.Test.Common.SqlTestDb.CreateNewAsync(TestServerType serverType, Boolean doNotCleanupDb, String databaseName, String query, String dbNamePrefix) in /Users/aasimkhan/src/sqltoolsservice/test/Microsoft.SqlTools.ServiceLayer.Test.Common/SqlTestDb.cs:line 101
   at System.Runtime.CompilerServices.AsyncMethodBuilderCore.Start[TStateMachine](TStateMachine&amp; stateMachine)
   at Microsoft.SqlTools.ServiceLayer.Test.Common.SqlTestDb.CreateNewAsync(TestServerType serverType, Boolean doNotCleanupDb, String databaseName, String query, String dbNamePrefix)
   at Microsoft.SqlTools.ServiceLayer.IntegrationTests.ObjectManagement.DatabaseHandlerTests.VerifyDatabaseFileGroupsTest() in /Users/aasimkhan/src/sqltoolsservice/test/Microsoft.SqlTools.ServiceLayer.IntegrationTests/ObjectManagement/DatabaseHandlerTests.cs:line 451
   at System.Runtime.CompilerServices.AsyncMethodBuilderCore.Start[TStateMachine](TStateMachine&amp; stateMachine)
   at Microsoft.SqlTools.ServiceLayer.IntegrationTests.ObjectManagement.DatabaseHandlerTests.VerifyDatabaseFileGroupsTest()</failure>
    </testcase>
    <testcase classname="Microsoft.SqlTools.ServiceLayer.IntegrationTests.ObjectManagement.DatabaseHandlerTests" name="VerifyDatabaseFilesTest" time="0.0018000">
      <failure type="failure" message="  Cannot find any instance for version key: sqlOnPrem&#xA;  Expected: True&#xA;  But was:  False&#xA;">at Microsoft.SqlTools.ServiceLayer.Test.Common.TestConnectionProfileService.GetInstance(String key) in /Users/aasimkhan/src/sqltoolsservice/test/Microsoft.SqlTools.ServiceLayer.Test.Common/TestConnectionProfileService.cs:line 59
   at Microsoft.SqlTools.ServiceLayer.Test.Common.TestConnectionProfileService.GetConnectionParameters(String key, String databaseName) in /Users/aasimkhan/src/sqltoolsservice/test/Microsoft.SqlTools.ServiceLayer.Test.Common/TestConnectionProfileService.cs:line 65
   at Microsoft.SqlTools.ServiceLayer.Test.Common.TestConnectionProfileService.GetConnectionParameters(TestServerType serverType, String databaseName) in /Users/aasimkhan/src/sqltoolsservice/test/Microsoft.SqlTools.ServiceLayer.Test.Common/TestConnectionProfileService.cs:line 75
   at Microsoft.SqlTools.ServiceLayer.Test.Common.TestServiceProvider.InitLiveConnectionInfo(TestServerType serverType, String databaseName, String scriptFilePath) in /Users/aasimkhan/src/sqltoolsservice/test/Microsoft.SqlTools.ServiceLayer.Test.Common/TestServiceProvider.cs:line 142
   at Microsoft.SqlTools.ServiceLayer.Test.Common.TestServiceProvider.RunQueryAsync(TestServerType serverType, String databaseName, String queryText, Boolean throwOnError) in /Users/aasimkhan/src/sqltoolsservice/test/Microsoft.SqlTools.ServiceLayer.Test.Common/TestServiceProvider.cs:line 110
   at Microsoft.SqlTools.ServiceLayer.Test.Common.SqlTestDb.CreateNewAsync(TestServerType serverType, Boolean doNotCleanupDb, String databaseName, String query, String dbNamePrefix) in /Users/aasimkhan/src/sqltoolsservice/test/Microsoft.SqlTools.ServiceLayer.Test.Common/SqlTestDb.cs:line 101
   at Microsoft.SqlTools.ServiceLayer.IntegrationTests.ObjectManagement.DatabaseHandlerTests.VerifyDatabaseFilesTest() in /Users/aasimkhan/src/sqltoolsservice/test/Microsoft.SqlTools.ServiceLayer.IntegrationTests/ObjectManagement/DatabaseHandlerTests.cs:line 380
   at NUnit.Framework.Internal.TaskAwaitAdapter.GenericAdapter`1.GetResult()
   at NUnit.Framework.Internal.AsyncToSyncAdapter.Await(Func`1 invoke)
   at NUnit.Framework.Internal.Commands.TestMethodCommand.RunTestMethod(TestExecutionContext context)
   at NUnit.Framework.Internal.Commands.TestMethodCommand.Execute(TestExecutionContext context)
   at NUnit.Framework.Internal.Execution.SimpleWorkItem.&lt;&gt;c__DisplayClass4_0.&lt;PerformWork&gt;b__0()
   at NUnit.Framework.Internal.ContextUtils.&lt;&gt;c__DisplayClass1_0`1.&lt;DoIsolated&gt;b__0(Object _)

1)    at Microsoft.SqlTools.ServiceLayer.Test.Common.TestConnectionProfileService.GetInstance(String key) in /Users/aasimkhan/src/sqltoolsservice/test/Microsoft.SqlTools.ServiceLayer.Test.Common/TestConnectionProfileService.cs:line 59
   at Microsoft.SqlTools.ServiceLayer.Test.Common.TestConnectionProfileService.GetConnectionParameters(String key, String databaseName) in /Users/aasimkhan/src/sqltoolsservice/test/Microsoft.SqlTools.ServiceLayer.Test.Common/TestConnectionProfileService.cs:line 65
   at Microsoft.SqlTools.ServiceLayer.Test.Common.TestConnectionProfileService.GetConnectionParameters(TestServerType serverType, String databaseName) in /Users/aasimkhan/src/sqltoolsservice/test/Microsoft.SqlTools.ServiceLayer.Test.Common/TestConnectionProfileService.cs:line 75
   at Microsoft.SqlTools.ServiceLayer.Test.Common.TestServiceProvider.InitLiveConnectionInfo(TestServerType serverType, String databaseName, String scriptFilePath) in /Users/aasimkhan/src/sqltoolsservice/test/Microsoft.SqlTools.ServiceLayer.Test.Common/TestServiceProvider.cs:line 142
   at System.Runtime.CompilerServices.AsyncMethodBuilderCore.Start[TStateMachine](TStateMachine&amp; stateMachine)
   at Microsoft.SqlTools.ServiceLayer.Test.Common.TestServiceProvider.InitLiveConnectionInfo(TestServerType serverType, String databaseName, String scriptFilePath)
   at Microsoft.SqlTools.ServiceLayer.Test.Common.TestServiceProvider.RunQueryAsync(TestServerType serverType, String databaseName, String queryText, Boolean throwOnError) in /Users/aasimkhan/src/sqltoolsservice/test/Microsoft.SqlTools.ServiceLayer.Test.Common/TestServiceProvider.cs:line 110
   at System.Runtime.CompilerServices.AsyncMethodBuilderCore.Start[TStateMachine](TStateMachine&amp; stateMachine)
   at Microsoft.SqlTools.ServiceLayer.Test.Common.TestServiceProvider.RunQueryAsync(TestServerType serverType, String databaseName, String queryText, Boolean throwOnError)
   at Microsoft.SqlTools.ServiceLayer.Test.Common.SqlTestDb.CreateNewAsync(TestServerType serverType, Boolean doNotCleanupDb, String databaseName, String query, String dbNamePrefix) in /Users/aasimkhan/src/sqltoolsservice/test/Microsoft.SqlTools.ServiceLayer.Test.Common/SqlTestDb.cs:line 101
   at System.Runtime.CompilerServices.AsyncMethodBuilderCore.Start[TStateMachine](TStateMachine&amp; stateMachine)
   at Microsoft.SqlTools.ServiceLayer.Test.Common.SqlTestDb.CreateNewAsync(TestServerType serverType, Boolean doNotCleanupDb, String databaseName, String query, String dbNamePrefix)
   at Microsoft.SqlTools.ServiceLayer.IntegrationTests.ObjectManagement.DatabaseHandlerTests.VerifyDatabaseFilesTest() in /Users/aasimkhan/src/sqltoolsservice/test/Microsoft.SqlTools.ServiceLayer.IntegrationTests/ObjectManagement/DatabaseHandlerTests.cs:line 380
   at System.Runtime.CompilerServices.AsyncMethodBuilderCore.Start[TStateMachine](TStateMachine&amp; stateMachine)
   at Microsoft.SqlTools.ServiceLayer.IntegrationTests.ObjectManagement.DatabaseHandlerTests.VerifyDatabaseFilesTest()</failure>
    </testcase>
    <testcase classname="Microsoft.SqlTools.ServiceLayer.IntegrationTests.ObjectManagement.DatabaseHandlerTests" name="VerifyDatabasePropertiesTest" time="0.0019840">
      <failure type="failure" message="  Cannot find any instance for version key: sqlOnPrem&#xA;  Expected: True&#xA;  But was:  False&#xA;">at Microsoft.SqlTools.ServiceLayer.Test.Common.TestConnectionProfileService.GetInstance(String key) in /Users/aasimkhan/src/sqltoolsservice/test/Microsoft.SqlTools.ServiceLayer.Test.Common/TestConnectionProfileService.cs:line 59
   at Microsoft.SqlTools.ServiceLayer.Test.Common.TestConnectionProfileService.GetConnectionParameters(String key, String databaseName) in /Users/aasimkhan/src/sqltoolsservice/test/Microsoft.SqlTools.ServiceLayer.Test.Common/TestConnectionProfileService.cs:line 65
   at Microsoft.SqlTools.ServiceLayer.Test.Common.TestConnectionProfileService.GetConnectionParameters(TestServerType serverType, String databaseName) in /Users/aasimkhan/src/sqltoolsservice/test/Microsoft.SqlTools.ServiceLayer.Test.Common/TestConnectionProfileService.cs:line 75
   at Microsoft.SqlTools.ServiceLayer.IntegrationTests.Utility.LiveConnectionHelper.InitLiveConnectionInfoAsync(String databaseName, String ownerUri, String connectionType, TestServerType serverType) in /Users/aasimkhan/src/sqltoolsservice/test/Microsoft.SqlTools.ServiceLayer.IntegrationTests/Utility/LiveConnectionHelper.cs:line 68
   at Microsoft.SqlTools.ServiceLayer.IntegrationTests.ObjectManagement.DatabaseHandlerTests.VerifyDatabasePropertiesTest() in /Users/aasimkhan/src/sqltoolsservice/test/Microsoft.SqlTools.ServiceLayer.IntegrationTests/ObjectManagement/DatabaseHandlerTests.cs:line 275
   at NUnit.Framework.Internal.TaskAwaitAdapter.GenericAdapter`1.GetResult()
   at NUnit.Framework.Internal.AsyncToSyncAdapter.Await(Func`1 invoke)
   at NUnit.Framework.Internal.Commands.TestMethodCommand.RunTestMethod(TestExecutionContext context)
   at NUnit.Framework.Internal.Commands.TestMethodCommand.Execute(TestExecutionContext context)
   at NUnit.Framework.Internal.Execution.SimpleWorkItem.&lt;&gt;c__DisplayClass4_0.&lt;PerformWork&gt;b__0()
   at NUnit.Framework.Internal.ContextUtils.&lt;&gt;c__DisplayClass1_0`1.&lt;DoIsolated&gt;b__0(Object _)

1)    at Microsoft.SqlTools.ServiceLayer.Test.Common.TestConnectionProfileService.GetInstance(String key) in /Users/aasimkhan/src/sqltoolsservice/test/Microsoft.SqlTools.ServiceLayer.Test.Common/TestConnectionProfileService.cs:line 59
   at Microsoft.SqlTools.ServiceLayer.Test.Common.TestConnectionProfileService.GetConnectionParameters(String key, String databaseName) in /Users/aasimkhan/src/sqltoolsservice/test/Microsoft.SqlTools.ServiceLayer.Test.Common/TestConnectionProfileService.cs:line 65
   at Microsoft.SqlTools.ServiceLayer.Test.Common.TestConnectionProfileService.GetConnectionParameters(TestServerType serverType, String databaseName) in /Users/aasimkhan/src/sqltoolsservice/test/Microsoft.SqlTools.ServiceLayer.Test.Common/TestConnectionProfileService.cs:line 75
   at Microsoft.SqlTools.ServiceLayer.IntegrationTests.Utility.LiveConnectionHelper.InitLiveConnectionInfoAsync(String databaseName, String ownerUri, String connectionType, TestServerType serverType) in /Users/aasimkhan/src/sqltoolsservice/test/Microsoft.SqlTools.ServiceLayer.IntegrationTests/Utility/LiveConnectionHelper.cs:line 68
   at System.Runtime.CompilerServices.AsyncMethodBuilderCore.Start[TStateMachine](TStateMachine&amp; stateMachine)
   at Microsoft.SqlTools.ServiceLayer.IntegrationTests.Utility.LiveConnectionHelper.InitLiveConnectionInfoAsync(String databaseName, String ownerUri, String connectionType, TestServerType serverType)
   at Microsoft.SqlTools.ServiceLayer.IntegrationTests.ObjectManagement.DatabaseHandlerTests.VerifyDatabasePropertiesTest() in /Users/aasimkhan/src/sqltoolsservice/test/Microsoft.SqlTools.ServiceLayer.IntegrationTests/ObjectManagement/DatabaseHandlerTests.cs:line 275
   at System.Runtime.CompilerServices.AsyncMethodBuilderCore.Start[TStateMachine](TStateMachine&amp; stateMachine)
   at Microsoft.SqlTools.ServiceLayer.IntegrationTests.ObjectManagement.DatabaseHandlerTests.VerifyDatabasePropertiesTest()</failure>
    </testcase>
    <testcase classname="Microsoft.SqlTools.ServiceLayer.IntegrationTests.ObjectManagement.DatabaseHandlerTests" name="VerifyDatabaseScopedConfigurationsTest" time="0.0015920">
      <failure type="failure" message="  Cannot find any instance for version key: sqlOnPrem&#xA;  Expected: True&#xA;  But was:  False&#xA;">at Microsoft.SqlTools.ServiceLayer.Test.Common.TestConnectionProfileService.GetInstance(String key) in /Users/aasimkhan/src/sqltoolsservice/test/Microsoft.SqlTools.ServiceLayer.Test.Common/TestConnectionProfileService.cs:line 59
   at Microsoft.SqlTools.ServiceLayer.Test.Common.TestConnectionProfileService.GetConnectionParameters(String key, String databaseName) in /Users/aasimkhan/src/sqltoolsservice/test/Microsoft.SqlTools.ServiceLayer.Test.Common/TestConnectionProfileService.cs:line 65
   at Microsoft.SqlTools.ServiceLayer.Test.Common.TestConnectionProfileService.GetConnectionParameters(TestServerType serverType, String databaseName) in /Users/aasimkhan/src/sqltoolsservice/test/Microsoft.SqlTools.ServiceLayer.Test.Common/TestConnectionProfileService.cs:line 75
   at Microsoft.SqlTools.ServiceLayer.Test.Common.TestServiceProvider.InitLiveConnectionInfo(TestServerType serverType, String databaseName, String scriptFilePath) in /Users/aasimkhan/src/sqltoolsservice/test/Microsoft.SqlTools.ServiceLayer.Test.Common/TestServiceProvider.cs:line 142
   at Microsoft.SqlTools.ServiceLayer.Test.Common.TestServiceProvider.RunQueryAsync(TestServerType serverType, String databaseName, String queryText, Boolean throwOnError) in /Users/aasimkhan/src/sqltoolsservice/test/Microsoft.SqlTools.ServiceLayer.Test.Common/TestServiceProvider.cs:line 110
   at Microsoft.SqlTools.ServiceLayer.Test.Common.SqlTestDb.CreateNewAsync(TestServerType serverType, Boolean doNotCleanupDb, String databaseName, String query, String dbNamePrefix) in /Users/aasimkhan/src/sqltoolsservice/test/Microsoft.SqlTools.ServiceLayer.Test.Common/SqlTestDb.cs:line 101
   at Microsoft.SqlTools.ServiceLayer.IntegrationTests.ObjectManagement.DatabaseHandlerTests.VerifyDatabaseScopedConfigurationsTest() in /Users/aasimkhan/src/sqltoolsservice/test/Microsoft.SqlTools.ServiceLayer.IntegrationTests/ObjectManagement/DatabaseHandlerTests.cs:line 335
   at NUnit.Framework.Internal.TaskAwaitAdapter.GenericAdapter`1.GetResult()
   at NUnit.Framework.Internal.AsyncToSyncAdapter.Await(Func`1 invoke)
   at NUnit.Framework.Internal.Commands.TestMethodCommand.RunTestMethod(TestExecutionContext context)
   at NUnit.Framework.Internal.Commands.TestMethodCommand.Execute(TestExecutionContext context)
   at NUnit.Framework.Internal.Execution.SimpleWorkItem.&lt;&gt;c__DisplayClass4_0.&lt;PerformWork&gt;b__0()
   at NUnit.Framework.Internal.ContextUtils.&lt;&gt;c__DisplayClass1_0`1.&lt;DoIsolated&gt;b__0(Object _)

1)    at Microsoft.SqlTools.ServiceLayer.Test.Common.TestConnectionProfileService.GetInstance(String key) in /Users/aasimkhan/src/sqltoolsservice/test/Microsoft.SqlTools.ServiceLayer.Test.Common/TestConnectionProfileService.cs:line 59
   at Microsoft.SqlTools.ServiceLayer.Test.Common.TestConnectionProfileService.GetConnectionParameters(String key, String databaseName) in /Users/aasimkhan/src/sqltoolsservice/test/Microsoft.SqlTools.ServiceLayer.Test.Common/TestConnectionProfileService.cs:line 65
   at Microsoft.SqlTools.ServiceLayer.Test.Common.TestConnectionProfileService.GetConnectionParameters(TestServerType serverType, String databaseName) in /Users/aasimkhan/src/sqltoolsservice/test/Microsoft.SqlTools.ServiceLayer.Test.Common/TestConnectionProfileService.cs:line 75
   at Microsoft.SqlTools.ServiceLayer.Test.Common.TestServiceProvider.InitLiveConnectionInfo(TestServerType serverType, String databaseName, String scriptFilePath) in /Users/aasimkhan/src/sqltoolsservice/test/Microsoft.SqlTools.ServiceLayer.Test.Common/TestServiceProvider.cs:line 142
   at System.Runtime.CompilerServices.AsyncMethodBuilderCore.Start[TStateMachine](TStateMachine&amp; stateMachine)
   at Microsoft.SqlTools.ServiceLayer.Test.Common.TestServiceProvider.InitLiveConnectionInfo(TestServerType serverType, String databaseName, String scriptFilePath)
   at Microsoft.SqlTools.ServiceLayer.Test.Common.TestServiceProvider.RunQueryAsync(TestServerType serverType, String databaseName, String queryText, Boolean throwOnError) in /Users/aasimkhan/src/sqltoolsservice/test/Microsoft.SqlTools.ServiceLayer.Test.Common/TestServiceProvider.cs:line 110
   at System.Runtime.CompilerServices.AsyncMethodBuilderCore.Start[TStateMachine](TStateMachine&amp; stateMachine)
   at Microsoft.SqlTools.ServiceLayer.Test.Common.TestServiceProvider.RunQueryAsync(TestServerType serverType, String databaseName, String queryText, Boolean throwOnError)
   at Microsoft.SqlTools.ServiceLayer.Test.Common.SqlTestDb.CreateNewAsync(TestServerType serverType, Boolean doNotCleanupDb, String databaseName, String query, String dbNamePrefix) in /Users/aasimkhan/src/sqltoolsservice/test/Microsoft.SqlTools.ServiceLayer.Test.Common/SqlTestDb.cs:line 101
   at System.Runtime.CompilerServices.AsyncMethodBuilderCore.Start[TStateMachine](TStateMachine&amp; stateMachine)
   at Microsoft.SqlTools.ServiceLayer.Test.Common.SqlTestDb.CreateNewAsync(TestServerType serverType, Boolean doNotCleanupDb, String databaseName, String query, String dbNamePrefix)
   at Microsoft.SqlTools.ServiceLayer.IntegrationTests.ObjectManagement.DatabaseHandlerTests.VerifyDatabaseScopedConfigurationsTest() in /Users/aasimkhan/src/sqltoolsservice/test/Microsoft.SqlTools.ServiceLayer.IntegrationTests/ObjectManagement/DatabaseHandlerTests.cs:line 335
   at System.Runtime.CompilerServices.AsyncMethodBuilderCore.Start[TStateMachine](TStateMachine&amp; stateMachine)
   at Microsoft.SqlTools.ServiceLayer.IntegrationTests.ObjectManagement.DatabaseHandlerTests.VerifyDatabaseScopedConfigurationsTest()</failure>
    </testcase>
    <testcase classname="Microsoft.SqlTools.ServiceLayer.IntegrationTests.ObjectManagement.ObjectManagementServiceTests" name="TestConnectionNotFound" time="0.0013390">
      <failure type="failure" message="  Cannot find any instance for version key: sqlOnPrem&#xA;  Expected: True&#xA;  But was:  False&#xA;&#xA;TearDown : System.NullReferenceException : Object reference not set to an instance of an object.">at Microsoft.SqlTools.ServiceLayer.Test.Common.TestConnectionProfileService.GetInstance(String key) in /Users/aasimkhan/src/sqltoolsservice/test/Microsoft.SqlTools.ServiceLayer.Test.Common/TestConnectionProfileService.cs:line 59
   at Microsoft.SqlTools.ServiceLayer.Test.Common.TestConnectionProfileService.GetConnectionParameters(String key, String databaseName) in /Users/aasimkhan/src/sqltoolsservice/test/Microsoft.SqlTools.ServiceLayer.Test.Common/TestConnectionProfileService.cs:line 65
   at Microsoft.SqlTools.ServiceLayer.Test.Common.TestConnectionProfileService.GetConnectionParameters(TestServerType serverType, String databaseName) in /Users/aasimkhan/src/sqltoolsservice/test/Microsoft.SqlTools.ServiceLayer.Test.Common/TestConnectionProfileService.cs:line 75
   at Microsoft.SqlTools.ServiceLayer.Test.Common.TestServiceProvider.InitLiveConnectionInfo(TestServerType serverType, String databaseName, String scriptFilePath) in /Users/aasimkhan/src/sqltoolsservice/test/Microsoft.SqlTools.ServiceLayer.Test.Common/TestServiceProvider.cs:line 142
   at Microsoft.SqlTools.ServiceLayer.Test.Common.TestServiceProvider.RunQueryAsync(TestServerType serverType, String databaseName, String queryText, Boolean throwOnError) in /Users/aasimkhan/src/sqltoolsservice/test/Microsoft.SqlTools.ServiceLayer.Test.Common/TestServiceProvider.cs:line 110
   at Microsoft.SqlTools.ServiceLayer.Test.Common.SqlTestDb.CreateNewAsync(TestServerType serverType, Boolean doNotCleanupDb, String databaseName, String query, String dbNamePrefix) in /Users/aasimkhan/src/sqltoolsservice/test/Microsoft.SqlTools.ServiceLayer.Test.Common/SqlTestDb.cs:line 101
   at Microsoft.SqlTools.ServiceLayer.IntegrationTests.ObjectManagement.ObjectManagementServiceTests.TestInitialize() in /Users/aasimkhan/src/sqltoolsservice/test/Microsoft.SqlTools.ServiceLayer.IntegrationTests/ObjectManagement/ObjectManagementServiceTests.cs:line 35
   at NUnit.Framework.Internal.TaskAwaitAdapter.GenericAdapter`1.GetResult()
   at NUnit.Framework.Internal.AsyncToSyncAdapter.Await(Func`1 invoke)
   at NUnit.Framework.Internal.Commands.SetUpTearDownItem.RunSetUpOrTearDownMethod(TestExecutionContext context, IMethodInfo method)
   at NUnit.Framework.Internal.Commands.SetUpTearDownItem.RunSetUp(TestExecutionContext context)
   at NUnit.Framework.Internal.Commands.SetUpTearDownCommand.&lt;&gt;c__DisplayClass0_0.&lt;.ctor&gt;b__0(TestExecutionContext context)
   at NUnit.Framework.Internal.Commands.BeforeAndAfterTestCommand.&lt;&gt;c__DisplayClass1_0.&lt;Execute&gt;b__0()
   at NUnit.Framework.Internal.Commands.DelegatingTestCommand.RunTestMethodInThreadAbortSafeZone(TestExecutionContext context, Action action)

--TearDown
   at Microsoft.SqlTools.ServiceLayer.IntegrationTests.ObjectManagement.ObjectManagementServiceTests.TearDownTestDatabase() in /Users/aasimkhan/src/sqltoolsservice/test/Microsoft.SqlTools.ServiceLayer.IntegrationTests/ObjectManagement/ObjectManagementServiceTests.cs:line 43
   at NUnit.Framework.Internal.TaskAwaitAdapter.GenericAdapter`1.GetResult()
   at NUnit.Framework.Internal.AsyncToSyncAdapter.Await(Func`1 invoke)
   at NUnit.Framework.Internal.Commands.SetUpTearDownItem.RunSetUpOrTearDownMethod(TestExecutionContext context, IMethodInfo method)
   at NUnit.Framework.Internal.Commands.SetUpTearDownItem.RunTearDown(TestExecutionContext context)
1)    at Microsoft.SqlTools.ServiceLayer.Test.Common.TestConnectionProfileService.GetInstance(String key) in /Users/aasimkhan/src/sqltoolsservice/test/Microsoft.SqlTools.ServiceLayer.Test.Common/TestConnectionProfileService.cs:line 59
   at Microsoft.SqlTools.ServiceLayer.Test.Common.TestConnectionProfileService.GetConnectionParameters(String key, String databaseName) in /Users/aasimkhan/src/sqltoolsservice/test/Microsoft.SqlTools.ServiceLayer.Test.Common/TestConnectionProfileService.cs:line 65
   at Microsoft.SqlTools.ServiceLayer.Test.Common.TestConnectionProfileService.GetConnectionParameters(TestServerType serverType, String databaseName) in /Users/aasimkhan/src/sqltoolsservice/test/Microsoft.SqlTools.ServiceLayer.Test.Common/TestConnectionProfileService.cs:line 75
   at Microsoft.SqlTools.ServiceLayer.Test.Common.TestServiceProvider.InitLiveConnectionInfo(TestServerType serverType, String databaseName, String scriptFilePath) in /Users/aasimkhan/src/sqltoolsservice/test/Microsoft.SqlTools.ServiceLayer.Test.Common/TestServiceProvider.cs:line 142
   at System.Runtime.CompilerServices.AsyncMethodBuilderCore.Start[TStateMachine](TStateMachine&amp; stateMachine)
   at Microsoft.SqlTools.ServiceLayer.Test.Common.TestServiceProvider.InitLiveConnectionInfo(TestServerType serverType, String databaseName, String scriptFilePath)
   at Microsoft.SqlTools.ServiceLayer.Test.Common.TestServiceProvider.RunQueryAsync(TestServerType serverType, String databaseName, String queryText, Boolean throwOnError) in /Users/aasimkhan/src/sqltoolsservice/test/Microsoft.SqlTools.ServiceLayer.Test.Common/TestServiceProvider.cs:line 110
   at System.Runtime.CompilerServices.AsyncMethodBuilderCore.Start[TStateMachine](TStateMachine&amp; stateMachine)
   at Microsoft.SqlTools.ServiceLayer.Test.Common.TestServiceProvider.RunQueryAsync(TestServerType serverType, String databaseName, String queryText, Boolean throwOnError)
   at Microsoft.SqlTools.ServiceLayer.Test.Common.SqlTestDb.CreateNewAsync(TestServerType serverType, Boolean doNotCleanupDb, String databaseName, String query, String dbNamePrefix) in /Users/aasimkhan/src/sqltoolsservice/test/Microsoft.SqlTools.ServiceLayer.Test.Common/SqlTestDb.cs:line 101
   at System.Runtime.CompilerServices.AsyncMethodBuilderCore.Start[TStateMachine](TStateMachine&amp; stateMachine)
   at Microsoft.SqlTools.ServiceLayer.Test.Common.SqlTestDb.CreateNewAsync(TestServerType serverType, Boolean doNotCleanupDb, String databaseName, String query, String dbNamePrefix)
   at Microsoft.SqlTools.ServiceLayer.IntegrationTests.ObjectManagement.ObjectManagementServiceTests.TestInitialize() in /Users/aasimkhan/src/sqltoolsservice/test/Microsoft.SqlTools.ServiceLayer.IntegrationTests/ObjectManagement/ObjectManagementServiceTests.cs:line 35
   at System.Runtime.CompilerServices.AsyncMethodBuilderCore.Start[TStateMachine](TStateMachine&amp; stateMachine)
   at Microsoft.SqlTools.ServiceLayer.IntegrationTests.ObjectManagement.ObjectManagementServiceTests.TestInitialize()</failure>
    </testcase>
    <testcase classname="Microsoft.SqlTools.ServiceLayer.IntegrationTests.ObjectManagement.ObjectManagementServiceTests" name="TestRenameColumn" time="0.0011320">
      <failure type="failure" message="  Cannot find any instance for version key: sqlOnPrem&#xA;  Expected: True&#xA;  But was:  False&#xA;&#xA;TearDown : System.NullReferenceException : Object reference not set to an instance of an object.">at Microsoft.SqlTools.ServiceLayer.Test.Common.TestConnectionProfileService.GetInstance(String key) in /Users/aasimkhan/src/sqltoolsservice/test/Microsoft.SqlTools.ServiceLayer.Test.Common/TestConnectionProfileService.cs:line 59
   at Microsoft.SqlTools.ServiceLayer.Test.Common.TestConnectionProfileService.GetConnectionParameters(String key, String databaseName) in /Users/aasimkhan/src/sqltoolsservice/test/Microsoft.SqlTools.ServiceLayer.Test.Common/TestConnectionProfileService.cs:line 65
   at Microsoft.SqlTools.ServiceLayer.Test.Common.TestConnectionProfileService.GetConnectionParameters(TestServerType serverType, String databaseName) in /Users/aasimkhan/src/sqltoolsservice/test/Microsoft.SqlTools.ServiceLayer.Test.Common/TestConnectionProfileService.cs:line 75
   at Microsoft.SqlTools.ServiceLayer.Test.Common.TestServiceProvider.InitLiveConnectionInfo(TestServerType serverType, String databaseName, String scriptFilePath) in /Users/aasimkhan/src/sqltoolsservice/test/Microsoft.SqlTools.ServiceLayer.Test.Common/TestServiceProvider.cs:line 142
   at Microsoft.SqlTools.ServiceLayer.Test.Common.TestServiceProvider.RunQueryAsync(TestServerType serverType, String databaseName, String queryText, Boolean throwOnError) in /Users/aasimkhan/src/sqltoolsservice/test/Microsoft.SqlTools.ServiceLayer.Test.Common/TestServiceProvider.cs:line 110
   at Microsoft.SqlTools.ServiceLayer.Test.Common.SqlTestDb.CreateNewAsync(TestServerType serverType, Boolean doNotCleanupDb, String databaseName, String query, String dbNamePrefix) in /Users/aasimkhan/src/sqltoolsservice/test/Microsoft.SqlTools.ServiceLayer.Test.Common/SqlTestDb.cs:line 101
   at Microsoft.SqlTools.ServiceLayer.IntegrationTests.ObjectManagement.ObjectManagementServiceTests.TestInitialize() in /Users/aasimkhan/src/sqltoolsservice/test/Microsoft.SqlTools.ServiceLayer.IntegrationTests/ObjectManagement/ObjectManagementServiceTests.cs:line 35
   at NUnit.Framework.Internal.TaskAwaitAdapter.GenericAdapter`1.GetResult()
   at NUnit.Framework.Internal.AsyncToSyncAdapter.Await(Func`1 invoke)
   at NUnit.Framework.Internal.Commands.SetUpTearDownItem.RunSetUpOrTearDownMethod(TestExecutionContext context, IMethodInfo method)
   at NUnit.Framework.Internal.Commands.SetUpTearDownItem.RunSetUp(TestExecutionContext context)
   at NUnit.Framework.Internal.Commands.SetUpTearDownCommand.&lt;&gt;c__DisplayClass0_0.&lt;.ctor&gt;b__0(TestExecutionContext context)
   at NUnit.Framework.Internal.Commands.BeforeAndAfterTestCommand.&lt;&gt;c__DisplayClass1_0.&lt;Execute&gt;b__0()
   at NUnit.Framework.Internal.Commands.DelegatingTestCommand.RunTestMethodInThreadAbortSafeZone(TestExecutionContext context, Action action)

--TearDown
   at Microsoft.SqlTools.ServiceLayer.IntegrationTests.ObjectManagement.ObjectManagementServiceTests.TearDownTestDatabase() in /Users/aasimkhan/src/sqltoolsservice/test/Microsoft.SqlTools.ServiceLayer.IntegrationTests/ObjectManagement/ObjectManagementServiceTests.cs:line 43
   at NUnit.Framework.Internal.TaskAwaitAdapter.GenericAdapter`1.GetResult()
   at NUnit.Framework.Internal.AsyncToSyncAdapter.Await(Func`1 invoke)
   at NUnit.Framework.Internal.Commands.SetUpTearDownItem.RunSetUpOrTearDownMethod(TestExecutionContext context, IMethodInfo method)
   at NUnit.Framework.Internal.Commands.SetUpTearDownItem.RunTearDown(TestExecutionContext context)
1)    at Microsoft.SqlTools.ServiceLayer.Test.Common.TestConnectionProfileService.GetInstance(String key) in /Users/aasimkhan/src/sqltoolsservice/test/Microsoft.SqlTools.ServiceLayer.Test.Common/TestConnectionProfileService.cs:line 59
   at Microsoft.SqlTools.ServiceLayer.Test.Common.TestConnectionProfileService.GetConnectionParameters(String key, String databaseName) in /Users/aasimkhan/src/sqltoolsservice/test/Microsoft.SqlTools.ServiceLayer.Test.Common/TestConnectionProfileService.cs:line 65
   at Microsoft.SqlTools.ServiceLayer.Test.Common.TestConnectionProfileService.GetConnectionParameters(TestServerType serverType, String databaseName) in /Users/aasimkhan/src/sqltoolsservice/test/Microsoft.SqlTools.ServiceLayer.Test.Common/TestConnectionProfileService.cs:line 75
   at Microsoft.SqlTools.ServiceLayer.Test.Common.TestServiceProvider.InitLiveConnectionInfo(TestServerType serverType, String databaseName, String scriptFilePath) in /Users/aasimkhan/src/sqltoolsservice/test/Microsoft.SqlTools.ServiceLayer.Test.Common/TestServiceProvider.cs:line 142
   at System.Runtime.CompilerServices.AsyncMethodBuilderCore.Start[TStateMachine](TStateMachine&amp; stateMachine)
   at Microsoft.SqlTools.ServiceLayer.Test.Common.TestServiceProvider.InitLiveConnectionInfo(TestServerType serverType, String databaseName, String scriptFilePath)
   at Microsoft.SqlTools.ServiceLayer.Test.Common.TestServiceProvider.RunQueryAsync(TestServerType serverType, String databaseName, String queryText, Boolean throwOnError) in /Users/aasimkhan/src/sqltoolsservice/test/Microsoft.SqlTools.ServiceLayer.Test.Common/TestServiceProvider.cs:line 110
   at System.Runtime.CompilerServices.AsyncMethodBuilderCore.Start[TStateMachine](TStateMachine&amp; stateMachine)
   at Microsoft.SqlTools.ServiceLayer.Test.Common.TestServiceProvider.RunQueryAsync(TestServerType serverType, String databaseName, String queryText, Boolean throwOnError)
   at Microsoft.SqlTools.ServiceLayer.Test.Common.SqlTestDb.CreateNewAsync(TestServerType serverType, Boolean doNotCleanupDb, String databaseName, String query, String dbNamePrefix) in /Users/aasimkhan/src/sqltoolsservice/test/Microsoft.SqlTools.ServiceLayer.Test.Common/SqlTestDb.cs:line 101
   at System.Runtime.CompilerServices.AsyncMethodBuilderCore.Start[TStateMachine](TStateMachine&amp; stateMachine)
   at Microsoft.SqlTools.ServiceLayer.Test.Common.SqlTestDb.CreateNewAsync(TestServerType serverType, Boolean doNotCleanupDb, String databaseName, String query, String dbNamePrefix)
   at Microsoft.SqlTools.ServiceLayer.IntegrationTests.ObjectManagement.ObjectManagementServiceTests.TestInitialize() in /Users/aasimkhan/src/sqltoolsservice/test/Microsoft.SqlTools.ServiceLayer.IntegrationTests/ObjectManagement/ObjectManagementServiceTests.cs:line 35
   at System.Runtime.CompilerServices.AsyncMethodBuilderCore.Start[TStateMachine](TStateMachine&amp; stateMachine)
   at Microsoft.SqlTools.ServiceLayer.IntegrationTests.ObjectManagement.ObjectManagementServiceTests.TestInitialize()
   at InvokeStub_ObjectManagementServiceTests.TestInitialize(Object, Object, IntPtr*)</failure>
    </testcase>
    <testcase classname="Microsoft.SqlTools.ServiceLayer.IntegrationTests.ObjectManagement.ObjectManagementServiceTests" name="TestRenameColumnNotExisting" time="0.0006990">
      <failure type="failure" message="  Cannot find any instance for version key: sqlOnPrem&#xA;  Expected: True&#xA;  But was:  False&#xA;&#xA;TearDown : System.NullReferenceException : Object reference not set to an instance of an object.">at Microsoft.SqlTools.ServiceLayer.Test.Common.TestConnectionProfileService.GetInstance(String key) in /Users/aasimkhan/src/sqltoolsservice/test/Microsoft.SqlTools.ServiceLayer.Test.Common/TestConnectionProfileService.cs:line 59
   at Microsoft.SqlTools.ServiceLayer.Test.Common.TestConnectionProfileService.GetConnectionParameters(String key, String databaseName) in /Users/aasimkhan/src/sqltoolsservice/test/Microsoft.SqlTools.ServiceLayer.Test.Common/TestConnectionProfileService.cs:line 65
   at Microsoft.SqlTools.ServiceLayer.Test.Common.TestConnectionProfileService.GetConnectionParameters(TestServerType serverType, String databaseName) in /Users/aasimkhan/src/sqltoolsservice/test/Microsoft.SqlTools.ServiceLayer.Test.Common/TestConnectionProfileService.cs:line 75
   at Microsoft.SqlTools.ServiceLayer.Test.Common.TestServiceProvider.InitLiveConnectionInfo(TestServerType serverType, String databaseName, String scriptFilePath) in /Users/aasimkhan/src/sqltoolsservice/test/Microsoft.SqlTools.ServiceLayer.Test.Common/TestServiceProvider.cs:line 142
   at Microsoft.SqlTools.ServiceLayer.Test.Common.TestServiceProvider.RunQueryAsync(TestServerType serverType, String databaseName, String queryText, Boolean throwOnError) in /Users/aasimkhan/src/sqltoolsservice/test/Microsoft.SqlTools.ServiceLayer.Test.Common/TestServiceProvider.cs:line 110
   at Microsoft.SqlTools.ServiceLayer.Test.Common.SqlTestDb.CreateNewAsync(TestServerType serverType, Boolean doNotCleanupDb, String databaseName, String query, String dbNamePrefix) in /Users/aasimkhan/src/sqltoolsservice/test/Microsoft.SqlTools.ServiceLayer.Test.Common/SqlTestDb.cs:line 101
   at Microsoft.SqlTools.ServiceLayer.IntegrationTests.ObjectManagement.ObjectManagementServiceTests.TestInitialize() in /Users/aasimkhan/src/sqltoolsservice/test/Microsoft.SqlTools.ServiceLayer.IntegrationTests/ObjectManagement/ObjectManagementServiceTests.cs:line 35
   at NUnit.Framework.Internal.TaskAwaitAdapter.GenericAdapter`1.GetResult()
   at NUnit.Framework.Internal.AsyncToSyncAdapter.Await(Func`1 invoke)
   at NUnit.Framework.Internal.Commands.SetUpTearDownItem.RunSetUpOrTearDownMethod(TestExecutionContext context, IMethodInfo method)
   at NUnit.Framework.Internal.Commands.SetUpTearDownItem.RunSetUp(TestExecutionContext context)
   at NUnit.Framework.Internal.Commands.SetUpTearDownCommand.&lt;&gt;c__DisplayClass0_0.&lt;.ctor&gt;b__0(TestExecutionContext context)
   at NUnit.Framework.Internal.Commands.BeforeAndAfterTestCommand.&lt;&gt;c__DisplayClass1_0.&lt;Execute&gt;b__0()
   at NUnit.Framework.Internal.Commands.DelegatingTestCommand.RunTestMethodInThreadAbortSafeZone(TestExecutionContext context, Action action)

--TearDown
   at Microsoft.SqlTools.ServiceLayer.IntegrationTests.ObjectManagement.ObjectManagementServiceTests.TearDownTestDatabase() in /Users/aasimkhan/src/sqltoolsservice/test/Microsoft.SqlTools.ServiceLayer.IntegrationTests/ObjectManagement/ObjectManagementServiceTests.cs:line 43
   at NUnit.Framework.Internal.TaskAwaitAdapter.GenericAdapter`1.GetResult()
   at NUnit.Framework.Internal.AsyncToSyncAdapter.Await(Func`1 invoke)
   at NUnit.Framework.Internal.Commands.SetUpTearDownItem.RunSetUpOrTearDownMethod(TestExecutionContext context, IMethodInfo method)
   at NUnit.Framework.Internal.Commands.SetUpTearDownItem.RunTearDown(TestExecutionContext context)
1)    at Microsoft.SqlTools.ServiceLayer.Test.Common.TestConnectionProfileService.GetInstance(String key) in /Users/aasimkhan/src/sqltoolsservice/test/Microsoft.SqlTools.ServiceLayer.Test.Common/TestConnectionProfileService.cs:line 59
   at Microsoft.SqlTools.ServiceLayer.Test.Common.TestConnectionProfileService.GetConnectionParameters(String key, String databaseName) in /Users/aasimkhan/src/sqltoolsservice/test/Microsoft.SqlTools.ServiceLayer.Test.Common/TestConnectionProfileService.cs:line 65
   at Microsoft.SqlTools.ServiceLayer.Test.Common.TestConnectionProfileService.GetConnectionParameters(TestServerType serverType, String databaseName) in /Users/aasimkhan/src/sqltoolsservice/test/Microsoft.SqlTools.ServiceLayer.Test.Common/TestConnectionProfileService.cs:line 75
   at Microsoft.SqlTools.ServiceLayer.Test.Common.TestServiceProvider.InitLiveConnectionInfo(TestServerType serverType, String databaseName, String scriptFilePath) in /Users/aasimkhan/src/sqltoolsservice/test/Microsoft.SqlTools.ServiceLayer.Test.Common/TestServiceProvider.cs:line 142
   at System.Runtime.CompilerServices.AsyncMethodBuilderCore.Start[TStateMachine](TStateMachine&amp; stateMachine)
   at Microsoft.SqlTools.ServiceLayer.Test.Common.TestServiceProvider.InitLiveConnectionInfo(TestServerType serverType, String databaseName, String scriptFilePath)
   at Microsoft.SqlTools.ServiceLayer.Test.Common.TestServiceProvider.RunQueryAsync(TestServerType serverType, String databaseName, String queryText, Boolean throwOnError) in /Users/aasimkhan/src/sqltoolsservice/test/Microsoft.SqlTools.ServiceLayer.Test.Common/TestServiceProvider.cs:line 110
   at System.Runtime.CompilerServices.AsyncMethodBuilderCore.Start[TStateMachine](TStateMachine&amp; stateMachine)
   at Microsoft.SqlTools.ServiceLayer.Test.Common.TestServiceProvider.RunQueryAsync(TestServerType serverType, String databaseName, String queryText, Boolean throwOnError)
   at Microsoft.SqlTools.ServiceLayer.Test.Common.SqlTestDb.CreateNewAsync(TestServerType serverType, Boolean doNotCleanupDb, String databaseName, String query, String dbNamePrefix) in /Users/aasimkhan/src/sqltoolsservice/test/Microsoft.SqlTools.ServiceLayer.Test.Common/SqlTestDb.cs:line 101
   at System.Runtime.CompilerServices.AsyncMethodBuilderCore.Start[TStateMachine](TStateMachine&amp; stateMachine)
   at Microsoft.SqlTools.ServiceLayer.Test.Common.SqlTestDb.CreateNewAsync(TestServerType serverType, Boolean doNotCleanupDb, String databaseName, String query, String dbNamePrefix)
   at Microsoft.SqlTools.ServiceLayer.IntegrationTests.ObjectManagement.ObjectManagementServiceTests.TestInitialize() in /Users/aasimkhan/src/sqltoolsservice/test/Microsoft.SqlTools.ServiceLayer.IntegrationTests/ObjectManagement/ObjectManagementServiceTests.cs:line 35
   at System.Runtime.CompilerServices.AsyncMethodBuilderCore.Start[TStateMachine](TStateMachine&amp; stateMachine)
   at Microsoft.SqlTools.ServiceLayer.IntegrationTests.ObjectManagement.ObjectManagementServiceTests.TestInitialize()
   at InvokeStub_ObjectManagementServiceTests.TestInitialize(Object, Object, IntPtr*)</failure>
    </testcase>
    <testcase classname="Microsoft.SqlTools.ServiceLayer.IntegrationTests.ObjectManagement.ObjectManagementServiceTests" name="TestRenameTable" time="0.0020750">
      <failure type="failure" message="  Cannot find any instance for version key: sqlOnPrem&#xA;  Expected: True&#xA;  But was:  False&#xA;&#xA;TearDown : System.NullReferenceException : Object reference not set to an instance of an object.">at Microsoft.SqlTools.ServiceLayer.Test.Common.TestConnectionProfileService.GetInstance(String key) in /Users/aasimkhan/src/sqltoolsservice/test/Microsoft.SqlTools.ServiceLayer.Test.Common/TestConnectionProfileService.cs:line 59
   at Microsoft.SqlTools.ServiceLayer.Test.Common.TestConnectionProfileService.GetConnectionParameters(String key, String databaseName) in /Users/aasimkhan/src/sqltoolsservice/test/Microsoft.SqlTools.ServiceLayer.Test.Common/TestConnectionProfileService.cs:line 65
   at Microsoft.SqlTools.ServiceLayer.Test.Common.TestConnectionProfileService.GetConnectionParameters(TestServerType serverType, String databaseName) in /Users/aasimkhan/src/sqltoolsservice/test/Microsoft.SqlTools.ServiceLayer.Test.Common/TestConnectionProfileService.cs:line 75
   at Microsoft.SqlTools.ServiceLayer.Test.Common.TestServiceProvider.InitLiveConnectionInfo(TestServerType serverType, String databaseName, String scriptFilePath) in /Users/aasimkhan/src/sqltoolsservice/test/Microsoft.SqlTools.ServiceLayer.Test.Common/TestServiceProvider.cs:line 142
   at Microsoft.SqlTools.ServiceLayer.Test.Common.TestServiceProvider.RunQueryAsync(TestServerType serverType, String databaseName, String queryText, Boolean throwOnError) in /Users/aasimkhan/src/sqltoolsservice/test/Microsoft.SqlTools.ServiceLayer.Test.Common/TestServiceProvider.cs:line 110
   at Microsoft.SqlTools.ServiceLayer.Test.Common.SqlTestDb.CreateNewAsync(TestServerType serverType, Boolean doNotCleanupDb, String databaseName, String query, String dbNamePrefix) in /Users/aasimkhan/src/sqltoolsservice/test/Microsoft.SqlTools.ServiceLayer.Test.Common/SqlTestDb.cs:line 101
   at Microsoft.SqlTools.ServiceLayer.IntegrationTests.ObjectManagement.ObjectManagementServiceTests.TestInitialize() in /Users/aasimkhan/src/sqltoolsservice/test/Microsoft.SqlTools.ServiceLayer.IntegrationTests/ObjectManagement/ObjectManagementServiceTests.cs:line 35
   at NUnit.Framework.Internal.TaskAwaitAdapter.GenericAdapter`1.GetResult()
   at NUnit.Framework.Internal.AsyncToSyncAdapter.Await(Func`1 invoke)
   at NUnit.Framework.Internal.Commands.SetUpTearDownItem.RunSetUpOrTearDownMethod(TestExecutionContext context, IMethodInfo method)
   at NUnit.Framework.Internal.Commands.SetUpTearDownItem.RunSetUp(TestExecutionContext context)
   at NUnit.Framework.Internal.Commands.SetUpTearDownCommand.&lt;&gt;c__DisplayClass0_0.&lt;.ctor&gt;b__0(TestExecutionContext context)
   at NUnit.Framework.Internal.Commands.BeforeAndAfterTestCommand.&lt;&gt;c__DisplayClass1_0.&lt;Execute&gt;b__0()
   at NUnit.Framework.Internal.Commands.DelegatingTestCommand.RunTestMethodInThreadAbortSafeZone(TestExecutionContext context, Action action)

--TearDown
   at Microsoft.SqlTools.ServiceLayer.IntegrationTests.ObjectManagement.ObjectManagementServiceTests.TearDownTestDatabase() in /Users/aasimkhan/src/sqltoolsservice/test/Microsoft.SqlTools.ServiceLayer.IntegrationTests/ObjectManagement/ObjectManagementServiceTests.cs:line 43
   at NUnit.Framework.Internal.TaskAwaitAdapter.GenericAdapter`1.GetResult()
   at NUnit.Framework.Internal.AsyncToSyncAdapter.Await(Func`1 invoke)
   at NUnit.Framework.Internal.Commands.SetUpTearDownItem.RunSetUpOrTearDownMethod(TestExecutionContext context, IMethodInfo method)
   at NUnit.Framework.Internal.Commands.SetUpTearDownItem.RunTearDown(TestExecutionContext context)
1)    at Microsoft.SqlTools.ServiceLayer.Test.Common.TestConnectionProfileService.GetInstance(String key) in /Users/aasimkhan/src/sqltoolsservice/test/Microsoft.SqlTools.ServiceLayer.Test.Common/TestConnectionProfileService.cs:line 59
   at Microsoft.SqlTools.ServiceLayer.Test.Common.TestConnectionProfileService.GetConnectionParameters(String key, String databaseName) in /Users/aasimkhan/src/sqltoolsservice/test/Microsoft.SqlTools.ServiceLayer.Test.Common/TestConnectionProfileService.cs:line 65
   at Microsoft.SqlTools.ServiceLayer.Test.Common.TestConnectionProfileService.GetConnectionParameters(TestServerType serverType, String databaseName) in /Users/aasimkhan/src/sqltoolsservice/test/Microsoft.SqlTools.ServiceLayer.Test.Common/TestConnectionProfileService.cs:line 75
   at Microsoft.SqlTools.ServiceLayer.Test.Common.TestServiceProvider.InitLiveConnectionInfo(TestServerType serverType, String databaseName, String scriptFilePath) in /Users/aasimkhan/src/sqltoolsservice/test/Microsoft.SqlTools.ServiceLayer.Test.Common/TestServiceProvider.cs:line 142
   at System.Runtime.CompilerServices.AsyncMethodBuilderCore.Start[TStateMachine](TStateMachine&amp; stateMachine)
   at Microsoft.SqlTools.ServiceLayer.Test.Common.TestServiceProvider.InitLiveConnectionInfo(TestServerType serverType, String databaseName, String scriptFilePath)
   at Microsoft.SqlTools.ServiceLayer.Test.Common.TestServiceProvider.RunQueryAsync(TestServerType serverType, String databaseName, String queryText, Boolean throwOnError) in /Users/aasimkhan/src/sqltoolsservice/test/Microsoft.SqlTools.ServiceLayer.Test.Common/TestServiceProvider.cs:line 110
   at System.Runtime.CompilerServices.AsyncMethodBuilderCore.Start[TStateMachine](TStateMachine&amp; stateMachine)
   at Microsoft.SqlTools.ServiceLayer.Test.Common.TestServiceProvider.RunQueryAsync(TestServerType serverType, String databaseName, String queryText, Boolean throwOnError)
   at Microsoft.SqlTools.ServiceLayer.Test.Common.SqlTestDb.CreateNewAsync(TestServerType serverType, Boolean doNotCleanupDb, String databaseName, String query, String dbNamePrefix) in /Users/aasimkhan/src/sqltoolsservice/test/Microsoft.SqlTools.ServiceLayer.Test.Common/SqlTestDb.cs:line 101
   at System.Runtime.CompilerServices.AsyncMethodBuilderCore.Start[TStateMachine](TStateMachine&amp; stateMachine)
   at Microsoft.SqlTools.ServiceLayer.Test.Common.SqlTestDb.CreateNewAsync(TestServerType serverType, Boolean doNotCleanupDb, String databaseName, String query, String dbNamePrefix)
   at Microsoft.SqlTools.ServiceLayer.IntegrationTests.ObjectManagement.ObjectManagementServiceTests.TestInitialize() in /Users/aasimkhan/src/sqltoolsservice/test/Microsoft.SqlTools.ServiceLayer.IntegrationTests/ObjectManagement/ObjectManagementServiceTests.cs:line 35
   at System.Runtime.CompilerServices.AsyncMethodBuilderCore.Start[TStateMachine](TStateMachine&amp; stateMachine)
   at Microsoft.SqlTools.ServiceLayer.IntegrationTests.ObjectManagement.ObjectManagementServiceTests.TestInitialize()
   at InvokeStub_ObjectManagementServiceTests.TestInitialize(Object, Object, IntPtr*)</failure>
    </testcase>
    <testcase classname="Microsoft.SqlTools.ServiceLayer.IntegrationTests.ObjectManagement.ObjectManagementServiceTests" name="TestRenameTableNotExisting" time="0.0007210">
      <failure type="failure" message="  Cannot find any instance for version key: sqlOnPrem&#xA;  Expected: True&#xA;  But was:  False&#xA;&#xA;TearDown : System.NullReferenceException : Object reference not set to an instance of an object.">at Microsoft.SqlTools.ServiceLayer.Test.Common.TestConnectionProfileService.GetInstance(String key) in /Users/aasimkhan/src/sqltoolsservice/test/Microsoft.SqlTools.ServiceLayer.Test.Common/TestConnectionProfileService.cs:line 59
   at Microsoft.SqlTools.ServiceLayer.Test.Common.TestConnectionProfileService.GetConnectionParameters(String key, String databaseName) in /Users/aasimkhan/src/sqltoolsservice/test/Microsoft.SqlTools.ServiceLayer.Test.Common/TestConnectionProfileService.cs:line 65
   at Microsoft.SqlTools.ServiceLayer.Test.Common.TestConnectionProfileService.GetConnectionParameters(TestServerType serverType, String databaseName) in /Users/aasimkhan/src/sqltoolsservice/test/Microsoft.SqlTools.ServiceLayer.Test.Common/TestConnectionProfileService.cs:line 75
   at Microsoft.SqlTools.ServiceLayer.Test.Common.TestServiceProvider.InitLiveConnectionInfo(TestServerType serverType, String databaseName, String scriptFilePath) in /Users/aasimkhan/src/sqltoolsservice/test/Microsoft.SqlTools.ServiceLayer.Test.Common/TestServiceProvider.cs:line 142
   at Microsoft.SqlTools.ServiceLayer.Test.Common.TestServiceProvider.RunQueryAsync(TestServerType serverType, String databaseName, String queryText, Boolean throwOnError) in /Users/aasimkhan/src/sqltoolsservice/test/Microsoft.SqlTools.ServiceLayer.Test.Common/TestServiceProvider.cs:line 110
   at Microsoft.SqlTools.ServiceLayer.Test.Common.SqlTestDb.CreateNewAsync(TestServerType serverType, Boolean doNotCleanupDb, String databaseName, String query, String dbNamePrefix) in /Users/aasimkhan/src/sqltoolsservice/test/Microsoft.SqlTools.ServiceLayer.Test.Common/SqlTestDb.cs:line 101
   at Microsoft.SqlTools.ServiceLayer.IntegrationTests.ObjectManagement.ObjectManagementServiceTests.TestInitialize() in /Users/aasimkhan/src/sqltoolsservice/test/Microsoft.SqlTools.ServiceLayer.IntegrationTests/ObjectManagement/ObjectManagementServiceTests.cs:line 35
   at NUnit.Framework.Internal.TaskAwaitAdapter.GenericAdapter`1.GetResult()
   at NUnit.Framework.Internal.AsyncToSyncAdapter.Await(Func`1 invoke)
   at NUnit.Framework.Internal.Commands.SetUpTearDownItem.RunSetUpOrTearDownMethod(TestExecutionContext context, IMethodInfo method)
   at NUnit.Framework.Internal.Commands.SetUpTearDownItem.RunSetUp(TestExecutionContext context)
   at NUnit.Framework.Internal.Commands.SetUpTearDownCommand.&lt;&gt;c__DisplayClass0_0.&lt;.ctor&gt;b__0(TestExecutionContext context)
   at NUnit.Framework.Internal.Commands.BeforeAndAfterTestCommand.&lt;&gt;c__DisplayClass1_0.&lt;Execute&gt;b__0()
   at NUnit.Framework.Internal.Commands.DelegatingTestCommand.RunTestMethodInThreadAbortSafeZone(TestExecutionContext context, Action action)

--TearDown
   at Microsoft.SqlTools.ServiceLayer.IntegrationTests.ObjectManagement.ObjectManagementServiceTests.TearDownTestDatabase() in /Users/aasimkhan/src/sqltoolsservice/test/Microsoft.SqlTools.ServiceLayer.IntegrationTests/ObjectManagement/ObjectManagementServiceTests.cs:line 43
   at NUnit.Framework.Internal.TaskAwaitAdapter.GenericAdapter`1.GetResult()
   at NUnit.Framework.Internal.AsyncToSyncAdapter.Await(Func`1 invoke)
   at NUnit.Framework.Internal.Commands.SetUpTearDownItem.RunSetUpOrTearDownMethod(TestExecutionContext context, IMethodInfo method)
   at NUnit.Framework.Internal.Commands.SetUpTearDownItem.RunTearDown(TestExecutionContext context)
1)    at Microsoft.SqlTools.ServiceLayer.Test.Common.TestConnectionProfileService.GetInstance(String key) in /Users/aasimkhan/src/sqltoolsservice/test/Microsoft.SqlTools.ServiceLayer.Test.Common/TestConnectionProfileService.cs:line 59
   at Microsoft.SqlTools.ServiceLayer.Test.Common.TestConnectionProfileService.GetConnectionParameters(String key, String databaseName) in /Users/aasimkhan/src/sqltoolsservice/test/Microsoft.SqlTools.ServiceLayer.Test.Common/TestConnectionProfileService.cs:line 65
   at Microsoft.SqlTools.ServiceLayer.Test.Common.TestConnectionProfileService.GetConnectionParameters(TestServerType serverType, String databaseName) in /Users/aasimkhan/src/sqltoolsservice/test/Microsoft.SqlTools.ServiceLayer.Test.Common/TestConnectionProfileService.cs:line 75
   at Microsoft.SqlTools.ServiceLayer.Test.Common.TestServiceProvider.InitLiveConnectionInfo(TestServerType serverType, String databaseName, String scriptFilePath) in /Users/aasimkhan/src/sqltoolsservice/test/Microsoft.SqlTools.ServiceLayer.Test.Common/TestServiceProvider.cs:line 142
   at System.Runtime.CompilerServices.AsyncMethodBuilderCore.Start[TStateMachine](TStateMachine&amp; stateMachine)
   at Microsoft.SqlTools.ServiceLayer.Test.Common.TestServiceProvider.InitLiveConnectionInfo(TestServerType serverType, String databaseName, String scriptFilePath)
   at Microsoft.SqlTools.ServiceLayer.Test.Common.TestServiceProvider.RunQueryAsync(TestServerType serverType, String databaseName, String queryText, Boolean throwOnError) in /Users/aasimkhan/src/sqltoolsservice/test/Microsoft.SqlTools.ServiceLayer.Test.Common/TestServiceProvider.cs:line 110
   at System.Runtime.CompilerServices.AsyncMethodBuilderCore.Start[TStateMachine](TStateMachine&amp; stateMachine)
   at Microsoft.SqlTools.ServiceLayer.Test.Common.TestServiceProvider.RunQueryAsync(TestServerType serverType, String databaseName, String queryText, Boolean throwOnError)
   at Microsoft.SqlTools.ServiceLayer.Test.Common.SqlTestDb.CreateNewAsync(TestServerType serverType, Boolean doNotCleanupDb, String databaseName, String query, String dbNamePrefix) in /Users/aasimkhan/src/sqltoolsservice/test/Microsoft.SqlTools.ServiceLayer.Test.Common/SqlTestDb.cs:line 101
   at System.Runtime.CompilerServices.AsyncMethodBuilderCore.Start[TStateMachine](TStateMachine&amp; stateMachine)
   at Microsoft.SqlTools.ServiceLayer.Test.Common.SqlTestDb.CreateNewAsync(TestServerType serverType, Boolean doNotCleanupDb, String databaseName, String query, String dbNamePrefix)
   at Microsoft.SqlTools.ServiceLayer.IntegrationTests.ObjectManagement.ObjectManagementServiceTests.TestInitialize() in /Users/aasimkhan/src/sqltoolsservice/test/Microsoft.SqlTools.ServiceLayer.IntegrationTests/ObjectManagement/ObjectManagementServiceTests.cs:line 35
   at System.Runtime.CompilerServices.AsyncMethodBuilderCore.Start[TStateMachine](TStateMachine&amp; stateMachine)
   at Microsoft.SqlTools.ServiceLayer.IntegrationTests.ObjectManagement.ObjectManagementServiceTests.TestInitialize()
   at InvokeStub_ObjectManagementServiceTests.TestInitialize(Object, Object, IntPtr*)</failure>
    </testcase>
    <testcase classname="Microsoft.SqlTools.ServiceLayer.IntegrationTests.ObjectManagement.ServerHandlerTests" name="GetProcessorsProperties" time="0.0013990">
      <failure type="failure" message="  Cannot find any instance for version key: sqlOnPrem&#xA;  Expected: True&#xA;  But was:  False&#xA;">at Microsoft.SqlTools.ServiceLayer.Test.Common.TestConnectionProfileService.GetInstance(String key) in /Users/aasimkhan/src/sqltoolsservice/test/Microsoft.SqlTools.ServiceLayer.Test.Common/TestConnectionProfileService.cs:line 59
   at Microsoft.SqlTools.ServiceLayer.Test.Common.TestConnectionProfileService.GetConnectionParameters(String key, String databaseName) in /Users/aasimkhan/src/sqltoolsservice/test/Microsoft.SqlTools.ServiceLayer.Test.Common/TestConnectionProfileService.cs:line 65
   at Microsoft.SqlTools.ServiceLayer.Test.Common.TestConnectionProfileService.GetConnectionParameters(TestServerType serverType, String databaseName) in /Users/aasimkhan/src/sqltoolsservice/test/Microsoft.SqlTools.ServiceLayer.Test.Common/TestConnectionProfileService.cs:line 75
   at Microsoft.SqlTools.ServiceLayer.IntegrationTests.Utility.LiveConnectionHelper.InitLiveConnectionInfoAsync(String databaseName, String ownerUri, String connectionType, TestServerType serverType) in /Users/aasimkhan/src/sqltoolsservice/test/Microsoft.SqlTools.ServiceLayer.IntegrationTests/Utility/LiveConnectionHelper.cs:line 68
   at Microsoft.SqlTools.ServiceLayer.IntegrationTests.ObjectManagement.ServerHandlerTests.GetProcessorsProperties() in /Users/aasimkhan/src/sqltoolsservice/test/Microsoft.SqlTools.ServiceLayer.IntegrationTests/ObjectManagement/ServerHandlerTests.cs:line 121
   at NUnit.Framework.Internal.TaskAwaitAdapter.GenericAdapter`1.GetResult()
   at NUnit.Framework.Internal.AsyncToSyncAdapter.Await(Func`1 invoke)
   at NUnit.Framework.Internal.Commands.TestMethodCommand.RunTestMethod(TestExecutionContext context)
   at NUnit.Framework.Internal.Commands.TestMethodCommand.Execute(TestExecutionContext context)
   at NUnit.Framework.Internal.Execution.SimpleWorkItem.&lt;&gt;c__DisplayClass4_0.&lt;PerformWork&gt;b__0()
   at NUnit.Framework.Internal.ContextUtils.&lt;&gt;c__DisplayClass1_0`1.&lt;DoIsolated&gt;b__0(Object _)

1)    at Microsoft.SqlTools.ServiceLayer.Test.Common.TestConnectionProfileService.GetInstance(String key) in /Users/aasimkhan/src/sqltoolsservice/test/Microsoft.SqlTools.ServiceLayer.Test.Common/TestConnectionProfileService.cs:line 59
   at Microsoft.SqlTools.ServiceLayer.Test.Common.TestConnectionProfileService.GetConnectionParameters(String key, String databaseName) in /Users/aasimkhan/src/sqltoolsservice/test/Microsoft.SqlTools.ServiceLayer.Test.Common/TestConnectionProfileService.cs:line 65
   at Microsoft.SqlTools.ServiceLayer.Test.Common.TestConnectionProfileService.GetConnectionParameters(TestServerType serverType, String databaseName) in /Users/aasimkhan/src/sqltoolsservice/test/Microsoft.SqlTools.ServiceLayer.Test.Common/TestConnectionProfileService.cs:line 75
   at Microsoft.SqlTools.ServiceLayer.IntegrationTests.Utility.LiveConnectionHelper.InitLiveConnectionInfoAsync(String databaseName, String ownerUri, String connectionType, TestServerType serverType) in /Users/aasimkhan/src/sqltoolsservice/test/Microsoft.SqlTools.ServiceLayer.IntegrationTests/Utility/LiveConnectionHelper.cs:line 68
   at System.Runtime.CompilerServices.AsyncMethodBuilderCore.Start[TStateMachine](TStateMachine&amp; stateMachine)
   at Microsoft.SqlTools.ServiceLayer.IntegrationTests.Utility.LiveConnectionHelper.InitLiveConnectionInfoAsync(String databaseName, String ownerUri, String connectionType, TestServerType serverType)
   at Microsoft.SqlTools.ServiceLayer.IntegrationTests.ObjectManagement.ServerHandlerTests.GetProcessorsProperties() in /Users/aasimkhan/src/sqltoolsservice/test/Microsoft.SqlTools.ServiceLayer.IntegrationTests/ObjectManagement/ServerHandlerTests.cs:line 121
   at System.Runtime.CompilerServices.AsyncMethodBuilderCore.Start[TStateMachine](TStateMachine&amp; stateMachine)
   at Microsoft.SqlTools.ServiceLayer.IntegrationTests.ObjectManagement.ServerHandlerTests.GetProcessorsProperties()</failure>
    </testcase>
    <testcase classname="Microsoft.SqlTools.ServiceLayer.IntegrationTests.ObjectManagement.ServerHandlerTests" name="GetServerProperties" time="0.0012450">
      <failure type="failure" message="  Cannot find any instance for version key: sqlOnPrem&#xA;  Expected: True&#xA;  But was:  False&#xA;">at Microsoft.SqlTools.ServiceLayer.Test.Common.TestConnectionProfileService.GetInstance(String key) in /Users/aasimkhan/src/sqltoolsservice/test/Microsoft.SqlTools.ServiceLayer.Test.Common/TestConnectionProfileService.cs:line 59
   at Microsoft.SqlTools.ServiceLayer.Test.Common.TestConnectionProfileService.GetConnectionParameters(String key, String databaseName) in /Users/aasimkhan/src/sqltoolsservice/test/Microsoft.SqlTools.ServiceLayer.Test.Common/TestConnectionProfileService.cs:line 65
   at Microsoft.SqlTools.ServiceLayer.Test.Common.TestConnectionProfileService.GetConnectionParameters(TestServerType serverType, String databaseName) in /Users/aasimkhan/src/sqltoolsservice/test/Microsoft.SqlTools.ServiceLayer.Test.Common/TestConnectionProfileService.cs:line 75
   at Microsoft.SqlTools.ServiceLayer.IntegrationTests.Utility.LiveConnectionHelper.InitLiveConnectionInfoAsync(String databaseName, String ownerUri, String connectionType, TestServerType serverType) in /Users/aasimkhan/src/sqltoolsservice/test/Microsoft.SqlTools.ServiceLayer.IntegrationTests/Utility/LiveConnectionHelper.cs:line 68
   at Microsoft.SqlTools.ServiceLayer.IntegrationTests.ObjectManagement.ServerHandlerTests.GetServerProperties() in /Users/aasimkhan/src/sqltoolsservice/test/Microsoft.SqlTools.ServiceLayer.IntegrationTests/ObjectManagement/ServerHandlerTests.cs:line 31
   at NUnit.Framework.Internal.TaskAwaitAdapter.GenericAdapter`1.GetResult()
   at NUnit.Framework.Internal.AsyncToSyncAdapter.Await(Func`1 invoke)
   at NUnit.Framework.Internal.Commands.TestMethodCommand.RunTestMethod(TestExecutionContext context)
   at NUnit.Framework.Internal.Commands.TestMethodCommand.Execute(TestExecutionContext context)
   at NUnit.Framework.Internal.Execution.SimpleWorkItem.&lt;&gt;c__DisplayClass4_0.&lt;PerformWork&gt;b__0()
   at NUnit.Framework.Internal.ContextUtils.&lt;&gt;c__DisplayClass1_0`1.&lt;DoIsolated&gt;b__0(Object _)

1)    at Microsoft.SqlTools.ServiceLayer.Test.Common.TestConnectionProfileService.GetInstance(String key) in /Users/aasimkhan/src/sqltoolsservice/test/Microsoft.SqlTools.ServiceLayer.Test.Common/TestConnectionProfileService.cs:line 59
   at Microsoft.SqlTools.ServiceLayer.Test.Common.TestConnectionProfileService.GetConnectionParameters(String key, String databaseName) in /Users/aasimkhan/src/sqltoolsservice/test/Microsoft.SqlTools.ServiceLayer.Test.Common/TestConnectionProfileService.cs:line 65
   at Microsoft.SqlTools.ServiceLayer.Test.Common.TestConnectionProfileService.GetConnectionParameters(TestServerType serverType, String databaseName) in /Users/aasimkhan/src/sqltoolsservice/test/Microsoft.SqlTools.ServiceLayer.Test.Common/TestConnectionProfileService.cs:line 75
   at Microsoft.SqlTools.ServiceLayer.IntegrationTests.Utility.LiveConnectionHelper.InitLiveConnectionInfoAsync(String databaseName, String ownerUri, String connectionType, TestServerType serverType) in /Users/aasimkhan/src/sqltoolsservice/test/Microsoft.SqlTools.ServiceLayer.IntegrationTests/Utility/LiveConnectionHelper.cs:line 68
   at System.Runtime.CompilerServices.AsyncMethodBuilderCore.Start[TStateMachine](TStateMachine&amp; stateMachine)
   at Microsoft.SqlTools.ServiceLayer.IntegrationTests.Utility.LiveConnectionHelper.InitLiveConnectionInfoAsync(String databaseName, String ownerUri, String connectionType, TestServerType serverType)
   at Microsoft.SqlTools.ServiceLayer.IntegrationTests.ObjectManagement.ServerHandlerTests.GetServerProperties() in /Users/aasimkhan/src/sqltoolsservice/test/Microsoft.SqlTools.ServiceLayer.IntegrationTests/ObjectManagement/ServerHandlerTests.cs:line 31
   at System.Runtime.CompilerServices.AsyncMethodBuilderCore.Start[TStateMachine](TStateMachine&amp; stateMachine)
   at Microsoft.SqlTools.ServiceLayer.IntegrationTests.ObjectManagement.ServerHandlerTests.GetServerProperties()</failure>
    </testcase>
    <testcase classname="Microsoft.SqlTools.ServiceLayer.IntegrationTests.ObjectManagement.UserTests" name="TestHandleSaveUserWithLoginRequest" time="0.0010620">
      <failure type="failure" message="  Cannot find any instance for version key: sqlOnPrem&#xA;  Expected: True&#xA;  But was:  False&#xA;">at Microsoft.SqlTools.ServiceLayer.Test.Common.TestConnectionProfileService.GetInstance(String key) in /Users/aasimkhan/src/sqltoolsservice/test/Microsoft.SqlTools.ServiceLayer.Test.Common/TestConnectionProfileService.cs:line 59
   at Microsoft.SqlTools.ServiceLayer.Test.Common.TestConnectionProfileService.GetConnectionParameters(String key, String databaseName) in /Users/aasimkhan/src/sqltoolsservice/test/Microsoft.SqlTools.ServiceLayer.Test.Common/TestConnectionProfileService.cs:line 65
   at Microsoft.SqlTools.ServiceLayer.Test.Common.TestConnectionProfileService.GetConnectionParameters(TestServerType serverType, String databaseName) in /Users/aasimkhan/src/sqltoolsservice/test/Microsoft.SqlTools.ServiceLayer.Test.Common/TestConnectionProfileService.cs:line 75
   at Microsoft.SqlTools.ServiceLayer.IntegrationTests.Utility.LiveConnectionHelper.InitLiveConnectionInfoAsync(String databaseName, String ownerUri, String connectionType, TestServerType serverType) in /Users/aasimkhan/src/sqltoolsservice/test/Microsoft.SqlTools.ServiceLayer.IntegrationTests/Utility/LiveConnectionHelper.cs:line 68
   at Microsoft.SqlTools.ServiceLayer.IntegrationTests.ObjectManagement.UserTests.TestHandleSaveUserWithLoginRequest() in /Users/aasimkhan/src/sqltoolsservice/test/Microsoft.SqlTools.ServiceLayer.IntegrationTests/ObjectManagement/UserTests.cs:line 28
   at NUnit.Framework.Internal.TaskAwaitAdapter.GenericAdapter`1.GetResult()
   at NUnit.Framework.Internal.AsyncToSyncAdapter.Await(Func`1 invoke)
   at NUnit.Framework.Internal.Commands.TestMethodCommand.RunTestMethod(TestExecutionContext context)
   at NUnit.Framework.Internal.Commands.TestMethodCommand.Execute(TestExecutionContext context)
   at NUnit.Framework.Internal.Execution.SimpleWorkItem.&lt;&gt;c__DisplayClass4_0.&lt;PerformWork&gt;b__0()
   at NUnit.Framework.Internal.ContextUtils.&lt;&gt;c__DisplayClass1_0`1.&lt;DoIsolated&gt;b__0(Object _)

1)    at Microsoft.SqlTools.ServiceLayer.Test.Common.TestConnectionProfileService.GetInstance(String key) in /Users/aasimkhan/src/sqltoolsservice/test/Microsoft.SqlTools.ServiceLayer.Test.Common/TestConnectionProfileService.cs:line 59
   at Microsoft.SqlTools.ServiceLayer.Test.Common.TestConnectionProfileService.GetConnectionParameters(String key, String databaseName) in /Users/aasimkhan/src/sqltoolsservice/test/Microsoft.SqlTools.ServiceLayer.Test.Common/TestConnectionProfileService.cs:line 65
   at Microsoft.SqlTools.ServiceLayer.Test.Common.TestConnectionProfileService.GetConnectionParameters(TestServerType serverType, String databaseName) in /Users/aasimkhan/src/sqltoolsservice/test/Microsoft.SqlTools.ServiceLayer.Test.Common/TestConnectionProfileService.cs:line 75
   at Microsoft.SqlTools.ServiceLayer.IntegrationTests.Utility.LiveConnectionHelper.InitLiveConnectionInfoAsync(String databaseName, String ownerUri, String connectionType, TestServerType serverType) in /Users/aasimkhan/src/sqltoolsservice/test/Microsoft.SqlTools.ServiceLayer.IntegrationTests/Utility/LiveConnectionHelper.cs:line 68
   at System.Runtime.CompilerServices.AsyncMethodBuilderCore.Start[TStateMachine](TStateMachine&amp; stateMachine)
   at Microsoft.SqlTools.ServiceLayer.IntegrationTests.Utility.LiveConnectionHelper.InitLiveConnectionInfoAsync(String databaseName, String ownerUri, String connectionType, TestServerType serverType)
   at Microsoft.SqlTools.ServiceLayer.IntegrationTests.ObjectManagement.UserTests.TestHandleSaveUserWithLoginRequest() in /Users/aasimkhan/src/sqltoolsservice/test/Microsoft.SqlTools.ServiceLayer.IntegrationTests/ObjectManagement/UserTests.cs:line 28
   at System.Runtime.CompilerServices.AsyncMethodBuilderCore.Start[TStateMachine](TStateMachine&amp; stateMachine)
   at Microsoft.SqlTools.ServiceLayer.IntegrationTests.ObjectManagement.UserTests.TestHandleSaveUserWithLoginRequest()</failure>
    </testcase>
    <testcase classname="Microsoft.SqlTools.ServiceLayer.IntegrationTests.ObjectManagement.UserTests" name="TestScriptUserWithLogin" time="0.0011300">
      <failure type="failure" message="  Cannot find any instance for version key: sqlOnPrem&#xA;  Expected: True&#xA;  But was:  False&#xA;">at Microsoft.SqlTools.ServiceLayer.Test.Common.TestConnectionProfileService.GetInstance(String key) in /Users/aasimkhan/src/sqltoolsservice/test/Microsoft.SqlTools.ServiceLayer.Test.Common/TestConnectionProfileService.cs:line 59
   at Microsoft.SqlTools.ServiceLayer.Test.Common.TestConnectionProfileService.GetConnectionParameters(String key, String databaseName) in /Users/aasimkhan/src/sqltoolsservice/test/Microsoft.SqlTools.ServiceLayer.Test.Common/TestConnectionProfileService.cs:line 65
   at Microsoft.SqlTools.ServiceLayer.Test.Common.TestConnectionProfileService.GetConnectionParameters(TestServerType serverType, String databaseName) in /Users/aasimkhan/src/sqltoolsservice/test/Microsoft.SqlTools.ServiceLayer.Test.Common/TestConnectionProfileService.cs:line 75
   at Microsoft.SqlTools.ServiceLayer.IntegrationTests.Utility.LiveConnectionHelper.InitLiveConnectionInfoAsync(String databaseName, String ownerUri, String connectionType, TestServerType serverType) in /Users/aasimkhan/src/sqltoolsservice/test/Microsoft.SqlTools.ServiceLayer.IntegrationTests/Utility/LiveConnectionHelper.cs:line 68
   at Microsoft.SqlTools.ServiceLayer.IntegrationTests.ObjectManagement.UserTests.TestScriptUserWithLogin() in /Users/aasimkhan/src/sqltoolsservice/test/Microsoft.SqlTools.ServiceLayer.IntegrationTests/ObjectManagement/UserTests.cs:line 84
   at NUnit.Framework.Internal.TaskAwaitAdapter.GenericAdapter`1.GetResult()
   at NUnit.Framework.Internal.AsyncToSyncAdapter.Await(Func`1 invoke)
   at NUnit.Framework.Internal.Commands.TestMethodCommand.RunTestMethod(TestExecutionContext context)
   at NUnit.Framework.Internal.Commands.TestMethodCommand.Execute(TestExecutionContext context)
   at NUnit.Framework.Internal.Execution.SimpleWorkItem.&lt;&gt;c__DisplayClass4_0.&lt;PerformWork&gt;b__0()
   at NUnit.Framework.Internal.ContextUtils.&lt;&gt;c__DisplayClass1_0`1.&lt;DoIsolated&gt;b__0(Object _)

1)    at Microsoft.SqlTools.ServiceLayer.Test.Common.TestConnectionProfileService.GetInstance(String key) in /Users/aasimkhan/src/sqltoolsservice/test/Microsoft.SqlTools.ServiceLayer.Test.Common/TestConnectionProfileService.cs:line 59
   at Microsoft.SqlTools.ServiceLayer.Test.Common.TestConnectionProfileService.GetConnectionParameters(String key, String databaseName) in /Users/aasimkhan/src/sqltoolsservice/test/Microsoft.SqlTools.ServiceLayer.Test.Common/TestConnectionProfileService.cs:line 65
   at Microsoft.SqlTools.ServiceLayer.Test.Common.TestConnectionProfileService.GetConnectionParameters(TestServerType serverType, String databaseName) in /Users/aasimkhan/src/sqltoolsservice/test/Microsoft.SqlTools.ServiceLayer.Test.Common/TestConnectionProfileService.cs:line 75
   at Microsoft.SqlTools.ServiceLayer.IntegrationTests.Utility.LiveConnectionHelper.InitLiveConnectionInfoAsync(String databaseName, String ownerUri, String connectionType, TestServerType serverType) in /Users/aasimkhan/src/sqltoolsservice/test/Microsoft.SqlTools.ServiceLayer.IntegrationTests/Utility/LiveConnectionHelper.cs:line 68
   at System.Runtime.CompilerServices.AsyncMethodBuilderCore.Start[TStateMachine](TStateMachine&amp; stateMachine)
   at Microsoft.SqlTools.ServiceLayer.IntegrationTests.Utility.LiveConnectionHelper.InitLiveConnectionInfoAsync(String databaseName, String ownerUri, String connectionType, TestServerType serverType)
   at Microsoft.SqlTools.ServiceLayer.IntegrationTests.ObjectManagement.UserTests.TestScriptUserWithLogin() in /Users/aasimkhan/src/sqltoolsservice/test/Microsoft.SqlTools.ServiceLayer.IntegrationTests/ObjectManagement/UserTests.cs:line 84
   at System.Runtime.CompilerServices.AsyncMethodBuilderCore.Start[TStateMachine](TStateMachine&amp; stateMachine)
   at Microsoft.SqlTools.ServiceLayer.IntegrationTests.ObjectManagement.UserTests.TestScriptUserWithLogin()</failure>
    </testcase>
    <testcase classname="Microsoft.SqlTools.ServiceLayer.IntegrationTests.ObjectManagement.UtilsTests" name="GetAssociatedFilesTest" time="0.0012610">
      <failure type="failure" message="  Cannot find any instance for version key: sqlOnPrem&#xA;  Expected: True&#xA;  But was:  False&#xA;">at Microsoft.SqlTools.ServiceLayer.Test.Common.TestConnectionProfileService.GetInstance(String key) in /Users/aasimkhan/src/sqltoolsservice/test/Microsoft.SqlTools.ServiceLayer.Test.Common/TestConnectionProfileService.cs:line 59
   at Microsoft.SqlTools.ServiceLayer.Test.Common.TestConnectionProfileService.GetConnectionParameters(String key, String databaseName) in /Users/aasimkhan/src/sqltoolsservice/test/Microsoft.SqlTools.ServiceLayer.Test.Common/TestConnectionProfileService.cs:line 65
   at Microsoft.SqlTools.ServiceLayer.Test.Common.TestConnectionProfileService.GetConnectionParameters(TestServerType serverType, String databaseName) in /Users/aasimkhan/src/sqltoolsservice/test/Microsoft.SqlTools.ServiceLayer.Test.Common/TestConnectionProfileService.cs:line 75
   at Microsoft.SqlTools.ServiceLayer.Test.Common.TestServiceProvider.InitLiveConnectionInfo(TestServerType serverType, String databaseName, String scriptFilePath) in /Users/aasimkhan/src/sqltoolsservice/test/Microsoft.SqlTools.ServiceLayer.Test.Common/TestServiceProvider.cs:line 142
   at Microsoft.SqlTools.ServiceLayer.Test.Common.TestServiceProvider.RunQueryAsync(TestServerType serverType, String databaseName, String queryText, Boolean throwOnError) in /Users/aasimkhan/src/sqltoolsservice/test/Microsoft.SqlTools.ServiceLayer.Test.Common/TestServiceProvider.cs:line 110
   at Microsoft.SqlTools.ServiceLayer.Test.Common.SqlTestDb.CreateNewAsync(TestServerType serverType, Boolean doNotCleanupDb, String databaseName, String query, String dbNamePrefix) in /Users/aasimkhan/src/sqltoolsservice/test/Microsoft.SqlTools.ServiceLayer.Test.Common/SqlTestDb.cs:line 101
   at Microsoft.SqlTools.ServiceLayer.IntegrationTests.ObjectManagement.UtilsTests.GetAssociatedFilesTest() in /Users/aasimkhan/src/sqltoolsservice/test/Microsoft.SqlTools.ServiceLayer.IntegrationTests/ObjectManagement/UtilsTests.cs:line 51
   at NUnit.Framework.Internal.TaskAwaitAdapter.GenericAdapter`1.GetResult()
   at NUnit.Framework.Internal.AsyncToSyncAdapter.Await(Func`1 invoke)
   at NUnit.Framework.Internal.Commands.TestMethodCommand.RunTestMethod(TestExecutionContext context)
   at NUnit.Framework.Internal.Commands.TestMethodCommand.Execute(TestExecutionContext context)
   at NUnit.Framework.Internal.Execution.SimpleWorkItem.&lt;&gt;c__DisplayClass4_0.&lt;PerformWork&gt;b__0()
   at NUnit.Framework.Internal.ContextUtils.&lt;&gt;c__DisplayClass1_0`1.&lt;DoIsolated&gt;b__0(Object _)

1)    at Microsoft.SqlTools.ServiceLayer.Test.Common.TestConnectionProfileService.GetInstance(String key) in /Users/aasimkhan/src/sqltoolsservice/test/Microsoft.SqlTools.ServiceLayer.Test.Common/TestConnectionProfileService.cs:line 59
   at Microsoft.SqlTools.ServiceLayer.Test.Common.TestConnectionProfileService.GetConnectionParameters(String key, String databaseName) in /Users/aasimkhan/src/sqltoolsservice/test/Microsoft.SqlTools.ServiceLayer.Test.Common/TestConnectionProfileService.cs:line 65
   at Microsoft.SqlTools.ServiceLayer.Test.Common.TestConnectionProfileService.GetConnectionParameters(TestServerType serverType, String databaseName) in /Users/aasimkhan/src/sqltoolsservice/test/Microsoft.SqlTools.ServiceLayer.Test.Common/TestConnectionProfileService.cs:line 75
   at Microsoft.SqlTools.ServiceLayer.Test.Common.TestServiceProvider.InitLiveConnectionInfo(TestServerType serverType, String databaseName, String scriptFilePath) in /Users/aasimkhan/src/sqltoolsservice/test/Microsoft.SqlTools.ServiceLayer.Test.Common/TestServiceProvider.cs:line 142
   at System.Runtime.CompilerServices.AsyncMethodBuilderCore.Start[TStateMachine](TStateMachine&amp; stateMachine)
   at Microsoft.SqlTools.ServiceLayer.Test.Common.TestServiceProvider.InitLiveConnectionInfo(TestServerType serverType, String databaseName, String scriptFilePath)
   at Microsoft.SqlTools.ServiceLayer.Test.Common.TestServiceProvider.RunQueryAsync(TestServerType serverType, String databaseName, String queryText, Boolean throwOnError) in /Users/aasimkhan/src/sqltoolsservice/test/Microsoft.SqlTools.ServiceLayer.Test.Common/TestServiceProvider.cs:line 110
   at System.Runtime.CompilerServices.AsyncMethodBuilderCore.Start[TStateMachine](TStateMachine&amp; stateMachine)
   at Microsoft.SqlTools.ServiceLayer.Test.Common.TestServiceProvider.RunQueryAsync(TestServerType serverType, String databaseName, String queryText, Boolean throwOnError)
   at Microsoft.SqlTools.ServiceLayer.Test.Common.SqlTestDb.CreateNewAsync(TestServerType serverType, Boolean doNotCleanupDb, String databaseName, String query, String dbNamePrefix) in /Users/aasimkhan/src/sqltoolsservice/test/Microsoft.SqlTools.ServiceLayer.Test.Common/SqlTestDb.cs:line 101
   at System.Runtime.CompilerServices.AsyncMethodBuilderCore.Start[TStateMachine](TStateMachine&amp; stateMachine)
   at Microsoft.SqlTools.ServiceLayer.Test.Common.SqlTestDb.CreateNewAsync(TestServerType serverType, Boolean doNotCleanupDb, String databaseName, String query, String dbNamePrefix)
   at Microsoft.SqlTools.ServiceLayer.IntegrationTests.ObjectManagement.UtilsTests.GetAssociatedFilesTest() in /Users/aasimkhan/src/sqltoolsservice/test/Microsoft.SqlTools.ServiceLayer.IntegrationTests/ObjectManagement/UtilsTests.cs:line 51
   at System.Runtime.CompilerServices.AsyncMethodBuilderCore.Start[TStateMachine](TStateMachine&amp; stateMachine)
   at Microsoft.SqlTools.ServiceLayer.IntegrationTests.ObjectManagement.UtilsTests.GetAssociatedFilesTest()</failure>
    </testcase>
    <testcase classname="Microsoft.SqlTools.ServiceLayer.IntegrationTests.ObjectManagement.UtilsTests" name="GetDataFolderTest" time="0.0011570">
      <failure type="failure" message="  Cannot find any instance for version key: sqlOnPrem&#xA;  Expected: True&#xA;  But was:  False&#xA;">at Microsoft.SqlTools.ServiceLayer.Test.Common.TestConnectionProfileService.GetInstance(String key) in /Users/aasimkhan/src/sqltoolsservice/test/Microsoft.SqlTools.ServiceLayer.Test.Common/TestConnectionProfileService.cs:line 59
   at Microsoft.SqlTools.ServiceLayer.Test.Common.TestConnectionProfileService.GetConnectionParameters(String key, String databaseName) in /Users/aasimkhan/src/sqltoolsservice/test/Microsoft.SqlTools.ServiceLayer.Test.Common/TestConnectionProfileService.cs:line 65
   at Microsoft.SqlTools.ServiceLayer.Test.Common.TestConnectionProfileService.GetConnectionParameters(TestServerType serverType, String databaseName) in /Users/aasimkhan/src/sqltoolsservice/test/Microsoft.SqlTools.ServiceLayer.Test.Common/TestConnectionProfileService.cs:line 75
   at Microsoft.SqlTools.ServiceLayer.Test.Common.TestServiceProvider.InitLiveConnectionInfo(TestServerType serverType, String databaseName, String scriptFilePath) in /Users/aasimkhan/src/sqltoolsservice/test/Microsoft.SqlTools.ServiceLayer.Test.Common/TestServiceProvider.cs:line 142
   at Microsoft.SqlTools.ServiceLayer.Test.Common.TestServiceProvider.RunQueryAsync(TestServerType serverType, String databaseName, String queryText, Boolean throwOnError) in /Users/aasimkhan/src/sqltoolsservice/test/Microsoft.SqlTools.ServiceLayer.Test.Common/TestServiceProvider.cs:line 110
   at Microsoft.SqlTools.ServiceLayer.Test.Common.SqlTestDb.CreateNewAsync(TestServerType serverType, Boolean doNotCleanupDb, String databaseName, String query, String dbNamePrefix) in /Users/aasimkhan/src/sqltoolsservice/test/Microsoft.SqlTools.ServiceLayer.Test.Common/SqlTestDb.cs:line 101
   at Microsoft.SqlTools.ServiceLayer.IntegrationTests.ObjectManagement.UtilsTests.GetDataFolderTest() in /Users/aasimkhan/src/sqltoolsservice/test/Microsoft.SqlTools.ServiceLayer.IntegrationTests/ObjectManagement/UtilsTests.cs:line 28
   at NUnit.Framework.Internal.TaskAwaitAdapter.GenericAdapter`1.GetResult()
   at NUnit.Framework.Internal.AsyncToSyncAdapter.Await(Func`1 invoke)
   at NUnit.Framework.Internal.Commands.TestMethodCommand.RunTestMethod(TestExecutionContext context)
   at NUnit.Framework.Internal.Commands.TestMethodCommand.Execute(TestExecutionContext context)
   at NUnit.Framework.Internal.Execution.SimpleWorkItem.&lt;&gt;c__DisplayClass4_0.&lt;PerformWork&gt;b__0()
   at NUnit.Framework.Internal.ContextUtils.&lt;&gt;c__DisplayClass1_0`1.&lt;DoIsolated&gt;b__0(Object _)

1)    at Microsoft.SqlTools.ServiceLayer.Test.Common.TestConnectionProfileService.GetInstance(String key) in /Users/aasimkhan/src/sqltoolsservice/test/Microsoft.SqlTools.ServiceLayer.Test.Common/TestConnectionProfileService.cs:line 59
   at Microsoft.SqlTools.ServiceLayer.Test.Common.TestConnectionProfileService.GetConnectionParameters(String key, String databaseName) in /Users/aasimkhan/src/sqltoolsservice/test/Microsoft.SqlTools.ServiceLayer.Test.Common/TestConnectionProfileService.cs:line 65
   at Microsoft.SqlTools.ServiceLayer.Test.Common.TestConnectionProfileService.GetConnectionParameters(TestServerType serverType, String databaseName) in /Users/aasimkhan/src/sqltoolsservice/test/Microsoft.SqlTools.ServiceLayer.Test.Common/TestConnectionProfileService.cs:line 75
   at Microsoft.SqlTools.ServiceLayer.Test.Common.TestServiceProvider.InitLiveConnectionInfo(TestServerType serverType, String databaseName, String scriptFilePath) in /Users/aasimkhan/src/sqltoolsservice/test/Microsoft.SqlTools.ServiceLayer.Test.Common/TestServiceProvider.cs:line 142
   at System.Runtime.CompilerServices.AsyncMethodBuilderCore.Start[TStateMachine](TStateMachine&amp; stateMachine)
   at Microsoft.SqlTools.ServiceLayer.Test.Common.TestServiceProvider.InitLiveConnectionInfo(TestServerType serverType, String databaseName, String scriptFilePath)
   at Microsoft.SqlTools.ServiceLayer.Test.Common.TestServiceProvider.RunQueryAsync(TestServerType serverType, String databaseName, String queryText, Boolean throwOnError) in /Users/aasimkhan/src/sqltoolsservice/test/Microsoft.SqlTools.ServiceLayer.Test.Common/TestServiceProvider.cs:line 110
   at System.Runtime.CompilerServices.AsyncMethodBuilderCore.Start[TStateMachine](TStateMachine&amp; stateMachine)
   at Microsoft.SqlTools.ServiceLayer.Test.Common.TestServiceProvider.RunQueryAsync(TestServerType serverType, String databaseName, String queryText, Boolean throwOnError)
   at Microsoft.SqlTools.ServiceLayer.Test.Common.SqlTestDb.CreateNewAsync(TestServerType serverType, Boolean doNotCleanupDb, String databaseName, String query, String dbNamePrefix) in /Users/aasimkhan/src/sqltoolsservice/test/Microsoft.SqlTools.ServiceLayer.Test.Common/SqlTestDb.cs:line 101
   at System.Runtime.CompilerServices.AsyncMethodBuilderCore.Start[TStateMachine](TStateMachine&amp; stateMachine)
   at Microsoft.SqlTools.ServiceLayer.Test.Common.SqlTestDb.CreateNewAsync(TestServerType serverType, Boolean doNotCleanupDb, String databaseName, String query, String dbNamePrefix)
   at Microsoft.SqlTools.ServiceLayer.IntegrationTests.ObjectManagement.UtilsTests.GetDataFolderTest() in /Users/aasimkhan/src/sqltoolsservice/test/Microsoft.SqlTools.ServiceLayer.IntegrationTests/ObjectManagement/UtilsTests.cs:line 28
   at System.Runtime.CompilerServices.AsyncMethodBuilderCore.Start[TStateMachine](TStateMachine&amp; stateMachine)
   at Microsoft.SqlTools.ServiceLayer.IntegrationTests.ObjectManagement.UtilsTests.GetDataFolderTest()</failure>
    </testcase>
    <testcase classname="Microsoft.SqlTools.ServiceLayer.IntegrationTests.ObjectManagement.UtilsTests" name="ThrowErrorWhenDatabaseExistsTest" time="0.0010200">
      <failure type="failure" message="  Cannot find any instance for version key: sqlOnPrem&#xA;  Expected: True&#xA;  But was:  False&#xA;">at Microsoft.SqlTools.ServiceLayer.Test.Common.TestConnectionProfileService.GetInstance(String key) in /Users/aasimkhan/src/sqltoolsservice/test/Microsoft.SqlTools.ServiceLayer.Test.Common/TestConnectionProfileService.cs:line 59
   at Microsoft.SqlTools.ServiceLayer.Test.Common.TestConnectionProfileService.GetConnectionParameters(String key, String databaseName) in /Users/aasimkhan/src/sqltoolsservice/test/Microsoft.SqlTools.ServiceLayer.Test.Common/TestConnectionProfileService.cs:line 65
   at Microsoft.SqlTools.ServiceLayer.Test.Common.TestConnectionProfileService.GetConnectionParameters(TestServerType serverType, String databaseName) in /Users/aasimkhan/src/sqltoolsservice/test/Microsoft.SqlTools.ServiceLayer.Test.Common/TestConnectionProfileService.cs:line 75
   at Microsoft.SqlTools.ServiceLayer.Test.Common.TestServiceProvider.InitLiveConnectionInfo(TestServerType serverType, String databaseName, String scriptFilePath) in /Users/aasimkhan/src/sqltoolsservice/test/Microsoft.SqlTools.ServiceLayer.Test.Common/TestServiceProvider.cs:line 142
   at Microsoft.SqlTools.ServiceLayer.Test.Common.TestServiceProvider.RunQueryAsync(TestServerType serverType, String databaseName, String queryText, Boolean throwOnError) in /Users/aasimkhan/src/sqltoolsservice/test/Microsoft.SqlTools.ServiceLayer.Test.Common/TestServiceProvider.cs:line 110
   at Microsoft.SqlTools.ServiceLayer.Test.Common.SqlTestDb.CreateNewAsync(TestServerType serverType, Boolean doNotCleanupDb, String databaseName, String query, String dbNamePrefix) in /Users/aasimkhan/src/sqltoolsservice/test/Microsoft.SqlTools.ServiceLayer.Test.Common/SqlTestDb.cs:line 101
   at Microsoft.SqlTools.ServiceLayer.IntegrationTests.ObjectManagement.UtilsTests.ThrowErrorWhenDatabaseExistsTest() in /Users/aasimkhan/src/sqltoolsservice/test/Microsoft.SqlTools.ServiceLayer.IntegrationTests/ObjectManagement/UtilsTests.cs:line 104
   at NUnit.Framework.Internal.TaskAwaitAdapter.GenericAdapter`1.GetResult()
   at NUnit.Framework.Internal.AsyncToSyncAdapter.Await(Func`1 invoke)
   at NUnit.Framework.Internal.Commands.TestMethodCommand.RunTestMethod(TestExecutionContext context)
   at NUnit.Framework.Internal.Commands.TestMethodCommand.Execute(TestExecutionContext context)
   at NUnit.Framework.Internal.Execution.SimpleWorkItem.&lt;&gt;c__DisplayClass4_0.&lt;PerformWork&gt;b__0()
   at NUnit.Framework.Internal.ContextUtils.&lt;&gt;c__DisplayClass1_0`1.&lt;DoIsolated&gt;b__0(Object _)

1)    at Microsoft.SqlTools.ServiceLayer.Test.Common.TestConnectionProfileService.GetInstance(String key) in /Users/aasimkhan/src/sqltoolsservice/test/Microsoft.SqlTools.ServiceLayer.Test.Common/TestConnectionProfileService.cs:line 59
   at Microsoft.SqlTools.ServiceLayer.Test.Common.TestConnectionProfileService.GetConnectionParameters(String key, String databaseName) in /Users/aasimkhan/src/sqltoolsservice/test/Microsoft.SqlTools.ServiceLayer.Test.Common/TestConnectionProfileService.cs:line 65
   at Microsoft.SqlTools.ServiceLayer.Test.Common.TestConnectionProfileService.GetConnectionParameters(TestServerType serverType, String databaseName) in /Users/aasimkhan/src/sqltoolsservice/test/Microsoft.SqlTools.ServiceLayer.Test.Common/TestConnectionProfileService.cs:line 75
   at Microsoft.SqlTools.ServiceLayer.Test.Common.TestServiceProvider.InitLiveConnectionInfo(TestServerType serverType, String databaseName, String scriptFilePath) in /Users/aasimkhan/src/sqltoolsservice/test/Microsoft.SqlTools.ServiceLayer.Test.Common/TestServiceProvider.cs:line 142
   at System.Runtime.CompilerServices.AsyncMethodBuilderCore.Start[TStateMachine](TStateMachine&amp; stateMachine)
   at Microsoft.SqlTools.ServiceLayer.Test.Common.TestServiceProvider.InitLiveConnectionInfo(TestServerType serverType, String databaseName, String scriptFilePath)
   at Microsoft.SqlTools.ServiceLayer.Test.Common.TestServiceProvider.RunQueryAsync(TestServerType serverType, String databaseName, String queryText, Boolean throwOnError) in /Users/aasimkhan/src/sqltoolsservice/test/Microsoft.SqlTools.ServiceLayer.Test.Common/TestServiceProvider.cs:line 110
   at System.Runtime.CompilerServices.AsyncMethodBuilderCore.Start[TStateMachine](TStateMachine&amp; stateMachine)
   at Microsoft.SqlTools.ServiceLayer.Test.Common.TestServiceProvider.RunQueryAsync(TestServerType serverType, String databaseName, String queryText, Boolean throwOnError)
   at Microsoft.SqlTools.ServiceLayer.Test.Common.SqlTestDb.CreateNewAsync(TestServerType serverType, Boolean doNotCleanupDb, String databaseName, String query, String dbNamePrefix) in /Users/aasimkhan/src/sqltoolsservice/test/Microsoft.SqlTools.ServiceLayer.Test.Common/SqlTestDb.cs:line 101
   at System.Runtime.CompilerServices.AsyncMethodBuilderCore.Start[TStateMachine](TStateMachine&amp; stateMachine)
   at Microsoft.SqlTools.ServiceLayer.Test.Common.SqlTestDb.CreateNewAsync(TestServerType serverType, Boolean doNotCleanupDb, String databaseName, String query, String dbNamePrefix)
   at Microsoft.SqlTools.ServiceLayer.IntegrationTests.ObjectManagement.UtilsTests.ThrowErrorWhenDatabaseExistsTest() in /Users/aasimkhan/src/sqltoolsservice/test/Microsoft.SqlTools.ServiceLayer.IntegrationTests/ObjectManagement/UtilsTests.cs:line 104
   at System.Runtime.CompilerServices.AsyncMethodBuilderCore.Start[TStateMachine](TStateMachine&amp; stateMachine)
   at Microsoft.SqlTools.ServiceLayer.IntegrationTests.ObjectManagement.UtilsTests.ThrowErrorWhenDatabaseExistsTest()</failure>
    </testcase>
    <testcase classname="Microsoft.SqlTools.ServiceLayer.IntegrationTests.Profiler.ProfilerServiceTests" name="TestHandleStartAndStopProfilingRequests" time="0.0081620">
      <failure type="failure" message="  Cannot find any instance for version key: sqlOnPrem&#xA;  Expected: True&#xA;  But was:  False&#xA;">at Microsoft.SqlTools.ServiceLayer.Test.Common.TestConnectionProfileService.GetInstance(String key) in /Users/aasimkhan/src/sqltoolsservice/test/Microsoft.SqlTools.ServiceLayer.Test.Common/TestConnectionProfileService.cs:line 59
   at Microsoft.SqlTools.ServiceLayer.Test.Common.TestConnectionProfileService.GetConnectionParameters(String key, String databaseName) in /Users/aasimkhan/src/sqltoolsservice/test/Microsoft.SqlTools.ServiceLayer.Test.Common/TestConnectionProfileService.cs:line 65
   at Microsoft.SqlTools.ServiceLayer.Test.Common.TestConnectionProfileService.GetConnectionParameters(TestServerType serverType, String databaseName) in /Users/aasimkhan/src/sqltoolsservice/test/Microsoft.SqlTools.ServiceLayer.Test.Common/TestConnectionProfileService.cs:line 75
   at Microsoft.SqlTools.ServiceLayer.IntegrationTests.Utility.LiveConnectionHelper.InitLiveConnectionInfoAsync(String databaseName, String ownerUri, String connectionType, TestServerType serverType) in /Users/aasimkhan/src/sqltoolsservice/test/Microsoft.SqlTools.ServiceLayer.IntegrationTests/Utility/LiveConnectionHelper.cs:line 68
   at Microsoft.SqlTools.ServiceLayer.IntegrationTests.Profiler.ProfilerServiceTests.TestHandleStartAndStopProfilingRequests() in /Users/aasimkhan/src/sqltoolsservice/test/Microsoft.SqlTools.ServiceLayer.IntegrationTests/Profiler/ProfilerServiceTests.cs:line 37
   at NUnit.Framework.Internal.TaskAwaitAdapter.GenericAdapter`1.GetResult()
   at NUnit.Framework.Internal.AsyncToSyncAdapter.Await(Func`1 invoke)
   at NUnit.Framework.Internal.Commands.TestMethodCommand.RunTestMethod(TestExecutionContext context)
   at NUnit.Framework.Internal.Commands.TestMethodCommand.Execute(TestExecutionContext context)
   at NUnit.Framework.Internal.Execution.SimpleWorkItem.&lt;&gt;c__DisplayClass4_0.&lt;PerformWork&gt;b__0()
   at NUnit.Framework.Internal.ContextUtils.&lt;&gt;c__DisplayClass1_0`1.&lt;DoIsolated&gt;b__0(Object _)

1)    at Microsoft.SqlTools.ServiceLayer.Test.Common.TestConnectionProfileService.GetInstance(String key) in /Users/aasimkhan/src/sqltoolsservice/test/Microsoft.SqlTools.ServiceLayer.Test.Common/TestConnectionProfileService.cs:line 59
   at Microsoft.SqlTools.ServiceLayer.Test.Common.TestConnectionProfileService.GetConnectionParameters(String key, String databaseName) in /Users/aasimkhan/src/sqltoolsservice/test/Microsoft.SqlTools.ServiceLayer.Test.Common/TestConnectionProfileService.cs:line 65
   at Microsoft.SqlTools.ServiceLayer.Test.Common.TestConnectionProfileService.GetConnectionParameters(TestServerType serverType, String databaseName) in /Users/aasimkhan/src/sqltoolsservice/test/Microsoft.SqlTools.ServiceLayer.Test.Common/TestConnectionProfileService.cs:line 75
   at Microsoft.SqlTools.ServiceLayer.IntegrationTests.Utility.LiveConnectionHelper.InitLiveConnectionInfoAsync(String databaseName, String ownerUri, String connectionType, TestServerType serverType) in /Users/aasimkhan/src/sqltoolsservice/test/Microsoft.SqlTools.ServiceLayer.IntegrationTests/Utility/LiveConnectionHelper.cs:line 68
   at System.Runtime.CompilerServices.AsyncMethodBuilderCore.Start[TStateMachine](TStateMachine&amp; stateMachine)
   at Microsoft.SqlTools.ServiceLayer.IntegrationTests.Utility.LiveConnectionHelper.InitLiveConnectionInfoAsync(String databaseName, String ownerUri, String connectionType, TestServerType serverType)
   at Microsoft.SqlTools.ServiceLayer.IntegrationTests.Profiler.ProfilerServiceTests.TestHandleStartAndStopProfilingRequests() in /Users/aasimkhan/src/sqltoolsservice/test/Microsoft.SqlTools.ServiceLayer.IntegrationTests/Profiler/ProfilerServiceTests.cs:line 37
   at System.Runtime.CompilerServices.AsyncMethodBuilderCore.Start[TStateMachine](TStateMachine&amp; stateMachine)
   at Microsoft.SqlTools.ServiceLayer.IntegrationTests.Profiler.ProfilerServiceTests.TestHandleStartAndStopProfilingRequests()</failure>
    </testcase>
    <testcase classname="Microsoft.SqlTools.ServiceLayer.IntegrationTests.QueryExecution.DataStorage.StorageDataReaderTests" name="GetBytesWithMaxCapacityTest" time="0.0009400">
      <failure type="failure" message="  Cannot find any instance for version key: sqlOnPrem&#xA;  Expected: True&#xA;  But was:  False&#xA;">at Microsoft.SqlTools.ServiceLayer.Test.Common.TestConnectionProfileService.GetInstance(String key) in /Users/aasimkhan/src/sqltoolsservice/test/Microsoft.SqlTools.ServiceLayer.Test.Common/TestConnectionProfileService.cs:line 59
   at Microsoft.SqlTools.ServiceLayer.Test.Common.TestConnectionProfileService.GetConnectionParameters(String key, String databaseName) in /Users/aasimkhan/src/sqltoolsservice/test/Microsoft.SqlTools.ServiceLayer.Test.Common/TestConnectionProfileService.cs:line 65
   at Microsoft.SqlTools.ServiceLayer.Test.Common.TestConnectionProfileService.GetConnectionParameters(TestServerType serverType, String databaseName) in /Users/aasimkhan/src/sqltoolsservice/test/Microsoft.SqlTools.ServiceLayer.Test.Common/TestConnectionProfileService.cs:line 75
   at Microsoft.SqlTools.ServiceLayer.IntegrationTests.Utility.LiveConnectionHelper.InitLiveConnectionInfoAsync(String databaseName, String ownerUri, String connectionType, TestServerType serverType) in /Users/aasimkhan/src/sqltoolsservice/test/Microsoft.SqlTools.ServiceLayer.IntegrationTests/Utility/LiveConnectionHelper.cs:line 68
   at Microsoft.SqlTools.ServiceLayer.IntegrationTests.Utility.LiveConnectionHelper.InitLiveConnectionInfo(String databaseName, String ownerUri) in /Users/aasimkhan/src/sqltoolsservice/test/Microsoft.SqlTools.ServiceLayer.IntegrationTests/Utility/LiveConnectionHelper.cs:line 52
   at Microsoft.SqlTools.ServiceLayer.IntegrationTests.QueryExecution.DataStorage.StorageDataReaderTests.GetTestStorageDataReader(String query) in /Users/aasimkhan/src/sqltoolsservice/test/Microsoft.SqlTools.ServiceLayer.IntegrationTests/QueryExecution/DataStorage/StorageDataReaderTests.cs:line 21
   at Microsoft.SqlTools.ServiceLayer.IntegrationTests.QueryExecution.DataStorage.StorageDataReaderTests.GetBytesWithMaxCapacityTest() in /Users/aasimkhan/src/sqltoolsservice/test/Microsoft.SqlTools.ServiceLayer.IntegrationTests/QueryExecution/DataStorage/StorageDataReaderTests.cs:line 38

1)    at Microsoft.SqlTools.ServiceLayer.Test.Common.TestConnectionProfileService.GetInstance(String key) in /Users/aasimkhan/src/sqltoolsservice/test/Microsoft.SqlTools.ServiceLayer.Test.Common/TestConnectionProfileService.cs:line 59
   at Microsoft.SqlTools.ServiceLayer.Test.Common.TestConnectionProfileService.GetConnectionParameters(String key, String databaseName) in /Users/aasimkhan/src/sqltoolsservice/test/Microsoft.SqlTools.ServiceLayer.Test.Common/TestConnectionProfileService.cs:line 65
   at Microsoft.SqlTools.ServiceLayer.Test.Common.TestConnectionProfileService.GetConnectionParameters(TestServerType serverType, String databaseName) in /Users/aasimkhan/src/sqltoolsservice/test/Microsoft.SqlTools.ServiceLayer.Test.Common/TestConnectionProfileService.cs:line 75
   at Microsoft.SqlTools.ServiceLayer.IntegrationTests.Utility.LiveConnectionHelper.InitLiveConnectionInfoAsync(String databaseName, String ownerUri, String connectionType, TestServerType serverType) in /Users/aasimkhan/src/sqltoolsservice/test/Microsoft.SqlTools.ServiceLayer.IntegrationTests/Utility/LiveConnectionHelper.cs:line 68
   at System.Runtime.CompilerServices.AsyncMethodBuilderCore.Start[TStateMachine](TStateMachine&amp; stateMachine)
   at Microsoft.SqlTools.ServiceLayer.IntegrationTests.Utility.LiveConnectionHelper.InitLiveConnectionInfoAsync(String databaseName, String ownerUri, String connectionType, TestServerType serverType)
   at Microsoft.SqlTools.ServiceLayer.IntegrationTests.Utility.LiveConnectionHelper.InitLiveConnectionInfo(String databaseName, String ownerUri) in /Users/aasimkhan/src/sqltoolsservice/test/Microsoft.SqlTools.ServiceLayer.IntegrationTests/Utility/LiveConnectionHelper.cs:line 52
   at Microsoft.SqlTools.ServiceLayer.IntegrationTests.QueryExecution.DataStorage.StorageDataReaderTests.GetTestStorageDataReader(String query) in /Users/aasimkhan/src/sqltoolsservice/test/Microsoft.SqlTools.ServiceLayer.IntegrationTests/QueryExecution/DataStorage/StorageDataReaderTests.cs:line 21
   at Microsoft.SqlTools.ServiceLayer.IntegrationTests.QueryExecution.DataStorage.StorageDataReaderTests.GetBytesWithMaxCapacityTest() in /Users/aasimkhan/src/sqltoolsservice/test/Microsoft.SqlTools.ServiceLayer.IntegrationTests/QueryExecution/DataStorage/StorageDataReaderTests.cs:line 38</failure>
    </testcase>
    <testcase classname="Microsoft.SqlTools.ServiceLayer.IntegrationTests.QueryExecution.DataStorage.StorageDataReaderTests" name="GetCharsWithMaxCapacityTest" time="0.0007649">
      <failure type="failure" message="  Cannot find any instance for version key: sqlOnPrem&#xA;  Expected: True&#xA;  But was:  False&#xA;">at Microsoft.SqlTools.ServiceLayer.Test.Common.TestConnectionProfileService.GetInstance(String key) in /Users/aasimkhan/src/sqltoolsservice/test/Microsoft.SqlTools.ServiceLayer.Test.Common/TestConnectionProfileService.cs:line 59
   at Microsoft.SqlTools.ServiceLayer.Test.Common.TestConnectionProfileService.GetConnectionParameters(String key, String databaseName) in /Users/aasimkhan/src/sqltoolsservice/test/Microsoft.SqlTools.ServiceLayer.Test.Common/TestConnectionProfileService.cs:line 65
   at Microsoft.SqlTools.ServiceLayer.Test.Common.TestConnectionProfileService.GetConnectionParameters(TestServerType serverType, String databaseName) in /Users/aasimkhan/src/sqltoolsservice/test/Microsoft.SqlTools.ServiceLayer.Test.Common/TestConnectionProfileService.cs:line 75
   at Microsoft.SqlTools.ServiceLayer.IntegrationTests.Utility.LiveConnectionHelper.InitLiveConnectionInfoAsync(String databaseName, String ownerUri, String connectionType, TestServerType serverType) in /Users/aasimkhan/src/sqltoolsservice/test/Microsoft.SqlTools.ServiceLayer.IntegrationTests/Utility/LiveConnectionHelper.cs:line 68
   at Microsoft.SqlTools.ServiceLayer.IntegrationTests.Utility.LiveConnectionHelper.InitLiveConnectionInfo(String databaseName, String ownerUri) in /Users/aasimkhan/src/sqltoolsservice/test/Microsoft.SqlTools.ServiceLayer.IntegrationTests/Utility/LiveConnectionHelper.cs:line 52
   at Microsoft.SqlTools.ServiceLayer.IntegrationTests.QueryExecution.DataStorage.StorageDataReaderTests.GetTestStorageDataReader(String query) in /Users/aasimkhan/src/sqltoolsservice/test/Microsoft.SqlTools.ServiceLayer.IntegrationTests/QueryExecution/DataStorage/StorageDataReaderTests.cs:line 21
   at Microsoft.SqlTools.ServiceLayer.IntegrationTests.QueryExecution.DataStorage.StorageDataReaderTests.GetCharsWithMaxCapacityTest() in /Users/aasimkhan/src/sqltoolsservice/test/Microsoft.SqlTools.ServiceLayer.IntegrationTests/QueryExecution/DataStorage/StorageDataReaderTests.cs:line 69

1)    at Microsoft.SqlTools.ServiceLayer.Test.Common.TestConnectionProfileService.GetInstance(String key) in /Users/aasimkhan/src/sqltoolsservice/test/Microsoft.SqlTools.ServiceLayer.Test.Common/TestConnectionProfileService.cs:line 59
   at Microsoft.SqlTools.ServiceLayer.Test.Common.TestConnectionProfileService.GetConnectionParameters(String key, String databaseName) in /Users/aasimkhan/src/sqltoolsservice/test/Microsoft.SqlTools.ServiceLayer.Test.Common/TestConnectionProfileService.cs:line 65
   at Microsoft.SqlTools.ServiceLayer.Test.Common.TestConnectionProfileService.GetConnectionParameters(TestServerType serverType, String databaseName) in /Users/aasimkhan/src/sqltoolsservice/test/Microsoft.SqlTools.ServiceLayer.Test.Common/TestConnectionProfileService.cs:line 75
   at Microsoft.SqlTools.ServiceLayer.IntegrationTests.Utility.LiveConnectionHelper.InitLiveConnectionInfoAsync(String databaseName, String ownerUri, String connectionType, TestServerType serverType) in /Users/aasimkhan/src/sqltoolsservice/test/Microsoft.SqlTools.ServiceLayer.IntegrationTests/Utility/LiveConnectionHelper.cs:line 68
   at System.Runtime.CompilerServices.AsyncMethodBuilderCore.Start[TStateMachine](TStateMachine&amp; stateMachine)
   at Microsoft.SqlTools.ServiceLayer.IntegrationTests.Utility.LiveConnectionHelper.InitLiveConnectionInfoAsync(String databaseName, String ownerUri, String connectionType, TestServerType serverType)
   at Microsoft.SqlTools.ServiceLayer.IntegrationTests.Utility.LiveConnectionHelper.InitLiveConnectionInfo(String databaseName, String ownerUri) in /Users/aasimkhan/src/sqltoolsservice/test/Microsoft.SqlTools.ServiceLayer.IntegrationTests/Utility/LiveConnectionHelper.cs:line 52
   at Microsoft.SqlTools.ServiceLayer.IntegrationTests.QueryExecution.DataStorage.StorageDataReaderTests.GetTestStorageDataReader(String query) in /Users/aasimkhan/src/sqltoolsservice/test/Microsoft.SqlTools.ServiceLayer.IntegrationTests/QueryExecution/DataStorage/StorageDataReaderTests.cs:line 21
   at Microsoft.SqlTools.ServiceLayer.IntegrationTests.QueryExecution.DataStorage.StorageDataReaderTests.GetCharsWithMaxCapacityTest() in /Users/aasimkhan/src/sqltoolsservice/test/Microsoft.SqlTools.ServiceLayer.IntegrationTests/QueryExecution/DataStorage/StorageDataReaderTests.cs:line 69</failure>
    </testcase>
    <testcase classname="Microsoft.SqlTools.ServiceLayer.IntegrationTests.QueryExecution.DataStorage.StorageDataReaderTests" name="GetLongDecimalTest" time="0.0006690">
      <failure type="failure" message="  Cannot find any instance for version key: sqlOnPrem&#xA;  Expected: True&#xA;  But was:  False&#xA;">at Microsoft.SqlTools.ServiceLayer.Test.Common.TestConnectionProfileService.GetInstance(String key) in /Users/aasimkhan/src/sqltoolsservice/test/Microsoft.SqlTools.ServiceLayer.Test.Common/TestConnectionProfileService.cs:line 59
   at Microsoft.SqlTools.ServiceLayer.Test.Common.TestConnectionProfileService.GetConnectionParameters(String key, String databaseName) in /Users/aasimkhan/src/sqltoolsservice/test/Microsoft.SqlTools.ServiceLayer.Test.Common/TestConnectionProfileService.cs:line 65
   at Microsoft.SqlTools.ServiceLayer.Test.Common.TestConnectionProfileService.GetConnectionParameters(TestServerType serverType, String databaseName) in /Users/aasimkhan/src/sqltoolsservice/test/Microsoft.SqlTools.ServiceLayer.Test.Common/TestConnectionProfileService.cs:line 75
   at Microsoft.SqlTools.ServiceLayer.IntegrationTests.Utility.LiveConnectionHelper.InitLiveConnectionInfoAsync(String databaseName, String ownerUri, String connectionType, TestServerType serverType) in /Users/aasimkhan/src/sqltoolsservice/test/Microsoft.SqlTools.ServiceLayer.IntegrationTests/Utility/LiveConnectionHelper.cs:line 68
   at Microsoft.SqlTools.ServiceLayer.IntegrationTests.Utility.LiveConnectionHelper.InitLiveConnectionInfo(String databaseName, String ownerUri) in /Users/aasimkhan/src/sqltoolsservice/test/Microsoft.SqlTools.ServiceLayer.IntegrationTests/Utility/LiveConnectionHelper.cs:line 52
   at Microsoft.SqlTools.ServiceLayer.IntegrationTests.QueryExecution.DataStorage.StorageDataReaderTests.GetTestStorageDataReader(String query) in /Users/aasimkhan/src/sqltoolsservice/test/Microsoft.SqlTools.ServiceLayer.IntegrationTests/QueryExecution/DataStorage/StorageDataReaderTests.cs:line 21
   at Microsoft.SqlTools.ServiceLayer.IntegrationTests.QueryExecution.DataStorage.StorageDataReaderTests.GetLongDecimalTest() in /Users/aasimkhan/src/sqltoolsservice/test/Microsoft.SqlTools.ServiceLayer.IntegrationTests/QueryExecution/DataStorage/StorageDataReaderTests.cs:line 56

1)    at Microsoft.SqlTools.ServiceLayer.Test.Common.TestConnectionProfileService.GetInstance(String key) in /Users/aasimkhan/src/sqltoolsservice/test/Microsoft.SqlTools.ServiceLayer.Test.Common/TestConnectionProfileService.cs:line 59
   at Microsoft.SqlTools.ServiceLayer.Test.Common.TestConnectionProfileService.GetConnectionParameters(String key, String databaseName) in /Users/aasimkhan/src/sqltoolsservice/test/Microsoft.SqlTools.ServiceLayer.Test.Common/TestConnectionProfileService.cs:line 65
   at Microsoft.SqlTools.ServiceLayer.Test.Common.TestConnectionProfileService.GetConnectionParameters(TestServerType serverType, String databaseName) in /Users/aasimkhan/src/sqltoolsservice/test/Microsoft.SqlTools.ServiceLayer.Test.Common/TestConnectionProfileService.cs:line 75
   at Microsoft.SqlTools.ServiceLayer.IntegrationTests.Utility.LiveConnectionHelper.InitLiveConnectionInfoAsync(String databaseName, String ownerUri, String connectionType, TestServerType serverType) in /Users/aasimkhan/src/sqltoolsservice/test/Microsoft.SqlTools.ServiceLayer.IntegrationTests/Utility/LiveConnectionHelper.cs:line 68
   at System.Runtime.CompilerServices.AsyncMethodBuilderCore.Start[TStateMachine](TStateMachine&amp; stateMachine)
   at Microsoft.SqlTools.ServiceLayer.IntegrationTests.Utility.LiveConnectionHelper.InitLiveConnectionInfoAsync(String databaseName, String ownerUri, String connectionType, TestServerType serverType)
   at Microsoft.SqlTools.ServiceLayer.IntegrationTests.Utility.LiveConnectionHelper.InitLiveConnectionInfo(String databaseName, String ownerUri) in /Users/aasimkhan/src/sqltoolsservice/test/Microsoft.SqlTools.ServiceLayer.IntegrationTests/Utility/LiveConnectionHelper.cs:line 52
   at Microsoft.SqlTools.ServiceLayer.IntegrationTests.QueryExecution.DataStorage.StorageDataReaderTests.GetTestStorageDataReader(String query) in /Users/aasimkhan/src/sqltoolsservice/test/Microsoft.SqlTools.ServiceLayer.IntegrationTests/QueryExecution/DataStorage/StorageDataReaderTests.cs:line 21
   at Microsoft.SqlTools.ServiceLayer.IntegrationTests.QueryExecution.DataStorage.StorageDataReaderTests.GetLongDecimalTest() in /Users/aasimkhan/src/sqltoolsservice/test/Microsoft.SqlTools.ServiceLayer.IntegrationTests/QueryExecution/DataStorage/StorageDataReaderTests.cs:line 56</failure>
    </testcase>
    <testcase classname="Microsoft.SqlTools.ServiceLayer.IntegrationTests.QueryExecution.DataStorage.StorageDataReaderTests" name="GetXmlWithMaxCapacityTest" time="0.0007890">
      <failure type="failure" message="  Cannot find any instance for version key: sqlOnPrem&#xA;  Expected: True&#xA;  But was:  False&#xA;">at Microsoft.SqlTools.ServiceLayer.Test.Common.TestConnectionProfileService.GetInstance(String key) in /Users/aasimkhan/src/sqltoolsservice/test/Microsoft.SqlTools.ServiceLayer.Test.Common/TestConnectionProfileService.cs:line 59
   at Microsoft.SqlTools.ServiceLayer.Test.Common.TestConnectionProfileService.GetConnectionParameters(String key, String databaseName) in /Users/aasimkhan/src/sqltoolsservice/test/Microsoft.SqlTools.ServiceLayer.Test.Common/TestConnectionProfileService.cs:line 65
   at Microsoft.SqlTools.ServiceLayer.Test.Common.TestConnectionProfileService.GetConnectionParameters(TestServerType serverType, String databaseName) in /Users/aasimkhan/src/sqltoolsservice/test/Microsoft.SqlTools.ServiceLayer.Test.Common/TestConnectionProfileService.cs:line 75
   at Microsoft.SqlTools.ServiceLayer.IntegrationTests.Utility.LiveConnectionHelper.InitLiveConnectionInfoAsync(String databaseName, String ownerUri, String connectionType, TestServerType serverType) in /Users/aasimkhan/src/sqltoolsservice/test/Microsoft.SqlTools.ServiceLayer.IntegrationTests/Utility/LiveConnectionHelper.cs:line 68
   at Microsoft.SqlTools.ServiceLayer.IntegrationTests.Utility.LiveConnectionHelper.InitLiveConnectionInfo(String databaseName, String ownerUri) in /Users/aasimkhan/src/sqltoolsservice/test/Microsoft.SqlTools.ServiceLayer.IntegrationTests/Utility/LiveConnectionHelper.cs:line 52
   at Microsoft.SqlTools.ServiceLayer.IntegrationTests.QueryExecution.DataStorage.StorageDataReaderTests.GetTestStorageDataReader(String query) in /Users/aasimkhan/src/sqltoolsservice/test/Microsoft.SqlTools.ServiceLayer.IntegrationTests/QueryExecution/DataStorage/StorageDataReaderTests.cs:line 21
   at Microsoft.SqlTools.ServiceLayer.IntegrationTests.QueryExecution.DataStorage.StorageDataReaderTests.GetXmlWithMaxCapacityTest() in /Users/aasimkhan/src/sqltoolsservice/test/Microsoft.SqlTools.ServiceLayer.IntegrationTests/QueryExecution/DataStorage/StorageDataReaderTests.cs:line 91

1)    at Microsoft.SqlTools.ServiceLayer.Test.Common.TestConnectionProfileService.GetInstance(String key) in /Users/aasimkhan/src/sqltoolsservice/test/Microsoft.SqlTools.ServiceLayer.Test.Common/TestConnectionProfileService.cs:line 59
   at Microsoft.SqlTools.ServiceLayer.Test.Common.TestConnectionProfileService.GetConnectionParameters(String key, String databaseName) in /Users/aasimkhan/src/sqltoolsservice/test/Microsoft.SqlTools.ServiceLayer.Test.Common/TestConnectionProfileService.cs:line 65
   at Microsoft.SqlTools.ServiceLayer.Test.Common.TestConnectionProfileService.GetConnectionParameters(TestServerType serverType, String databaseName) in /Users/aasimkhan/src/sqltoolsservice/test/Microsoft.SqlTools.ServiceLayer.Test.Common/TestConnectionProfileService.cs:line 75
   at Microsoft.SqlTools.ServiceLayer.IntegrationTests.Utility.LiveConnectionHelper.InitLiveConnectionInfoAsync(String databaseName, String ownerUri, String connectionType, TestServerType serverType) in /Users/aasimkhan/src/sqltoolsservice/test/Microsoft.SqlTools.ServiceLayer.IntegrationTests/Utility/LiveConnectionHelper.cs:line 68
   at System.Runtime.CompilerServices.AsyncMethodBuilderCore.Start[TStateMachine](TStateMachine&amp; stateMachine)
   at Microsoft.SqlTools.ServiceLayer.IntegrationTests.Utility.LiveConnectionHelper.InitLiveConnectionInfoAsync(String databaseName, String ownerUri, String connectionType, TestServerType serverType)
   at Microsoft.SqlTools.ServiceLayer.IntegrationTests.Utility.LiveConnectionHelper.InitLiveConnectionInfo(String databaseName, String ownerUri) in /Users/aasimkhan/src/sqltoolsservice/test/Microsoft.SqlTools.ServiceLayer.IntegrationTests/Utility/LiveConnectionHelper.cs:line 52
   at Microsoft.SqlTools.ServiceLayer.IntegrationTests.QueryExecution.DataStorage.StorageDataReaderTests.GetTestStorageDataReader(String query) in /Users/aasimkhan/src/sqltoolsservice/test/Microsoft.SqlTools.ServiceLayer.IntegrationTests/QueryExecution/DataStorage/StorageDataReaderTests.cs:line 21
   at Microsoft.SqlTools.ServiceLayer.IntegrationTests.QueryExecution.DataStorage.StorageDataReaderTests.GetXmlWithMaxCapacityTest() in /Users/aasimkhan/src/sqltoolsservice/test/Microsoft.SqlTools.ServiceLayer.IntegrationTests/QueryExecution/DataStorage/StorageDataReaderTests.cs:line 91</failure>
    </testcase>
    <testcase classname="Microsoft.SqlTools.ServiceLayer.IntegrationTests.QueryExecution.DataStorage.StorageDataReaderTests" name="StringWriterWithMaxCapacityTest" time="0.0002970" />
    <testcase classname="Microsoft.SqlTools.ServiceLayer.IntegrationTests.QueryExecution.DataTypeTests" name="BigIntTest" time="0.0014490">
      <failure type="failure" message="  Cannot find any instance for version key: sqlOnPrem&#xA;  Expected: True&#xA;  But was:  False&#xA;">at Microsoft.SqlTools.ServiceLayer.Test.Common.TestConnectionProfileService.GetInstance(String key) in /Users/aasimkhan/src/sqltoolsservice/test/Microsoft.SqlTools.ServiceLayer.Test.Common/TestConnectionProfileService.cs:line 59
   at Microsoft.SqlTools.ServiceLayer.Test.Common.TestConnectionProfileService.GetConnectionParameters(String key, String databaseName) in /Users/aasimkhan/src/sqltoolsservice/test/Microsoft.SqlTools.ServiceLayer.Test.Common/TestConnectionProfileService.cs:line 65
   at Microsoft.SqlTools.ServiceLayer.Test.Common.TestConnectionProfileService.GetConnectionParameters(TestServerType serverType, String databaseName) in /Users/aasimkhan/src/sqltoolsservice/test/Microsoft.SqlTools.ServiceLayer.Test.Common/TestConnectionProfileService.cs:line 75
   at Microsoft.SqlTools.ServiceLayer.IntegrationTests.Utility.LiveConnectionHelper.InitLiveConnectionInfoAsync(String databaseName, String ownerUri, String connectionType, TestServerType serverType) in /Users/aasimkhan/src/sqltoolsservice/test/Microsoft.SqlTools.ServiceLayer.IntegrationTests/Utility/LiveConnectionHelper.cs:line 68
   at Microsoft.SqlTools.ServiceLayer.IntegrationTests.Utility.LiveConnectionHelper.InitLiveConnectionInfo(String databaseName, String ownerUri) in /Users/aasimkhan/src/sqltoolsservice/test/Microsoft.SqlTools.ServiceLayer.IntegrationTests/Utility/LiveConnectionHelper.cs:line 52
   at Microsoft.SqlTools.ServiceLayer.IntegrationTests.QueryExecution.DataTypeTests.ExecuteAndVerifyResult(String queryText, String expectedValue) in /Users/aasimkhan/src/sqltoolsservice/test/Microsoft.SqlTools.ServiceLayer.IntegrationTests/QueryExecution/DataTypeTests.cs:line 218
   at Microsoft.SqlTools.ServiceLayer.IntegrationTests.QueryExecution.DataTypeTests.BigIntTest() in /Users/aasimkhan/src/sqltoolsservice/test/Microsoft.SqlTools.ServiceLayer.IntegrationTests/QueryExecution/DataTypeTests.cs:line 23
   at NUnit.Framework.Internal.TaskAwaitAdapter.GenericAdapter`1.GetResult()
   at NUnit.Framework.Internal.AsyncToSyncAdapter.Await(Func`1 invoke)
   at NUnit.Framework.Internal.Commands.TestMethodCommand.RunTestMethod(TestExecutionContext context)
   at NUnit.Framework.Internal.Commands.TestMethodCommand.Execute(TestExecutionContext context)
   at NUnit.Framework.Internal.Execution.SimpleWorkItem.&lt;&gt;c__DisplayClass4_0.&lt;PerformWork&gt;b__0()
   at NUnit.Framework.Internal.ContextUtils.&lt;&gt;c__DisplayClass1_0`1.&lt;DoIsolated&gt;b__0(Object _)

1)    at Microsoft.SqlTools.ServiceLayer.Test.Common.TestConnectionProfileService.GetInstance(String key) in /Users/aasimkhan/src/sqltoolsservice/test/Microsoft.SqlTools.ServiceLayer.Test.Common/TestConnectionProfileService.cs:line 59
   at Microsoft.SqlTools.ServiceLayer.Test.Common.TestConnectionProfileService.GetConnectionParameters(String key, String databaseName) in /Users/aasimkhan/src/sqltoolsservice/test/Microsoft.SqlTools.ServiceLayer.Test.Common/TestConnectionProfileService.cs:line 65
   at Microsoft.SqlTools.ServiceLayer.Test.Common.TestConnectionProfileService.GetConnectionParameters(TestServerType serverType, String databaseName) in /Users/aasimkhan/src/sqltoolsservice/test/Microsoft.SqlTools.ServiceLayer.Test.Common/TestConnectionProfileService.cs:line 75
   at Microsoft.SqlTools.ServiceLayer.IntegrationTests.Utility.LiveConnectionHelper.InitLiveConnectionInfoAsync(String databaseName, String ownerUri, String connectionType, TestServerType serverType) in /Users/aasimkhan/src/sqltoolsservice/test/Microsoft.SqlTools.ServiceLayer.IntegrationTests/Utility/LiveConnectionHelper.cs:line 68
   at System.Runtime.CompilerServices.AsyncMethodBuilderCore.Start[TStateMachine](TStateMachine&amp; stateMachine)
   at Microsoft.SqlTools.ServiceLayer.IntegrationTests.Utility.LiveConnectionHelper.InitLiveConnectionInfoAsync(String databaseName, String ownerUri, String connectionType, TestServerType serverType)
   at Microsoft.SqlTools.ServiceLayer.IntegrationTests.Utility.LiveConnectionHelper.InitLiveConnectionInfo(String databaseName, String ownerUri) in /Users/aasimkhan/src/sqltoolsservice/test/Microsoft.SqlTools.ServiceLayer.IntegrationTests/Utility/LiveConnectionHelper.cs:line 52
   at Microsoft.SqlTools.ServiceLayer.IntegrationTests.QueryExecution.DataTypeTests.ExecuteAndVerifyResult(String queryText, String expectedValue) in /Users/aasimkhan/src/sqltoolsservice/test/Microsoft.SqlTools.ServiceLayer.IntegrationTests/QueryExecution/DataTypeTests.cs:line 218
   at System.Runtime.CompilerServices.AsyncMethodBuilderCore.Start[TStateMachine](TStateMachine&amp; stateMachine)
   at Microsoft.SqlTools.ServiceLayer.IntegrationTests.QueryExecution.DataTypeTests.ExecuteAndVerifyResult(String queryText, String expectedValue)
   at Microsoft.SqlTools.ServiceLayer.IntegrationTests.QueryExecution.DataTypeTests.BigIntTest() in /Users/aasimkhan/src/sqltoolsservice/test/Microsoft.SqlTools.ServiceLayer.IntegrationTests/QueryExecution/DataTypeTests.cs:line 23
   at System.Runtime.CompilerServices.AsyncMethodBuilderCore.Start[TStateMachine](TStateMachine&amp; stateMachine)
   at Microsoft.SqlTools.ServiceLayer.IntegrationTests.QueryExecution.DataTypeTests.BigIntTest()</failure>
    </testcase>
    <testcase classname="Microsoft.SqlTools.ServiceLayer.IntegrationTests.QueryExecution.DataTypeTests" name="BinaryTest" time="0.0010260">
      <failure type="failure" message="  Cannot find any instance for version key: sqlOnPrem&#xA;  Expected: True&#xA;  But was:  False&#xA;">at Microsoft.SqlTools.ServiceLayer.Test.Common.TestConnectionProfileService.GetInstance(String key) in /Users/aasimkhan/src/sqltoolsservice/test/Microsoft.SqlTools.ServiceLayer.Test.Common/TestConnectionProfileService.cs:line 59
   at Microsoft.SqlTools.ServiceLayer.Test.Common.TestConnectionProfileService.GetConnectionParameters(String key, String databaseName) in /Users/aasimkhan/src/sqltoolsservice/test/Microsoft.SqlTools.ServiceLayer.Test.Common/TestConnectionProfileService.cs:line 65
   at Microsoft.SqlTools.ServiceLayer.Test.Common.TestConnectionProfileService.GetConnectionParameters(TestServerType serverType, String databaseName) in /Users/aasimkhan/src/sqltoolsservice/test/Microsoft.SqlTools.ServiceLayer.Test.Common/TestConnectionProfileService.cs:line 75
   at Microsoft.SqlTools.ServiceLayer.IntegrationTests.Utility.LiveConnectionHelper.InitLiveConnectionInfoAsync(String databaseName, String ownerUri, String connectionType, TestServerType serverType) in /Users/aasimkhan/src/sqltoolsservice/test/Microsoft.SqlTools.ServiceLayer.IntegrationTests/Utility/LiveConnectionHelper.cs:line 68
   at Microsoft.SqlTools.ServiceLayer.IntegrationTests.Utility.LiveConnectionHelper.InitLiveConnectionInfo(String databaseName, String ownerUri) in /Users/aasimkhan/src/sqltoolsservice/test/Microsoft.SqlTools.ServiceLayer.IntegrationTests/Utility/LiveConnectionHelper.cs:line 52
   at Microsoft.SqlTools.ServiceLayer.IntegrationTests.QueryExecution.DataTypeTests.ExecuteAndVerifyResult(String queryText, String expectedValue) in /Users/aasimkhan/src/sqltoolsservice/test/Microsoft.SqlTools.ServiceLayer.IntegrationTests/QueryExecution/DataTypeTests.cs:line 218
   at Microsoft.SqlTools.ServiceLayer.IntegrationTests.QueryExecution.DataTypeTests.BinaryTest() in /Users/aasimkhan/src/sqltoolsservice/test/Microsoft.SqlTools.ServiceLayer.IntegrationTests/QueryExecution/DataTypeTests.cs:line 35
   at NUnit.Framework.Internal.TaskAwaitAdapter.GenericAdapter`1.GetResult()
   at NUnit.Framework.Internal.AsyncToSyncAdapter.Await(Func`1 invoke)
   at NUnit.Framework.Internal.Commands.TestMethodCommand.RunTestMethod(TestExecutionContext context)
   at NUnit.Framework.Internal.Commands.TestMethodCommand.Execute(TestExecutionContext context)
   at NUnit.Framework.Internal.Execution.SimpleWorkItem.&lt;&gt;c__DisplayClass4_0.&lt;PerformWork&gt;b__0()
   at NUnit.Framework.Internal.ContextUtils.&lt;&gt;c__DisplayClass1_0`1.&lt;DoIsolated&gt;b__0(Object _)

1)    at Microsoft.SqlTools.ServiceLayer.Test.Common.TestConnectionProfileService.GetInstance(String key) in /Users/aasimkhan/src/sqltoolsservice/test/Microsoft.SqlTools.ServiceLayer.Test.Common/TestConnectionProfileService.cs:line 59
   at Microsoft.SqlTools.ServiceLayer.Test.Common.TestConnectionProfileService.GetConnectionParameters(String key, String databaseName) in /Users/aasimkhan/src/sqltoolsservice/test/Microsoft.SqlTools.ServiceLayer.Test.Common/TestConnectionProfileService.cs:line 65
   at Microsoft.SqlTools.ServiceLayer.Test.Common.TestConnectionProfileService.GetConnectionParameters(TestServerType serverType, String databaseName) in /Users/aasimkhan/src/sqltoolsservice/test/Microsoft.SqlTools.ServiceLayer.Test.Common/TestConnectionProfileService.cs:line 75
   at Microsoft.SqlTools.ServiceLayer.IntegrationTests.Utility.LiveConnectionHelper.InitLiveConnectionInfoAsync(String databaseName, String ownerUri, String connectionType, TestServerType serverType) in /Users/aasimkhan/src/sqltoolsservice/test/Microsoft.SqlTools.ServiceLayer.IntegrationTests/Utility/LiveConnectionHelper.cs:line 68
   at System.Runtime.CompilerServices.AsyncMethodBuilderCore.Start[TStateMachine](TStateMachine&amp; stateMachine)
   at Microsoft.SqlTools.ServiceLayer.IntegrationTests.Utility.LiveConnectionHelper.InitLiveConnectionInfoAsync(String databaseName, String ownerUri, String connectionType, TestServerType serverType)
   at Microsoft.SqlTools.ServiceLayer.IntegrationTests.Utility.LiveConnectionHelper.InitLiveConnectionInfo(String databaseName, String ownerUri) in /Users/aasimkhan/src/sqltoolsservice/test/Microsoft.SqlTools.ServiceLayer.IntegrationTests/Utility/LiveConnectionHelper.cs:line 52
   at Microsoft.SqlTools.ServiceLayer.IntegrationTests.QueryExecution.DataTypeTests.ExecuteAndVerifyResult(String queryText, String expectedValue) in /Users/aasimkhan/src/sqltoolsservice/test/Microsoft.SqlTools.ServiceLayer.IntegrationTests/QueryExecution/DataTypeTests.cs:line 218
   at System.Runtime.CompilerServices.AsyncMethodBuilderCore.Start[TStateMachine](TStateMachine&amp; stateMachine)
   at Microsoft.SqlTools.ServiceLayer.IntegrationTests.QueryExecution.DataTypeTests.ExecuteAndVerifyResult(String queryText, String expectedValue)
   at Microsoft.SqlTools.ServiceLayer.IntegrationTests.QueryExecution.DataTypeTests.BinaryTest() in /Users/aasimkhan/src/sqltoolsservice/test/Microsoft.SqlTools.ServiceLayer.IntegrationTests/QueryExecution/DataTypeTests.cs:line 35
   at System.Runtime.CompilerServices.AsyncMethodBuilderCore.Start[TStateMachine](TStateMachine&amp; stateMachine)
   at Microsoft.SqlTools.ServiceLayer.IntegrationTests.QueryExecution.DataTypeTests.BinaryTest()</failure>
    </testcase>
    <testcase classname="Microsoft.SqlTools.ServiceLayer.IntegrationTests.QueryExecution.DataTypeTests" name="BitTest" time="0.0009470">
      <failure type="failure" message="  Cannot find any instance for version key: sqlOnPrem&#xA;  Expected: True&#xA;  But was:  False&#xA;">at Microsoft.SqlTools.ServiceLayer.Test.Common.TestConnectionProfileService.GetInstance(String key) in /Users/aasimkhan/src/sqltoolsservice/test/Microsoft.SqlTools.ServiceLayer.Test.Common/TestConnectionProfileService.cs:line 59
   at Microsoft.SqlTools.ServiceLayer.Test.Common.TestConnectionProfileService.GetConnectionParameters(String key, String databaseName) in /Users/aasimkhan/src/sqltoolsservice/test/Microsoft.SqlTools.ServiceLayer.Test.Common/TestConnectionProfileService.cs:line 65
   at Microsoft.SqlTools.ServiceLayer.Test.Common.TestConnectionProfileService.GetConnectionParameters(TestServerType serverType, String databaseName) in /Users/aasimkhan/src/sqltoolsservice/test/Microsoft.SqlTools.ServiceLayer.Test.Common/TestConnectionProfileService.cs:line 75
   at Microsoft.SqlTools.ServiceLayer.IntegrationTests.Utility.LiveConnectionHelper.InitLiveConnectionInfoAsync(String databaseName, String ownerUri, String connectionType, TestServerType serverType) in /Users/aasimkhan/src/sqltoolsservice/test/Microsoft.SqlTools.ServiceLayer.IntegrationTests/Utility/LiveConnectionHelper.cs:line 68
   at Microsoft.SqlTools.ServiceLayer.IntegrationTests.Utility.LiveConnectionHelper.InitLiveConnectionInfo(String databaseName, String ownerUri) in /Users/aasimkhan/src/sqltoolsservice/test/Microsoft.SqlTools.ServiceLayer.IntegrationTests/Utility/LiveConnectionHelper.cs:line 52
   at Microsoft.SqlTools.ServiceLayer.IntegrationTests.QueryExecution.DataTypeTests.ExecuteAndVerifyResult(String queryText, String expectedValue) in /Users/aasimkhan/src/sqltoolsservice/test/Microsoft.SqlTools.ServiceLayer.IntegrationTests/QueryExecution/DataTypeTests.cs:line 218
   at Microsoft.SqlTools.ServiceLayer.IntegrationTests.QueryExecution.DataTypeTests.BitTest() in /Users/aasimkhan/src/sqltoolsservice/test/Microsoft.SqlTools.ServiceLayer.IntegrationTests/QueryExecution/DataTypeTests.cs:line 41
   at NUnit.Framework.Internal.TaskAwaitAdapter.GenericAdapter`1.GetResult()
   at NUnit.Framework.Internal.AsyncToSyncAdapter.Await(Func`1 invoke)
   at NUnit.Framework.Internal.Commands.TestMethodCommand.RunTestMethod(TestExecutionContext context)
   at NUnit.Framework.Internal.Commands.TestMethodCommand.Execute(TestExecutionContext context)
   at NUnit.Framework.Internal.Execution.SimpleWorkItem.&lt;&gt;c__DisplayClass4_0.&lt;PerformWork&gt;b__0()
   at NUnit.Framework.Internal.ContextUtils.&lt;&gt;c__DisplayClass1_0`1.&lt;DoIsolated&gt;b__0(Object _)

1)    at Microsoft.SqlTools.ServiceLayer.Test.Common.TestConnectionProfileService.GetInstance(String key) in /Users/aasimkhan/src/sqltoolsservice/test/Microsoft.SqlTools.ServiceLayer.Test.Common/TestConnectionProfileService.cs:line 59
   at Microsoft.SqlTools.ServiceLayer.Test.Common.TestConnectionProfileService.GetConnectionParameters(String key, String databaseName) in /Users/aasimkhan/src/sqltoolsservice/test/Microsoft.SqlTools.ServiceLayer.Test.Common/TestConnectionProfileService.cs:line 65
   at Microsoft.SqlTools.ServiceLayer.Test.Common.TestConnectionProfileService.GetConnectionParameters(TestServerType serverType, String databaseName) in /Users/aasimkhan/src/sqltoolsservice/test/Microsoft.SqlTools.ServiceLayer.Test.Common/TestConnectionProfileService.cs:line 75
   at Microsoft.SqlTools.ServiceLayer.IntegrationTests.Utility.LiveConnectionHelper.InitLiveConnectionInfoAsync(String databaseName, String ownerUri, String connectionType, TestServerType serverType) in /Users/aasimkhan/src/sqltoolsservice/test/Microsoft.SqlTools.ServiceLayer.IntegrationTests/Utility/LiveConnectionHelper.cs:line 68
   at System.Runtime.CompilerServices.AsyncMethodBuilderCore.Start[TStateMachine](TStateMachine&amp; stateMachine)
   at Microsoft.SqlTools.ServiceLayer.IntegrationTests.Utility.LiveConnectionHelper.InitLiveConnectionInfoAsync(String databaseName, String ownerUri, String connectionType, TestServerType serverType)
   at Microsoft.SqlTools.ServiceLayer.IntegrationTests.Utility.LiveConnectionHelper.InitLiveConnectionInfo(String databaseName, String ownerUri) in /Users/aasimkhan/src/sqltoolsservice/test/Microsoft.SqlTools.ServiceLayer.IntegrationTests/Utility/LiveConnectionHelper.cs:line 52
   at Microsoft.SqlTools.ServiceLayer.IntegrationTests.QueryExecution.DataTypeTests.ExecuteAndVerifyResult(String queryText, String expectedValue) in /Users/aasimkhan/src/sqltoolsservice/test/Microsoft.SqlTools.ServiceLayer.IntegrationTests/QueryExecution/DataTypeTests.cs:line 218
   at System.Runtime.CompilerServices.AsyncMethodBuilderCore.Start[TStateMachine](TStateMachine&amp; stateMachine)
   at Microsoft.SqlTools.ServiceLayer.IntegrationTests.QueryExecution.DataTypeTests.ExecuteAndVerifyResult(String queryText, String expectedValue)
   at Microsoft.SqlTools.ServiceLayer.IntegrationTests.QueryExecution.DataTypeTests.BitTest() in /Users/aasimkhan/src/sqltoolsservice/test/Microsoft.SqlTools.ServiceLayer.IntegrationTests/QueryExecution/DataTypeTests.cs:line 41
   at System.Runtime.CompilerServices.AsyncMethodBuilderCore.Start[TStateMachine](TStateMachine&amp; stateMachine)
   at Microsoft.SqlTools.ServiceLayer.IntegrationTests.QueryExecution.DataTypeTests.BitTest()</failure>
    </testcase>
    <testcase classname="Microsoft.SqlTools.ServiceLayer.IntegrationTests.QueryExecution.DataTypeTests" name="CharTest" time="0.0017570">
      <failure type="failure" message="  Cannot find any instance for version key: sqlOnPrem&#xA;  Expected: True&#xA;  But was:  False&#xA;">at Microsoft.SqlTools.ServiceLayer.Test.Common.TestConnectionProfileService.GetInstance(String key) in /Users/aasimkhan/src/sqltoolsservice/test/Microsoft.SqlTools.ServiceLayer.Test.Common/TestConnectionProfileService.cs:line 59
   at Microsoft.SqlTools.ServiceLayer.Test.Common.TestConnectionProfileService.GetConnectionParameters(String key, String databaseName) in /Users/aasimkhan/src/sqltoolsservice/test/Microsoft.SqlTools.ServiceLayer.Test.Common/TestConnectionProfileService.cs:line 65
   at Microsoft.SqlTools.ServiceLayer.Test.Common.TestConnectionProfileService.GetConnectionParameters(TestServerType serverType, String databaseName) in /Users/aasimkhan/src/sqltoolsservice/test/Microsoft.SqlTools.ServiceLayer.Test.Common/TestConnectionProfileService.cs:line 75
   at Microsoft.SqlTools.ServiceLayer.IntegrationTests.Utility.LiveConnectionHelper.InitLiveConnectionInfoAsync(String databaseName, String ownerUri, String connectionType, TestServerType serverType) in /Users/aasimkhan/src/sqltoolsservice/test/Microsoft.SqlTools.ServiceLayer.IntegrationTests/Utility/LiveConnectionHelper.cs:line 68
   at Microsoft.SqlTools.ServiceLayer.IntegrationTests.Utility.LiveConnectionHelper.InitLiveConnectionInfo(String databaseName, String ownerUri) in /Users/aasimkhan/src/sqltoolsservice/test/Microsoft.SqlTools.ServiceLayer.IntegrationTests/Utility/LiveConnectionHelper.cs:line 52
   at Microsoft.SqlTools.ServiceLayer.IntegrationTests.QueryExecution.DataTypeTests.ExecuteAndVerifyResult(String queryText, String expectedValue) in /Users/aasimkhan/src/sqltoolsservice/test/Microsoft.SqlTools.ServiceLayer.IntegrationTests/QueryExecution/DataTypeTests.cs:line 218
   at Microsoft.SqlTools.ServiceLayer.IntegrationTests.QueryExecution.DataTypeTests.CharTest() in /Users/aasimkhan/src/sqltoolsservice/test/Microsoft.SqlTools.ServiceLayer.IntegrationTests/QueryExecution/DataTypeTests.cs:line 48
   at NUnit.Framework.Internal.TaskAwaitAdapter.GenericAdapter`1.GetResult()
   at NUnit.Framework.Internal.AsyncToSyncAdapter.Await(Func`1 invoke)
   at NUnit.Framework.Internal.Commands.TestMethodCommand.RunTestMethod(TestExecutionContext context)
   at NUnit.Framework.Internal.Commands.TestMethodCommand.Execute(TestExecutionContext context)
   at NUnit.Framework.Internal.Execution.SimpleWorkItem.&lt;&gt;c__DisplayClass4_0.&lt;PerformWork&gt;b__0()
   at NUnit.Framework.Internal.ContextUtils.&lt;&gt;c__DisplayClass1_0`1.&lt;DoIsolated&gt;b__0(Object _)

1)    at Microsoft.SqlTools.ServiceLayer.Test.Common.TestConnectionProfileService.GetInstance(String key) in /Users/aasimkhan/src/sqltoolsservice/test/Microsoft.SqlTools.ServiceLayer.Test.Common/TestConnectionProfileService.cs:line 59
   at Microsoft.SqlTools.ServiceLayer.Test.Common.TestConnectionProfileService.GetConnectionParameters(String key, String databaseName) in /Users/aasimkhan/src/sqltoolsservice/test/Microsoft.SqlTools.ServiceLayer.Test.Common/TestConnectionProfileService.cs:line 65
   at Microsoft.SqlTools.ServiceLayer.Test.Common.TestConnectionProfileService.GetConnectionParameters(TestServerType serverType, String databaseName) in /Users/aasimkhan/src/sqltoolsservice/test/Microsoft.SqlTools.ServiceLayer.Test.Common/TestConnectionProfileService.cs:line 75
   at Microsoft.SqlTools.ServiceLayer.IntegrationTests.Utility.LiveConnectionHelper.InitLiveConnectionInfoAsync(String databaseName, String ownerUri, String connectionType, TestServerType serverType) in /Users/aasimkhan/src/sqltoolsservice/test/Microsoft.SqlTools.ServiceLayer.IntegrationTests/Utility/LiveConnectionHelper.cs:line 68
   at System.Runtime.CompilerServices.AsyncMethodBuilderCore.Start[TStateMachine](TStateMachine&amp; stateMachine)
   at Microsoft.SqlTools.ServiceLayer.IntegrationTests.Utility.LiveConnectionHelper.InitLiveConnectionInfoAsync(String databaseName, String ownerUri, String connectionType, TestServerType serverType)
   at Microsoft.SqlTools.ServiceLayer.IntegrationTests.Utility.LiveConnectionHelper.InitLiveConnectionInfo(String databaseName, String ownerUri) in /Users/aasimkhan/src/sqltoolsservice/test/Microsoft.SqlTools.ServiceLayer.IntegrationTests/Utility/LiveConnectionHelper.cs:line 52
   at Microsoft.SqlTools.ServiceLayer.IntegrationTests.QueryExecution.DataTypeTests.ExecuteAndVerifyResult(String queryText, String expectedValue) in /Users/aasimkhan/src/sqltoolsservice/test/Microsoft.SqlTools.ServiceLayer.IntegrationTests/QueryExecution/DataTypeTests.cs:line 218
   at System.Runtime.CompilerServices.AsyncMethodBuilderCore.Start[TStateMachine](TStateMachine&amp; stateMachine)
   at Microsoft.SqlTools.ServiceLayer.IntegrationTests.QueryExecution.DataTypeTests.ExecuteAndVerifyResult(String queryText, String expectedValue)
   at Microsoft.SqlTools.ServiceLayer.IntegrationTests.QueryExecution.DataTypeTests.CharTest() in /Users/aasimkhan/src/sqltoolsservice/test/Microsoft.SqlTools.ServiceLayer.IntegrationTests/QueryExecution/DataTypeTests.cs:line 48
   at System.Runtime.CompilerServices.AsyncMethodBuilderCore.Start[TStateMachine](TStateMachine&amp; stateMachine)
   at Microsoft.SqlTools.ServiceLayer.IntegrationTests.QueryExecution.DataTypeTests.CharTest()</failure>
    </testcase>
    <testcase classname="Microsoft.SqlTools.ServiceLayer.IntegrationTests.QueryExecution.DataTypeTests" name="DateTest" time="0.0011580">
      <failure type="failure" message="  Cannot find any instance for version key: sqlOnPrem&#xA;  Expected: True&#xA;  But was:  False&#xA;">at Microsoft.SqlTools.ServiceLayer.Test.Common.TestConnectionProfileService.GetInstance(String key) in /Users/aasimkhan/src/sqltoolsservice/test/Microsoft.SqlTools.ServiceLayer.Test.Common/TestConnectionProfileService.cs:line 59
   at Microsoft.SqlTools.ServiceLayer.Test.Common.TestConnectionProfileService.GetConnectionParameters(String key, String databaseName) in /Users/aasimkhan/src/sqltoolsservice/test/Microsoft.SqlTools.ServiceLayer.Test.Common/TestConnectionProfileService.cs:line 65
   at Microsoft.SqlTools.ServiceLayer.Test.Common.TestConnectionProfileService.GetConnectionParameters(TestServerType serverType, String databaseName) in /Users/aasimkhan/src/sqltoolsservice/test/Microsoft.SqlTools.ServiceLayer.Test.Common/TestConnectionProfileService.cs:line 75
   at Microsoft.SqlTools.ServiceLayer.IntegrationTests.Utility.LiveConnectionHelper.InitLiveConnectionInfoAsync(String databaseName, String ownerUri, String connectionType, TestServerType serverType) in /Users/aasimkhan/src/sqltoolsservice/test/Microsoft.SqlTools.ServiceLayer.IntegrationTests/Utility/LiveConnectionHelper.cs:line 68
   at Microsoft.SqlTools.ServiceLayer.IntegrationTests.Utility.LiveConnectionHelper.InitLiveConnectionInfo(String databaseName, String ownerUri) in /Users/aasimkhan/src/sqltoolsservice/test/Microsoft.SqlTools.ServiceLayer.IntegrationTests/Utility/LiveConnectionHelper.cs:line 52
   at Microsoft.SqlTools.ServiceLayer.IntegrationTests.QueryExecution.DataTypeTests.ExecuteAndVerifyResult(String queryText, String expectedValue) in /Users/aasimkhan/src/sqltoolsservice/test/Microsoft.SqlTools.ServiceLayer.IntegrationTests/QueryExecution/DataTypeTests.cs:line 218
   at Microsoft.SqlTools.ServiceLayer.IntegrationTests.QueryExecution.DataTypeTests.DateTest() in /Users/aasimkhan/src/sqltoolsservice/test/Microsoft.SqlTools.ServiceLayer.IntegrationTests/QueryExecution/DataTypeTests.cs:line 54
   at NUnit.Framework.Internal.TaskAwaitAdapter.GenericAdapter`1.GetResult()
   at NUnit.Framework.Internal.AsyncToSyncAdapter.Await(Func`1 invoke)
   at NUnit.Framework.Internal.Commands.TestMethodCommand.RunTestMethod(TestExecutionContext context)
   at NUnit.Framework.Internal.Commands.TestMethodCommand.Execute(TestExecutionContext context)
   at NUnit.Framework.Internal.Execution.SimpleWorkItem.&lt;&gt;c__DisplayClass4_0.&lt;PerformWork&gt;b__0()
   at NUnit.Framework.Internal.ContextUtils.&lt;&gt;c__DisplayClass1_0`1.&lt;DoIsolated&gt;b__0(Object _)

1)    at Microsoft.SqlTools.ServiceLayer.Test.Common.TestConnectionProfileService.GetInstance(String key) in /Users/aasimkhan/src/sqltoolsservice/test/Microsoft.SqlTools.ServiceLayer.Test.Common/TestConnectionProfileService.cs:line 59
   at Microsoft.SqlTools.ServiceLayer.Test.Common.TestConnectionProfileService.GetConnectionParameters(String key, String databaseName) in /Users/aasimkhan/src/sqltoolsservice/test/Microsoft.SqlTools.ServiceLayer.Test.Common/TestConnectionProfileService.cs:line 65
   at Microsoft.SqlTools.ServiceLayer.Test.Common.TestConnectionProfileService.GetConnectionParameters(TestServerType serverType, String databaseName) in /Users/aasimkhan/src/sqltoolsservice/test/Microsoft.SqlTools.ServiceLayer.Test.Common/TestConnectionProfileService.cs:line 75
   at Microsoft.SqlTools.ServiceLayer.IntegrationTests.Utility.LiveConnectionHelper.InitLiveConnectionInfoAsync(String databaseName, String ownerUri, String connectionType, TestServerType serverType) in /Users/aasimkhan/src/sqltoolsservice/test/Microsoft.SqlTools.ServiceLayer.IntegrationTests/Utility/LiveConnectionHelper.cs:line 68
   at System.Runtime.CompilerServices.AsyncMethodBuilderCore.Start[TStateMachine](TStateMachine&amp; stateMachine)
   at Microsoft.SqlTools.ServiceLayer.IntegrationTests.Utility.LiveConnectionHelper.InitLiveConnectionInfoAsync(String databaseName, String ownerUri, String connectionType, TestServerType serverType)
   at Microsoft.SqlTools.ServiceLayer.IntegrationTests.Utility.LiveConnectionHelper.InitLiveConnectionInfo(String databaseName, String ownerUri) in /Users/aasimkhan/src/sqltoolsservice/test/Microsoft.SqlTools.ServiceLayer.IntegrationTests/Utility/LiveConnectionHelper.cs:line 52
   at Microsoft.SqlTools.ServiceLayer.IntegrationTests.QueryExecution.DataTypeTests.ExecuteAndVerifyResult(String queryText, String expectedValue) in /Users/aasimkhan/src/sqltoolsservice/test/Microsoft.SqlTools.ServiceLayer.IntegrationTests/QueryExecution/DataTypeTests.cs:line 218
   at System.Runtime.CompilerServices.AsyncMethodBuilderCore.Start[TStateMachine](TStateMachine&amp; stateMachine)
   at Microsoft.SqlTools.ServiceLayer.IntegrationTests.QueryExecution.DataTypeTests.ExecuteAndVerifyResult(String queryText, String expectedValue)
   at Microsoft.SqlTools.ServiceLayer.IntegrationTests.QueryExecution.DataTypeTests.DateTest() in /Users/aasimkhan/src/sqltoolsservice/test/Microsoft.SqlTools.ServiceLayer.IntegrationTests/QueryExecution/DataTypeTests.cs:line 54
   at System.Runtime.CompilerServices.AsyncMethodBuilderCore.Start[TStateMachine](TStateMachine&amp; stateMachine)
   at Microsoft.SqlTools.ServiceLayer.IntegrationTests.QueryExecution.DataTypeTests.DateTest()</failure>
    </testcase>
    <testcase classname="Microsoft.SqlTools.ServiceLayer.IntegrationTests.QueryExecution.DataTypeTests" name="DateTime2Test" time="0.0010720">
      <failure type="failure" message="  Cannot find any instance for version key: sqlOnPrem&#xA;  Expected: True&#xA;  But was:  False&#xA;">at Microsoft.SqlTools.ServiceLayer.Test.Common.TestConnectionProfileService.GetInstance(String key) in /Users/aasimkhan/src/sqltoolsservice/test/Microsoft.SqlTools.ServiceLayer.Test.Common/TestConnectionProfileService.cs:line 59
   at Microsoft.SqlTools.ServiceLayer.Test.Common.TestConnectionProfileService.GetConnectionParameters(String key, String databaseName) in /Users/aasimkhan/src/sqltoolsservice/test/Microsoft.SqlTools.ServiceLayer.Test.Common/TestConnectionProfileService.cs:line 65
   at Microsoft.SqlTools.ServiceLayer.Test.Common.TestConnectionProfileService.GetConnectionParameters(TestServerType serverType, String databaseName) in /Users/aasimkhan/src/sqltoolsservice/test/Microsoft.SqlTools.ServiceLayer.Test.Common/TestConnectionProfileService.cs:line 75
   at Microsoft.SqlTools.ServiceLayer.IntegrationTests.Utility.LiveConnectionHelper.InitLiveConnectionInfoAsync(String databaseName, String ownerUri, String connectionType, TestServerType serverType) in /Users/aasimkhan/src/sqltoolsservice/test/Microsoft.SqlTools.ServiceLayer.IntegrationTests/Utility/LiveConnectionHelper.cs:line 68
   at Microsoft.SqlTools.ServiceLayer.IntegrationTests.Utility.LiveConnectionHelper.InitLiveConnectionInfo(String databaseName, String ownerUri) in /Users/aasimkhan/src/sqltoolsservice/test/Microsoft.SqlTools.ServiceLayer.IntegrationTests/Utility/LiveConnectionHelper.cs:line 52
   at Microsoft.SqlTools.ServiceLayer.IntegrationTests.QueryExecution.DataTypeTests.ExecuteAndVerifyResult(String queryText, String expectedValue) in /Users/aasimkhan/src/sqltoolsservice/test/Microsoft.SqlTools.ServiceLayer.IntegrationTests/QueryExecution/DataTypeTests.cs:line 218
   at Microsoft.SqlTools.ServiceLayer.IntegrationTests.QueryExecution.DataTypeTests.DateTime2Test() in /Users/aasimkhan/src/sqltoolsservice/test/Microsoft.SqlTools.ServiceLayer.IntegrationTests/QueryExecution/DataTypeTests.cs:line 66
   at NUnit.Framework.Internal.TaskAwaitAdapter.GenericAdapter`1.GetResult()
   at NUnit.Framework.Internal.AsyncToSyncAdapter.Await(Func`1 invoke)
   at NUnit.Framework.Internal.Commands.TestMethodCommand.RunTestMethod(TestExecutionContext context)
   at NUnit.Framework.Internal.Commands.TestMethodCommand.Execute(TestExecutionContext context)
   at NUnit.Framework.Internal.Execution.SimpleWorkItem.&lt;&gt;c__DisplayClass4_0.&lt;PerformWork&gt;b__0()
   at NUnit.Framework.Internal.ContextUtils.&lt;&gt;c__DisplayClass1_0`1.&lt;DoIsolated&gt;b__0(Object _)

1)    at Microsoft.SqlTools.ServiceLayer.Test.Common.TestConnectionProfileService.GetInstance(String key) in /Users/aasimkhan/src/sqltoolsservice/test/Microsoft.SqlTools.ServiceLayer.Test.Common/TestConnectionProfileService.cs:line 59
   at Microsoft.SqlTools.ServiceLayer.Test.Common.TestConnectionProfileService.GetConnectionParameters(String key, String databaseName) in /Users/aasimkhan/src/sqltoolsservice/test/Microsoft.SqlTools.ServiceLayer.Test.Common/TestConnectionProfileService.cs:line 65
   at Microsoft.SqlTools.ServiceLayer.Test.Common.TestConnectionProfileService.GetConnectionParameters(TestServerType serverType, String databaseName) in /Users/aasimkhan/src/sqltoolsservice/test/Microsoft.SqlTools.ServiceLayer.Test.Common/TestConnectionProfileService.cs:line 75
   at Microsoft.SqlTools.ServiceLayer.IntegrationTests.Utility.LiveConnectionHelper.InitLiveConnectionInfoAsync(String databaseName, String ownerUri, String connectionType, TestServerType serverType) in /Users/aasimkhan/src/sqltoolsservice/test/Microsoft.SqlTools.ServiceLayer.IntegrationTests/Utility/LiveConnectionHelper.cs:line 68
   at System.Runtime.CompilerServices.AsyncMethodBuilderCore.Start[TStateMachine](TStateMachine&amp; stateMachine)
   at Microsoft.SqlTools.ServiceLayer.IntegrationTests.Utility.LiveConnectionHelper.InitLiveConnectionInfoAsync(String databaseName, String ownerUri, String connectionType, TestServerType serverType)
   at Microsoft.SqlTools.ServiceLayer.IntegrationTests.Utility.LiveConnectionHelper.InitLiveConnectionInfo(String databaseName, String ownerUri) in /Users/aasimkhan/src/sqltoolsservice/test/Microsoft.SqlTools.ServiceLayer.IntegrationTests/Utility/LiveConnectionHelper.cs:line 52
   at Microsoft.SqlTools.ServiceLayer.IntegrationTests.QueryExecution.DataTypeTests.ExecuteAndVerifyResult(String queryText, String expectedValue) in /Users/aasimkhan/src/sqltoolsservice/test/Microsoft.SqlTools.ServiceLayer.IntegrationTests/QueryExecution/DataTypeTests.cs:line 218
   at System.Runtime.CompilerServices.AsyncMethodBuilderCore.Start[TStateMachine](TStateMachine&amp; stateMachine)
   at Microsoft.SqlTools.ServiceLayer.IntegrationTests.QueryExecution.DataTypeTests.ExecuteAndVerifyResult(String queryText, String expectedValue)
   at Microsoft.SqlTools.ServiceLayer.IntegrationTests.QueryExecution.DataTypeTests.DateTime2Test() in /Users/aasimkhan/src/sqltoolsservice/test/Microsoft.SqlTools.ServiceLayer.IntegrationTests/QueryExecution/DataTypeTests.cs:line 66
   at System.Runtime.CompilerServices.AsyncMethodBuilderCore.Start[TStateMachine](TStateMachine&amp; stateMachine)
   at Microsoft.SqlTools.ServiceLayer.IntegrationTests.QueryExecution.DataTypeTests.DateTime2Test()</failure>
    </testcase>
    <testcase classname="Microsoft.SqlTools.ServiceLayer.IntegrationTests.QueryExecution.DataTypeTests" name="DateTimeOffsetTest" time="0.0009910">
      <failure type="failure" message="  Cannot find any instance for version key: sqlOnPrem&#xA;  Expected: True&#xA;  But was:  False&#xA;">at Microsoft.SqlTools.ServiceLayer.Test.Common.TestConnectionProfileService.GetInstance(String key) in /Users/aasimkhan/src/sqltoolsservice/test/Microsoft.SqlTools.ServiceLayer.Test.Common/TestConnectionProfileService.cs:line 59
   at Microsoft.SqlTools.ServiceLayer.Test.Common.TestConnectionProfileService.GetConnectionParameters(String key, String databaseName) in /Users/aasimkhan/src/sqltoolsservice/test/Microsoft.SqlTools.ServiceLayer.Test.Common/TestConnectionProfileService.cs:line 65
   at Microsoft.SqlTools.ServiceLayer.Test.Common.TestConnectionProfileService.GetConnectionParameters(TestServerType serverType, String databaseName) in /Users/aasimkhan/src/sqltoolsservice/test/Microsoft.SqlTools.ServiceLayer.Test.Common/TestConnectionProfileService.cs:line 75
   at Microsoft.SqlTools.ServiceLayer.IntegrationTests.Utility.LiveConnectionHelper.InitLiveConnectionInfoAsync(String databaseName, String ownerUri, String connectionType, TestServerType serverType) in /Users/aasimkhan/src/sqltoolsservice/test/Microsoft.SqlTools.ServiceLayer.IntegrationTests/Utility/LiveConnectionHelper.cs:line 68
   at Microsoft.SqlTools.ServiceLayer.IntegrationTests.Utility.LiveConnectionHelper.InitLiveConnectionInfo(String databaseName, String ownerUri) in /Users/aasimkhan/src/sqltoolsservice/test/Microsoft.SqlTools.ServiceLayer.IntegrationTests/Utility/LiveConnectionHelper.cs:line 52
   at Microsoft.SqlTools.ServiceLayer.IntegrationTests.QueryExecution.DataTypeTests.ExecuteAndVerifyResult(String queryText, String expectedValue) in /Users/aasimkhan/src/sqltoolsservice/test/Microsoft.SqlTools.ServiceLayer.IntegrationTests/QueryExecution/DataTypeTests.cs:line 218
   at Microsoft.SqlTools.ServiceLayer.IntegrationTests.QueryExecution.DataTypeTests.DateTimeOffsetTest() in /Users/aasimkhan/src/sqltoolsservice/test/Microsoft.SqlTools.ServiceLayer.IntegrationTests/QueryExecution/DataTypeTests.cs:line 72
   at NUnit.Framework.Internal.TaskAwaitAdapter.GenericAdapter`1.GetResult()
   at NUnit.Framework.Internal.AsyncToSyncAdapter.Await(Func`1 invoke)
   at NUnit.Framework.Internal.Commands.TestMethodCommand.RunTestMethod(TestExecutionContext context)
   at NUnit.Framework.Internal.Commands.TestMethodCommand.Execute(TestExecutionContext context)
   at NUnit.Framework.Internal.Execution.SimpleWorkItem.&lt;&gt;c__DisplayClass4_0.&lt;PerformWork&gt;b__0()
   at NUnit.Framework.Internal.ContextUtils.&lt;&gt;c__DisplayClass1_0`1.&lt;DoIsolated&gt;b__0(Object _)

1)    at Microsoft.SqlTools.ServiceLayer.Test.Common.TestConnectionProfileService.GetInstance(String key) in /Users/aasimkhan/src/sqltoolsservice/test/Microsoft.SqlTools.ServiceLayer.Test.Common/TestConnectionProfileService.cs:line 59
   at Microsoft.SqlTools.ServiceLayer.Test.Common.TestConnectionProfileService.GetConnectionParameters(String key, String databaseName) in /Users/aasimkhan/src/sqltoolsservice/test/Microsoft.SqlTools.ServiceLayer.Test.Common/TestConnectionProfileService.cs:line 65
   at Microsoft.SqlTools.ServiceLayer.Test.Common.TestConnectionProfileService.GetConnectionParameters(TestServerType serverType, String databaseName) in /Users/aasimkhan/src/sqltoolsservice/test/Microsoft.SqlTools.ServiceLayer.Test.Common/TestConnectionProfileService.cs:line 75
   at Microsoft.SqlTools.ServiceLayer.IntegrationTests.Utility.LiveConnectionHelper.InitLiveConnectionInfoAsync(String databaseName, String ownerUri, String connectionType, TestServerType serverType) in /Users/aasimkhan/src/sqltoolsservice/test/Microsoft.SqlTools.ServiceLayer.IntegrationTests/Utility/LiveConnectionHelper.cs:line 68
   at System.Runtime.CompilerServices.AsyncMethodBuilderCore.Start[TStateMachine](TStateMachine&amp; stateMachine)
   at Microsoft.SqlTools.ServiceLayer.IntegrationTests.Utility.LiveConnectionHelper.InitLiveConnectionInfoAsync(String databaseName, String ownerUri, String connectionType, TestServerType serverType)
   at Microsoft.SqlTools.ServiceLayer.IntegrationTests.Utility.LiveConnectionHelper.InitLiveConnectionInfo(String databaseName, String ownerUri) in /Users/aasimkhan/src/sqltoolsservice/test/Microsoft.SqlTools.ServiceLayer.IntegrationTests/Utility/LiveConnectionHelper.cs:line 52
   at Microsoft.SqlTools.ServiceLayer.IntegrationTests.QueryExecution.DataTypeTests.ExecuteAndVerifyResult(String queryText, String expectedValue) in /Users/aasimkhan/src/sqltoolsservice/test/Microsoft.SqlTools.ServiceLayer.IntegrationTests/QueryExecution/DataTypeTests.cs:line 218
   at System.Runtime.CompilerServices.AsyncMethodBuilderCore.Start[TStateMachine](TStateMachine&amp; stateMachine)
   at Microsoft.SqlTools.ServiceLayer.IntegrationTests.QueryExecution.DataTypeTests.ExecuteAndVerifyResult(String queryText, String expectedValue)
   at Microsoft.SqlTools.ServiceLayer.IntegrationTests.QueryExecution.DataTypeTests.DateTimeOffsetTest() in /Users/aasimkhan/src/sqltoolsservice/test/Microsoft.SqlTools.ServiceLayer.IntegrationTests/QueryExecution/DataTypeTests.cs:line 72
   at System.Runtime.CompilerServices.AsyncMethodBuilderCore.Start[TStateMachine](TStateMachine&amp; stateMachine)
   at Microsoft.SqlTools.ServiceLayer.IntegrationTests.QueryExecution.DataTypeTests.DateTimeOffsetTest()</failure>
    </testcase>
    <testcase classname="Microsoft.SqlTools.ServiceLayer.IntegrationTests.QueryExecution.DataTypeTests" name="DateTimeTest" time="0.0009190">
      <failure type="failure" message="  Cannot find any instance for version key: sqlOnPrem&#xA;  Expected: True&#xA;  But was:  False&#xA;">at Microsoft.SqlTools.ServiceLayer.Test.Common.TestConnectionProfileService.GetInstance(String key) in /Users/aasimkhan/src/sqltoolsservice/test/Microsoft.SqlTools.ServiceLayer.Test.Common/TestConnectionProfileService.cs:line 59
   at Microsoft.SqlTools.ServiceLayer.Test.Common.TestConnectionProfileService.GetConnectionParameters(String key, String databaseName) in /Users/aasimkhan/src/sqltoolsservice/test/Microsoft.SqlTools.ServiceLayer.Test.Common/TestConnectionProfileService.cs:line 65
   at Microsoft.SqlTools.ServiceLayer.Test.Common.TestConnectionProfileService.GetConnectionParameters(TestServerType serverType, String databaseName) in /Users/aasimkhan/src/sqltoolsservice/test/Microsoft.SqlTools.ServiceLayer.Test.Common/TestConnectionProfileService.cs:line 75
   at Microsoft.SqlTools.ServiceLayer.IntegrationTests.Utility.LiveConnectionHelper.InitLiveConnectionInfoAsync(String databaseName, String ownerUri, String connectionType, TestServerType serverType) in /Users/aasimkhan/src/sqltoolsservice/test/Microsoft.SqlTools.ServiceLayer.IntegrationTests/Utility/LiveConnectionHelper.cs:line 68
   at Microsoft.SqlTools.ServiceLayer.IntegrationTests.Utility.LiveConnectionHelper.InitLiveConnectionInfo(String databaseName, String ownerUri) in /Users/aasimkhan/src/sqltoolsservice/test/Microsoft.SqlTools.ServiceLayer.IntegrationTests/Utility/LiveConnectionHelper.cs:line 52
   at Microsoft.SqlTools.ServiceLayer.IntegrationTests.QueryExecution.DataTypeTests.ExecuteAndVerifyResult(String queryText, String expectedValue) in /Users/aasimkhan/src/sqltoolsservice/test/Microsoft.SqlTools.ServiceLayer.IntegrationTests/QueryExecution/DataTypeTests.cs:line 218
   at Microsoft.SqlTools.ServiceLayer.IntegrationTests.QueryExecution.DataTypeTests.DateTimeTest() in /Users/aasimkhan/src/sqltoolsservice/test/Microsoft.SqlTools.ServiceLayer.IntegrationTests/QueryExecution/DataTypeTests.cs:line 60
   at NUnit.Framework.Internal.TaskAwaitAdapter.GenericAdapter`1.GetResult()
   at NUnit.Framework.Internal.AsyncToSyncAdapter.Await(Func`1 invoke)
   at NUnit.Framework.Internal.Commands.TestMethodCommand.RunTestMethod(TestExecutionContext context)
   at NUnit.Framework.Internal.Commands.TestMethodCommand.Execute(TestExecutionContext context)
   at NUnit.Framework.Internal.Execution.SimpleWorkItem.&lt;&gt;c__DisplayClass4_0.&lt;PerformWork&gt;b__0()
   at NUnit.Framework.Internal.ContextUtils.&lt;&gt;c__DisplayClass1_0`1.&lt;DoIsolated&gt;b__0(Object _)

1)    at Microsoft.SqlTools.ServiceLayer.Test.Common.TestConnectionProfileService.GetInstance(String key) in /Users/aasimkhan/src/sqltoolsservice/test/Microsoft.SqlTools.ServiceLayer.Test.Common/TestConnectionProfileService.cs:line 59
   at Microsoft.SqlTools.ServiceLayer.Test.Common.TestConnectionProfileService.GetConnectionParameters(String key, String databaseName) in /Users/aasimkhan/src/sqltoolsservice/test/Microsoft.SqlTools.ServiceLayer.Test.Common/TestConnectionProfileService.cs:line 65
   at Microsoft.SqlTools.ServiceLayer.Test.Common.TestConnectionProfileService.GetConnectionParameters(TestServerType serverType, String databaseName) in /Users/aasimkhan/src/sqltoolsservice/test/Microsoft.SqlTools.ServiceLayer.Test.Common/TestConnectionProfileService.cs:line 75
   at Microsoft.SqlTools.ServiceLayer.IntegrationTests.Utility.LiveConnectionHelper.InitLiveConnectionInfoAsync(String databaseName, String ownerUri, String connectionType, TestServerType serverType) in /Users/aasimkhan/src/sqltoolsservice/test/Microsoft.SqlTools.ServiceLayer.IntegrationTests/Utility/LiveConnectionHelper.cs:line 68
   at System.Runtime.CompilerServices.AsyncMethodBuilderCore.Start[TStateMachine](TStateMachine&amp; stateMachine)
   at Microsoft.SqlTools.ServiceLayer.IntegrationTests.Utility.LiveConnectionHelper.InitLiveConnectionInfoAsync(String databaseName, String ownerUri, String connectionType, TestServerType serverType)
   at Microsoft.SqlTools.ServiceLayer.IntegrationTests.Utility.LiveConnectionHelper.InitLiveConnectionInfo(String databaseName, String ownerUri) in /Users/aasimkhan/src/sqltoolsservice/test/Microsoft.SqlTools.ServiceLayer.IntegrationTests/Utility/LiveConnectionHelper.cs:line 52
   at Microsoft.SqlTools.ServiceLayer.IntegrationTests.QueryExecution.DataTypeTests.ExecuteAndVerifyResult(String queryText, String expectedValue) in /Users/aasimkhan/src/sqltoolsservice/test/Microsoft.SqlTools.ServiceLayer.IntegrationTests/QueryExecution/DataTypeTests.cs:line 218
   at System.Runtime.CompilerServices.AsyncMethodBuilderCore.Start[TStateMachine](TStateMachine&amp; stateMachine)
   at Microsoft.SqlTools.ServiceLayer.IntegrationTests.QueryExecution.DataTypeTests.ExecuteAndVerifyResult(String queryText, String expectedValue)
   at Microsoft.SqlTools.ServiceLayer.IntegrationTests.QueryExecution.DataTypeTests.DateTimeTest() in /Users/aasimkhan/src/sqltoolsservice/test/Microsoft.SqlTools.ServiceLayer.IntegrationTests/QueryExecution/DataTypeTests.cs:line 60
   at System.Runtime.CompilerServices.AsyncMethodBuilderCore.Start[TStateMachine](TStateMachine&amp; stateMachine)
   at Microsoft.SqlTools.ServiceLayer.IntegrationTests.QueryExecution.DataTypeTests.DateTimeTest()</failure>
    </testcase>
    <testcase classname="Microsoft.SqlTools.ServiceLayer.IntegrationTests.QueryExecution.DataTypeTests" name="DecimalTest" time="0.0010570">
      <failure type="failure" message="  Cannot find any instance for version key: sqlOnPrem&#xA;  Expected: True&#xA;  But was:  False&#xA;">at Microsoft.SqlTools.ServiceLayer.Test.Common.TestConnectionProfileService.GetInstance(String key) in /Users/aasimkhan/src/sqltoolsservice/test/Microsoft.SqlTools.ServiceLayer.Test.Common/TestConnectionProfileService.cs:line 59
   at Microsoft.SqlTools.ServiceLayer.Test.Common.TestConnectionProfileService.GetConnectionParameters(String key, String databaseName) in /Users/aasimkhan/src/sqltoolsservice/test/Microsoft.SqlTools.ServiceLayer.Test.Common/TestConnectionProfileService.cs:line 65
   at Microsoft.SqlTools.ServiceLayer.Test.Common.TestConnectionProfileService.GetConnectionParameters(TestServerType serverType, String databaseName) in /Users/aasimkhan/src/sqltoolsservice/test/Microsoft.SqlTools.ServiceLayer.Test.Common/TestConnectionProfileService.cs:line 75
   at Microsoft.SqlTools.ServiceLayer.IntegrationTests.Utility.LiveConnectionHelper.InitLiveConnectionInfoAsync(String databaseName, String ownerUri, String connectionType, TestServerType serverType) in /Users/aasimkhan/src/sqltoolsservice/test/Microsoft.SqlTools.ServiceLayer.IntegrationTests/Utility/LiveConnectionHelper.cs:line 68
   at Microsoft.SqlTools.ServiceLayer.IntegrationTests.Utility.LiveConnectionHelper.InitLiveConnectionInfo(String databaseName, String ownerUri) in /Users/aasimkhan/src/sqltoolsservice/test/Microsoft.SqlTools.ServiceLayer.IntegrationTests/Utility/LiveConnectionHelper.cs:line 52
   at Microsoft.SqlTools.ServiceLayer.IntegrationTests.QueryExecution.DataTypeTests.ExecuteAndVerifyResult(String queryText, String expectedValue) in /Users/aasimkhan/src/sqltoolsservice/test/Microsoft.SqlTools.ServiceLayer.IntegrationTests/QueryExecution/DataTypeTests.cs:line 218
   at Microsoft.SqlTools.ServiceLayer.IntegrationTests.QueryExecution.DataTypeTests.DecimalTest() in /Users/aasimkhan/src/sqltoolsservice/test/Microsoft.SqlTools.ServiceLayer.IntegrationTests/QueryExecution/DataTypeTests.cs:line 80
   at NUnit.Framework.Internal.TaskAwaitAdapter.GenericAdapter`1.GetResult()
   at NUnit.Framework.Internal.AsyncToSyncAdapter.Await(Func`1 invoke)
   at NUnit.Framework.Internal.Commands.TestMethodCommand.RunTestMethod(TestExecutionContext context)
   at NUnit.Framework.Internal.Commands.TestMethodCommand.Execute(TestExecutionContext context)
   at NUnit.Framework.Internal.Execution.SimpleWorkItem.&lt;&gt;c__DisplayClass4_0.&lt;PerformWork&gt;b__0()
   at NUnit.Framework.Internal.ContextUtils.&lt;&gt;c__DisplayClass1_0`1.&lt;DoIsolated&gt;b__0(Object _)

1)    at Microsoft.SqlTools.ServiceLayer.Test.Common.TestConnectionProfileService.GetInstance(String key) in /Users/aasimkhan/src/sqltoolsservice/test/Microsoft.SqlTools.ServiceLayer.Test.Common/TestConnectionProfileService.cs:line 59
   at Microsoft.SqlTools.ServiceLayer.Test.Common.TestConnectionProfileService.GetConnectionParameters(String key, String databaseName) in /Users/aasimkhan/src/sqltoolsservice/test/Microsoft.SqlTools.ServiceLayer.Test.Common/TestConnectionProfileService.cs:line 65
   at Microsoft.SqlTools.ServiceLayer.Test.Common.TestConnectionProfileService.GetConnectionParameters(TestServerType serverType, String databaseName) in /Users/aasimkhan/src/sqltoolsservice/test/Microsoft.SqlTools.ServiceLayer.Test.Common/TestConnectionProfileService.cs:line 75
   at Microsoft.SqlTools.ServiceLayer.IntegrationTests.Utility.LiveConnectionHelper.InitLiveConnectionInfoAsync(String databaseName, String ownerUri, String connectionType, TestServerType serverType) in /Users/aasimkhan/src/sqltoolsservice/test/Microsoft.SqlTools.ServiceLayer.IntegrationTests/Utility/LiveConnectionHelper.cs:line 68
   at System.Runtime.CompilerServices.AsyncMethodBuilderCore.Start[TStateMachine](TStateMachine&amp; stateMachine)
   at Microsoft.SqlTools.ServiceLayer.IntegrationTests.Utility.LiveConnectionHelper.InitLiveConnectionInfoAsync(String databaseName, String ownerUri, String connectionType, TestServerType serverType)
   at Microsoft.SqlTools.ServiceLayer.IntegrationTests.Utility.LiveConnectionHelper.InitLiveConnectionInfo(String databaseName, String ownerUri) in /Users/aasimkhan/src/sqltoolsservice/test/Microsoft.SqlTools.ServiceLayer.IntegrationTests/Utility/LiveConnectionHelper.cs:line 52
   at Microsoft.SqlTools.ServiceLayer.IntegrationTests.QueryExecution.DataTypeTests.ExecuteAndVerifyResult(String queryText, String expectedValue) in /Users/aasimkhan/src/sqltoolsservice/test/Microsoft.SqlTools.ServiceLayer.IntegrationTests/QueryExecution/DataTypeTests.cs:line 218
   at System.Runtime.CompilerServices.AsyncMethodBuilderCore.Start[TStateMachine](TStateMachine&amp; stateMachine)
   at Microsoft.SqlTools.ServiceLayer.IntegrationTests.QueryExecution.DataTypeTests.ExecuteAndVerifyResult(String queryText, String expectedValue)
   at Microsoft.SqlTools.ServiceLayer.IntegrationTests.QueryExecution.DataTypeTests.DecimalTest() in /Users/aasimkhan/src/sqltoolsservice/test/Microsoft.SqlTools.ServiceLayer.IntegrationTests/QueryExecution/DataTypeTests.cs:line 80
   at System.Runtime.CompilerServices.AsyncMethodBuilderCore.Start[TStateMachine](TStateMachine&amp; stateMachine)
   at Microsoft.SqlTools.ServiceLayer.IntegrationTests.QueryExecution.DataTypeTests.DecimalTest()</failure>
    </testcase>
    <testcase classname="Microsoft.SqlTools.ServiceLayer.IntegrationTests.QueryExecution.DataTypeTests" name="FloatTest" time="0.0009320">
      <failure type="failure" message="  Cannot find any instance for version key: sqlOnPrem&#xA;  Expected: True&#xA;  But was:  False&#xA;">at Microsoft.SqlTools.ServiceLayer.Test.Common.TestConnectionProfileService.GetInstance(String key) in /Users/aasimkhan/src/sqltoolsservice/test/Microsoft.SqlTools.ServiceLayer.Test.Common/TestConnectionProfileService.cs:line 59
   at Microsoft.SqlTools.ServiceLayer.Test.Common.TestConnectionProfileService.GetConnectionParameters(String key, String databaseName) in /Users/aasimkhan/src/sqltoolsservice/test/Microsoft.SqlTools.ServiceLayer.Test.Common/TestConnectionProfileService.cs:line 65
   at Microsoft.SqlTools.ServiceLayer.Test.Common.TestConnectionProfileService.GetConnectionParameters(TestServerType serverType, String databaseName) in /Users/aasimkhan/src/sqltoolsservice/test/Microsoft.SqlTools.ServiceLayer.Test.Common/TestConnectionProfileService.cs:line 75
   at Microsoft.SqlTools.ServiceLayer.IntegrationTests.Utility.LiveConnectionHelper.InitLiveConnectionInfoAsync(String databaseName, String ownerUri, String connectionType, TestServerType serverType) in /Users/aasimkhan/src/sqltoolsservice/test/Microsoft.SqlTools.ServiceLayer.IntegrationTests/Utility/LiveConnectionHelper.cs:line 68
   at Microsoft.SqlTools.ServiceLayer.IntegrationTests.Utility.LiveConnectionHelper.InitLiveConnectionInfo(String databaseName, String ownerUri) in /Users/aasimkhan/src/sqltoolsservice/test/Microsoft.SqlTools.ServiceLayer.IntegrationTests/Utility/LiveConnectionHelper.cs:line 52
   at Microsoft.SqlTools.ServiceLayer.IntegrationTests.QueryExecution.DataTypeTests.ExecuteAndVerifyResult(String queryText, String expectedValue) in /Users/aasimkhan/src/sqltoolsservice/test/Microsoft.SqlTools.ServiceLayer.IntegrationTests/QueryExecution/DataTypeTests.cs:line 218
   at Microsoft.SqlTools.ServiceLayer.IntegrationTests.QueryExecution.DataTypeTests.FloatTest() in /Users/aasimkhan/src/sqltoolsservice/test/Microsoft.SqlTools.ServiceLayer.IntegrationTests/QueryExecution/DataTypeTests.cs:line 86
   at NUnit.Framework.Internal.TaskAwaitAdapter.GenericAdapter`1.GetResult()
   at NUnit.Framework.Internal.AsyncToSyncAdapter.Await(Func`1 invoke)
   at NUnit.Framework.Internal.Commands.TestMethodCommand.RunTestMethod(TestExecutionContext context)
   at NUnit.Framework.Internal.Commands.TestMethodCommand.Execute(TestExecutionContext context)
   at NUnit.Framework.Internal.Execution.SimpleWorkItem.&lt;&gt;c__DisplayClass4_0.&lt;PerformWork&gt;b__0()
   at NUnit.Framework.Internal.ContextUtils.&lt;&gt;c__DisplayClass1_0`1.&lt;DoIsolated&gt;b__0(Object _)

1)    at Microsoft.SqlTools.ServiceLayer.Test.Common.TestConnectionProfileService.GetInstance(String key) in /Users/aasimkhan/src/sqltoolsservice/test/Microsoft.SqlTools.ServiceLayer.Test.Common/TestConnectionProfileService.cs:line 59
   at Microsoft.SqlTools.ServiceLayer.Test.Common.TestConnectionProfileService.GetConnectionParameters(String key, String databaseName) in /Users/aasimkhan/src/sqltoolsservice/test/Microsoft.SqlTools.ServiceLayer.Test.Common/TestConnectionProfileService.cs:line 65
   at Microsoft.SqlTools.ServiceLayer.Test.Common.TestConnectionProfileService.GetConnectionParameters(TestServerType serverType, String databaseName) in /Users/aasimkhan/src/sqltoolsservice/test/Microsoft.SqlTools.ServiceLayer.Test.Common/TestConnectionProfileService.cs:line 75
   at Microsoft.SqlTools.ServiceLayer.IntegrationTests.Utility.LiveConnectionHelper.InitLiveConnectionInfoAsync(String databaseName, String ownerUri, String connectionType, TestServerType serverType) in /Users/aasimkhan/src/sqltoolsservice/test/Microsoft.SqlTools.ServiceLayer.IntegrationTests/Utility/LiveConnectionHelper.cs:line 68
   at System.Runtime.CompilerServices.AsyncMethodBuilderCore.Start[TStateMachine](TStateMachine&amp; stateMachine)
   at Microsoft.SqlTools.ServiceLayer.IntegrationTests.Utility.LiveConnectionHelper.InitLiveConnectionInfoAsync(String databaseName, String ownerUri, String connectionType, TestServerType serverType)
   at Microsoft.SqlTools.ServiceLayer.IntegrationTests.Utility.LiveConnectionHelper.InitLiveConnectionInfo(String databaseName, String ownerUri) in /Users/aasimkhan/src/sqltoolsservice/test/Microsoft.SqlTools.ServiceLayer.IntegrationTests/Utility/LiveConnectionHelper.cs:line 52
   at Microsoft.SqlTools.ServiceLayer.IntegrationTests.QueryExecution.DataTypeTests.ExecuteAndVerifyResult(String queryText, String expectedValue) in /Users/aasimkhan/src/sqltoolsservice/test/Microsoft.SqlTools.ServiceLayer.IntegrationTests/QueryExecution/DataTypeTests.cs:line 218
   at System.Runtime.CompilerServices.AsyncMethodBuilderCore.Start[TStateMachine](TStateMachine&amp; stateMachine)
   at Microsoft.SqlTools.ServiceLayer.IntegrationTests.QueryExecution.DataTypeTests.ExecuteAndVerifyResult(String queryText, String expectedValue)
   at Microsoft.SqlTools.ServiceLayer.IntegrationTests.QueryExecution.DataTypeTests.FloatTest() in /Users/aasimkhan/src/sqltoolsservice/test/Microsoft.SqlTools.ServiceLayer.IntegrationTests/QueryExecution/DataTypeTests.cs:line 86
   at System.Runtime.CompilerServices.AsyncMethodBuilderCore.Start[TStateMachine](TStateMachine&amp; stateMachine)
   at Microsoft.SqlTools.ServiceLayer.IntegrationTests.QueryExecution.DataTypeTests.FloatTest()</failure>
    </testcase>
    <testcase classname="Microsoft.SqlTools.ServiceLayer.IntegrationTests.QueryExecution.DataTypeTests" name="GeometryTypeTest" time="0.0013200">
      <failure type="failure" message="  Cannot find any instance for version key: sqlOnPrem&#xA;  Expected: True&#xA;  But was:  False&#xA;">at Microsoft.SqlTools.ServiceLayer.Test.Common.TestConnectionProfileService.GetInstance(String key) in /Users/aasimkhan/src/sqltoolsservice/test/Microsoft.SqlTools.ServiceLayer.Test.Common/TestConnectionProfileService.cs:line 59
   at Microsoft.SqlTools.ServiceLayer.Test.Common.TestConnectionProfileService.GetConnectionParameters(String key, String databaseName) in /Users/aasimkhan/src/sqltoolsservice/test/Microsoft.SqlTools.ServiceLayer.Test.Common/TestConnectionProfileService.cs:line 65
   at Microsoft.SqlTools.ServiceLayer.Test.Common.TestConnectionProfileService.GetConnectionParameters(TestServerType serverType, String databaseName) in /Users/aasimkhan/src/sqltoolsservice/test/Microsoft.SqlTools.ServiceLayer.Test.Common/TestConnectionProfileService.cs:line 75
   at Microsoft.SqlTools.ServiceLayer.IntegrationTests.Utility.LiveConnectionHelper.InitLiveConnectionInfoAsync(String databaseName, String ownerUri, String connectionType, TestServerType serverType) in /Users/aasimkhan/src/sqltoolsservice/test/Microsoft.SqlTools.ServiceLayer.IntegrationTests/Utility/LiveConnectionHelper.cs:line 68
   at Microsoft.SqlTools.ServiceLayer.IntegrationTests.Utility.LiveConnectionHelper.InitLiveConnectionInfo(String databaseName, String ownerUri) in /Users/aasimkhan/src/sqltoolsservice/test/Microsoft.SqlTools.ServiceLayer.IntegrationTests/Utility/LiveConnectionHelper.cs:line 52
   at Microsoft.SqlTools.ServiceLayer.IntegrationTests.QueryExecution.DataTypeTests.ExecuteAndVerifyResult(String queryText, String expectedValue) in /Users/aasimkhan/src/sqltoolsservice/test/Microsoft.SqlTools.ServiceLayer.IntegrationTests/QueryExecution/DataTypeTests.cs:line 218
   at Microsoft.SqlTools.ServiceLayer.IntegrationTests.QueryExecution.DataTypeTests.GeometryTypeTest() in /Users/aasimkhan/src/sqltoolsservice/test/Microsoft.SqlTools.ServiceLayer.IntegrationTests/QueryExecution/DataTypeTests.cs:line 200
   at NUnit.Framework.Internal.TaskAwaitAdapter.GenericAdapter`1.GetResult()
   at NUnit.Framework.Internal.AsyncToSyncAdapter.Await(Func`1 invoke)
   at NUnit.Framework.Internal.Commands.TestMethodCommand.RunTestMethod(TestExecutionContext context)
   at NUnit.Framework.Internal.Commands.TestMethodCommand.Execute(TestExecutionContext context)
   at NUnit.Framework.Internal.Execution.SimpleWorkItem.&lt;&gt;c__DisplayClass4_0.&lt;PerformWork&gt;b__0()
   at NUnit.Framework.Internal.ContextUtils.&lt;&gt;c__DisplayClass1_0`1.&lt;DoIsolated&gt;b__0(Object _)

1)    at Microsoft.SqlTools.ServiceLayer.Test.Common.TestConnectionProfileService.GetInstance(String key) in /Users/aasimkhan/src/sqltoolsservice/test/Microsoft.SqlTools.ServiceLayer.Test.Common/TestConnectionProfileService.cs:line 59
   at Microsoft.SqlTools.ServiceLayer.Test.Common.TestConnectionProfileService.GetConnectionParameters(String key, String databaseName) in /Users/aasimkhan/src/sqltoolsservice/test/Microsoft.SqlTools.ServiceLayer.Test.Common/TestConnectionProfileService.cs:line 65
   at Microsoft.SqlTools.ServiceLayer.Test.Common.TestConnectionProfileService.GetConnectionParameters(TestServerType serverType, String databaseName) in /Users/aasimkhan/src/sqltoolsservice/test/Microsoft.SqlTools.ServiceLayer.Test.Common/TestConnectionProfileService.cs:line 75
   at Microsoft.SqlTools.ServiceLayer.IntegrationTests.Utility.LiveConnectionHelper.InitLiveConnectionInfoAsync(String databaseName, String ownerUri, String connectionType, TestServerType serverType) in /Users/aasimkhan/src/sqltoolsservice/test/Microsoft.SqlTools.ServiceLayer.IntegrationTests/Utility/LiveConnectionHelper.cs:line 68
   at System.Runtime.CompilerServices.AsyncMethodBuilderCore.Start[TStateMachine](TStateMachine&amp; stateMachine)
   at Microsoft.SqlTools.ServiceLayer.IntegrationTests.Utility.LiveConnectionHelper.InitLiveConnectionInfoAsync(String databaseName, String ownerUri, String connectionType, TestServerType serverType)
   at Microsoft.SqlTools.ServiceLayer.IntegrationTests.Utility.LiveConnectionHelper.InitLiveConnectionInfo(String databaseName, String ownerUri) in /Users/aasimkhan/src/sqltoolsservice/test/Microsoft.SqlTools.ServiceLayer.IntegrationTests/Utility/LiveConnectionHelper.cs:line 52
   at Microsoft.SqlTools.ServiceLayer.IntegrationTests.QueryExecution.DataTypeTests.ExecuteAndVerifyResult(String queryText, String expectedValue) in /Users/aasimkhan/src/sqltoolsservice/test/Microsoft.SqlTools.ServiceLayer.IntegrationTests/QueryExecution/DataTypeTests.cs:line 218
   at System.Runtime.CompilerServices.AsyncMethodBuilderCore.Start[TStateMachine](TStateMachine&amp; stateMachine)
   at Microsoft.SqlTools.ServiceLayer.IntegrationTests.QueryExecution.DataTypeTests.ExecuteAndVerifyResult(String queryText, String expectedValue)
   at Microsoft.SqlTools.ServiceLayer.IntegrationTests.QueryExecution.DataTypeTests.GeometryTypeTest() in /Users/aasimkhan/src/sqltoolsservice/test/Microsoft.SqlTools.ServiceLayer.IntegrationTests/QueryExecution/DataTypeTests.cs:line 200
   at System.Runtime.CompilerServices.AsyncMethodBuilderCore.Start[TStateMachine](TStateMachine&amp; stateMachine)
   at Microsoft.SqlTools.ServiceLayer.IntegrationTests.QueryExecution.DataTypeTests.GeometryTypeTest()</failure>
    </testcase>
    <testcase classname="Microsoft.SqlTools.ServiceLayer.IntegrationTests.QueryExecution.DataTypeTests" name="HierarchyIdTypeTest" time="0.0010590">
      <failure type="failure" message="  Cannot find any instance for version key: sqlOnPrem&#xA;  Expected: True&#xA;  But was:  False&#xA;">at Microsoft.SqlTools.ServiceLayer.Test.Common.TestConnectionProfileService.GetInstance(String key) in /Users/aasimkhan/src/sqltoolsservice/test/Microsoft.SqlTools.ServiceLayer.Test.Common/TestConnectionProfileService.cs:line 59
   at Microsoft.SqlTools.ServiceLayer.Test.Common.TestConnectionProfileService.GetConnectionParameters(String key, String databaseName) in /Users/aasimkhan/src/sqltoolsservice/test/Microsoft.SqlTools.ServiceLayer.Test.Common/TestConnectionProfileService.cs:line 65
   at Microsoft.SqlTools.ServiceLayer.Test.Common.TestConnectionProfileService.GetConnectionParameters(TestServerType serverType, String databaseName) in /Users/aasimkhan/src/sqltoolsservice/test/Microsoft.SqlTools.ServiceLayer.Test.Common/TestConnectionProfileService.cs:line 75
   at Microsoft.SqlTools.ServiceLayer.IntegrationTests.Utility.LiveConnectionHelper.InitLiveConnectionInfoAsync(String databaseName, String ownerUri, String connectionType, TestServerType serverType) in /Users/aasimkhan/src/sqltoolsservice/test/Microsoft.SqlTools.ServiceLayer.IntegrationTests/Utility/LiveConnectionHelper.cs:line 68
   at Microsoft.SqlTools.ServiceLayer.IntegrationTests.Utility.LiveConnectionHelper.InitLiveConnectionInfo(String databaseName, String ownerUri) in /Users/aasimkhan/src/sqltoolsservice/test/Microsoft.SqlTools.ServiceLayer.IntegrationTests/Utility/LiveConnectionHelper.cs:line 52
   at Microsoft.SqlTools.ServiceLayer.IntegrationTests.QueryExecution.DataTypeTests.ExecuteAndVerifyResult(String queryText, String expectedValue) in /Users/aasimkhan/src/sqltoolsservice/test/Microsoft.SqlTools.ServiceLayer.IntegrationTests/QueryExecution/DataTypeTests.cs:line 218
   at Microsoft.SqlTools.ServiceLayer.IntegrationTests.QueryExecution.DataTypeTests.HierarchyIdTypeTest() in /Users/aasimkhan/src/sqltoolsservice/test/Microsoft.SqlTools.ServiceLayer.IntegrationTests/QueryExecution/DataTypeTests.cs:line 212
   at NUnit.Framework.Internal.TaskAwaitAdapter.GenericAdapter`1.GetResult()
   at NUnit.Framework.Internal.AsyncToSyncAdapter.Await(Func`1 invoke)
   at NUnit.Framework.Internal.Commands.TestMethodCommand.RunTestMethod(TestExecutionContext context)
   at NUnit.Framework.Internal.Commands.TestMethodCommand.Execute(TestExecutionContext context)
   at NUnit.Framework.Internal.Execution.SimpleWorkItem.&lt;&gt;c__DisplayClass4_0.&lt;PerformWork&gt;b__0()
   at NUnit.Framework.Internal.ContextUtils.&lt;&gt;c__DisplayClass1_0`1.&lt;DoIsolated&gt;b__0(Object _)

1)    at Microsoft.SqlTools.ServiceLayer.Test.Common.TestConnectionProfileService.GetInstance(String key) in /Users/aasimkhan/src/sqltoolsservice/test/Microsoft.SqlTools.ServiceLayer.Test.Common/TestConnectionProfileService.cs:line 59
   at Microsoft.SqlTools.ServiceLayer.Test.Common.TestConnectionProfileService.GetConnectionParameters(String key, String databaseName) in /Users/aasimkhan/src/sqltoolsservice/test/Microsoft.SqlTools.ServiceLayer.Test.Common/TestConnectionProfileService.cs:line 65
   at Microsoft.SqlTools.ServiceLayer.Test.Common.TestConnectionProfileService.GetConnectionParameters(TestServerType serverType, String databaseName) in /Users/aasimkhan/src/sqltoolsservice/test/Microsoft.SqlTools.ServiceLayer.Test.Common/TestConnectionProfileService.cs:line 75
   at Microsoft.SqlTools.ServiceLayer.IntegrationTests.Utility.LiveConnectionHelper.InitLiveConnectionInfoAsync(String databaseName, String ownerUri, String connectionType, TestServerType serverType) in /Users/aasimkhan/src/sqltoolsservice/test/Microsoft.SqlTools.ServiceLayer.IntegrationTests/Utility/LiveConnectionHelper.cs:line 68
   at System.Runtime.CompilerServices.AsyncMethodBuilderCore.Start[TStateMachine](TStateMachine&amp; stateMachine)
   at Microsoft.SqlTools.ServiceLayer.IntegrationTests.Utility.LiveConnectionHelper.InitLiveConnectionInfoAsync(String databaseName, String ownerUri, String connectionType, TestServerType serverType)
   at Microsoft.SqlTools.ServiceLayer.IntegrationTests.Utility.LiveConnectionHelper.InitLiveConnectionInfo(String databaseName, String ownerUri) in /Users/aasimkhan/src/sqltoolsservice/test/Microsoft.SqlTools.ServiceLayer.IntegrationTests/Utility/LiveConnectionHelper.cs:line 52
   at Microsoft.SqlTools.ServiceLayer.IntegrationTests.QueryExecution.DataTypeTests.ExecuteAndVerifyResult(String queryText, String expectedValue) in /Users/aasimkhan/src/sqltoolsservice/test/Microsoft.SqlTools.ServiceLayer.IntegrationTests/QueryExecution/DataTypeTests.cs:line 218
   at System.Runtime.CompilerServices.AsyncMethodBuilderCore.Start[TStateMachine](TStateMachine&amp; stateMachine)
   at Microsoft.SqlTools.ServiceLayer.IntegrationTests.QueryExecution.DataTypeTests.ExecuteAndVerifyResult(String queryText, String expectedValue)
   at Microsoft.SqlTools.ServiceLayer.IntegrationTests.QueryExecution.DataTypeTests.HierarchyIdTypeTest() in /Users/aasimkhan/src/sqltoolsservice/test/Microsoft.SqlTools.ServiceLayer.IntegrationTests/QueryExecution/DataTypeTests.cs:line 212
   at System.Runtime.CompilerServices.AsyncMethodBuilderCore.Start[TStateMachine](TStateMachine&amp; stateMachine)
   at Microsoft.SqlTools.ServiceLayer.IntegrationTests.QueryExecution.DataTypeTests.HierarchyIdTypeTest()</failure>
    </testcase>
    <testcase classname="Microsoft.SqlTools.ServiceLayer.IntegrationTests.QueryExecution.DataTypeTests" name="ImageTest" time="0.0009280">
      <failure type="failure" message="  Cannot find any instance for version key: sqlOnPrem&#xA;  Expected: True&#xA;  But was:  False&#xA;">at Microsoft.SqlTools.ServiceLayer.Test.Common.TestConnectionProfileService.GetInstance(String key) in /Users/aasimkhan/src/sqltoolsservice/test/Microsoft.SqlTools.ServiceLayer.Test.Common/TestConnectionProfileService.cs:line 59
   at Microsoft.SqlTools.ServiceLayer.Test.Common.TestConnectionProfileService.GetConnectionParameters(String key, String databaseName) in /Users/aasimkhan/src/sqltoolsservice/test/Microsoft.SqlTools.ServiceLayer.Test.Common/TestConnectionProfileService.cs:line 65
   at Microsoft.SqlTools.ServiceLayer.Test.Common.TestConnectionProfileService.GetConnectionParameters(TestServerType serverType, String databaseName) in /Users/aasimkhan/src/sqltoolsservice/test/Microsoft.SqlTools.ServiceLayer.Test.Common/TestConnectionProfileService.cs:line 75
   at Microsoft.SqlTools.ServiceLayer.IntegrationTests.Utility.LiveConnectionHelper.InitLiveConnectionInfoAsync(String databaseName, String ownerUri, String connectionType, TestServerType serverType) in /Users/aasimkhan/src/sqltoolsservice/test/Microsoft.SqlTools.ServiceLayer.IntegrationTests/Utility/LiveConnectionHelper.cs:line 68
   at Microsoft.SqlTools.ServiceLayer.IntegrationTests.Utility.LiveConnectionHelper.InitLiveConnectionInfo(String databaseName, String ownerUri) in /Users/aasimkhan/src/sqltoolsservice/test/Microsoft.SqlTools.ServiceLayer.IntegrationTests/Utility/LiveConnectionHelper.cs:line 52
   at Microsoft.SqlTools.ServiceLayer.IntegrationTests.QueryExecution.DataTypeTests.ExecuteAndVerifyResult(String queryText, String expectedValue) in /Users/aasimkhan/src/sqltoolsservice/test/Microsoft.SqlTools.ServiceLayer.IntegrationTests/QueryExecution/DataTypeTests.cs:line 218
   at Microsoft.SqlTools.ServiceLayer.IntegrationTests.QueryExecution.DataTypeTests.ImageTest() in /Users/aasimkhan/src/sqltoolsservice/test/Microsoft.SqlTools.ServiceLayer.IntegrationTests/QueryExecution/DataTypeTests.cs:line 92
   at NUnit.Framework.Internal.TaskAwaitAdapter.GenericAdapter`1.GetResult()
   at NUnit.Framework.Internal.AsyncToSyncAdapter.Await(Func`1 invoke)
   at NUnit.Framework.Internal.Commands.TestMethodCommand.RunTestMethod(TestExecutionContext context)
   at NUnit.Framework.Internal.Commands.TestMethodCommand.Execute(TestExecutionContext context)
   at NUnit.Framework.Internal.Execution.SimpleWorkItem.&lt;&gt;c__DisplayClass4_0.&lt;PerformWork&gt;b__0()
   at NUnit.Framework.Internal.ContextUtils.&lt;&gt;c__DisplayClass1_0`1.&lt;DoIsolated&gt;b__0(Object _)

1)    at Microsoft.SqlTools.ServiceLayer.Test.Common.TestConnectionProfileService.GetInstance(String key) in /Users/aasimkhan/src/sqltoolsservice/test/Microsoft.SqlTools.ServiceLayer.Test.Common/TestConnectionProfileService.cs:line 59
   at Microsoft.SqlTools.ServiceLayer.Test.Common.TestConnectionProfileService.GetConnectionParameters(String key, String databaseName) in /Users/aasimkhan/src/sqltoolsservice/test/Microsoft.SqlTools.ServiceLayer.Test.Common/TestConnectionProfileService.cs:line 65
   at Microsoft.SqlTools.ServiceLayer.Test.Common.TestConnectionProfileService.GetConnectionParameters(TestServerType serverType, String databaseName) in /Users/aasimkhan/src/sqltoolsservice/test/Microsoft.SqlTools.ServiceLayer.Test.Common/TestConnectionProfileService.cs:line 75
   at Microsoft.SqlTools.ServiceLayer.IntegrationTests.Utility.LiveConnectionHelper.InitLiveConnectionInfoAsync(String databaseName, String ownerUri, String connectionType, TestServerType serverType) in /Users/aasimkhan/src/sqltoolsservice/test/Microsoft.SqlTools.ServiceLayer.IntegrationTests/Utility/LiveConnectionHelper.cs:line 68
   at System.Runtime.CompilerServices.AsyncMethodBuilderCore.Start[TStateMachine](TStateMachine&amp; stateMachine)
   at Microsoft.SqlTools.ServiceLayer.IntegrationTests.Utility.LiveConnectionHelper.InitLiveConnectionInfoAsync(String databaseName, String ownerUri, String connectionType, TestServerType serverType)
   at Microsoft.SqlTools.ServiceLayer.IntegrationTests.Utility.LiveConnectionHelper.InitLiveConnectionInfo(String databaseName, String ownerUri) in /Users/aasimkhan/src/sqltoolsservice/test/Microsoft.SqlTools.ServiceLayer.IntegrationTests/Utility/LiveConnectionHelper.cs:line 52
   at Microsoft.SqlTools.ServiceLayer.IntegrationTests.QueryExecution.DataTypeTests.ExecuteAndVerifyResult(String queryText, String expectedValue) in /Users/aasimkhan/src/sqltoolsservice/test/Microsoft.SqlTools.ServiceLayer.IntegrationTests/QueryExecution/DataTypeTests.cs:line 218
   at System.Runtime.CompilerServices.AsyncMethodBuilderCore.Start[TStateMachine](TStateMachine&amp; stateMachine)
   at Microsoft.SqlTools.ServiceLayer.IntegrationTests.QueryExecution.DataTypeTests.ExecuteAndVerifyResult(String queryText, String expectedValue)
   at Microsoft.SqlTools.ServiceLayer.IntegrationTests.QueryExecution.DataTypeTests.ImageTest() in /Users/aasimkhan/src/sqltoolsservice/test/Microsoft.SqlTools.ServiceLayer.IntegrationTests/QueryExecution/DataTypeTests.cs:line 92
   at System.Runtime.CompilerServices.AsyncMethodBuilderCore.Start[TStateMachine](TStateMachine&amp; stateMachine)
   at Microsoft.SqlTools.ServiceLayer.IntegrationTests.QueryExecution.DataTypeTests.ImageTest()</failure>
    </testcase>
    <testcase classname="Microsoft.SqlTools.ServiceLayer.IntegrationTests.QueryExecution.DataTypeTests" name="IntTest" time="0.0009770">
      <failure type="failure" message="  Cannot find any instance for version key: sqlOnPrem&#xA;  Expected: True&#xA;  But was:  False&#xA;">at Microsoft.SqlTools.ServiceLayer.Test.Common.TestConnectionProfileService.GetInstance(String key) in /Users/aasimkhan/src/sqltoolsservice/test/Microsoft.SqlTools.ServiceLayer.Test.Common/TestConnectionProfileService.cs:line 59
   at Microsoft.SqlTools.ServiceLayer.Test.Common.TestConnectionProfileService.GetConnectionParameters(String key, String databaseName) in /Users/aasimkhan/src/sqltoolsservice/test/Microsoft.SqlTools.ServiceLayer.Test.Common/TestConnectionProfileService.cs:line 65
   at Microsoft.SqlTools.ServiceLayer.Test.Common.TestConnectionProfileService.GetConnectionParameters(TestServerType serverType, String databaseName) in /Users/aasimkhan/src/sqltoolsservice/test/Microsoft.SqlTools.ServiceLayer.Test.Common/TestConnectionProfileService.cs:line 75
   at Microsoft.SqlTools.ServiceLayer.IntegrationTests.Utility.LiveConnectionHelper.InitLiveConnectionInfoAsync(String databaseName, String ownerUri, String connectionType, TestServerType serverType) in /Users/aasimkhan/src/sqltoolsservice/test/Microsoft.SqlTools.ServiceLayer.IntegrationTests/Utility/LiveConnectionHelper.cs:line 68
   at Microsoft.SqlTools.ServiceLayer.IntegrationTests.Utility.LiveConnectionHelper.InitLiveConnectionInfo(String databaseName, String ownerUri) in /Users/aasimkhan/src/sqltoolsservice/test/Microsoft.SqlTools.ServiceLayer.IntegrationTests/Utility/LiveConnectionHelper.cs:line 52
   at Microsoft.SqlTools.ServiceLayer.IntegrationTests.QueryExecution.DataTypeTests.ExecuteAndVerifyResult(String queryText, String expectedValue) in /Users/aasimkhan/src/sqltoolsservice/test/Microsoft.SqlTools.ServiceLayer.IntegrationTests/QueryExecution/DataTypeTests.cs:line 218
   at Microsoft.SqlTools.ServiceLayer.IntegrationTests.QueryExecution.DataTypeTests.IntTest() in /Users/aasimkhan/src/sqltoolsservice/test/Microsoft.SqlTools.ServiceLayer.IntegrationTests/QueryExecution/DataTypeTests.cs:line 98
   at NUnit.Framework.Internal.TaskAwaitAdapter.GenericAdapter`1.GetResult()
   at NUnit.Framework.Internal.AsyncToSyncAdapter.Await(Func`1 invoke)
   at NUnit.Framework.Internal.Commands.TestMethodCommand.RunTestMethod(TestExecutionContext context)
   at NUnit.Framework.Internal.Commands.TestMethodCommand.Execute(TestExecutionContext context)
   at NUnit.Framework.Internal.Execution.SimpleWorkItem.&lt;&gt;c__DisplayClass4_0.&lt;PerformWork&gt;b__0()
   at NUnit.Framework.Internal.ContextUtils.&lt;&gt;c__DisplayClass1_0`1.&lt;DoIsolated&gt;b__0(Object _)

1)    at Microsoft.SqlTools.ServiceLayer.Test.Common.TestConnectionProfileService.GetInstance(String key) in /Users/aasimkhan/src/sqltoolsservice/test/Microsoft.SqlTools.ServiceLayer.Test.Common/TestConnectionProfileService.cs:line 59
   at Microsoft.SqlTools.ServiceLayer.Test.Common.TestConnectionProfileService.GetConnectionParameters(String key, String databaseName) in /Users/aasimkhan/src/sqltoolsservice/test/Microsoft.SqlTools.ServiceLayer.Test.Common/TestConnectionProfileService.cs:line 65
   at Microsoft.SqlTools.ServiceLayer.Test.Common.TestConnectionProfileService.GetConnectionParameters(TestServerType serverType, String databaseName) in /Users/aasimkhan/src/sqltoolsservice/test/Microsoft.SqlTools.ServiceLayer.Test.Common/TestConnectionProfileService.cs:line 75
   at Microsoft.SqlTools.ServiceLayer.IntegrationTests.Utility.LiveConnectionHelper.InitLiveConnectionInfoAsync(String databaseName, String ownerUri, String connectionType, TestServerType serverType) in /Users/aasimkhan/src/sqltoolsservice/test/Microsoft.SqlTools.ServiceLayer.IntegrationTests/Utility/LiveConnectionHelper.cs:line 68
   at System.Runtime.CompilerServices.AsyncMethodBuilderCore.Start[TStateMachine](TStateMachine&amp; stateMachine)
   at Microsoft.SqlTools.ServiceLayer.IntegrationTests.Utility.LiveConnectionHelper.InitLiveConnectionInfoAsync(String databaseName, String ownerUri, String connectionType, TestServerType serverType)
   at Microsoft.SqlTools.ServiceLayer.IntegrationTests.Utility.LiveConnectionHelper.InitLiveConnectionInfo(String databaseName, String ownerUri) in /Users/aasimkhan/src/sqltoolsservice/test/Microsoft.SqlTools.ServiceLayer.IntegrationTests/Utility/LiveConnectionHelper.cs:line 52
   at Microsoft.SqlTools.ServiceLayer.IntegrationTests.QueryExecution.DataTypeTests.ExecuteAndVerifyResult(String queryText, String expectedValue) in /Users/aasimkhan/src/sqltoolsservice/test/Microsoft.SqlTools.ServiceLayer.IntegrationTests/QueryExecution/DataTypeTests.cs:line 218
   at System.Runtime.CompilerServices.AsyncMethodBuilderCore.Start[TStateMachine](TStateMachine&amp; stateMachine)
   at Microsoft.SqlTools.ServiceLayer.IntegrationTests.QueryExecution.DataTypeTests.ExecuteAndVerifyResult(String queryText, String expectedValue)
   at Microsoft.SqlTools.ServiceLayer.IntegrationTests.QueryExecution.DataTypeTests.IntTest() in /Users/aasimkhan/src/sqltoolsservice/test/Microsoft.SqlTools.ServiceLayer.IntegrationTests/QueryExecution/DataTypeTests.cs:line 98
   at System.Runtime.CompilerServices.AsyncMethodBuilderCore.Start[TStateMachine](TStateMachine&amp; stateMachine)
   at Microsoft.SqlTools.ServiceLayer.IntegrationTests.QueryExecution.DataTypeTests.IntTest()</failure>
    </testcase>
    <testcase classname="Microsoft.SqlTools.ServiceLayer.IntegrationTests.QueryExecution.DataTypeTests" name="MoneyTest" time="0.0009950">
      <failure type="failure" message="  Cannot find any instance for version key: sqlOnPrem&#xA;  Expected: True&#xA;  But was:  False&#xA;">at Microsoft.SqlTools.ServiceLayer.Test.Common.TestConnectionProfileService.GetInstance(String key) in /Users/aasimkhan/src/sqltoolsservice/test/Microsoft.SqlTools.ServiceLayer.Test.Common/TestConnectionProfileService.cs:line 59
   at Microsoft.SqlTools.ServiceLayer.Test.Common.TestConnectionProfileService.GetConnectionParameters(String key, String databaseName) in /Users/aasimkhan/src/sqltoolsservice/test/Microsoft.SqlTools.ServiceLayer.Test.Common/TestConnectionProfileService.cs:line 65
   at Microsoft.SqlTools.ServiceLayer.Test.Common.TestConnectionProfileService.GetConnectionParameters(TestServerType serverType, String databaseName) in /Users/aasimkhan/src/sqltoolsservice/test/Microsoft.SqlTools.ServiceLayer.Test.Common/TestConnectionProfileService.cs:line 75
   at Microsoft.SqlTools.ServiceLayer.IntegrationTests.Utility.LiveConnectionHelper.InitLiveConnectionInfoAsync(String databaseName, String ownerUri, String connectionType, TestServerType serverType) in /Users/aasimkhan/src/sqltoolsservice/test/Microsoft.SqlTools.ServiceLayer.IntegrationTests/Utility/LiveConnectionHelper.cs:line 68
   at Microsoft.SqlTools.ServiceLayer.IntegrationTests.Utility.LiveConnectionHelper.InitLiveConnectionInfo(String databaseName, String ownerUri) in /Users/aasimkhan/src/sqltoolsservice/test/Microsoft.SqlTools.ServiceLayer.IntegrationTests/Utility/LiveConnectionHelper.cs:line 52
   at Microsoft.SqlTools.ServiceLayer.IntegrationTests.QueryExecution.DataTypeTests.ExecuteAndVerifyResult(String queryText, String expectedValue) in /Users/aasimkhan/src/sqltoolsservice/test/Microsoft.SqlTools.ServiceLayer.IntegrationTests/QueryExecution/DataTypeTests.cs:line 218
   at Microsoft.SqlTools.ServiceLayer.IntegrationTests.QueryExecution.DataTypeTests.MoneyTest() in /Users/aasimkhan/src/sqltoolsservice/test/Microsoft.SqlTools.ServiceLayer.IntegrationTests/QueryExecution/DataTypeTests.cs:line 104
   at NUnit.Framework.Internal.TaskAwaitAdapter.GenericAdapter`1.GetResult()
   at NUnit.Framework.Internal.AsyncToSyncAdapter.Await(Func`1 invoke)
   at NUnit.Framework.Internal.Commands.TestMethodCommand.RunTestMethod(TestExecutionContext context)
   at NUnit.Framework.Internal.Commands.TestMethodCommand.Execute(TestExecutionContext context)
   at NUnit.Framework.Internal.Execution.SimpleWorkItem.&lt;&gt;c__DisplayClass4_0.&lt;PerformWork&gt;b__0()
   at NUnit.Framework.Internal.ContextUtils.&lt;&gt;c__DisplayClass1_0`1.&lt;DoIsolated&gt;b__0(Object _)

1)    at Microsoft.SqlTools.ServiceLayer.Test.Common.TestConnectionProfileService.GetInstance(String key) in /Users/aasimkhan/src/sqltoolsservice/test/Microsoft.SqlTools.ServiceLayer.Test.Common/TestConnectionProfileService.cs:line 59
   at Microsoft.SqlTools.ServiceLayer.Test.Common.TestConnectionProfileService.GetConnectionParameters(String key, String databaseName) in /Users/aasimkhan/src/sqltoolsservice/test/Microsoft.SqlTools.ServiceLayer.Test.Common/TestConnectionProfileService.cs:line 65
   at Microsoft.SqlTools.ServiceLayer.Test.Common.TestConnectionProfileService.GetConnectionParameters(TestServerType serverType, String databaseName) in /Users/aasimkhan/src/sqltoolsservice/test/Microsoft.SqlTools.ServiceLayer.Test.Common/TestConnectionProfileService.cs:line 75
   at Microsoft.SqlTools.ServiceLayer.IntegrationTests.Utility.LiveConnectionHelper.InitLiveConnectionInfoAsync(String databaseName, String ownerUri, String connectionType, TestServerType serverType) in /Users/aasimkhan/src/sqltoolsservice/test/Microsoft.SqlTools.ServiceLayer.IntegrationTests/Utility/LiveConnectionHelper.cs:line 68
   at System.Runtime.CompilerServices.AsyncMethodBuilderCore.Start[TStateMachine](TStateMachine&amp; stateMachine)
   at Microsoft.SqlTools.ServiceLayer.IntegrationTests.Utility.LiveConnectionHelper.InitLiveConnectionInfoAsync(String databaseName, String ownerUri, String connectionType, TestServerType serverType)
   at Microsoft.SqlTools.ServiceLayer.IntegrationTests.Utility.LiveConnectionHelper.InitLiveConnectionInfo(String databaseName, String ownerUri) in /Users/aasimkhan/src/sqltoolsservice/test/Microsoft.SqlTools.ServiceLayer.IntegrationTests/Utility/LiveConnectionHelper.cs:line 52
   at Microsoft.SqlTools.ServiceLayer.IntegrationTests.QueryExecution.DataTypeTests.ExecuteAndVerifyResult(String queryText, String expectedValue) in /Users/aasimkhan/src/sqltoolsservice/test/Microsoft.SqlTools.ServiceLayer.IntegrationTests/QueryExecution/DataTypeTests.cs:line 218
   at System.Runtime.CompilerServices.AsyncMethodBuilderCore.Start[TStateMachine](TStateMachine&amp; stateMachine)
   at Microsoft.SqlTools.ServiceLayer.IntegrationTests.QueryExecution.DataTypeTests.ExecuteAndVerifyResult(String queryText, String expectedValue)
   at Microsoft.SqlTools.ServiceLayer.IntegrationTests.QueryExecution.DataTypeTests.MoneyTest() in /Users/aasimkhan/src/sqltoolsservice/test/Microsoft.SqlTools.ServiceLayer.IntegrationTests/QueryExecution/DataTypeTests.cs:line 104
   at System.Runtime.CompilerServices.AsyncMethodBuilderCore.Start[TStateMachine](TStateMachine&amp; stateMachine)
   at Microsoft.SqlTools.ServiceLayer.IntegrationTests.QueryExecution.DataTypeTests.MoneyTest()</failure>
    </testcase>
    <testcase classname="Microsoft.SqlTools.ServiceLayer.IntegrationTests.QueryExecution.DataTypeTests" name="NCharTest" time="0.0012030">
      <failure type="failure" message="  Cannot find any instance for version key: sqlOnPrem&#xA;  Expected: True&#xA;  But was:  False&#xA;">at Microsoft.SqlTools.ServiceLayer.Test.Common.TestConnectionProfileService.GetInstance(String key) in /Users/aasimkhan/src/sqltoolsservice/test/Microsoft.SqlTools.ServiceLayer.Test.Common/TestConnectionProfileService.cs:line 59
   at Microsoft.SqlTools.ServiceLayer.Test.Common.TestConnectionProfileService.GetConnectionParameters(String key, String databaseName) in /Users/aasimkhan/src/sqltoolsservice/test/Microsoft.SqlTools.ServiceLayer.Test.Common/TestConnectionProfileService.cs:line 65
   at Microsoft.SqlTools.ServiceLayer.Test.Common.TestConnectionProfileService.GetConnectionParameters(TestServerType serverType, String databaseName) in /Users/aasimkhan/src/sqltoolsservice/test/Microsoft.SqlTools.ServiceLayer.Test.Common/TestConnectionProfileService.cs:line 75
   at Microsoft.SqlTools.ServiceLayer.IntegrationTests.Utility.LiveConnectionHelper.InitLiveConnectionInfoAsync(String databaseName, String ownerUri, String connectionType, TestServerType serverType) in /Users/aasimkhan/src/sqltoolsservice/test/Microsoft.SqlTools.ServiceLayer.IntegrationTests/Utility/LiveConnectionHelper.cs:line 68
   at Microsoft.SqlTools.ServiceLayer.IntegrationTests.Utility.LiveConnectionHelper.InitLiveConnectionInfo(String databaseName, String ownerUri) in /Users/aasimkhan/src/sqltoolsservice/test/Microsoft.SqlTools.ServiceLayer.IntegrationTests/Utility/LiveConnectionHelper.cs:line 52
   at Microsoft.SqlTools.ServiceLayer.IntegrationTests.QueryExecution.DataTypeTests.ExecuteAndVerifyResult(String queryText, String expectedValue) in /Users/aasimkhan/src/sqltoolsservice/test/Microsoft.SqlTools.ServiceLayer.IntegrationTests/QueryExecution/DataTypeTests.cs:line 218
   at Microsoft.SqlTools.ServiceLayer.IntegrationTests.QueryExecution.DataTypeTests.NCharTest() in /Users/aasimkhan/src/sqltoolsservice/test/Microsoft.SqlTools.ServiceLayer.IntegrationTests/QueryExecution/DataTypeTests.cs:line 110
   at NUnit.Framework.Internal.TaskAwaitAdapter.GenericAdapter`1.GetResult()
   at NUnit.Framework.Internal.AsyncToSyncAdapter.Await(Func`1 invoke)
   at NUnit.Framework.Internal.Commands.TestMethodCommand.RunTestMethod(TestExecutionContext context)
   at NUnit.Framework.Internal.Commands.TestMethodCommand.Execute(TestExecutionContext context)
   at NUnit.Framework.Internal.Execution.SimpleWorkItem.&lt;&gt;c__DisplayClass4_0.&lt;PerformWork&gt;b__0()
   at NUnit.Framework.Internal.ContextUtils.&lt;&gt;c__DisplayClass1_0`1.&lt;DoIsolated&gt;b__0(Object _)

1)    at Microsoft.SqlTools.ServiceLayer.Test.Common.TestConnectionProfileService.GetInstance(String key) in /Users/aasimkhan/src/sqltoolsservice/test/Microsoft.SqlTools.ServiceLayer.Test.Common/TestConnectionProfileService.cs:line 59
   at Microsoft.SqlTools.ServiceLayer.Test.Common.TestConnectionProfileService.GetConnectionParameters(String key, String databaseName) in /Users/aasimkhan/src/sqltoolsservice/test/Microsoft.SqlTools.ServiceLayer.Test.Common/TestConnectionProfileService.cs:line 65
   at Microsoft.SqlTools.ServiceLayer.Test.Common.TestConnectionProfileService.GetConnectionParameters(TestServerType serverType, String databaseName) in /Users/aasimkhan/src/sqltoolsservice/test/Microsoft.SqlTools.ServiceLayer.Test.Common/TestConnectionProfileService.cs:line 75
   at Microsoft.SqlTools.ServiceLayer.IntegrationTests.Utility.LiveConnectionHelper.InitLiveConnectionInfoAsync(String databaseName, String ownerUri, String connectionType, TestServerType serverType) in /Users/aasimkhan/src/sqltoolsservice/test/Microsoft.SqlTools.ServiceLayer.IntegrationTests/Utility/LiveConnectionHelper.cs:line 68
   at System.Runtime.CompilerServices.AsyncMethodBuilderCore.Start[TStateMachine](TStateMachine&amp; stateMachine)
   at Microsoft.SqlTools.ServiceLayer.IntegrationTests.Utility.LiveConnectionHelper.InitLiveConnectionInfoAsync(String databaseName, String ownerUri, String connectionType, TestServerType serverType)
   at Microsoft.SqlTools.ServiceLayer.IntegrationTests.Utility.LiveConnectionHelper.InitLiveConnectionInfo(String databaseName, String ownerUri) in /Users/aasimkhan/src/sqltoolsservice/test/Microsoft.SqlTools.ServiceLayer.IntegrationTests/Utility/LiveConnectionHelper.cs:line 52
   at Microsoft.SqlTools.ServiceLayer.IntegrationTests.QueryExecution.DataTypeTests.ExecuteAndVerifyResult(String queryText, String expectedValue) in /Users/aasimkhan/src/sqltoolsservice/test/Microsoft.SqlTools.ServiceLayer.IntegrationTests/QueryExecution/DataTypeTests.cs:line 218
   at System.Runtime.CompilerServices.AsyncMethodBuilderCore.Start[TStateMachine](TStateMachine&amp; stateMachine)
   at Microsoft.SqlTools.ServiceLayer.IntegrationTests.QueryExecution.DataTypeTests.ExecuteAndVerifyResult(String queryText, String expectedValue)
   at Microsoft.SqlTools.ServiceLayer.IntegrationTests.QueryExecution.DataTypeTests.NCharTest() in /Users/aasimkhan/src/sqltoolsservice/test/Microsoft.SqlTools.ServiceLayer.IntegrationTests/QueryExecution/DataTypeTests.cs:line 110
   at System.Runtime.CompilerServices.AsyncMethodBuilderCore.Start[TStateMachine](TStateMachine&amp; stateMachine)
   at Microsoft.SqlTools.ServiceLayer.IntegrationTests.QueryExecution.DataTypeTests.NCharTest()</failure>
    </testcase>
    <testcase classname="Microsoft.SqlTools.ServiceLayer.IntegrationTests.QueryExecution.DataTypeTests" name="NTextTest" time="0.0011420">
      <failure type="failure" message="  Cannot find any instance for version key: sqlOnPrem&#xA;  Expected: True&#xA;  But was:  False&#xA;">at Microsoft.SqlTools.ServiceLayer.Test.Common.TestConnectionProfileService.GetInstance(String key) in /Users/aasimkhan/src/sqltoolsservice/test/Microsoft.SqlTools.ServiceLayer.Test.Common/TestConnectionProfileService.cs:line 59
   at Microsoft.SqlTools.ServiceLayer.Test.Common.TestConnectionProfileService.GetConnectionParameters(String key, String databaseName) in /Users/aasimkhan/src/sqltoolsservice/test/Microsoft.SqlTools.ServiceLayer.Test.Common/TestConnectionProfileService.cs:line 65
   at Microsoft.SqlTools.ServiceLayer.Test.Common.TestConnectionProfileService.GetConnectionParameters(TestServerType serverType, String databaseName) in /Users/aasimkhan/src/sqltoolsservice/test/Microsoft.SqlTools.ServiceLayer.Test.Common/TestConnectionProfileService.cs:line 75
   at Microsoft.SqlTools.ServiceLayer.IntegrationTests.Utility.LiveConnectionHelper.InitLiveConnectionInfoAsync(String databaseName, String ownerUri, String connectionType, TestServerType serverType) in /Users/aasimkhan/src/sqltoolsservice/test/Microsoft.SqlTools.ServiceLayer.IntegrationTests/Utility/LiveConnectionHelper.cs:line 68
   at Microsoft.SqlTools.ServiceLayer.IntegrationTests.Utility.LiveConnectionHelper.InitLiveConnectionInfo(String databaseName, String ownerUri) in /Users/aasimkhan/src/sqltoolsservice/test/Microsoft.SqlTools.ServiceLayer.IntegrationTests/Utility/LiveConnectionHelper.cs:line 52
   at Microsoft.SqlTools.ServiceLayer.IntegrationTests.QueryExecution.DataTypeTests.ExecuteAndVerifyResult(String queryText, String expectedValue) in /Users/aasimkhan/src/sqltoolsservice/test/Microsoft.SqlTools.ServiceLayer.IntegrationTests/QueryExecution/DataTypeTests.cs:line 218
   at Microsoft.SqlTools.ServiceLayer.IntegrationTests.QueryExecution.DataTypeTests.NTextTest() in /Users/aasimkhan/src/sqltoolsservice/test/Microsoft.SqlTools.ServiceLayer.IntegrationTests/QueryExecution/DataTypeTests.cs:line 116
   at NUnit.Framework.Internal.TaskAwaitAdapter.GenericAdapter`1.GetResult()
   at NUnit.Framework.Internal.AsyncToSyncAdapter.Await(Func`1 invoke)
   at NUnit.Framework.Internal.Commands.TestMethodCommand.RunTestMethod(TestExecutionContext context)
   at NUnit.Framework.Internal.Commands.TestMethodCommand.Execute(TestExecutionContext context)
   at NUnit.Framework.Internal.Execution.SimpleWorkItem.&lt;&gt;c__DisplayClass4_0.&lt;PerformWork&gt;b__0()
   at NUnit.Framework.Internal.ContextUtils.&lt;&gt;c__DisplayClass1_0`1.&lt;DoIsolated&gt;b__0(Object _)

1)    at Microsoft.SqlTools.ServiceLayer.Test.Common.TestConnectionProfileService.GetInstance(String key) in /Users/aasimkhan/src/sqltoolsservice/test/Microsoft.SqlTools.ServiceLayer.Test.Common/TestConnectionProfileService.cs:line 59
   at Microsoft.SqlTools.ServiceLayer.Test.Common.TestConnectionProfileService.GetConnectionParameters(String key, String databaseName) in /Users/aasimkhan/src/sqltoolsservice/test/Microsoft.SqlTools.ServiceLayer.Test.Common/TestConnectionProfileService.cs:line 65
   at Microsoft.SqlTools.ServiceLayer.Test.Common.TestConnectionProfileService.GetConnectionParameters(TestServerType serverType, String databaseName) in /Users/aasimkhan/src/sqltoolsservice/test/Microsoft.SqlTools.ServiceLayer.Test.Common/TestConnectionProfileService.cs:line 75
   at Microsoft.SqlTools.ServiceLayer.IntegrationTests.Utility.LiveConnectionHelper.InitLiveConnectionInfoAsync(String databaseName, String ownerUri, String connectionType, TestServerType serverType) in /Users/aasimkhan/src/sqltoolsservice/test/Microsoft.SqlTools.ServiceLayer.IntegrationTests/Utility/LiveConnectionHelper.cs:line 68
   at System.Runtime.CompilerServices.AsyncMethodBuilderCore.Start[TStateMachine](TStateMachine&amp; stateMachine)
   at Microsoft.SqlTools.ServiceLayer.IntegrationTests.Utility.LiveConnectionHelper.InitLiveConnectionInfoAsync(String databaseName, String ownerUri, String connectionType, TestServerType serverType)
   at Microsoft.SqlTools.ServiceLayer.IntegrationTests.Utility.LiveConnectionHelper.InitLiveConnectionInfo(String databaseName, String ownerUri) in /Users/aasimkhan/src/sqltoolsservice/test/Microsoft.SqlTools.ServiceLayer.IntegrationTests/Utility/LiveConnectionHelper.cs:line 52
   at Microsoft.SqlTools.ServiceLayer.IntegrationTests.QueryExecution.DataTypeTests.ExecuteAndVerifyResult(String queryText, String expectedValue) in /Users/aasimkhan/src/sqltoolsservice/test/Microsoft.SqlTools.ServiceLayer.IntegrationTests/QueryExecution/DataTypeTests.cs:line 218
   at System.Runtime.CompilerServices.AsyncMethodBuilderCore.Start[TStateMachine](TStateMachine&amp; stateMachine)
   at Microsoft.SqlTools.ServiceLayer.IntegrationTests.QueryExecution.DataTypeTests.ExecuteAndVerifyResult(String queryText, String expectedValue)
   at Microsoft.SqlTools.ServiceLayer.IntegrationTests.QueryExecution.DataTypeTests.NTextTest() in /Users/aasimkhan/src/sqltoolsservice/test/Microsoft.SqlTools.ServiceLayer.IntegrationTests/QueryExecution/DataTypeTests.cs:line 116
   at System.Runtime.CompilerServices.AsyncMethodBuilderCore.Start[TStateMachine](TStateMachine&amp; stateMachine)
   at Microsoft.SqlTools.ServiceLayer.IntegrationTests.QueryExecution.DataTypeTests.NTextTest()</failure>
    </testcase>
    <testcase classname="Microsoft.SqlTools.ServiceLayer.IntegrationTests.QueryExecution.DataTypeTests" name="NVarCharTest" time="0.0009800">
      <failure type="failure" message="  Cannot find any instance for version key: sqlOnPrem&#xA;  Expected: True&#xA;  But was:  False&#xA;">at Microsoft.SqlTools.ServiceLayer.Test.Common.TestConnectionProfileService.GetInstance(String key) in /Users/aasimkhan/src/sqltoolsservice/test/Microsoft.SqlTools.ServiceLayer.Test.Common/TestConnectionProfileService.cs:line 59
   at Microsoft.SqlTools.ServiceLayer.Test.Common.TestConnectionProfileService.GetConnectionParameters(String key, String databaseName) in /Users/aasimkhan/src/sqltoolsservice/test/Microsoft.SqlTools.ServiceLayer.Test.Common/TestConnectionProfileService.cs:line 65
   at Microsoft.SqlTools.ServiceLayer.Test.Common.TestConnectionProfileService.GetConnectionParameters(TestServerType serverType, String databaseName) in /Users/aasimkhan/src/sqltoolsservice/test/Microsoft.SqlTools.ServiceLayer.Test.Common/TestConnectionProfileService.cs:line 75
   at Microsoft.SqlTools.ServiceLayer.IntegrationTests.Utility.LiveConnectionHelper.InitLiveConnectionInfoAsync(String databaseName, String ownerUri, String connectionType, TestServerType serverType) in /Users/aasimkhan/src/sqltoolsservice/test/Microsoft.SqlTools.ServiceLayer.IntegrationTests/Utility/LiveConnectionHelper.cs:line 68
   at Microsoft.SqlTools.ServiceLayer.IntegrationTests.Utility.LiveConnectionHelper.InitLiveConnectionInfo(String databaseName, String ownerUri) in /Users/aasimkhan/src/sqltoolsservice/test/Microsoft.SqlTools.ServiceLayer.IntegrationTests/Utility/LiveConnectionHelper.cs:line 52
   at Microsoft.SqlTools.ServiceLayer.IntegrationTests.QueryExecution.DataTypeTests.ExecuteAndVerifyResult(String queryText, String expectedValue) in /Users/aasimkhan/src/sqltoolsservice/test/Microsoft.SqlTools.ServiceLayer.IntegrationTests/QueryExecution/DataTypeTests.cs:line 218
   at Microsoft.SqlTools.ServiceLayer.IntegrationTests.QueryExecution.DataTypeTests.NVarCharTest() in /Users/aasimkhan/src/sqltoolsservice/test/Microsoft.SqlTools.ServiceLayer.IntegrationTests/QueryExecution/DataTypeTests.cs:line 122
   at NUnit.Framework.Internal.TaskAwaitAdapter.GenericAdapter`1.GetResult()
   at NUnit.Framework.Internal.AsyncToSyncAdapter.Await(Func`1 invoke)
   at NUnit.Framework.Internal.Commands.TestMethodCommand.RunTestMethod(TestExecutionContext context)
   at NUnit.Framework.Internal.Commands.TestMethodCommand.Execute(TestExecutionContext context)
   at NUnit.Framework.Internal.Execution.SimpleWorkItem.&lt;&gt;c__DisplayClass4_0.&lt;PerformWork&gt;b__0()
   at NUnit.Framework.Internal.ContextUtils.&lt;&gt;c__DisplayClass1_0`1.&lt;DoIsolated&gt;b__0(Object _)

1)    at Microsoft.SqlTools.ServiceLayer.Test.Common.TestConnectionProfileService.GetInstance(String key) in /Users/aasimkhan/src/sqltoolsservice/test/Microsoft.SqlTools.ServiceLayer.Test.Common/TestConnectionProfileService.cs:line 59
   at Microsoft.SqlTools.ServiceLayer.Test.Common.TestConnectionProfileService.GetConnectionParameters(String key, String databaseName) in /Users/aasimkhan/src/sqltoolsservice/test/Microsoft.SqlTools.ServiceLayer.Test.Common/TestConnectionProfileService.cs:line 65
   at Microsoft.SqlTools.ServiceLayer.Test.Common.TestConnectionProfileService.GetConnectionParameters(TestServerType serverType, String databaseName) in /Users/aasimkhan/src/sqltoolsservice/test/Microsoft.SqlTools.ServiceLayer.Test.Common/TestConnectionProfileService.cs:line 75
   at Microsoft.SqlTools.ServiceLayer.IntegrationTests.Utility.LiveConnectionHelper.InitLiveConnectionInfoAsync(String databaseName, String ownerUri, String connectionType, TestServerType serverType) in /Users/aasimkhan/src/sqltoolsservice/test/Microsoft.SqlTools.ServiceLayer.IntegrationTests/Utility/LiveConnectionHelper.cs:line 68
   at System.Runtime.CompilerServices.AsyncMethodBuilderCore.Start[TStateMachine](TStateMachine&amp; stateMachine)
   at Microsoft.SqlTools.ServiceLayer.IntegrationTests.Utility.LiveConnectionHelper.InitLiveConnectionInfoAsync(String databaseName, String ownerUri, String connectionType, TestServerType serverType)
   at Microsoft.SqlTools.ServiceLayer.IntegrationTests.Utility.LiveConnectionHelper.InitLiveConnectionInfo(String databaseName, String ownerUri) in /Users/aasimkhan/src/sqltoolsservice/test/Microsoft.SqlTools.ServiceLayer.IntegrationTests/Utility/LiveConnectionHelper.cs:line 52
   at Microsoft.SqlTools.ServiceLayer.IntegrationTests.QueryExecution.DataTypeTests.ExecuteAndVerifyResult(String queryText, String expectedValue) in /Users/aasimkhan/src/sqltoolsservice/test/Microsoft.SqlTools.ServiceLayer.IntegrationTests/QueryExecution/DataTypeTests.cs:line 218
   at System.Runtime.CompilerServices.AsyncMethodBuilderCore.Start[TStateMachine](TStateMachine&amp; stateMachine)
   at Microsoft.SqlTools.ServiceLayer.IntegrationTests.QueryExecution.DataTypeTests.ExecuteAndVerifyResult(String queryText, String expectedValue)
   at Microsoft.SqlTools.ServiceLayer.IntegrationTests.QueryExecution.DataTypeTests.NVarCharTest() in /Users/aasimkhan/src/sqltoolsservice/test/Microsoft.SqlTools.ServiceLayer.IntegrationTests/QueryExecution/DataTypeTests.cs:line 122
   at System.Runtime.CompilerServices.AsyncMethodBuilderCore.Start[TStateMachine](TStateMachine&amp; stateMachine)
   at Microsoft.SqlTools.ServiceLayer.IntegrationTests.QueryExecution.DataTypeTests.NVarCharTest()</failure>
    </testcase>
    <testcase classname="Microsoft.SqlTools.ServiceLayer.IntegrationTests.QueryExecution.DataTypeTests" name="RealTest" time="0.0009570">
      <failure type="failure" message="  Cannot find any instance for version key: sqlOnPrem&#xA;  Expected: True&#xA;  But was:  False&#xA;">at Microsoft.SqlTools.ServiceLayer.Test.Common.TestConnectionProfileService.GetInstance(String key) in /Users/aasimkhan/src/sqltoolsservice/test/Microsoft.SqlTools.ServiceLayer.Test.Common/TestConnectionProfileService.cs:line 59
   at Microsoft.SqlTools.ServiceLayer.Test.Common.TestConnectionProfileService.GetConnectionParameters(String key, String databaseName) in /Users/aasimkhan/src/sqltoolsservice/test/Microsoft.SqlTools.ServiceLayer.Test.Common/TestConnectionProfileService.cs:line 65
   at Microsoft.SqlTools.ServiceLayer.Test.Common.TestConnectionProfileService.GetConnectionParameters(TestServerType serverType, String databaseName) in /Users/aasimkhan/src/sqltoolsservice/test/Microsoft.SqlTools.ServiceLayer.Test.Common/TestConnectionProfileService.cs:line 75
   at Microsoft.SqlTools.ServiceLayer.IntegrationTests.Utility.LiveConnectionHelper.InitLiveConnectionInfoAsync(String databaseName, String ownerUri, String connectionType, TestServerType serverType) in /Users/aasimkhan/src/sqltoolsservice/test/Microsoft.SqlTools.ServiceLayer.IntegrationTests/Utility/LiveConnectionHelper.cs:line 68
   at Microsoft.SqlTools.ServiceLayer.IntegrationTests.Utility.LiveConnectionHelper.InitLiveConnectionInfo(String databaseName, String ownerUri) in /Users/aasimkhan/src/sqltoolsservice/test/Microsoft.SqlTools.ServiceLayer.IntegrationTests/Utility/LiveConnectionHelper.cs:line 52
   at Microsoft.SqlTools.ServiceLayer.IntegrationTests.QueryExecution.DataTypeTests.ExecuteAndVerifyResult(String queryText, String expectedValue) in /Users/aasimkhan/src/sqltoolsservice/test/Microsoft.SqlTools.ServiceLayer.IntegrationTests/QueryExecution/DataTypeTests.cs:line 218
   at Microsoft.SqlTools.ServiceLayer.IntegrationTests.QueryExecution.DataTypeTests.RealTest() in /Users/aasimkhan/src/sqltoolsservice/test/Microsoft.SqlTools.ServiceLayer.IntegrationTests/QueryExecution/DataTypeTests.cs:line 128
   at NUnit.Framework.Internal.TaskAwaitAdapter.GenericAdapter`1.GetResult()
   at NUnit.Framework.Internal.AsyncToSyncAdapter.Await(Func`1 invoke)
   at NUnit.Framework.Internal.Commands.TestMethodCommand.RunTestMethod(TestExecutionContext context)
   at NUnit.Framework.Internal.Commands.TestMethodCommand.Execute(TestExecutionContext context)
   at NUnit.Framework.Internal.Execution.SimpleWorkItem.&lt;&gt;c__DisplayClass4_0.&lt;PerformWork&gt;b__0()
   at NUnit.Framework.Internal.ContextUtils.&lt;&gt;c__DisplayClass1_0`1.&lt;DoIsolated&gt;b__0(Object _)

1)    at Microsoft.SqlTools.ServiceLayer.Test.Common.TestConnectionProfileService.GetInstance(String key) in /Users/aasimkhan/src/sqltoolsservice/test/Microsoft.SqlTools.ServiceLayer.Test.Common/TestConnectionProfileService.cs:line 59
   at Microsoft.SqlTools.ServiceLayer.Test.Common.TestConnectionProfileService.GetConnectionParameters(String key, String databaseName) in /Users/aasimkhan/src/sqltoolsservice/test/Microsoft.SqlTools.ServiceLayer.Test.Common/TestConnectionProfileService.cs:line 65
   at Microsoft.SqlTools.ServiceLayer.Test.Common.TestConnectionProfileService.GetConnectionParameters(TestServerType serverType, String databaseName) in /Users/aasimkhan/src/sqltoolsservice/test/Microsoft.SqlTools.ServiceLayer.Test.Common/TestConnectionProfileService.cs:line 75
   at Microsoft.SqlTools.ServiceLayer.IntegrationTests.Utility.LiveConnectionHelper.InitLiveConnectionInfoAsync(String databaseName, String ownerUri, String connectionType, TestServerType serverType) in /Users/aasimkhan/src/sqltoolsservice/test/Microsoft.SqlTools.ServiceLayer.IntegrationTests/Utility/LiveConnectionHelper.cs:line 68
   at System.Runtime.CompilerServices.AsyncMethodBuilderCore.Start[TStateMachine](TStateMachine&amp; stateMachine)
   at Microsoft.SqlTools.ServiceLayer.IntegrationTests.Utility.LiveConnectionHelper.InitLiveConnectionInfoAsync(String databaseName, String ownerUri, String connectionType, TestServerType serverType)
   at Microsoft.SqlTools.ServiceLayer.IntegrationTests.Utility.LiveConnectionHelper.InitLiveConnectionInfo(String databaseName, String ownerUri) in /Users/aasimkhan/src/sqltoolsservice/test/Microsoft.SqlTools.ServiceLayer.IntegrationTests/Utility/LiveConnectionHelper.cs:line 52
   at Microsoft.SqlTools.ServiceLayer.IntegrationTests.QueryExecution.DataTypeTests.ExecuteAndVerifyResult(String queryText, String expectedValue) in /Users/aasimkhan/src/sqltoolsservice/test/Microsoft.SqlTools.ServiceLayer.IntegrationTests/QueryExecution/DataTypeTests.cs:line 218
   at System.Runtime.CompilerServices.AsyncMethodBuilderCore.Start[TStateMachine](TStateMachine&amp; stateMachine)
   at Microsoft.SqlTools.ServiceLayer.IntegrationTests.QueryExecution.DataTypeTests.ExecuteAndVerifyResult(String queryText, String expectedValue)
   at Microsoft.SqlTools.ServiceLayer.IntegrationTests.QueryExecution.DataTypeTests.RealTest() in /Users/aasimkhan/src/sqltoolsservice/test/Microsoft.SqlTools.ServiceLayer.IntegrationTests/QueryExecution/DataTypeTests.cs:line 128
   at System.Runtime.CompilerServices.AsyncMethodBuilderCore.Start[TStateMachine](TStateMachine&amp; stateMachine)
   at Microsoft.SqlTools.ServiceLayer.IntegrationTests.QueryExecution.DataTypeTests.RealTest()</failure>
    </testcase>
    <testcase classname="Microsoft.SqlTools.ServiceLayer.IntegrationTests.QueryExecution.DataTypeTests" name="SmallDateTimeTest" time="0.0010440">
      <failure type="failure" message="  Cannot find any instance for version key: sqlOnPrem&#xA;  Expected: True&#xA;  But was:  False&#xA;">at Microsoft.SqlTools.ServiceLayer.Test.Common.TestConnectionProfileService.GetInstance(String key) in /Users/aasimkhan/src/sqltoolsservice/test/Microsoft.SqlTools.ServiceLayer.Test.Common/TestConnectionProfileService.cs:line 59
   at Microsoft.SqlTools.ServiceLayer.Test.Common.TestConnectionProfileService.GetConnectionParameters(String key, String databaseName) in /Users/aasimkhan/src/sqltoolsservice/test/Microsoft.SqlTools.ServiceLayer.Test.Common/TestConnectionProfileService.cs:line 65
   at Microsoft.SqlTools.ServiceLayer.Test.Common.TestConnectionProfileService.GetConnectionParameters(TestServerType serverType, String databaseName) in /Users/aasimkhan/src/sqltoolsservice/test/Microsoft.SqlTools.ServiceLayer.Test.Common/TestConnectionProfileService.cs:line 75
   at Microsoft.SqlTools.ServiceLayer.IntegrationTests.Utility.LiveConnectionHelper.InitLiveConnectionInfoAsync(String databaseName, String ownerUri, String connectionType, TestServerType serverType) in /Users/aasimkhan/src/sqltoolsservice/test/Microsoft.SqlTools.ServiceLayer.IntegrationTests/Utility/LiveConnectionHelper.cs:line 68
   at Microsoft.SqlTools.ServiceLayer.IntegrationTests.Utility.LiveConnectionHelper.InitLiveConnectionInfo(String databaseName, String ownerUri) in /Users/aasimkhan/src/sqltoolsservice/test/Microsoft.SqlTools.ServiceLayer.IntegrationTests/Utility/LiveConnectionHelper.cs:line 52
   at Microsoft.SqlTools.ServiceLayer.IntegrationTests.QueryExecution.DataTypeTests.ExecuteAndVerifyResult(String queryText, String expectedValue) in /Users/aasimkhan/src/sqltoolsservice/test/Microsoft.SqlTools.ServiceLayer.IntegrationTests/QueryExecution/DataTypeTests.cs:line 218
   at Microsoft.SqlTools.ServiceLayer.IntegrationTests.QueryExecution.DataTypeTests.SmallDateTimeTest() in /Users/aasimkhan/src/sqltoolsservice/test/Microsoft.SqlTools.ServiceLayer.IntegrationTests/QueryExecution/DataTypeTests.cs:line 134
   at NUnit.Framework.Internal.TaskAwaitAdapter.GenericAdapter`1.GetResult()
   at NUnit.Framework.Internal.AsyncToSyncAdapter.Await(Func`1 invoke)
   at NUnit.Framework.Internal.Commands.TestMethodCommand.RunTestMethod(TestExecutionContext context)
   at NUnit.Framework.Internal.Commands.TestMethodCommand.Execute(TestExecutionContext context)
   at NUnit.Framework.Internal.Execution.SimpleWorkItem.&lt;&gt;c__DisplayClass4_0.&lt;PerformWork&gt;b__0()
   at NUnit.Framework.Internal.ContextUtils.&lt;&gt;c__DisplayClass1_0`1.&lt;DoIsolated&gt;b__0(Object _)

1)    at Microsoft.SqlTools.ServiceLayer.Test.Common.TestConnectionProfileService.GetInstance(String key) in /Users/aasimkhan/src/sqltoolsservice/test/Microsoft.SqlTools.ServiceLayer.Test.Common/TestConnectionProfileService.cs:line 59
   at Microsoft.SqlTools.ServiceLayer.Test.Common.TestConnectionProfileService.GetConnectionParameters(String key, String databaseName) in /Users/aasimkhan/src/sqltoolsservice/test/Microsoft.SqlTools.ServiceLayer.Test.Common/TestConnectionProfileService.cs:line 65
   at Microsoft.SqlTools.ServiceLayer.Test.Common.TestConnectionProfileService.GetConnectionParameters(TestServerType serverType, String databaseName) in /Users/aasimkhan/src/sqltoolsservice/test/Microsoft.SqlTools.ServiceLayer.Test.Common/TestConnectionProfileService.cs:line 75
   at Microsoft.SqlTools.ServiceLayer.IntegrationTests.Utility.LiveConnectionHelper.InitLiveConnectionInfoAsync(String databaseName, String ownerUri, String connectionType, TestServerType serverType) in /Users/aasimkhan/src/sqltoolsservice/test/Microsoft.SqlTools.ServiceLayer.IntegrationTests/Utility/LiveConnectionHelper.cs:line 68
   at System.Runtime.CompilerServices.AsyncMethodBuilderCore.Start[TStateMachine](TStateMachine&amp; stateMachine)
   at Microsoft.SqlTools.ServiceLayer.IntegrationTests.Utility.LiveConnectionHelper.InitLiveConnectionInfoAsync(String databaseName, String ownerUri, String connectionType, TestServerType serverType)
   at Microsoft.SqlTools.ServiceLayer.IntegrationTests.Utility.LiveConnectionHelper.InitLiveConnectionInfo(String databaseName, String ownerUri) in /Users/aasimkhan/src/sqltoolsservice/test/Microsoft.SqlTools.ServiceLayer.IntegrationTests/Utility/LiveConnectionHelper.cs:line 52
   at Microsoft.SqlTools.ServiceLayer.IntegrationTests.QueryExecution.DataTypeTests.ExecuteAndVerifyResult(String queryText, String expectedValue) in /Users/aasimkhan/src/sqltoolsservice/test/Microsoft.SqlTools.ServiceLayer.IntegrationTests/QueryExecution/DataTypeTests.cs:line 218
   at System.Runtime.CompilerServices.AsyncMethodBuilderCore.Start[TStateMachine](TStateMachine&amp; stateMachine)
   at Microsoft.SqlTools.ServiceLayer.IntegrationTests.QueryExecution.DataTypeTests.ExecuteAndVerifyResult(String queryText, String expectedValue)
   at Microsoft.SqlTools.ServiceLayer.IntegrationTests.QueryExecution.DataTypeTests.SmallDateTimeTest() in /Users/aasimkhan/src/sqltoolsservice/test/Microsoft.SqlTools.ServiceLayer.IntegrationTests/QueryExecution/DataTypeTests.cs:line 134
   at System.Runtime.CompilerServices.AsyncMethodBuilderCore.Start[TStateMachine](TStateMachine&amp; stateMachine)
   at Microsoft.SqlTools.ServiceLayer.IntegrationTests.QueryExecution.DataTypeTests.SmallDateTimeTest()</failure>
    </testcase>
    <testcase classname="Microsoft.SqlTools.ServiceLayer.IntegrationTests.QueryExecution.DataTypeTests" name="SmallIntTest" time="0.0011140">
      <failure type="failure" message="  Cannot find any instance for version key: sqlOnPrem&#xA;  Expected: True&#xA;  But was:  False&#xA;">at Microsoft.SqlTools.ServiceLayer.Test.Common.TestConnectionProfileService.GetInstance(String key) in /Users/aasimkhan/src/sqltoolsservice/test/Microsoft.SqlTools.ServiceLayer.Test.Common/TestConnectionProfileService.cs:line 59
   at Microsoft.SqlTools.ServiceLayer.Test.Common.TestConnectionProfileService.GetConnectionParameters(String key, String databaseName) in /Users/aasimkhan/src/sqltoolsservice/test/Microsoft.SqlTools.ServiceLayer.Test.Common/TestConnectionProfileService.cs:line 65
   at Microsoft.SqlTools.ServiceLayer.Test.Common.TestConnectionProfileService.GetConnectionParameters(TestServerType serverType, String databaseName) in /Users/aasimkhan/src/sqltoolsservice/test/Microsoft.SqlTools.ServiceLayer.Test.Common/TestConnectionProfileService.cs:line 75
   at Microsoft.SqlTools.ServiceLayer.IntegrationTests.Utility.LiveConnectionHelper.InitLiveConnectionInfoAsync(String databaseName, String ownerUri, String connectionType, TestServerType serverType) in /Users/aasimkhan/src/sqltoolsservice/test/Microsoft.SqlTools.ServiceLayer.IntegrationTests/Utility/LiveConnectionHelper.cs:line 68
   at Microsoft.SqlTools.ServiceLayer.IntegrationTests.Utility.LiveConnectionHelper.InitLiveConnectionInfo(String databaseName, String ownerUri) in /Users/aasimkhan/src/sqltoolsservice/test/Microsoft.SqlTools.ServiceLayer.IntegrationTests/Utility/LiveConnectionHelper.cs:line 52
   at Microsoft.SqlTools.ServiceLayer.IntegrationTests.QueryExecution.DataTypeTests.ExecuteAndVerifyResult(String queryText, String expectedValue) in /Users/aasimkhan/src/sqltoolsservice/test/Microsoft.SqlTools.ServiceLayer.IntegrationTests/QueryExecution/DataTypeTests.cs:line 218
   at Microsoft.SqlTools.ServiceLayer.IntegrationTests.QueryExecution.DataTypeTests.SmallIntTest() in /Users/aasimkhan/src/sqltoolsservice/test/Microsoft.SqlTools.ServiceLayer.IntegrationTests/QueryExecution/DataTypeTests.cs:line 140
   at NUnit.Framework.Internal.TaskAwaitAdapter.GenericAdapter`1.GetResult()
   at NUnit.Framework.Internal.AsyncToSyncAdapter.Await(Func`1 invoke)
   at NUnit.Framework.Internal.Commands.TestMethodCommand.RunTestMethod(TestExecutionContext context)
   at NUnit.Framework.Internal.Commands.TestMethodCommand.Execute(TestExecutionContext context)
   at NUnit.Framework.Internal.Execution.SimpleWorkItem.&lt;&gt;c__DisplayClass4_0.&lt;PerformWork&gt;b__0()
   at NUnit.Framework.Internal.ContextUtils.&lt;&gt;c__DisplayClass1_0`1.&lt;DoIsolated&gt;b__0(Object _)

1)    at Microsoft.SqlTools.ServiceLayer.Test.Common.TestConnectionProfileService.GetInstance(String key) in /Users/aasimkhan/src/sqltoolsservice/test/Microsoft.SqlTools.ServiceLayer.Test.Common/TestConnectionProfileService.cs:line 59
   at Microsoft.SqlTools.ServiceLayer.Test.Common.TestConnectionProfileService.GetConnectionParameters(String key, String databaseName) in /Users/aasimkhan/src/sqltoolsservice/test/Microsoft.SqlTools.ServiceLayer.Test.Common/TestConnectionProfileService.cs:line 65
   at Microsoft.SqlTools.ServiceLayer.Test.Common.TestConnectionProfileService.GetConnectionParameters(TestServerType serverType, String databaseName) in /Users/aasimkhan/src/sqltoolsservice/test/Microsoft.SqlTools.ServiceLayer.Test.Common/TestConnectionProfileService.cs:line 75
   at Microsoft.SqlTools.ServiceLayer.IntegrationTests.Utility.LiveConnectionHelper.InitLiveConnectionInfoAsync(String databaseName, String ownerUri, String connectionType, TestServerType serverType) in /Users/aasimkhan/src/sqltoolsservice/test/Microsoft.SqlTools.ServiceLayer.IntegrationTests/Utility/LiveConnectionHelper.cs:line 68
   at System.Runtime.CompilerServices.AsyncMethodBuilderCore.Start[TStateMachine](TStateMachine&amp; stateMachine)
   at Microsoft.SqlTools.ServiceLayer.IntegrationTests.Utility.LiveConnectionHelper.InitLiveConnectionInfoAsync(String databaseName, String ownerUri, String connectionType, TestServerType serverType)
   at Microsoft.SqlTools.ServiceLayer.IntegrationTests.Utility.LiveConnectionHelper.InitLiveConnectionInfo(String databaseName, String ownerUri) in /Users/aasimkhan/src/sqltoolsservice/test/Microsoft.SqlTools.ServiceLayer.IntegrationTests/Utility/LiveConnectionHelper.cs:line 52
   at Microsoft.SqlTools.ServiceLayer.IntegrationTests.QueryExecution.DataTypeTests.ExecuteAndVerifyResult(String queryText, String expectedValue) in /Users/aasimkhan/src/sqltoolsservice/test/Microsoft.SqlTools.ServiceLayer.IntegrationTests/QueryExecution/DataTypeTests.cs:line 218
   at System.Runtime.CompilerServices.AsyncMethodBuilderCore.Start[TStateMachine](TStateMachine&amp; stateMachine)
   at Microsoft.SqlTools.ServiceLayer.IntegrationTests.QueryExecution.DataTypeTests.ExecuteAndVerifyResult(String queryText, String expectedValue)
   at Microsoft.SqlTools.ServiceLayer.IntegrationTests.QueryExecution.DataTypeTests.SmallIntTest() in /Users/aasimkhan/src/sqltoolsservice/test/Microsoft.SqlTools.ServiceLayer.IntegrationTests/QueryExecution/DataTypeTests.cs:line 140
   at System.Runtime.CompilerServices.AsyncMethodBuilderCore.Start[TStateMachine](TStateMachine&amp; stateMachine)
   at Microsoft.SqlTools.ServiceLayer.IntegrationTests.QueryExecution.DataTypeTests.SmallIntTest()</failure>
    </testcase>
    <testcase classname="Microsoft.SqlTools.ServiceLayer.IntegrationTests.QueryExecution.DataTypeTests" name="SmallMoneyTest" time="0.0009430">
      <failure type="failure" message="  Cannot find any instance for version key: sqlOnPrem&#xA;  Expected: True&#xA;  But was:  False&#xA;">at Microsoft.SqlTools.ServiceLayer.Test.Common.TestConnectionProfileService.GetInstance(String key) in /Users/aasimkhan/src/sqltoolsservice/test/Microsoft.SqlTools.ServiceLayer.Test.Common/TestConnectionProfileService.cs:line 59
   at Microsoft.SqlTools.ServiceLayer.Test.Common.TestConnectionProfileService.GetConnectionParameters(String key, String databaseName) in /Users/aasimkhan/src/sqltoolsservice/test/Microsoft.SqlTools.ServiceLayer.Test.Common/TestConnectionProfileService.cs:line 65
   at Microsoft.SqlTools.ServiceLayer.Test.Common.TestConnectionProfileService.GetConnectionParameters(TestServerType serverType, String databaseName) in /Users/aasimkhan/src/sqltoolsservice/test/Microsoft.SqlTools.ServiceLayer.Test.Common/TestConnectionProfileService.cs:line 75
   at Microsoft.SqlTools.ServiceLayer.IntegrationTests.Utility.LiveConnectionHelper.InitLiveConnectionInfoAsync(String databaseName, String ownerUri, String connectionType, TestServerType serverType) in /Users/aasimkhan/src/sqltoolsservice/test/Microsoft.SqlTools.ServiceLayer.IntegrationTests/Utility/LiveConnectionHelper.cs:line 68
   at Microsoft.SqlTools.ServiceLayer.IntegrationTests.Utility.LiveConnectionHelper.InitLiveConnectionInfo(String databaseName, String ownerUri) in /Users/aasimkhan/src/sqltoolsservice/test/Microsoft.SqlTools.ServiceLayer.IntegrationTests/Utility/LiveConnectionHelper.cs:line 52
   at Microsoft.SqlTools.ServiceLayer.IntegrationTests.QueryExecution.DataTypeTests.ExecuteAndVerifyResult(String queryText, String expectedValue) in /Users/aasimkhan/src/sqltoolsservice/test/Microsoft.SqlTools.ServiceLayer.IntegrationTests/QueryExecution/DataTypeTests.cs:line 218
   at Microsoft.SqlTools.ServiceLayer.IntegrationTests.QueryExecution.DataTypeTests.SmallMoneyTest() in /Users/aasimkhan/src/sqltoolsservice/test/Microsoft.SqlTools.ServiceLayer.IntegrationTests/QueryExecution/DataTypeTests.cs:line 146
   at NUnit.Framework.Internal.TaskAwaitAdapter.GenericAdapter`1.GetResult()
   at NUnit.Framework.Internal.AsyncToSyncAdapter.Await(Func`1 invoke)
   at NUnit.Framework.Internal.Commands.TestMethodCommand.RunTestMethod(TestExecutionContext context)
   at NUnit.Framework.Internal.Commands.TestMethodCommand.Execute(TestExecutionContext context)
   at NUnit.Framework.Internal.Execution.SimpleWorkItem.&lt;&gt;c__DisplayClass4_0.&lt;PerformWork&gt;b__0()
   at NUnit.Framework.Internal.ContextUtils.&lt;&gt;c__DisplayClass1_0`1.&lt;DoIsolated&gt;b__0(Object _)

1)    at Microsoft.SqlTools.ServiceLayer.Test.Common.TestConnectionProfileService.GetInstance(String key) in /Users/aasimkhan/src/sqltoolsservice/test/Microsoft.SqlTools.ServiceLayer.Test.Common/TestConnectionProfileService.cs:line 59
   at Microsoft.SqlTools.ServiceLayer.Test.Common.TestConnectionProfileService.GetConnectionParameters(String key, String databaseName) in /Users/aasimkhan/src/sqltoolsservice/test/Microsoft.SqlTools.ServiceLayer.Test.Common/TestConnectionProfileService.cs:line 65
   at Microsoft.SqlTools.ServiceLayer.Test.Common.TestConnectionProfileService.GetConnectionParameters(TestServerType serverType, String databaseName) in /Users/aasimkhan/src/sqltoolsservice/test/Microsoft.SqlTools.ServiceLayer.Test.Common/TestConnectionProfileService.cs:line 75
   at Microsoft.SqlTools.ServiceLayer.IntegrationTests.Utility.LiveConnectionHelper.InitLiveConnectionInfoAsync(String databaseName, String ownerUri, String connectionType, TestServerType serverType) in /Users/aasimkhan/src/sqltoolsservice/test/Microsoft.SqlTools.ServiceLayer.IntegrationTests/Utility/LiveConnectionHelper.cs:line 68
   at System.Runtime.CompilerServices.AsyncMethodBuilderCore.Start[TStateMachine](TStateMachine&amp; stateMachine)
   at Microsoft.SqlTools.ServiceLayer.IntegrationTests.Utility.LiveConnectionHelper.InitLiveConnectionInfoAsync(String databaseName, String ownerUri, String connectionType, TestServerType serverType)
   at Microsoft.SqlTools.ServiceLayer.IntegrationTests.Utility.LiveConnectionHelper.InitLiveConnectionInfo(String databaseName, String ownerUri) in /Users/aasimkhan/src/sqltoolsservice/test/Microsoft.SqlTools.ServiceLayer.IntegrationTests/Utility/LiveConnectionHelper.cs:line 52
   at Microsoft.SqlTools.ServiceLayer.IntegrationTests.QueryExecution.DataTypeTests.ExecuteAndVerifyResult(String queryText, String expectedValue) in /Users/aasimkhan/src/sqltoolsservice/test/Microsoft.SqlTools.ServiceLayer.IntegrationTests/QueryExecution/DataTypeTests.cs:line 218
   at System.Runtime.CompilerServices.AsyncMethodBuilderCore.Start[TStateMachine](TStateMachine&amp; stateMachine)
   at Microsoft.SqlTools.ServiceLayer.IntegrationTests.QueryExecution.DataTypeTests.ExecuteAndVerifyResult(String queryText, String expectedValue)
   at Microsoft.SqlTools.ServiceLayer.IntegrationTests.QueryExecution.DataTypeTests.SmallMoneyTest() in /Users/aasimkhan/src/sqltoolsservice/test/Microsoft.SqlTools.ServiceLayer.IntegrationTests/QueryExecution/DataTypeTests.cs:line 146
   at System.Runtime.CompilerServices.AsyncMethodBuilderCore.Start[TStateMachine](TStateMachine&amp; stateMachine)
   at Microsoft.SqlTools.ServiceLayer.IntegrationTests.QueryExecution.DataTypeTests.SmallMoneyTest()</failure>
    </testcase>
    <testcase classname="Microsoft.SqlTools.ServiceLayer.IntegrationTests.QueryExecution.DataTypeTests" name="SqlVariantTest" time="0.0020780">
      <failure type="failure" message="  Cannot find any instance for version key: sqlOnPrem&#xA;  Expected: True&#xA;  But was:  False&#xA;">at Microsoft.SqlTools.ServiceLayer.Test.Common.TestConnectionProfileService.GetInstance(String key) in /Users/aasimkhan/src/sqltoolsservice/test/Microsoft.SqlTools.ServiceLayer.Test.Common/TestConnectionProfileService.cs:line 59
   at Microsoft.SqlTools.ServiceLayer.Test.Common.TestConnectionProfileService.GetConnectionParameters(String key, String databaseName) in /Users/aasimkhan/src/sqltoolsservice/test/Microsoft.SqlTools.ServiceLayer.Test.Common/TestConnectionProfileService.cs:line 65
   at Microsoft.SqlTools.ServiceLayer.Test.Common.TestConnectionProfileService.GetConnectionParameters(TestServerType serverType, String databaseName) in /Users/aasimkhan/src/sqltoolsservice/test/Microsoft.SqlTools.ServiceLayer.Test.Common/TestConnectionProfileService.cs:line 75
   at Microsoft.SqlTools.ServiceLayer.IntegrationTests.Utility.LiveConnectionHelper.InitLiveConnectionInfoAsync(String databaseName, String ownerUri, String connectionType, TestServerType serverType) in /Users/aasimkhan/src/sqltoolsservice/test/Microsoft.SqlTools.ServiceLayer.IntegrationTests/Utility/LiveConnectionHelper.cs:line 68
   at Microsoft.SqlTools.ServiceLayer.IntegrationTests.Utility.LiveConnectionHelper.InitLiveConnectionInfo(String databaseName, String ownerUri) in /Users/aasimkhan/src/sqltoolsservice/test/Microsoft.SqlTools.ServiceLayer.IntegrationTests/Utility/LiveConnectionHelper.cs:line 52
   at Microsoft.SqlTools.ServiceLayer.IntegrationTests.QueryExecution.DataTypeTests.ExecuteAndVerifyResult(String queryText, String expectedValue) in /Users/aasimkhan/src/sqltoolsservice/test/Microsoft.SqlTools.ServiceLayer.IntegrationTests/QueryExecution/DataTypeTests.cs:line 218
   at Microsoft.SqlTools.ServiceLayer.IntegrationTests.QueryExecution.DataTypeTests.SqlVariantTest() in /Users/aasimkhan/src/sqltoolsservice/test/Microsoft.SqlTools.ServiceLayer.IntegrationTests/QueryExecution/DataTypeTests.cs:line 29
   at NUnit.Framework.Internal.TaskAwaitAdapter.GenericAdapter`1.GetResult()
   at NUnit.Framework.Internal.AsyncToSyncAdapter.Await(Func`1 invoke)
   at NUnit.Framework.Internal.Commands.TestMethodCommand.RunTestMethod(TestExecutionContext context)
   at NUnit.Framework.Internal.Commands.TestMethodCommand.Execute(TestExecutionContext context)
   at NUnit.Framework.Internal.Execution.SimpleWorkItem.&lt;&gt;c__DisplayClass4_0.&lt;PerformWork&gt;b__0()
   at NUnit.Framework.Internal.ContextUtils.&lt;&gt;c__DisplayClass1_0`1.&lt;DoIsolated&gt;b__0(Object _)

1)    at Microsoft.SqlTools.ServiceLayer.Test.Common.TestConnectionProfileService.GetInstance(String key) in /Users/aasimkhan/src/sqltoolsservice/test/Microsoft.SqlTools.ServiceLayer.Test.Common/TestConnectionProfileService.cs:line 59
   at Microsoft.SqlTools.ServiceLayer.Test.Common.TestConnectionProfileService.GetConnectionParameters(String key, String databaseName) in /Users/aasimkhan/src/sqltoolsservice/test/Microsoft.SqlTools.ServiceLayer.Test.Common/TestConnectionProfileService.cs:line 65
   at Microsoft.SqlTools.ServiceLayer.Test.Common.TestConnectionProfileService.GetConnectionParameters(TestServerType serverType, String databaseName) in /Users/aasimkhan/src/sqltoolsservice/test/Microsoft.SqlTools.ServiceLayer.Test.Common/TestConnectionProfileService.cs:line 75
   at Microsoft.SqlTools.ServiceLayer.IntegrationTests.Utility.LiveConnectionHelper.InitLiveConnectionInfoAsync(String databaseName, String ownerUri, String connectionType, TestServerType serverType) in /Users/aasimkhan/src/sqltoolsservice/test/Microsoft.SqlTools.ServiceLayer.IntegrationTests/Utility/LiveConnectionHelper.cs:line 68
   at System.Runtime.CompilerServices.AsyncMethodBuilderCore.Start[TStateMachine](TStateMachine&amp; stateMachine)
   at Microsoft.SqlTools.ServiceLayer.IntegrationTests.Utility.LiveConnectionHelper.InitLiveConnectionInfoAsync(String databaseName, String ownerUri, String connectionType, TestServerType serverType)
   at Microsoft.SqlTools.ServiceLayer.IntegrationTests.Utility.LiveConnectionHelper.InitLiveConnectionInfo(String databaseName, String ownerUri) in /Users/aasimkhan/src/sqltoolsservice/test/Microsoft.SqlTools.ServiceLayer.IntegrationTests/Utility/LiveConnectionHelper.cs:line 52
   at Microsoft.SqlTools.ServiceLayer.IntegrationTests.QueryExecution.DataTypeTests.ExecuteAndVerifyResult(String queryText, String expectedValue) in /Users/aasimkhan/src/sqltoolsservice/test/Microsoft.SqlTools.ServiceLayer.IntegrationTests/QueryExecution/DataTypeTests.cs:line 218
   at System.Runtime.CompilerServices.AsyncMethodBuilderCore.Start[TStateMachine](TStateMachine&amp; stateMachine)
   at Microsoft.SqlTools.ServiceLayer.IntegrationTests.QueryExecution.DataTypeTests.ExecuteAndVerifyResult(String queryText, String expectedValue)
   at Microsoft.SqlTools.ServiceLayer.IntegrationTests.QueryExecution.DataTypeTests.SqlVariantTest() in /Users/aasimkhan/src/sqltoolsservice/test/Microsoft.SqlTools.ServiceLayer.IntegrationTests/QueryExecution/DataTypeTests.cs:line 29
   at System.Runtime.CompilerServices.AsyncMethodBuilderCore.Start[TStateMachine](TStateMachine&amp; stateMachine)
   at Microsoft.SqlTools.ServiceLayer.IntegrationTests.QueryExecution.DataTypeTests.SqlVariantTest()</failure>
    </testcase>
    <testcase classname="Microsoft.SqlTools.ServiceLayer.IntegrationTests.QueryExecution.DataTypeTests" name="SysnameTypeTest" time="0.0011060">
      <failure type="failure" message="  Cannot find any instance for version key: sqlOnPrem&#xA;  Expected: True&#xA;  But was:  False&#xA;">at Microsoft.SqlTools.ServiceLayer.Test.Common.TestConnectionProfileService.GetInstance(String key) in /Users/aasimkhan/src/sqltoolsservice/test/Microsoft.SqlTools.ServiceLayer.Test.Common/TestConnectionProfileService.cs:line 59
   at Microsoft.SqlTools.ServiceLayer.Test.Common.TestConnectionProfileService.GetConnectionParameters(String key, String databaseName) in /Users/aasimkhan/src/sqltoolsservice/test/Microsoft.SqlTools.ServiceLayer.Test.Common/TestConnectionProfileService.cs:line 65
   at Microsoft.SqlTools.ServiceLayer.Test.Common.TestConnectionProfileService.GetConnectionParameters(TestServerType serverType, String databaseName) in /Users/aasimkhan/src/sqltoolsservice/test/Microsoft.SqlTools.ServiceLayer.Test.Common/TestConnectionProfileService.cs:line 75
   at Microsoft.SqlTools.ServiceLayer.IntegrationTests.Utility.LiveConnectionHelper.InitLiveConnectionInfoAsync(String databaseName, String ownerUri, String connectionType, TestServerType serverType) in /Users/aasimkhan/src/sqltoolsservice/test/Microsoft.SqlTools.ServiceLayer.IntegrationTests/Utility/LiveConnectionHelper.cs:line 68
   at Microsoft.SqlTools.ServiceLayer.IntegrationTests.Utility.LiveConnectionHelper.InitLiveConnectionInfo(String databaseName, String ownerUri) in /Users/aasimkhan/src/sqltoolsservice/test/Microsoft.SqlTools.ServiceLayer.IntegrationTests/Utility/LiveConnectionHelper.cs:line 52
   at Microsoft.SqlTools.ServiceLayer.IntegrationTests.QueryExecution.DataTypeTests.ExecuteAndVerifyResult(String queryText, String expectedValue) in /Users/aasimkhan/src/sqltoolsservice/test/Microsoft.SqlTools.ServiceLayer.IntegrationTests/QueryExecution/DataTypeTests.cs:line 218
   at Microsoft.SqlTools.ServiceLayer.IntegrationTests.QueryExecution.DataTypeTests.SysnameTypeTest() in /Users/aasimkhan/src/sqltoolsservice/test/Microsoft.SqlTools.ServiceLayer.IntegrationTests/QueryExecution/DataTypeTests.cs:line 206
   at NUnit.Framework.Internal.TaskAwaitAdapter.GenericAdapter`1.GetResult()
   at NUnit.Framework.Internal.AsyncToSyncAdapter.Await(Func`1 invoke)
   at NUnit.Framework.Internal.Commands.TestMethodCommand.RunTestMethod(TestExecutionContext context)
   at NUnit.Framework.Internal.Commands.TestMethodCommand.Execute(TestExecutionContext context)
   at NUnit.Framework.Internal.Execution.SimpleWorkItem.&lt;&gt;c__DisplayClass4_0.&lt;PerformWork&gt;b__0()
   at NUnit.Framework.Internal.ContextUtils.&lt;&gt;c__DisplayClass1_0`1.&lt;DoIsolated&gt;b__0(Object _)

1)    at Microsoft.SqlTools.ServiceLayer.Test.Common.TestConnectionProfileService.GetInstance(String key) in /Users/aasimkhan/src/sqltoolsservice/test/Microsoft.SqlTools.ServiceLayer.Test.Common/TestConnectionProfileService.cs:line 59
   at Microsoft.SqlTools.ServiceLayer.Test.Common.TestConnectionProfileService.GetConnectionParameters(String key, String databaseName) in /Users/aasimkhan/src/sqltoolsservice/test/Microsoft.SqlTools.ServiceLayer.Test.Common/TestConnectionProfileService.cs:line 65
   at Microsoft.SqlTools.ServiceLayer.Test.Common.TestConnectionProfileService.GetConnectionParameters(TestServerType serverType, String databaseName) in /Users/aasimkhan/src/sqltoolsservice/test/Microsoft.SqlTools.ServiceLayer.Test.Common/TestConnectionProfileService.cs:line 75
   at Microsoft.SqlTools.ServiceLayer.IntegrationTests.Utility.LiveConnectionHelper.InitLiveConnectionInfoAsync(String databaseName, String ownerUri, String connectionType, TestServerType serverType) in /Users/aasimkhan/src/sqltoolsservice/test/Microsoft.SqlTools.ServiceLayer.IntegrationTests/Utility/LiveConnectionHelper.cs:line 68
   at System.Runtime.CompilerServices.AsyncMethodBuilderCore.Start[TStateMachine](TStateMachine&amp; stateMachine)
   at Microsoft.SqlTools.ServiceLayer.IntegrationTests.Utility.LiveConnectionHelper.InitLiveConnectionInfoAsync(String databaseName, String ownerUri, String connectionType, TestServerType serverType)
   at Microsoft.SqlTools.ServiceLayer.IntegrationTests.Utility.LiveConnectionHelper.InitLiveConnectionInfo(String databaseName, String ownerUri) in /Users/aasimkhan/src/sqltoolsservice/test/Microsoft.SqlTools.ServiceLayer.IntegrationTests/Utility/LiveConnectionHelper.cs:line 52
   at Microsoft.SqlTools.ServiceLayer.IntegrationTests.QueryExecution.DataTypeTests.ExecuteAndVerifyResult(String queryText, String expectedValue) in /Users/aasimkhan/src/sqltoolsservice/test/Microsoft.SqlTools.ServiceLayer.IntegrationTests/QueryExecution/DataTypeTests.cs:line 218
   at System.Runtime.CompilerServices.AsyncMethodBuilderCore.Start[TStateMachine](TStateMachine&amp; stateMachine)
   at Microsoft.SqlTools.ServiceLayer.IntegrationTests.QueryExecution.DataTypeTests.ExecuteAndVerifyResult(String queryText, String expectedValue)
   at Microsoft.SqlTools.ServiceLayer.IntegrationTests.QueryExecution.DataTypeTests.SysnameTypeTest() in /Users/aasimkhan/src/sqltoolsservice/test/Microsoft.SqlTools.ServiceLayer.IntegrationTests/QueryExecution/DataTypeTests.cs:line 206
   at System.Runtime.CompilerServices.AsyncMethodBuilderCore.Start[TStateMachine](TStateMachine&amp; stateMachine)
   at Microsoft.SqlTools.ServiceLayer.IntegrationTests.QueryExecution.DataTypeTests.SysnameTypeTest()</failure>
    </testcase>
    <testcase classname="Microsoft.SqlTools.ServiceLayer.IntegrationTests.QueryExecution.DataTypeTests" name="TextTest" time="0.0010300">
      <failure type="failure" message="  Cannot find any instance for version key: sqlOnPrem&#xA;  Expected: True&#xA;  But was:  False&#xA;">at Microsoft.SqlTools.ServiceLayer.Test.Common.TestConnectionProfileService.GetInstance(String key) in /Users/aasimkhan/src/sqltoolsservice/test/Microsoft.SqlTools.ServiceLayer.Test.Common/TestConnectionProfileService.cs:line 59
   at Microsoft.SqlTools.ServiceLayer.Test.Common.TestConnectionProfileService.GetConnectionParameters(String key, String databaseName) in /Users/aasimkhan/src/sqltoolsservice/test/Microsoft.SqlTools.ServiceLayer.Test.Common/TestConnectionProfileService.cs:line 65
   at Microsoft.SqlTools.ServiceLayer.Test.Common.TestConnectionProfileService.GetConnectionParameters(TestServerType serverType, String databaseName) in /Users/aasimkhan/src/sqltoolsservice/test/Microsoft.SqlTools.ServiceLayer.Test.Common/TestConnectionProfileService.cs:line 75
   at Microsoft.SqlTools.ServiceLayer.IntegrationTests.Utility.LiveConnectionHelper.InitLiveConnectionInfoAsync(String databaseName, String ownerUri, String connectionType, TestServerType serverType) in /Users/aasimkhan/src/sqltoolsservice/test/Microsoft.SqlTools.ServiceLayer.IntegrationTests/Utility/LiveConnectionHelper.cs:line 68
   at Microsoft.SqlTools.ServiceLayer.IntegrationTests.Utility.LiveConnectionHelper.InitLiveConnectionInfo(String databaseName, String ownerUri) in /Users/aasimkhan/src/sqltoolsservice/test/Microsoft.SqlTools.ServiceLayer.IntegrationTests/Utility/LiveConnectionHelper.cs:line 52
   at Microsoft.SqlTools.ServiceLayer.IntegrationTests.QueryExecution.DataTypeTests.ExecuteAndVerifyResult(String queryText, String expectedValue) in /Users/aasimkhan/src/sqltoolsservice/test/Microsoft.SqlTools.ServiceLayer.IntegrationTests/QueryExecution/DataTypeTests.cs:line 218
   at Microsoft.SqlTools.ServiceLayer.IntegrationTests.QueryExecution.DataTypeTests.TextTest() in /Users/aasimkhan/src/sqltoolsservice/test/Microsoft.SqlTools.ServiceLayer.IntegrationTests/QueryExecution/DataTypeTests.cs:line 152
   at NUnit.Framework.Internal.TaskAwaitAdapter.GenericAdapter`1.GetResult()
   at NUnit.Framework.Internal.AsyncToSyncAdapter.Await(Func`1 invoke)
   at NUnit.Framework.Internal.Commands.TestMethodCommand.RunTestMethod(TestExecutionContext context)
   at NUnit.Framework.Internal.Commands.TestMethodCommand.Execute(TestExecutionContext context)
   at NUnit.Framework.Internal.Execution.SimpleWorkItem.&lt;&gt;c__DisplayClass4_0.&lt;PerformWork&gt;b__0()
   at NUnit.Framework.Internal.ContextUtils.&lt;&gt;c__DisplayClass1_0`1.&lt;DoIsolated&gt;b__0(Object _)

1)    at Microsoft.SqlTools.ServiceLayer.Test.Common.TestConnectionProfileService.GetInstance(String key) in /Users/aasimkhan/src/sqltoolsservice/test/Microsoft.SqlTools.ServiceLayer.Test.Common/TestConnectionProfileService.cs:line 59
   at Microsoft.SqlTools.ServiceLayer.Test.Common.TestConnectionProfileService.GetConnectionParameters(String key, String databaseName) in /Users/aasimkhan/src/sqltoolsservice/test/Microsoft.SqlTools.ServiceLayer.Test.Common/TestConnectionProfileService.cs:line 65
   at Microsoft.SqlTools.ServiceLayer.Test.Common.TestConnectionProfileService.GetConnectionParameters(TestServerType serverType, String databaseName) in /Users/aasimkhan/src/sqltoolsservice/test/Microsoft.SqlTools.ServiceLayer.Test.Common/TestConnectionProfileService.cs:line 75
   at Microsoft.SqlTools.ServiceLayer.IntegrationTests.Utility.LiveConnectionHelper.InitLiveConnectionInfoAsync(String databaseName, String ownerUri, String connectionType, TestServerType serverType) in /Users/aasimkhan/src/sqltoolsservice/test/Microsoft.SqlTools.ServiceLayer.IntegrationTests/Utility/LiveConnectionHelper.cs:line 68
   at System.Runtime.CompilerServices.AsyncMethodBuilderCore.Start[TStateMachine](TStateMachine&amp; stateMachine)
   at Microsoft.SqlTools.ServiceLayer.IntegrationTests.Utility.LiveConnectionHelper.InitLiveConnectionInfoAsync(String databaseName, String ownerUri, String connectionType, TestServerType serverType)
   at Microsoft.SqlTools.ServiceLayer.IntegrationTests.Utility.LiveConnectionHelper.InitLiveConnectionInfo(String databaseName, String ownerUri) in /Users/aasimkhan/src/sqltoolsservice/test/Microsoft.SqlTools.ServiceLayer.IntegrationTests/Utility/LiveConnectionHelper.cs:line 52
   at Microsoft.SqlTools.ServiceLayer.IntegrationTests.QueryExecution.DataTypeTests.ExecuteAndVerifyResult(String queryText, String expectedValue) in /Users/aasimkhan/src/sqltoolsservice/test/Microsoft.SqlTools.ServiceLayer.IntegrationTests/QueryExecution/DataTypeTests.cs:line 218
   at System.Runtime.CompilerServices.AsyncMethodBuilderCore.Start[TStateMachine](TStateMachine&amp; stateMachine)
   at Microsoft.SqlTools.ServiceLayer.IntegrationTests.QueryExecution.DataTypeTests.ExecuteAndVerifyResult(String queryText, String expectedValue)
   at Microsoft.SqlTools.ServiceLayer.IntegrationTests.QueryExecution.DataTypeTests.TextTest() in /Users/aasimkhan/src/sqltoolsservice/test/Microsoft.SqlTools.ServiceLayer.IntegrationTests/QueryExecution/DataTypeTests.cs:line 152
   at System.Runtime.CompilerServices.AsyncMethodBuilderCore.Start[TStateMachine](TStateMachine&amp; stateMachine)
   at Microsoft.SqlTools.ServiceLayer.IntegrationTests.QueryExecution.DataTypeTests.TextTest()</failure>
    </testcase>
    <testcase classname="Microsoft.SqlTools.ServiceLayer.IntegrationTests.QueryExecution.DataTypeTests" name="TimestampTest" time="0.0009810">
      <failure type="failure" message="  Cannot find any instance for version key: sqlOnPrem&#xA;  Expected: True&#xA;  But was:  False&#xA;">at Microsoft.SqlTools.ServiceLayer.Test.Common.TestConnectionProfileService.GetInstance(String key) in /Users/aasimkhan/src/sqltoolsservice/test/Microsoft.SqlTools.ServiceLayer.Test.Common/TestConnectionProfileService.cs:line 59
   at Microsoft.SqlTools.ServiceLayer.Test.Common.TestConnectionProfileService.GetConnectionParameters(String key, String databaseName) in /Users/aasimkhan/src/sqltoolsservice/test/Microsoft.SqlTools.ServiceLayer.Test.Common/TestConnectionProfileService.cs:line 65
   at Microsoft.SqlTools.ServiceLayer.Test.Common.TestConnectionProfileService.GetConnectionParameters(TestServerType serverType, String databaseName) in /Users/aasimkhan/src/sqltoolsservice/test/Microsoft.SqlTools.ServiceLayer.Test.Common/TestConnectionProfileService.cs:line 75
   at Microsoft.SqlTools.ServiceLayer.IntegrationTests.Utility.LiveConnectionHelper.InitLiveConnectionInfoAsync(String databaseName, String ownerUri, String connectionType, TestServerType serverType) in /Users/aasimkhan/src/sqltoolsservice/test/Microsoft.SqlTools.ServiceLayer.IntegrationTests/Utility/LiveConnectionHelper.cs:line 68
   at Microsoft.SqlTools.ServiceLayer.IntegrationTests.Utility.LiveConnectionHelper.InitLiveConnectionInfo(String databaseName, String ownerUri) in /Users/aasimkhan/src/sqltoolsservice/test/Microsoft.SqlTools.ServiceLayer.IntegrationTests/Utility/LiveConnectionHelper.cs:line 52
   at Microsoft.SqlTools.ServiceLayer.IntegrationTests.QueryExecution.DataTypeTests.ExecuteAndVerifyResult(String queryText, String expectedValue) in /Users/aasimkhan/src/sqltoolsservice/test/Microsoft.SqlTools.ServiceLayer.IntegrationTests/QueryExecution/DataTypeTests.cs:line 218
   at Microsoft.SqlTools.ServiceLayer.IntegrationTests.QueryExecution.DataTypeTests.TimestampTest() in /Users/aasimkhan/src/sqltoolsservice/test/Microsoft.SqlTools.ServiceLayer.IntegrationTests/QueryExecution/DataTypeTests.cs:line 164
   at NUnit.Framework.Internal.TaskAwaitAdapter.GenericAdapter`1.GetResult()
   at NUnit.Framework.Internal.AsyncToSyncAdapter.Await(Func`1 invoke)
   at NUnit.Framework.Internal.Commands.TestMethodCommand.RunTestMethod(TestExecutionContext context)
   at NUnit.Framework.Internal.Commands.TestMethodCommand.Execute(TestExecutionContext context)
   at NUnit.Framework.Internal.Execution.SimpleWorkItem.&lt;&gt;c__DisplayClass4_0.&lt;PerformWork&gt;b__0()
   at NUnit.Framework.Internal.ContextUtils.&lt;&gt;c__DisplayClass1_0`1.&lt;DoIsolated&gt;b__0(Object _)

1)    at Microsoft.SqlTools.ServiceLayer.Test.Common.TestConnectionProfileService.GetInstance(String key) in /Users/aasimkhan/src/sqltoolsservice/test/Microsoft.SqlTools.ServiceLayer.Test.Common/TestConnectionProfileService.cs:line 59
   at Microsoft.SqlTools.ServiceLayer.Test.Common.TestConnectionProfileService.GetConnectionParameters(String key, String databaseName) in /Users/aasimkhan/src/sqltoolsservice/test/Microsoft.SqlTools.ServiceLayer.Test.Common/TestConnectionProfileService.cs:line 65
   at Microsoft.SqlTools.ServiceLayer.Test.Common.TestConnectionProfileService.GetConnectionParameters(TestServerType serverType, String databaseName) in /Users/aasimkhan/src/sqltoolsservice/test/Microsoft.SqlTools.ServiceLayer.Test.Common/TestConnectionProfileService.cs:line 75
   at Microsoft.SqlTools.ServiceLayer.IntegrationTests.Utility.LiveConnectionHelper.InitLiveConnectionInfoAsync(String databaseName, String ownerUri, String connectionType, TestServerType serverType) in /Users/aasimkhan/src/sqltoolsservice/test/Microsoft.SqlTools.ServiceLayer.IntegrationTests/Utility/LiveConnectionHelper.cs:line 68
   at System.Runtime.CompilerServices.AsyncMethodBuilderCore.Start[TStateMachine](TStateMachine&amp; stateMachine)
   at Microsoft.SqlTools.ServiceLayer.IntegrationTests.Utility.LiveConnectionHelper.InitLiveConnectionInfoAsync(String databaseName, String ownerUri, String connectionType, TestServerType serverType)
   at Microsoft.SqlTools.ServiceLayer.IntegrationTests.Utility.LiveConnectionHelper.InitLiveConnectionInfo(String databaseName, String ownerUri) in /Users/aasimkhan/src/sqltoolsservice/test/Microsoft.SqlTools.ServiceLayer.IntegrationTests/Utility/LiveConnectionHelper.cs:line 52
   at Microsoft.SqlTools.ServiceLayer.IntegrationTests.QueryExecution.DataTypeTests.ExecuteAndVerifyResult(String queryText, String expectedValue) in /Users/aasimkhan/src/sqltoolsservice/test/Microsoft.SqlTools.ServiceLayer.IntegrationTests/QueryExecution/DataTypeTests.cs:line 218
   at System.Runtime.CompilerServices.AsyncMethodBuilderCore.Start[TStateMachine](TStateMachine&amp; stateMachine)
   at Microsoft.SqlTools.ServiceLayer.IntegrationTests.QueryExecution.DataTypeTests.ExecuteAndVerifyResult(String queryText, String expectedValue)
   at Microsoft.SqlTools.ServiceLayer.IntegrationTests.QueryExecution.DataTypeTests.TimestampTest() in /Users/aasimkhan/src/sqltoolsservice/test/Microsoft.SqlTools.ServiceLayer.IntegrationTests/QueryExecution/DataTypeTests.cs:line 164
   at System.Runtime.CompilerServices.AsyncMethodBuilderCore.Start[TStateMachine](TStateMachine&amp; stateMachine)
   at Microsoft.SqlTools.ServiceLayer.IntegrationTests.QueryExecution.DataTypeTests.TimestampTest()</failure>
    </testcase>
    <testcase classname="Microsoft.SqlTools.ServiceLayer.IntegrationTests.QueryExecution.DataTypeTests" name="TimeTest" time="0.0009830">
      <failure type="failure" message="  Cannot find any instance for version key: sqlOnPrem&#xA;  Expected: True&#xA;  But was:  False&#xA;">at Microsoft.SqlTools.ServiceLayer.Test.Common.TestConnectionProfileService.GetInstance(String key) in /Users/aasimkhan/src/sqltoolsservice/test/Microsoft.SqlTools.ServiceLayer.Test.Common/TestConnectionProfileService.cs:line 59
   at Microsoft.SqlTools.ServiceLayer.Test.Common.TestConnectionProfileService.GetConnectionParameters(String key, String databaseName) in /Users/aasimkhan/src/sqltoolsservice/test/Microsoft.SqlTools.ServiceLayer.Test.Common/TestConnectionProfileService.cs:line 65
   at Microsoft.SqlTools.ServiceLayer.Test.Common.TestConnectionProfileService.GetConnectionParameters(TestServerType serverType, String databaseName) in /Users/aasimkhan/src/sqltoolsservice/test/Microsoft.SqlTools.ServiceLayer.Test.Common/TestConnectionProfileService.cs:line 75
   at Microsoft.SqlTools.ServiceLayer.IntegrationTests.Utility.LiveConnectionHelper.InitLiveConnectionInfoAsync(String databaseName, String ownerUri, String connectionType, TestServerType serverType) in /Users/aasimkhan/src/sqltoolsservice/test/Microsoft.SqlTools.ServiceLayer.IntegrationTests/Utility/LiveConnectionHelper.cs:line 68
   at Microsoft.SqlTools.ServiceLayer.IntegrationTests.Utility.LiveConnectionHelper.InitLiveConnectionInfo(String databaseName, String ownerUri) in /Users/aasimkhan/src/sqltoolsservice/test/Microsoft.SqlTools.ServiceLayer.IntegrationTests/Utility/LiveConnectionHelper.cs:line 52
   at Microsoft.SqlTools.ServiceLayer.IntegrationTests.QueryExecution.DataTypeTests.ExecuteAndVerifyResult(String queryText, String expectedValue) in /Users/aasimkhan/src/sqltoolsservice/test/Microsoft.SqlTools.ServiceLayer.IntegrationTests/QueryExecution/DataTypeTests.cs:line 218
   at Microsoft.SqlTools.ServiceLayer.IntegrationTests.QueryExecution.DataTypeTests.TimeTest() in /Users/aasimkhan/src/sqltoolsservice/test/Microsoft.SqlTools.ServiceLayer.IntegrationTests/QueryExecution/DataTypeTests.cs:line 158
   at NUnit.Framework.Internal.TaskAwaitAdapter.GenericAdapter`1.GetResult()
   at NUnit.Framework.Internal.AsyncToSyncAdapter.Await(Func`1 invoke)
   at NUnit.Framework.Internal.Commands.TestMethodCommand.RunTestMethod(TestExecutionContext context)
   at NUnit.Framework.Internal.Commands.TestMethodCommand.Execute(TestExecutionContext context)
   at NUnit.Framework.Internal.Execution.SimpleWorkItem.&lt;&gt;c__DisplayClass4_0.&lt;PerformWork&gt;b__0()
   at NUnit.Framework.Internal.ContextUtils.&lt;&gt;c__DisplayClass1_0`1.&lt;DoIsolated&gt;b__0(Object _)

1)    at Microsoft.SqlTools.ServiceLayer.Test.Common.TestConnectionProfileService.GetInstance(String key) in /Users/aasimkhan/src/sqltoolsservice/test/Microsoft.SqlTools.ServiceLayer.Test.Common/TestConnectionProfileService.cs:line 59
   at Microsoft.SqlTools.ServiceLayer.Test.Common.TestConnectionProfileService.GetConnectionParameters(String key, String databaseName) in /Users/aasimkhan/src/sqltoolsservice/test/Microsoft.SqlTools.ServiceLayer.Test.Common/TestConnectionProfileService.cs:line 65
   at Microsoft.SqlTools.ServiceLayer.Test.Common.TestConnectionProfileService.GetConnectionParameters(TestServerType serverType, String databaseName) in /Users/aasimkhan/src/sqltoolsservice/test/Microsoft.SqlTools.ServiceLayer.Test.Common/TestConnectionProfileService.cs:line 75
   at Microsoft.SqlTools.ServiceLayer.IntegrationTests.Utility.LiveConnectionHelper.InitLiveConnectionInfoAsync(String databaseName, String ownerUri, String connectionType, TestServerType serverType) in /Users/aasimkhan/src/sqltoolsservice/test/Microsoft.SqlTools.ServiceLayer.IntegrationTests/Utility/LiveConnectionHelper.cs:line 68
   at System.Runtime.CompilerServices.AsyncMethodBuilderCore.Start[TStateMachine](TStateMachine&amp; stateMachine)
   at Microsoft.SqlTools.ServiceLayer.IntegrationTests.Utility.LiveConnectionHelper.InitLiveConnectionInfoAsync(String databaseName, String ownerUri, String connectionType, TestServerType serverType)
   at Microsoft.SqlTools.ServiceLayer.IntegrationTests.Utility.LiveConnectionHelper.InitLiveConnectionInfo(String databaseName, String ownerUri) in /Users/aasimkhan/src/sqltoolsservice/test/Microsoft.SqlTools.ServiceLayer.IntegrationTests/Utility/LiveConnectionHelper.cs:line 52
   at Microsoft.SqlTools.ServiceLayer.IntegrationTests.QueryExecution.DataTypeTests.ExecuteAndVerifyResult(String queryText, String expectedValue) in /Users/aasimkhan/src/sqltoolsservice/test/Microsoft.SqlTools.ServiceLayer.IntegrationTests/QueryExecution/DataTypeTests.cs:line 218
   at System.Runtime.CompilerServices.AsyncMethodBuilderCore.Start[TStateMachine](TStateMachine&amp; stateMachine)
   at Microsoft.SqlTools.ServiceLayer.IntegrationTests.QueryExecution.DataTypeTests.ExecuteAndVerifyResult(String queryText, String expectedValue)
   at Microsoft.SqlTools.ServiceLayer.IntegrationTests.QueryExecution.DataTypeTests.TimeTest() in /Users/aasimkhan/src/sqltoolsservice/test/Microsoft.SqlTools.ServiceLayer.IntegrationTests/QueryExecution/DataTypeTests.cs:line 158
   at System.Runtime.CompilerServices.AsyncMethodBuilderCore.Start[TStateMachine](TStateMachine&amp; stateMachine)
   at Microsoft.SqlTools.ServiceLayer.IntegrationTests.QueryExecution.DataTypeTests.TimeTest()</failure>
    </testcase>
    <testcase classname="Microsoft.SqlTools.ServiceLayer.IntegrationTests.QueryExecution.DataTypeTests" name="TinyIntTest" time="0.0009510">
      <failure type="failure" message="  Cannot find any instance for version key: sqlOnPrem&#xA;  Expected: True&#xA;  But was:  False&#xA;">at Microsoft.SqlTools.ServiceLayer.Test.Common.TestConnectionProfileService.GetInstance(String key) in /Users/aasimkhan/src/sqltoolsservice/test/Microsoft.SqlTools.ServiceLayer.Test.Common/TestConnectionProfileService.cs:line 59
   at Microsoft.SqlTools.ServiceLayer.Test.Common.TestConnectionProfileService.GetConnectionParameters(String key, String databaseName) in /Users/aasimkhan/src/sqltoolsservice/test/Microsoft.SqlTools.ServiceLayer.Test.Common/TestConnectionProfileService.cs:line 65
   at Microsoft.SqlTools.ServiceLayer.Test.Common.TestConnectionProfileService.GetConnectionParameters(TestServerType serverType, String databaseName) in /Users/aasimkhan/src/sqltoolsservice/test/Microsoft.SqlTools.ServiceLayer.Test.Common/TestConnectionProfileService.cs:line 75
   at Microsoft.SqlTools.ServiceLayer.IntegrationTests.Utility.LiveConnectionHelper.InitLiveConnectionInfoAsync(String databaseName, String ownerUri, String connectionType, TestServerType serverType) in /Users/aasimkhan/src/sqltoolsservice/test/Microsoft.SqlTools.ServiceLayer.IntegrationTests/Utility/LiveConnectionHelper.cs:line 68
   at Microsoft.SqlTools.ServiceLayer.IntegrationTests.Utility.LiveConnectionHelper.InitLiveConnectionInfo(String databaseName, String ownerUri) in /Users/aasimkhan/src/sqltoolsservice/test/Microsoft.SqlTools.ServiceLayer.IntegrationTests/Utility/LiveConnectionHelper.cs:line 52
   at Microsoft.SqlTools.ServiceLayer.IntegrationTests.QueryExecution.DataTypeTests.ExecuteAndVerifyResult(String queryText, String expectedValue) in /Users/aasimkhan/src/sqltoolsservice/test/Microsoft.SqlTools.ServiceLayer.IntegrationTests/QueryExecution/DataTypeTests.cs:line 218
   at Microsoft.SqlTools.ServiceLayer.IntegrationTests.QueryExecution.DataTypeTests.TinyIntTest() in /Users/aasimkhan/src/sqltoolsservice/test/Microsoft.SqlTools.ServiceLayer.IntegrationTests/QueryExecution/DataTypeTests.cs:line 170
   at NUnit.Framework.Internal.TaskAwaitAdapter.GenericAdapter`1.GetResult()
   at NUnit.Framework.Internal.AsyncToSyncAdapter.Await(Func`1 invoke)
   at NUnit.Framework.Internal.Commands.TestMethodCommand.RunTestMethod(TestExecutionContext context)
   at NUnit.Framework.Internal.Commands.TestMethodCommand.Execute(TestExecutionContext context)
   at NUnit.Framework.Internal.Execution.SimpleWorkItem.&lt;&gt;c__DisplayClass4_0.&lt;PerformWork&gt;b__0()
   at NUnit.Framework.Internal.ContextUtils.&lt;&gt;c__DisplayClass1_0`1.&lt;DoIsolated&gt;b__0(Object _)

1)    at Microsoft.SqlTools.ServiceLayer.Test.Common.TestConnectionProfileService.GetInstance(String key) in /Users/aasimkhan/src/sqltoolsservice/test/Microsoft.SqlTools.ServiceLayer.Test.Common/TestConnectionProfileService.cs:line 59
   at Microsoft.SqlTools.ServiceLayer.Test.Common.TestConnectionProfileService.GetConnectionParameters(String key, String databaseName) in /Users/aasimkhan/src/sqltoolsservice/test/Microsoft.SqlTools.ServiceLayer.Test.Common/TestConnectionProfileService.cs:line 65
   at Microsoft.SqlTools.ServiceLayer.Test.Common.TestConnectionProfileService.GetConnectionParameters(TestServerType serverType, String databaseName) in /Users/aasimkhan/src/sqltoolsservice/test/Microsoft.SqlTools.ServiceLayer.Test.Common/TestConnectionProfileService.cs:line 75
   at Microsoft.SqlTools.ServiceLayer.IntegrationTests.Utility.LiveConnectionHelper.InitLiveConnectionInfoAsync(String databaseName, String ownerUri, String connectionType, TestServerType serverType) in /Users/aasimkhan/src/sqltoolsservice/test/Microsoft.SqlTools.ServiceLayer.IntegrationTests/Utility/LiveConnectionHelper.cs:line 68
   at System.Runtime.CompilerServices.AsyncMethodBuilderCore.Start[TStateMachine](TStateMachine&amp; stateMachine)
   at Microsoft.SqlTools.ServiceLayer.IntegrationTests.Utility.LiveConnectionHelper.InitLiveConnectionInfoAsync(String databaseName, String ownerUri, String connectionType, TestServerType serverType)
   at Microsoft.SqlTools.ServiceLayer.IntegrationTests.Utility.LiveConnectionHelper.InitLiveConnectionInfo(String databaseName, String ownerUri) in /Users/aasimkhan/src/sqltoolsservice/test/Microsoft.SqlTools.ServiceLayer.IntegrationTests/Utility/LiveConnectionHelper.cs:line 52
   at Microsoft.SqlTools.ServiceLayer.IntegrationTests.QueryExecution.DataTypeTests.ExecuteAndVerifyResult(String queryText, String expectedValue) in /Users/aasimkhan/src/sqltoolsservice/test/Microsoft.SqlTools.ServiceLayer.IntegrationTests/QueryExecution/DataTypeTests.cs:line 218
   at System.Runtime.CompilerServices.AsyncMethodBuilderCore.Start[TStateMachine](TStateMachine&amp; stateMachine)
   at Microsoft.SqlTools.ServiceLayer.IntegrationTests.QueryExecution.DataTypeTests.ExecuteAndVerifyResult(String queryText, String expectedValue)
   at Microsoft.SqlTools.ServiceLayer.IntegrationTests.QueryExecution.DataTypeTests.TinyIntTest() in /Users/aasimkhan/src/sqltoolsservice/test/Microsoft.SqlTools.ServiceLayer.IntegrationTests/QueryExecution/DataTypeTests.cs:line 170
   at System.Runtime.CompilerServices.AsyncMethodBuilderCore.Start[TStateMachine](TStateMachine&amp; stateMachine)
   at Microsoft.SqlTools.ServiceLayer.IntegrationTests.QueryExecution.DataTypeTests.TinyIntTest()</failure>
    </testcase>
    <testcase classname="Microsoft.SqlTools.ServiceLayer.IntegrationTests.QueryExecution.DataTypeTests" name="UniqueIdentifierTest" time="0.0010540">
      <failure type="failure" message="  Cannot find any instance for version key: sqlOnPrem&#xA;  Expected: True&#xA;  But was:  False&#xA;">at Microsoft.SqlTools.ServiceLayer.Test.Common.TestConnectionProfileService.GetInstance(String key) in /Users/aasimkhan/src/sqltoolsservice/test/Microsoft.SqlTools.ServiceLayer.Test.Common/TestConnectionProfileService.cs:line 59
   at Microsoft.SqlTools.ServiceLayer.Test.Common.TestConnectionProfileService.GetConnectionParameters(String key, String databaseName) in /Users/aasimkhan/src/sqltoolsservice/test/Microsoft.SqlTools.ServiceLayer.Test.Common/TestConnectionProfileService.cs:line 65
   at Microsoft.SqlTools.ServiceLayer.Test.Common.TestConnectionProfileService.GetConnectionParameters(TestServerType serverType, String databaseName) in /Users/aasimkhan/src/sqltoolsservice/test/Microsoft.SqlTools.ServiceLayer.Test.Common/TestConnectionProfileService.cs:line 75
   at Microsoft.SqlTools.ServiceLayer.IntegrationTests.Utility.LiveConnectionHelper.InitLiveConnectionInfoAsync(String databaseName, String ownerUri, String connectionType, TestServerType serverType) in /Users/aasimkhan/src/sqltoolsservice/test/Microsoft.SqlTools.ServiceLayer.IntegrationTests/Utility/LiveConnectionHelper.cs:line 68
   at Microsoft.SqlTools.ServiceLayer.IntegrationTests.Utility.LiveConnectionHelper.InitLiveConnectionInfo(String databaseName, String ownerUri) in /Users/aasimkhan/src/sqltoolsservice/test/Microsoft.SqlTools.ServiceLayer.IntegrationTests/Utility/LiveConnectionHelper.cs:line 52
   at Microsoft.SqlTools.ServiceLayer.IntegrationTests.QueryExecution.DataTypeTests.ExecuteAndVerifyResult(String queryText, String expectedValue) in /Users/aasimkhan/src/sqltoolsservice/test/Microsoft.SqlTools.ServiceLayer.IntegrationTests/QueryExecution/DataTypeTests.cs:line 218
   at Microsoft.SqlTools.ServiceLayer.IntegrationTests.QueryExecution.DataTypeTests.UniqueIdentifierTest() in /Users/aasimkhan/src/sqltoolsservice/test/Microsoft.SqlTools.ServiceLayer.IntegrationTests/QueryExecution/DataTypeTests.cs:line 176
   at NUnit.Framework.Internal.TaskAwaitAdapter.GenericAdapter`1.GetResult()
   at NUnit.Framework.Internal.AsyncToSyncAdapter.Await(Func`1 invoke)
   at NUnit.Framework.Internal.Commands.TestMethodCommand.RunTestMethod(TestExecutionContext context)
   at NUnit.Framework.Internal.Commands.TestMethodCommand.Execute(TestExecutionContext context)
   at NUnit.Framework.Internal.Execution.SimpleWorkItem.&lt;&gt;c__DisplayClass4_0.&lt;PerformWork&gt;b__0()
   at NUnit.Framework.Internal.ContextUtils.&lt;&gt;c__DisplayClass1_0`1.&lt;DoIsolated&gt;b__0(Object _)

1)    at Microsoft.SqlTools.ServiceLayer.Test.Common.TestConnectionProfileService.GetInstance(String key) in /Users/aasimkhan/src/sqltoolsservice/test/Microsoft.SqlTools.ServiceLayer.Test.Common/TestConnectionProfileService.cs:line 59
   at Microsoft.SqlTools.ServiceLayer.Test.Common.TestConnectionProfileService.GetConnectionParameters(String key, String databaseName) in /Users/aasimkhan/src/sqltoolsservice/test/Microsoft.SqlTools.ServiceLayer.Test.Common/TestConnectionProfileService.cs:line 65
   at Microsoft.SqlTools.ServiceLayer.Test.Common.TestConnectionProfileService.GetConnectionParameters(TestServerType serverType, String databaseName) in /Users/aasimkhan/src/sqltoolsservice/test/Microsoft.SqlTools.ServiceLayer.Test.Common/TestConnectionProfileService.cs:line 75
   at Microsoft.SqlTools.ServiceLayer.IntegrationTests.Utility.LiveConnectionHelper.InitLiveConnectionInfoAsync(String databaseName, String ownerUri, String connectionType, TestServerType serverType) in /Users/aasimkhan/src/sqltoolsservice/test/Microsoft.SqlTools.ServiceLayer.IntegrationTests/Utility/LiveConnectionHelper.cs:line 68
   at System.Runtime.CompilerServices.AsyncMethodBuilderCore.Start[TStateMachine](TStateMachine&amp; stateMachine)
   at Microsoft.SqlTools.ServiceLayer.IntegrationTests.Utility.LiveConnectionHelper.InitLiveConnectionInfoAsync(String databaseName, String ownerUri, String connectionType, TestServerType serverType)
   at Microsoft.SqlTools.ServiceLayer.IntegrationTests.Utility.LiveConnectionHelper.InitLiveConnectionInfo(String databaseName, String ownerUri) in /Users/aasimkhan/src/sqltoolsservice/test/Microsoft.SqlTools.ServiceLayer.IntegrationTests/Utility/LiveConnectionHelper.cs:line 52
   at Microsoft.SqlTools.ServiceLayer.IntegrationTests.QueryExecution.DataTypeTests.ExecuteAndVerifyResult(String queryText, String expectedValue) in /Users/aasimkhan/src/sqltoolsservice/test/Microsoft.SqlTools.ServiceLayer.IntegrationTests/QueryExecution/DataTypeTests.cs:line 218
   at System.Runtime.CompilerServices.AsyncMethodBuilderCore.Start[TStateMachine](TStateMachine&amp; stateMachine)
   at Microsoft.SqlTools.ServiceLayer.IntegrationTests.QueryExecution.DataTypeTests.ExecuteAndVerifyResult(String queryText, String expectedValue)
   at Microsoft.SqlTools.ServiceLayer.IntegrationTests.QueryExecution.DataTypeTests.UniqueIdentifierTest() in /Users/aasimkhan/src/sqltoolsservice/test/Microsoft.SqlTools.ServiceLayer.IntegrationTests/QueryExecution/DataTypeTests.cs:line 176
   at System.Runtime.CompilerServices.AsyncMethodBuilderCore.Start[TStateMachine](TStateMachine&amp; stateMachine)
   at Microsoft.SqlTools.ServiceLayer.IntegrationTests.QueryExecution.DataTypeTests.UniqueIdentifierTest()</failure>
    </testcase>
    <testcase classname="Microsoft.SqlTools.ServiceLayer.IntegrationTests.QueryExecution.DataTypeTests" name="VarBinaryTest" time="0.0010700">
      <failure type="failure" message="  Cannot find any instance for version key: sqlOnPrem&#xA;  Expected: True&#xA;  But was:  False&#xA;">at Microsoft.SqlTools.ServiceLayer.Test.Common.TestConnectionProfileService.GetInstance(String key) in /Users/aasimkhan/src/sqltoolsservice/test/Microsoft.SqlTools.ServiceLayer.Test.Common/TestConnectionProfileService.cs:line 59
   at Microsoft.SqlTools.ServiceLayer.Test.Common.TestConnectionProfileService.GetConnectionParameters(String key, String databaseName) in /Users/aasimkhan/src/sqltoolsservice/test/Microsoft.SqlTools.ServiceLayer.Test.Common/TestConnectionProfileService.cs:line 65
   at Microsoft.SqlTools.ServiceLayer.Test.Common.TestConnectionProfileService.GetConnectionParameters(TestServerType serverType, String databaseName) in /Users/aasimkhan/src/sqltoolsservice/test/Microsoft.SqlTools.ServiceLayer.Test.Common/TestConnectionProfileService.cs:line 75
   at Microsoft.SqlTools.ServiceLayer.IntegrationTests.Utility.LiveConnectionHelper.InitLiveConnectionInfoAsync(String databaseName, String ownerUri, String connectionType, TestServerType serverType) in /Users/aasimkhan/src/sqltoolsservice/test/Microsoft.SqlTools.ServiceLayer.IntegrationTests/Utility/LiveConnectionHelper.cs:line 68
   at Microsoft.SqlTools.ServiceLayer.IntegrationTests.Utility.LiveConnectionHelper.InitLiveConnectionInfo(String databaseName, String ownerUri) in /Users/aasimkhan/src/sqltoolsservice/test/Microsoft.SqlTools.ServiceLayer.IntegrationTests/Utility/LiveConnectionHelper.cs:line 52
   at Microsoft.SqlTools.ServiceLayer.IntegrationTests.QueryExecution.DataTypeTests.ExecuteAndVerifyResult(String queryText, String expectedValue) in /Users/aasimkhan/src/sqltoolsservice/test/Microsoft.SqlTools.ServiceLayer.IntegrationTests/QueryExecution/DataTypeTests.cs:line 218
   at Microsoft.SqlTools.ServiceLayer.IntegrationTests.QueryExecution.DataTypeTests.VarBinaryTest() in /Users/aasimkhan/src/sqltoolsservice/test/Microsoft.SqlTools.ServiceLayer.IntegrationTests/QueryExecution/DataTypeTests.cs:line 182
   at NUnit.Framework.Internal.TaskAwaitAdapter.GenericAdapter`1.GetResult()
   at NUnit.Framework.Internal.AsyncToSyncAdapter.Await(Func`1 invoke)
   at NUnit.Framework.Internal.Commands.TestMethodCommand.RunTestMethod(TestExecutionContext context)
   at NUnit.Framework.Internal.Commands.TestMethodCommand.Execute(TestExecutionContext context)
   at NUnit.Framework.Internal.Execution.SimpleWorkItem.&lt;&gt;c__DisplayClass4_0.&lt;PerformWork&gt;b__0()
   at NUnit.Framework.Internal.ContextUtils.&lt;&gt;c__DisplayClass1_0`1.&lt;DoIsolated&gt;b__0(Object _)

1)    at Microsoft.SqlTools.ServiceLayer.Test.Common.TestConnectionProfileService.GetInstance(String key) in /Users/aasimkhan/src/sqltoolsservice/test/Microsoft.SqlTools.ServiceLayer.Test.Common/TestConnectionProfileService.cs:line 59
   at Microsoft.SqlTools.ServiceLayer.Test.Common.TestConnectionProfileService.GetConnectionParameters(String key, String databaseName) in /Users/aasimkhan/src/sqltoolsservice/test/Microsoft.SqlTools.ServiceLayer.Test.Common/TestConnectionProfileService.cs:line 65
   at Microsoft.SqlTools.ServiceLayer.Test.Common.TestConnectionProfileService.GetConnectionParameters(TestServerType serverType, String databaseName) in /Users/aasimkhan/src/sqltoolsservice/test/Microsoft.SqlTools.ServiceLayer.Test.Common/TestConnectionProfileService.cs:line 75
   at Microsoft.SqlTools.ServiceLayer.IntegrationTests.Utility.LiveConnectionHelper.InitLiveConnectionInfoAsync(String databaseName, String ownerUri, String connectionType, TestServerType serverType) in /Users/aasimkhan/src/sqltoolsservice/test/Microsoft.SqlTools.ServiceLayer.IntegrationTests/Utility/LiveConnectionHelper.cs:line 68
   at System.Runtime.CompilerServices.AsyncMethodBuilderCore.Start[TStateMachine](TStateMachine&amp; stateMachine)
   at Microsoft.SqlTools.ServiceLayer.IntegrationTests.Utility.LiveConnectionHelper.InitLiveConnectionInfoAsync(String databaseName, String ownerUri, String connectionType, TestServerType serverType)
   at Microsoft.SqlTools.ServiceLayer.IntegrationTests.Utility.LiveConnectionHelper.InitLiveConnectionInfo(String databaseName, String ownerUri) in /Users/aasimkhan/src/sqltoolsservice/test/Microsoft.SqlTools.ServiceLayer.IntegrationTests/Utility/LiveConnectionHelper.cs:line 52
   at Microsoft.SqlTools.ServiceLayer.IntegrationTests.QueryExecution.DataTypeTests.ExecuteAndVerifyResult(String queryText, String expectedValue) in /Users/aasimkhan/src/sqltoolsservice/test/Microsoft.SqlTools.ServiceLayer.IntegrationTests/QueryExecution/DataTypeTests.cs:line 218
   at System.Runtime.CompilerServices.AsyncMethodBuilderCore.Start[TStateMachine](TStateMachine&amp; stateMachine)
   at Microsoft.SqlTools.ServiceLayer.IntegrationTests.QueryExecution.DataTypeTests.ExecuteAndVerifyResult(String queryText, String expectedValue)
   at Microsoft.SqlTools.ServiceLayer.IntegrationTests.QueryExecution.DataTypeTests.VarBinaryTest() in /Users/aasimkhan/src/sqltoolsservice/test/Microsoft.SqlTools.ServiceLayer.IntegrationTests/QueryExecution/DataTypeTests.cs:line 182
   at System.Runtime.CompilerServices.AsyncMethodBuilderCore.Start[TStateMachine](TStateMachine&amp; stateMachine)
   at Microsoft.SqlTools.ServiceLayer.IntegrationTests.QueryExecution.DataTypeTests.VarBinaryTest()</failure>
    </testcase>
    <testcase classname="Microsoft.SqlTools.ServiceLayer.IntegrationTests.QueryExecution.DataTypeTests" name="VarCharTest" time="0.0013130">
      <failure type="failure" message="  Cannot find any instance for version key: sqlOnPrem&#xA;  Expected: True&#xA;  But was:  False&#xA;">at Microsoft.SqlTools.ServiceLayer.Test.Common.TestConnectionProfileService.GetInstance(String key) in /Users/aasimkhan/src/sqltoolsservice/test/Microsoft.SqlTools.ServiceLayer.Test.Common/TestConnectionProfileService.cs:line 59
   at Microsoft.SqlTools.ServiceLayer.Test.Common.TestConnectionProfileService.GetConnectionParameters(String key, String databaseName) in /Users/aasimkhan/src/sqltoolsservice/test/Microsoft.SqlTools.ServiceLayer.Test.Common/TestConnectionProfileService.cs:line 65
   at Microsoft.SqlTools.ServiceLayer.Test.Common.TestConnectionProfileService.GetConnectionParameters(TestServerType serverType, String databaseName) in /Users/aasimkhan/src/sqltoolsservice/test/Microsoft.SqlTools.ServiceLayer.Test.Common/TestConnectionProfileService.cs:line 75
   at Microsoft.SqlTools.ServiceLayer.IntegrationTests.Utility.LiveConnectionHelper.InitLiveConnectionInfoAsync(String databaseName, String ownerUri, String connectionType, TestServerType serverType) in /Users/aasimkhan/src/sqltoolsservice/test/Microsoft.SqlTools.ServiceLayer.IntegrationTests/Utility/LiveConnectionHelper.cs:line 68
   at Microsoft.SqlTools.ServiceLayer.IntegrationTests.Utility.LiveConnectionHelper.InitLiveConnectionInfo(String databaseName, String ownerUri) in /Users/aasimkhan/src/sqltoolsservice/test/Microsoft.SqlTools.ServiceLayer.IntegrationTests/Utility/LiveConnectionHelper.cs:line 52
   at Microsoft.SqlTools.ServiceLayer.IntegrationTests.QueryExecution.DataTypeTests.ExecuteAndVerifyResult(String queryText, String expectedValue) in /Users/aasimkhan/src/sqltoolsservice/test/Microsoft.SqlTools.ServiceLayer.IntegrationTests/QueryExecution/DataTypeTests.cs:line 218
   at Microsoft.SqlTools.ServiceLayer.IntegrationTests.QueryExecution.DataTypeTests.VarCharTest() in /Users/aasimkhan/src/sqltoolsservice/test/Microsoft.SqlTools.ServiceLayer.IntegrationTests/QueryExecution/DataTypeTests.cs:line 188
   at NUnit.Framework.Internal.TaskAwaitAdapter.GenericAdapter`1.GetResult()
   at NUnit.Framework.Internal.AsyncToSyncAdapter.Await(Func`1 invoke)
   at NUnit.Framework.Internal.Commands.TestMethodCommand.RunTestMethod(TestExecutionContext context)
   at NUnit.Framework.Internal.Commands.TestMethodCommand.Execute(TestExecutionContext context)
   at NUnit.Framework.Internal.Execution.SimpleWorkItem.&lt;&gt;c__DisplayClass4_0.&lt;PerformWork&gt;b__0()
   at NUnit.Framework.Internal.ContextUtils.&lt;&gt;c__DisplayClass1_0`1.&lt;DoIsolated&gt;b__0(Object _)

1)    at Microsoft.SqlTools.ServiceLayer.Test.Common.TestConnectionProfileService.GetInstance(String key) in /Users/aasimkhan/src/sqltoolsservice/test/Microsoft.SqlTools.ServiceLayer.Test.Common/TestConnectionProfileService.cs:line 59
   at Microsoft.SqlTools.ServiceLayer.Test.Common.TestConnectionProfileService.GetConnectionParameters(String key, String databaseName) in /Users/aasimkhan/src/sqltoolsservice/test/Microsoft.SqlTools.ServiceLayer.Test.Common/TestConnectionProfileService.cs:line 65
   at Microsoft.SqlTools.ServiceLayer.Test.Common.TestConnectionProfileService.GetConnectionParameters(TestServerType serverType, String databaseName) in /Users/aasimkhan/src/sqltoolsservice/test/Microsoft.SqlTools.ServiceLayer.Test.Common/TestConnectionProfileService.cs:line 75
   at Microsoft.SqlTools.ServiceLayer.IntegrationTests.Utility.LiveConnectionHelper.InitLiveConnectionInfoAsync(String databaseName, String ownerUri, String connectionType, TestServerType serverType) in /Users/aasimkhan/src/sqltoolsservice/test/Microsoft.SqlTools.ServiceLayer.IntegrationTests/Utility/LiveConnectionHelper.cs:line 68
   at System.Runtime.CompilerServices.AsyncMethodBuilderCore.Start[TStateMachine](TStateMachine&amp; stateMachine)
   at Microsoft.SqlTools.ServiceLayer.IntegrationTests.Utility.LiveConnectionHelper.InitLiveConnectionInfoAsync(String databaseName, String ownerUri, String connectionType, TestServerType serverType)
   at Microsoft.SqlTools.ServiceLayer.IntegrationTests.Utility.LiveConnectionHelper.InitLiveConnectionInfo(String databaseName, String ownerUri) in /Users/aasimkhan/src/sqltoolsservice/test/Microsoft.SqlTools.ServiceLayer.IntegrationTests/Utility/LiveConnectionHelper.cs:line 52
   at Microsoft.SqlTools.ServiceLayer.IntegrationTests.QueryExecution.DataTypeTests.ExecuteAndVerifyResult(String queryText, String expectedValue) in /Users/aasimkhan/src/sqltoolsservice/test/Microsoft.SqlTools.ServiceLayer.IntegrationTests/QueryExecution/DataTypeTests.cs:line 218
   at System.Runtime.CompilerServices.AsyncMethodBuilderCore.Start[TStateMachine](TStateMachine&amp; stateMachine)
   at Microsoft.SqlTools.ServiceLayer.IntegrationTests.QueryExecution.DataTypeTests.ExecuteAndVerifyResult(String queryText, String expectedValue)
   at Microsoft.SqlTools.ServiceLayer.IntegrationTests.QueryExecution.DataTypeTests.VarCharTest() in /Users/aasimkhan/src/sqltoolsservice/test/Microsoft.SqlTools.ServiceLayer.IntegrationTests/QueryExecution/DataTypeTests.cs:line 188
   at System.Runtime.CompilerServices.AsyncMethodBuilderCore.Start[TStateMachine](TStateMachine&amp; stateMachine)
   at Microsoft.SqlTools.ServiceLayer.IntegrationTests.QueryExecution.DataTypeTests.VarCharTest()</failure>
    </testcase>
    <testcase classname="Microsoft.SqlTools.ServiceLayer.IntegrationTests.QueryExecution.DataTypeTests" name="XmlTest" time="0.0011610">
      <failure type="failure" message="  Cannot find any instance for version key: sqlOnPrem&#xA;  Expected: True&#xA;  But was:  False&#xA;">at Microsoft.SqlTools.ServiceLayer.Test.Common.TestConnectionProfileService.GetInstance(String key) in /Users/aasimkhan/src/sqltoolsservice/test/Microsoft.SqlTools.ServiceLayer.Test.Common/TestConnectionProfileService.cs:line 59
   at Microsoft.SqlTools.ServiceLayer.Test.Common.TestConnectionProfileService.GetConnectionParameters(String key, String databaseName) in /Users/aasimkhan/src/sqltoolsservice/test/Microsoft.SqlTools.ServiceLayer.Test.Common/TestConnectionProfileService.cs:line 65
   at Microsoft.SqlTools.ServiceLayer.Test.Common.TestConnectionProfileService.GetConnectionParameters(TestServerType serverType, String databaseName) in /Users/aasimkhan/src/sqltoolsservice/test/Microsoft.SqlTools.ServiceLayer.Test.Common/TestConnectionProfileService.cs:line 75
   at Microsoft.SqlTools.ServiceLayer.IntegrationTests.Utility.LiveConnectionHelper.InitLiveConnectionInfoAsync(String databaseName, String ownerUri, String connectionType, TestServerType serverType) in /Users/aasimkhan/src/sqltoolsservice/test/Microsoft.SqlTools.ServiceLayer.IntegrationTests/Utility/LiveConnectionHelper.cs:line 68
   at Microsoft.SqlTools.ServiceLayer.IntegrationTests.Utility.LiveConnectionHelper.InitLiveConnectionInfo(String databaseName, String ownerUri) in /Users/aasimkhan/src/sqltoolsservice/test/Microsoft.SqlTools.ServiceLayer.IntegrationTests/Utility/LiveConnectionHelper.cs:line 52
   at Microsoft.SqlTools.ServiceLayer.IntegrationTests.QueryExecution.DataTypeTests.ExecuteAndVerifyResult(String queryText, String expectedValue) in /Users/aasimkhan/src/sqltoolsservice/test/Microsoft.SqlTools.ServiceLayer.IntegrationTests/QueryExecution/DataTypeTests.cs:line 218
   at Microsoft.SqlTools.ServiceLayer.IntegrationTests.QueryExecution.DataTypeTests.XmlTest() in /Users/aasimkhan/src/sqltoolsservice/test/Microsoft.SqlTools.ServiceLayer.IntegrationTests/QueryExecution/DataTypeTests.cs:line 194
   at NUnit.Framework.Internal.TaskAwaitAdapter.GenericAdapter`1.GetResult()
   at NUnit.Framework.Internal.AsyncToSyncAdapter.Await(Func`1 invoke)
   at NUnit.Framework.Internal.Commands.TestMethodCommand.RunTestMethod(TestExecutionContext context)
   at NUnit.Framework.Internal.Commands.TestMethodCommand.Execute(TestExecutionContext context)
   at NUnit.Framework.Internal.Execution.SimpleWorkItem.&lt;&gt;c__DisplayClass4_0.&lt;PerformWork&gt;b__0()
   at NUnit.Framework.Internal.ContextUtils.&lt;&gt;c__DisplayClass1_0`1.&lt;DoIsolated&gt;b__0(Object _)

1)    at Microsoft.SqlTools.ServiceLayer.Test.Common.TestConnectionProfileService.GetInstance(String key) in /Users/aasimkhan/src/sqltoolsservice/test/Microsoft.SqlTools.ServiceLayer.Test.Common/TestConnectionProfileService.cs:line 59
   at Microsoft.SqlTools.ServiceLayer.Test.Common.TestConnectionProfileService.GetConnectionParameters(String key, String databaseName) in /Users/aasimkhan/src/sqltoolsservice/test/Microsoft.SqlTools.ServiceLayer.Test.Common/TestConnectionProfileService.cs:line 65
   at Microsoft.SqlTools.ServiceLayer.Test.Common.TestConnectionProfileService.GetConnectionParameters(TestServerType serverType, String databaseName) in /Users/aasimkhan/src/sqltoolsservice/test/Microsoft.SqlTools.ServiceLayer.Test.Common/TestConnectionProfileService.cs:line 75
   at Microsoft.SqlTools.ServiceLayer.IntegrationTests.Utility.LiveConnectionHelper.InitLiveConnectionInfoAsync(String databaseName, String ownerUri, String connectionType, TestServerType serverType) in /Users/aasimkhan/src/sqltoolsservice/test/Microsoft.SqlTools.ServiceLayer.IntegrationTests/Utility/LiveConnectionHelper.cs:line 68
   at System.Runtime.CompilerServices.AsyncMethodBuilderCore.Start[TStateMachine](TStateMachine&amp; stateMachine)
   at Microsoft.SqlTools.ServiceLayer.IntegrationTests.Utility.LiveConnectionHelper.InitLiveConnectionInfoAsync(String databaseName, String ownerUri, String connectionType, TestServerType serverType)
   at Microsoft.SqlTools.ServiceLayer.IntegrationTests.Utility.LiveConnectionHelper.InitLiveConnectionInfo(String databaseName, String ownerUri) in /Users/aasimkhan/src/sqltoolsservice/test/Microsoft.SqlTools.ServiceLayer.IntegrationTests/Utility/LiveConnectionHelper.cs:line 52
   at Microsoft.SqlTools.ServiceLayer.IntegrationTests.QueryExecution.DataTypeTests.ExecuteAndVerifyResult(String queryText, String expectedValue) in /Users/aasimkhan/src/sqltoolsservice/test/Microsoft.SqlTools.ServiceLayer.IntegrationTests/QueryExecution/DataTypeTests.cs:line 218
   at System.Runtime.CompilerServices.AsyncMethodBuilderCore.Start[TStateMachine](TStateMachine&amp; stateMachine)
   at Microsoft.SqlTools.ServiceLayer.IntegrationTests.QueryExecution.DataTypeTests.ExecuteAndVerifyResult(String queryText, String expectedValue)
   at Microsoft.SqlTools.ServiceLayer.IntegrationTests.QueryExecution.DataTypeTests.XmlTest() in /Users/aasimkhan/src/sqltoolsservice/test/Microsoft.SqlTools.ServiceLayer.IntegrationTests/QueryExecution/DataTypeTests.cs:line 194
   at System.Runtime.CompilerServices.AsyncMethodBuilderCore.Start[TStateMachine](TStateMachine&amp; stateMachine)
   at Microsoft.SqlTools.ServiceLayer.IntegrationTests.QueryExecution.DataTypeTests.XmlTest()</failure>
    </testcase>
    <testcase classname="Microsoft.SqlTools.ServiceLayer.IntegrationTests.QueryExecution.ExecuteTests" name="DatabaseChangesWhenCallingUseDatabase" time="0.0008330">
      <failure type="failure" message="  Cannot find any instance for version key: sqlOnPrem&#xA;  Expected: True&#xA;  But was:  False&#xA;">at Microsoft.SqlTools.ServiceLayer.Test.Common.TestConnectionProfileService.GetInstance(String key) in /Users/aasimkhan/src/sqltoolsservice/test/Microsoft.SqlTools.ServiceLayer.Test.Common/TestConnectionProfileService.cs:line 59
   at Microsoft.SqlTools.ServiceLayer.Test.Common.TestConnectionProfileService.GetConnectionParameters(String key, String databaseName) in /Users/aasimkhan/src/sqltoolsservice/test/Microsoft.SqlTools.ServiceLayer.Test.Common/TestConnectionProfileService.cs:line 65
   at Microsoft.SqlTools.ServiceLayer.Test.Common.TestConnectionProfileService.GetConnectionParameters(TestServerType serverType, String databaseName) in /Users/aasimkhan/src/sqltoolsservice/test/Microsoft.SqlTools.ServiceLayer.Test.Common/TestConnectionProfileService.cs:line 75
   at Microsoft.SqlTools.ServiceLayer.IntegrationTests.Utility.LiveConnectionHelper.InitLiveConnectionInfoAsync(String databaseName, String ownerUri, String connectionType, TestServerType serverType) in /Users/aasimkhan/src/sqltoolsservice/test/Microsoft.SqlTools.ServiceLayer.IntegrationTests/Utility/LiveConnectionHelper.cs:line 68
   at Microsoft.SqlTools.ServiceLayer.IntegrationTests.Utility.LiveConnectionHelper.InitLiveConnectionInfo(String databaseName, String ownerUri) in /Users/aasimkhan/src/sqltoolsservice/test/Microsoft.SqlTools.ServiceLayer.IntegrationTests/Utility/LiveConnectionHelper.cs:line 52
   at Microsoft.SqlTools.ServiceLayer.IntegrationTests.QueryExecution.ExecuteTests.DatabaseChangesWhenCallingUseDatabase() in /Users/aasimkhan/src/sqltoolsservice/test/Microsoft.SqlTools.ServiceLayer.IntegrationTests/QueryExecution/ExecuteTests.cs:line 87

1)    at Microsoft.SqlTools.ServiceLayer.Test.Common.TestConnectionProfileService.GetInstance(String key) in /Users/aasimkhan/src/sqltoolsservice/test/Microsoft.SqlTools.ServiceLayer.Test.Common/TestConnectionProfileService.cs:line 59
   at Microsoft.SqlTools.ServiceLayer.Test.Common.TestConnectionProfileService.GetConnectionParameters(String key, String databaseName) in /Users/aasimkhan/src/sqltoolsservice/test/Microsoft.SqlTools.ServiceLayer.Test.Common/TestConnectionProfileService.cs:line 65
   at Microsoft.SqlTools.ServiceLayer.Test.Common.TestConnectionProfileService.GetConnectionParameters(TestServerType serverType, String databaseName) in /Users/aasimkhan/src/sqltoolsservice/test/Microsoft.SqlTools.ServiceLayer.Test.Common/TestConnectionProfileService.cs:line 75
   at Microsoft.SqlTools.ServiceLayer.IntegrationTests.Utility.LiveConnectionHelper.InitLiveConnectionInfoAsync(String databaseName, String ownerUri, String connectionType, TestServerType serverType) in /Users/aasimkhan/src/sqltoolsservice/test/Microsoft.SqlTools.ServiceLayer.IntegrationTests/Utility/LiveConnectionHelper.cs:line 68
   at System.Runtime.CompilerServices.AsyncMethodBuilderCore.Start[TStateMachine](TStateMachine&amp; stateMachine)
   at Microsoft.SqlTools.ServiceLayer.IntegrationTests.Utility.LiveConnectionHelper.InitLiveConnectionInfoAsync(String databaseName, String ownerUri, String connectionType, TestServerType serverType)
   at Microsoft.SqlTools.ServiceLayer.IntegrationTests.Utility.LiveConnectionHelper.InitLiveConnectionInfo(String databaseName, String ownerUri) in /Users/aasimkhan/src/sqltoolsservice/test/Microsoft.SqlTools.ServiceLayer.IntegrationTests/Utility/LiveConnectionHelper.cs:line 52
   at Microsoft.SqlTools.ServiceLayer.IntegrationTests.QueryExecution.ExecuteTests.DatabaseChangesWhenCallingUseDatabase() in /Users/aasimkhan/src/sqltoolsservice/test/Microsoft.SqlTools.ServiceLayer.IntegrationTests/QueryExecution/ExecuteTests.cs:line 87</failure>
    </testcase>
    <testcase classname="Microsoft.SqlTools.ServiceLayer.IntegrationTests.QueryExecution.ExecuteTests" name="RollbackTransactionFailsWithoutBeginTransaction" time="0.0007010">
      <failure type="failure" message="  Cannot find any instance for version key: sqlOnPrem&#xA;  Expected: True&#xA;  But was:  False&#xA;">at Microsoft.SqlTools.ServiceLayer.Test.Common.TestConnectionProfileService.GetInstance(String key) in /Users/aasimkhan/src/sqltoolsservice/test/Microsoft.SqlTools.ServiceLayer.Test.Common/TestConnectionProfileService.cs:line 59
   at Microsoft.SqlTools.ServiceLayer.Test.Common.TestConnectionProfileService.GetConnectionParameters(String key, String databaseName) in /Users/aasimkhan/src/sqltoolsservice/test/Microsoft.SqlTools.ServiceLayer.Test.Common/TestConnectionProfileService.cs:line 65
   at Microsoft.SqlTools.ServiceLayer.Test.Common.TestConnectionProfileService.GetConnectionParameters(TestServerType serverType, String databaseName) in /Users/aasimkhan/src/sqltoolsservice/test/Microsoft.SqlTools.ServiceLayer.Test.Common/TestConnectionProfileService.cs:line 75
   at Microsoft.SqlTools.ServiceLayer.IntegrationTests.Utility.LiveConnectionHelper.InitLiveConnectionInfoAsync(String databaseName, String ownerUri, String connectionType, TestServerType serverType) in /Users/aasimkhan/src/sqltoolsservice/test/Microsoft.SqlTools.ServiceLayer.IntegrationTests/Utility/LiveConnectionHelper.cs:line 68
   at Microsoft.SqlTools.ServiceLayer.IntegrationTests.Utility.LiveConnectionHelper.InitLiveConnectionInfo(String databaseName, String ownerUri) in /Users/aasimkhan/src/sqltoolsservice/test/Microsoft.SqlTools.ServiceLayer.IntegrationTests/Utility/LiveConnectionHelper.cs:line 52
   at Microsoft.SqlTools.ServiceLayer.IntegrationTests.QueryExecution.ExecuteTests.RollbackTransactionFailsWithoutBeginTransaction() in /Users/aasimkhan/src/sqltoolsservice/test/Microsoft.SqlTools.ServiceLayer.IntegrationTests/QueryExecution/ExecuteTests.cs:line 28

1)    at Microsoft.SqlTools.ServiceLayer.Test.Common.TestConnectionProfileService.GetInstance(String key) in /Users/aasimkhan/src/sqltoolsservice/test/Microsoft.SqlTools.ServiceLayer.Test.Common/TestConnectionProfileService.cs:line 59
   at Microsoft.SqlTools.ServiceLayer.Test.Common.TestConnectionProfileService.GetConnectionParameters(String key, String databaseName) in /Users/aasimkhan/src/sqltoolsservice/test/Microsoft.SqlTools.ServiceLayer.Test.Common/TestConnectionProfileService.cs:line 65
   at Microsoft.SqlTools.ServiceLayer.Test.Common.TestConnectionProfileService.GetConnectionParameters(TestServerType serverType, String databaseName) in /Users/aasimkhan/src/sqltoolsservice/test/Microsoft.SqlTools.ServiceLayer.Test.Common/TestConnectionProfileService.cs:line 75
   at Microsoft.SqlTools.ServiceLayer.IntegrationTests.Utility.LiveConnectionHelper.InitLiveConnectionInfoAsync(String databaseName, String ownerUri, String connectionType, TestServerType serverType) in /Users/aasimkhan/src/sqltoolsservice/test/Microsoft.SqlTools.ServiceLayer.IntegrationTests/Utility/LiveConnectionHelper.cs:line 68
   at System.Runtime.CompilerServices.AsyncMethodBuilderCore.Start[TStateMachine](TStateMachine&amp; stateMachine)
   at Microsoft.SqlTools.ServiceLayer.IntegrationTests.Utility.LiveConnectionHelper.InitLiveConnectionInfoAsync(String databaseName, String ownerUri, String connectionType, TestServerType serverType)
   at Microsoft.SqlTools.ServiceLayer.IntegrationTests.Utility.LiveConnectionHelper.InitLiveConnectionInfo(String databaseName, String ownerUri) in /Users/aasimkhan/src/sqltoolsservice/test/Microsoft.SqlTools.ServiceLayer.IntegrationTests/Utility/LiveConnectionHelper.cs:line 52
   at Microsoft.SqlTools.ServiceLayer.IntegrationTests.QueryExecution.ExecuteTests.RollbackTransactionFailsWithoutBeginTransaction() in /Users/aasimkhan/src/sqltoolsservice/test/Microsoft.SqlTools.ServiceLayer.IntegrationTests/QueryExecution/ExecuteTests.cs:line 28</failure>
    </testcase>
    <testcase classname="Microsoft.SqlTools.ServiceLayer.IntegrationTests.QueryExecution.ExecuteTests" name="TempTablesPersistAcrossQueries" time="0.0006980">
      <failure type="failure" message="  Cannot find any instance for version key: sqlOnPrem&#xA;  Expected: True&#xA;  But was:  False&#xA;">at Microsoft.SqlTools.ServiceLayer.Test.Common.TestConnectionProfileService.GetInstance(String key) in /Users/aasimkhan/src/sqltoolsservice/test/Microsoft.SqlTools.ServiceLayer.Test.Common/TestConnectionProfileService.cs:line 59
   at Microsoft.SqlTools.ServiceLayer.Test.Common.TestConnectionProfileService.GetConnectionParameters(String key, String databaseName) in /Users/aasimkhan/src/sqltoolsservice/test/Microsoft.SqlTools.ServiceLayer.Test.Common/TestConnectionProfileService.cs:line 65
   at Microsoft.SqlTools.ServiceLayer.Test.Common.TestConnectionProfileService.GetConnectionParameters(TestServerType serverType, String databaseName) in /Users/aasimkhan/src/sqltoolsservice/test/Microsoft.SqlTools.ServiceLayer.Test.Common/TestConnectionProfileService.cs:line 75
   at Microsoft.SqlTools.ServiceLayer.IntegrationTests.Utility.LiveConnectionHelper.InitLiveConnectionInfoAsync(String databaseName, String ownerUri, String connectionType, TestServerType serverType) in /Users/aasimkhan/src/sqltoolsservice/test/Microsoft.SqlTools.ServiceLayer.IntegrationTests/Utility/LiveConnectionHelper.cs:line 68
   at Microsoft.SqlTools.ServiceLayer.IntegrationTests.Utility.LiveConnectionHelper.InitLiveConnectionInfo(String databaseName, String ownerUri) in /Users/aasimkhan/src/sqltoolsservice/test/Microsoft.SqlTools.ServiceLayer.IntegrationTests/Utility/LiveConnectionHelper.cs:line 52
   at Microsoft.SqlTools.ServiceLayer.IntegrationTests.QueryExecution.ExecuteTests.TempTablesPersistAcrossQueries() in /Users/aasimkhan/src/sqltoolsservice/test/Microsoft.SqlTools.ServiceLayer.IntegrationTests/QueryExecution/ExecuteTests.cs:line 67

1)    at Microsoft.SqlTools.ServiceLayer.Test.Common.TestConnectionProfileService.GetInstance(String key) in /Users/aasimkhan/src/sqltoolsservice/test/Microsoft.SqlTools.ServiceLayer.Test.Common/TestConnectionProfileService.cs:line 59
   at Microsoft.SqlTools.ServiceLayer.Test.Common.TestConnectionProfileService.GetConnectionParameters(String key, String databaseName) in /Users/aasimkhan/src/sqltoolsservice/test/Microsoft.SqlTools.ServiceLayer.Test.Common/TestConnectionProfileService.cs:line 65
   at Microsoft.SqlTools.ServiceLayer.Test.Common.TestConnectionProfileService.GetConnectionParameters(TestServerType serverType, String databaseName) in /Users/aasimkhan/src/sqltoolsservice/test/Microsoft.SqlTools.ServiceLayer.Test.Common/TestConnectionProfileService.cs:line 75
   at Microsoft.SqlTools.ServiceLayer.IntegrationTests.Utility.LiveConnectionHelper.InitLiveConnectionInfoAsync(String databaseName, String ownerUri, String connectionType, TestServerType serverType) in /Users/aasimkhan/src/sqltoolsservice/test/Microsoft.SqlTools.ServiceLayer.IntegrationTests/Utility/LiveConnectionHelper.cs:line 68
   at System.Runtime.CompilerServices.AsyncMethodBuilderCore.Start[TStateMachine](TStateMachine&amp; stateMachine)
   at Microsoft.SqlTools.ServiceLayer.IntegrationTests.Utility.LiveConnectionHelper.InitLiveConnectionInfoAsync(String databaseName, String ownerUri, String connectionType, TestServerType serverType)
   at Microsoft.SqlTools.ServiceLayer.IntegrationTests.Utility.LiveConnectionHelper.InitLiveConnectionInfo(String databaseName, String ownerUri) in /Users/aasimkhan/src/sqltoolsservice/test/Microsoft.SqlTools.ServiceLayer.IntegrationTests/Utility/LiveConnectionHelper.cs:line 52
   at Microsoft.SqlTools.ServiceLayer.IntegrationTests.QueryExecution.ExecuteTests.TempTablesPersistAcrossQueries() in /Users/aasimkhan/src/sqltoolsservice/test/Microsoft.SqlTools.ServiceLayer.IntegrationTests/QueryExecution/ExecuteTests.cs:line 67</failure>
    </testcase>
    <testcase classname="Microsoft.SqlTools.ServiceLayer.IntegrationTests.QueryExecution.ExecuteTests" name="TransactionsSucceedAcrossQueries" time="0.0006660">
      <failure type="failure" message="  Cannot find any instance for version key: sqlOnPrem&#xA;  Expected: True&#xA;  But was:  False&#xA;">at Microsoft.SqlTools.ServiceLayer.Test.Common.TestConnectionProfileService.GetInstance(String key) in /Users/aasimkhan/src/sqltoolsservice/test/Microsoft.SqlTools.ServiceLayer.Test.Common/TestConnectionProfileService.cs:line 59
   at Microsoft.SqlTools.ServiceLayer.Test.Common.TestConnectionProfileService.GetConnectionParameters(String key, String databaseName) in /Users/aasimkhan/src/sqltoolsservice/test/Microsoft.SqlTools.ServiceLayer.Test.Common/TestConnectionProfileService.cs:line 65
   at Microsoft.SqlTools.ServiceLayer.Test.Common.TestConnectionProfileService.GetConnectionParameters(TestServerType serverType, String databaseName) in /Users/aasimkhan/src/sqltoolsservice/test/Microsoft.SqlTools.ServiceLayer.Test.Common/TestConnectionProfileService.cs:line 75
   at Microsoft.SqlTools.ServiceLayer.IntegrationTests.Utility.LiveConnectionHelper.InitLiveConnectionInfoAsync(String databaseName, String ownerUri, String connectionType, TestServerType serverType) in /Users/aasimkhan/src/sqltoolsservice/test/Microsoft.SqlTools.ServiceLayer.IntegrationTests/Utility/LiveConnectionHelper.cs:line 68
   at Microsoft.SqlTools.ServiceLayer.IntegrationTests.Utility.LiveConnectionHelper.InitLiveConnectionInfo(String databaseName, String ownerUri) in /Users/aasimkhan/src/sqltoolsservice/test/Microsoft.SqlTools.ServiceLayer.IntegrationTests/Utility/LiveConnectionHelper.cs:line 52
   at Microsoft.SqlTools.ServiceLayer.IntegrationTests.QueryExecution.ExecuteTests.TransactionsSucceedAcrossQueries() in /Users/aasimkhan/src/sqltoolsservice/test/Microsoft.SqlTools.ServiceLayer.IntegrationTests/QueryExecution/ExecuteTests.cs:line 48

1)    at Microsoft.SqlTools.ServiceLayer.Test.Common.TestConnectionProfileService.GetInstance(String key) in /Users/aasimkhan/src/sqltoolsservice/test/Microsoft.SqlTools.ServiceLayer.Test.Common/TestConnectionProfileService.cs:line 59
   at Microsoft.SqlTools.ServiceLayer.Test.Common.TestConnectionProfileService.GetConnectionParameters(String key, String databaseName) in /Users/aasimkhan/src/sqltoolsservice/test/Microsoft.SqlTools.ServiceLayer.Test.Common/TestConnectionProfileService.cs:line 65
   at Microsoft.SqlTools.ServiceLayer.Test.Common.TestConnectionProfileService.GetConnectionParameters(TestServerType serverType, String databaseName) in /Users/aasimkhan/src/sqltoolsservice/test/Microsoft.SqlTools.ServiceLayer.Test.Common/TestConnectionProfileService.cs:line 75
   at Microsoft.SqlTools.ServiceLayer.IntegrationTests.Utility.LiveConnectionHelper.InitLiveConnectionInfoAsync(String databaseName, String ownerUri, String connectionType, TestServerType serverType) in /Users/aasimkhan/src/sqltoolsservice/test/Microsoft.SqlTools.ServiceLayer.IntegrationTests/Utility/LiveConnectionHelper.cs:line 68
   at System.Runtime.CompilerServices.AsyncMethodBuilderCore.Start[TStateMachine](TStateMachine&amp; stateMachine)
   at Microsoft.SqlTools.ServiceLayer.IntegrationTests.Utility.LiveConnectionHelper.InitLiveConnectionInfoAsync(String databaseName, String ownerUri, String connectionType, TestServerType serverType)
   at Microsoft.SqlTools.ServiceLayer.IntegrationTests.Utility.LiveConnectionHelper.InitLiveConnectionInfo(String databaseName, String ownerUri) in /Users/aasimkhan/src/sqltoolsservice/test/Microsoft.SqlTools.ServiceLayer.IntegrationTests/Utility/LiveConnectionHelper.cs:line 52
   at Microsoft.SqlTools.ServiceLayer.IntegrationTests.QueryExecution.ExecuteTests.TransactionsSucceedAcrossQueries() in /Users/aasimkhan/src/sqltoolsservice/test/Microsoft.SqlTools.ServiceLayer.IntegrationTests/QueryExecution/ExecuteTests.cs:line 48</failure>
    </testcase>
    <testcase classname="Microsoft.SqlTools.ServiceLayer.IntegrationTests.QueryExecution.QueryExecutionServiceTests" name="QueryExecutionSessionOptionsPersistAcrossQueries" time="0.0015470">
      <failure type="failure" message="  Cannot find any instance for version key: sqlOnPrem&#xA;  Expected: True&#xA;  But was:  False&#xA;">at Microsoft.SqlTools.ServiceLayer.Test.Common.TestConnectionProfileService.GetInstance(String key) in /Users/aasimkhan/src/sqltoolsservice/test/Microsoft.SqlTools.ServiceLayer.Test.Common/TestConnectionProfileService.cs:line 59
   at Microsoft.SqlTools.ServiceLayer.Test.Common.TestConnectionProfileService.GetConnectionParameters(String key, String databaseName) in /Users/aasimkhan/src/sqltoolsservice/test/Microsoft.SqlTools.ServiceLayer.Test.Common/TestConnectionProfileService.cs:line 65
   at Microsoft.SqlTools.ServiceLayer.Test.Common.TestConnectionProfileService.GetConnectionParameters(TestServerType serverType, String databaseName) in /Users/aasimkhan/src/sqltoolsservice/test/Microsoft.SqlTools.ServiceLayer.Test.Common/TestConnectionProfileService.cs:line 75
   at Microsoft.SqlTools.ServiceLayer.IntegrationTests.Utility.LiveConnectionHelper.InitLiveConnectionInfoAsync(String databaseName, String ownerUri, String connectionType, TestServerType serverType) in /Users/aasimkhan/src/sqltoolsservice/test/Microsoft.SqlTools.ServiceLayer.IntegrationTests/Utility/LiveConnectionHelper.cs:line 68
   at Microsoft.SqlTools.ServiceLayer.IntegrationTests.Utility.LiveConnectionHelper.InitLiveConnectionInfo(String databaseName, String ownerUri) in /Users/aasimkhan/src/sqltoolsservice/test/Microsoft.SqlTools.ServiceLayer.IntegrationTests/Utility/LiveConnectionHelper.cs:line 52
   at Microsoft.SqlTools.ServiceLayer.IntegrationTests.QueryExecution.QueryExecutionServiceTests.QueryExecutionSessionOptionsPersistAcrossQueries() in /Users/aasimkhan/src/sqltoolsservice/test/Microsoft.SqlTools.ServiceLayer.IntegrationTests/QueryExecution/QueryExecutionServiceTests.cs:line 35
   at NUnit.Framework.Internal.TaskAwaitAdapter.GenericAdapter`1.GetResult()
   at NUnit.Framework.Internal.AsyncToSyncAdapter.Await(Func`1 invoke)
   at NUnit.Framework.Internal.Commands.TestMethodCommand.RunTestMethod(TestExecutionContext context)
   at NUnit.Framework.Internal.Commands.TestMethodCommand.Execute(TestExecutionContext context)
   at NUnit.Framework.Internal.Execution.SimpleWorkItem.&lt;&gt;c__DisplayClass4_0.&lt;PerformWork&gt;b__0()
   at NUnit.Framework.Internal.ContextUtils.&lt;&gt;c__DisplayClass1_0`1.&lt;DoIsolated&gt;b__0(Object _)

1)    at Microsoft.SqlTools.ServiceLayer.Test.Common.TestConnectionProfileService.GetInstance(String key) in /Users/aasimkhan/src/sqltoolsservice/test/Microsoft.SqlTools.ServiceLayer.Test.Common/TestConnectionProfileService.cs:line 59
   at Microsoft.SqlTools.ServiceLayer.Test.Common.TestConnectionProfileService.GetConnectionParameters(String key, String databaseName) in /Users/aasimkhan/src/sqltoolsservice/test/Microsoft.SqlTools.ServiceLayer.Test.Common/TestConnectionProfileService.cs:line 65
   at Microsoft.SqlTools.ServiceLayer.Test.Common.TestConnectionProfileService.GetConnectionParameters(TestServerType serverType, String databaseName) in /Users/aasimkhan/src/sqltoolsservice/test/Microsoft.SqlTools.ServiceLayer.Test.Common/TestConnectionProfileService.cs:line 75
   at Microsoft.SqlTools.ServiceLayer.IntegrationTests.Utility.LiveConnectionHelper.InitLiveConnectionInfoAsync(String databaseName, String ownerUri, String connectionType, TestServerType serverType) in /Users/aasimkhan/src/sqltoolsservice/test/Microsoft.SqlTools.ServiceLayer.IntegrationTests/Utility/LiveConnectionHelper.cs:line 68
   at System.Runtime.CompilerServices.AsyncMethodBuilderCore.Start[TStateMachine](TStateMachine&amp; stateMachine)
   at Microsoft.SqlTools.ServiceLayer.IntegrationTests.Utility.LiveConnectionHelper.InitLiveConnectionInfoAsync(String databaseName, String ownerUri, String connectionType, TestServerType serverType)
   at Microsoft.SqlTools.ServiceLayer.IntegrationTests.Utility.LiveConnectionHelper.InitLiveConnectionInfo(String databaseName, String ownerUri) in /Users/aasimkhan/src/sqltoolsservice/test/Microsoft.SqlTools.ServiceLayer.IntegrationTests/Utility/LiveConnectionHelper.cs:line 52
   at Microsoft.SqlTools.ServiceLayer.IntegrationTests.QueryExecution.QueryExecutionServiceTests.QueryExecutionSessionOptionsPersistAcrossQueries() in /Users/aasimkhan/src/sqltoolsservice/test/Microsoft.SqlTools.ServiceLayer.IntegrationTests/QueryExecution/QueryExecutionServiceTests.cs:line 35
   at System.Runtime.CompilerServices.AsyncMethodBuilderCore.Start[TStateMachine](TStateMachine&amp; stateMachine)
   at Microsoft.SqlTools.ServiceLayer.IntegrationTests.QueryExecution.QueryExecutionServiceTests.QueryExecutionSessionOptionsPersistAcrossQueries()</failure>
    </testcase>
    <testcase classname="Microsoft.SqlTools.ServiceLayer.IntegrationTests.QueryExecution.QueryExecutionServiceTests" name="QueryExecutionSessionOptionsPersistsAfterUriChange" time="0.0017170">
      <failure type="failure" message="  Cannot find any instance for version key: sqlOnPrem&#xA;  Expected: True&#xA;  But was:  False&#xA;">at Microsoft.SqlTools.ServiceLayer.Test.Common.TestConnectionProfileService.GetInstance(String key) in /Users/aasimkhan/src/sqltoolsservice/test/Microsoft.SqlTools.ServiceLayer.Test.Common/TestConnectionProfileService.cs:line 59
   at Microsoft.SqlTools.ServiceLayer.Test.Common.TestConnectionProfileService.GetConnectionParameters(String key, String databaseName) in /Users/aasimkhan/src/sqltoolsservice/test/Microsoft.SqlTools.ServiceLayer.Test.Common/TestConnectionProfileService.cs:line 65
   at Microsoft.SqlTools.ServiceLayer.Test.Common.TestConnectionProfileService.GetConnectionParameters(TestServerType serverType, String databaseName) in /Users/aasimkhan/src/sqltoolsservice/test/Microsoft.SqlTools.ServiceLayer.Test.Common/TestConnectionProfileService.cs:line 75
   at Microsoft.SqlTools.ServiceLayer.IntegrationTests.Utility.LiveConnectionHelper.InitLiveConnectionInfoAsync(String databaseName, String ownerUri, String connectionType, TestServerType serverType) in /Users/aasimkhan/src/sqltoolsservice/test/Microsoft.SqlTools.ServiceLayer.IntegrationTests/Utility/LiveConnectionHelper.cs:line 68
   at Microsoft.SqlTools.ServiceLayer.IntegrationTests.Utility.LiveConnectionHelper.InitLiveConnectionInfo(String databaseName, String ownerUri) in /Users/aasimkhan/src/sqltoolsservice/test/Microsoft.SqlTools.ServiceLayer.IntegrationTests/Utility/LiveConnectionHelper.cs:line 52
   at Microsoft.SqlTools.ServiceLayer.IntegrationTests.QueryExecution.QueryExecutionServiceTests.QueryExecutionSessionOptionsPersistsAfterUriChange() in /Users/aasimkhan/src/sqltoolsservice/test/Microsoft.SqlTools.ServiceLayer.IntegrationTests/QueryExecution/QueryExecutionServiceTests.cs:line 77
   at NUnit.Framework.Internal.TaskAwaitAdapter.GenericAdapter`1.GetResult()
   at NUnit.Framework.Internal.AsyncToSyncAdapter.Await(Func`1 invoke)
   at NUnit.Framework.Internal.Commands.TestMethodCommand.RunTestMethod(TestExecutionContext context)
   at NUnit.Framework.Internal.Commands.TestMethodCommand.Execute(TestExecutionContext context)
   at NUnit.Framework.Internal.Execution.SimpleWorkItem.&lt;&gt;c__DisplayClass4_0.&lt;PerformWork&gt;b__0()
   at NUnit.Framework.Internal.ContextUtils.&lt;&gt;c__DisplayClass1_0`1.&lt;DoIsolated&gt;b__0(Object _)

1)    at Microsoft.SqlTools.ServiceLayer.Test.Common.TestConnectionProfileService.GetInstance(String key) in /Users/aasimkhan/src/sqltoolsservice/test/Microsoft.SqlTools.ServiceLayer.Test.Common/TestConnectionProfileService.cs:line 59
   at Microsoft.SqlTools.ServiceLayer.Test.Common.TestConnectionProfileService.GetConnectionParameters(String key, String databaseName) in /Users/aasimkhan/src/sqltoolsservice/test/Microsoft.SqlTools.ServiceLayer.Test.Common/TestConnectionProfileService.cs:line 65
   at Microsoft.SqlTools.ServiceLayer.Test.Common.TestConnectionProfileService.GetConnectionParameters(TestServerType serverType, String databaseName) in /Users/aasimkhan/src/sqltoolsservice/test/Microsoft.SqlTools.ServiceLayer.Test.Common/TestConnectionProfileService.cs:line 75
   at Microsoft.SqlTools.ServiceLayer.IntegrationTests.Utility.LiveConnectionHelper.InitLiveConnectionInfoAsync(String databaseName, String ownerUri, String connectionType, TestServerType serverType) in /Users/aasimkhan/src/sqltoolsservice/test/Microsoft.SqlTools.ServiceLayer.IntegrationTests/Utility/LiveConnectionHelper.cs:line 68
   at System.Runtime.CompilerServices.AsyncMethodBuilderCore.Start[TStateMachine](TStateMachine&amp; stateMachine)
   at Microsoft.SqlTools.ServiceLayer.IntegrationTests.Utility.LiveConnectionHelper.InitLiveConnectionInfoAsync(String databaseName, String ownerUri, String connectionType, TestServerType serverType)
   at Microsoft.SqlTools.ServiceLayer.IntegrationTests.Utility.LiveConnectionHelper.InitLiveConnectionInfo(String databaseName, String ownerUri) in /Users/aasimkhan/src/sqltoolsservice/test/Microsoft.SqlTools.ServiceLayer.IntegrationTests/Utility/LiveConnectionHelper.cs:line 52
   at Microsoft.SqlTools.ServiceLayer.IntegrationTests.QueryExecution.QueryExecutionServiceTests.QueryExecutionSessionOptionsPersistsAfterUriChange() in /Users/aasimkhan/src/sqltoolsservice/test/Microsoft.SqlTools.ServiceLayer.IntegrationTests/QueryExecution/QueryExecutionServiceTests.cs:line 77
   at System.Runtime.CompilerServices.AsyncMethodBuilderCore.Start[TStateMachine](TStateMachine&amp; stateMachine)
   at Microsoft.SqlTools.ServiceLayer.IntegrationTests.QueryExecution.QueryExecutionServiceTests.QueryExecutionSessionOptionsPersistsAfterUriChange()</failure>
    </testcase>
    <testcase classname="Microsoft.SqlTools.ServiceLayer.IntegrationTests.QueryExecution.SqlCmdExecutionTest" name="TestIncludeSqlCmdCommand" time="0.0036260">
      <failure type="failure" message="  Cannot find any instance for version key: sqlOnPrem&#xA;  Expected: True&#xA;  But was:  False&#xA;">at Microsoft.SqlTools.ServiceLayer.Test.Common.TestConnectionProfileService.GetInstance(String key) in /Users/aasimkhan/src/sqltoolsservice/test/Microsoft.SqlTools.ServiceLayer.Test.Common/TestConnectionProfileService.cs:line 59
   at Microsoft.SqlTools.ServiceLayer.Test.Common.TestConnectionProfileService.GetConnectionParameters(String key, String databaseName) in /Users/aasimkhan/src/sqltoolsservice/test/Microsoft.SqlTools.ServiceLayer.Test.Common/TestConnectionProfileService.cs:line 65
   at Microsoft.SqlTools.ServiceLayer.Test.Common.TestConnectionProfileService.GetConnectionParameters(TestServerType serverType, String databaseName) in /Users/aasimkhan/src/sqltoolsservice/test/Microsoft.SqlTools.ServiceLayer.Test.Common/TestConnectionProfileService.cs:line 75
   at Microsoft.SqlTools.ServiceLayer.IntegrationTests.Utility.LiveConnectionHelper.InitLiveConnectionInfoAsync(String databaseName, String ownerUri, String connectionType, TestServerType serverType) in /Users/aasimkhan/src/sqltoolsservice/test/Microsoft.SqlTools.ServiceLayer.IntegrationTests/Utility/LiveConnectionHelper.cs:line 68
   at Microsoft.SqlTools.ServiceLayer.IntegrationTests.Utility.LiveConnectionHelper.InitLiveConnectionInfo(String databaseName, String ownerUri) in /Users/aasimkhan/src/sqltoolsservice/test/Microsoft.SqlTools.ServiceLayer.IntegrationTests/Utility/LiveConnectionHelper.cs:line 52
   at Microsoft.SqlTools.ServiceLayer.IntegrationTests.QueryExecution.SqlCmdExecutionTest.TestIncludeSqlCmdCommand() in /Users/aasimkhan/src/sqltoolsservice/test/Microsoft.SqlTools.ServiceLayer.IntegrationTests/QueryExecution/SqlCmdExecutionTest.cs:line 82

1)    at Microsoft.SqlTools.ServiceLayer.Test.Common.TestConnectionProfileService.GetInstance(String key) in /Users/aasimkhan/src/sqltoolsservice/test/Microsoft.SqlTools.ServiceLayer.Test.Common/TestConnectionProfileService.cs:line 59
   at Microsoft.SqlTools.ServiceLayer.Test.Common.TestConnectionProfileService.GetConnectionParameters(String key, String databaseName) in /Users/aasimkhan/src/sqltoolsservice/test/Microsoft.SqlTools.ServiceLayer.Test.Common/TestConnectionProfileService.cs:line 65
   at Microsoft.SqlTools.ServiceLayer.Test.Common.TestConnectionProfileService.GetConnectionParameters(TestServerType serverType, String databaseName) in /Users/aasimkhan/src/sqltoolsservice/test/Microsoft.SqlTools.ServiceLayer.Test.Common/TestConnectionProfileService.cs:line 75
   at Microsoft.SqlTools.ServiceLayer.IntegrationTests.Utility.LiveConnectionHelper.InitLiveConnectionInfoAsync(String databaseName, String ownerUri, String connectionType, TestServerType serverType) in /Users/aasimkhan/src/sqltoolsservice/test/Microsoft.SqlTools.ServiceLayer.IntegrationTests/Utility/LiveConnectionHelper.cs:line 68
   at System.Runtime.CompilerServices.AsyncMethodBuilderCore.Start[TStateMachine](TStateMachine&amp; stateMachine)
   at Microsoft.SqlTools.ServiceLayer.IntegrationTests.Utility.LiveConnectionHelper.InitLiveConnectionInfoAsync(String databaseName, String ownerUri, String connectionType, TestServerType serverType)
   at Microsoft.SqlTools.ServiceLayer.IntegrationTests.Utility.LiveConnectionHelper.InitLiveConnectionInfo(String databaseName, String ownerUri) in /Users/aasimkhan/src/sqltoolsservice/test/Microsoft.SqlTools.ServiceLayer.IntegrationTests/Utility/LiveConnectionHelper.cs:line 52
   at Microsoft.SqlTools.ServiceLayer.IntegrationTests.QueryExecution.SqlCmdExecutionTest.TestIncludeSqlCmdCommand() in /Users/aasimkhan/src/sqltoolsservice/test/Microsoft.SqlTools.ServiceLayer.IntegrationTests/QueryExecution/SqlCmdExecutionTest.cs:line 82</failure>
    </testcase>
    <testcase classname="Microsoft.SqlTools.ServiceLayer.IntegrationTests.QueryExecution.SqlCmdExecutionTest" name="TestOnErrorSqlCmdCommand" time="0.0012410">
      <failure type="failure" message="  Cannot find any instance for version key: sqlOnPrem&#xA;  Expected: True&#xA;  But was:  False&#xA;">at Microsoft.SqlTools.ServiceLayer.Test.Common.TestConnectionProfileService.GetInstance(String key) in /Users/aasimkhan/src/sqltoolsservice/test/Microsoft.SqlTools.ServiceLayer.Test.Common/TestConnectionProfileService.cs:line 59
   at Microsoft.SqlTools.ServiceLayer.Test.Common.TestConnectionProfileService.GetConnectionParameters(String key, String databaseName) in /Users/aasimkhan/src/sqltoolsservice/test/Microsoft.SqlTools.ServiceLayer.Test.Common/TestConnectionProfileService.cs:line 65
   at Microsoft.SqlTools.ServiceLayer.Test.Common.TestConnectionProfileService.GetConnectionParameters(TestServerType serverType, String databaseName) in /Users/aasimkhan/src/sqltoolsservice/test/Microsoft.SqlTools.ServiceLayer.Test.Common/TestConnectionProfileService.cs:line 75
   at Microsoft.SqlTools.ServiceLayer.IntegrationTests.Utility.LiveConnectionHelper.InitLiveConnectionInfoAsync(String databaseName, String ownerUri, String connectionType, TestServerType serverType) in /Users/aasimkhan/src/sqltoolsservice/test/Microsoft.SqlTools.ServiceLayer.IntegrationTests/Utility/LiveConnectionHelper.cs:line 68
   at Microsoft.SqlTools.ServiceLayer.IntegrationTests.Utility.LiveConnectionHelper.InitLiveConnectionInfo(String databaseName, String ownerUri) in /Users/aasimkhan/src/sqltoolsservice/test/Microsoft.SqlTools.ServiceLayer.IntegrationTests/Utility/LiveConnectionHelper.cs:line 52
   at Microsoft.SqlTools.ServiceLayer.IntegrationTests.QueryExecution.SqlCmdExecutionTest.TestOnErrorSqlCmdCommand() in /Users/aasimkhan/src/sqltoolsservice/test/Microsoft.SqlTools.ServiceLayer.IntegrationTests/QueryExecution/SqlCmdExecutionTest.cs:line 50

1)    at Microsoft.SqlTools.ServiceLayer.Test.Common.TestConnectionProfileService.GetInstance(String key) in /Users/aasimkhan/src/sqltoolsservice/test/Microsoft.SqlTools.ServiceLayer.Test.Common/TestConnectionProfileService.cs:line 59
   at Microsoft.SqlTools.ServiceLayer.Test.Common.TestConnectionProfileService.GetConnectionParameters(String key, String databaseName) in /Users/aasimkhan/src/sqltoolsservice/test/Microsoft.SqlTools.ServiceLayer.Test.Common/TestConnectionProfileService.cs:line 65
   at Microsoft.SqlTools.ServiceLayer.Test.Common.TestConnectionProfileService.GetConnectionParameters(TestServerType serverType, String databaseName) in /Users/aasimkhan/src/sqltoolsservice/test/Microsoft.SqlTools.ServiceLayer.Test.Common/TestConnectionProfileService.cs:line 75
   at Microsoft.SqlTools.ServiceLayer.IntegrationTests.Utility.LiveConnectionHelper.InitLiveConnectionInfoAsync(String databaseName, String ownerUri, String connectionType, TestServerType serverType) in /Users/aasimkhan/src/sqltoolsservice/test/Microsoft.SqlTools.ServiceLayer.IntegrationTests/Utility/LiveConnectionHelper.cs:line 68
   at System.Runtime.CompilerServices.AsyncMethodBuilderCore.Start[TStateMachine](TStateMachine&amp; stateMachine)
   at Microsoft.SqlTools.ServiceLayer.IntegrationTests.Utility.LiveConnectionHelper.InitLiveConnectionInfoAsync(String databaseName, String ownerUri, String connectionType, TestServerType serverType)
   at Microsoft.SqlTools.ServiceLayer.IntegrationTests.Utility.LiveConnectionHelper.InitLiveConnectionInfo(String databaseName, String ownerUri) in /Users/aasimkhan/src/sqltoolsservice/test/Microsoft.SqlTools.ServiceLayer.IntegrationTests/Utility/LiveConnectionHelper.cs:line 52
   at Microsoft.SqlTools.ServiceLayer.IntegrationTests.QueryExecution.SqlCmdExecutionTest.TestOnErrorSqlCmdCommand() in /Users/aasimkhan/src/sqltoolsservice/test/Microsoft.SqlTools.ServiceLayer.IntegrationTests/QueryExecution/SqlCmdExecutionTest.cs:line 50</failure>
    </testcase>
    <testcase classname="Microsoft.SqlTools.ServiceLayer.IntegrationTests.QueryStore.QueryStoreTests" name="ForcedPlanQueries" time="0.0189170" />
    <testcase classname="Microsoft.SqlTools.ServiceLayer.IntegrationTests.QueryStore.QueryStoreTests" name="HighVariationQueries" time="0.0094310" />
    <testcase classname="Microsoft.SqlTools.ServiceLayer.IntegrationTests.QueryStore.QueryStoreTests" name="OverallResourceConsumption" time="0.0015640" />
    <testcase classname="Microsoft.SqlTools.ServiceLayer.IntegrationTests.QueryStore.QueryStoreTests" name="PlanSummary" time="0.0026800" />
    <testcase classname="Microsoft.SqlTools.ServiceLayer.IntegrationTests.QueryStore.QueryStoreTests" name="RegressedQueries" time="0.0037160" />
    <testcase classname="Microsoft.SqlTools.ServiceLayer.IntegrationTests.QueryStore.QueryStoreTests" name="TopResourceConsumers" time="0.0028230" />
    <testcase classname="Microsoft.SqlTools.ServiceLayer.IntegrationTests.QueryStore.QueryStoreTests" name="TrackedQueries" time="0.0006660" />
    <testcase classname="Microsoft.SqlTools.ServiceLayer.IntegrationTests.SchemaCompare.SchemaCompareServiceOptionsTests" name="SchemaCompareDacpacToDacpacObjectTypes" time="0.0138350">
      <failure type="failure" message="  Cannot find any instance for version key: sqlOnPrem&#xA;  Expected: True&#xA;  But was:  False&#xA;">at Microsoft.SqlTools.ServiceLayer.Test.Common.TestConnectionProfileService.GetInstance(String key) in /Users/aasimkhan/src/sqltoolsservice/test/Microsoft.SqlTools.ServiceLayer.Test.Common/TestConnectionProfileService.cs:line 59
   at Microsoft.SqlTools.ServiceLayer.Test.Common.TestConnectionProfileService.GetConnectionParameters(String key, String databaseName) in /Users/aasimkhan/src/sqltoolsservice/test/Microsoft.SqlTools.ServiceLayer.Test.Common/TestConnectionProfileService.cs:line 65
   at Microsoft.SqlTools.ServiceLayer.Test.Common.TestConnectionProfileService.GetConnectionParameters(TestServerType serverType, String databaseName) in /Users/aasimkhan/src/sqltoolsservice/test/Microsoft.SqlTools.ServiceLayer.Test.Common/TestConnectionProfileService.cs:line 75
   at Microsoft.SqlTools.ServiceLayer.IntegrationTests.Utility.LiveConnectionHelper.InitLiveConnectionInfoAsync(String databaseName, String ownerUri, String connectionType, TestServerType serverType) in /Users/aasimkhan/src/sqltoolsservice/test/Microsoft.SqlTools.ServiceLayer.IntegrationTests/Utility/LiveConnectionHelper.cs:line 68
   at Microsoft.SqlTools.ServiceLayer.IntegrationTests.Utility.LiveConnectionHelper.InitLiveConnectionInfo(String databaseName, String ownerUri) in /Users/aasimkhan/src/sqltoolsservice/test/Microsoft.SqlTools.ServiceLayer.IntegrationTests/Utility/LiveConnectionHelper.cs:line 52
   at Microsoft.SqlTools.ServiceLayer.IntegrationTests.SchemaCompare.SchemaCompareTestUtils.GetLiveAutoCompleteTestObjects() in /Users/aasimkhan/src/sqltoolsservice/test/Microsoft.SqlTools.ServiceLayer.IntegrationTests/SchemaCompare/SchemaCompareTestUtils.cs:line 141
   at Microsoft.SqlTools.ServiceLayer.IntegrationTests.SchemaCompare.SchemaCompareServiceOptionsTests.SendAndValidateSchemaCompareRequestDacpacToDacpacWithOptions(String sourceScript, String targetScript, DeploymentOptions nodiffOption, DeploymentOptions shouldDiffOption) in /Users/aasimkhan/src/sqltoolsservice/test/Microsoft.SqlTools.ServiceLayer.IntegrationTests/SchemaCompare/SchemaCompareServiceOptionsTests.cs:line 118
   at Microsoft.SqlTools.ServiceLayer.IntegrationTests.SchemaCompare.SchemaCompareServiceOptionsTests.SchemaCompareDacpacToDacpacObjectTypes() in /Users/aasimkhan/src/sqltoolsservice/test/Microsoft.SqlTools.ServiceLayer.IntegrationTests/SchemaCompare/SchemaCompareServiceOptionsTests.cs:line 336
   at NUnit.Framework.Internal.TaskAwaitAdapter.GenericAdapter`1.GetResult()
   at NUnit.Framework.Internal.AsyncToSyncAdapter.Await(Func`1 invoke)
   at NUnit.Framework.Internal.Commands.TestMethodCommand.RunTestMethod(TestExecutionContext context)
   at NUnit.Framework.Internal.Commands.TestMethodCommand.Execute(TestExecutionContext context)
   at NUnit.Framework.Internal.Execution.SimpleWorkItem.&lt;&gt;c__DisplayClass4_0.&lt;PerformWork&gt;b__0()
   at NUnit.Framework.Internal.ContextUtils.&lt;&gt;c__DisplayClass1_0`1.&lt;DoIsolated&gt;b__0(Object _)

1)    at Microsoft.SqlTools.ServiceLayer.Test.Common.TestConnectionProfileService.GetInstance(String key) in /Users/aasimkhan/src/sqltoolsservice/test/Microsoft.SqlTools.ServiceLayer.Test.Common/TestConnectionProfileService.cs:line 59
   at Microsoft.SqlTools.ServiceLayer.Test.Common.TestConnectionProfileService.GetConnectionParameters(String key, String databaseName) in /Users/aasimkhan/src/sqltoolsservice/test/Microsoft.SqlTools.ServiceLayer.Test.Common/TestConnectionProfileService.cs:line 65
   at Microsoft.SqlTools.ServiceLayer.Test.Common.TestConnectionProfileService.GetConnectionParameters(TestServerType serverType, String databaseName) in /Users/aasimkhan/src/sqltoolsservice/test/Microsoft.SqlTools.ServiceLayer.Test.Common/TestConnectionProfileService.cs:line 75
   at Microsoft.SqlTools.ServiceLayer.IntegrationTests.Utility.LiveConnectionHelper.InitLiveConnectionInfoAsync(String databaseName, String ownerUri, String connectionType, TestServerType serverType) in /Users/aasimkhan/src/sqltoolsservice/test/Microsoft.SqlTools.ServiceLayer.IntegrationTests/Utility/LiveConnectionHelper.cs:line 68
   at System.Runtime.CompilerServices.AsyncMethodBuilderCore.Start[TStateMachine](TStateMachine&amp; stateMachine)
   at Microsoft.SqlTools.ServiceLayer.IntegrationTests.Utility.LiveConnectionHelper.InitLiveConnectionInfoAsync(String databaseName, String ownerUri, String connectionType, TestServerType serverType)
   at Microsoft.SqlTools.ServiceLayer.IntegrationTests.Utility.LiveConnectionHelper.InitLiveConnectionInfo(String databaseName, String ownerUri) in /Users/aasimkhan/src/sqltoolsservice/test/Microsoft.SqlTools.ServiceLayer.IntegrationTests/Utility/LiveConnectionHelper.cs:line 52
   at Microsoft.SqlTools.ServiceLayer.IntegrationTests.SchemaCompare.SchemaCompareTestUtils.GetLiveAutoCompleteTestObjects() in /Users/aasimkhan/src/sqltoolsservice/test/Microsoft.SqlTools.ServiceLayer.IntegrationTests/SchemaCompare/SchemaCompareTestUtils.cs:line 141
   at Microsoft.SqlTools.ServiceLayer.IntegrationTests.SchemaCompare.SchemaCompareServiceOptionsTests.SendAndValidateSchemaCompareRequestDacpacToDacpacWithOptions(String sourceScript, String targetScript, DeploymentOptions nodiffOption, DeploymentOptions shouldDiffOption) in /Users/aasimkhan/src/sqltoolsservice/test/Microsoft.SqlTools.ServiceLayer.IntegrationTests/SchemaCompare/SchemaCompareServiceOptionsTests.cs:line 118
   at System.Runtime.CompilerServices.AsyncMethodBuilderCore.Start[TStateMachine](TStateMachine&amp; stateMachine)
   at Microsoft.SqlTools.ServiceLayer.IntegrationTests.SchemaCompare.SchemaCompareServiceOptionsTests.SendAndValidateSchemaCompareRequestDacpacToDacpacWithOptions(String sourceScript, String targetScript, DeploymentOptions nodiffOption, DeploymentOptions shouldDiffOption)
   at Microsoft.SqlTools.ServiceLayer.IntegrationTests.SchemaCompare.SchemaCompareServiceOptionsTests.SchemaCompareDacpacToDacpacObjectTypes() in /Users/aasimkhan/src/sqltoolsservice/test/Microsoft.SqlTools.ServiceLayer.IntegrationTests/SchemaCompare/SchemaCompareServiceOptionsTests.cs:line 336
   at System.Runtime.CompilerServices.AsyncMethodBuilderCore.Start[TStateMachine](TStateMachine&amp; stateMachine)
   at Microsoft.SqlTools.ServiceLayer.IntegrationTests.SchemaCompare.SchemaCompareServiceOptionsTests.SchemaCompareDacpacToDacpacObjectTypes()</failure>
    </testcase>
    <testcase classname="Microsoft.SqlTools.ServiceLayer.IntegrationTests.SchemaCompare.SchemaCompareServiceOptionsTests" name="SchemaCompareDacpacToDacpacOptions" time="0.0028900">
      <failure type="failure" message="  Cannot find any instance for version key: sqlOnPrem&#xA;  Expected: True&#xA;  But was:  False&#xA;">at Microsoft.SqlTools.ServiceLayer.Test.Common.TestConnectionProfileService.GetInstance(String key) in /Users/aasimkhan/src/sqltoolsservice/test/Microsoft.SqlTools.ServiceLayer.Test.Common/TestConnectionProfileService.cs:line 59
   at Microsoft.SqlTools.ServiceLayer.Test.Common.TestConnectionProfileService.GetConnectionParameters(String key, String databaseName) in /Users/aasimkhan/src/sqltoolsservice/test/Microsoft.SqlTools.ServiceLayer.Test.Common/TestConnectionProfileService.cs:line 65
   at Microsoft.SqlTools.ServiceLayer.Test.Common.TestConnectionProfileService.GetConnectionParameters(TestServerType serverType, String databaseName) in /Users/aasimkhan/src/sqltoolsservice/test/Microsoft.SqlTools.ServiceLayer.Test.Common/TestConnectionProfileService.cs:line 75
   at Microsoft.SqlTools.ServiceLayer.IntegrationTests.Utility.LiveConnectionHelper.InitLiveConnectionInfoAsync(String databaseName, String ownerUri, String connectionType, TestServerType serverType) in /Users/aasimkhan/src/sqltoolsservice/test/Microsoft.SqlTools.ServiceLayer.IntegrationTests/Utility/LiveConnectionHelper.cs:line 68
   at Microsoft.SqlTools.ServiceLayer.IntegrationTests.Utility.LiveConnectionHelper.InitLiveConnectionInfo(String databaseName, String ownerUri) in /Users/aasimkhan/src/sqltoolsservice/test/Microsoft.SqlTools.ServiceLayer.IntegrationTests/Utility/LiveConnectionHelper.cs:line 52
   at Microsoft.SqlTools.ServiceLayer.IntegrationTests.SchemaCompare.SchemaCompareTestUtils.GetLiveAutoCompleteTestObjects() in /Users/aasimkhan/src/sqltoolsservice/test/Microsoft.SqlTools.ServiceLayer.IntegrationTests/SchemaCompare/SchemaCompareTestUtils.cs:line 141
   at Microsoft.SqlTools.ServiceLayer.IntegrationTests.SchemaCompare.SchemaCompareServiceOptionsTests.SendAndValidateSchemaCompareRequestDacpacToDacpacWithOptions(String sourceScript, String targetScript, DeploymentOptions nodiffOption, DeploymentOptions shouldDiffOption) in /Users/aasimkhan/src/sqltoolsservice/test/Microsoft.SqlTools.ServiceLayer.IntegrationTests/SchemaCompare/SchemaCompareServiceOptionsTests.cs:line 118
   at Microsoft.SqlTools.ServiceLayer.IntegrationTests.SchemaCompare.SchemaCompareServiceOptionsTests.SchemaCompareDacpacToDacpacOptions() in /Users/aasimkhan/src/sqltoolsservice/test/Microsoft.SqlTools.ServiceLayer.IntegrationTests/SchemaCompare/SchemaCompareServiceOptionsTests.cs:line 327
   at NUnit.Framework.Internal.TaskAwaitAdapter.GenericAdapter`1.GetResult()
   at NUnit.Framework.Internal.AsyncToSyncAdapter.Await(Func`1 invoke)
   at NUnit.Framework.Internal.Commands.TestMethodCommand.RunTestMethod(TestExecutionContext context)
   at NUnit.Framework.Internal.Commands.TestMethodCommand.Execute(TestExecutionContext context)
   at NUnit.Framework.Internal.Execution.SimpleWorkItem.&lt;&gt;c__DisplayClass4_0.&lt;PerformWork&gt;b__0()
   at NUnit.Framework.Internal.ContextUtils.&lt;&gt;c__DisplayClass1_0`1.&lt;DoIsolated&gt;b__0(Object _)

1)    at Microsoft.SqlTools.ServiceLayer.Test.Common.TestConnectionProfileService.GetInstance(String key) in /Users/aasimkhan/src/sqltoolsservice/test/Microsoft.SqlTools.ServiceLayer.Test.Common/TestConnectionProfileService.cs:line 59
   at Microsoft.SqlTools.ServiceLayer.Test.Common.TestConnectionProfileService.GetConnectionParameters(String key, String databaseName) in /Users/aasimkhan/src/sqltoolsservice/test/Microsoft.SqlTools.ServiceLayer.Test.Common/TestConnectionProfileService.cs:line 65
   at Microsoft.SqlTools.ServiceLayer.Test.Common.TestConnectionProfileService.GetConnectionParameters(TestServerType serverType, String databaseName) in /Users/aasimkhan/src/sqltoolsservice/test/Microsoft.SqlTools.ServiceLayer.Test.Common/TestConnectionProfileService.cs:line 75
   at Microsoft.SqlTools.ServiceLayer.IntegrationTests.Utility.LiveConnectionHelper.InitLiveConnectionInfoAsync(String databaseName, String ownerUri, String connectionType, TestServerType serverType) in /Users/aasimkhan/src/sqltoolsservice/test/Microsoft.SqlTools.ServiceLayer.IntegrationTests/Utility/LiveConnectionHelper.cs:line 68
   at System.Runtime.CompilerServices.AsyncMethodBuilderCore.Start[TStateMachine](TStateMachine&amp; stateMachine)
   at Microsoft.SqlTools.ServiceLayer.IntegrationTests.Utility.LiveConnectionHelper.InitLiveConnectionInfoAsync(String databaseName, String ownerUri, String connectionType, TestServerType serverType)
   at Microsoft.SqlTools.ServiceLayer.IntegrationTests.Utility.LiveConnectionHelper.InitLiveConnectionInfo(String databaseName, String ownerUri) in /Users/aasimkhan/src/sqltoolsservice/test/Microsoft.SqlTools.ServiceLayer.IntegrationTests/Utility/LiveConnectionHelper.cs:line 52
   at Microsoft.SqlTools.ServiceLayer.IntegrationTests.SchemaCompare.SchemaCompareTestUtils.GetLiveAutoCompleteTestObjects() in /Users/aasimkhan/src/sqltoolsservice/test/Microsoft.SqlTools.ServiceLayer.IntegrationTests/SchemaCompare/SchemaCompareTestUtils.cs:line 141
   at Microsoft.SqlTools.ServiceLayer.IntegrationTests.SchemaCompare.SchemaCompareServiceOptionsTests.SendAndValidateSchemaCompareRequestDacpacToDacpacWithOptions(String sourceScript, String targetScript, DeploymentOptions nodiffOption, DeploymentOptions shouldDiffOption) in /Users/aasimkhan/src/sqltoolsservice/test/Microsoft.SqlTools.ServiceLayer.IntegrationTests/SchemaCompare/SchemaCompareServiceOptionsTests.cs:line 118
   at System.Runtime.CompilerServices.AsyncMethodBuilderCore.Start[TStateMachine](TStateMachine&amp; stateMachine)
   at Microsoft.SqlTools.ServiceLayer.IntegrationTests.SchemaCompare.SchemaCompareServiceOptionsTests.SendAndValidateSchemaCompareRequestDacpacToDacpacWithOptions(String sourceScript, String targetScript, DeploymentOptions nodiffOption, DeploymentOptions shouldDiffOption)
   at Microsoft.SqlTools.ServiceLayer.IntegrationTests.SchemaCompare.SchemaCompareServiceOptionsTests.SchemaCompareDacpacToDacpacOptions() in /Users/aasimkhan/src/sqltoolsservice/test/Microsoft.SqlTools.ServiceLayer.IntegrationTests/SchemaCompare/SchemaCompareServiceOptionsTests.cs:line 327
   at System.Runtime.CompilerServices.AsyncMethodBuilderCore.Start[TStateMachine](TStateMachine&amp; stateMachine)
   at Microsoft.SqlTools.ServiceLayer.IntegrationTests.SchemaCompare.SchemaCompareServiceOptionsTests.SchemaCompareDacpacToDacpacOptions()</failure>
    </testcase>
    <testcase classname="Microsoft.SqlTools.ServiceLayer.IntegrationTests.SchemaCompare.SchemaCompareServiceOptionsTests" name="SchemaCompareDatabaseToDatabaseObjectTypes" time="0.0069400">
      <failure type="failure" message="  Cannot find any instance for version key: sqlOnPrem&#xA;  Expected: True&#xA;  But was:  False&#xA;">at Microsoft.SqlTools.ServiceLayer.Test.Common.TestConnectionProfileService.GetInstance(String key) in /Users/aasimkhan/src/sqltoolsservice/test/Microsoft.SqlTools.ServiceLayer.Test.Common/TestConnectionProfileService.cs:line 59
   at Microsoft.SqlTools.ServiceLayer.Test.Common.TestConnectionProfileService.GetConnectionParameters(String key, String databaseName) in /Users/aasimkhan/src/sqltoolsservice/test/Microsoft.SqlTools.ServiceLayer.Test.Common/TestConnectionProfileService.cs:line 65
   at Microsoft.SqlTools.ServiceLayer.Test.Common.TestConnectionProfileService.GetConnectionParameters(TestServerType serverType, String databaseName) in /Users/aasimkhan/src/sqltoolsservice/test/Microsoft.SqlTools.ServiceLayer.Test.Common/TestConnectionProfileService.cs:line 75
   at Microsoft.SqlTools.ServiceLayer.IntegrationTests.Utility.LiveConnectionHelper.InitLiveConnectionInfoAsync(String databaseName, String ownerUri, String connectionType, TestServerType serverType) in /Users/aasimkhan/src/sqltoolsservice/test/Microsoft.SqlTools.ServiceLayer.IntegrationTests/Utility/LiveConnectionHelper.cs:line 68
   at Microsoft.SqlTools.ServiceLayer.IntegrationTests.Utility.LiveConnectionHelper.InitLiveConnectionInfo(String databaseName, String ownerUri) in /Users/aasimkhan/src/sqltoolsservice/test/Microsoft.SqlTools.ServiceLayer.IntegrationTests/Utility/LiveConnectionHelper.cs:line 52
   at Microsoft.SqlTools.ServiceLayer.IntegrationTests.SchemaCompare.SchemaCompareTestUtils.GetLiveAutoCompleteTestObjects() in /Users/aasimkhan/src/sqltoolsservice/test/Microsoft.SqlTools.ServiceLayer.IntegrationTests/SchemaCompare/SchemaCompareTestUtils.cs:line 141
   at Microsoft.SqlTools.ServiceLayer.IntegrationTests.SchemaCompare.SchemaCompareServiceOptionsTests.SendAndValidateSchemaCompareRequestDatabaseToDatabaseWithOptions(String sourceScript, String targetScript, DeploymentOptions nodiffOption, DeploymentOptions shouldDiffOption) in /Users/aasimkhan/src/sqltoolsservice/test/Microsoft.SqlTools.ServiceLayer.IntegrationTests/SchemaCompare/SchemaCompareServiceOptionsTests.cs:line 174
   at Microsoft.SqlTools.ServiceLayer.IntegrationTests.SchemaCompare.SchemaCompareServiceOptionsTests.SchemaCompareDatabaseToDatabaseObjectTypes() in /Users/aasimkhan/src/sqltoolsservice/test/Microsoft.SqlTools.ServiceLayer.IntegrationTests/SchemaCompare/SchemaCompareServiceOptionsTests.cs:line 354
   at NUnit.Framework.Internal.TaskAwaitAdapter.GenericAdapter`1.GetResult()
   at NUnit.Framework.Internal.AsyncToSyncAdapter.Await(Func`1 invoke)
   at NUnit.Framework.Internal.Commands.TestMethodCommand.RunTestMethod(TestExecutionContext context)
   at NUnit.Framework.Internal.Commands.TestMethodCommand.Execute(TestExecutionContext context)
   at NUnit.Framework.Internal.Execution.SimpleWorkItem.&lt;&gt;c__DisplayClass4_0.&lt;PerformWork&gt;b__0()
   at NUnit.Framework.Internal.ContextUtils.&lt;&gt;c__DisplayClass1_0`1.&lt;DoIsolated&gt;b__0(Object _)

1)    at Microsoft.SqlTools.ServiceLayer.Test.Common.TestConnectionProfileService.GetInstance(String key) in /Users/aasimkhan/src/sqltoolsservice/test/Microsoft.SqlTools.ServiceLayer.Test.Common/TestConnectionProfileService.cs:line 59
   at Microsoft.SqlTools.ServiceLayer.Test.Common.TestConnectionProfileService.GetConnectionParameters(String key, String databaseName) in /Users/aasimkhan/src/sqltoolsservice/test/Microsoft.SqlTools.ServiceLayer.Test.Common/TestConnectionProfileService.cs:line 65
   at Microsoft.SqlTools.ServiceLayer.Test.Common.TestConnectionProfileService.GetConnectionParameters(TestServerType serverType, String databaseName) in /Users/aasimkhan/src/sqltoolsservice/test/Microsoft.SqlTools.ServiceLayer.Test.Common/TestConnectionProfileService.cs:line 75
   at Microsoft.SqlTools.ServiceLayer.IntegrationTests.Utility.LiveConnectionHelper.InitLiveConnectionInfoAsync(String databaseName, String ownerUri, String connectionType, TestServerType serverType) in /Users/aasimkhan/src/sqltoolsservice/test/Microsoft.SqlTools.ServiceLayer.IntegrationTests/Utility/LiveConnectionHelper.cs:line 68
   at System.Runtime.CompilerServices.AsyncMethodBuilderCore.Start[TStateMachine](TStateMachine&amp; stateMachine)
   at Microsoft.SqlTools.ServiceLayer.IntegrationTests.Utility.LiveConnectionHelper.InitLiveConnectionInfoAsync(String databaseName, String ownerUri, String connectionType, TestServerType serverType)
   at Microsoft.SqlTools.ServiceLayer.IntegrationTests.Utility.LiveConnectionHelper.InitLiveConnectionInfo(String databaseName, String ownerUri) in /Users/aasimkhan/src/sqltoolsservice/test/Microsoft.SqlTools.ServiceLayer.IntegrationTests/Utility/LiveConnectionHelper.cs:line 52
   at Microsoft.SqlTools.ServiceLayer.IntegrationTests.SchemaCompare.SchemaCompareTestUtils.GetLiveAutoCompleteTestObjects() in /Users/aasimkhan/src/sqltoolsservice/test/Microsoft.SqlTools.ServiceLayer.IntegrationTests/SchemaCompare/SchemaCompareTestUtils.cs:line 141
   at Microsoft.SqlTools.ServiceLayer.IntegrationTests.SchemaCompare.SchemaCompareServiceOptionsTests.SendAndValidateSchemaCompareRequestDatabaseToDatabaseWithOptions(String sourceScript, String targetScript, DeploymentOptions nodiffOption, DeploymentOptions shouldDiffOption) in /Users/aasimkhan/src/sqltoolsservice/test/Microsoft.SqlTools.ServiceLayer.IntegrationTests/SchemaCompare/SchemaCompareServiceOptionsTests.cs:line 174
   at System.Runtime.CompilerServices.AsyncMethodBuilderCore.Start[TStateMachine](TStateMachine&amp; stateMachine)
   at Microsoft.SqlTools.ServiceLayer.IntegrationTests.SchemaCompare.SchemaCompareServiceOptionsTests.SendAndValidateSchemaCompareRequestDatabaseToDatabaseWithOptions(String sourceScript, String targetScript, DeploymentOptions nodiffOption, DeploymentOptions shouldDiffOption)
   at Microsoft.SqlTools.ServiceLayer.IntegrationTests.SchemaCompare.SchemaCompareServiceOptionsTests.SchemaCompareDatabaseToDatabaseObjectTypes() in /Users/aasimkhan/src/sqltoolsservice/test/Microsoft.SqlTools.ServiceLayer.IntegrationTests/SchemaCompare/SchemaCompareServiceOptionsTests.cs:line 354
   at System.Runtime.CompilerServices.AsyncMethodBuilderCore.Start[TStateMachine](TStateMachine&amp; stateMachine)
   at Microsoft.SqlTools.ServiceLayer.IntegrationTests.SchemaCompare.SchemaCompareServiceOptionsTests.SchemaCompareDatabaseToDatabaseObjectTypes()</failure>
    </testcase>
    <testcase classname="Microsoft.SqlTools.ServiceLayer.IntegrationTests.SchemaCompare.SchemaCompareServiceOptionsTests" name="SchemaCompareDatabaseToDatabaseOptions" time="0.0027270">
      <failure type="failure" message="  Cannot find any instance for version key: sqlOnPrem&#xA;  Expected: True&#xA;  But was:  False&#xA;">at Microsoft.SqlTools.ServiceLayer.Test.Common.TestConnectionProfileService.GetInstance(String key) in /Users/aasimkhan/src/sqltoolsservice/test/Microsoft.SqlTools.ServiceLayer.Test.Common/TestConnectionProfileService.cs:line 59
   at Microsoft.SqlTools.ServiceLayer.Test.Common.TestConnectionProfileService.GetConnectionParameters(String key, String databaseName) in /Users/aasimkhan/src/sqltoolsservice/test/Microsoft.SqlTools.ServiceLayer.Test.Common/TestConnectionProfileService.cs:line 65
   at Microsoft.SqlTools.ServiceLayer.Test.Common.TestConnectionProfileService.GetConnectionParameters(TestServerType serverType, String databaseName) in /Users/aasimkhan/src/sqltoolsservice/test/Microsoft.SqlTools.ServiceLayer.Test.Common/TestConnectionProfileService.cs:line 75
   at Microsoft.SqlTools.ServiceLayer.IntegrationTests.Utility.LiveConnectionHelper.InitLiveConnectionInfoAsync(String databaseName, String ownerUri, String connectionType, TestServerType serverType) in /Users/aasimkhan/src/sqltoolsservice/test/Microsoft.SqlTools.ServiceLayer.IntegrationTests/Utility/LiveConnectionHelper.cs:line 68
   at Microsoft.SqlTools.ServiceLayer.IntegrationTests.Utility.LiveConnectionHelper.InitLiveConnectionInfo(String databaseName, String ownerUri) in /Users/aasimkhan/src/sqltoolsservice/test/Microsoft.SqlTools.ServiceLayer.IntegrationTests/Utility/LiveConnectionHelper.cs:line 52
   at Microsoft.SqlTools.ServiceLayer.IntegrationTests.SchemaCompare.SchemaCompareTestUtils.GetLiveAutoCompleteTestObjects() in /Users/aasimkhan/src/sqltoolsservice/test/Microsoft.SqlTools.ServiceLayer.IntegrationTests/SchemaCompare/SchemaCompareTestUtils.cs:line 141
   at Microsoft.SqlTools.ServiceLayer.IntegrationTests.SchemaCompare.SchemaCompareServiceOptionsTests.SendAndValidateSchemaCompareRequestDatabaseToDatabaseWithOptions(String sourceScript, String targetScript, DeploymentOptions nodiffOption, DeploymentOptions shouldDiffOption) in /Users/aasimkhan/src/sqltoolsservice/test/Microsoft.SqlTools.ServiceLayer.IntegrationTests/SchemaCompare/SchemaCompareServiceOptionsTests.cs:line 174
   at Microsoft.SqlTools.ServiceLayer.IntegrationTests.SchemaCompare.SchemaCompareServiceOptionsTests.SchemaCompareDatabaseToDatabaseOptions() in /Users/aasimkhan/src/sqltoolsservice/test/Microsoft.SqlTools.ServiceLayer.IntegrationTests/SchemaCompare/SchemaCompareServiceOptionsTests.cs:line 345
   at NUnit.Framework.Internal.TaskAwaitAdapter.GenericAdapter`1.GetResult()
   at NUnit.Framework.Internal.AsyncToSyncAdapter.Await(Func`1 invoke)
   at NUnit.Framework.Internal.Commands.TestMethodCommand.RunTestMethod(TestExecutionContext context)
   at NUnit.Framework.Internal.Commands.TestMethodCommand.Execute(TestExecutionContext context)
   at NUnit.Framework.Internal.Execution.SimpleWorkItem.&lt;&gt;c__DisplayClass4_0.&lt;PerformWork&gt;b__0()
   at NUnit.Framework.Internal.ContextUtils.&lt;&gt;c__DisplayClass1_0`1.&lt;DoIsolated&gt;b__0(Object _)

1)    at Microsoft.SqlTools.ServiceLayer.Test.Common.TestConnectionProfileService.GetInstance(String key) in /Users/aasimkhan/src/sqltoolsservice/test/Microsoft.SqlTools.ServiceLayer.Test.Common/TestConnectionProfileService.cs:line 59
   at Microsoft.SqlTools.ServiceLayer.Test.Common.TestConnectionProfileService.GetConnectionParameters(String key, String databaseName) in /Users/aasimkhan/src/sqltoolsservice/test/Microsoft.SqlTools.ServiceLayer.Test.Common/TestConnectionProfileService.cs:line 65
   at Microsoft.SqlTools.ServiceLayer.Test.Common.TestConnectionProfileService.GetConnectionParameters(TestServerType serverType, String databaseName) in /Users/aasimkhan/src/sqltoolsservice/test/Microsoft.SqlTools.ServiceLayer.Test.Common/TestConnectionProfileService.cs:line 75
   at Microsoft.SqlTools.ServiceLayer.IntegrationTests.Utility.LiveConnectionHelper.InitLiveConnectionInfoAsync(String databaseName, String ownerUri, String connectionType, TestServerType serverType) in /Users/aasimkhan/src/sqltoolsservice/test/Microsoft.SqlTools.ServiceLayer.IntegrationTests/Utility/LiveConnectionHelper.cs:line 68
   at System.Runtime.CompilerServices.AsyncMethodBuilderCore.Start[TStateMachine](TStateMachine&amp; stateMachine)
   at Microsoft.SqlTools.ServiceLayer.IntegrationTests.Utility.LiveConnectionHelper.InitLiveConnectionInfoAsync(String databaseName, String ownerUri, String connectionType, TestServerType serverType)
   at Microsoft.SqlTools.ServiceLayer.IntegrationTests.Utility.LiveConnectionHelper.InitLiveConnectionInfo(String databaseName, String ownerUri) in /Users/aasimkhan/src/sqltoolsservice/test/Microsoft.SqlTools.ServiceLayer.IntegrationTests/Utility/LiveConnectionHelper.cs:line 52
   at Microsoft.SqlTools.ServiceLayer.IntegrationTests.SchemaCompare.SchemaCompareTestUtils.GetLiveAutoCompleteTestObjects() in /Users/aasimkhan/src/sqltoolsservice/test/Microsoft.SqlTools.ServiceLayer.IntegrationTests/SchemaCompare/SchemaCompareTestUtils.cs:line 141
   at Microsoft.SqlTools.ServiceLayer.IntegrationTests.SchemaCompare.SchemaCompareServiceOptionsTests.SendAndValidateSchemaCompareRequestDatabaseToDatabaseWithOptions(String sourceScript, String targetScript, DeploymentOptions nodiffOption, DeploymentOptions shouldDiffOption) in /Users/aasimkhan/src/sqltoolsservice/test/Microsoft.SqlTools.ServiceLayer.IntegrationTests/SchemaCompare/SchemaCompareServiceOptionsTests.cs:line 174
   at System.Runtime.CompilerServices.AsyncMethodBuilderCore.Start[TStateMachine](TStateMachine&amp; stateMachine)
   at Microsoft.SqlTools.ServiceLayer.IntegrationTests.SchemaCompare.SchemaCompareServiceOptionsTests.SendAndValidateSchemaCompareRequestDatabaseToDatabaseWithOptions(String sourceScript, String targetScript, DeploymentOptions nodiffOption, DeploymentOptions shouldDiffOption)
   at Microsoft.SqlTools.ServiceLayer.IntegrationTests.SchemaCompare.SchemaCompareServiceOptionsTests.SchemaCompareDatabaseToDatabaseOptions() in /Users/aasimkhan/src/sqltoolsservice/test/Microsoft.SqlTools.ServiceLayer.IntegrationTests/SchemaCompare/SchemaCompareServiceOptionsTests.cs:line 345
   at System.Runtime.CompilerServices.AsyncMethodBuilderCore.Start[TStateMachine](TStateMachine&amp; stateMachine)
   at Microsoft.SqlTools.ServiceLayer.IntegrationTests.SchemaCompare.SchemaCompareServiceOptionsTests.SchemaCompareDatabaseToDatabaseOptions()</failure>
    </testcase>
    <testcase classname="Microsoft.SqlTools.ServiceLayer.IntegrationTests.SchemaCompare.SchemaCompareServiceOptionsTests" name="SchemaCompareGenerateScriptDacpacToDatabaseObjectTypes" time="0.0033610">
      <failure type="failure" message="  Cannot find any instance for version key: sqlOnPrem&#xA;  Expected: True&#xA;  But was:  False&#xA;">at Microsoft.SqlTools.ServiceLayer.Test.Common.TestConnectionProfileService.GetInstance(String key) in /Users/aasimkhan/src/sqltoolsservice/test/Microsoft.SqlTools.ServiceLayer.Test.Common/TestConnectionProfileService.cs:line 59
   at Microsoft.SqlTools.ServiceLayer.Test.Common.TestConnectionProfileService.GetConnectionParameters(String key, String databaseName) in /Users/aasimkhan/src/sqltoolsservice/test/Microsoft.SqlTools.ServiceLayer.Test.Common/TestConnectionProfileService.cs:line 65
   at Microsoft.SqlTools.ServiceLayer.Test.Common.TestConnectionProfileService.GetConnectionParameters(TestServerType serverType, String databaseName) in /Users/aasimkhan/src/sqltoolsservice/test/Microsoft.SqlTools.ServiceLayer.Test.Common/TestConnectionProfileService.cs:line 75
   at Microsoft.SqlTools.ServiceLayer.IntegrationTests.Utility.LiveConnectionHelper.InitLiveConnectionInfoAsync(String databaseName, String ownerUri, String connectionType, TestServerType serverType) in /Users/aasimkhan/src/sqltoolsservice/test/Microsoft.SqlTools.ServiceLayer.IntegrationTests/Utility/LiveConnectionHelper.cs:line 68
   at Microsoft.SqlTools.ServiceLayer.IntegrationTests.Utility.LiveConnectionHelper.InitLiveConnectionInfo(String databaseName, String ownerUri) in /Users/aasimkhan/src/sqltoolsservice/test/Microsoft.SqlTools.ServiceLayer.IntegrationTests/Utility/LiveConnectionHelper.cs:line 52
   at Microsoft.SqlTools.ServiceLayer.IntegrationTests.SchemaCompare.SchemaCompareTestUtils.GetLiveAutoCompleteTestObjects() in /Users/aasimkhan/src/sqltoolsservice/test/Microsoft.SqlTools.ServiceLayer.IntegrationTests/SchemaCompare/SchemaCompareTestUtils.cs:line 141
   at Microsoft.SqlTools.ServiceLayer.IntegrationTests.SchemaCompare.SchemaCompareServiceOptionsTests.SendAndValidateSchemaCompareGenerateScriptRequestDacpacToDatabaseWithOptions(String sourceScript, String targetScript, DeploymentOptions nodiffOption, DeploymentOptions shouldDiffOption) in /Users/aasimkhan/src/sqltoolsservice/test/Microsoft.SqlTools.ServiceLayer.IntegrationTests/SchemaCompare/SchemaCompareServiceOptionsTests.cs:line 228
   at Microsoft.SqlTools.ServiceLayer.IntegrationTests.SchemaCompare.SchemaCompareServiceOptionsTests.SchemaCompareGenerateScriptDacpacToDatabaseObjectTypes() in /Users/aasimkhan/src/sqltoolsservice/test/Microsoft.SqlTools.ServiceLayer.IntegrationTests/SchemaCompare/SchemaCompareServiceOptionsTests.cs:line 372
   at NUnit.Framework.Internal.TaskAwaitAdapter.GenericAdapter`1.GetResult()
   at NUnit.Framework.Internal.AsyncToSyncAdapter.Await(Func`1 invoke)
   at NUnit.Framework.Internal.Commands.TestMethodCommand.RunTestMethod(TestExecutionContext context)
   at NUnit.Framework.Internal.Commands.TestMethodCommand.Execute(TestExecutionContext context)
   at NUnit.Framework.Internal.Execution.SimpleWorkItem.&lt;&gt;c__DisplayClass4_0.&lt;PerformWork&gt;b__0()
   at NUnit.Framework.Internal.ContextUtils.&lt;&gt;c__DisplayClass1_0`1.&lt;DoIsolated&gt;b__0(Object _)

1)    at Microsoft.SqlTools.ServiceLayer.Test.Common.TestConnectionProfileService.GetInstance(String key) in /Users/aasimkhan/src/sqltoolsservice/test/Microsoft.SqlTools.ServiceLayer.Test.Common/TestConnectionProfileService.cs:line 59
   at Microsoft.SqlTools.ServiceLayer.Test.Common.TestConnectionProfileService.GetConnectionParameters(String key, String databaseName) in /Users/aasimkhan/src/sqltoolsservice/test/Microsoft.SqlTools.ServiceLayer.Test.Common/TestConnectionProfileService.cs:line 65
   at Microsoft.SqlTools.ServiceLayer.Test.Common.TestConnectionProfileService.GetConnectionParameters(TestServerType serverType, String databaseName) in /Users/aasimkhan/src/sqltoolsservice/test/Microsoft.SqlTools.ServiceLayer.Test.Common/TestConnectionProfileService.cs:line 75
   at Microsoft.SqlTools.ServiceLayer.IntegrationTests.Utility.LiveConnectionHelper.InitLiveConnectionInfoAsync(String databaseName, String ownerUri, String connectionType, TestServerType serverType) in /Users/aasimkhan/src/sqltoolsservice/test/Microsoft.SqlTools.ServiceLayer.IntegrationTests/Utility/LiveConnectionHelper.cs:line 68
   at System.Runtime.CompilerServices.AsyncMethodBuilderCore.Start[TStateMachine](TStateMachine&amp; stateMachine)
   at Microsoft.SqlTools.ServiceLayer.IntegrationTests.Utility.LiveConnectionHelper.InitLiveConnectionInfoAsync(String databaseName, String ownerUri, String connectionType, TestServerType serverType)
   at Microsoft.SqlTools.ServiceLayer.IntegrationTests.Utility.LiveConnectionHelper.InitLiveConnectionInfo(String databaseName, String ownerUri) in /Users/aasimkhan/src/sqltoolsservice/test/Microsoft.SqlTools.ServiceLayer.IntegrationTests/Utility/LiveConnectionHelper.cs:line 52
   at Microsoft.SqlTools.ServiceLayer.IntegrationTests.SchemaCompare.SchemaCompareTestUtils.GetLiveAutoCompleteTestObjects() in /Users/aasimkhan/src/sqltoolsservice/test/Microsoft.SqlTools.ServiceLayer.IntegrationTests/SchemaCompare/SchemaCompareTestUtils.cs:line 141
   at Microsoft.SqlTools.ServiceLayer.IntegrationTests.SchemaCompare.SchemaCompareServiceOptionsTests.SendAndValidateSchemaCompareGenerateScriptRequestDacpacToDatabaseWithOptions(String sourceScript, String targetScript, DeploymentOptions nodiffOption, DeploymentOptions shouldDiffOption) in /Users/aasimkhan/src/sqltoolsservice/test/Microsoft.SqlTools.ServiceLayer.IntegrationTests/SchemaCompare/SchemaCompareServiceOptionsTests.cs:line 228
   at System.Runtime.CompilerServices.AsyncMethodBuilderCore.Start[TStateMachine](TStateMachine&amp; stateMachine)
   at Microsoft.SqlTools.ServiceLayer.IntegrationTests.SchemaCompare.SchemaCompareServiceOptionsTests.SendAndValidateSchemaCompareGenerateScriptRequestDacpacToDatabaseWithOptions(String sourceScript, String targetScript, DeploymentOptions nodiffOption, DeploymentOptions shouldDiffOption)
   at Microsoft.SqlTools.ServiceLayer.IntegrationTests.SchemaCompare.SchemaCompareServiceOptionsTests.SchemaCompareGenerateScriptDacpacToDatabaseObjectTypes() in /Users/aasimkhan/src/sqltoolsservice/test/Microsoft.SqlTools.ServiceLayer.IntegrationTests/SchemaCompare/SchemaCompareServiceOptionsTests.cs:line 372
   at System.Runtime.CompilerServices.AsyncMethodBuilderCore.Start[TStateMachine](TStateMachine&amp; stateMachine)
   at Microsoft.SqlTools.ServiceLayer.IntegrationTests.SchemaCompare.SchemaCompareServiceOptionsTests.SchemaCompareGenerateScriptDacpacToDatabaseObjectTypes()</failure>
    </testcase>
    <testcase classname="Microsoft.SqlTools.ServiceLayer.IntegrationTests.SchemaCompare.SchemaCompareServiceOptionsTests" name="SchemaCompareGenerateScriptDacpacToDatabaseOptions" time="0.0027500">
      <failure type="failure" message="  Cannot find any instance for version key: sqlOnPrem&#xA;  Expected: True&#xA;  But was:  False&#xA;">at Microsoft.SqlTools.ServiceLayer.Test.Common.TestConnectionProfileService.GetInstance(String key) in /Users/aasimkhan/src/sqltoolsservice/test/Microsoft.SqlTools.ServiceLayer.Test.Common/TestConnectionProfileService.cs:line 59
   at Microsoft.SqlTools.ServiceLayer.Test.Common.TestConnectionProfileService.GetConnectionParameters(String key, String databaseName) in /Users/aasimkhan/src/sqltoolsservice/test/Microsoft.SqlTools.ServiceLayer.Test.Common/TestConnectionProfileService.cs:line 65
   at Microsoft.SqlTools.ServiceLayer.Test.Common.TestConnectionProfileService.GetConnectionParameters(TestServerType serverType, String databaseName) in /Users/aasimkhan/src/sqltoolsservice/test/Microsoft.SqlTools.ServiceLayer.Test.Common/TestConnectionProfileService.cs:line 75
   at Microsoft.SqlTools.ServiceLayer.IntegrationTests.Utility.LiveConnectionHelper.InitLiveConnectionInfoAsync(String databaseName, String ownerUri, String connectionType, TestServerType serverType) in /Users/aasimkhan/src/sqltoolsservice/test/Microsoft.SqlTools.ServiceLayer.IntegrationTests/Utility/LiveConnectionHelper.cs:line 68
   at Microsoft.SqlTools.ServiceLayer.IntegrationTests.Utility.LiveConnectionHelper.InitLiveConnectionInfo(String databaseName, String ownerUri) in /Users/aasimkhan/src/sqltoolsservice/test/Microsoft.SqlTools.ServiceLayer.IntegrationTests/Utility/LiveConnectionHelper.cs:line 52
   at Microsoft.SqlTools.ServiceLayer.IntegrationTests.SchemaCompare.SchemaCompareTestUtils.GetLiveAutoCompleteTestObjects() in /Users/aasimkhan/src/sqltoolsservice/test/Microsoft.SqlTools.ServiceLayer.IntegrationTests/SchemaCompare/SchemaCompareTestUtils.cs:line 141
   at Microsoft.SqlTools.ServiceLayer.IntegrationTests.SchemaCompare.SchemaCompareServiceOptionsTests.SendAndValidateSchemaCompareGenerateScriptRequestDacpacToDatabaseWithOptions(String sourceScript, String targetScript, DeploymentOptions nodiffOption, DeploymentOptions shouldDiffOption) in /Users/aasimkhan/src/sqltoolsservice/test/Microsoft.SqlTools.ServiceLayer.IntegrationTests/SchemaCompare/SchemaCompareServiceOptionsTests.cs:line 228
   at Microsoft.SqlTools.ServiceLayer.IntegrationTests.SchemaCompare.SchemaCompareServiceOptionsTests.SchemaCompareGenerateScriptDacpacToDatabaseOptions() in /Users/aasimkhan/src/sqltoolsservice/test/Microsoft.SqlTools.ServiceLayer.IntegrationTests/SchemaCompare/SchemaCompareServiceOptionsTests.cs:line 363
   at NUnit.Framework.Internal.TaskAwaitAdapter.GenericAdapter`1.GetResult()
   at NUnit.Framework.Internal.AsyncToSyncAdapter.Await(Func`1 invoke)
   at NUnit.Framework.Internal.Commands.TestMethodCommand.RunTestMethod(TestExecutionContext context)
   at NUnit.Framework.Internal.Commands.TestMethodCommand.Execute(TestExecutionContext context)
   at NUnit.Framework.Internal.Execution.SimpleWorkItem.&lt;&gt;c__DisplayClass4_0.&lt;PerformWork&gt;b__0()
   at NUnit.Framework.Internal.ContextUtils.&lt;&gt;c__DisplayClass1_0`1.&lt;DoIsolated&gt;b__0(Object _)

1)    at Microsoft.SqlTools.ServiceLayer.Test.Common.TestConnectionProfileService.GetInstance(String key) in /Users/aasimkhan/src/sqltoolsservice/test/Microsoft.SqlTools.ServiceLayer.Test.Common/TestConnectionProfileService.cs:line 59
   at Microsoft.SqlTools.ServiceLayer.Test.Common.TestConnectionProfileService.GetConnectionParameters(String key, String databaseName) in /Users/aasimkhan/src/sqltoolsservice/test/Microsoft.SqlTools.ServiceLayer.Test.Common/TestConnectionProfileService.cs:line 65
   at Microsoft.SqlTools.ServiceLayer.Test.Common.TestConnectionProfileService.GetConnectionParameters(TestServerType serverType, String databaseName) in /Users/aasimkhan/src/sqltoolsservice/test/Microsoft.SqlTools.ServiceLayer.Test.Common/TestConnectionProfileService.cs:line 75
   at Microsoft.SqlTools.ServiceLayer.IntegrationTests.Utility.LiveConnectionHelper.InitLiveConnectionInfoAsync(String databaseName, String ownerUri, String connectionType, TestServerType serverType) in /Users/aasimkhan/src/sqltoolsservice/test/Microsoft.SqlTools.ServiceLayer.IntegrationTests/Utility/LiveConnectionHelper.cs:line 68
   at System.Runtime.CompilerServices.AsyncMethodBuilderCore.Start[TStateMachine](TStateMachine&amp; stateMachine)
   at Microsoft.SqlTools.ServiceLayer.IntegrationTests.Utility.LiveConnectionHelper.InitLiveConnectionInfoAsync(String databaseName, String ownerUri, String connectionType, TestServerType serverType)
   at Microsoft.SqlTools.ServiceLayer.IntegrationTests.Utility.LiveConnectionHelper.InitLiveConnectionInfo(String databaseName, String ownerUri) in /Users/aasimkhan/src/sqltoolsservice/test/Microsoft.SqlTools.ServiceLayer.IntegrationTests/Utility/LiveConnectionHelper.cs:line 52
   at Microsoft.SqlTools.ServiceLayer.IntegrationTests.SchemaCompare.SchemaCompareTestUtils.GetLiveAutoCompleteTestObjects() in /Users/aasimkhan/src/sqltoolsservice/test/Microsoft.SqlTools.ServiceLayer.IntegrationTests/SchemaCompare/SchemaCompareTestUtils.cs:line 141
   at Microsoft.SqlTools.ServiceLayer.IntegrationTests.SchemaCompare.SchemaCompareServiceOptionsTests.SendAndValidateSchemaCompareGenerateScriptRequestDacpacToDatabaseWithOptions(String sourceScript, String targetScript, DeploymentOptions nodiffOption, DeploymentOptions shouldDiffOption) in /Users/aasimkhan/src/sqltoolsservice/test/Microsoft.SqlTools.ServiceLayer.IntegrationTests/SchemaCompare/SchemaCompareServiceOptionsTests.cs:line 228
   at System.Runtime.CompilerServices.AsyncMethodBuilderCore.Start[TStateMachine](TStateMachine&amp; stateMachine)
   at Microsoft.SqlTools.ServiceLayer.IntegrationTests.SchemaCompare.SchemaCompareServiceOptionsTests.SendAndValidateSchemaCompareGenerateScriptRequestDacpacToDatabaseWithOptions(String sourceScript, String targetScript, DeploymentOptions nodiffOption, DeploymentOptions shouldDiffOption)
   at Microsoft.SqlTools.ServiceLayer.IntegrationTests.SchemaCompare.SchemaCompareServiceOptionsTests.SchemaCompareGenerateScriptDacpacToDatabaseOptions() in /Users/aasimkhan/src/sqltoolsservice/test/Microsoft.SqlTools.ServiceLayer.IntegrationTests/SchemaCompare/SchemaCompareServiceOptionsTests.cs:line 363
   at System.Runtime.CompilerServices.AsyncMethodBuilderCore.Start[TStateMachine](TStateMachine&amp; stateMachine)
   at Microsoft.SqlTools.ServiceLayer.IntegrationTests.SchemaCompare.SchemaCompareServiceOptionsTests.SchemaCompareGenerateScriptDacpacToDatabaseOptions()</failure>
    </testcase>
    <testcase classname="Microsoft.SqlTools.ServiceLayer.IntegrationTests.SchemaCompare.SchemaCompareServiceOptionsTests" name="ValidateSchemaCompareGetDefaultOptionsCallFromService" time="0.0072770" />
    <testcase classname="Microsoft.SqlTools.ServiceLayer.IntegrationTests.SchemaCompare.SchemaCompareServiceOptionsTests" name="ValidateSchemaCompareOptionsDefaultAgainstDacFx" time="0.0021540" />
    <testcase classname="Microsoft.SqlTools.ServiceLayer.IntegrationTests.SchemaCompare.SchemaCompareServiceTests" name="SchemaCompareCancelCompareOperation" time="0.0025970">
      <failure type="failure" message="  Cannot find any instance for version key: sqlOnPrem&#xA;  Expected: True&#xA;  But was:  False&#xA;">at Microsoft.SqlTools.ServiceLayer.Test.Common.TestConnectionProfileService.GetInstance(String key) in /Users/aasimkhan/src/sqltoolsservice/test/Microsoft.SqlTools.ServiceLayer.Test.Common/TestConnectionProfileService.cs:line 59
   at Microsoft.SqlTools.ServiceLayer.Test.Common.TestConnectionProfileService.GetConnectionParameters(String key, String databaseName) in /Users/aasimkhan/src/sqltoolsservice/test/Microsoft.SqlTools.ServiceLayer.Test.Common/TestConnectionProfileService.cs:line 65
   at Microsoft.SqlTools.ServiceLayer.Test.Common.TestConnectionProfileService.GetConnectionParameters(TestServerType serverType, String databaseName) in /Users/aasimkhan/src/sqltoolsservice/test/Microsoft.SqlTools.ServiceLayer.Test.Common/TestConnectionProfileService.cs:line 75
   at Microsoft.SqlTools.ServiceLayer.IntegrationTests.Utility.LiveConnectionHelper.InitLiveConnectionInfoAsync(String databaseName, String ownerUri, String connectionType, TestServerType serverType) in /Users/aasimkhan/src/sqltoolsservice/test/Microsoft.SqlTools.ServiceLayer.IntegrationTests/Utility/LiveConnectionHelper.cs:line 68
   at Microsoft.SqlTools.ServiceLayer.IntegrationTests.Utility.LiveConnectionHelper.InitLiveConnectionInfo(String databaseName, String ownerUri) in /Users/aasimkhan/src/sqltoolsservice/test/Microsoft.SqlTools.ServiceLayer.IntegrationTests/Utility/LiveConnectionHelper.cs:line 52
   at Microsoft.SqlTools.ServiceLayer.IntegrationTests.SchemaCompare.SchemaCompareTestUtils.GetLiveAutoCompleteTestObjects() in /Users/aasimkhan/src/sqltoolsservice/test/Microsoft.SqlTools.ServiceLayer.IntegrationTests/SchemaCompare/SchemaCompareTestUtils.cs:line 141
   at Microsoft.SqlTools.ServiceLayer.IntegrationTests.SchemaCompare.SchemaCompareServiceTests.SchemaCompareCancelCompareOperation() in /Users/aasimkhan/src/sqltoolsservice/test/Microsoft.SqlTools.ServiceLayer.IntegrationTests/SchemaCompare/SchemaCompareServiceTests.cs:line 1416
   at NUnit.Framework.Internal.TaskAwaitAdapter.GenericAdapter`1.GetResult()
   at NUnit.Framework.Internal.AsyncToSyncAdapter.Await(Func`1 invoke)
   at NUnit.Framework.Internal.Commands.TestMethodCommand.RunTestMethod(TestExecutionContext context)
   at NUnit.Framework.Internal.Commands.TestMethodCommand.Execute(TestExecutionContext context)
   at NUnit.Framework.Internal.Execution.SimpleWorkItem.&lt;&gt;c__DisplayClass4_0.&lt;PerformWork&gt;b__0()
   at NUnit.Framework.Internal.ContextUtils.&lt;&gt;c__DisplayClass1_0`1.&lt;DoIsolated&gt;b__0(Object _)

1)    at Microsoft.SqlTools.ServiceLayer.Test.Common.TestConnectionProfileService.GetInstance(String key) in /Users/aasimkhan/src/sqltoolsservice/test/Microsoft.SqlTools.ServiceLayer.Test.Common/TestConnectionProfileService.cs:line 59
   at Microsoft.SqlTools.ServiceLayer.Test.Common.TestConnectionProfileService.GetConnectionParameters(String key, String databaseName) in /Users/aasimkhan/src/sqltoolsservice/test/Microsoft.SqlTools.ServiceLayer.Test.Common/TestConnectionProfileService.cs:line 65
   at Microsoft.SqlTools.ServiceLayer.Test.Common.TestConnectionProfileService.GetConnectionParameters(TestServerType serverType, String databaseName) in /Users/aasimkhan/src/sqltoolsservice/test/Microsoft.SqlTools.ServiceLayer.Test.Common/TestConnectionProfileService.cs:line 75
   at Microsoft.SqlTools.ServiceLayer.IntegrationTests.Utility.LiveConnectionHelper.InitLiveConnectionInfoAsync(String databaseName, String ownerUri, String connectionType, TestServerType serverType) in /Users/aasimkhan/src/sqltoolsservice/test/Microsoft.SqlTools.ServiceLayer.IntegrationTests/Utility/LiveConnectionHelper.cs:line 68
   at System.Runtime.CompilerServices.AsyncMethodBuilderCore.Start[TStateMachine](TStateMachine&amp; stateMachine)
   at Microsoft.SqlTools.ServiceLayer.IntegrationTests.Utility.LiveConnectionHelper.InitLiveConnectionInfoAsync(String databaseName, String ownerUri, String connectionType, TestServerType serverType)
   at Microsoft.SqlTools.ServiceLayer.IntegrationTests.Utility.LiveConnectionHelper.InitLiveConnectionInfo(String databaseName, String ownerUri) in /Users/aasimkhan/src/sqltoolsservice/test/Microsoft.SqlTools.ServiceLayer.IntegrationTests/Utility/LiveConnectionHelper.cs:line 52
   at Microsoft.SqlTools.ServiceLayer.IntegrationTests.SchemaCompare.SchemaCompareTestUtils.GetLiveAutoCompleteTestObjects() in /Users/aasimkhan/src/sqltoolsservice/test/Microsoft.SqlTools.ServiceLayer.IntegrationTests/SchemaCompare/SchemaCompareTestUtils.cs:line 141
   at Microsoft.SqlTools.ServiceLayer.IntegrationTests.SchemaCompare.SchemaCompareServiceTests.SchemaCompareCancelCompareOperation() in /Users/aasimkhan/src/sqltoolsservice/test/Microsoft.SqlTools.ServiceLayer.IntegrationTests/SchemaCompare/SchemaCompareServiceTests.cs:line 1416
   at System.Runtime.CompilerServices.AsyncMethodBuilderCore.Start[TStateMachine](TStateMachine&amp; stateMachine)
   at Microsoft.SqlTools.ServiceLayer.IntegrationTests.SchemaCompare.SchemaCompareServiceTests.SchemaCompareCancelCompareOperation()</failure>
    </testcase>
    <testcase classname="Microsoft.SqlTools.ServiceLayer.IntegrationTests.SchemaCompare.SchemaCompareServiceTests" name="SchemaCompareDacpacToDacpac" time="0.0014220">
      <failure type="failure" message="  Cannot find any instance for version key: sqlOnPrem&#xA;  Expected: True&#xA;  But was:  False&#xA;">at Microsoft.SqlTools.ServiceLayer.Test.Common.TestConnectionProfileService.GetInstance(String key) in /Users/aasimkhan/src/sqltoolsservice/test/Microsoft.SqlTools.ServiceLayer.Test.Common/TestConnectionProfileService.cs:line 59
   at Microsoft.SqlTools.ServiceLayer.Test.Common.TestConnectionProfileService.GetConnectionParameters(String key, String databaseName) in /Users/aasimkhan/src/sqltoolsservice/test/Microsoft.SqlTools.ServiceLayer.Test.Common/TestConnectionProfileService.cs:line 65
   at Microsoft.SqlTools.ServiceLayer.Test.Common.TestConnectionProfileService.GetConnectionParameters(TestServerType serverType, String databaseName) in /Users/aasimkhan/src/sqltoolsservice/test/Microsoft.SqlTools.ServiceLayer.Test.Common/TestConnectionProfileService.cs:line 75
   at Microsoft.SqlTools.ServiceLayer.IntegrationTests.Utility.LiveConnectionHelper.InitLiveConnectionInfoAsync(String databaseName, String ownerUri, String connectionType, TestServerType serverType) in /Users/aasimkhan/src/sqltoolsservice/test/Microsoft.SqlTools.ServiceLayer.IntegrationTests/Utility/LiveConnectionHelper.cs:line 68
   at Microsoft.SqlTools.ServiceLayer.IntegrationTests.Utility.LiveConnectionHelper.InitLiveConnectionInfo(String databaseName, String ownerUri) in /Users/aasimkhan/src/sqltoolsservice/test/Microsoft.SqlTools.ServiceLayer.IntegrationTests/Utility/LiveConnectionHelper.cs:line 52
   at Microsoft.SqlTools.ServiceLayer.IntegrationTests.SchemaCompare.SchemaCompareTestUtils.GetLiveAutoCompleteTestObjects() in /Users/aasimkhan/src/sqltoolsservice/test/Microsoft.SqlTools.ServiceLayer.IntegrationTests/SchemaCompare/SchemaCompareTestUtils.cs:line 141
   at Microsoft.SqlTools.ServiceLayer.IntegrationTests.SchemaCompare.SchemaCompareServiceTests.SchemaCompareDacpacToDacpac() in /Users/aasimkhan/src/sqltoolsservice/test/Microsoft.SqlTools.ServiceLayer.IntegrationTests/SchemaCompare/SchemaCompareServiceTests.cs:line 92
   at NUnit.Framework.Internal.TaskAwaitAdapter.GenericAdapter`1.GetResult()
   at NUnit.Framework.Internal.AsyncToSyncAdapter.Await(Func`1 invoke)
   at NUnit.Framework.Internal.Commands.TestMethodCommand.RunTestMethod(TestExecutionContext context)
   at NUnit.Framework.Internal.Commands.TestMethodCommand.Execute(TestExecutionContext context)
   at NUnit.Framework.Internal.Execution.SimpleWorkItem.&lt;&gt;c__DisplayClass4_0.&lt;PerformWork&gt;b__0()
   at NUnit.Framework.Internal.ContextUtils.&lt;&gt;c__DisplayClass1_0`1.&lt;DoIsolated&gt;b__0(Object _)

1)    at Microsoft.SqlTools.ServiceLayer.Test.Common.TestConnectionProfileService.GetInstance(String key) in /Users/aasimkhan/src/sqltoolsservice/test/Microsoft.SqlTools.ServiceLayer.Test.Common/TestConnectionProfileService.cs:line 59
   at Microsoft.SqlTools.ServiceLayer.Test.Common.TestConnectionProfileService.GetConnectionParameters(String key, String databaseName) in /Users/aasimkhan/src/sqltoolsservice/test/Microsoft.SqlTools.ServiceLayer.Test.Common/TestConnectionProfileService.cs:line 65
   at Microsoft.SqlTools.ServiceLayer.Test.Common.TestConnectionProfileService.GetConnectionParameters(TestServerType serverType, String databaseName) in /Users/aasimkhan/src/sqltoolsservice/test/Microsoft.SqlTools.ServiceLayer.Test.Common/TestConnectionProfileService.cs:line 75
   at Microsoft.SqlTools.ServiceLayer.IntegrationTests.Utility.LiveConnectionHelper.InitLiveConnectionInfoAsync(String databaseName, String ownerUri, String connectionType, TestServerType serverType) in /Users/aasimkhan/src/sqltoolsservice/test/Microsoft.SqlTools.ServiceLayer.IntegrationTests/Utility/LiveConnectionHelper.cs:line 68
   at System.Runtime.CompilerServices.AsyncMethodBuilderCore.Start[TStateMachine](TStateMachine&amp; stateMachine)
   at Microsoft.SqlTools.ServiceLayer.IntegrationTests.Utility.LiveConnectionHelper.InitLiveConnectionInfoAsync(String databaseName, String ownerUri, String connectionType, TestServerType serverType)
   at Microsoft.SqlTools.ServiceLayer.IntegrationTests.Utility.LiveConnectionHelper.InitLiveConnectionInfo(String databaseName, String ownerUri) in /Users/aasimkhan/src/sqltoolsservice/test/Microsoft.SqlTools.ServiceLayer.IntegrationTests/Utility/LiveConnectionHelper.cs:line 52
   at Microsoft.SqlTools.ServiceLayer.IntegrationTests.SchemaCompare.SchemaCompareTestUtils.GetLiveAutoCompleteTestObjects() in /Users/aasimkhan/src/sqltoolsservice/test/Microsoft.SqlTools.ServiceLayer.IntegrationTests/SchemaCompare/SchemaCompareTestUtils.cs:line 141
   at Microsoft.SqlTools.ServiceLayer.IntegrationTests.SchemaCompare.SchemaCompareServiceTests.SchemaCompareDacpacToDacpac() in /Users/aasimkhan/src/sqltoolsservice/test/Microsoft.SqlTools.ServiceLayer.IntegrationTests/SchemaCompare/SchemaCompareServiceTests.cs:line 92
   at System.Runtime.CompilerServices.AsyncMethodBuilderCore.Start[TStateMachine](TStateMachine&amp; stateMachine)
   at Microsoft.SqlTools.ServiceLayer.IntegrationTests.SchemaCompare.SchemaCompareServiceTests.SchemaCompareDacpacToDacpac()</failure>
    </testcase>
    <testcase classname="Microsoft.SqlTools.ServiceLayer.IntegrationTests.SchemaCompare.SchemaCompareServiceTests" name="SchemaCompareDacpacToProject" time="0.0011060">
      <failure type="failure" message="  Cannot find any instance for version key: sqlOnPrem&#xA;  Expected: True&#xA;  But was:  False&#xA;">at Microsoft.SqlTools.ServiceLayer.Test.Common.TestConnectionProfileService.GetInstance(String key) in /Users/aasimkhan/src/sqltoolsservice/test/Microsoft.SqlTools.ServiceLayer.Test.Common/TestConnectionProfileService.cs:line 59
   at Microsoft.SqlTools.ServiceLayer.Test.Common.TestConnectionProfileService.GetConnectionParameters(String key, String databaseName) in /Users/aasimkhan/src/sqltoolsservice/test/Microsoft.SqlTools.ServiceLayer.Test.Common/TestConnectionProfileService.cs:line 65
   at Microsoft.SqlTools.ServiceLayer.Test.Common.TestConnectionProfileService.GetConnectionParameters(TestServerType serverType, String databaseName) in /Users/aasimkhan/src/sqltoolsservice/test/Microsoft.SqlTools.ServiceLayer.Test.Common/TestConnectionProfileService.cs:line 75
   at Microsoft.SqlTools.ServiceLayer.Test.Common.TestServiceProvider.InitLiveConnectionInfo(TestServerType serverType, String databaseName, String scriptFilePath) in /Users/aasimkhan/src/sqltoolsservice/test/Microsoft.SqlTools.ServiceLayer.Test.Common/TestServiceProvider.cs:line 142
   at Microsoft.SqlTools.ServiceLayer.Test.Common.TestServiceProvider.RunQueryAsync(TestServerType serverType, String databaseName, String queryText, Boolean throwOnError) in /Users/aasimkhan/src/sqltoolsservice/test/Microsoft.SqlTools.ServiceLayer.Test.Common/TestServiceProvider.cs:line 110
   at Microsoft.SqlTools.ServiceLayer.Test.Common.SqlTestDb.CreateNewAsync(TestServerType serverType, Boolean doNotCleanupDb, String databaseName, String query, String dbNamePrefix) in /Users/aasimkhan/src/sqltoolsservice/test/Microsoft.SqlTools.ServiceLayer.Test.Common/SqlTestDb.cs:line 101
   at Microsoft.SqlTools.ServiceLayer.IntegrationTests.SchemaCompare.SchemaCompareServiceTests.SchemaCompareDacpacToProject() in /Users/aasimkhan/src/sqltoolsservice/test/Microsoft.SqlTools.ServiceLayer.IntegrationTests/SchemaCompare/SchemaCompareServiceTests.cs:line 335
   at NUnit.Framework.Internal.TaskAwaitAdapter.GenericAdapter`1.GetResult()
   at NUnit.Framework.Internal.AsyncToSyncAdapter.Await(Func`1 invoke)
   at NUnit.Framework.Internal.Commands.TestMethodCommand.RunTestMethod(TestExecutionContext context)
   at NUnit.Framework.Internal.Commands.TestMethodCommand.Execute(TestExecutionContext context)
   at NUnit.Framework.Internal.Execution.SimpleWorkItem.&lt;&gt;c__DisplayClass4_0.&lt;PerformWork&gt;b__0()
   at NUnit.Framework.Internal.ContextUtils.&lt;&gt;c__DisplayClass1_0`1.&lt;DoIsolated&gt;b__0(Object _)

1)    at Microsoft.SqlTools.ServiceLayer.Test.Common.TestConnectionProfileService.GetInstance(String key) in /Users/aasimkhan/src/sqltoolsservice/test/Microsoft.SqlTools.ServiceLayer.Test.Common/TestConnectionProfileService.cs:line 59
   at Microsoft.SqlTools.ServiceLayer.Test.Common.TestConnectionProfileService.GetConnectionParameters(String key, String databaseName) in /Users/aasimkhan/src/sqltoolsservice/test/Microsoft.SqlTools.ServiceLayer.Test.Common/TestConnectionProfileService.cs:line 65
   at Microsoft.SqlTools.ServiceLayer.Test.Common.TestConnectionProfileService.GetConnectionParameters(TestServerType serverType, String databaseName) in /Users/aasimkhan/src/sqltoolsservice/test/Microsoft.SqlTools.ServiceLayer.Test.Common/TestConnectionProfileService.cs:line 75
   at Microsoft.SqlTools.ServiceLayer.Test.Common.TestServiceProvider.InitLiveConnectionInfo(TestServerType serverType, String databaseName, String scriptFilePath) in /Users/aasimkhan/src/sqltoolsservice/test/Microsoft.SqlTools.ServiceLayer.Test.Common/TestServiceProvider.cs:line 142
   at System.Runtime.CompilerServices.AsyncMethodBuilderCore.Start[TStateMachine](TStateMachine&amp; stateMachine)
   at Microsoft.SqlTools.ServiceLayer.Test.Common.TestServiceProvider.InitLiveConnectionInfo(TestServerType serverType, String databaseName, String scriptFilePath)
   at Microsoft.SqlTools.ServiceLayer.Test.Common.TestServiceProvider.RunQueryAsync(TestServerType serverType, String databaseName, String queryText, Boolean throwOnError) in /Users/aasimkhan/src/sqltoolsservice/test/Microsoft.SqlTools.ServiceLayer.Test.Common/TestServiceProvider.cs:line 110
   at System.Runtime.CompilerServices.AsyncMethodBuilderCore.Start[TStateMachine](TStateMachine&amp; stateMachine)
   at Microsoft.SqlTools.ServiceLayer.Test.Common.TestServiceProvider.RunQueryAsync(TestServerType serverType, String databaseName, String queryText, Boolean throwOnError)
   at Microsoft.SqlTools.ServiceLayer.Test.Common.SqlTestDb.CreateNewAsync(TestServerType serverType, Boolean doNotCleanupDb, String databaseName, String query, String dbNamePrefix) in /Users/aasimkhan/src/sqltoolsservice/test/Microsoft.SqlTools.ServiceLayer.Test.Common/SqlTestDb.cs:line 101
   at System.Runtime.CompilerServices.AsyncMethodBuilderCore.Start[TStateMachine](TStateMachine&amp; stateMachine)
   at Microsoft.SqlTools.ServiceLayer.Test.Common.SqlTestDb.CreateNewAsync(TestServerType serverType, Boolean doNotCleanupDb, String databaseName, String query, String dbNamePrefix)
   at Microsoft.SqlTools.ServiceLayer.IntegrationTests.SchemaCompare.SchemaCompareServiceTests.SchemaCompareDacpacToProject() in /Users/aasimkhan/src/sqltoolsservice/test/Microsoft.SqlTools.ServiceLayer.IntegrationTests/SchemaCompare/SchemaCompareServiceTests.cs:line 335
   at System.Runtime.CompilerServices.AsyncMethodBuilderCore.Start[TStateMachine](TStateMachine&amp; stateMachine)
   at Microsoft.SqlTools.ServiceLayer.IntegrationTests.SchemaCompare.SchemaCompareServiceTests.SchemaCompareDacpacToProject()</failure>
    </testcase>
    <testcase classname="Microsoft.SqlTools.ServiceLayer.IntegrationTests.SchemaCompare.SchemaCompareServiceTests" name="SchemaCompareDatabaseToDacpac" time="0.0010930">
      <failure type="failure" message="  Cannot find any instance for version key: sqlOnPrem&#xA;  Expected: True&#xA;  But was:  False&#xA;">at Microsoft.SqlTools.ServiceLayer.Test.Common.TestConnectionProfileService.GetInstance(String key) in /Users/aasimkhan/src/sqltoolsservice/test/Microsoft.SqlTools.ServiceLayer.Test.Common/TestConnectionProfileService.cs:line 59
   at Microsoft.SqlTools.ServiceLayer.Test.Common.TestConnectionProfileService.GetConnectionParameters(String key, String databaseName) in /Users/aasimkhan/src/sqltoolsservice/test/Microsoft.SqlTools.ServiceLayer.Test.Common/TestConnectionProfileService.cs:line 65
   at Microsoft.SqlTools.ServiceLayer.Test.Common.TestConnectionProfileService.GetConnectionParameters(TestServerType serverType, String databaseName) in /Users/aasimkhan/src/sqltoolsservice/test/Microsoft.SqlTools.ServiceLayer.Test.Common/TestConnectionProfileService.cs:line 75
   at Microsoft.SqlTools.ServiceLayer.IntegrationTests.Utility.LiveConnectionHelper.InitLiveConnectionInfoAsync(String databaseName, String ownerUri, String connectionType, TestServerType serverType) in /Users/aasimkhan/src/sqltoolsservice/test/Microsoft.SqlTools.ServiceLayer.IntegrationTests/Utility/LiveConnectionHelper.cs:line 68
   at Microsoft.SqlTools.ServiceLayer.IntegrationTests.Utility.LiveConnectionHelper.InitLiveConnectionInfo(String databaseName, String ownerUri) in /Users/aasimkhan/src/sqltoolsservice/test/Microsoft.SqlTools.ServiceLayer.IntegrationTests/Utility/LiveConnectionHelper.cs:line 52
   at Microsoft.SqlTools.ServiceLayer.IntegrationTests.SchemaCompare.SchemaCompareTestUtils.GetLiveAutoCompleteTestObjects() in /Users/aasimkhan/src/sqltoolsservice/test/Microsoft.SqlTools.ServiceLayer.IntegrationTests/SchemaCompare/SchemaCompareTestUtils.cs:line 141
   at Microsoft.SqlTools.ServiceLayer.IntegrationTests.SchemaCompare.SchemaCompareServiceTests.SchemaCompareDatabaseToDacpac() in /Users/aasimkhan/src/sqltoolsservice/test/Microsoft.SqlTools.ServiceLayer.IntegrationTests/SchemaCompare/SchemaCompareServiceTests.cs:line 218
   at NUnit.Framework.Internal.TaskAwaitAdapter.GenericAdapter`1.GetResult()
   at NUnit.Framework.Internal.AsyncToSyncAdapter.Await(Func`1 invoke)
   at NUnit.Framework.Internal.Commands.TestMethodCommand.RunTestMethod(TestExecutionContext context)
   at NUnit.Framework.Internal.Commands.TestMethodCommand.Execute(TestExecutionContext context)
   at NUnit.Framework.Internal.Execution.SimpleWorkItem.&lt;&gt;c__DisplayClass4_0.&lt;PerformWork&gt;b__0()
   at NUnit.Framework.Internal.ContextUtils.&lt;&gt;c__DisplayClass1_0`1.&lt;DoIsolated&gt;b__0(Object _)

1)    at Microsoft.SqlTools.ServiceLayer.Test.Common.TestConnectionProfileService.GetInstance(String key) in /Users/aasimkhan/src/sqltoolsservice/test/Microsoft.SqlTools.ServiceLayer.Test.Common/TestConnectionProfileService.cs:line 59
   at Microsoft.SqlTools.ServiceLayer.Test.Common.TestConnectionProfileService.GetConnectionParameters(String key, String databaseName) in /Users/aasimkhan/src/sqltoolsservice/test/Microsoft.SqlTools.ServiceLayer.Test.Common/TestConnectionProfileService.cs:line 65
   at Microsoft.SqlTools.ServiceLayer.Test.Common.TestConnectionProfileService.GetConnectionParameters(TestServerType serverType, String databaseName) in /Users/aasimkhan/src/sqltoolsservice/test/Microsoft.SqlTools.ServiceLayer.Test.Common/TestConnectionProfileService.cs:line 75
   at Microsoft.SqlTools.ServiceLayer.IntegrationTests.Utility.LiveConnectionHelper.InitLiveConnectionInfoAsync(String databaseName, String ownerUri, String connectionType, TestServerType serverType) in /Users/aasimkhan/src/sqltoolsservice/test/Microsoft.SqlTools.ServiceLayer.IntegrationTests/Utility/LiveConnectionHelper.cs:line 68
   at System.Runtime.CompilerServices.AsyncMethodBuilderCore.Start[TStateMachine](TStateMachine&amp; stateMachine)
   at Microsoft.SqlTools.ServiceLayer.IntegrationTests.Utility.LiveConnectionHelper.InitLiveConnectionInfoAsync(String databaseName, String ownerUri, String connectionType, TestServerType serverType)
   at Microsoft.SqlTools.ServiceLayer.IntegrationTests.Utility.LiveConnectionHelper.InitLiveConnectionInfo(String databaseName, String ownerUri) in /Users/aasimkhan/src/sqltoolsservice/test/Microsoft.SqlTools.ServiceLayer.IntegrationTests/Utility/LiveConnectionHelper.cs:line 52
   at Microsoft.SqlTools.ServiceLayer.IntegrationTests.SchemaCompare.SchemaCompareTestUtils.GetLiveAutoCompleteTestObjects() in /Users/aasimkhan/src/sqltoolsservice/test/Microsoft.SqlTools.ServiceLayer.IntegrationTests/SchemaCompare/SchemaCompareTestUtils.cs:line 141
   at Microsoft.SqlTools.ServiceLayer.IntegrationTests.SchemaCompare.SchemaCompareServiceTests.SchemaCompareDatabaseToDacpac() in /Users/aasimkhan/src/sqltoolsservice/test/Microsoft.SqlTools.ServiceLayer.IntegrationTests/SchemaCompare/SchemaCompareServiceTests.cs:line 218
   at System.Runtime.CompilerServices.AsyncMethodBuilderCore.Start[TStateMachine](TStateMachine&amp; stateMachine)
   at Microsoft.SqlTools.ServiceLayer.IntegrationTests.SchemaCompare.SchemaCompareServiceTests.SchemaCompareDatabaseToDacpac()</failure>
    </testcase>
    <testcase classname="Microsoft.SqlTools.ServiceLayer.IntegrationTests.SchemaCompare.SchemaCompareServiceTests" name="SchemaCompareDatabaseToDatabase" time="0.0010140">
      <failure type="failure" message="  Cannot find any instance for version key: sqlOnPrem&#xA;  Expected: True&#xA;  But was:  False&#xA;">at Microsoft.SqlTools.ServiceLayer.Test.Common.TestConnectionProfileService.GetInstance(String key) in /Users/aasimkhan/src/sqltoolsservice/test/Microsoft.SqlTools.ServiceLayer.Test.Common/TestConnectionProfileService.cs:line 59
   at Microsoft.SqlTools.ServiceLayer.Test.Common.TestConnectionProfileService.GetConnectionParameters(String key, String databaseName) in /Users/aasimkhan/src/sqltoolsservice/test/Microsoft.SqlTools.ServiceLayer.Test.Common/TestConnectionProfileService.cs:line 65
   at Microsoft.SqlTools.ServiceLayer.Test.Common.TestConnectionProfileService.GetConnectionParameters(TestServerType serverType, String databaseName) in /Users/aasimkhan/src/sqltoolsservice/test/Microsoft.SqlTools.ServiceLayer.Test.Common/TestConnectionProfileService.cs:line 75
   at Microsoft.SqlTools.ServiceLayer.IntegrationTests.Utility.LiveConnectionHelper.InitLiveConnectionInfoAsync(String databaseName, String ownerUri, String connectionType, TestServerType serverType) in /Users/aasimkhan/src/sqltoolsservice/test/Microsoft.SqlTools.ServiceLayer.IntegrationTests/Utility/LiveConnectionHelper.cs:line 68
   at Microsoft.SqlTools.ServiceLayer.IntegrationTests.Utility.LiveConnectionHelper.InitLiveConnectionInfo(String databaseName, String ownerUri) in /Users/aasimkhan/src/sqltoolsservice/test/Microsoft.SqlTools.ServiceLayer.IntegrationTests/Utility/LiveConnectionHelper.cs:line 52
   at Microsoft.SqlTools.ServiceLayer.IntegrationTests.SchemaCompare.SchemaCompareTestUtils.GetLiveAutoCompleteTestObjects() in /Users/aasimkhan/src/sqltoolsservice/test/Microsoft.SqlTools.ServiceLayer.IntegrationTests/SchemaCompare/SchemaCompareTestUtils.cs:line 141
   at Microsoft.SqlTools.ServiceLayer.IntegrationTests.SchemaCompare.SchemaCompareServiceTests.SchemaCompareDatabaseToDatabase() in /Users/aasimkhan/src/sqltoolsservice/test/Microsoft.SqlTools.ServiceLayer.IntegrationTests/SchemaCompare/SchemaCompareServiceTests.cs:line 136
   at NUnit.Framework.Internal.TaskAwaitAdapter.GenericAdapter`1.GetResult()
   at NUnit.Framework.Internal.AsyncToSyncAdapter.Await(Func`1 invoke)
   at NUnit.Framework.Internal.Commands.TestMethodCommand.RunTestMethod(TestExecutionContext context)
   at NUnit.Framework.Internal.Commands.TestMethodCommand.Execute(TestExecutionContext context)
   at NUnit.Framework.Internal.Execution.SimpleWorkItem.&lt;&gt;c__DisplayClass4_0.&lt;PerformWork&gt;b__0()
   at NUnit.Framework.Internal.ContextUtils.&lt;&gt;c__DisplayClass1_0`1.&lt;DoIsolated&gt;b__0(Object _)

1)    at Microsoft.SqlTools.ServiceLayer.Test.Common.TestConnectionProfileService.GetInstance(String key) in /Users/aasimkhan/src/sqltoolsservice/test/Microsoft.SqlTools.ServiceLayer.Test.Common/TestConnectionProfileService.cs:line 59
   at Microsoft.SqlTools.ServiceLayer.Test.Common.TestConnectionProfileService.GetConnectionParameters(String key, String databaseName) in /Users/aasimkhan/src/sqltoolsservice/test/Microsoft.SqlTools.ServiceLayer.Test.Common/TestConnectionProfileService.cs:line 65
   at Microsoft.SqlTools.ServiceLayer.Test.Common.TestConnectionProfileService.GetConnectionParameters(TestServerType serverType, String databaseName) in /Users/aasimkhan/src/sqltoolsservice/test/Microsoft.SqlTools.ServiceLayer.Test.Common/TestConnectionProfileService.cs:line 75
   at Microsoft.SqlTools.ServiceLayer.IntegrationTests.Utility.LiveConnectionHelper.InitLiveConnectionInfoAsync(String databaseName, String ownerUri, String connectionType, TestServerType serverType) in /Users/aasimkhan/src/sqltoolsservice/test/Microsoft.SqlTools.ServiceLayer.IntegrationTests/Utility/LiveConnectionHelper.cs:line 68
   at System.Runtime.CompilerServices.AsyncMethodBuilderCore.Start[TStateMachine](TStateMachine&amp; stateMachine)
   at Microsoft.SqlTools.ServiceLayer.IntegrationTests.Utility.LiveConnectionHelper.InitLiveConnectionInfoAsync(String databaseName, String ownerUri, String connectionType, TestServerType serverType)
   at Microsoft.SqlTools.ServiceLayer.IntegrationTests.Utility.LiveConnectionHelper.InitLiveConnectionInfo(String databaseName, String ownerUri) in /Users/aasimkhan/src/sqltoolsservice/test/Microsoft.SqlTools.ServiceLayer.IntegrationTests/Utility/LiveConnectionHelper.cs:line 52
   at Microsoft.SqlTools.ServiceLayer.IntegrationTests.SchemaCompare.SchemaCompareTestUtils.GetLiveAutoCompleteTestObjects() in /Users/aasimkhan/src/sqltoolsservice/test/Microsoft.SqlTools.ServiceLayer.IntegrationTests/SchemaCompare/SchemaCompareTestUtils.cs:line 141
   at Microsoft.SqlTools.ServiceLayer.IntegrationTests.SchemaCompare.SchemaCompareServiceTests.SchemaCompareDatabaseToDatabase() in /Users/aasimkhan/src/sqltoolsservice/test/Microsoft.SqlTools.ServiceLayer.IntegrationTests/SchemaCompare/SchemaCompareServiceTests.cs:line 136
   at System.Runtime.CompilerServices.AsyncMethodBuilderCore.Start[TStateMachine](TStateMachine&amp; stateMachine)
   at Microsoft.SqlTools.ServiceLayer.IntegrationTests.SchemaCompare.SchemaCompareServiceTests.SchemaCompareDatabaseToDatabase()</failure>
    </testcase>
    <testcase classname="Microsoft.SqlTools.ServiceLayer.IntegrationTests.SchemaCompare.SchemaCompareServiceTests" name="SchemaCompareDatabaseToProject" time="0.0009280">
      <failure type="failure" message="  Cannot find any instance for version key: sqlOnPrem&#xA;  Expected: True&#xA;  But was:  False&#xA;">at Microsoft.SqlTools.ServiceLayer.Test.Common.TestConnectionProfileService.GetInstance(String key) in /Users/aasimkhan/src/sqltoolsservice/test/Microsoft.SqlTools.ServiceLayer.Test.Common/TestConnectionProfileService.cs:line 59
   at Microsoft.SqlTools.ServiceLayer.Test.Common.TestConnectionProfileService.GetConnectionParameters(String key, String databaseName) in /Users/aasimkhan/src/sqltoolsservice/test/Microsoft.SqlTools.ServiceLayer.Test.Common/TestConnectionProfileService.cs:line 65
   at Microsoft.SqlTools.ServiceLayer.Test.Common.TestConnectionProfileService.GetConnectionParameters(TestServerType serverType, String databaseName) in /Users/aasimkhan/src/sqltoolsservice/test/Microsoft.SqlTools.ServiceLayer.Test.Common/TestConnectionProfileService.cs:line 75
   at Microsoft.SqlTools.ServiceLayer.IntegrationTests.Utility.LiveConnectionHelper.InitLiveConnectionInfoAsync(String databaseName, String ownerUri, String connectionType, TestServerType serverType) in /Users/aasimkhan/src/sqltoolsservice/test/Microsoft.SqlTools.ServiceLayer.IntegrationTests/Utility/LiveConnectionHelper.cs:line 68
   at Microsoft.SqlTools.ServiceLayer.IntegrationTests.Utility.LiveConnectionHelper.InitLiveConnectionInfo(String databaseName, String ownerUri) in /Users/aasimkhan/src/sqltoolsservice/test/Microsoft.SqlTools.ServiceLayer.IntegrationTests/Utility/LiveConnectionHelper.cs:line 52
   at Microsoft.SqlTools.ServiceLayer.IntegrationTests.SchemaCompare.SchemaCompareTestUtils.GetLiveAutoCompleteTestObjects() in /Users/aasimkhan/src/sqltoolsservice/test/Microsoft.SqlTools.ServiceLayer.IntegrationTests/SchemaCompare/SchemaCompareTestUtils.cs:line 141
   at Microsoft.SqlTools.ServiceLayer.IntegrationTests.SchemaCompare.SchemaCompareServiceTests.SchemaCompareDatabaseToProject() in /Users/aasimkhan/src/sqltoolsservice/test/Microsoft.SqlTools.ServiceLayer.IntegrationTests/SchemaCompare/SchemaCompareServiceTests.cs:line 259
   at NUnit.Framework.Internal.TaskAwaitAdapter.GenericAdapter`1.GetResult()
   at NUnit.Framework.Internal.AsyncToSyncAdapter.Await(Func`1 invoke)
   at NUnit.Framework.Internal.Commands.TestMethodCommand.RunTestMethod(TestExecutionContext context)
   at NUnit.Framework.Internal.Commands.TestMethodCommand.Execute(TestExecutionContext context)
   at NUnit.Framework.Internal.Execution.SimpleWorkItem.&lt;&gt;c__DisplayClass4_0.&lt;PerformWork&gt;b__0()
   at NUnit.Framework.Internal.ContextUtils.&lt;&gt;c__DisplayClass1_0`1.&lt;DoIsolated&gt;b__0(Object _)

1)    at Microsoft.SqlTools.ServiceLayer.Test.Common.TestConnectionProfileService.GetInstance(String key) in /Users/aasimkhan/src/sqltoolsservice/test/Microsoft.SqlTools.ServiceLayer.Test.Common/TestConnectionProfileService.cs:line 59
   at Microsoft.SqlTools.ServiceLayer.Test.Common.TestConnectionProfileService.GetConnectionParameters(String key, String databaseName) in /Users/aasimkhan/src/sqltoolsservice/test/Microsoft.SqlTools.ServiceLayer.Test.Common/TestConnectionProfileService.cs:line 65
   at Microsoft.SqlTools.ServiceLayer.Test.Common.TestConnectionProfileService.GetConnectionParameters(TestServerType serverType, String databaseName) in /Users/aasimkhan/src/sqltoolsservice/test/Microsoft.SqlTools.ServiceLayer.Test.Common/TestConnectionProfileService.cs:line 75
   at Microsoft.SqlTools.ServiceLayer.IntegrationTests.Utility.LiveConnectionHelper.InitLiveConnectionInfoAsync(String databaseName, String ownerUri, String connectionType, TestServerType serverType) in /Users/aasimkhan/src/sqltoolsservice/test/Microsoft.SqlTools.ServiceLayer.IntegrationTests/Utility/LiveConnectionHelper.cs:line 68
   at System.Runtime.CompilerServices.AsyncMethodBuilderCore.Start[TStateMachine](TStateMachine&amp; stateMachine)
   at Microsoft.SqlTools.ServiceLayer.IntegrationTests.Utility.LiveConnectionHelper.InitLiveConnectionInfoAsync(String databaseName, String ownerUri, String connectionType, TestServerType serverType)
   at Microsoft.SqlTools.ServiceLayer.IntegrationTests.Utility.LiveConnectionHelper.InitLiveConnectionInfo(String databaseName, String ownerUri) in /Users/aasimkhan/src/sqltoolsservice/test/Microsoft.SqlTools.ServiceLayer.IntegrationTests/Utility/LiveConnectionHelper.cs:line 52
   at Microsoft.SqlTools.ServiceLayer.IntegrationTests.SchemaCompare.SchemaCompareTestUtils.GetLiveAutoCompleteTestObjects() in /Users/aasimkhan/src/sqltoolsservice/test/Microsoft.SqlTools.ServiceLayer.IntegrationTests/SchemaCompare/SchemaCompareTestUtils.cs:line 141
   at Microsoft.SqlTools.ServiceLayer.IntegrationTests.SchemaCompare.SchemaCompareServiceTests.SchemaCompareDatabaseToProject() in /Users/aasimkhan/src/sqltoolsservice/test/Microsoft.SqlTools.ServiceLayer.IntegrationTests/SchemaCompare/SchemaCompareServiceTests.cs:line 259
   at System.Runtime.CompilerServices.AsyncMethodBuilderCore.Start[TStateMachine](TStateMachine&amp; stateMachine)
   at Microsoft.SqlTools.ServiceLayer.IntegrationTests.SchemaCompare.SchemaCompareServiceTests.SchemaCompareDatabaseToProject()</failure>
    </testcase>
    <testcase classname="Microsoft.SqlTools.ServiceLayer.IntegrationTests.SchemaCompare.SchemaCompareServiceTests" name="SchemaCompareEmptyProjectToDatabase" time="0.0008890">
      <failure type="failure" message="  Cannot find any instance for version key: sqlOnPrem&#xA;  Expected: True&#xA;  But was:  False&#xA;">at Microsoft.SqlTools.ServiceLayer.Test.Common.TestConnectionProfileService.GetInstance(String key) in /Users/aasimkhan/src/sqltoolsservice/test/Microsoft.SqlTools.ServiceLayer.Test.Common/TestConnectionProfileService.cs:line 59
   at Microsoft.SqlTools.ServiceLayer.Test.Common.TestConnectionProfileService.GetConnectionParameters(String key, String databaseName) in /Users/aasimkhan/src/sqltoolsservice/test/Microsoft.SqlTools.ServiceLayer.Test.Common/TestConnectionProfileService.cs:line 65
   at Microsoft.SqlTools.ServiceLayer.Test.Common.TestConnectionProfileService.GetConnectionParameters(TestServerType serverType, String databaseName) in /Users/aasimkhan/src/sqltoolsservice/test/Microsoft.SqlTools.ServiceLayer.Test.Common/TestConnectionProfileService.cs:line 75
   at Microsoft.SqlTools.ServiceLayer.IntegrationTests.Utility.LiveConnectionHelper.InitLiveConnectionInfoAsync(String databaseName, String ownerUri, String connectionType, TestServerType serverType) in /Users/aasimkhan/src/sqltoolsservice/test/Microsoft.SqlTools.ServiceLayer.IntegrationTests/Utility/LiveConnectionHelper.cs:line 68
   at Microsoft.SqlTools.ServiceLayer.IntegrationTests.Utility.LiveConnectionHelper.InitLiveConnectionInfo(String databaseName, String ownerUri) in /Users/aasimkhan/src/sqltoolsservice/test/Microsoft.SqlTools.ServiceLayer.IntegrationTests/Utility/LiveConnectionHelper.cs:line 52
   at Microsoft.SqlTools.ServiceLayer.IntegrationTests.SchemaCompare.SchemaCompareTestUtils.GetLiveAutoCompleteTestObjects() in /Users/aasimkhan/src/sqltoolsservice/test/Microsoft.SqlTools.ServiceLayer.IntegrationTests/SchemaCompare/SchemaCompareTestUtils.cs:line 141
   at Microsoft.SqlTools.ServiceLayer.IntegrationTests.SchemaCompare.SchemaCompareServiceTests.SchemaCompareEmptyProjectToDatabase() in /Users/aasimkhan/src/sqltoolsservice/test/Microsoft.SqlTools.ServiceLayer.IntegrationTests/SchemaCompare/SchemaCompareServiceTests.cs:line 299
   at NUnit.Framework.Internal.TaskAwaitAdapter.GenericAdapter`1.GetResult()
   at NUnit.Framework.Internal.AsyncToSyncAdapter.Await(Func`1 invoke)
   at NUnit.Framework.Internal.Commands.TestMethodCommand.RunTestMethod(TestExecutionContext context)
   at NUnit.Framework.Internal.Commands.TestMethodCommand.Execute(TestExecutionContext context)
   at NUnit.Framework.Internal.Execution.SimpleWorkItem.&lt;&gt;c__DisplayClass4_0.&lt;PerformWork&gt;b__0()
   at NUnit.Framework.Internal.ContextUtils.&lt;&gt;c__DisplayClass1_0`1.&lt;DoIsolated&gt;b__0(Object _)

1)    at Microsoft.SqlTools.ServiceLayer.Test.Common.TestConnectionProfileService.GetInstance(String key) in /Users/aasimkhan/src/sqltoolsservice/test/Microsoft.SqlTools.ServiceLayer.Test.Common/TestConnectionProfileService.cs:line 59
   at Microsoft.SqlTools.ServiceLayer.Test.Common.TestConnectionProfileService.GetConnectionParameters(String key, String databaseName) in /Users/aasimkhan/src/sqltoolsservice/test/Microsoft.SqlTools.ServiceLayer.Test.Common/TestConnectionProfileService.cs:line 65
   at Microsoft.SqlTools.ServiceLayer.Test.Common.TestConnectionProfileService.GetConnectionParameters(TestServerType serverType, String databaseName) in /Users/aasimkhan/src/sqltoolsservice/test/Microsoft.SqlTools.ServiceLayer.Test.Common/TestConnectionProfileService.cs:line 75
   at Microsoft.SqlTools.ServiceLayer.IntegrationTests.Utility.LiveConnectionHelper.InitLiveConnectionInfoAsync(String databaseName, String ownerUri, String connectionType, TestServerType serverType) in /Users/aasimkhan/src/sqltoolsservice/test/Microsoft.SqlTools.ServiceLayer.IntegrationTests/Utility/LiveConnectionHelper.cs:line 68
   at System.Runtime.CompilerServices.AsyncMethodBuilderCore.Start[TStateMachine](TStateMachine&amp; stateMachine)
   at Microsoft.SqlTools.ServiceLayer.IntegrationTests.Utility.LiveConnectionHelper.InitLiveConnectionInfoAsync(String databaseName, String ownerUri, String connectionType, TestServerType serverType)
   at Microsoft.SqlTools.ServiceLayer.IntegrationTests.Utility.LiveConnectionHelper.InitLiveConnectionInfo(String databaseName, String ownerUri) in /Users/aasimkhan/src/sqltoolsservice/test/Microsoft.SqlTools.ServiceLayer.IntegrationTests/Utility/LiveConnectionHelper.cs:line 52
   at Microsoft.SqlTools.ServiceLayer.IntegrationTests.SchemaCompare.SchemaCompareTestUtils.GetLiveAutoCompleteTestObjects() in /Users/aasimkhan/src/sqltoolsservice/test/Microsoft.SqlTools.ServiceLayer.IntegrationTests/SchemaCompare/SchemaCompareTestUtils.cs:line 141
   at Microsoft.SqlTools.ServiceLayer.IntegrationTests.SchemaCompare.SchemaCompareServiceTests.SchemaCompareEmptyProjectToDatabase() in /Users/aasimkhan/src/sqltoolsservice/test/Microsoft.SqlTools.ServiceLayer.IntegrationTests/SchemaCompare/SchemaCompareServiceTests.cs:line 299
   at System.Runtime.CompilerServices.AsyncMethodBuilderCore.Start[TStateMachine](TStateMachine&amp; stateMachine)
   at Microsoft.SqlTools.ServiceLayer.IntegrationTests.SchemaCompare.SchemaCompareServiceTests.SchemaCompareEmptyProjectToDatabase()</failure>
    </testcase>
    <testcase classname="Microsoft.SqlTools.ServiceLayer.IntegrationTests.SchemaCompare.SchemaCompareServiceTests" name="SchemaCompareGenerateScriptDacpacToDatabase" time="0.0010910">
      <failure type="failure" message="  Cannot find any instance for version key: sqlOnPrem&#xA;  Expected: True&#xA;  But was:  False&#xA;">at Microsoft.SqlTools.ServiceLayer.Test.Common.TestConnectionProfileService.GetInstance(String key) in /Users/aasimkhan/src/sqltoolsservice/test/Microsoft.SqlTools.ServiceLayer.Test.Common/TestConnectionProfileService.cs:line 59
   at Microsoft.SqlTools.ServiceLayer.Test.Common.TestConnectionProfileService.GetConnectionParameters(String key, String databaseName) in /Users/aasimkhan/src/sqltoolsservice/test/Microsoft.SqlTools.ServiceLayer.Test.Common/TestConnectionProfileService.cs:line 65
   at Microsoft.SqlTools.ServiceLayer.Test.Common.TestConnectionProfileService.GetConnectionParameters(TestServerType serverType, String databaseName) in /Users/aasimkhan/src/sqltoolsservice/test/Microsoft.SqlTools.ServiceLayer.Test.Common/TestConnectionProfileService.cs:line 75
   at Microsoft.SqlTools.ServiceLayer.IntegrationTests.Utility.LiveConnectionHelper.InitLiveConnectionInfoAsync(String databaseName, String ownerUri, String connectionType, TestServerType serverType) in /Users/aasimkhan/src/sqltoolsservice/test/Microsoft.SqlTools.ServiceLayer.IntegrationTests/Utility/LiveConnectionHelper.cs:line 68
   at Microsoft.SqlTools.ServiceLayer.IntegrationTests.Utility.LiveConnectionHelper.InitLiveConnectionInfo(String databaseName, String ownerUri) in /Users/aasimkhan/src/sqltoolsservice/test/Microsoft.SqlTools.ServiceLayer.IntegrationTests/Utility/LiveConnectionHelper.cs:line 52
   at Microsoft.SqlTools.ServiceLayer.IntegrationTests.SchemaCompare.SchemaCompareTestUtils.GetLiveAutoCompleteTestObjects() in /Users/aasimkhan/src/sqltoolsservice/test/Microsoft.SqlTools.ServiceLayer.IntegrationTests/SchemaCompare/SchemaCompareTestUtils.cs:line 141
   at Microsoft.SqlTools.ServiceLayer.IntegrationTests.SchemaCompare.SchemaCompareServiceTests.SchemaCompareGenerateScriptDacpacToDatabase() in /Users/aasimkhan/src/sqltoolsservice/test/Microsoft.SqlTools.ServiceLayer.IntegrationTests/SchemaCompare/SchemaCompareServiceTests.cs:line 425
   at NUnit.Framework.Internal.TaskAwaitAdapter.GenericAdapter`1.GetResult()
   at NUnit.Framework.Internal.AsyncToSyncAdapter.Await(Func`1 invoke)
   at NUnit.Framework.Internal.Commands.TestMethodCommand.RunTestMethod(TestExecutionContext context)
   at NUnit.Framework.Internal.Commands.TestMethodCommand.Execute(TestExecutionContext context)
   at NUnit.Framework.Internal.Execution.SimpleWorkItem.&lt;&gt;c__DisplayClass4_0.&lt;PerformWork&gt;b__0()
   at NUnit.Framework.Internal.ContextUtils.&lt;&gt;c__DisplayClass1_0`1.&lt;DoIsolated&gt;b__0(Object _)

1)    at Microsoft.SqlTools.ServiceLayer.Test.Common.TestConnectionProfileService.GetInstance(String key) in /Users/aasimkhan/src/sqltoolsservice/test/Microsoft.SqlTools.ServiceLayer.Test.Common/TestConnectionProfileService.cs:line 59
   at Microsoft.SqlTools.ServiceLayer.Test.Common.TestConnectionProfileService.GetConnectionParameters(String key, String databaseName) in /Users/aasimkhan/src/sqltoolsservice/test/Microsoft.SqlTools.ServiceLayer.Test.Common/TestConnectionProfileService.cs:line 65
   at Microsoft.SqlTools.ServiceLayer.Test.Common.TestConnectionProfileService.GetConnectionParameters(TestServerType serverType, String databaseName) in /Users/aasimkhan/src/sqltoolsservice/test/Microsoft.SqlTools.ServiceLayer.Test.Common/TestConnectionProfileService.cs:line 75
   at Microsoft.SqlTools.ServiceLayer.IntegrationTests.Utility.LiveConnectionHelper.InitLiveConnectionInfoAsync(String databaseName, String ownerUri, String connectionType, TestServerType serverType) in /Users/aasimkhan/src/sqltoolsservice/test/Microsoft.SqlTools.ServiceLayer.IntegrationTests/Utility/LiveConnectionHelper.cs:line 68
   at System.Runtime.CompilerServices.AsyncMethodBuilderCore.Start[TStateMachine](TStateMachine&amp; stateMachine)
   at Microsoft.SqlTools.ServiceLayer.IntegrationTests.Utility.LiveConnectionHelper.InitLiveConnectionInfoAsync(String databaseName, String ownerUri, String connectionType, TestServerType serverType)
   at Microsoft.SqlTools.ServiceLayer.IntegrationTests.Utility.LiveConnectionHelper.InitLiveConnectionInfo(String databaseName, String ownerUri) in /Users/aasimkhan/src/sqltoolsservice/test/Microsoft.SqlTools.ServiceLayer.IntegrationTests/Utility/LiveConnectionHelper.cs:line 52
   at Microsoft.SqlTools.ServiceLayer.IntegrationTests.SchemaCompare.SchemaCompareTestUtils.GetLiveAutoCompleteTestObjects() in /Users/aasimkhan/src/sqltoolsservice/test/Microsoft.SqlTools.ServiceLayer.IntegrationTests/SchemaCompare/SchemaCompareTestUtils.cs:line 141
   at Microsoft.SqlTools.ServiceLayer.IntegrationTests.SchemaCompare.SchemaCompareServiceTests.SchemaCompareGenerateScriptDacpacToDatabase() in /Users/aasimkhan/src/sqltoolsservice/test/Microsoft.SqlTools.ServiceLayer.IntegrationTests/SchemaCompare/SchemaCompareServiceTests.cs:line 425
   at System.Runtime.CompilerServices.AsyncMethodBuilderCore.Start[TStateMachine](TStateMachine&amp; stateMachine)
   at Microsoft.SqlTools.ServiceLayer.IntegrationTests.SchemaCompare.SchemaCompareServiceTests.SchemaCompareGenerateScriptDacpacToDatabase()</failure>
    </testcase>
    <testcase classname="Microsoft.SqlTools.ServiceLayer.IntegrationTests.SchemaCompare.SchemaCompareServiceTests" name="SchemaCompareGenerateScriptDatabaseToDatabase" time="0.0011019">
      <failure type="failure" message="  Cannot find any instance for version key: sqlOnPrem&#xA;  Expected: True&#xA;  But was:  False&#xA;">at Microsoft.SqlTools.ServiceLayer.Test.Common.TestConnectionProfileService.GetInstance(String key) in /Users/aasimkhan/src/sqltoolsservice/test/Microsoft.SqlTools.ServiceLayer.Test.Common/TestConnectionProfileService.cs:line 59
   at Microsoft.SqlTools.ServiceLayer.Test.Common.TestConnectionProfileService.GetConnectionParameters(String key, String databaseName) in /Users/aasimkhan/src/sqltoolsservice/test/Microsoft.SqlTools.ServiceLayer.Test.Common/TestConnectionProfileService.cs:line 65
   at Microsoft.SqlTools.ServiceLayer.Test.Common.TestConnectionProfileService.GetConnectionParameters(TestServerType serverType, String databaseName) in /Users/aasimkhan/src/sqltoolsservice/test/Microsoft.SqlTools.ServiceLayer.Test.Common/TestConnectionProfileService.cs:line 75
   at Microsoft.SqlTools.ServiceLayer.IntegrationTests.Utility.LiveConnectionHelper.InitLiveConnectionInfoAsync(String databaseName, String ownerUri, String connectionType, TestServerType serverType) in /Users/aasimkhan/src/sqltoolsservice/test/Microsoft.SqlTools.ServiceLayer.IntegrationTests/Utility/LiveConnectionHelper.cs:line 68
   at Microsoft.SqlTools.ServiceLayer.IntegrationTests.Utility.LiveConnectionHelper.InitLiveConnectionInfo(String databaseName, String ownerUri) in /Users/aasimkhan/src/sqltoolsservice/test/Microsoft.SqlTools.ServiceLayer.IntegrationTests/Utility/LiveConnectionHelper.cs:line 52
   at Microsoft.SqlTools.ServiceLayer.IntegrationTests.SchemaCompare.SchemaCompareTestUtils.GetLiveAutoCompleteTestObjects() in /Users/aasimkhan/src/sqltoolsservice/test/Microsoft.SqlTools.ServiceLayer.IntegrationTests/SchemaCompare/SchemaCompareTestUtils.cs:line 141
   at Microsoft.SqlTools.ServiceLayer.IntegrationTests.SchemaCompare.SchemaCompareServiceTests.SchemaCompareGenerateScriptDatabaseToDatabase() in /Users/aasimkhan/src/sqltoolsservice/test/Microsoft.SqlTools.ServiceLayer.IntegrationTests/SchemaCompare/SchemaCompareServiceTests.cs:line 378
   at NUnit.Framework.Internal.TaskAwaitAdapter.GenericAdapter`1.GetResult()
   at NUnit.Framework.Internal.AsyncToSyncAdapter.Await(Func`1 invoke)
   at NUnit.Framework.Internal.Commands.TestMethodCommand.RunTestMethod(TestExecutionContext context)
   at NUnit.Framework.Internal.Commands.TestMethodCommand.Execute(TestExecutionContext context)
   at NUnit.Framework.Internal.Execution.SimpleWorkItem.&lt;&gt;c__DisplayClass4_0.&lt;PerformWork&gt;b__0()
   at NUnit.Framework.Internal.ContextUtils.&lt;&gt;c__DisplayClass1_0`1.&lt;DoIsolated&gt;b__0(Object _)

1)    at Microsoft.SqlTools.ServiceLayer.Test.Common.TestConnectionProfileService.GetInstance(String key) in /Users/aasimkhan/src/sqltoolsservice/test/Microsoft.SqlTools.ServiceLayer.Test.Common/TestConnectionProfileService.cs:line 59
   at Microsoft.SqlTools.ServiceLayer.Test.Common.TestConnectionProfileService.GetConnectionParameters(String key, String databaseName) in /Users/aasimkhan/src/sqltoolsservice/test/Microsoft.SqlTools.ServiceLayer.Test.Common/TestConnectionProfileService.cs:line 65
   at Microsoft.SqlTools.ServiceLayer.Test.Common.TestConnectionProfileService.GetConnectionParameters(TestServerType serverType, String databaseName) in /Users/aasimkhan/src/sqltoolsservice/test/Microsoft.SqlTools.ServiceLayer.Test.Common/TestConnectionProfileService.cs:line 75
   at Microsoft.SqlTools.ServiceLayer.IntegrationTests.Utility.LiveConnectionHelper.InitLiveConnectionInfoAsync(String databaseName, String ownerUri, String connectionType, TestServerType serverType) in /Users/aasimkhan/src/sqltoolsservice/test/Microsoft.SqlTools.ServiceLayer.IntegrationTests/Utility/LiveConnectionHelper.cs:line 68
   at System.Runtime.CompilerServices.AsyncMethodBuilderCore.Start[TStateMachine](TStateMachine&amp; stateMachine)
   at Microsoft.SqlTools.ServiceLayer.IntegrationTests.Utility.LiveConnectionHelper.InitLiveConnectionInfoAsync(String databaseName, String ownerUri, String connectionType, TestServerType serverType)
   at Microsoft.SqlTools.ServiceLayer.IntegrationTests.Utility.LiveConnectionHelper.InitLiveConnectionInfo(String databaseName, String ownerUri) in /Users/aasimkhan/src/sqltoolsservice/test/Microsoft.SqlTools.ServiceLayer.IntegrationTests/Utility/LiveConnectionHelper.cs:line 52
   at Microsoft.SqlTools.ServiceLayer.IntegrationTests.SchemaCompare.SchemaCompareTestUtils.GetLiveAutoCompleteTestObjects() in /Users/aasimkhan/src/sqltoolsservice/test/Microsoft.SqlTools.ServiceLayer.IntegrationTests/SchemaCompare/SchemaCompareTestUtils.cs:line 141
   at Microsoft.SqlTools.ServiceLayer.IntegrationTests.SchemaCompare.SchemaCompareServiceTests.SchemaCompareGenerateScriptDatabaseToDatabase() in /Users/aasimkhan/src/sqltoolsservice/test/Microsoft.SqlTools.ServiceLayer.IntegrationTests/SchemaCompare/SchemaCompareServiceTests.cs:line 378
   at System.Runtime.CompilerServices.AsyncMethodBuilderCore.Start[TStateMachine](TStateMachine&amp; stateMachine)
   at Microsoft.SqlTools.ServiceLayer.IntegrationTests.SchemaCompare.SchemaCompareServiceTests.SchemaCompareGenerateScriptDatabaseToDatabase()</failure>
    </testcase>
    <testcase classname="Microsoft.SqlTools.ServiceLayer.IntegrationTests.SchemaCompare.SchemaCompareServiceTests" name="SchemaCompareGenerateScriptProjectToDatabase" time="0.0009400">
      <failure type="failure" message="  Cannot find any instance for version key: sqlOnPrem&#xA;  Expected: True&#xA;  But was:  False&#xA;">at Microsoft.SqlTools.ServiceLayer.Test.Common.TestConnectionProfileService.GetInstance(String key) in /Users/aasimkhan/src/sqltoolsservice/test/Microsoft.SqlTools.ServiceLayer.Test.Common/TestConnectionProfileService.cs:line 59
   at Microsoft.SqlTools.ServiceLayer.Test.Common.TestConnectionProfileService.GetConnectionParameters(String key, String databaseName) in /Users/aasimkhan/src/sqltoolsservice/test/Microsoft.SqlTools.ServiceLayer.Test.Common/TestConnectionProfileService.cs:line 65
   at Microsoft.SqlTools.ServiceLayer.Test.Common.TestConnectionProfileService.GetConnectionParameters(TestServerType serverType, String databaseName) in /Users/aasimkhan/src/sqltoolsservice/test/Microsoft.SqlTools.ServiceLayer.Test.Common/TestConnectionProfileService.cs:line 75
   at Microsoft.SqlTools.ServiceLayer.IntegrationTests.Utility.LiveConnectionHelper.InitLiveConnectionInfoAsync(String databaseName, String ownerUri, String connectionType, TestServerType serverType) in /Users/aasimkhan/src/sqltoolsservice/test/Microsoft.SqlTools.ServiceLayer.IntegrationTests/Utility/LiveConnectionHelper.cs:line 68
   at Microsoft.SqlTools.ServiceLayer.IntegrationTests.Utility.LiveConnectionHelper.InitLiveConnectionInfo(String databaseName, String ownerUri) in /Users/aasimkhan/src/sqltoolsservice/test/Microsoft.SqlTools.ServiceLayer.IntegrationTests/Utility/LiveConnectionHelper.cs:line 52
   at Microsoft.SqlTools.ServiceLayer.IntegrationTests.SchemaCompare.SchemaCompareTestUtils.GetLiveAutoCompleteTestObjects() in /Users/aasimkhan/src/sqltoolsservice/test/Microsoft.SqlTools.ServiceLayer.IntegrationTests/SchemaCompare/SchemaCompareTestUtils.cs:line 141
   at Microsoft.SqlTools.ServiceLayer.IntegrationTests.SchemaCompare.SchemaCompareServiceTests.SchemaCompareGenerateScriptProjectToDatabase() in /Users/aasimkhan/src/sqltoolsservice/test/Microsoft.SqlTools.ServiceLayer.IntegrationTests/SchemaCompare/SchemaCompareServiceTests.cs:line 476
   at NUnit.Framework.Internal.TaskAwaitAdapter.GenericAdapter`1.GetResult()
   at NUnit.Framework.Internal.AsyncToSyncAdapter.Await(Func`1 invoke)
   at NUnit.Framework.Internal.Commands.TestMethodCommand.RunTestMethod(TestExecutionContext context)
   at NUnit.Framework.Internal.Commands.TestMethodCommand.Execute(TestExecutionContext context)
   at NUnit.Framework.Internal.Execution.SimpleWorkItem.&lt;&gt;c__DisplayClass4_0.&lt;PerformWork&gt;b__0()
   at NUnit.Framework.Internal.ContextUtils.&lt;&gt;c__DisplayClass1_0`1.&lt;DoIsolated&gt;b__0(Object _)

1)    at Microsoft.SqlTools.ServiceLayer.Test.Common.TestConnectionProfileService.GetInstance(String key) in /Users/aasimkhan/src/sqltoolsservice/test/Microsoft.SqlTools.ServiceLayer.Test.Common/TestConnectionProfileService.cs:line 59
   at Microsoft.SqlTools.ServiceLayer.Test.Common.TestConnectionProfileService.GetConnectionParameters(String key, String databaseName) in /Users/aasimkhan/src/sqltoolsservice/test/Microsoft.SqlTools.ServiceLayer.Test.Common/TestConnectionProfileService.cs:line 65
   at Microsoft.SqlTools.ServiceLayer.Test.Common.TestConnectionProfileService.GetConnectionParameters(TestServerType serverType, String databaseName) in /Users/aasimkhan/src/sqltoolsservice/test/Microsoft.SqlTools.ServiceLayer.Test.Common/TestConnectionProfileService.cs:line 75
   at Microsoft.SqlTools.ServiceLayer.IntegrationTests.Utility.LiveConnectionHelper.InitLiveConnectionInfoAsync(String databaseName, String ownerUri, String connectionType, TestServerType serverType) in /Users/aasimkhan/src/sqltoolsservice/test/Microsoft.SqlTools.ServiceLayer.IntegrationTests/Utility/LiveConnectionHelper.cs:line 68
   at System.Runtime.CompilerServices.AsyncMethodBuilderCore.Start[TStateMachine](TStateMachine&amp; stateMachine)
   at Microsoft.SqlTools.ServiceLayer.IntegrationTests.Utility.LiveConnectionHelper.InitLiveConnectionInfoAsync(String databaseName, String ownerUri, String connectionType, TestServerType serverType)
   at Microsoft.SqlTools.ServiceLayer.IntegrationTests.Utility.LiveConnectionHelper.InitLiveConnectionInfo(String databaseName, String ownerUri) in /Users/aasimkhan/src/sqltoolsservice/test/Microsoft.SqlTools.ServiceLayer.IntegrationTests/Utility/LiveConnectionHelper.cs:line 52
   at Microsoft.SqlTools.ServiceLayer.IntegrationTests.SchemaCompare.SchemaCompareTestUtils.GetLiveAutoCompleteTestObjects() in /Users/aasimkhan/src/sqltoolsservice/test/Microsoft.SqlTools.ServiceLayer.IntegrationTests/SchemaCompare/SchemaCompareTestUtils.cs:line 141
   at Microsoft.SqlTools.ServiceLayer.IntegrationTests.SchemaCompare.SchemaCompareServiceTests.SchemaCompareGenerateScriptProjectToDatabase() in /Users/aasimkhan/src/sqltoolsservice/test/Microsoft.SqlTools.ServiceLayer.IntegrationTests/SchemaCompare/SchemaCompareServiceTests.cs:line 476
   at System.Runtime.CompilerServices.AsyncMethodBuilderCore.Start[TStateMachine](TStateMachine&amp; stateMachine)
   at Microsoft.SqlTools.ServiceLayer.IntegrationTests.SchemaCompare.SchemaCompareServiceTests.SchemaCompareGenerateScriptProjectToDatabase()</failure>
    </testcase>
    <testcase classname="Microsoft.SqlTools.ServiceLayer.IntegrationTests.SchemaCompare.SchemaCompareServiceTests" name="SchemaCompareIncludeExcludeWithDependencies" time="0.0020050">
      <failure type="failure" message="  Cannot find any instance for version key: sqlOnPrem&#xA;  Expected: True&#xA;  But was:  False&#xA;">at Microsoft.SqlTools.ServiceLayer.Test.Common.TestConnectionProfileService.GetInstance(String key) in /Users/aasimkhan/src/sqltoolsservice/test/Microsoft.SqlTools.ServiceLayer.Test.Common/TestConnectionProfileService.cs:line 59
   at Microsoft.SqlTools.ServiceLayer.Test.Common.TestConnectionProfileService.GetConnectionParameters(String key, String databaseName) in /Users/aasimkhan/src/sqltoolsservice/test/Microsoft.SqlTools.ServiceLayer.Test.Common/TestConnectionProfileService.cs:line 65
   at Microsoft.SqlTools.ServiceLayer.Test.Common.TestConnectionProfileService.GetConnectionParameters(TestServerType serverType, String databaseName) in /Users/aasimkhan/src/sqltoolsservice/test/Microsoft.SqlTools.ServiceLayer.Test.Common/TestConnectionProfileService.cs:line 75
   at Microsoft.SqlTools.ServiceLayer.IntegrationTests.Utility.LiveConnectionHelper.InitLiveConnectionInfoAsync(String databaseName, String ownerUri, String connectionType, TestServerType serverType) in /Users/aasimkhan/src/sqltoolsservice/test/Microsoft.SqlTools.ServiceLayer.IntegrationTests/Utility/LiveConnectionHelper.cs:line 68
   at Microsoft.SqlTools.ServiceLayer.IntegrationTests.Utility.LiveConnectionHelper.InitLiveConnectionInfo(String databaseName, String ownerUri) in /Users/aasimkhan/src/sqltoolsservice/test/Microsoft.SqlTools.ServiceLayer.IntegrationTests/Utility/LiveConnectionHelper.cs:line 52
   at Microsoft.SqlTools.ServiceLayer.IntegrationTests.SchemaCompare.SchemaCompareTestUtils.GetLiveAutoCompleteTestObjects() in /Users/aasimkhan/src/sqltoolsservice/test/Microsoft.SqlTools.ServiceLayer.IntegrationTests/SchemaCompare/SchemaCompareTestUtils.cs:line 141
   at Microsoft.SqlTools.ServiceLayer.IntegrationTests.SchemaCompare.SchemaCompareServiceTests.SchemaCompareIncludeExcludeWithDependencies() in /Users/aasimkhan/src/sqltoolsservice/test/Microsoft.SqlTools.ServiceLayer.IntegrationTests/SchemaCompare/SchemaCompareServiceTests.cs:line 1541
   at NUnit.Framework.Internal.TaskAwaitAdapter.GenericAdapter`1.GetResult()
   at NUnit.Framework.Internal.AsyncToSyncAdapter.Await(Func`1 invoke)
   at NUnit.Framework.Internal.Commands.TestMethodCommand.RunTestMethod(TestExecutionContext context)
   at NUnit.Framework.Internal.Commands.TestMethodCommand.Execute(TestExecutionContext context)
   at NUnit.Framework.Internal.Execution.SimpleWorkItem.&lt;&gt;c__DisplayClass4_0.&lt;PerformWork&gt;b__0()
   at NUnit.Framework.Internal.ContextUtils.&lt;&gt;c__DisplayClass1_0`1.&lt;DoIsolated&gt;b__0(Object _)

1)    at Microsoft.SqlTools.ServiceLayer.Test.Common.TestConnectionProfileService.GetInstance(String key) in /Users/aasimkhan/src/sqltoolsservice/test/Microsoft.SqlTools.ServiceLayer.Test.Common/TestConnectionProfileService.cs:line 59
   at Microsoft.SqlTools.ServiceLayer.Test.Common.TestConnectionProfileService.GetConnectionParameters(String key, String databaseName) in /Users/aasimkhan/src/sqltoolsservice/test/Microsoft.SqlTools.ServiceLayer.Test.Common/TestConnectionProfileService.cs:line 65
   at Microsoft.SqlTools.ServiceLayer.Test.Common.TestConnectionProfileService.GetConnectionParameters(TestServerType serverType, String databaseName) in /Users/aasimkhan/src/sqltoolsservice/test/Microsoft.SqlTools.ServiceLayer.Test.Common/TestConnectionProfileService.cs:line 75
   at Microsoft.SqlTools.ServiceLayer.IntegrationTests.Utility.LiveConnectionHelper.InitLiveConnectionInfoAsync(String databaseName, String ownerUri, String connectionType, TestServerType serverType) in /Users/aasimkhan/src/sqltoolsservice/test/Microsoft.SqlTools.ServiceLayer.IntegrationTests/Utility/LiveConnectionHelper.cs:line 68
   at System.Runtime.CompilerServices.AsyncMethodBuilderCore.Start[TStateMachine](TStateMachine&amp; stateMachine)
   at Microsoft.SqlTools.ServiceLayer.IntegrationTests.Utility.LiveConnectionHelper.InitLiveConnectionInfoAsync(String databaseName, String ownerUri, String connectionType, TestServerType serverType)
   at Microsoft.SqlTools.ServiceLayer.IntegrationTests.Utility.LiveConnectionHelper.InitLiveConnectionInfo(String databaseName, String ownerUri) in /Users/aasimkhan/src/sqltoolsservice/test/Microsoft.SqlTools.ServiceLayer.IntegrationTests/Utility/LiveConnectionHelper.cs:line 52
   at Microsoft.SqlTools.ServiceLayer.IntegrationTests.SchemaCompare.SchemaCompareTestUtils.GetLiveAutoCompleteTestObjects() in /Users/aasimkhan/src/sqltoolsservice/test/Microsoft.SqlTools.ServiceLayer.IntegrationTests/SchemaCompare/SchemaCompareTestUtils.cs:line 141
   at Microsoft.SqlTools.ServiceLayer.IntegrationTests.SchemaCompare.SchemaCompareServiceTests.SchemaCompareIncludeExcludeWithDependencies() in /Users/aasimkhan/src/sqltoolsservice/test/Microsoft.SqlTools.ServiceLayer.IntegrationTests/SchemaCompare/SchemaCompareServiceTests.cs:line 1541
   at System.Runtime.CompilerServices.AsyncMethodBuilderCore.Start[TStateMachine](TStateMachine&amp; stateMachine)
   at Microsoft.SqlTools.ServiceLayer.IntegrationTests.SchemaCompare.SchemaCompareServiceTests.SchemaCompareIncludeExcludeWithDependencies()</failure>
    </testcase>
    <testcase classname="Microsoft.SqlTools.ServiceLayer.IntegrationTests.SchemaCompare.SchemaCompareServiceTests" name="SchemaCompareOpenScmpDacpacToDacpacRequest" time="0.0020699">
      <failure type="failure" message="  Cannot find any instance for version key: sqlOnPrem&#xA;  Expected: True&#xA;  But was:  False&#xA;">at Microsoft.SqlTools.ServiceLayer.Test.Common.TestConnectionProfileService.GetInstance(String key) in /Users/aasimkhan/src/sqltoolsservice/test/Microsoft.SqlTools.ServiceLayer.Test.Common/TestConnectionProfileService.cs:line 59
   at Microsoft.SqlTools.ServiceLayer.Test.Common.TestConnectionProfileService.GetConnectionParameters(String key, String databaseName) in /Users/aasimkhan/src/sqltoolsservice/test/Microsoft.SqlTools.ServiceLayer.Test.Common/TestConnectionProfileService.cs:line 65
   at Microsoft.SqlTools.ServiceLayer.Test.Common.TestConnectionProfileService.GetConnectionParameters(TestServerType serverType, String databaseName) in /Users/aasimkhan/src/sqltoolsservice/test/Microsoft.SqlTools.ServiceLayer.Test.Common/TestConnectionProfileService.cs:line 75
   at Microsoft.SqlTools.ServiceLayer.Test.Common.TestServiceProvider.InitLiveConnectionInfo(TestServerType serverType, String databaseName, String scriptFilePath) in /Users/aasimkhan/src/sqltoolsservice/test/Microsoft.SqlTools.ServiceLayer.Test.Common/TestServiceProvider.cs:line 142
   at Microsoft.SqlTools.ServiceLayer.Test.Common.TestServiceProvider.RunQueryAsync(TestServerType serverType, String databaseName, String queryText, Boolean throwOnError) in /Users/aasimkhan/src/sqltoolsservice/test/Microsoft.SqlTools.ServiceLayer.Test.Common/TestServiceProvider.cs:line 110
   at Microsoft.SqlTools.ServiceLayer.Test.Common.SqlTestDb.CreateNewAsync(TestServerType serverType, Boolean doNotCleanupDb, String databaseName, String query, String dbNamePrefix) in /Users/aasimkhan/src/sqltoolsservice/test/Microsoft.SqlTools.ServiceLayer.Test.Common/SqlTestDb.cs:line 101
   at Microsoft.SqlTools.ServiceLayer.IntegrationTests.SchemaCompare.SchemaCompareServiceTests.CreateAndOpenScmp(SchemaCompareEndpointType sourceEndpointType, SchemaCompareEndpointType targetEndpointType) in /Users/aasimkhan/src/sqltoolsservice/test/Microsoft.SqlTools.ServiceLayer.IntegrationTests/SchemaCompare/SchemaCompareServiceTests.cs:line 1815
   at Microsoft.SqlTools.ServiceLayer.IntegrationTests.SchemaCompare.SchemaCompareServiceTests.SchemaCompareOpenScmpDacpacToDacpacRequest() in /Users/aasimkhan/src/sqltoolsservice/test/Microsoft.SqlTools.ServiceLayer.IntegrationTests/SchemaCompare/SchemaCompareServiceTests.cs:line 1184
   at NUnit.Framework.Internal.TaskAwaitAdapter.GenericAdapter`1.GetResult()
   at NUnit.Framework.Internal.AsyncToSyncAdapter.Await(Func`1 invoke)
   at NUnit.Framework.Internal.Commands.TestMethodCommand.RunTestMethod(TestExecutionContext context)
   at NUnit.Framework.Internal.Commands.TestMethodCommand.Execute(TestExecutionContext context)
   at NUnit.Framework.Internal.Execution.SimpleWorkItem.&lt;&gt;c__DisplayClass4_0.&lt;PerformWork&gt;b__0()
   at NUnit.Framework.Internal.ContextUtils.&lt;&gt;c__DisplayClass1_0`1.&lt;DoIsolated&gt;b__0(Object _)

1)    at Microsoft.SqlTools.ServiceLayer.Test.Common.TestConnectionProfileService.GetInstance(String key) in /Users/aasimkhan/src/sqltoolsservice/test/Microsoft.SqlTools.ServiceLayer.Test.Common/TestConnectionProfileService.cs:line 59
   at Microsoft.SqlTools.ServiceLayer.Test.Common.TestConnectionProfileService.GetConnectionParameters(String key, String databaseName) in /Users/aasimkhan/src/sqltoolsservice/test/Microsoft.SqlTools.ServiceLayer.Test.Common/TestConnectionProfileService.cs:line 65
   at Microsoft.SqlTools.ServiceLayer.Test.Common.TestConnectionProfileService.GetConnectionParameters(TestServerType serverType, String databaseName) in /Users/aasimkhan/src/sqltoolsservice/test/Microsoft.SqlTools.ServiceLayer.Test.Common/TestConnectionProfileService.cs:line 75
   at Microsoft.SqlTools.ServiceLayer.Test.Common.TestServiceProvider.InitLiveConnectionInfo(TestServerType serverType, String databaseName, String scriptFilePath) in /Users/aasimkhan/src/sqltoolsservice/test/Microsoft.SqlTools.ServiceLayer.Test.Common/TestServiceProvider.cs:line 142
   at System.Runtime.CompilerServices.AsyncMethodBuilderCore.Start[TStateMachine](TStateMachine&amp; stateMachine)
   at Microsoft.SqlTools.ServiceLayer.Test.Common.TestServiceProvider.InitLiveConnectionInfo(TestServerType serverType, String databaseName, String scriptFilePath)
   at Microsoft.SqlTools.ServiceLayer.Test.Common.TestServiceProvider.RunQueryAsync(TestServerType serverType, String databaseName, String queryText, Boolean throwOnError) in /Users/aasimkhan/src/sqltoolsservice/test/Microsoft.SqlTools.ServiceLayer.Test.Common/TestServiceProvider.cs:line 110
   at System.Runtime.CompilerServices.AsyncMethodBuilderCore.Start[TStateMachine](TStateMachine&amp; stateMachine)
   at Microsoft.SqlTools.ServiceLayer.Test.Common.TestServiceProvider.RunQueryAsync(TestServerType serverType, String databaseName, String queryText, Boolean throwOnError)
   at Microsoft.SqlTools.ServiceLayer.Test.Common.SqlTestDb.CreateNewAsync(TestServerType serverType, Boolean doNotCleanupDb, String databaseName, String query, String dbNamePrefix) in /Users/aasimkhan/src/sqltoolsservice/test/Microsoft.SqlTools.ServiceLayer.Test.Common/SqlTestDb.cs:line 101
   at System.Runtime.CompilerServices.AsyncMethodBuilderCore.Start[TStateMachine](TStateMachine&amp; stateMachine)
   at Microsoft.SqlTools.ServiceLayer.Test.Common.SqlTestDb.CreateNewAsync(TestServerType serverType, Boolean doNotCleanupDb, String databaseName, String query, String dbNamePrefix)
   at Microsoft.SqlTools.ServiceLayer.IntegrationTests.SchemaCompare.SchemaCompareServiceTests.CreateAndOpenScmp(SchemaCompareEndpointType sourceEndpointType, SchemaCompareEndpointType targetEndpointType) in /Users/aasimkhan/src/sqltoolsservice/test/Microsoft.SqlTools.ServiceLayer.IntegrationTests/SchemaCompare/SchemaCompareServiceTests.cs:line 1815
   at System.Runtime.CompilerServices.AsyncMethodBuilderCore.Start[TStateMachine](TStateMachine&amp; stateMachine)
   at Microsoft.SqlTools.ServiceLayer.IntegrationTests.SchemaCompare.SchemaCompareServiceTests.CreateAndOpenScmp(SchemaCompareEndpointType sourceEndpointType, SchemaCompareEndpointType targetEndpointType)
   at Microsoft.SqlTools.ServiceLayer.IntegrationTests.SchemaCompare.SchemaCompareServiceTests.SchemaCompareOpenScmpDacpacToDacpacRequest() in /Users/aasimkhan/src/sqltoolsservice/test/Microsoft.SqlTools.ServiceLayer.IntegrationTests/SchemaCompare/SchemaCompareServiceTests.cs:line 1184
   at System.Runtime.CompilerServices.AsyncMethodBuilderCore.Start[TStateMachine](TStateMachine&amp; stateMachine)
   at Microsoft.SqlTools.ServiceLayer.IntegrationTests.SchemaCompare.SchemaCompareServiceTests.SchemaCompareOpenScmpDacpacToDacpacRequest()</failure>
    </testcase>
    <testcase classname="Microsoft.SqlTools.ServiceLayer.IntegrationTests.SchemaCompare.SchemaCompareServiceTests" name="SchemaCompareOpenScmpDacpacToDatabaseRequest" time="0.0011530">
      <failure type="failure" message="  Cannot find any instance for version key: sqlOnPrem&#xA;  Expected: True&#xA;  But was:  False&#xA;">at Microsoft.SqlTools.ServiceLayer.Test.Common.TestConnectionProfileService.GetInstance(String key) in /Users/aasimkhan/src/sqltoolsservice/test/Microsoft.SqlTools.ServiceLayer.Test.Common/TestConnectionProfileService.cs:line 59
   at Microsoft.SqlTools.ServiceLayer.Test.Common.TestConnectionProfileService.GetConnectionParameters(String key, String databaseName) in /Users/aasimkhan/src/sqltoolsservice/test/Microsoft.SqlTools.ServiceLayer.Test.Common/TestConnectionProfileService.cs:line 65
   at Microsoft.SqlTools.ServiceLayer.Test.Common.TestConnectionProfileService.GetConnectionParameters(TestServerType serverType, String databaseName) in /Users/aasimkhan/src/sqltoolsservice/test/Microsoft.SqlTools.ServiceLayer.Test.Common/TestConnectionProfileService.cs:line 75
   at Microsoft.SqlTools.ServiceLayer.Test.Common.TestServiceProvider.InitLiveConnectionInfo(TestServerType serverType, String databaseName, String scriptFilePath) in /Users/aasimkhan/src/sqltoolsservice/test/Microsoft.SqlTools.ServiceLayer.Test.Common/TestServiceProvider.cs:line 142
   at Microsoft.SqlTools.ServiceLayer.Test.Common.TestServiceProvider.RunQueryAsync(TestServerType serverType, String databaseName, String queryText, Boolean throwOnError) in /Users/aasimkhan/src/sqltoolsservice/test/Microsoft.SqlTools.ServiceLayer.Test.Common/TestServiceProvider.cs:line 110
   at Microsoft.SqlTools.ServiceLayer.Test.Common.SqlTestDb.CreateNewAsync(TestServerType serverType, Boolean doNotCleanupDb, String databaseName, String query, String dbNamePrefix) in /Users/aasimkhan/src/sqltoolsservice/test/Microsoft.SqlTools.ServiceLayer.Test.Common/SqlTestDb.cs:line 101
   at Microsoft.SqlTools.ServiceLayer.IntegrationTests.SchemaCompare.SchemaCompareServiceTests.CreateAndOpenScmp(SchemaCompareEndpointType sourceEndpointType, SchemaCompareEndpointType targetEndpointType) in /Users/aasimkhan/src/sqltoolsservice/test/Microsoft.SqlTools.ServiceLayer.IntegrationTests/SchemaCompare/SchemaCompareServiceTests.cs:line 1815
   at Microsoft.SqlTools.ServiceLayer.IntegrationTests.SchemaCompare.SchemaCompareServiceTests.SchemaCompareOpenScmpDacpacToDatabaseRequest() in /Users/aasimkhan/src/sqltoolsservice/test/Microsoft.SqlTools.ServiceLayer.IntegrationTests/SchemaCompare/SchemaCompareServiceTests.cs:line 1166
   at NUnit.Framework.Internal.TaskAwaitAdapter.GenericAdapter`1.GetResult()
   at NUnit.Framework.Internal.AsyncToSyncAdapter.Await(Func`1 invoke)
   at NUnit.Framework.Internal.Commands.TestMethodCommand.RunTestMethod(TestExecutionContext context)
   at NUnit.Framework.Internal.Commands.TestMethodCommand.Execute(TestExecutionContext context)
   at NUnit.Framework.Internal.Execution.SimpleWorkItem.&lt;&gt;c__DisplayClass4_0.&lt;PerformWork&gt;b__0()
   at NUnit.Framework.Internal.ContextUtils.&lt;&gt;c__DisplayClass1_0`1.&lt;DoIsolated&gt;b__0(Object _)

1)    at Microsoft.SqlTools.ServiceLayer.Test.Common.TestConnectionProfileService.GetInstance(String key) in /Users/aasimkhan/src/sqltoolsservice/test/Microsoft.SqlTools.ServiceLayer.Test.Common/TestConnectionProfileService.cs:line 59
   at Microsoft.SqlTools.ServiceLayer.Test.Common.TestConnectionProfileService.GetConnectionParameters(String key, String databaseName) in /Users/aasimkhan/src/sqltoolsservice/test/Microsoft.SqlTools.ServiceLayer.Test.Common/TestConnectionProfileService.cs:line 65
   at Microsoft.SqlTools.ServiceLayer.Test.Common.TestConnectionProfileService.GetConnectionParameters(TestServerType serverType, String databaseName) in /Users/aasimkhan/src/sqltoolsservice/test/Microsoft.SqlTools.ServiceLayer.Test.Common/TestConnectionProfileService.cs:line 75
   at Microsoft.SqlTools.ServiceLayer.Test.Common.TestServiceProvider.InitLiveConnectionInfo(TestServerType serverType, String databaseName, String scriptFilePath) in /Users/aasimkhan/src/sqltoolsservice/test/Microsoft.SqlTools.ServiceLayer.Test.Common/TestServiceProvider.cs:line 142
   at System.Runtime.CompilerServices.AsyncMethodBuilderCore.Start[TStateMachine](TStateMachine&amp; stateMachine)
   at Microsoft.SqlTools.ServiceLayer.Test.Common.TestServiceProvider.InitLiveConnectionInfo(TestServerType serverType, String databaseName, String scriptFilePath)
   at Microsoft.SqlTools.ServiceLayer.Test.Common.TestServiceProvider.RunQueryAsync(TestServerType serverType, String databaseName, String queryText, Boolean throwOnError) in /Users/aasimkhan/src/sqltoolsservice/test/Microsoft.SqlTools.ServiceLayer.Test.Common/TestServiceProvider.cs:line 110
   at System.Runtime.CompilerServices.AsyncMethodBuilderCore.Start[TStateMachine](TStateMachine&amp; stateMachine)
   at Microsoft.SqlTools.ServiceLayer.Test.Common.TestServiceProvider.RunQueryAsync(TestServerType serverType, String databaseName, String queryText, Boolean throwOnError)
   at Microsoft.SqlTools.ServiceLayer.Test.Common.SqlTestDb.CreateNewAsync(TestServerType serverType, Boolean doNotCleanupDb, String databaseName, String query, String dbNamePrefix) in /Users/aasimkhan/src/sqltoolsservice/test/Microsoft.SqlTools.ServiceLayer.Test.Common/SqlTestDb.cs:line 101
   at System.Runtime.CompilerServices.AsyncMethodBuilderCore.Start[TStateMachine](TStateMachine&amp; stateMachine)
   at Microsoft.SqlTools.ServiceLayer.Test.Common.SqlTestDb.CreateNewAsync(TestServerType serverType, Boolean doNotCleanupDb, String databaseName, String query, String dbNamePrefix)
   at Microsoft.SqlTools.ServiceLayer.IntegrationTests.SchemaCompare.SchemaCompareServiceTests.CreateAndOpenScmp(SchemaCompareEndpointType sourceEndpointType, SchemaCompareEndpointType targetEndpointType) in /Users/aasimkhan/src/sqltoolsservice/test/Microsoft.SqlTools.ServiceLayer.IntegrationTests/SchemaCompare/SchemaCompareServiceTests.cs:line 1815
   at System.Runtime.CompilerServices.AsyncMethodBuilderCore.Start[TStateMachine](TStateMachine&amp; stateMachine)
   at Microsoft.SqlTools.ServiceLayer.IntegrationTests.SchemaCompare.SchemaCompareServiceTests.CreateAndOpenScmp(SchemaCompareEndpointType sourceEndpointType, SchemaCompareEndpointType targetEndpointType)
   at Microsoft.SqlTools.ServiceLayer.IntegrationTests.SchemaCompare.SchemaCompareServiceTests.SchemaCompareOpenScmpDacpacToDatabaseRequest() in /Users/aasimkhan/src/sqltoolsservice/test/Microsoft.SqlTools.ServiceLayer.IntegrationTests/SchemaCompare/SchemaCompareServiceTests.cs:line 1166
   at System.Runtime.CompilerServices.AsyncMethodBuilderCore.Start[TStateMachine](TStateMachine&amp; stateMachine)
   at Microsoft.SqlTools.ServiceLayer.IntegrationTests.SchemaCompare.SchemaCompareServiceTests.SchemaCompareOpenScmpDacpacToDatabaseRequest()</failure>
    </testcase>
    <testcase classname="Microsoft.SqlTools.ServiceLayer.IntegrationTests.SchemaCompare.SchemaCompareServiceTests" name="SchemaCompareOpenScmpDatabaseToDatabaseRequest" time="0.0010990">
      <failure type="failure" message="  Cannot find any instance for version key: sqlOnPrem&#xA;  Expected: True&#xA;  But was:  False&#xA;">at Microsoft.SqlTools.ServiceLayer.Test.Common.TestConnectionProfileService.GetInstance(String key) in /Users/aasimkhan/src/sqltoolsservice/test/Microsoft.SqlTools.ServiceLayer.Test.Common/TestConnectionProfileService.cs:line 59
   at Microsoft.SqlTools.ServiceLayer.Test.Common.TestConnectionProfileService.GetConnectionParameters(String key, String databaseName) in /Users/aasimkhan/src/sqltoolsservice/test/Microsoft.SqlTools.ServiceLayer.Test.Common/TestConnectionProfileService.cs:line 65
   at Microsoft.SqlTools.ServiceLayer.Test.Common.TestConnectionProfileService.GetConnectionParameters(TestServerType serverType, String databaseName) in /Users/aasimkhan/src/sqltoolsservice/test/Microsoft.SqlTools.ServiceLayer.Test.Common/TestConnectionProfileService.cs:line 75
   at Microsoft.SqlTools.ServiceLayer.Test.Common.TestServiceProvider.InitLiveConnectionInfo(TestServerType serverType, String databaseName, String scriptFilePath) in /Users/aasimkhan/src/sqltoolsservice/test/Microsoft.SqlTools.ServiceLayer.Test.Common/TestServiceProvider.cs:line 142
   at Microsoft.SqlTools.ServiceLayer.Test.Common.TestServiceProvider.RunQueryAsync(TestServerType serverType, String databaseName, String queryText, Boolean throwOnError) in /Users/aasimkhan/src/sqltoolsservice/test/Microsoft.SqlTools.ServiceLayer.Test.Common/TestServiceProvider.cs:line 110
   at Microsoft.SqlTools.ServiceLayer.Test.Common.SqlTestDb.CreateNewAsync(TestServerType serverType, Boolean doNotCleanupDb, String databaseName, String query, String dbNamePrefix) in /Users/aasimkhan/src/sqltoolsservice/test/Microsoft.SqlTools.ServiceLayer.Test.Common/SqlTestDb.cs:line 101
   at Microsoft.SqlTools.ServiceLayer.IntegrationTests.SchemaCompare.SchemaCompareServiceTests.CreateAndOpenScmp(SchemaCompareEndpointType sourceEndpointType, SchemaCompareEndpointType targetEndpointType) in /Users/aasimkhan/src/sqltoolsservice/test/Microsoft.SqlTools.ServiceLayer.IntegrationTests/SchemaCompare/SchemaCompareServiceTests.cs:line 1815
   at Microsoft.SqlTools.ServiceLayer.IntegrationTests.SchemaCompare.SchemaCompareServiceTests.SchemaCompareOpenScmpDatabaseToDatabaseRequest() in /Users/aasimkhan/src/sqltoolsservice/test/Microsoft.SqlTools.ServiceLayer.IntegrationTests/SchemaCompare/SchemaCompareServiceTests.cs:line 1157
   at NUnit.Framework.Internal.TaskAwaitAdapter.GenericAdapter`1.GetResult()
   at NUnit.Framework.Internal.AsyncToSyncAdapter.Await(Func`1 invoke)
   at NUnit.Framework.Internal.Commands.TestMethodCommand.RunTestMethod(TestExecutionContext context)
   at NUnit.Framework.Internal.Commands.TestMethodCommand.Execute(TestExecutionContext context)
   at NUnit.Framework.Internal.Execution.SimpleWorkItem.&lt;&gt;c__DisplayClass4_0.&lt;PerformWork&gt;b__0()
   at NUnit.Framework.Internal.ContextUtils.&lt;&gt;c__DisplayClass1_0`1.&lt;DoIsolated&gt;b__0(Object _)

1)    at Microsoft.SqlTools.ServiceLayer.Test.Common.TestConnectionProfileService.GetInstance(String key) in /Users/aasimkhan/src/sqltoolsservice/test/Microsoft.SqlTools.ServiceLayer.Test.Common/TestConnectionProfileService.cs:line 59
   at Microsoft.SqlTools.ServiceLayer.Test.Common.TestConnectionProfileService.GetConnectionParameters(String key, String databaseName) in /Users/aasimkhan/src/sqltoolsservice/test/Microsoft.SqlTools.ServiceLayer.Test.Common/TestConnectionProfileService.cs:line 65
   at Microsoft.SqlTools.ServiceLayer.Test.Common.TestConnectionProfileService.GetConnectionParameters(TestServerType serverType, String databaseName) in /Users/aasimkhan/src/sqltoolsservice/test/Microsoft.SqlTools.ServiceLayer.Test.Common/TestConnectionProfileService.cs:line 75
   at Microsoft.SqlTools.ServiceLayer.Test.Common.TestServiceProvider.InitLiveConnectionInfo(TestServerType serverType, String databaseName, String scriptFilePath) in /Users/aasimkhan/src/sqltoolsservice/test/Microsoft.SqlTools.ServiceLayer.Test.Common/TestServiceProvider.cs:line 142
   at System.Runtime.CompilerServices.AsyncMethodBuilderCore.Start[TStateMachine](TStateMachine&amp; stateMachine)
   at Microsoft.SqlTools.ServiceLayer.Test.Common.TestServiceProvider.InitLiveConnectionInfo(TestServerType serverType, String databaseName, String scriptFilePath)
   at Microsoft.SqlTools.ServiceLayer.Test.Common.TestServiceProvider.RunQueryAsync(TestServerType serverType, String databaseName, String queryText, Boolean throwOnError) in /Users/aasimkhan/src/sqltoolsservice/test/Microsoft.SqlTools.ServiceLayer.Test.Common/TestServiceProvider.cs:line 110
   at System.Runtime.CompilerServices.AsyncMethodBuilderCore.Start[TStateMachine](TStateMachine&amp; stateMachine)
   at Microsoft.SqlTools.ServiceLayer.Test.Common.TestServiceProvider.RunQueryAsync(TestServerType serverType, String databaseName, String queryText, Boolean throwOnError)
   at Microsoft.SqlTools.ServiceLayer.Test.Common.SqlTestDb.CreateNewAsync(TestServerType serverType, Boolean doNotCleanupDb, String databaseName, String query, String dbNamePrefix) in /Users/aasimkhan/src/sqltoolsservice/test/Microsoft.SqlTools.ServiceLayer.Test.Common/SqlTestDb.cs:line 101
   at System.Runtime.CompilerServices.AsyncMethodBuilderCore.Start[TStateMachine](TStateMachine&amp; stateMachine)
   at Microsoft.SqlTools.ServiceLayer.Test.Common.SqlTestDb.CreateNewAsync(TestServerType serverType, Boolean doNotCleanupDb, String databaseName, String query, String dbNamePrefix)
   at Microsoft.SqlTools.ServiceLayer.IntegrationTests.SchemaCompare.SchemaCompareServiceTests.CreateAndOpenScmp(SchemaCompareEndpointType sourceEndpointType, SchemaCompareEndpointType targetEndpointType) in /Users/aasimkhan/src/sqltoolsservice/test/Microsoft.SqlTools.ServiceLayer.IntegrationTests/SchemaCompare/SchemaCompareServiceTests.cs:line 1815
   at System.Runtime.CompilerServices.AsyncMethodBuilderCore.Start[TStateMachine](TStateMachine&amp; stateMachine)
   at Microsoft.SqlTools.ServiceLayer.IntegrationTests.SchemaCompare.SchemaCompareServiceTests.CreateAndOpenScmp(SchemaCompareEndpointType sourceEndpointType, SchemaCompareEndpointType targetEndpointType)
   at Microsoft.SqlTools.ServiceLayer.IntegrationTests.SchemaCompare.SchemaCompareServiceTests.SchemaCompareOpenScmpDatabaseToDatabaseRequest() in /Users/aasimkhan/src/sqltoolsservice/test/Microsoft.SqlTools.ServiceLayer.IntegrationTests/SchemaCompare/SchemaCompareServiceTests.cs:line 1157
   at System.Runtime.CompilerServices.AsyncMethodBuilderCore.Start[TStateMachine](TStateMachine&amp; stateMachine)
   at Microsoft.SqlTools.ServiceLayer.IntegrationTests.SchemaCompare.SchemaCompareServiceTests.SchemaCompareOpenScmpDatabaseToDatabaseRequest()</failure>
    </testcase>
    <testcase classname="Microsoft.SqlTools.ServiceLayer.IntegrationTests.SchemaCompare.SchemaCompareServiceTests" name="SchemaCompareOpenScmpProjectToDacpacRequest" time="0.0010810">
      <failure type="failure" message="  Cannot find any instance for version key: sqlOnPrem&#xA;  Expected: True&#xA;  But was:  False&#xA;">at Microsoft.SqlTools.ServiceLayer.Test.Common.TestConnectionProfileService.GetInstance(String key) in /Users/aasimkhan/src/sqltoolsservice/test/Microsoft.SqlTools.ServiceLayer.Test.Common/TestConnectionProfileService.cs:line 59
   at Microsoft.SqlTools.ServiceLayer.Test.Common.TestConnectionProfileService.GetConnectionParameters(String key, String databaseName) in /Users/aasimkhan/src/sqltoolsservice/test/Microsoft.SqlTools.ServiceLayer.Test.Common/TestConnectionProfileService.cs:line 65
   at Microsoft.SqlTools.ServiceLayer.Test.Common.TestConnectionProfileService.GetConnectionParameters(TestServerType serverType, String databaseName) in /Users/aasimkhan/src/sqltoolsservice/test/Microsoft.SqlTools.ServiceLayer.Test.Common/TestConnectionProfileService.cs:line 75
   at Microsoft.SqlTools.ServiceLayer.Test.Common.TestServiceProvider.InitLiveConnectionInfo(TestServerType serverType, String databaseName, String scriptFilePath) in /Users/aasimkhan/src/sqltoolsservice/test/Microsoft.SqlTools.ServiceLayer.Test.Common/TestServiceProvider.cs:line 142
   at Microsoft.SqlTools.ServiceLayer.Test.Common.TestServiceProvider.RunQueryAsync(TestServerType serverType, String databaseName, String queryText, Boolean throwOnError) in /Users/aasimkhan/src/sqltoolsservice/test/Microsoft.SqlTools.ServiceLayer.Test.Common/TestServiceProvider.cs:line 110
   at Microsoft.SqlTools.ServiceLayer.Test.Common.SqlTestDb.CreateNewAsync(TestServerType serverType, Boolean doNotCleanupDb, String databaseName, String query, String dbNamePrefix) in /Users/aasimkhan/src/sqltoolsservice/test/Microsoft.SqlTools.ServiceLayer.Test.Common/SqlTestDb.cs:line 101
   at Microsoft.SqlTools.ServiceLayer.IntegrationTests.SchemaCompare.SchemaCompareServiceTests.CreateAndOpenScmp(SchemaCompareEndpointType sourceEndpointType, SchemaCompareEndpointType targetEndpointType) in /Users/aasimkhan/src/sqltoolsservice/test/Microsoft.SqlTools.ServiceLayer.IntegrationTests/SchemaCompare/SchemaCompareServiceTests.cs:line 1815
   at Microsoft.SqlTools.ServiceLayer.IntegrationTests.SchemaCompare.SchemaCompareServiceTests.SchemaCompareOpenScmpProjectToDacpacRequest() in /Users/aasimkhan/src/sqltoolsservice/test/Microsoft.SqlTools.ServiceLayer.IntegrationTests/SchemaCompare/SchemaCompareServiceTests.cs:line 1193
   at NUnit.Framework.Internal.TaskAwaitAdapter.GenericAdapter`1.GetResult()
   at NUnit.Framework.Internal.AsyncToSyncAdapter.Await(Func`1 invoke)
   at NUnit.Framework.Internal.Commands.TestMethodCommand.RunTestMethod(TestExecutionContext context)
   at NUnit.Framework.Internal.Commands.TestMethodCommand.Execute(TestExecutionContext context)
   at NUnit.Framework.Internal.Execution.SimpleWorkItem.&lt;&gt;c__DisplayClass4_0.&lt;PerformWork&gt;b__0()
   at NUnit.Framework.Internal.ContextUtils.&lt;&gt;c__DisplayClass1_0`1.&lt;DoIsolated&gt;b__0(Object _)

1)    at Microsoft.SqlTools.ServiceLayer.Test.Common.TestConnectionProfileService.GetInstance(String key) in /Users/aasimkhan/src/sqltoolsservice/test/Microsoft.SqlTools.ServiceLayer.Test.Common/TestConnectionProfileService.cs:line 59
   at Microsoft.SqlTools.ServiceLayer.Test.Common.TestConnectionProfileService.GetConnectionParameters(String key, String databaseName) in /Users/aasimkhan/src/sqltoolsservice/test/Microsoft.SqlTools.ServiceLayer.Test.Common/TestConnectionProfileService.cs:line 65
   at Microsoft.SqlTools.ServiceLayer.Test.Common.TestConnectionProfileService.GetConnectionParameters(TestServerType serverType, String databaseName) in /Users/aasimkhan/src/sqltoolsservice/test/Microsoft.SqlTools.ServiceLayer.Test.Common/TestConnectionProfileService.cs:line 75
   at Microsoft.SqlTools.ServiceLayer.Test.Common.TestServiceProvider.InitLiveConnectionInfo(TestServerType serverType, String databaseName, String scriptFilePath) in /Users/aasimkhan/src/sqltoolsservice/test/Microsoft.SqlTools.ServiceLayer.Test.Common/TestServiceProvider.cs:line 142
   at System.Runtime.CompilerServices.AsyncMethodBuilderCore.Start[TStateMachine](TStateMachine&amp; stateMachine)
   at Microsoft.SqlTools.ServiceLayer.Test.Common.TestServiceProvider.InitLiveConnectionInfo(TestServerType serverType, String databaseName, String scriptFilePath)
   at Microsoft.SqlTools.ServiceLayer.Test.Common.TestServiceProvider.RunQueryAsync(TestServerType serverType, String databaseName, String queryText, Boolean throwOnError) in /Users/aasimkhan/src/sqltoolsservice/test/Microsoft.SqlTools.ServiceLayer.Test.Common/TestServiceProvider.cs:line 110
   at System.Runtime.CompilerServices.AsyncMethodBuilderCore.Start[TStateMachine](TStateMachine&amp; stateMachine)
   at Microsoft.SqlTools.ServiceLayer.Test.Common.TestServiceProvider.RunQueryAsync(TestServerType serverType, String databaseName, String queryText, Boolean throwOnError)
   at Microsoft.SqlTools.ServiceLayer.Test.Common.SqlTestDb.CreateNewAsync(TestServerType serverType, Boolean doNotCleanupDb, String databaseName, String query, String dbNamePrefix) in /Users/aasimkhan/src/sqltoolsservice/test/Microsoft.SqlTools.ServiceLayer.Test.Common/SqlTestDb.cs:line 101
   at System.Runtime.CompilerServices.AsyncMethodBuilderCore.Start[TStateMachine](TStateMachine&amp; stateMachine)
   at Microsoft.SqlTools.ServiceLayer.Test.Common.SqlTestDb.CreateNewAsync(TestServerType serverType, Boolean doNotCleanupDb, String databaseName, String query, String dbNamePrefix)
   at Microsoft.SqlTools.ServiceLayer.IntegrationTests.SchemaCompare.SchemaCompareServiceTests.CreateAndOpenScmp(SchemaCompareEndpointType sourceEndpointType, SchemaCompareEndpointType targetEndpointType) in /Users/aasimkhan/src/sqltoolsservice/test/Microsoft.SqlTools.ServiceLayer.IntegrationTests/SchemaCompare/SchemaCompareServiceTests.cs:line 1815
   at System.Runtime.CompilerServices.AsyncMethodBuilderCore.Start[TStateMachine](TStateMachine&amp; stateMachine)
   at Microsoft.SqlTools.ServiceLayer.IntegrationTests.SchemaCompare.SchemaCompareServiceTests.CreateAndOpenScmp(SchemaCompareEndpointType sourceEndpointType, SchemaCompareEndpointType targetEndpointType)
   at Microsoft.SqlTools.ServiceLayer.IntegrationTests.SchemaCompare.SchemaCompareServiceTests.SchemaCompareOpenScmpProjectToDacpacRequest() in /Users/aasimkhan/src/sqltoolsservice/test/Microsoft.SqlTools.ServiceLayer.IntegrationTests/SchemaCompare/SchemaCompareServiceTests.cs:line 1193
   at System.Runtime.CompilerServices.AsyncMethodBuilderCore.Start[TStateMachine](TStateMachine&amp; stateMachine)
   at Microsoft.SqlTools.ServiceLayer.IntegrationTests.SchemaCompare.SchemaCompareServiceTests.SchemaCompareOpenScmpProjectToDacpacRequest()</failure>
    </testcase>
    <testcase classname="Microsoft.SqlTools.ServiceLayer.IntegrationTests.SchemaCompare.SchemaCompareServiceTests" name="SchemaCompareOpenScmpProjectToDatabaseRequest" time="0.0011680">
      <failure type="failure" message="  Cannot find any instance for version key: sqlOnPrem&#xA;  Expected: True&#xA;  But was:  False&#xA;">at Microsoft.SqlTools.ServiceLayer.Test.Common.TestConnectionProfileService.GetInstance(String key) in /Users/aasimkhan/src/sqltoolsservice/test/Microsoft.SqlTools.ServiceLayer.Test.Common/TestConnectionProfileService.cs:line 59
   at Microsoft.SqlTools.ServiceLayer.Test.Common.TestConnectionProfileService.GetConnectionParameters(String key, String databaseName) in /Users/aasimkhan/src/sqltoolsservice/test/Microsoft.SqlTools.ServiceLayer.Test.Common/TestConnectionProfileService.cs:line 65
   at Microsoft.SqlTools.ServiceLayer.Test.Common.TestConnectionProfileService.GetConnectionParameters(TestServerType serverType, String databaseName) in /Users/aasimkhan/src/sqltoolsservice/test/Microsoft.SqlTools.ServiceLayer.Test.Common/TestConnectionProfileService.cs:line 75
   at Microsoft.SqlTools.ServiceLayer.Test.Common.TestServiceProvider.InitLiveConnectionInfo(TestServerType serverType, String databaseName, String scriptFilePath) in /Users/aasimkhan/src/sqltoolsservice/test/Microsoft.SqlTools.ServiceLayer.Test.Common/TestServiceProvider.cs:line 142
   at Microsoft.SqlTools.ServiceLayer.Test.Common.TestServiceProvider.RunQueryAsync(TestServerType serverType, String databaseName, String queryText, Boolean throwOnError) in /Users/aasimkhan/src/sqltoolsservice/test/Microsoft.SqlTools.ServiceLayer.Test.Common/TestServiceProvider.cs:line 110
   at Microsoft.SqlTools.ServiceLayer.Test.Common.SqlTestDb.CreateNewAsync(TestServerType serverType, Boolean doNotCleanupDb, String databaseName, String query, String dbNamePrefix) in /Users/aasimkhan/src/sqltoolsservice/test/Microsoft.SqlTools.ServiceLayer.Test.Common/SqlTestDb.cs:line 101
   at Microsoft.SqlTools.ServiceLayer.IntegrationTests.SchemaCompare.SchemaCompareServiceTests.CreateAndOpenScmp(SchemaCompareEndpointType sourceEndpointType, SchemaCompareEndpointType targetEndpointType) in /Users/aasimkhan/src/sqltoolsservice/test/Microsoft.SqlTools.ServiceLayer.IntegrationTests/SchemaCompare/SchemaCompareServiceTests.cs:line 1815
   at Microsoft.SqlTools.ServiceLayer.IntegrationTests.SchemaCompare.SchemaCompareServiceTests.SchemaCompareOpenScmpProjectToDatabaseRequest() in /Users/aasimkhan/src/sqltoolsservice/test/Microsoft.SqlTools.ServiceLayer.IntegrationTests/SchemaCompare/SchemaCompareServiceTests.cs:line 1175
   at NUnit.Framework.Internal.TaskAwaitAdapter.GenericAdapter`1.GetResult()
   at NUnit.Framework.Internal.AsyncToSyncAdapter.Await(Func`1 invoke)
   at NUnit.Framework.Internal.Commands.TestMethodCommand.RunTestMethod(TestExecutionContext context)
   at NUnit.Framework.Internal.Commands.TestMethodCommand.Execute(TestExecutionContext context)
   at NUnit.Framework.Internal.Execution.SimpleWorkItem.&lt;&gt;c__DisplayClass4_0.&lt;PerformWork&gt;b__0()
   at NUnit.Framework.Internal.ContextUtils.&lt;&gt;c__DisplayClass1_0`1.&lt;DoIsolated&gt;b__0(Object _)

1)    at Microsoft.SqlTools.ServiceLayer.Test.Common.TestConnectionProfileService.GetInstance(String key) in /Users/aasimkhan/src/sqltoolsservice/test/Microsoft.SqlTools.ServiceLayer.Test.Common/TestConnectionProfileService.cs:line 59
   at Microsoft.SqlTools.ServiceLayer.Test.Common.TestConnectionProfileService.GetConnectionParameters(String key, String databaseName) in /Users/aasimkhan/src/sqltoolsservice/test/Microsoft.SqlTools.ServiceLayer.Test.Common/TestConnectionProfileService.cs:line 65
   at Microsoft.SqlTools.ServiceLayer.Test.Common.TestConnectionProfileService.GetConnectionParameters(TestServerType serverType, String databaseName) in /Users/aasimkhan/src/sqltoolsservice/test/Microsoft.SqlTools.ServiceLayer.Test.Common/TestConnectionProfileService.cs:line 75
   at Microsoft.SqlTools.ServiceLayer.Test.Common.TestServiceProvider.InitLiveConnectionInfo(TestServerType serverType, String databaseName, String scriptFilePath) in /Users/aasimkhan/src/sqltoolsservice/test/Microsoft.SqlTools.ServiceLayer.Test.Common/TestServiceProvider.cs:line 142
   at System.Runtime.CompilerServices.AsyncMethodBuilderCore.Start[TStateMachine](TStateMachine&amp; stateMachine)
   at Microsoft.SqlTools.ServiceLayer.Test.Common.TestServiceProvider.InitLiveConnectionInfo(TestServerType serverType, String databaseName, String scriptFilePath)
   at Microsoft.SqlTools.ServiceLayer.Test.Common.TestServiceProvider.RunQueryAsync(TestServerType serverType, String databaseName, String queryText, Boolean throwOnError) in /Users/aasimkhan/src/sqltoolsservice/test/Microsoft.SqlTools.ServiceLayer.Test.Common/TestServiceProvider.cs:line 110
   at System.Runtime.CompilerServices.AsyncMethodBuilderCore.Start[TStateMachine](TStateMachine&amp; stateMachine)
   at Microsoft.SqlTools.ServiceLayer.Test.Common.TestServiceProvider.RunQueryAsync(TestServerType serverType, String databaseName, String queryText, Boolean throwOnError)
   at Microsoft.SqlTools.ServiceLayer.Test.Common.SqlTestDb.CreateNewAsync(TestServerType serverType, Boolean doNotCleanupDb, String databaseName, String query, String dbNamePrefix) in /Users/aasimkhan/src/sqltoolsservice/test/Microsoft.SqlTools.ServiceLayer.Test.Common/SqlTestDb.cs:line 101
   at System.Runtime.CompilerServices.AsyncMethodBuilderCore.Start[TStateMachine](TStateMachine&amp; stateMachine)
   at Microsoft.SqlTools.ServiceLayer.Test.Common.SqlTestDb.CreateNewAsync(TestServerType serverType, Boolean doNotCleanupDb, String databaseName, String query, String dbNamePrefix)
   at Microsoft.SqlTools.ServiceLayer.IntegrationTests.SchemaCompare.SchemaCompareServiceTests.CreateAndOpenScmp(SchemaCompareEndpointType sourceEndpointType, SchemaCompareEndpointType targetEndpointType) in /Users/aasimkhan/src/sqltoolsservice/test/Microsoft.SqlTools.ServiceLayer.IntegrationTests/SchemaCompare/SchemaCompareServiceTests.cs:line 1815
   at System.Runtime.CompilerServices.AsyncMethodBuilderCore.Start[TStateMachine](TStateMachine&amp; stateMachine)
   at Microsoft.SqlTools.ServiceLayer.IntegrationTests.SchemaCompare.SchemaCompareServiceTests.CreateAndOpenScmp(SchemaCompareEndpointType sourceEndpointType, SchemaCompareEndpointType targetEndpointType)
   at Microsoft.SqlTools.ServiceLayer.IntegrationTests.SchemaCompare.SchemaCompareServiceTests.SchemaCompareOpenScmpProjectToDatabaseRequest() in /Users/aasimkhan/src/sqltoolsservice/test/Microsoft.SqlTools.ServiceLayer.IntegrationTests/SchemaCompare/SchemaCompareServiceTests.cs:line 1175
   at System.Runtime.CompilerServices.AsyncMethodBuilderCore.Start[TStateMachine](TStateMachine&amp; stateMachine)
   at Microsoft.SqlTools.ServiceLayer.IntegrationTests.SchemaCompare.SchemaCompareServiceTests.SchemaCompareOpenScmpProjectToDatabaseRequest()</failure>
    </testcase>
    <testcase classname="Microsoft.SqlTools.ServiceLayer.IntegrationTests.SchemaCompare.SchemaCompareServiceTests" name="SchemaCompareOpenScmpProjectToProjectRequest" time="0.0011220">
      <failure type="failure" message="  Cannot find any instance for version key: sqlOnPrem&#xA;  Expected: True&#xA;  But was:  False&#xA;">at Microsoft.SqlTools.ServiceLayer.Test.Common.TestConnectionProfileService.GetInstance(String key) in /Users/aasimkhan/src/sqltoolsservice/test/Microsoft.SqlTools.ServiceLayer.Test.Common/TestConnectionProfileService.cs:line 59
   at Microsoft.SqlTools.ServiceLayer.Test.Common.TestConnectionProfileService.GetConnectionParameters(String key, String databaseName) in /Users/aasimkhan/src/sqltoolsservice/test/Microsoft.SqlTools.ServiceLayer.Test.Common/TestConnectionProfileService.cs:line 65
   at Microsoft.SqlTools.ServiceLayer.Test.Common.TestConnectionProfileService.GetConnectionParameters(TestServerType serverType, String databaseName) in /Users/aasimkhan/src/sqltoolsservice/test/Microsoft.SqlTools.ServiceLayer.Test.Common/TestConnectionProfileService.cs:line 75
   at Microsoft.SqlTools.ServiceLayer.Test.Common.TestServiceProvider.InitLiveConnectionInfo(TestServerType serverType, String databaseName, String scriptFilePath) in /Users/aasimkhan/src/sqltoolsservice/test/Microsoft.SqlTools.ServiceLayer.Test.Common/TestServiceProvider.cs:line 142
   at Microsoft.SqlTools.ServiceLayer.Test.Common.TestServiceProvider.RunQueryAsync(TestServerType serverType, String databaseName, String queryText, Boolean throwOnError) in /Users/aasimkhan/src/sqltoolsservice/test/Microsoft.SqlTools.ServiceLayer.Test.Common/TestServiceProvider.cs:line 110
   at Microsoft.SqlTools.ServiceLayer.Test.Common.SqlTestDb.CreateNewAsync(TestServerType serverType, Boolean doNotCleanupDb, String databaseName, String query, String dbNamePrefix) in /Users/aasimkhan/src/sqltoolsservice/test/Microsoft.SqlTools.ServiceLayer.Test.Common/SqlTestDb.cs:line 101
   at Microsoft.SqlTools.ServiceLayer.IntegrationTests.SchemaCompare.SchemaCompareServiceTests.CreateAndOpenScmp(SchemaCompareEndpointType sourceEndpointType, SchemaCompareEndpointType targetEndpointType) in /Users/aasimkhan/src/sqltoolsservice/test/Microsoft.SqlTools.ServiceLayer.IntegrationTests/SchemaCompare/SchemaCompareServiceTests.cs:line 1815
   at Microsoft.SqlTools.ServiceLayer.IntegrationTests.SchemaCompare.SchemaCompareServiceTests.SchemaCompareOpenScmpProjectToProjectRequest() in /Users/aasimkhan/src/sqltoolsservice/test/Microsoft.SqlTools.ServiceLayer.IntegrationTests/SchemaCompare/SchemaCompareServiceTests.cs:line 1202
   at NUnit.Framework.Internal.TaskAwaitAdapter.GenericAdapter`1.GetResult()
   at NUnit.Framework.Internal.AsyncToSyncAdapter.Await(Func`1 invoke)
   at NUnit.Framework.Internal.Commands.TestMethodCommand.RunTestMethod(TestExecutionContext context)
   at NUnit.Framework.Internal.Commands.TestMethodCommand.Execute(TestExecutionContext context)
   at NUnit.Framework.Internal.Execution.SimpleWorkItem.&lt;&gt;c__DisplayClass4_0.&lt;PerformWork&gt;b__0()
   at NUnit.Framework.Internal.ContextUtils.&lt;&gt;c__DisplayClass1_0`1.&lt;DoIsolated&gt;b__0(Object _)

1)    at Microsoft.SqlTools.ServiceLayer.Test.Common.TestConnectionProfileService.GetInstance(String key) in /Users/aasimkhan/src/sqltoolsservice/test/Microsoft.SqlTools.ServiceLayer.Test.Common/TestConnectionProfileService.cs:line 59
   at Microsoft.SqlTools.ServiceLayer.Test.Common.TestConnectionProfileService.GetConnectionParameters(String key, String databaseName) in /Users/aasimkhan/src/sqltoolsservice/test/Microsoft.SqlTools.ServiceLayer.Test.Common/TestConnectionProfileService.cs:line 65
   at Microsoft.SqlTools.ServiceLayer.Test.Common.TestConnectionProfileService.GetConnectionParameters(TestServerType serverType, String databaseName) in /Users/aasimkhan/src/sqltoolsservice/test/Microsoft.SqlTools.ServiceLayer.Test.Common/TestConnectionProfileService.cs:line 75
   at Microsoft.SqlTools.ServiceLayer.Test.Common.TestServiceProvider.InitLiveConnectionInfo(TestServerType serverType, String databaseName, String scriptFilePath) in /Users/aasimkhan/src/sqltoolsservice/test/Microsoft.SqlTools.ServiceLayer.Test.Common/TestServiceProvider.cs:line 142
   at System.Runtime.CompilerServices.AsyncMethodBuilderCore.Start[TStateMachine](TStateMachine&amp; stateMachine)
   at Microsoft.SqlTools.ServiceLayer.Test.Common.TestServiceProvider.InitLiveConnectionInfo(TestServerType serverType, String databaseName, String scriptFilePath)
   at Microsoft.SqlTools.ServiceLayer.Test.Common.TestServiceProvider.RunQueryAsync(TestServerType serverType, String databaseName, String queryText, Boolean throwOnError) in /Users/aasimkhan/src/sqltoolsservice/test/Microsoft.SqlTools.ServiceLayer.Test.Common/TestServiceProvider.cs:line 110
   at System.Runtime.CompilerServices.AsyncMethodBuilderCore.Start[TStateMachine](TStateMachine&amp; stateMachine)
   at Microsoft.SqlTools.ServiceLayer.Test.Common.TestServiceProvider.RunQueryAsync(TestServerType serverType, String databaseName, String queryText, Boolean throwOnError)
   at Microsoft.SqlTools.ServiceLayer.Test.Common.SqlTestDb.CreateNewAsync(TestServerType serverType, Boolean doNotCleanupDb, String databaseName, String query, String dbNamePrefix) in /Users/aasimkhan/src/sqltoolsservice/test/Microsoft.SqlTools.ServiceLayer.Test.Common/SqlTestDb.cs:line 101
   at System.Runtime.CompilerServices.AsyncMethodBuilderCore.Start[TStateMachine](TStateMachine&amp; stateMachine)
   at Microsoft.SqlTools.ServiceLayer.Test.Common.SqlTestDb.CreateNewAsync(TestServerType serverType, Boolean doNotCleanupDb, String databaseName, String query, String dbNamePrefix)
   at Microsoft.SqlTools.ServiceLayer.IntegrationTests.SchemaCompare.SchemaCompareServiceTests.CreateAndOpenScmp(SchemaCompareEndpointType sourceEndpointType, SchemaCompareEndpointType targetEndpointType) in /Users/aasimkhan/src/sqltoolsservice/test/Microsoft.SqlTools.ServiceLayer.IntegrationTests/SchemaCompare/SchemaCompareServiceTests.cs:line 1815
   at System.Runtime.CompilerServices.AsyncMethodBuilderCore.Start[TStateMachine](TStateMachine&amp; stateMachine)
   at Microsoft.SqlTools.ServiceLayer.IntegrationTests.SchemaCompare.SchemaCompareServiceTests.CreateAndOpenScmp(SchemaCompareEndpointType sourceEndpointType, SchemaCompareEndpointType targetEndpointType)
   at Microsoft.SqlTools.ServiceLayer.IntegrationTests.SchemaCompare.SchemaCompareServiceTests.SchemaCompareOpenScmpProjectToProjectRequest() in /Users/aasimkhan/src/sqltoolsservice/test/Microsoft.SqlTools.ServiceLayer.IntegrationTests/SchemaCompare/SchemaCompareServiceTests.cs:line 1202
   at System.Runtime.CompilerServices.AsyncMethodBuilderCore.Start[TStateMachine](TStateMachine&amp; stateMachine)
   at Microsoft.SqlTools.ServiceLayer.IntegrationTests.SchemaCompare.SchemaCompareServiceTests.SchemaCompareOpenScmpProjectToProjectRequest()</failure>
    </testcase>
    <testcase classname="Microsoft.SqlTools.ServiceLayer.IntegrationTests.SchemaCompare.SchemaCompareServiceTests" name="SchemaCompareProjectToProject" time="0.0010670">
      <failure type="failure" message="  Cannot find any instance for version key: sqlOnPrem&#xA;  Expected: True&#xA;  But was:  False&#xA;">at Microsoft.SqlTools.ServiceLayer.Test.Common.TestConnectionProfileService.GetInstance(String key) in /Users/aasimkhan/src/sqltoolsservice/test/Microsoft.SqlTools.ServiceLayer.Test.Common/TestConnectionProfileService.cs:line 59
   at Microsoft.SqlTools.ServiceLayer.Test.Common.TestConnectionProfileService.GetConnectionParameters(String key, String databaseName) in /Users/aasimkhan/src/sqltoolsservice/test/Microsoft.SqlTools.ServiceLayer.Test.Common/TestConnectionProfileService.cs:line 65
   at Microsoft.SqlTools.ServiceLayer.Test.Common.TestConnectionProfileService.GetConnectionParameters(TestServerType serverType, String databaseName) in /Users/aasimkhan/src/sqltoolsservice/test/Microsoft.SqlTools.ServiceLayer.Test.Common/TestConnectionProfileService.cs:line 75
   at Microsoft.SqlTools.ServiceLayer.Test.Common.TestServiceProvider.InitLiveConnectionInfo(TestServerType serverType, String databaseName, String scriptFilePath) in /Users/aasimkhan/src/sqltoolsservice/test/Microsoft.SqlTools.ServiceLayer.Test.Common/TestServiceProvider.cs:line 142
   at Microsoft.SqlTools.ServiceLayer.Test.Common.TestServiceProvider.RunQueryAsync(TestServerType serverType, String databaseName, String queryText, Boolean throwOnError) in /Users/aasimkhan/src/sqltoolsservice/test/Microsoft.SqlTools.ServiceLayer.Test.Common/TestServiceProvider.cs:line 110
   at Microsoft.SqlTools.ServiceLayer.Test.Common.SqlTestDb.CreateNewAsync(TestServerType serverType, Boolean doNotCleanupDb, String databaseName, String query, String dbNamePrefix) in /Users/aasimkhan/src/sqltoolsservice/test/Microsoft.SqlTools.ServiceLayer.Test.Common/SqlTestDb.cs:line 101
   at Microsoft.SqlTools.ServiceLayer.IntegrationTests.SchemaCompare.SchemaCompareServiceTests.SchemaCompareProjectToProject() in /Users/aasimkhan/src/sqltoolsservice/test/Microsoft.SqlTools.ServiceLayer.IntegrationTests/SchemaCompare/SchemaCompareServiceTests.cs:line 175
   at NUnit.Framework.Internal.TaskAwaitAdapter.GenericAdapter`1.GetResult()
   at NUnit.Framework.Internal.AsyncToSyncAdapter.Await(Func`1 invoke)
   at NUnit.Framework.Internal.Commands.TestMethodCommand.RunTestMethod(TestExecutionContext context)
   at NUnit.Framework.Internal.Commands.TestMethodCommand.Execute(TestExecutionContext context)
   at NUnit.Framework.Internal.Execution.SimpleWorkItem.&lt;&gt;c__DisplayClass4_0.&lt;PerformWork&gt;b__0()
   at NUnit.Framework.Internal.ContextUtils.&lt;&gt;c__DisplayClass1_0`1.&lt;DoIsolated&gt;b__0(Object _)

1)    at Microsoft.SqlTools.ServiceLayer.Test.Common.TestConnectionProfileService.GetInstance(String key) in /Users/aasimkhan/src/sqltoolsservice/test/Microsoft.SqlTools.ServiceLayer.Test.Common/TestConnectionProfileService.cs:line 59
   at Microsoft.SqlTools.ServiceLayer.Test.Common.TestConnectionProfileService.GetConnectionParameters(String key, String databaseName) in /Users/aasimkhan/src/sqltoolsservice/test/Microsoft.SqlTools.ServiceLayer.Test.Common/TestConnectionProfileService.cs:line 65
   at Microsoft.SqlTools.ServiceLayer.Test.Common.TestConnectionProfileService.GetConnectionParameters(TestServerType serverType, String databaseName) in /Users/aasimkhan/src/sqltoolsservice/test/Microsoft.SqlTools.ServiceLayer.Test.Common/TestConnectionProfileService.cs:line 75
   at Microsoft.SqlTools.ServiceLayer.Test.Common.TestServiceProvider.InitLiveConnectionInfo(TestServerType serverType, String databaseName, String scriptFilePath) in /Users/aasimkhan/src/sqltoolsservice/test/Microsoft.SqlTools.ServiceLayer.Test.Common/TestServiceProvider.cs:line 142
   at System.Runtime.CompilerServices.AsyncMethodBuilderCore.Start[TStateMachine](TStateMachine&amp; stateMachine)
   at Microsoft.SqlTools.ServiceLayer.Test.Common.TestServiceProvider.InitLiveConnectionInfo(TestServerType serverType, String databaseName, String scriptFilePath)
   at Microsoft.SqlTools.ServiceLayer.Test.Common.TestServiceProvider.RunQueryAsync(TestServerType serverType, String databaseName, String queryText, Boolean throwOnError) in /Users/aasimkhan/src/sqltoolsservice/test/Microsoft.SqlTools.ServiceLayer.Test.Common/TestServiceProvider.cs:line 110
   at System.Runtime.CompilerServices.AsyncMethodBuilderCore.Start[TStateMachine](TStateMachine&amp; stateMachine)
   at Microsoft.SqlTools.ServiceLayer.Test.Common.TestServiceProvider.RunQueryAsync(TestServerType serverType, String databaseName, String queryText, Boolean throwOnError)
   at Microsoft.SqlTools.ServiceLayer.Test.Common.SqlTestDb.CreateNewAsync(TestServerType serverType, Boolean doNotCleanupDb, String databaseName, String query, String dbNamePrefix) in /Users/aasimkhan/src/sqltoolsservice/test/Microsoft.SqlTools.ServiceLayer.Test.Common/SqlTestDb.cs:line 101
   at System.Runtime.CompilerServices.AsyncMethodBuilderCore.Start[TStateMachine](TStateMachine&amp; stateMachine)
   at Microsoft.SqlTools.ServiceLayer.Test.Common.SqlTestDb.CreateNewAsync(TestServerType serverType, Boolean doNotCleanupDb, String databaseName, String query, String dbNamePrefix)
   at Microsoft.SqlTools.ServiceLayer.IntegrationTests.SchemaCompare.SchemaCompareServiceTests.SchemaCompareProjectToProject() in /Users/aasimkhan/src/sqltoolsservice/test/Microsoft.SqlTools.ServiceLayer.IntegrationTests/SchemaCompare/SchemaCompareServiceTests.cs:line 175
   at System.Runtime.CompilerServices.AsyncMethodBuilderCore.Start[TStateMachine](TStateMachine&amp; stateMachine)
   at Microsoft.SqlTools.ServiceLayer.IntegrationTests.SchemaCompare.SchemaCompareServiceTests.SchemaCompareProjectToProject()</failure>
    </testcase>
    <testcase classname="Microsoft.SqlTools.ServiceLayer.IntegrationTests.SchemaCompare.SchemaCompareServiceTests" name="SchemaComparePublishChangesDacpacToDatabase" time="0.0013980">
      <failure type="failure" message="  Cannot find any instance for version key: sqlOnPrem&#xA;  Expected: True&#xA;  But was:  False&#xA;">at Microsoft.SqlTools.ServiceLayer.Test.Common.TestConnectionProfileService.GetInstance(String key) in /Users/aasimkhan/src/sqltoolsservice/test/Microsoft.SqlTools.ServiceLayer.Test.Common/TestConnectionProfileService.cs:line 59
   at Microsoft.SqlTools.ServiceLayer.Test.Common.TestConnectionProfileService.GetConnectionParameters(String key, String databaseName) in /Users/aasimkhan/src/sqltoolsservice/test/Microsoft.SqlTools.ServiceLayer.Test.Common/TestConnectionProfileService.cs:line 65
   at Microsoft.SqlTools.ServiceLayer.Test.Common.TestConnectionProfileService.GetConnectionParameters(TestServerType serverType, String databaseName) in /Users/aasimkhan/src/sqltoolsservice/test/Microsoft.SqlTools.ServiceLayer.Test.Common/TestConnectionProfileService.cs:line 75
   at Microsoft.SqlTools.ServiceLayer.IntegrationTests.Utility.LiveConnectionHelper.InitLiveConnectionInfoAsync(String databaseName, String ownerUri, String connectionType, TestServerType serverType) in /Users/aasimkhan/src/sqltoolsservice/test/Microsoft.SqlTools.ServiceLayer.IntegrationTests/Utility/LiveConnectionHelper.cs:line 68
   at Microsoft.SqlTools.ServiceLayer.IntegrationTests.Utility.LiveConnectionHelper.InitLiveConnectionInfo(String databaseName, String ownerUri) in /Users/aasimkhan/src/sqltoolsservice/test/Microsoft.SqlTools.ServiceLayer.IntegrationTests/Utility/LiveConnectionHelper.cs:line 52
   at Microsoft.SqlTools.ServiceLayer.IntegrationTests.SchemaCompare.SchemaCompareTestUtils.GetLiveAutoCompleteTestObjects() in /Users/aasimkhan/src/sqltoolsservice/test/Microsoft.SqlTools.ServiceLayer.IntegrationTests/SchemaCompare/SchemaCompareTestUtils.cs:line 141
   at Microsoft.SqlTools.ServiceLayer.IntegrationTests.SchemaCompare.SchemaCompareServiceTests.SchemaComparePublishChangesDacpacToDatabase() in /Users/aasimkhan/src/sqltoolsservice/test/Microsoft.SqlTools.ServiceLayer.IntegrationTests/SchemaCompare/SchemaCompareServiceTests.cs:line 531
   at NUnit.Framework.Internal.TaskAwaitAdapter.GenericAdapter`1.GetResult()
   at NUnit.Framework.Internal.AsyncToSyncAdapter.Await(Func`1 invoke)
   at NUnit.Framework.Internal.Commands.TestMethodCommand.RunTestMethod(TestExecutionContext context)
   at NUnit.Framework.Internal.Commands.TestMethodCommand.Execute(TestExecutionContext context)
   at NUnit.Framework.Internal.Execution.SimpleWorkItem.&lt;&gt;c__DisplayClass4_0.&lt;PerformWork&gt;b__0()
   at NUnit.Framework.Internal.ContextUtils.&lt;&gt;c__DisplayClass1_0`1.&lt;DoIsolated&gt;b__0(Object _)

1)    at Microsoft.SqlTools.ServiceLayer.Test.Common.TestConnectionProfileService.GetInstance(String key) in /Users/aasimkhan/src/sqltoolsservice/test/Microsoft.SqlTools.ServiceLayer.Test.Common/TestConnectionProfileService.cs:line 59
   at Microsoft.SqlTools.ServiceLayer.Test.Common.TestConnectionProfileService.GetConnectionParameters(String key, String databaseName) in /Users/aasimkhan/src/sqltoolsservice/test/Microsoft.SqlTools.ServiceLayer.Test.Common/TestConnectionProfileService.cs:line 65
   at Microsoft.SqlTools.ServiceLayer.Test.Common.TestConnectionProfileService.GetConnectionParameters(TestServerType serverType, String databaseName) in /Users/aasimkhan/src/sqltoolsservice/test/Microsoft.SqlTools.ServiceLayer.Test.Common/TestConnectionProfileService.cs:line 75
   at Microsoft.SqlTools.ServiceLayer.IntegrationTests.Utility.LiveConnectionHelper.InitLiveConnectionInfoAsync(String databaseName, String ownerUri, String connectionType, TestServerType serverType) in /Users/aasimkhan/src/sqltoolsservice/test/Microsoft.SqlTools.ServiceLayer.IntegrationTests/Utility/LiveConnectionHelper.cs:line 68
   at System.Runtime.CompilerServices.AsyncMethodBuilderCore.Start[TStateMachine](TStateMachine&amp; stateMachine)
   at Microsoft.SqlTools.ServiceLayer.IntegrationTests.Utility.LiveConnectionHelper.InitLiveConnectionInfoAsync(String databaseName, String ownerUri, String connectionType, TestServerType serverType)
   at Microsoft.SqlTools.ServiceLayer.IntegrationTests.Utility.LiveConnectionHelper.InitLiveConnectionInfo(String databaseName, String ownerUri) in /Users/aasimkhan/src/sqltoolsservice/test/Microsoft.SqlTools.ServiceLayer.IntegrationTests/Utility/LiveConnectionHelper.cs:line 52
   at Microsoft.SqlTools.ServiceLayer.IntegrationTests.SchemaCompare.SchemaCompareTestUtils.GetLiveAutoCompleteTestObjects() in /Users/aasimkhan/src/sqltoolsservice/test/Microsoft.SqlTools.ServiceLayer.IntegrationTests/SchemaCompare/SchemaCompareTestUtils.cs:line 141
   at Microsoft.SqlTools.ServiceLayer.IntegrationTests.SchemaCompare.SchemaCompareServiceTests.SchemaComparePublishChangesDacpacToDatabase() in /Users/aasimkhan/src/sqltoolsservice/test/Microsoft.SqlTools.ServiceLayer.IntegrationTests/SchemaCompare/SchemaCompareServiceTests.cs:line 531
   at System.Runtime.CompilerServices.AsyncMethodBuilderCore.Start[TStateMachine](TStateMachine&amp; stateMachine)
   at Microsoft.SqlTools.ServiceLayer.IntegrationTests.SchemaCompare.SchemaCompareServiceTests.SchemaComparePublishChangesDacpacToDatabase()</failure>
    </testcase>
    <testcase classname="Microsoft.SqlTools.ServiceLayer.IntegrationTests.SchemaCompare.SchemaCompareServiceTests" name="SchemaComparePublishChangesDacpacToProject" time="0.0028650">
      <failure type="failure" message="  Cannot find any instance for version key: sqlOnPrem&#xA;  Expected: True&#xA;  But was:  False&#xA;">at Microsoft.SqlTools.ServiceLayer.Test.Common.TestConnectionProfileService.GetInstance(String key) in /Users/aasimkhan/src/sqltoolsservice/test/Microsoft.SqlTools.ServiceLayer.Test.Common/TestConnectionProfileService.cs:line 59
   at Microsoft.SqlTools.ServiceLayer.Test.Common.TestConnectionProfileService.GetConnectionParameters(String key, String databaseName) in /Users/aasimkhan/src/sqltoolsservice/test/Microsoft.SqlTools.ServiceLayer.Test.Common/TestConnectionProfileService.cs:line 65
   at Microsoft.SqlTools.ServiceLayer.Test.Common.TestConnectionProfileService.GetConnectionParameters(TestServerType serverType, String databaseName) in /Users/aasimkhan/src/sqltoolsservice/test/Microsoft.SqlTools.ServiceLayer.Test.Common/TestConnectionProfileService.cs:line 75
   at Microsoft.SqlTools.ServiceLayer.Test.Common.TestServiceProvider.InitLiveConnectionInfo(TestServerType serverType, String databaseName, String scriptFilePath) in /Users/aasimkhan/src/sqltoolsservice/test/Microsoft.SqlTools.ServiceLayer.Test.Common/TestServiceProvider.cs:line 142
   at Microsoft.SqlTools.ServiceLayer.Test.Common.TestServiceProvider.RunQueryAsync(TestServerType serverType, String databaseName, String queryText, Boolean throwOnError) in /Users/aasimkhan/src/sqltoolsservice/test/Microsoft.SqlTools.ServiceLayer.Test.Common/TestServiceProvider.cs:line 110
   at Microsoft.SqlTools.ServiceLayer.Test.Common.SqlTestDb.CreateNewAsync(TestServerType serverType, Boolean doNotCleanupDb, String databaseName, String query, String dbNamePrefix) in /Users/aasimkhan/src/sqltoolsservice/test/Microsoft.SqlTools.ServiceLayer.Test.Common/SqlTestDb.cs:line 101
   at Microsoft.SqlTools.ServiceLayer.IntegrationTests.SchemaCompare.SchemaCompareServiceTests.SchemaComparePublishChangesDacpacToProject() in /Users/aasimkhan/src/sqltoolsservice/test/Microsoft.SqlTools.ServiceLayer.IntegrationTests/SchemaCompare/SchemaCompareServiceTests.cs:line 738
   at NUnit.Framework.Internal.TaskAwaitAdapter.GenericAdapter`1.GetResult()
   at NUnit.Framework.Internal.AsyncToSyncAdapter.Await(Func`1 invoke)
   at NUnit.Framework.Internal.Commands.TestMethodCommand.RunTestMethod(TestExecutionContext context)
   at NUnit.Framework.Internal.Commands.TestMethodCommand.Execute(TestExecutionContext context)
   at NUnit.Framework.Internal.Execution.SimpleWorkItem.&lt;&gt;c__DisplayClass4_0.&lt;PerformWork&gt;b__0()
   at NUnit.Framework.Internal.ContextUtils.&lt;&gt;c__DisplayClass1_0`1.&lt;DoIsolated&gt;b__0(Object _)

1)    at Microsoft.SqlTools.ServiceLayer.Test.Common.TestConnectionProfileService.GetInstance(String key) in /Users/aasimkhan/src/sqltoolsservice/test/Microsoft.SqlTools.ServiceLayer.Test.Common/TestConnectionProfileService.cs:line 59
   at Microsoft.SqlTools.ServiceLayer.Test.Common.TestConnectionProfileService.GetConnectionParameters(String key, String databaseName) in /Users/aasimkhan/src/sqltoolsservice/test/Microsoft.SqlTools.ServiceLayer.Test.Common/TestConnectionProfileService.cs:line 65
   at Microsoft.SqlTools.ServiceLayer.Test.Common.TestConnectionProfileService.GetConnectionParameters(TestServerType serverType, String databaseName) in /Users/aasimkhan/src/sqltoolsservice/test/Microsoft.SqlTools.ServiceLayer.Test.Common/TestConnectionProfileService.cs:line 75
   at Microsoft.SqlTools.ServiceLayer.Test.Common.TestServiceProvider.InitLiveConnectionInfo(TestServerType serverType, String databaseName, String scriptFilePath) in /Users/aasimkhan/src/sqltoolsservice/test/Microsoft.SqlTools.ServiceLayer.Test.Common/TestServiceProvider.cs:line 142
   at System.Runtime.CompilerServices.AsyncMethodBuilderCore.Start[TStateMachine](TStateMachine&amp; stateMachine)
   at Microsoft.SqlTools.ServiceLayer.Test.Common.TestServiceProvider.InitLiveConnectionInfo(TestServerType serverType, String databaseName, String scriptFilePath)
   at Microsoft.SqlTools.ServiceLayer.Test.Common.TestServiceProvider.RunQueryAsync(TestServerType serverType, String databaseName, String queryText, Boolean throwOnError) in /Users/aasimkhan/src/sqltoolsservice/test/Microsoft.SqlTools.ServiceLayer.Test.Common/TestServiceProvider.cs:line 110
   at System.Runtime.CompilerServices.AsyncMethodBuilderCore.Start[TStateMachine](TStateMachine&amp; stateMachine)
   at Microsoft.SqlTools.ServiceLayer.Test.Common.TestServiceProvider.RunQueryAsync(TestServerType serverType, String databaseName, String queryText, Boolean throwOnError)
   at Microsoft.SqlTools.ServiceLayer.Test.Common.SqlTestDb.CreateNewAsync(TestServerType serverType, Boolean doNotCleanupDb, String databaseName, String query, String dbNamePrefix) in /Users/aasimkhan/src/sqltoolsservice/test/Microsoft.SqlTools.ServiceLayer.Test.Common/SqlTestDb.cs:line 101
   at System.Runtime.CompilerServices.AsyncMethodBuilderCore.Start[TStateMachine](TStateMachine&amp; stateMachine)
   at Microsoft.SqlTools.ServiceLayer.Test.Common.SqlTestDb.CreateNewAsync(TestServerType serverType, Boolean doNotCleanupDb, String databaseName, String query, String dbNamePrefix)
   at Microsoft.SqlTools.ServiceLayer.IntegrationTests.SchemaCompare.SchemaCompareServiceTests.SchemaComparePublishChangesDacpacToProject() in /Users/aasimkhan/src/sqltoolsservice/test/Microsoft.SqlTools.ServiceLayer.IntegrationTests/SchemaCompare/SchemaCompareServiceTests.cs:line 738
   at System.Runtime.CompilerServices.AsyncMethodBuilderCore.Start[TStateMachine](TStateMachine&amp; stateMachine)
   at Microsoft.SqlTools.ServiceLayer.IntegrationTests.SchemaCompare.SchemaCompareServiceTests.SchemaComparePublishChangesDacpacToProject()</failure>
    </testcase>
    <testcase classname="Microsoft.SqlTools.ServiceLayer.IntegrationTests.SchemaCompare.SchemaCompareServiceTests" name="SchemaComparePublishChangesDatabaseToDatabase" time="0.0015320">
      <failure type="failure" message="  Cannot find any instance for version key: sqlOnPrem&#xA;  Expected: True&#xA;  But was:  False&#xA;">at Microsoft.SqlTools.ServiceLayer.Test.Common.TestConnectionProfileService.GetInstance(String key) in /Users/aasimkhan/src/sqltoolsservice/test/Microsoft.SqlTools.ServiceLayer.Test.Common/TestConnectionProfileService.cs:line 59
   at Microsoft.SqlTools.ServiceLayer.Test.Common.TestConnectionProfileService.GetConnectionParameters(String key, String databaseName) in /Users/aasimkhan/src/sqltoolsservice/test/Microsoft.SqlTools.ServiceLayer.Test.Common/TestConnectionProfileService.cs:line 65
   at Microsoft.SqlTools.ServiceLayer.Test.Common.TestConnectionProfileService.GetConnectionParameters(TestServerType serverType, String databaseName) in /Users/aasimkhan/src/sqltoolsservice/test/Microsoft.SqlTools.ServiceLayer.Test.Common/TestConnectionProfileService.cs:line 75
   at Microsoft.SqlTools.ServiceLayer.IntegrationTests.Utility.LiveConnectionHelper.InitLiveConnectionInfoAsync(String databaseName, String ownerUri, String connectionType, TestServerType serverType) in /Users/aasimkhan/src/sqltoolsservice/test/Microsoft.SqlTools.ServiceLayer.IntegrationTests/Utility/LiveConnectionHelper.cs:line 68
   at Microsoft.SqlTools.ServiceLayer.IntegrationTests.Utility.LiveConnectionHelper.InitLiveConnectionInfo(String databaseName, String ownerUri) in /Users/aasimkhan/src/sqltoolsservice/test/Microsoft.SqlTools.ServiceLayer.IntegrationTests/Utility/LiveConnectionHelper.cs:line 52
   at Microsoft.SqlTools.ServiceLayer.IntegrationTests.SchemaCompare.SchemaCompareTestUtils.GetLiveAutoCompleteTestObjects() in /Users/aasimkhan/src/sqltoolsservice/test/Microsoft.SqlTools.ServiceLayer.IntegrationTests/SchemaCompare/SchemaCompareTestUtils.cs:line 141
   at Microsoft.SqlTools.ServiceLayer.IntegrationTests.SchemaCompare.SchemaCompareServiceTests.SchemaComparePublishChangesDatabaseToDatabase() in /Users/aasimkhan/src/sqltoolsservice/test/Microsoft.SqlTools.ServiceLayer.IntegrationTests/SchemaCompare/SchemaCompareServiceTests.cs:line 671
   at NUnit.Framework.Internal.TaskAwaitAdapter.GenericAdapter`1.GetResult()
   at NUnit.Framework.Internal.AsyncToSyncAdapter.Await(Func`1 invoke)
   at NUnit.Framework.Internal.Commands.TestMethodCommand.RunTestMethod(TestExecutionContext context)
   at NUnit.Framework.Internal.Commands.TestMethodCommand.Execute(TestExecutionContext context)
   at NUnit.Framework.Internal.Execution.SimpleWorkItem.&lt;&gt;c__DisplayClass4_0.&lt;PerformWork&gt;b__0()
   at NUnit.Framework.Internal.ContextUtils.&lt;&gt;c__DisplayClass1_0`1.&lt;DoIsolated&gt;b__0(Object _)

1)    at Microsoft.SqlTools.ServiceLayer.Test.Common.TestConnectionProfileService.GetInstance(String key) in /Users/aasimkhan/src/sqltoolsservice/test/Microsoft.SqlTools.ServiceLayer.Test.Common/TestConnectionProfileService.cs:line 59
   at Microsoft.SqlTools.ServiceLayer.Test.Common.TestConnectionProfileService.GetConnectionParameters(String key, String databaseName) in /Users/aasimkhan/src/sqltoolsservice/test/Microsoft.SqlTools.ServiceLayer.Test.Common/TestConnectionProfileService.cs:line 65
   at Microsoft.SqlTools.ServiceLayer.Test.Common.TestConnectionProfileService.GetConnectionParameters(TestServerType serverType, String databaseName) in /Users/aasimkhan/src/sqltoolsservice/test/Microsoft.SqlTools.ServiceLayer.Test.Common/TestConnectionProfileService.cs:line 75
   at Microsoft.SqlTools.ServiceLayer.IntegrationTests.Utility.LiveConnectionHelper.InitLiveConnectionInfoAsync(String databaseName, String ownerUri, String connectionType, TestServerType serverType) in /Users/aasimkhan/src/sqltoolsservice/test/Microsoft.SqlTools.ServiceLayer.IntegrationTests/Utility/LiveConnectionHelper.cs:line 68
   at System.Runtime.CompilerServices.AsyncMethodBuilderCore.Start[TStateMachine](TStateMachine&amp; stateMachine)
   at Microsoft.SqlTools.ServiceLayer.IntegrationTests.Utility.LiveConnectionHelper.InitLiveConnectionInfoAsync(String databaseName, String ownerUri, String connectionType, TestServerType serverType)
   at Microsoft.SqlTools.ServiceLayer.IntegrationTests.Utility.LiveConnectionHelper.InitLiveConnectionInfo(String databaseName, String ownerUri) in /Users/aasimkhan/src/sqltoolsservice/test/Microsoft.SqlTools.ServiceLayer.IntegrationTests/Utility/LiveConnectionHelper.cs:line 52
   at Microsoft.SqlTools.ServiceLayer.IntegrationTests.SchemaCompare.SchemaCompareTestUtils.GetLiveAutoCompleteTestObjects() in /Users/aasimkhan/src/sqltoolsservice/test/Microsoft.SqlTools.ServiceLayer.IntegrationTests/SchemaCompare/SchemaCompareTestUtils.cs:line 141
   at Microsoft.SqlTools.ServiceLayer.IntegrationTests.SchemaCompare.SchemaCompareServiceTests.SchemaComparePublishChangesDatabaseToDatabase() in /Users/aasimkhan/src/sqltoolsservice/test/Microsoft.SqlTools.ServiceLayer.IntegrationTests/SchemaCompare/SchemaCompareServiceTests.cs:line 671
   at System.Runtime.CompilerServices.AsyncMethodBuilderCore.Start[TStateMachine](TStateMachine&amp; stateMachine)
   at Microsoft.SqlTools.ServiceLayer.IntegrationTests.SchemaCompare.SchemaCompareServiceTests.SchemaComparePublishChangesDatabaseToDatabase()</failure>
    </testcase>
    <testcase classname="Microsoft.SqlTools.ServiceLayer.IntegrationTests.SchemaCompare.SchemaCompareServiceTests" name="SchemaComparePublishChangesDatabaseToProject" time="0.0014770">
      <failure type="failure" message="  Cannot find any instance for version key: sqlOnPrem&#xA;  Expected: True&#xA;  But was:  False&#xA;">at Microsoft.SqlTools.ServiceLayer.Test.Common.TestConnectionProfileService.GetInstance(String key) in /Users/aasimkhan/src/sqltoolsservice/test/Microsoft.SqlTools.ServiceLayer.Test.Common/TestConnectionProfileService.cs:line 59
   at Microsoft.SqlTools.ServiceLayer.Test.Common.TestConnectionProfileService.GetConnectionParameters(String key, String databaseName) in /Users/aasimkhan/src/sqltoolsservice/test/Microsoft.SqlTools.ServiceLayer.Test.Common/TestConnectionProfileService.cs:line 65
   at Microsoft.SqlTools.ServiceLayer.Test.Common.TestConnectionProfileService.GetConnectionParameters(TestServerType serverType, String databaseName) in /Users/aasimkhan/src/sqltoolsservice/test/Microsoft.SqlTools.ServiceLayer.Test.Common/TestConnectionProfileService.cs:line 75
   at Microsoft.SqlTools.ServiceLayer.IntegrationTests.Utility.LiveConnectionHelper.InitLiveConnectionInfoAsync(String databaseName, String ownerUri, String connectionType, TestServerType serverType) in /Users/aasimkhan/src/sqltoolsservice/test/Microsoft.SqlTools.ServiceLayer.IntegrationTests/Utility/LiveConnectionHelper.cs:line 68
   at Microsoft.SqlTools.ServiceLayer.IntegrationTests.Utility.LiveConnectionHelper.InitLiveConnectionInfo(String databaseName, String ownerUri) in /Users/aasimkhan/src/sqltoolsservice/test/Microsoft.SqlTools.ServiceLayer.IntegrationTests/Utility/LiveConnectionHelper.cs:line 52
   at Microsoft.SqlTools.ServiceLayer.IntegrationTests.SchemaCompare.SchemaCompareTestUtils.GetLiveAutoCompleteTestObjects() in /Users/aasimkhan/src/sqltoolsservice/test/Microsoft.SqlTools.ServiceLayer.IntegrationTests/SchemaCompare/SchemaCompareTestUtils.cs:line 141
   at Microsoft.SqlTools.ServiceLayer.IntegrationTests.SchemaCompare.SchemaCompareServiceTests.SchemaComparePublishChangesDatabaseToProject() in /Users/aasimkhan/src/sqltoolsservice/test/Microsoft.SqlTools.ServiceLayer.IntegrationTests/SchemaCompare/SchemaCompareServiceTests.cs:line 820
   at NUnit.Framework.Internal.TaskAwaitAdapter.GenericAdapter`1.GetResult()
   at NUnit.Framework.Internal.AsyncToSyncAdapter.Await(Func`1 invoke)
   at NUnit.Framework.Internal.Commands.TestMethodCommand.RunTestMethod(TestExecutionContext context)
   at NUnit.Framework.Internal.Commands.TestMethodCommand.Execute(TestExecutionContext context)
   at NUnit.Framework.Internal.Execution.SimpleWorkItem.&lt;&gt;c__DisplayClass4_0.&lt;PerformWork&gt;b__0()
   at NUnit.Framework.Internal.ContextUtils.&lt;&gt;c__DisplayClass1_0`1.&lt;DoIsolated&gt;b__0(Object _)

1)    at Microsoft.SqlTools.ServiceLayer.Test.Common.TestConnectionProfileService.GetInstance(String key) in /Users/aasimkhan/src/sqltoolsservice/test/Microsoft.SqlTools.ServiceLayer.Test.Common/TestConnectionProfileService.cs:line 59
   at Microsoft.SqlTools.ServiceLayer.Test.Common.TestConnectionProfileService.GetConnectionParameters(String key, String databaseName) in /Users/aasimkhan/src/sqltoolsservice/test/Microsoft.SqlTools.ServiceLayer.Test.Common/TestConnectionProfileService.cs:line 65
   at Microsoft.SqlTools.ServiceLayer.Test.Common.TestConnectionProfileService.GetConnectionParameters(TestServerType serverType, String databaseName) in /Users/aasimkhan/src/sqltoolsservice/test/Microsoft.SqlTools.ServiceLayer.Test.Common/TestConnectionProfileService.cs:line 75
   at Microsoft.SqlTools.ServiceLayer.IntegrationTests.Utility.LiveConnectionHelper.InitLiveConnectionInfoAsync(String databaseName, String ownerUri, String connectionType, TestServerType serverType) in /Users/aasimkhan/src/sqltoolsservice/test/Microsoft.SqlTools.ServiceLayer.IntegrationTests/Utility/LiveConnectionHelper.cs:line 68
   at System.Runtime.CompilerServices.AsyncMethodBuilderCore.Start[TStateMachine](TStateMachine&amp; stateMachine)
   at Microsoft.SqlTools.ServiceLayer.IntegrationTests.Utility.LiveConnectionHelper.InitLiveConnectionInfoAsync(String databaseName, String ownerUri, String connectionType, TestServerType serverType)
   at Microsoft.SqlTools.ServiceLayer.IntegrationTests.Utility.LiveConnectionHelper.InitLiveConnectionInfo(String databaseName, String ownerUri) in /Users/aasimkhan/src/sqltoolsservice/test/Microsoft.SqlTools.ServiceLayer.IntegrationTests/Utility/LiveConnectionHelper.cs:line 52
   at Microsoft.SqlTools.ServiceLayer.IntegrationTests.SchemaCompare.SchemaCompareTestUtils.GetLiveAutoCompleteTestObjects() in /Users/aasimkhan/src/sqltoolsservice/test/Microsoft.SqlTools.ServiceLayer.IntegrationTests/SchemaCompare/SchemaCompareTestUtils.cs:line 141
   at Microsoft.SqlTools.ServiceLayer.IntegrationTests.SchemaCompare.SchemaCompareServiceTests.SchemaComparePublishChangesDatabaseToProject() in /Users/aasimkhan/src/sqltoolsservice/test/Microsoft.SqlTools.ServiceLayer.IntegrationTests/SchemaCompare/SchemaCompareServiceTests.cs:line 820
   at System.Runtime.CompilerServices.AsyncMethodBuilderCore.Start[TStateMachine](TStateMachine&amp; stateMachine)
   at Microsoft.SqlTools.ServiceLayer.IntegrationTests.SchemaCompare.SchemaCompareServiceTests.SchemaComparePublishChangesDatabaseToProject()</failure>
    </testcase>
    <testcase classname="Microsoft.SqlTools.ServiceLayer.IntegrationTests.SchemaCompare.SchemaCompareServiceTests" name="SchemaComparePublishChangesProjectToDatabase" time="0.0011820">
      <failure type="failure" message="  Cannot find any instance for version key: sqlOnPrem&#xA;  Expected: True&#xA;  But was:  False&#xA;">at Microsoft.SqlTools.ServiceLayer.Test.Common.TestConnectionProfileService.GetInstance(String key) in /Users/aasimkhan/src/sqltoolsservice/test/Microsoft.SqlTools.ServiceLayer.Test.Common/TestConnectionProfileService.cs:line 59
   at Microsoft.SqlTools.ServiceLayer.Test.Common.TestConnectionProfileService.GetConnectionParameters(String key, String databaseName) in /Users/aasimkhan/src/sqltoolsservice/test/Microsoft.SqlTools.ServiceLayer.Test.Common/TestConnectionProfileService.cs:line 65
   at Microsoft.SqlTools.ServiceLayer.Test.Common.TestConnectionProfileService.GetConnectionParameters(TestServerType serverType, String databaseName) in /Users/aasimkhan/src/sqltoolsservice/test/Microsoft.SqlTools.ServiceLayer.Test.Common/TestConnectionProfileService.cs:line 75
   at Microsoft.SqlTools.ServiceLayer.IntegrationTests.Utility.LiveConnectionHelper.InitLiveConnectionInfoAsync(String databaseName, String ownerUri, String connectionType, TestServerType serverType) in /Users/aasimkhan/src/sqltoolsservice/test/Microsoft.SqlTools.ServiceLayer.IntegrationTests/Utility/LiveConnectionHelper.cs:line 68
   at Microsoft.SqlTools.ServiceLayer.IntegrationTests.Utility.LiveConnectionHelper.InitLiveConnectionInfo(String databaseName, String ownerUri) in /Users/aasimkhan/src/sqltoolsservice/test/Microsoft.SqlTools.ServiceLayer.IntegrationTests/Utility/LiveConnectionHelper.cs:line 52
   at Microsoft.SqlTools.ServiceLayer.IntegrationTests.SchemaCompare.SchemaCompareTestUtils.GetLiveAutoCompleteTestObjects() in /Users/aasimkhan/src/sqltoolsservice/test/Microsoft.SqlTools.ServiceLayer.IntegrationTests/SchemaCompare/SchemaCompareTestUtils.cs:line 141
   at Microsoft.SqlTools.ServiceLayer.IntegrationTests.SchemaCompare.SchemaCompareServiceTests.SchemaComparePublishChangesProjectToDatabase() in /Users/aasimkhan/src/sqltoolsservice/test/Microsoft.SqlTools.ServiceLayer.IntegrationTests/SchemaCompare/SchemaCompareServiceTests.cs:line 602
   at NUnit.Framework.Internal.TaskAwaitAdapter.GenericAdapter`1.GetResult()
   at NUnit.Framework.Internal.AsyncToSyncAdapter.Await(Func`1 invoke)
   at NUnit.Framework.Internal.Commands.TestMethodCommand.RunTestMethod(TestExecutionContext context)
   at NUnit.Framework.Internal.Commands.TestMethodCommand.Execute(TestExecutionContext context)
   at NUnit.Framework.Internal.Execution.SimpleWorkItem.&lt;&gt;c__DisplayClass4_0.&lt;PerformWork&gt;b__0()
   at NUnit.Framework.Internal.ContextUtils.&lt;&gt;c__DisplayClass1_0`1.&lt;DoIsolated&gt;b__0(Object _)

1)    at Microsoft.SqlTools.ServiceLayer.Test.Common.TestConnectionProfileService.GetInstance(String key) in /Users/aasimkhan/src/sqltoolsservice/test/Microsoft.SqlTools.ServiceLayer.Test.Common/TestConnectionProfileService.cs:line 59
   at Microsoft.SqlTools.ServiceLayer.Test.Common.TestConnectionProfileService.GetConnectionParameters(String key, String databaseName) in /Users/aasimkhan/src/sqltoolsservice/test/Microsoft.SqlTools.ServiceLayer.Test.Common/TestConnectionProfileService.cs:line 65
   at Microsoft.SqlTools.ServiceLayer.Test.Common.TestConnectionProfileService.GetConnectionParameters(TestServerType serverType, String databaseName) in /Users/aasimkhan/src/sqltoolsservice/test/Microsoft.SqlTools.ServiceLayer.Test.Common/TestConnectionProfileService.cs:line 75
   at Microsoft.SqlTools.ServiceLayer.IntegrationTests.Utility.LiveConnectionHelper.InitLiveConnectionInfoAsync(String databaseName, String ownerUri, String connectionType, TestServerType serverType) in /Users/aasimkhan/src/sqltoolsservice/test/Microsoft.SqlTools.ServiceLayer.IntegrationTests/Utility/LiveConnectionHelper.cs:line 68
   at System.Runtime.CompilerServices.AsyncMethodBuilderCore.Start[TStateMachine](TStateMachine&amp; stateMachine)
   at Microsoft.SqlTools.ServiceLayer.IntegrationTests.Utility.LiveConnectionHelper.InitLiveConnectionInfoAsync(String databaseName, String ownerUri, String connectionType, TestServerType serverType)
   at Microsoft.SqlTools.ServiceLayer.IntegrationTests.Utility.LiveConnectionHelper.InitLiveConnectionInfo(String databaseName, String ownerUri) in /Users/aasimkhan/src/sqltoolsservice/test/Microsoft.SqlTools.ServiceLayer.IntegrationTests/Utility/LiveConnectionHelper.cs:line 52
   at Microsoft.SqlTools.ServiceLayer.IntegrationTests.SchemaCompare.SchemaCompareTestUtils.GetLiveAutoCompleteTestObjects() in /Users/aasimkhan/src/sqltoolsservice/test/Microsoft.SqlTools.ServiceLayer.IntegrationTests/SchemaCompare/SchemaCompareTestUtils.cs:line 141
   at Microsoft.SqlTools.ServiceLayer.IntegrationTests.SchemaCompare.SchemaCompareServiceTests.SchemaComparePublishChangesProjectToDatabase() in /Users/aasimkhan/src/sqltoolsservice/test/Microsoft.SqlTools.ServiceLayer.IntegrationTests/SchemaCompare/SchemaCompareServiceTests.cs:line 602
   at System.Runtime.CompilerServices.AsyncMethodBuilderCore.Start[TStateMachine](TStateMachine&amp; stateMachine)
   at Microsoft.SqlTools.ServiceLayer.IntegrationTests.SchemaCompare.SchemaCompareServiceTests.SchemaComparePublishChangesProjectToDatabase()</failure>
    </testcase>
    <testcase classname="Microsoft.SqlTools.ServiceLayer.IntegrationTests.SchemaCompare.SchemaCompareServiceTests" name="SchemaComparePublishChangesProjectToProject" time="0.0013250">
      <failure type="failure" message="  Cannot find any instance for version key: sqlOnPrem&#xA;  Expected: True&#xA;  But was:  False&#xA;">at Microsoft.SqlTools.ServiceLayer.Test.Common.TestConnectionProfileService.GetInstance(String key) in /Users/aasimkhan/src/sqltoolsservice/test/Microsoft.SqlTools.ServiceLayer.Test.Common/TestConnectionProfileService.cs:line 59
   at Microsoft.SqlTools.ServiceLayer.Test.Common.TestConnectionProfileService.GetConnectionParameters(String key, String databaseName) in /Users/aasimkhan/src/sqltoolsservice/test/Microsoft.SqlTools.ServiceLayer.Test.Common/TestConnectionProfileService.cs:line 65
   at Microsoft.SqlTools.ServiceLayer.Test.Common.TestConnectionProfileService.GetConnectionParameters(TestServerType serverType, String databaseName) in /Users/aasimkhan/src/sqltoolsservice/test/Microsoft.SqlTools.ServiceLayer.Test.Common/TestConnectionProfileService.cs:line 75
   at Microsoft.SqlTools.ServiceLayer.Test.Common.TestServiceProvider.InitLiveConnectionInfo(TestServerType serverType, String databaseName, String scriptFilePath) in /Users/aasimkhan/src/sqltoolsservice/test/Microsoft.SqlTools.ServiceLayer.Test.Common/TestServiceProvider.cs:line 142
   at Microsoft.SqlTools.ServiceLayer.Test.Common.TestServiceProvider.RunQueryAsync(TestServerType serverType, String databaseName, String queryText, Boolean throwOnError) in /Users/aasimkhan/src/sqltoolsservice/test/Microsoft.SqlTools.ServiceLayer.Test.Common/TestServiceProvider.cs:line 110
   at Microsoft.SqlTools.ServiceLayer.Test.Common.SqlTestDb.CreateNewAsync(TestServerType serverType, Boolean doNotCleanupDb, String databaseName, String query, String dbNamePrefix) in /Users/aasimkhan/src/sqltoolsservice/test/Microsoft.SqlTools.ServiceLayer.Test.Common/SqlTestDb.cs:line 101
   at Microsoft.SqlTools.ServiceLayer.IntegrationTests.SchemaCompare.SchemaCompareServiceTests.SchemaComparePublishChangesProjectToProject() in /Users/aasimkhan/src/sqltoolsservice/test/Microsoft.SqlTools.ServiceLayer.IntegrationTests/SchemaCompare/SchemaCompareServiceTests.cs:line 898
   at NUnit.Framework.Internal.TaskAwaitAdapter.GenericAdapter`1.GetResult()
   at NUnit.Framework.Internal.AsyncToSyncAdapter.Await(Func`1 invoke)
   at NUnit.Framework.Internal.Commands.TestMethodCommand.RunTestMethod(TestExecutionContext context)
   at NUnit.Framework.Internal.Commands.TestMethodCommand.Execute(TestExecutionContext context)
   at NUnit.Framework.Internal.Execution.SimpleWorkItem.&lt;&gt;c__DisplayClass4_0.&lt;PerformWork&gt;b__0()
   at NUnit.Framework.Internal.ContextUtils.&lt;&gt;c__DisplayClass1_0`1.&lt;DoIsolated&gt;b__0(Object _)

1)    at Microsoft.SqlTools.ServiceLayer.Test.Common.TestConnectionProfileService.GetInstance(String key) in /Users/aasimkhan/src/sqltoolsservice/test/Microsoft.SqlTools.ServiceLayer.Test.Common/TestConnectionProfileService.cs:line 59
   at Microsoft.SqlTools.ServiceLayer.Test.Common.TestConnectionProfileService.GetConnectionParameters(String key, String databaseName) in /Users/aasimkhan/src/sqltoolsservice/test/Microsoft.SqlTools.ServiceLayer.Test.Common/TestConnectionProfileService.cs:line 65
   at Microsoft.SqlTools.ServiceLayer.Test.Common.TestConnectionProfileService.GetConnectionParameters(TestServerType serverType, String databaseName) in /Users/aasimkhan/src/sqltoolsservice/test/Microsoft.SqlTools.ServiceLayer.Test.Common/TestConnectionProfileService.cs:line 75
   at Microsoft.SqlTools.ServiceLayer.Test.Common.TestServiceProvider.InitLiveConnectionInfo(TestServerType serverType, String databaseName, String scriptFilePath) in /Users/aasimkhan/src/sqltoolsservice/test/Microsoft.SqlTools.ServiceLayer.Test.Common/TestServiceProvider.cs:line 142
   at System.Runtime.CompilerServices.AsyncMethodBuilderCore.Start[TStateMachine](TStateMachine&amp; stateMachine)
   at Microsoft.SqlTools.ServiceLayer.Test.Common.TestServiceProvider.InitLiveConnectionInfo(TestServerType serverType, String databaseName, String scriptFilePath)
   at Microsoft.SqlTools.ServiceLayer.Test.Common.TestServiceProvider.RunQueryAsync(TestServerType serverType, String databaseName, String queryText, Boolean throwOnError) in /Users/aasimkhan/src/sqltoolsservice/test/Microsoft.SqlTools.ServiceLayer.Test.Common/TestServiceProvider.cs:line 110
   at System.Runtime.CompilerServices.AsyncMethodBuilderCore.Start[TStateMachine](TStateMachine&amp; stateMachine)
   at Microsoft.SqlTools.ServiceLayer.Test.Common.TestServiceProvider.RunQueryAsync(TestServerType serverType, String databaseName, String queryText, Boolean throwOnError)
   at Microsoft.SqlTools.ServiceLayer.Test.Common.SqlTestDb.CreateNewAsync(TestServerType serverType, Boolean doNotCleanupDb, String databaseName, String query, String dbNamePrefix) in /Users/aasimkhan/src/sqltoolsservice/test/Microsoft.SqlTools.ServiceLayer.Test.Common/SqlTestDb.cs:line 101
   at System.Runtime.CompilerServices.AsyncMethodBuilderCore.Start[TStateMachine](TStateMachine&amp; stateMachine)
   at Microsoft.SqlTools.ServiceLayer.Test.Common.SqlTestDb.CreateNewAsync(TestServerType serverType, Boolean doNotCleanupDb, String databaseName, String query, String dbNamePrefix)
   at Microsoft.SqlTools.ServiceLayer.IntegrationTests.SchemaCompare.SchemaCompareServiceTests.SchemaComparePublishChangesProjectToProject() in /Users/aasimkhan/src/sqltoolsservice/test/Microsoft.SqlTools.ServiceLayer.IntegrationTests/SchemaCompare/SchemaCompareServiceTests.cs:line 898
   at System.Runtime.CompilerServices.AsyncMethodBuilderCore.Start[TStateMachine](TStateMachine&amp; stateMachine)
   at Microsoft.SqlTools.ServiceLayer.IntegrationTests.SchemaCompare.SchemaCompareServiceTests.SchemaComparePublishChangesProjectToProject()</failure>
    </testcase>
    <testcase classname="Microsoft.SqlTools.ServiceLayer.IntegrationTests.SchemaCompare.SchemaCompareServiceTests" name="SchemaCompareSaveScmpFileForDacpacs" time="0.0009490">
      <failure type="failure" message="  Cannot find any instance for version key: sqlOnPrem&#xA;  Expected: True&#xA;  But was:  False&#xA;">at Microsoft.SqlTools.ServiceLayer.Test.Common.TestConnectionProfileService.GetInstance(String key) in /Users/aasimkhan/src/sqltoolsservice/test/Microsoft.SqlTools.ServiceLayer.Test.Common/TestConnectionProfileService.cs:line 59
   at Microsoft.SqlTools.ServiceLayer.Test.Common.TestConnectionProfileService.GetConnectionParameters(String key, String databaseName) in /Users/aasimkhan/src/sqltoolsservice/test/Microsoft.SqlTools.ServiceLayer.Test.Common/TestConnectionProfileService.cs:line 65
   at Microsoft.SqlTools.ServiceLayer.Test.Common.TestConnectionProfileService.GetConnectionParameters(TestServerType serverType, String databaseName) in /Users/aasimkhan/src/sqltoolsservice/test/Microsoft.SqlTools.ServiceLayer.Test.Common/TestConnectionProfileService.cs:line 75
   at Microsoft.SqlTools.ServiceLayer.Test.Common.TestServiceProvider.InitLiveConnectionInfo(TestServerType serverType, String databaseName, String scriptFilePath) in /Users/aasimkhan/src/sqltoolsservice/test/Microsoft.SqlTools.ServiceLayer.Test.Common/TestServiceProvider.cs:line 142
   at Microsoft.SqlTools.ServiceLayer.Test.Common.TestServiceProvider.RunQueryAsync(TestServerType serverType, String databaseName, String queryText, Boolean throwOnError) in /Users/aasimkhan/src/sqltoolsservice/test/Microsoft.SqlTools.ServiceLayer.Test.Common/TestServiceProvider.cs:line 110
   at Microsoft.SqlTools.ServiceLayer.Test.Common.SqlTestDb.CreateNewAsync(TestServerType serverType, Boolean doNotCleanupDb, String databaseName, String query, String dbNamePrefix) in /Users/aasimkhan/src/sqltoolsservice/test/Microsoft.SqlTools.ServiceLayer.Test.Common/SqlTestDb.cs:line 101
   at Microsoft.SqlTools.ServiceLayer.IntegrationTests.SchemaCompare.SchemaCompareServiceTests.SchemaCompareSaveScmpFileForDacpacs() in /Users/aasimkhan/src/sqltoolsservice/test/Microsoft.SqlTools.ServiceLayer.IntegrationTests/SchemaCompare/SchemaCompareServiceTests.cs:line 1007
   at NUnit.Framework.Internal.TaskAwaitAdapter.GenericAdapter`1.GetResult()
   at NUnit.Framework.Internal.AsyncToSyncAdapter.Await(Func`1 invoke)
   at NUnit.Framework.Internal.Commands.TestMethodCommand.RunTestMethod(TestExecutionContext context)
   at NUnit.Framework.Internal.Commands.TestMethodCommand.Execute(TestExecutionContext context)
   at NUnit.Framework.Internal.Execution.SimpleWorkItem.&lt;&gt;c__DisplayClass4_0.&lt;PerformWork&gt;b__0()
   at NUnit.Framework.Internal.ContextUtils.&lt;&gt;c__DisplayClass1_0`1.&lt;DoIsolated&gt;b__0(Object _)

1)    at Microsoft.SqlTools.ServiceLayer.Test.Common.TestConnectionProfileService.GetInstance(String key) in /Users/aasimkhan/src/sqltoolsservice/test/Microsoft.SqlTools.ServiceLayer.Test.Common/TestConnectionProfileService.cs:line 59
   at Microsoft.SqlTools.ServiceLayer.Test.Common.TestConnectionProfileService.GetConnectionParameters(String key, String databaseName) in /Users/aasimkhan/src/sqltoolsservice/test/Microsoft.SqlTools.ServiceLayer.Test.Common/TestConnectionProfileService.cs:line 65
   at Microsoft.SqlTools.ServiceLayer.Test.Common.TestConnectionProfileService.GetConnectionParameters(TestServerType serverType, String databaseName) in /Users/aasimkhan/src/sqltoolsservice/test/Microsoft.SqlTools.ServiceLayer.Test.Common/TestConnectionProfileService.cs:line 75
   at Microsoft.SqlTools.ServiceLayer.Test.Common.TestServiceProvider.InitLiveConnectionInfo(TestServerType serverType, String databaseName, String scriptFilePath) in /Users/aasimkhan/src/sqltoolsservice/test/Microsoft.SqlTools.ServiceLayer.Test.Common/TestServiceProvider.cs:line 142
   at System.Runtime.CompilerServices.AsyncMethodBuilderCore.Start[TStateMachine](TStateMachine&amp; stateMachine)
   at Microsoft.SqlTools.ServiceLayer.Test.Common.TestServiceProvider.InitLiveConnectionInfo(TestServerType serverType, String databaseName, String scriptFilePath)
   at Microsoft.SqlTools.ServiceLayer.Test.Common.TestServiceProvider.RunQueryAsync(TestServerType serverType, String databaseName, String queryText, Boolean throwOnError) in /Users/aasimkhan/src/sqltoolsservice/test/Microsoft.SqlTools.ServiceLayer.Test.Common/TestServiceProvider.cs:line 110
   at System.Runtime.CompilerServices.AsyncMethodBuilderCore.Start[TStateMachine](TStateMachine&amp; stateMachine)
   at Microsoft.SqlTools.ServiceLayer.Test.Common.TestServiceProvider.RunQueryAsync(TestServerType serverType, String databaseName, String queryText, Boolean throwOnError)
   at Microsoft.SqlTools.ServiceLayer.Test.Common.SqlTestDb.CreateNewAsync(TestServerType serverType, Boolean doNotCleanupDb, String databaseName, String query, String dbNamePrefix) in /Users/aasimkhan/src/sqltoolsservice/test/Microsoft.SqlTools.ServiceLayer.Test.Common/SqlTestDb.cs:line 101
   at System.Runtime.CompilerServices.AsyncMethodBuilderCore.Start[TStateMachine](TStateMachine&amp; stateMachine)
   at Microsoft.SqlTools.ServiceLayer.Test.Common.SqlTestDb.CreateNewAsync(TestServerType serverType, Boolean doNotCleanupDb, String databaseName, String query, String dbNamePrefix)
   at Microsoft.SqlTools.ServiceLayer.IntegrationTests.SchemaCompare.SchemaCompareServiceTests.SchemaCompareSaveScmpFileForDacpacs() in /Users/aasimkhan/src/sqltoolsservice/test/Microsoft.SqlTools.ServiceLayer.IntegrationTests/SchemaCompare/SchemaCompareServiceTests.cs:line 1007
   at System.Runtime.CompilerServices.AsyncMethodBuilderCore.Start[TStateMachine](TStateMachine&amp; stateMachine)
   at Microsoft.SqlTools.ServiceLayer.IntegrationTests.SchemaCompare.SchemaCompareServiceTests.SchemaCompareSaveScmpFileForDacpacs()</failure>
    </testcase>
    <testcase classname="Microsoft.SqlTools.ServiceLayer.IntegrationTests.SchemaCompare.SchemaCompareServiceTests" name="SchemaCompareSaveScmpFileForDacpacToDB" time="0.0009810">
      <failure type="failure" message="  Cannot find any instance for version key: sqlOnPrem&#xA;  Expected: True&#xA;  But was:  False&#xA;">at Microsoft.SqlTools.ServiceLayer.Test.Common.TestConnectionProfileService.GetInstance(String key) in /Users/aasimkhan/src/sqltoolsservice/test/Microsoft.SqlTools.ServiceLayer.Test.Common/TestConnectionProfileService.cs:line 59
   at Microsoft.SqlTools.ServiceLayer.Test.Common.TestConnectionProfileService.GetConnectionParameters(String key, String databaseName) in /Users/aasimkhan/src/sqltoolsservice/test/Microsoft.SqlTools.ServiceLayer.Test.Common/TestConnectionProfileService.cs:line 65
   at Microsoft.SqlTools.ServiceLayer.Test.Common.TestConnectionProfileService.GetConnectionParameters(TestServerType serverType, String databaseName) in /Users/aasimkhan/src/sqltoolsservice/test/Microsoft.SqlTools.ServiceLayer.Test.Common/TestConnectionProfileService.cs:line 75
   at Microsoft.SqlTools.ServiceLayer.Test.Common.TestServiceProvider.InitLiveConnectionInfo(TestServerType serverType, String databaseName, String scriptFilePath) in /Users/aasimkhan/src/sqltoolsservice/test/Microsoft.SqlTools.ServiceLayer.Test.Common/TestServiceProvider.cs:line 142
   at Microsoft.SqlTools.ServiceLayer.Test.Common.TestServiceProvider.RunQueryAsync(TestServerType serverType, String databaseName, String queryText, Boolean throwOnError) in /Users/aasimkhan/src/sqltoolsservice/test/Microsoft.SqlTools.ServiceLayer.Test.Common/TestServiceProvider.cs:line 110
   at Microsoft.SqlTools.ServiceLayer.Test.Common.SqlTestDb.CreateNewAsync(TestServerType serverType, Boolean doNotCleanupDb, String databaseName, String query, String dbNamePrefix) in /Users/aasimkhan/src/sqltoolsservice/test/Microsoft.SqlTools.ServiceLayer.Test.Common/SqlTestDb.cs:line 101
   at Microsoft.SqlTools.ServiceLayer.IntegrationTests.SchemaCompare.SchemaCompareServiceTests.SchemaCompareSaveScmpFileForDacpacToDB() in /Users/aasimkhan/src/sqltoolsservice/test/Microsoft.SqlTools.ServiceLayer.IntegrationTests/SchemaCompare/SchemaCompareServiceTests.cs:line 1069
   at NUnit.Framework.Internal.TaskAwaitAdapter.GenericAdapter`1.GetResult()
   at NUnit.Framework.Internal.AsyncToSyncAdapter.Await(Func`1 invoke)
   at NUnit.Framework.Internal.Commands.TestMethodCommand.RunTestMethod(TestExecutionContext context)
   at NUnit.Framework.Internal.Commands.TestMethodCommand.Execute(TestExecutionContext context)
   at NUnit.Framework.Internal.Execution.SimpleWorkItem.&lt;&gt;c__DisplayClass4_0.&lt;PerformWork&gt;b__0()
   at NUnit.Framework.Internal.ContextUtils.&lt;&gt;c__DisplayClass1_0`1.&lt;DoIsolated&gt;b__0(Object _)

1)    at Microsoft.SqlTools.ServiceLayer.Test.Common.TestConnectionProfileService.GetInstance(String key) in /Users/aasimkhan/src/sqltoolsservice/test/Microsoft.SqlTools.ServiceLayer.Test.Common/TestConnectionProfileService.cs:line 59
   at Microsoft.SqlTools.ServiceLayer.Test.Common.TestConnectionProfileService.GetConnectionParameters(String key, String databaseName) in /Users/aasimkhan/src/sqltoolsservice/test/Microsoft.SqlTools.ServiceLayer.Test.Common/TestConnectionProfileService.cs:line 65
   at Microsoft.SqlTools.ServiceLayer.Test.Common.TestConnectionProfileService.GetConnectionParameters(TestServerType serverType, String databaseName) in /Users/aasimkhan/src/sqltoolsservice/test/Microsoft.SqlTools.ServiceLayer.Test.Common/TestConnectionProfileService.cs:line 75
   at Microsoft.SqlTools.ServiceLayer.Test.Common.TestServiceProvider.InitLiveConnectionInfo(TestServerType serverType, String databaseName, String scriptFilePath) in /Users/aasimkhan/src/sqltoolsservice/test/Microsoft.SqlTools.ServiceLayer.Test.Common/TestServiceProvider.cs:line 142
   at System.Runtime.CompilerServices.AsyncMethodBuilderCore.Start[TStateMachine](TStateMachine&amp; stateMachine)
   at Microsoft.SqlTools.ServiceLayer.Test.Common.TestServiceProvider.InitLiveConnectionInfo(TestServerType serverType, String databaseName, String scriptFilePath)
   at Microsoft.SqlTools.ServiceLayer.Test.Common.TestServiceProvider.RunQueryAsync(TestServerType serverType, String databaseName, String queryText, Boolean throwOnError) in /Users/aasimkhan/src/sqltoolsservice/test/Microsoft.SqlTools.ServiceLayer.Test.Common/TestServiceProvider.cs:line 110
   at System.Runtime.CompilerServices.AsyncMethodBuilderCore.Start[TStateMachine](TStateMachine&amp; stateMachine)
   at Microsoft.SqlTools.ServiceLayer.Test.Common.TestServiceProvider.RunQueryAsync(TestServerType serverType, String databaseName, String queryText, Boolean throwOnError)
   at Microsoft.SqlTools.ServiceLayer.Test.Common.SqlTestDb.CreateNewAsync(TestServerType serverType, Boolean doNotCleanupDb, String databaseName, String query, String dbNamePrefix) in /Users/aasimkhan/src/sqltoolsservice/test/Microsoft.SqlTools.ServiceLayer.Test.Common/SqlTestDb.cs:line 101
   at System.Runtime.CompilerServices.AsyncMethodBuilderCore.Start[TStateMachine](TStateMachine&amp; stateMachine)
   at Microsoft.SqlTools.ServiceLayer.Test.Common.SqlTestDb.CreateNewAsync(TestServerType serverType, Boolean doNotCleanupDb, String databaseName, String query, String dbNamePrefix)
   at Microsoft.SqlTools.ServiceLayer.IntegrationTests.SchemaCompare.SchemaCompareServiceTests.SchemaCompareSaveScmpFileForDacpacToDB() in /Users/aasimkhan/src/sqltoolsservice/test/Microsoft.SqlTools.ServiceLayer.IntegrationTests/SchemaCompare/SchemaCompareServiceTests.cs:line 1069
   at System.Runtime.CompilerServices.AsyncMethodBuilderCore.Start[TStateMachine](TStateMachine&amp; stateMachine)
   at Microsoft.SqlTools.ServiceLayer.IntegrationTests.SchemaCompare.SchemaCompareServiceTests.SchemaCompareSaveScmpFileForDacpacToDB()</failure>
    </testcase>
    <testcase classname="Microsoft.SqlTools.ServiceLayer.IntegrationTests.SchemaCompare.SchemaCompareServiceTests" name="SchemaCompareSaveScmpFileForDacpacToProject" time="0.0012110">
      <failure type="failure" message="  Cannot find any instance for version key: sqlOnPrem&#xA;  Expected: True&#xA;  But was:  False&#xA;">at Microsoft.SqlTools.ServiceLayer.Test.Common.TestConnectionProfileService.GetInstance(String key) in /Users/aasimkhan/src/sqltoolsservice/test/Microsoft.SqlTools.ServiceLayer.Test.Common/TestConnectionProfileService.cs:line 59
   at Microsoft.SqlTools.ServiceLayer.Test.Common.TestConnectionProfileService.GetConnectionParameters(String key, String databaseName) in /Users/aasimkhan/src/sqltoolsservice/test/Microsoft.SqlTools.ServiceLayer.Test.Common/TestConnectionProfileService.cs:line 65
   at Microsoft.SqlTools.ServiceLayer.Test.Common.TestConnectionProfileService.GetConnectionParameters(TestServerType serverType, String databaseName) in /Users/aasimkhan/src/sqltoolsservice/test/Microsoft.SqlTools.ServiceLayer.Test.Common/TestConnectionProfileService.cs:line 75
   at Microsoft.SqlTools.ServiceLayer.Test.Common.TestServiceProvider.InitLiveConnectionInfo(TestServerType serverType, String databaseName, String scriptFilePath) in /Users/aasimkhan/src/sqltoolsservice/test/Microsoft.SqlTools.ServiceLayer.Test.Common/TestServiceProvider.cs:line 142
   at Microsoft.SqlTools.ServiceLayer.Test.Common.TestServiceProvider.RunQueryAsync(TestServerType serverType, String databaseName, String queryText, Boolean throwOnError) in /Users/aasimkhan/src/sqltoolsservice/test/Microsoft.SqlTools.ServiceLayer.Test.Common/TestServiceProvider.cs:line 110
   at Microsoft.SqlTools.ServiceLayer.Test.Common.SqlTestDb.CreateNewAsync(TestServerType serverType, Boolean doNotCleanupDb, String databaseName, String query, String dbNamePrefix) in /Users/aasimkhan/src/sqltoolsservice/test/Microsoft.SqlTools.ServiceLayer.Test.Common/SqlTestDb.cs:line 101
   at Microsoft.SqlTools.ServiceLayer.IntegrationTests.SchemaCompare.SchemaCompareServiceTests.SchemaCompareSaveScmpFileForDacpacToProject() in /Users/aasimkhan/src/sqltoolsservice/test/Microsoft.SqlTools.ServiceLayer.IntegrationTests/SchemaCompare/SchemaCompareServiceTests.cs:line 1128
   at NUnit.Framework.Internal.TaskAwaitAdapter.GenericAdapter`1.GetResult()
   at NUnit.Framework.Internal.AsyncToSyncAdapter.Await(Func`1 invoke)
   at NUnit.Framework.Internal.Commands.TestMethodCommand.RunTestMethod(TestExecutionContext context)
   at NUnit.Framework.Internal.Commands.TestMethodCommand.Execute(TestExecutionContext context)
   at NUnit.Framework.Internal.Execution.SimpleWorkItem.&lt;&gt;c__DisplayClass4_0.&lt;PerformWork&gt;b__0()
   at NUnit.Framework.Internal.ContextUtils.&lt;&gt;c__DisplayClass1_0`1.&lt;DoIsolated&gt;b__0(Object _)

1)    at Microsoft.SqlTools.ServiceLayer.Test.Common.TestConnectionProfileService.GetInstance(String key) in /Users/aasimkhan/src/sqltoolsservice/test/Microsoft.SqlTools.ServiceLayer.Test.Common/TestConnectionProfileService.cs:line 59
   at Microsoft.SqlTools.ServiceLayer.Test.Common.TestConnectionProfileService.GetConnectionParameters(String key, String databaseName) in /Users/aasimkhan/src/sqltoolsservice/test/Microsoft.SqlTools.ServiceLayer.Test.Common/TestConnectionProfileService.cs:line 65
   at Microsoft.SqlTools.ServiceLayer.Test.Common.TestConnectionProfileService.GetConnectionParameters(TestServerType serverType, String databaseName) in /Users/aasimkhan/src/sqltoolsservice/test/Microsoft.SqlTools.ServiceLayer.Test.Common/TestConnectionProfileService.cs:line 75
   at Microsoft.SqlTools.ServiceLayer.Test.Common.TestServiceProvider.InitLiveConnectionInfo(TestServerType serverType, String databaseName, String scriptFilePath) in /Users/aasimkhan/src/sqltoolsservice/test/Microsoft.SqlTools.ServiceLayer.Test.Common/TestServiceProvider.cs:line 142
   at System.Runtime.CompilerServices.AsyncMethodBuilderCore.Start[TStateMachine](TStateMachine&amp; stateMachine)
   at Microsoft.SqlTools.ServiceLayer.Test.Common.TestServiceProvider.InitLiveConnectionInfo(TestServerType serverType, String databaseName, String scriptFilePath)
   at Microsoft.SqlTools.ServiceLayer.Test.Common.TestServiceProvider.RunQueryAsync(TestServerType serverType, String databaseName, String queryText, Boolean throwOnError) in /Users/aasimkhan/src/sqltoolsservice/test/Microsoft.SqlTools.ServiceLayer.Test.Common/TestServiceProvider.cs:line 110
   at System.Runtime.CompilerServices.AsyncMethodBuilderCore.Start[TStateMachine](TStateMachine&amp; stateMachine)
   at Microsoft.SqlTools.ServiceLayer.Test.Common.TestServiceProvider.RunQueryAsync(TestServerType serverType, String databaseName, String queryText, Boolean throwOnError)
   at Microsoft.SqlTools.ServiceLayer.Test.Common.SqlTestDb.CreateNewAsync(TestServerType serverType, Boolean doNotCleanupDb, String databaseName, String query, String dbNamePrefix) in /Users/aasimkhan/src/sqltoolsservice/test/Microsoft.SqlTools.ServiceLayer.Test.Common/SqlTestDb.cs:line 101
   at System.Runtime.CompilerServices.AsyncMethodBuilderCore.Start[TStateMachine](TStateMachine&amp; stateMachine)
   at Microsoft.SqlTools.ServiceLayer.Test.Common.SqlTestDb.CreateNewAsync(TestServerType serverType, Boolean doNotCleanupDb, String databaseName, String query, String dbNamePrefix)
   at Microsoft.SqlTools.ServiceLayer.IntegrationTests.SchemaCompare.SchemaCompareServiceTests.SchemaCompareSaveScmpFileForDacpacToProject() in /Users/aasimkhan/src/sqltoolsservice/test/Microsoft.SqlTools.ServiceLayer.IntegrationTests/SchemaCompare/SchemaCompareServiceTests.cs:line 1128
   at System.Runtime.CompilerServices.AsyncMethodBuilderCore.Start[TStateMachine](TStateMachine&amp; stateMachine)
   at Microsoft.SqlTools.ServiceLayer.IntegrationTests.SchemaCompare.SchemaCompareServiceTests.SchemaCompareSaveScmpFileForDacpacToProject()</failure>
    </testcase>
    <testcase classname="Microsoft.SqlTools.ServiceLayer.IntegrationTests.SchemaCompare.SchemaCompareServiceTests" name="SchemaCompareSaveScmpFileForDatabases" time="0.0009440">
      <failure type="failure" message="  Cannot find any instance for version key: sqlOnPrem&#xA;  Expected: True&#xA;  But was:  False&#xA;">at Microsoft.SqlTools.ServiceLayer.Test.Common.TestConnectionProfileService.GetInstance(String key) in /Users/aasimkhan/src/sqltoolsservice/test/Microsoft.SqlTools.ServiceLayer.Test.Common/TestConnectionProfileService.cs:line 59
   at Microsoft.SqlTools.ServiceLayer.Test.Common.TestConnectionProfileService.GetConnectionParameters(String key, String databaseName) in /Users/aasimkhan/src/sqltoolsservice/test/Microsoft.SqlTools.ServiceLayer.Test.Common/TestConnectionProfileService.cs:line 65
   at Microsoft.SqlTools.ServiceLayer.Test.Common.TestConnectionProfileService.GetConnectionParameters(TestServerType serverType, String databaseName) in /Users/aasimkhan/src/sqltoolsservice/test/Microsoft.SqlTools.ServiceLayer.Test.Common/TestConnectionProfileService.cs:line 75
   at Microsoft.SqlTools.ServiceLayer.IntegrationTests.Utility.LiveConnectionHelper.InitLiveConnectionInfoAsync(String databaseName, String ownerUri, String connectionType, TestServerType serverType) in /Users/aasimkhan/src/sqltoolsservice/test/Microsoft.SqlTools.ServiceLayer.IntegrationTests/Utility/LiveConnectionHelper.cs:line 68
   at Microsoft.SqlTools.ServiceLayer.IntegrationTests.Utility.LiveConnectionHelper.InitLiveConnectionInfo(String databaseName, String ownerUri) in /Users/aasimkhan/src/sqltoolsservice/test/Microsoft.SqlTools.ServiceLayer.IntegrationTests/Utility/LiveConnectionHelper.cs:line 52
   at Microsoft.SqlTools.ServiceLayer.IntegrationTests.SchemaCompare.SchemaCompareTestUtils.GetLiveAutoCompleteTestObjects() in /Users/aasimkhan/src/sqltoolsservice/test/Microsoft.SqlTools.ServiceLayer.IntegrationTests/SchemaCompare/SchemaCompareTestUtils.cs:line 141
   at Microsoft.SqlTools.ServiceLayer.IntegrationTests.SchemaCompare.SchemaCompareServiceTests.SchemaCompareSaveScmpFileForDatabases() in /Users/aasimkhan/src/sqltoolsservice/test/Microsoft.SqlTools.ServiceLayer.IntegrationTests/SchemaCompare/SchemaCompareServiceTests.cs:line 977
   at NUnit.Framework.Internal.TaskAwaitAdapter.GenericAdapter`1.GetResult()
   at NUnit.Framework.Internal.AsyncToSyncAdapter.Await(Func`1 invoke)
   at NUnit.Framework.Internal.Commands.TestMethodCommand.RunTestMethod(TestExecutionContext context)
   at NUnit.Framework.Internal.Commands.TestMethodCommand.Execute(TestExecutionContext context)
   at NUnit.Framework.Internal.Execution.SimpleWorkItem.&lt;&gt;c__DisplayClass4_0.&lt;PerformWork&gt;b__0()
   at NUnit.Framework.Internal.ContextUtils.&lt;&gt;c__DisplayClass1_0`1.&lt;DoIsolated&gt;b__0(Object _)

1)    at Microsoft.SqlTools.ServiceLayer.Test.Common.TestConnectionProfileService.GetInstance(String key) in /Users/aasimkhan/src/sqltoolsservice/test/Microsoft.SqlTools.ServiceLayer.Test.Common/TestConnectionProfileService.cs:line 59
   at Microsoft.SqlTools.ServiceLayer.Test.Common.TestConnectionProfileService.GetConnectionParameters(String key, String databaseName) in /Users/aasimkhan/src/sqltoolsservice/test/Microsoft.SqlTools.ServiceLayer.Test.Common/TestConnectionProfileService.cs:line 65
   at Microsoft.SqlTools.ServiceLayer.Test.Common.TestConnectionProfileService.GetConnectionParameters(TestServerType serverType, String databaseName) in /Users/aasimkhan/src/sqltoolsservice/test/Microsoft.SqlTools.ServiceLayer.Test.Common/TestConnectionProfileService.cs:line 75
   at Microsoft.SqlTools.ServiceLayer.IntegrationTests.Utility.LiveConnectionHelper.InitLiveConnectionInfoAsync(String databaseName, String ownerUri, String connectionType, TestServerType serverType) in /Users/aasimkhan/src/sqltoolsservice/test/Microsoft.SqlTools.ServiceLayer.IntegrationTests/Utility/LiveConnectionHelper.cs:line 68
   at System.Runtime.CompilerServices.AsyncMethodBuilderCore.Start[TStateMachine](TStateMachine&amp; stateMachine)
   at Microsoft.SqlTools.ServiceLayer.IntegrationTests.Utility.LiveConnectionHelper.InitLiveConnectionInfoAsync(String databaseName, String ownerUri, String connectionType, TestServerType serverType)
   at Microsoft.SqlTools.ServiceLayer.IntegrationTests.Utility.LiveConnectionHelper.InitLiveConnectionInfo(String databaseName, String ownerUri) in /Users/aasimkhan/src/sqltoolsservice/test/Microsoft.SqlTools.ServiceLayer.IntegrationTests/Utility/LiveConnectionHelper.cs:line 52
   at Microsoft.SqlTools.ServiceLayer.IntegrationTests.SchemaCompare.SchemaCompareTestUtils.GetLiveAutoCompleteTestObjects() in /Users/aasimkhan/src/sqltoolsservice/test/Microsoft.SqlTools.ServiceLayer.IntegrationTests/SchemaCompare/SchemaCompareTestUtils.cs:line 141
   at Microsoft.SqlTools.ServiceLayer.IntegrationTests.SchemaCompare.SchemaCompareServiceTests.SchemaCompareSaveScmpFileForDatabases() in /Users/aasimkhan/src/sqltoolsservice/test/Microsoft.SqlTools.ServiceLayer.IntegrationTests/SchemaCompare/SchemaCompareServiceTests.cs:line 977
   at System.Runtime.CompilerServices.AsyncMethodBuilderCore.Start[TStateMachine](TStateMachine&amp; stateMachine)
   at Microsoft.SqlTools.ServiceLayer.IntegrationTests.SchemaCompare.SchemaCompareServiceTests.SchemaCompareSaveScmpFileForDatabases()</failure>
    </testcase>
    <testcase classname="Microsoft.SqlTools.ServiceLayer.IntegrationTests.SchemaCompare.SchemaCompareServiceTests" name="SchemaCompareSaveScmpFileForProjects" time="0.0009370">
      <failure type="failure" message="  Cannot find any instance for version key: sqlOnPrem&#xA;  Expected: True&#xA;  But was:  False&#xA;">at Microsoft.SqlTools.ServiceLayer.Test.Common.TestConnectionProfileService.GetInstance(String key) in /Users/aasimkhan/src/sqltoolsservice/test/Microsoft.SqlTools.ServiceLayer.Test.Common/TestConnectionProfileService.cs:line 59
   at Microsoft.SqlTools.ServiceLayer.Test.Common.TestConnectionProfileService.GetConnectionParameters(String key, String databaseName) in /Users/aasimkhan/src/sqltoolsservice/test/Microsoft.SqlTools.ServiceLayer.Test.Common/TestConnectionProfileService.cs:line 65
   at Microsoft.SqlTools.ServiceLayer.Test.Common.TestConnectionProfileService.GetConnectionParameters(TestServerType serverType, String databaseName) in /Users/aasimkhan/src/sqltoolsservice/test/Microsoft.SqlTools.ServiceLayer.Test.Common/TestConnectionProfileService.cs:line 75
   at Microsoft.SqlTools.ServiceLayer.Test.Common.TestServiceProvider.InitLiveConnectionInfo(TestServerType serverType, String databaseName, String scriptFilePath) in /Users/aasimkhan/src/sqltoolsservice/test/Microsoft.SqlTools.ServiceLayer.Test.Common/TestServiceProvider.cs:line 142
   at Microsoft.SqlTools.ServiceLayer.Test.Common.TestServiceProvider.RunQueryAsync(TestServerType serverType, String databaseName, String queryText, Boolean throwOnError) in /Users/aasimkhan/src/sqltoolsservice/test/Microsoft.SqlTools.ServiceLayer.Test.Common/TestServiceProvider.cs:line 110
   at Microsoft.SqlTools.ServiceLayer.Test.Common.SqlTestDb.CreateNewAsync(TestServerType serverType, Boolean doNotCleanupDb, String databaseName, String query, String dbNamePrefix) in /Users/aasimkhan/src/sqltoolsservice/test/Microsoft.SqlTools.ServiceLayer.Test.Common/SqlTestDb.cs:line 101
   at Microsoft.SqlTools.ServiceLayer.IntegrationTests.SchemaCompare.SchemaCompareServiceTests.SchemaCompareSaveScmpFileForProjects() in /Users/aasimkhan/src/sqltoolsservice/test/Microsoft.SqlTools.ServiceLayer.IntegrationTests/SchemaCompare/SchemaCompareServiceTests.cs:line 1039
   at NUnit.Framework.Internal.TaskAwaitAdapter.GenericAdapter`1.GetResult()
   at NUnit.Framework.Internal.AsyncToSyncAdapter.Await(Func`1 invoke)
   at NUnit.Framework.Internal.Commands.TestMethodCommand.RunTestMethod(TestExecutionContext context)
   at NUnit.Framework.Internal.Commands.TestMethodCommand.Execute(TestExecutionContext context)
   at NUnit.Framework.Internal.Execution.SimpleWorkItem.&lt;&gt;c__DisplayClass4_0.&lt;PerformWork&gt;b__0()
   at NUnit.Framework.Internal.ContextUtils.&lt;&gt;c__DisplayClass1_0`1.&lt;DoIsolated&gt;b__0(Object _)

1)    at Microsoft.SqlTools.ServiceLayer.Test.Common.TestConnectionProfileService.GetInstance(String key) in /Users/aasimkhan/src/sqltoolsservice/test/Microsoft.SqlTools.ServiceLayer.Test.Common/TestConnectionProfileService.cs:line 59
   at Microsoft.SqlTools.ServiceLayer.Test.Common.TestConnectionProfileService.GetConnectionParameters(String key, String databaseName) in /Users/aasimkhan/src/sqltoolsservice/test/Microsoft.SqlTools.ServiceLayer.Test.Common/TestConnectionProfileService.cs:line 65
   at Microsoft.SqlTools.ServiceLayer.Test.Common.TestConnectionProfileService.GetConnectionParameters(TestServerType serverType, String databaseName) in /Users/aasimkhan/src/sqltoolsservice/test/Microsoft.SqlTools.ServiceLayer.Test.Common/TestConnectionProfileService.cs:line 75
   at Microsoft.SqlTools.ServiceLayer.Test.Common.TestServiceProvider.InitLiveConnectionInfo(TestServerType serverType, String databaseName, String scriptFilePath) in /Users/aasimkhan/src/sqltoolsservice/test/Microsoft.SqlTools.ServiceLayer.Test.Common/TestServiceProvider.cs:line 142
   at System.Runtime.CompilerServices.AsyncMethodBuilderCore.Start[TStateMachine](TStateMachine&amp; stateMachine)
   at Microsoft.SqlTools.ServiceLayer.Test.Common.TestServiceProvider.InitLiveConnectionInfo(TestServerType serverType, String databaseName, String scriptFilePath)
   at Microsoft.SqlTools.ServiceLayer.Test.Common.TestServiceProvider.RunQueryAsync(TestServerType serverType, String databaseName, String queryText, Boolean throwOnError) in /Users/aasimkhan/src/sqltoolsservice/test/Microsoft.SqlTools.ServiceLayer.Test.Common/TestServiceProvider.cs:line 110
   at System.Runtime.CompilerServices.AsyncMethodBuilderCore.Start[TStateMachine](TStateMachine&amp; stateMachine)
   at Microsoft.SqlTools.ServiceLayer.Test.Common.TestServiceProvider.RunQueryAsync(TestServerType serverType, String databaseName, String queryText, Boolean throwOnError)
   at Microsoft.SqlTools.ServiceLayer.Test.Common.SqlTestDb.CreateNewAsync(TestServerType serverType, Boolean doNotCleanupDb, String databaseName, String query, String dbNamePrefix) in /Users/aasimkhan/src/sqltoolsservice/test/Microsoft.SqlTools.ServiceLayer.Test.Common/SqlTestDb.cs:line 101
   at System.Runtime.CompilerServices.AsyncMethodBuilderCore.Start[TStateMachine](TStateMachine&amp; stateMachine)
   at Microsoft.SqlTools.ServiceLayer.Test.Common.SqlTestDb.CreateNewAsync(TestServerType serverType, Boolean doNotCleanupDb, String databaseName, String query, String dbNamePrefix)
   at Microsoft.SqlTools.ServiceLayer.IntegrationTests.SchemaCompare.SchemaCompareServiceTests.SchemaCompareSaveScmpFileForProjects() in /Users/aasimkhan/src/sqltoolsservice/test/Microsoft.SqlTools.ServiceLayer.IntegrationTests/SchemaCompare/SchemaCompareServiceTests.cs:line 1039
   at System.Runtime.CompilerServices.AsyncMethodBuilderCore.Start[TStateMachine](TStateMachine&amp; stateMachine)
   at Microsoft.SqlTools.ServiceLayer.IntegrationTests.SchemaCompare.SchemaCompareServiceTests.SchemaCompareSaveScmpFileForProjects()</failure>
    </testcase>
    <testcase classname="Microsoft.SqlTools.ServiceLayer.IntegrationTests.SchemaCompare.SchemaCompareServiceTests" name="SchemaCompareSaveScmpFileForProjectToDB" time="0.0009170">
      <failure type="failure" message="  Cannot find any instance for version key: sqlOnPrem&#xA;  Expected: True&#xA;  But was:  False&#xA;">at Microsoft.SqlTools.ServiceLayer.Test.Common.TestConnectionProfileService.GetInstance(String key) in /Users/aasimkhan/src/sqltoolsservice/test/Microsoft.SqlTools.ServiceLayer.Test.Common/TestConnectionProfileService.cs:line 59
   at Microsoft.SqlTools.ServiceLayer.Test.Common.TestConnectionProfileService.GetConnectionParameters(String key, String databaseName) in /Users/aasimkhan/src/sqltoolsservice/test/Microsoft.SqlTools.ServiceLayer.Test.Common/TestConnectionProfileService.cs:line 65
   at Microsoft.SqlTools.ServiceLayer.Test.Common.TestConnectionProfileService.GetConnectionParameters(TestServerType serverType, String databaseName) in /Users/aasimkhan/src/sqltoolsservice/test/Microsoft.SqlTools.ServiceLayer.Test.Common/TestConnectionProfileService.cs:line 75
   at Microsoft.SqlTools.ServiceLayer.Test.Common.TestServiceProvider.InitLiveConnectionInfo(TestServerType serverType, String databaseName, String scriptFilePath) in /Users/aasimkhan/src/sqltoolsservice/test/Microsoft.SqlTools.ServiceLayer.Test.Common/TestServiceProvider.cs:line 142
   at Microsoft.SqlTools.ServiceLayer.Test.Common.TestServiceProvider.RunQueryAsync(TestServerType serverType, String databaseName, String queryText, Boolean throwOnError) in /Users/aasimkhan/src/sqltoolsservice/test/Microsoft.SqlTools.ServiceLayer.Test.Common/TestServiceProvider.cs:line 110
   at Microsoft.SqlTools.ServiceLayer.Test.Common.SqlTestDb.CreateNewAsync(TestServerType serverType, Boolean doNotCleanupDb, String databaseName, String query, String dbNamePrefix) in /Users/aasimkhan/src/sqltoolsservice/test/Microsoft.SqlTools.ServiceLayer.Test.Common/SqlTestDb.cs:line 101
   at Microsoft.SqlTools.ServiceLayer.IntegrationTests.SchemaCompare.SchemaCompareServiceTests.SchemaCompareSaveScmpFileForProjectToDB() in /Users/aasimkhan/src/sqltoolsservice/test/Microsoft.SqlTools.ServiceLayer.IntegrationTests/SchemaCompare/SchemaCompareServiceTests.cs:line 1100
   at NUnit.Framework.Internal.TaskAwaitAdapter.GenericAdapter`1.GetResult()
   at NUnit.Framework.Internal.AsyncToSyncAdapter.Await(Func`1 invoke)
   at NUnit.Framework.Internal.Commands.TestMethodCommand.RunTestMethod(TestExecutionContext context)
   at NUnit.Framework.Internal.Commands.TestMethodCommand.Execute(TestExecutionContext context)
   at NUnit.Framework.Internal.Execution.SimpleWorkItem.&lt;&gt;c__DisplayClass4_0.&lt;PerformWork&gt;b__0()
   at NUnit.Framework.Internal.ContextUtils.&lt;&gt;c__DisplayClass1_0`1.&lt;DoIsolated&gt;b__0(Object _)

1)    at Microsoft.SqlTools.ServiceLayer.Test.Common.TestConnectionProfileService.GetInstance(String key) in /Users/aasimkhan/src/sqltoolsservice/test/Microsoft.SqlTools.ServiceLayer.Test.Common/TestConnectionProfileService.cs:line 59
   at Microsoft.SqlTools.ServiceLayer.Test.Common.TestConnectionProfileService.GetConnectionParameters(String key, String databaseName) in /Users/aasimkhan/src/sqltoolsservice/test/Microsoft.SqlTools.ServiceLayer.Test.Common/TestConnectionProfileService.cs:line 65
   at Microsoft.SqlTools.ServiceLayer.Test.Common.TestConnectionProfileService.GetConnectionParameters(TestServerType serverType, String databaseName) in /Users/aasimkhan/src/sqltoolsservice/test/Microsoft.SqlTools.ServiceLayer.Test.Common/TestConnectionProfileService.cs:line 75
   at Microsoft.SqlTools.ServiceLayer.Test.Common.TestServiceProvider.InitLiveConnectionInfo(TestServerType serverType, String databaseName, String scriptFilePath) in /Users/aasimkhan/src/sqltoolsservice/test/Microsoft.SqlTools.ServiceLayer.Test.Common/TestServiceProvider.cs:line 142
   at System.Runtime.CompilerServices.AsyncMethodBuilderCore.Start[TStateMachine](TStateMachine&amp; stateMachine)
   at Microsoft.SqlTools.ServiceLayer.Test.Common.TestServiceProvider.InitLiveConnectionInfo(TestServerType serverType, String databaseName, String scriptFilePath)
   at Microsoft.SqlTools.ServiceLayer.Test.Common.TestServiceProvider.RunQueryAsync(TestServerType serverType, String databaseName, String queryText, Boolean throwOnError) in /Users/aasimkhan/src/sqltoolsservice/test/Microsoft.SqlTools.ServiceLayer.Test.Common/TestServiceProvider.cs:line 110
   at System.Runtime.CompilerServices.AsyncMethodBuilderCore.Start[TStateMachine](TStateMachine&amp; stateMachine)
   at Microsoft.SqlTools.ServiceLayer.Test.Common.TestServiceProvider.RunQueryAsync(TestServerType serverType, String databaseName, String queryText, Boolean throwOnError)
   at Microsoft.SqlTools.ServiceLayer.Test.Common.SqlTestDb.CreateNewAsync(TestServerType serverType, Boolean doNotCleanupDb, String databaseName, String query, String dbNamePrefix) in /Users/aasimkhan/src/sqltoolsservice/test/Microsoft.SqlTools.ServiceLayer.Test.Common/SqlTestDb.cs:line 101
   at System.Runtime.CompilerServices.AsyncMethodBuilderCore.Start[TStateMachine](TStateMachine&amp; stateMachine)
   at Microsoft.SqlTools.ServiceLayer.Test.Common.SqlTestDb.CreateNewAsync(TestServerType serverType, Boolean doNotCleanupDb, String databaseName, String query, String dbNamePrefix)
   at Microsoft.SqlTools.ServiceLayer.IntegrationTests.SchemaCompare.SchemaCompareServiceTests.SchemaCompareSaveScmpFileForProjectToDB() in /Users/aasimkhan/src/sqltoolsservice/test/Microsoft.SqlTools.ServiceLayer.IntegrationTests/SchemaCompare/SchemaCompareServiceTests.cs:line 1100
   at System.Runtime.CompilerServices.AsyncMethodBuilderCore.Start[TStateMachine](TStateMachine&amp; stateMachine)
   at Microsoft.SqlTools.ServiceLayer.IntegrationTests.SchemaCompare.SchemaCompareServiceTests.SchemaCompareSaveScmpFileForProjectToDB()</failure>
    </testcase>
    <testcase classname="Microsoft.SqlTools.ServiceLayer.IntegrationTests.SchemaCompare.SchemaCompareServiceTests" name="VerifyExtractTargetInScmpFile" time="0.0010480">
      <failure type="failure" message="  Cannot find any instance for version key: sqlOnPrem&#xA;  Expected: True&#xA;  But was:  False&#xA;">at Microsoft.SqlTools.ServiceLayer.Test.Common.TestConnectionProfileService.GetInstance(String key) in /Users/aasimkhan/src/sqltoolsservice/test/Microsoft.SqlTools.ServiceLayer.Test.Common/TestConnectionProfileService.cs:line 59
   at Microsoft.SqlTools.ServiceLayer.Test.Common.TestConnectionProfileService.GetConnectionParameters(String key, String databaseName) in /Users/aasimkhan/src/sqltoolsservice/test/Microsoft.SqlTools.ServiceLayer.Test.Common/TestConnectionProfileService.cs:line 65
   at Microsoft.SqlTools.ServiceLayer.Test.Common.TestConnectionProfileService.GetConnectionParameters(TestServerType serverType, String databaseName) in /Users/aasimkhan/src/sqltoolsservice/test/Microsoft.SqlTools.ServiceLayer.Test.Common/TestConnectionProfileService.cs:line 75
   at Microsoft.SqlTools.ServiceLayer.Test.Common.TestServiceProvider.InitLiveConnectionInfo(TestServerType serverType, String databaseName, String scriptFilePath) in /Users/aasimkhan/src/sqltoolsservice/test/Microsoft.SqlTools.ServiceLayer.Test.Common/TestServiceProvider.cs:line 142
   at Microsoft.SqlTools.ServiceLayer.Test.Common.TestServiceProvider.RunQueryAsync(TestServerType serverType, String databaseName, String queryText, Boolean throwOnError) in /Users/aasimkhan/src/sqltoolsservice/test/Microsoft.SqlTools.ServiceLayer.Test.Common/TestServiceProvider.cs:line 110
   at Microsoft.SqlTools.ServiceLayer.Test.Common.SqlTestDb.CreateNewAsync(TestServerType serverType, Boolean doNotCleanupDb, String databaseName, String query, String dbNamePrefix) in /Users/aasimkhan/src/sqltoolsservice/test/Microsoft.SqlTools.ServiceLayer.Test.Common/SqlTestDb.cs:line 101
   at Microsoft.SqlTools.ServiceLayer.IntegrationTests.SchemaCompare.SchemaCompareServiceTests.VerifyExtractTargetInScmpFile() in /Users/aasimkhan/src/sqltoolsservice/test/Microsoft.SqlTools.ServiceLayer.IntegrationTests/SchemaCompare/SchemaCompareServiceTests.cs:line 1211
   at NUnit.Framework.Internal.TaskAwaitAdapter.GenericAdapter`1.GetResult()
   at NUnit.Framework.Internal.AsyncToSyncAdapter.Await(Func`1 invoke)
   at NUnit.Framework.Internal.Commands.TestMethodCommand.RunTestMethod(TestExecutionContext context)
   at NUnit.Framework.Internal.Commands.TestMethodCommand.Execute(TestExecutionContext context)
   at NUnit.Framework.Internal.Execution.SimpleWorkItem.&lt;&gt;c__DisplayClass4_0.&lt;PerformWork&gt;b__0()
   at NUnit.Framework.Internal.ContextUtils.&lt;&gt;c__DisplayClass1_0`1.&lt;DoIsolated&gt;b__0(Object _)

1)    at Microsoft.SqlTools.ServiceLayer.Test.Common.TestConnectionProfileService.GetInstance(String key) in /Users/aasimkhan/src/sqltoolsservice/test/Microsoft.SqlTools.ServiceLayer.Test.Common/TestConnectionProfileService.cs:line 59
   at Microsoft.SqlTools.ServiceLayer.Test.Common.TestConnectionProfileService.GetConnectionParameters(String key, String databaseName) in /Users/aasimkhan/src/sqltoolsservice/test/Microsoft.SqlTools.ServiceLayer.Test.Common/TestConnectionProfileService.cs:line 65
   at Microsoft.SqlTools.ServiceLayer.Test.Common.TestConnectionProfileService.GetConnectionParameters(TestServerType serverType, String databaseName) in /Users/aasimkhan/src/sqltoolsservice/test/Microsoft.SqlTools.ServiceLayer.Test.Common/TestConnectionProfileService.cs:line 75
   at Microsoft.SqlTools.ServiceLayer.Test.Common.TestServiceProvider.InitLiveConnectionInfo(TestServerType serverType, String databaseName, String scriptFilePath) in /Users/aasimkhan/src/sqltoolsservice/test/Microsoft.SqlTools.ServiceLayer.Test.Common/TestServiceProvider.cs:line 142
   at System.Runtime.CompilerServices.AsyncMethodBuilderCore.Start[TStateMachine](TStateMachine&amp; stateMachine)
   at Microsoft.SqlTools.ServiceLayer.Test.Common.TestServiceProvider.InitLiveConnectionInfo(TestServerType serverType, String databaseName, String scriptFilePath)
   at Microsoft.SqlTools.ServiceLayer.Test.Common.TestServiceProvider.RunQueryAsync(TestServerType serverType, String databaseName, String queryText, Boolean throwOnError) in /Users/aasimkhan/src/sqltoolsservice/test/Microsoft.SqlTools.ServiceLayer.Test.Common/TestServiceProvider.cs:line 110
   at System.Runtime.CompilerServices.AsyncMethodBuilderCore.Start[TStateMachine](TStateMachine&amp; stateMachine)
   at Microsoft.SqlTools.ServiceLayer.Test.Common.TestServiceProvider.RunQueryAsync(TestServerType serverType, String databaseName, String queryText, Boolean throwOnError)
   at Microsoft.SqlTools.ServiceLayer.Test.Common.SqlTestDb.CreateNewAsync(TestServerType serverType, Boolean doNotCleanupDb, String databaseName, String query, String dbNamePrefix) in /Users/aasimkhan/src/sqltoolsservice/test/Microsoft.SqlTools.ServiceLayer.Test.Common/SqlTestDb.cs:line 101
   at System.Runtime.CompilerServices.AsyncMethodBuilderCore.Start[TStateMachine](TStateMachine&amp; stateMachine)
   at Microsoft.SqlTools.ServiceLayer.Test.Common.SqlTestDb.CreateNewAsync(TestServerType serverType, Boolean doNotCleanupDb, String databaseName, String query, String dbNamePrefix)
   at Microsoft.SqlTools.ServiceLayer.IntegrationTests.SchemaCompare.SchemaCompareServiceTests.VerifyExtractTargetInScmpFile() in /Users/aasimkhan/src/sqltoolsservice/test/Microsoft.SqlTools.ServiceLayer.IntegrationTests/SchemaCompare/SchemaCompareServiceTests.cs:line 1211
   at System.Runtime.CompilerServices.AsyncMethodBuilderCore.Start[TStateMachine](TStateMachine&amp; stateMachine)
   at Microsoft.SqlTools.ServiceLayer.IntegrationTests.SchemaCompare.SchemaCompareServiceTests.VerifyExtractTargetInScmpFile()</failure>
    </testcase>
    <testcase classname="Microsoft.SqlTools.ServiceLayer.IntegrationTests.SchemaCompare.SchemaCompareServiceTests" name="VerifyOpenScmpIsBackwardCompatible" time="0.0295670" />
    <testcase classname="Microsoft.SqlTools.ServiceLayer.IntegrationTests.SchemaCompare.SchemaCompareServiceTests" name="VerifySchemaCompareServiceCalls" time="0.0031230">
      <failure type="failure" message="  Cannot find any instance for version key: sqlOnPrem&#xA;  Expected: True&#xA;  But was:  False&#xA;">at Microsoft.SqlTools.ServiceLayer.Test.Common.TestConnectionProfileService.GetInstance(String key) in /Users/aasimkhan/src/sqltoolsservice/test/Microsoft.SqlTools.ServiceLayer.Test.Common/TestConnectionProfileService.cs:line 59
   at Microsoft.SqlTools.ServiceLayer.Test.Common.TestConnectionProfileService.GetConnectionParameters(String key, String databaseName) in /Users/aasimkhan/src/sqltoolsservice/test/Microsoft.SqlTools.ServiceLayer.Test.Common/TestConnectionProfileService.cs:line 65
   at Microsoft.SqlTools.ServiceLayer.Test.Common.TestConnectionProfileService.GetConnectionParameters(TestServerType serverType, String databaseName) in /Users/aasimkhan/src/sqltoolsservice/test/Microsoft.SqlTools.ServiceLayer.Test.Common/TestConnectionProfileService.cs:line 75
   at Microsoft.SqlTools.ServiceLayer.IntegrationTests.Utility.LiveConnectionHelper.InitLiveConnectionInfoAsync(String databaseName, String ownerUri, String connectionType, TestServerType serverType) in /Users/aasimkhan/src/sqltoolsservice/test/Microsoft.SqlTools.ServiceLayer.IntegrationTests/Utility/LiveConnectionHelper.cs:line 68
   at Microsoft.SqlTools.ServiceLayer.IntegrationTests.Utility.LiveConnectionHelper.InitLiveConnectionInfo(String databaseName, String ownerUri) in /Users/aasimkhan/src/sqltoolsservice/test/Microsoft.SqlTools.ServiceLayer.IntegrationTests/Utility/LiveConnectionHelper.cs:line 52
   at Microsoft.SqlTools.ServiceLayer.IntegrationTests.SchemaCompare.SchemaCompareTestUtils.GetLiveAutoCompleteTestObjects() in /Users/aasimkhan/src/sqltoolsservice/test/Microsoft.SqlTools.ServiceLayer.IntegrationTests/SchemaCompare/SchemaCompareTestUtils.cs:line 141
   at Microsoft.SqlTools.ServiceLayer.IntegrationTests.SchemaCompare.SchemaCompareServiceTests.VerifySchemaCompareServiceCalls() in /Users/aasimkhan/src/sqltoolsservice/test/Microsoft.SqlTools.ServiceLayer.IntegrationTests/SchemaCompare/SchemaCompareServiceTests.cs:line 1298
   at NUnit.Framework.Internal.TaskAwaitAdapter.GenericAdapter`1.GetResult()
   at NUnit.Framework.Internal.AsyncToSyncAdapter.Await(Func`1 invoke)
   at NUnit.Framework.Internal.Commands.TestMethodCommand.RunTestMethod(TestExecutionContext context)
   at NUnit.Framework.Internal.Commands.TestMethodCommand.Execute(TestExecutionContext context)
   at NUnit.Framework.Internal.Execution.SimpleWorkItem.&lt;&gt;c__DisplayClass4_0.&lt;PerformWork&gt;b__0()
   at NUnit.Framework.Internal.ContextUtils.&lt;&gt;c__DisplayClass1_0`1.&lt;DoIsolated&gt;b__0(Object _)

1)    at Microsoft.SqlTools.ServiceLayer.Test.Common.TestConnectionProfileService.GetInstance(String key) in /Users/aasimkhan/src/sqltoolsservice/test/Microsoft.SqlTools.ServiceLayer.Test.Common/TestConnectionProfileService.cs:line 59
   at Microsoft.SqlTools.ServiceLayer.Test.Common.TestConnectionProfileService.GetConnectionParameters(String key, String databaseName) in /Users/aasimkhan/src/sqltoolsservice/test/Microsoft.SqlTools.ServiceLayer.Test.Common/TestConnectionProfileService.cs:line 65
   at Microsoft.SqlTools.ServiceLayer.Test.Common.TestConnectionProfileService.GetConnectionParameters(TestServerType serverType, String databaseName) in /Users/aasimkhan/src/sqltoolsservice/test/Microsoft.SqlTools.ServiceLayer.Test.Common/TestConnectionProfileService.cs:line 75
   at Microsoft.SqlTools.ServiceLayer.IntegrationTests.Utility.LiveConnectionHelper.InitLiveConnectionInfoAsync(String databaseName, String ownerUri, String connectionType, TestServerType serverType) in /Users/aasimkhan/src/sqltoolsservice/test/Microsoft.SqlTools.ServiceLayer.IntegrationTests/Utility/LiveConnectionHelper.cs:line 68
   at System.Runtime.CompilerServices.AsyncMethodBuilderCore.Start[TStateMachine](TStateMachine&amp; stateMachine)
   at Microsoft.SqlTools.ServiceLayer.IntegrationTests.Utility.LiveConnectionHelper.InitLiveConnectionInfoAsync(String databaseName, String ownerUri, String connectionType, TestServerType serverType)
   at Microsoft.SqlTools.ServiceLayer.IntegrationTests.Utility.LiveConnectionHelper.InitLiveConnectionInfo(String databaseName, String ownerUri) in /Users/aasimkhan/src/sqltoolsservice/test/Microsoft.SqlTools.ServiceLayer.IntegrationTests/Utility/LiveConnectionHelper.cs:line 52
   at Microsoft.SqlTools.ServiceLayer.IntegrationTests.SchemaCompare.SchemaCompareTestUtils.GetLiveAutoCompleteTestObjects() in /Users/aasimkhan/src/sqltoolsservice/test/Microsoft.SqlTools.ServiceLayer.IntegrationTests/SchemaCompare/SchemaCompareTestUtils.cs:line 141
   at Microsoft.SqlTools.ServiceLayer.IntegrationTests.SchemaCompare.SchemaCompareServiceTests.VerifySchemaCompareServiceCalls() in /Users/aasimkhan/src/sqltoolsservice/test/Microsoft.SqlTools.ServiceLayer.IntegrationTests/SchemaCompare/SchemaCompareServiceTests.cs:line 1298
   at System.Runtime.CompilerServices.AsyncMethodBuilderCore.Start[TStateMachine](TStateMachine&amp; stateMachine)
   at Microsoft.SqlTools.ServiceLayer.IntegrationTests.SchemaCompare.SchemaCompareServiceTests.VerifySchemaCompareServiceCalls()</failure>
    </testcase>
    <testcase classname="Microsoft.SqlTools.ServiceLayer.IntegrationTests.SchemaCompare.SchemaCompareServiceTests" name="VerifySchemaCompareWarningsBeingExcluded" time="0.0013310">
      <failure type="failure" message="  Cannot find any instance for version key: sqlOnPrem&#xA;  Expected: True&#xA;  But was:  False&#xA;">at Microsoft.SqlTools.ServiceLayer.Test.Common.TestConnectionProfileService.GetInstance(String key) in /Users/aasimkhan/src/sqltoolsservice/test/Microsoft.SqlTools.ServiceLayer.Test.Common/TestConnectionProfileService.cs:line 59
   at Microsoft.SqlTools.ServiceLayer.Test.Common.TestConnectionProfileService.GetConnectionParameters(String key, String databaseName) in /Users/aasimkhan/src/sqltoolsservice/test/Microsoft.SqlTools.ServiceLayer.Test.Common/TestConnectionProfileService.cs:line 65
   at Microsoft.SqlTools.ServiceLayer.Test.Common.TestConnectionProfileService.GetConnectionParameters(TestServerType serverType, String databaseName) in /Users/aasimkhan/src/sqltoolsservice/test/Microsoft.SqlTools.ServiceLayer.Test.Common/TestConnectionProfileService.cs:line 75
   at Microsoft.SqlTools.ServiceLayer.IntegrationTests.Utility.LiveConnectionHelper.InitLiveConnectionInfoAsync(String databaseName, String ownerUri, String connectionType, TestServerType serverType) in /Users/aasimkhan/src/sqltoolsservice/test/Microsoft.SqlTools.ServiceLayer.IntegrationTests/Utility/LiveConnectionHelper.cs:line 68
   at Microsoft.SqlTools.ServiceLayer.IntegrationTests.Utility.LiveConnectionHelper.InitLiveConnectionInfo(String databaseName, String ownerUri) in /Users/aasimkhan/src/sqltoolsservice/test/Microsoft.SqlTools.ServiceLayer.IntegrationTests/Utility/LiveConnectionHelper.cs:line 52
   at Microsoft.SqlTools.ServiceLayer.IntegrationTests.SchemaCompare.SchemaCompareTestUtils.GetLiveAutoCompleteTestObjects() in /Users/aasimkhan/src/sqltoolsservice/test/Microsoft.SqlTools.ServiceLayer.IntegrationTests/SchemaCompare/SchemaCompareTestUtils.cs:line 141
   at Microsoft.SqlTools.ServiceLayer.IntegrationTests.SchemaCompare.SchemaCompareServiceTests.VerifySchemaCompareWarningsBeingExcluded() in /Users/aasimkhan/src/sqltoolsservice/test/Microsoft.SqlTools.ServiceLayer.IntegrationTests/SchemaCompare/SchemaCompareServiceTests.cs:line 1638
   at NUnit.Framework.Internal.TaskAwaitAdapter.GenericAdapter`1.GetResult()
   at NUnit.Framework.Internal.AsyncToSyncAdapter.Await(Func`1 invoke)
   at NUnit.Framework.Internal.Commands.TestMethodCommand.RunTestMethod(TestExecutionContext context)
   at NUnit.Framework.Internal.Commands.TestMethodCommand.Execute(TestExecutionContext context)
   at NUnit.Framework.Internal.Execution.SimpleWorkItem.&lt;&gt;c__DisplayClass4_0.&lt;PerformWork&gt;b__0()
   at NUnit.Framework.Internal.ContextUtils.&lt;&gt;c__DisplayClass1_0`1.&lt;DoIsolated&gt;b__0(Object _)

1)    at Microsoft.SqlTools.ServiceLayer.Test.Common.TestConnectionProfileService.GetInstance(String key) in /Users/aasimkhan/src/sqltoolsservice/test/Microsoft.SqlTools.ServiceLayer.Test.Common/TestConnectionProfileService.cs:line 59
   at Microsoft.SqlTools.ServiceLayer.Test.Common.TestConnectionProfileService.GetConnectionParameters(String key, String databaseName) in /Users/aasimkhan/src/sqltoolsservice/test/Microsoft.SqlTools.ServiceLayer.Test.Common/TestConnectionProfileService.cs:line 65
   at Microsoft.SqlTools.ServiceLayer.Test.Common.TestConnectionProfileService.GetConnectionParameters(TestServerType serverType, String databaseName) in /Users/aasimkhan/src/sqltoolsservice/test/Microsoft.SqlTools.ServiceLayer.Test.Common/TestConnectionProfileService.cs:line 75
   at Microsoft.SqlTools.ServiceLayer.IntegrationTests.Utility.LiveConnectionHelper.InitLiveConnectionInfoAsync(String databaseName, String ownerUri, String connectionType, TestServerType serverType) in /Users/aasimkhan/src/sqltoolsservice/test/Microsoft.SqlTools.ServiceLayer.IntegrationTests/Utility/LiveConnectionHelper.cs:line 68
   at System.Runtime.CompilerServices.AsyncMethodBuilderCore.Start[TStateMachine](TStateMachine&amp; stateMachine)
   at Microsoft.SqlTools.ServiceLayer.IntegrationTests.Utility.LiveConnectionHelper.InitLiveConnectionInfoAsync(String databaseName, String ownerUri, String connectionType, TestServerType serverType)
   at Microsoft.SqlTools.ServiceLayer.IntegrationTests.Utility.LiveConnectionHelper.InitLiveConnectionInfo(String databaseName, String ownerUri) in /Users/aasimkhan/src/sqltoolsservice/test/Microsoft.SqlTools.ServiceLayer.IntegrationTests/Utility/LiveConnectionHelper.cs:line 52
   at Microsoft.SqlTools.ServiceLayer.IntegrationTests.SchemaCompare.SchemaCompareTestUtils.GetLiveAutoCompleteTestObjects() in /Users/aasimkhan/src/sqltoolsservice/test/Microsoft.SqlTools.ServiceLayer.IntegrationTests/SchemaCompare/SchemaCompareTestUtils.cs:line 141
   at Microsoft.SqlTools.ServiceLayer.IntegrationTests.SchemaCompare.SchemaCompareServiceTests.VerifySchemaCompareWarningsBeingExcluded() in /Users/aasimkhan/src/sqltoolsservice/test/Microsoft.SqlTools.ServiceLayer.IntegrationTests/SchemaCompare/SchemaCompareServiceTests.cs:line 1638
   at System.Runtime.CompilerServices.AsyncMethodBuilderCore.Start[TStateMachine](TStateMachine&amp; stateMachine)
   at Microsoft.SqlTools.ServiceLayer.IntegrationTests.SchemaCompare.SchemaCompareServiceTests.VerifySchemaCompareWarningsBeingExcluded()</failure>
    </testcase>
    <testcase classname="Microsoft.SqlTools.ServiceLayer.IntegrationTests.Scripting.AsyncScriptAsScriptingOperationTests" name="TestCommonScenarios(&quot;\n                        CREATE TABLE selectTable (c1 int)\n                   &quot;,Microsoft.SqlTools.SqlCore.Scripting.Contracts.ScriptingParams,System.Collections.Generic.List`1[System.String])" time="0.0010990">
      <failure type="failure" message="  Cannot find any instance for version key: sqlOnPrem&#xA;  Expected: True&#xA;  But was:  False&#xA;">at Microsoft.SqlTools.ServiceLayer.Test.Common.TestConnectionProfileService.GetInstance(String key) in /Users/aasimkhan/src/sqltoolsservice/test/Microsoft.SqlTools.ServiceLayer.Test.Common/TestConnectionProfileService.cs:line 59
   at Microsoft.SqlTools.ServiceLayer.Test.Common.TestConnectionProfileService.GetConnectionParameters(String key, String databaseName) in /Users/aasimkhan/src/sqltoolsservice/test/Microsoft.SqlTools.ServiceLayer.Test.Common/TestConnectionProfileService.cs:line 65
   at Microsoft.SqlTools.ServiceLayer.Test.Common.TestConnectionProfileService.GetConnectionParameters(TestServerType serverType, String databaseName) in /Users/aasimkhan/src/sqltoolsservice/test/Microsoft.SqlTools.ServiceLayer.Test.Common/TestConnectionProfileService.cs:line 75
   at Microsoft.SqlTools.ServiceLayer.Test.Common.TestServiceProvider.InitLiveConnectionInfo(TestServerType serverType, String databaseName, String scriptFilePath) in /Users/aasimkhan/src/sqltoolsservice/test/Microsoft.SqlTools.ServiceLayer.Test.Common/TestServiceProvider.cs:line 142
   at Microsoft.SqlTools.ServiceLayer.Test.Common.TestServiceProvider.RunQueryAsync(TestServerType serverType, String databaseName, String queryText, Boolean throwOnError) in /Users/aasimkhan/src/sqltoolsservice/test/Microsoft.SqlTools.ServiceLayer.Test.Common/TestServiceProvider.cs:line 110
   at Microsoft.SqlTools.ServiceLayer.Test.Common.SqlTestDb.CreateNewAsync(TestServerType serverType, Boolean doNotCleanupDb, String databaseName, String query, String dbNamePrefix) in /Users/aasimkhan/src/sqltoolsservice/test/Microsoft.SqlTools.ServiceLayer.Test.Common/SqlTestDb.cs:line 101
   at Microsoft.SqlTools.ServiceLayer.IntegrationTests.Scripting.AsyncScriptAsScriptingOperationTests.TestCommonScenarios(String query, ScriptingParams scriptingParams, List`1 expectedScriptContents) in /Users/aasimkhan/src/sqltoolsservice/test/Microsoft.SqlTools.ServiceLayer.IntegrationTests/Scripting/AsyncScriptAsScriptingOperationTests.cs:line 131
   at NUnit.Framework.Internal.TaskAwaitAdapter.GenericAdapter`1.GetResult()
   at NUnit.Framework.Internal.AsyncToSyncAdapter.Await(Func`1 invoke)
   at NUnit.Framework.Internal.Commands.TestMethodCommand.RunTestMethod(TestExecutionContext context)
   at NUnit.Framework.Internal.Commands.TestMethodCommand.Execute(TestExecutionContext context)
   at NUnit.Framework.Internal.Execution.SimpleWorkItem.&lt;&gt;c__DisplayClass4_0.&lt;PerformWork&gt;b__0()
   at NUnit.Framework.Internal.ContextUtils.&lt;&gt;c__DisplayClass1_0`1.&lt;DoIsolated&gt;b__0(Object _)

1)    at Microsoft.SqlTools.ServiceLayer.Test.Common.TestConnectionProfileService.GetInstance(String key) in /Users/aasimkhan/src/sqltoolsservice/test/Microsoft.SqlTools.ServiceLayer.Test.Common/TestConnectionProfileService.cs:line 59
   at Microsoft.SqlTools.ServiceLayer.Test.Common.TestConnectionProfileService.GetConnectionParameters(String key, String databaseName) in /Users/aasimkhan/src/sqltoolsservice/test/Microsoft.SqlTools.ServiceLayer.Test.Common/TestConnectionProfileService.cs:line 65
   at Microsoft.SqlTools.ServiceLayer.Test.Common.TestConnectionProfileService.GetConnectionParameters(TestServerType serverType, String databaseName) in /Users/aasimkhan/src/sqltoolsservice/test/Microsoft.SqlTools.ServiceLayer.Test.Common/TestConnectionProfileService.cs:line 75
   at Microsoft.SqlTools.ServiceLayer.Test.Common.TestServiceProvider.InitLiveConnectionInfo(TestServerType serverType, String databaseName, String scriptFilePath) in /Users/aasimkhan/src/sqltoolsservice/test/Microsoft.SqlTools.ServiceLayer.Test.Common/TestServiceProvider.cs:line 142
   at System.Runtime.CompilerServices.AsyncMethodBuilderCore.Start[TStateMachine](TStateMachine&amp; stateMachine)
   at Microsoft.SqlTools.ServiceLayer.Test.Common.TestServiceProvider.InitLiveConnectionInfo(TestServerType serverType, String databaseName, String scriptFilePath)
   at Microsoft.SqlTools.ServiceLayer.Test.Common.TestServiceProvider.RunQueryAsync(TestServerType serverType, String databaseName, String queryText, Boolean throwOnError) in /Users/aasimkhan/src/sqltoolsservice/test/Microsoft.SqlTools.ServiceLayer.Test.Common/TestServiceProvider.cs:line 110
   at System.Runtime.CompilerServices.AsyncMethodBuilderCore.Start[TStateMachine](TStateMachine&amp; stateMachine)
   at Microsoft.SqlTools.ServiceLayer.Test.Common.TestServiceProvider.RunQueryAsync(TestServerType serverType, String databaseName, String queryText, Boolean throwOnError)
   at Microsoft.SqlTools.ServiceLayer.Test.Common.SqlTestDb.CreateNewAsync(TestServerType serverType, Boolean doNotCleanupDb, String databaseName, String query, String dbNamePrefix) in /Users/aasimkhan/src/sqltoolsservice/test/Microsoft.SqlTools.ServiceLayer.Test.Common/SqlTestDb.cs:line 101
   at System.Runtime.CompilerServices.AsyncMethodBuilderCore.Start[TStateMachine](TStateMachine&amp; stateMachine)
   at Microsoft.SqlTools.ServiceLayer.Test.Common.SqlTestDb.CreateNewAsync(TestServerType serverType, Boolean doNotCleanupDb, String databaseName, String query, String dbNamePrefix)
   at Microsoft.SqlTools.ServiceLayer.IntegrationTests.Scripting.AsyncScriptAsScriptingOperationTests.TestCommonScenarios(String query, ScriptingParams scriptingParams, List`1 expectedScriptContents) in /Users/aasimkhan/src/sqltoolsservice/test/Microsoft.SqlTools.ServiceLayer.IntegrationTests/Scripting/AsyncScriptAsScriptingOperationTests.cs:line 131
   at System.Runtime.CompilerServices.AsyncMethodBuilderCore.Start[TStateMachine](TStateMachine&amp; stateMachine)
   at Microsoft.SqlTools.ServiceLayer.IntegrationTests.Scripting.AsyncScriptAsScriptingOperationTests.TestCommonScenarios(String query, ScriptingParams scriptingParams, List`1 expectedScriptContents)</failure>
    </testcase>
    <testcase classname="Microsoft.SqlTools.ServiceLayer.IntegrationTests.Scripting.AsyncScriptAsScriptingOperationTests" name="TestCommonScenarios(&quot;\n                    CREATE TABLE dropTable (c1 int)\n                    &quot;,Microsoft.SqlTools.SqlCore.Scripting.Contracts.ScriptingParams,System.Collections.Generic.List`1[System.String])" time="0.0007370">
      <failure type="failure" message="  Cannot find any instance for version key: sqlOnPrem&#xA;  Expected: True&#xA;  But was:  False&#xA;">at Microsoft.SqlTools.ServiceLayer.Test.Common.TestConnectionProfileService.GetInstance(String key) in /Users/aasimkhan/src/sqltoolsservice/test/Microsoft.SqlTools.ServiceLayer.Test.Common/TestConnectionProfileService.cs:line 59
   at Microsoft.SqlTools.ServiceLayer.Test.Common.TestConnectionProfileService.GetConnectionParameters(String key, String databaseName) in /Users/aasimkhan/src/sqltoolsservice/test/Microsoft.SqlTools.ServiceLayer.Test.Common/TestConnectionProfileService.cs:line 65
   at Microsoft.SqlTools.ServiceLayer.Test.Common.TestConnectionProfileService.GetConnectionParameters(TestServerType serverType, String databaseName) in /Users/aasimkhan/src/sqltoolsservice/test/Microsoft.SqlTools.ServiceLayer.Test.Common/TestConnectionProfileService.cs:line 75
   at Microsoft.SqlTools.ServiceLayer.Test.Common.TestServiceProvider.InitLiveConnectionInfo(TestServerType serverType, String databaseName, String scriptFilePath) in /Users/aasimkhan/src/sqltoolsservice/test/Microsoft.SqlTools.ServiceLayer.Test.Common/TestServiceProvider.cs:line 142
   at Microsoft.SqlTools.ServiceLayer.Test.Common.TestServiceProvider.RunQueryAsync(TestServerType serverType, String databaseName, String queryText, Boolean throwOnError) in /Users/aasimkhan/src/sqltoolsservice/test/Microsoft.SqlTools.ServiceLayer.Test.Common/TestServiceProvider.cs:line 110
   at Microsoft.SqlTools.ServiceLayer.Test.Common.SqlTestDb.CreateNewAsync(TestServerType serverType, Boolean doNotCleanupDb, String databaseName, String query, String dbNamePrefix) in /Users/aasimkhan/src/sqltoolsservice/test/Microsoft.SqlTools.ServiceLayer.Test.Common/SqlTestDb.cs:line 101
   at Microsoft.SqlTools.ServiceLayer.IntegrationTests.Scripting.AsyncScriptAsScriptingOperationTests.TestCommonScenarios(String query, ScriptingParams scriptingParams, List`1 expectedScriptContents) in /Users/aasimkhan/src/sqltoolsservice/test/Microsoft.SqlTools.ServiceLayer.IntegrationTests/Scripting/AsyncScriptAsScriptingOperationTests.cs:line 131
   at NUnit.Framework.Internal.TaskAwaitAdapter.GenericAdapter`1.GetResult()
   at NUnit.Framework.Internal.AsyncToSyncAdapter.Await(Func`1 invoke)
   at NUnit.Framework.Internal.Commands.TestMethodCommand.RunTestMethod(TestExecutionContext context)
   at NUnit.Framework.Internal.Commands.TestMethodCommand.Execute(TestExecutionContext context)
   at NUnit.Framework.Internal.Execution.SimpleWorkItem.&lt;&gt;c__DisplayClass4_0.&lt;PerformWork&gt;b__0()
   at NUnit.Framework.Internal.ContextUtils.&lt;&gt;c__DisplayClass1_0`1.&lt;DoIsolated&gt;b__0(Object _)

1)    at Microsoft.SqlTools.ServiceLayer.Test.Common.TestConnectionProfileService.GetInstance(String key) in /Users/aasimkhan/src/sqltoolsservice/test/Microsoft.SqlTools.ServiceLayer.Test.Common/TestConnectionProfileService.cs:line 59
   at Microsoft.SqlTools.ServiceLayer.Test.Common.TestConnectionProfileService.GetConnectionParameters(String key, String databaseName) in /Users/aasimkhan/src/sqltoolsservice/test/Microsoft.SqlTools.ServiceLayer.Test.Common/TestConnectionProfileService.cs:line 65
   at Microsoft.SqlTools.ServiceLayer.Test.Common.TestConnectionProfileService.GetConnectionParameters(TestServerType serverType, String databaseName) in /Users/aasimkhan/src/sqltoolsservice/test/Microsoft.SqlTools.ServiceLayer.Test.Common/TestConnectionProfileService.cs:line 75
   at Microsoft.SqlTools.ServiceLayer.Test.Common.TestServiceProvider.InitLiveConnectionInfo(TestServerType serverType, String databaseName, String scriptFilePath) in /Users/aasimkhan/src/sqltoolsservice/test/Microsoft.SqlTools.ServiceLayer.Test.Common/TestServiceProvider.cs:line 142
   at System.Runtime.CompilerServices.AsyncMethodBuilderCore.Start[TStateMachine](TStateMachine&amp; stateMachine)
   at Microsoft.SqlTools.ServiceLayer.Test.Common.TestServiceProvider.InitLiveConnectionInfo(TestServerType serverType, String databaseName, String scriptFilePath)
   at Microsoft.SqlTools.ServiceLayer.Test.Common.TestServiceProvider.RunQueryAsync(TestServerType serverType, String databaseName, String queryText, Boolean throwOnError) in /Users/aasimkhan/src/sqltoolsservice/test/Microsoft.SqlTools.ServiceLayer.Test.Common/TestServiceProvider.cs:line 110
   at System.Runtime.CompilerServices.AsyncMethodBuilderCore.Start[TStateMachine](TStateMachine&amp; stateMachine)
   at Microsoft.SqlTools.ServiceLayer.Test.Common.TestServiceProvider.RunQueryAsync(TestServerType serverType, String databaseName, String queryText, Boolean throwOnError)
   at Microsoft.SqlTools.ServiceLayer.Test.Common.SqlTestDb.CreateNewAsync(TestServerType serverType, Boolean doNotCleanupDb, String databaseName, String query, String dbNamePrefix) in /Users/aasimkhan/src/sqltoolsservice/test/Microsoft.SqlTools.ServiceLayer.Test.Common/SqlTestDb.cs:line 101
   at System.Runtime.CompilerServices.AsyncMethodBuilderCore.Start[TStateMachine](TStateMachine&amp; stateMachine)
   at Microsoft.SqlTools.ServiceLayer.Test.Common.SqlTestDb.CreateNewAsync(TestServerType serverType, Boolean doNotCleanupDb, String databaseName, String query, String dbNamePrefix)
   at Microsoft.SqlTools.ServiceLayer.IntegrationTests.Scripting.AsyncScriptAsScriptingOperationTests.TestCommonScenarios(String query, ScriptingParams scriptingParams, List`1 expectedScriptContents) in /Users/aasimkhan/src/sqltoolsservice/test/Microsoft.SqlTools.ServiceLayer.IntegrationTests/Scripting/AsyncScriptAsScriptingOperationTests.cs:line 131
   at System.Runtime.CompilerServices.AsyncMethodBuilderCore.Start[TStateMachine](TStateMachine&amp; stateMachine)
   at Microsoft.SqlTools.ServiceLayer.IntegrationTests.Scripting.AsyncScriptAsScriptingOperationTests.TestCommonScenarios(String query, ScriptingParams scriptingParams, List`1 expectedScriptContents)
   at InvokeStub_AsyncScriptAsScriptingOperationTests.TestCommonScenarios(Object, Span`1)</failure>
    </testcase>
    <testcase classname="Microsoft.SqlTools.ServiceLayer.IntegrationTests.Scripting.AsyncScriptAsScriptingOperationTests" name="TestCommonScenarios(&quot;CREATE TABLE createTable (c1 int)&quot;,Microsoft.SqlTools.SqlCore.Scripting.Contracts.ScriptingParams,System.Collections.Generic.List`1[System.String])" time="0.0006610">
      <failure type="failure" message="  Cannot find any instance for version key: sqlOnPrem&#xA;  Expected: True&#xA;  But was:  False&#xA;">at Microsoft.SqlTools.ServiceLayer.Test.Common.TestConnectionProfileService.GetInstance(String key) in /Users/aasimkhan/src/sqltoolsservice/test/Microsoft.SqlTools.ServiceLayer.Test.Common/TestConnectionProfileService.cs:line 59
   at Microsoft.SqlTools.ServiceLayer.Test.Common.TestConnectionProfileService.GetConnectionParameters(String key, String databaseName) in /Users/aasimkhan/src/sqltoolsservice/test/Microsoft.SqlTools.ServiceLayer.Test.Common/TestConnectionProfileService.cs:line 65
   at Microsoft.SqlTools.ServiceLayer.Test.Common.TestConnectionProfileService.GetConnectionParameters(TestServerType serverType, String databaseName) in /Users/aasimkhan/src/sqltoolsservice/test/Microsoft.SqlTools.ServiceLayer.Test.Common/TestConnectionProfileService.cs:line 75
   at Microsoft.SqlTools.ServiceLayer.Test.Common.TestServiceProvider.InitLiveConnectionInfo(TestServerType serverType, String databaseName, String scriptFilePath) in /Users/aasimkhan/src/sqltoolsservice/test/Microsoft.SqlTools.ServiceLayer.Test.Common/TestServiceProvider.cs:line 142
   at Microsoft.SqlTools.ServiceLayer.Test.Common.TestServiceProvider.RunQueryAsync(TestServerType serverType, String databaseName, String queryText, Boolean throwOnError) in /Users/aasimkhan/src/sqltoolsservice/test/Microsoft.SqlTools.ServiceLayer.Test.Common/TestServiceProvider.cs:line 110
   at Microsoft.SqlTools.ServiceLayer.Test.Common.SqlTestDb.CreateNewAsync(TestServerType serverType, Boolean doNotCleanupDb, String databaseName, String query, String dbNamePrefix) in /Users/aasimkhan/src/sqltoolsservice/test/Microsoft.SqlTools.ServiceLayer.Test.Common/SqlTestDb.cs:line 101
   at Microsoft.SqlTools.ServiceLayer.IntegrationTests.Scripting.AsyncScriptAsScriptingOperationTests.TestCommonScenarios(String query, ScriptingParams scriptingParams, List`1 expectedScriptContents) in /Users/aasimkhan/src/sqltoolsservice/test/Microsoft.SqlTools.ServiceLayer.IntegrationTests/Scripting/AsyncScriptAsScriptingOperationTests.cs:line 131
   at NUnit.Framework.Internal.TaskAwaitAdapter.GenericAdapter`1.GetResult()
   at NUnit.Framework.Internal.AsyncToSyncAdapter.Await(Func`1 invoke)
   at NUnit.Framework.Internal.Commands.TestMethodCommand.RunTestMethod(TestExecutionContext context)
   at NUnit.Framework.Internal.Commands.TestMethodCommand.Execute(TestExecutionContext context)
   at NUnit.Framework.Internal.Execution.SimpleWorkItem.&lt;&gt;c__DisplayClass4_0.&lt;PerformWork&gt;b__0()
   at NUnit.Framework.Internal.ContextUtils.&lt;&gt;c__DisplayClass1_0`1.&lt;DoIsolated&gt;b__0(Object _)

1)    at Microsoft.SqlTools.ServiceLayer.Test.Common.TestConnectionProfileService.GetInstance(String key) in /Users/aasimkhan/src/sqltoolsservice/test/Microsoft.SqlTools.ServiceLayer.Test.Common/TestConnectionProfileService.cs:line 59
   at Microsoft.SqlTools.ServiceLayer.Test.Common.TestConnectionProfileService.GetConnectionParameters(String key, String databaseName) in /Users/aasimkhan/src/sqltoolsservice/test/Microsoft.SqlTools.ServiceLayer.Test.Common/TestConnectionProfileService.cs:line 65
   at Microsoft.SqlTools.ServiceLayer.Test.Common.TestConnectionProfileService.GetConnectionParameters(TestServerType serverType, String databaseName) in /Users/aasimkhan/src/sqltoolsservice/test/Microsoft.SqlTools.ServiceLayer.Test.Common/TestConnectionProfileService.cs:line 75
   at Microsoft.SqlTools.ServiceLayer.Test.Common.TestServiceProvider.InitLiveConnectionInfo(TestServerType serverType, String databaseName, String scriptFilePath) in /Users/aasimkhan/src/sqltoolsservice/test/Microsoft.SqlTools.ServiceLayer.Test.Common/TestServiceProvider.cs:line 142
   at System.Runtime.CompilerServices.AsyncMethodBuilderCore.Start[TStateMachine](TStateMachine&amp; stateMachine)
   at Microsoft.SqlTools.ServiceLayer.Test.Common.TestServiceProvider.InitLiveConnectionInfo(TestServerType serverType, String databaseName, String scriptFilePath)
   at Microsoft.SqlTools.ServiceLayer.Test.Common.TestServiceProvider.RunQueryAsync(TestServerType serverType, String databaseName, String queryText, Boolean throwOnError) in /Users/aasimkhan/src/sqltoolsservice/test/Microsoft.SqlTools.ServiceLayer.Test.Common/TestServiceProvider.cs:line 110
   at System.Runtime.CompilerServices.AsyncMethodBuilderCore.Start[TStateMachine](TStateMachine&amp; stateMachine)
   at Microsoft.SqlTools.ServiceLayer.Test.Common.TestServiceProvider.RunQueryAsync(TestServerType serverType, String databaseName, String queryText, Boolean throwOnError)
   at Microsoft.SqlTools.ServiceLayer.Test.Common.SqlTestDb.CreateNewAsync(TestServerType serverType, Boolean doNotCleanupDb, String databaseName, String query, String dbNamePrefix) in /Users/aasimkhan/src/sqltoolsservice/test/Microsoft.SqlTools.ServiceLayer.Test.Common/SqlTestDb.cs:line 101
   at System.Runtime.CompilerServices.AsyncMethodBuilderCore.Start[TStateMachine](TStateMachine&amp; stateMachine)
   at Microsoft.SqlTools.ServiceLayer.Test.Common.SqlTestDb.CreateNewAsync(TestServerType serverType, Boolean doNotCleanupDb, String databaseName, String query, String dbNamePrefix)
   at Microsoft.SqlTools.ServiceLayer.IntegrationTests.Scripting.AsyncScriptAsScriptingOperationTests.TestCommonScenarios(String query, ScriptingParams scriptingParams, List`1 expectedScriptContents) in /Users/aasimkhan/src/sqltoolsservice/test/Microsoft.SqlTools.ServiceLayer.IntegrationTests/Scripting/AsyncScriptAsScriptingOperationTests.cs:line 131
   at System.Runtime.CompilerServices.AsyncMethodBuilderCore.Start[TStateMachine](TStateMachine&amp; stateMachine)
   at Microsoft.SqlTools.ServiceLayer.IntegrationTests.Scripting.AsyncScriptAsScriptingOperationTests.TestCommonScenarios(String query, ScriptingParams scriptingParams, List`1 expectedScriptContents)
   at InvokeStub_AsyncScriptAsScriptingOperationTests.TestCommonScenarios(Object, Span`1)</failure>
    </testcase>
    <testcase classname="Microsoft.SqlTools.ServiceLayer.IntegrationTests.Scripting.AsyncScriptAsScriptingOperationTests" name="TestCommonScenarios(&quot;\n                    CREATE TABLE testTable1 (c1 int)\n                    GO\n                    CREATE INDEX idx ON testTable1 (c1)\n                    GO\n                    &quot;,Microsoft.SqlTools.SqlCore.Scripting.Contracts.ScriptingParams,System.Collections.Generic.List`1[System.String])" time="0.0006450">
      <failure type="failure" message="  Cannot find any instance for version key: sqlOnPrem&#xA;  Expected: True&#xA;  But was:  False&#xA;">at Microsoft.SqlTools.ServiceLayer.Test.Common.TestConnectionProfileService.GetInstance(String key) in /Users/aasimkhan/src/sqltoolsservice/test/Microsoft.SqlTools.ServiceLayer.Test.Common/TestConnectionProfileService.cs:line 59
   at Microsoft.SqlTools.ServiceLayer.Test.Common.TestConnectionProfileService.GetConnectionParameters(String key, String databaseName) in /Users/aasimkhan/src/sqltoolsservice/test/Microsoft.SqlTools.ServiceLayer.Test.Common/TestConnectionProfileService.cs:line 65
   at Microsoft.SqlTools.ServiceLayer.Test.Common.TestConnectionProfileService.GetConnectionParameters(TestServerType serverType, String databaseName) in /Users/aasimkhan/src/sqltoolsservice/test/Microsoft.SqlTools.ServiceLayer.Test.Common/TestConnectionProfileService.cs:line 75
   at Microsoft.SqlTools.ServiceLayer.Test.Common.TestServiceProvider.InitLiveConnectionInfo(TestServerType serverType, String databaseName, String scriptFilePath) in /Users/aasimkhan/src/sqltoolsservice/test/Microsoft.SqlTools.ServiceLayer.Test.Common/TestServiceProvider.cs:line 142
   at Microsoft.SqlTools.ServiceLayer.Test.Common.TestServiceProvider.RunQueryAsync(TestServerType serverType, String databaseName, String queryText, Boolean throwOnError) in /Users/aasimkhan/src/sqltoolsservice/test/Microsoft.SqlTools.ServiceLayer.Test.Common/TestServiceProvider.cs:line 110
   at Microsoft.SqlTools.ServiceLayer.Test.Common.SqlTestDb.CreateNewAsync(TestServerType serverType, Boolean doNotCleanupDb, String databaseName, String query, String dbNamePrefix) in /Users/aasimkhan/src/sqltoolsservice/test/Microsoft.SqlTools.ServiceLayer.Test.Common/SqlTestDb.cs:line 101
   at Microsoft.SqlTools.ServiceLayer.IntegrationTests.Scripting.AsyncScriptAsScriptingOperationTests.TestCommonScenarios(String query, ScriptingParams scriptingParams, List`1 expectedScriptContents) in /Users/aasimkhan/src/sqltoolsservice/test/Microsoft.SqlTools.ServiceLayer.IntegrationTests/Scripting/AsyncScriptAsScriptingOperationTests.cs:line 131
   at NUnit.Framework.Internal.TaskAwaitAdapter.GenericAdapter`1.GetResult()
   at NUnit.Framework.Internal.AsyncToSyncAdapter.Await(Func`1 invoke)
   at NUnit.Framework.Internal.Commands.TestMethodCommand.RunTestMethod(TestExecutionContext context)
   at NUnit.Framework.Internal.Commands.TestMethodCommand.Execute(TestExecutionContext context)
   at NUnit.Framework.Internal.Execution.SimpleWorkItem.&lt;&gt;c__DisplayClass4_0.&lt;PerformWork&gt;b__0()
   at NUnit.Framework.Internal.ContextUtils.&lt;&gt;c__DisplayClass1_0`1.&lt;DoIsolated&gt;b__0(Object _)

1)    at Microsoft.SqlTools.ServiceLayer.Test.Common.TestConnectionProfileService.GetInstance(String key) in /Users/aasimkhan/src/sqltoolsservice/test/Microsoft.SqlTools.ServiceLayer.Test.Common/TestConnectionProfileService.cs:line 59
   at Microsoft.SqlTools.ServiceLayer.Test.Common.TestConnectionProfileService.GetConnectionParameters(String key, String databaseName) in /Users/aasimkhan/src/sqltoolsservice/test/Microsoft.SqlTools.ServiceLayer.Test.Common/TestConnectionProfileService.cs:line 65
   at Microsoft.SqlTools.ServiceLayer.Test.Common.TestConnectionProfileService.GetConnectionParameters(TestServerType serverType, String databaseName) in /Users/aasimkhan/src/sqltoolsservice/test/Microsoft.SqlTools.ServiceLayer.Test.Common/TestConnectionProfileService.cs:line 75
   at Microsoft.SqlTools.ServiceLayer.Test.Common.TestServiceProvider.InitLiveConnectionInfo(TestServerType serverType, String databaseName, String scriptFilePath) in /Users/aasimkhan/src/sqltoolsservice/test/Microsoft.SqlTools.ServiceLayer.Test.Common/TestServiceProvider.cs:line 142
   at System.Runtime.CompilerServices.AsyncMethodBuilderCore.Start[TStateMachine](TStateMachine&amp; stateMachine)
   at Microsoft.SqlTools.ServiceLayer.Test.Common.TestServiceProvider.InitLiveConnectionInfo(TestServerType serverType, String databaseName, String scriptFilePath)
   at Microsoft.SqlTools.ServiceLayer.Test.Common.TestServiceProvider.RunQueryAsync(TestServerType serverType, String databaseName, String queryText, Boolean throwOnError) in /Users/aasimkhan/src/sqltoolsservice/test/Microsoft.SqlTools.ServiceLayer.Test.Common/TestServiceProvider.cs:line 110
   at System.Runtime.CompilerServices.AsyncMethodBuilderCore.Start[TStateMachine](TStateMachine&amp; stateMachine)
   at Microsoft.SqlTools.ServiceLayer.Test.Common.TestServiceProvider.RunQueryAsync(TestServerType serverType, String databaseName, String queryText, Boolean throwOnError)
   at Microsoft.SqlTools.ServiceLayer.Test.Common.SqlTestDb.CreateNewAsync(TestServerType serverType, Boolean doNotCleanupDb, String databaseName, String query, String dbNamePrefix) in /Users/aasimkhan/src/sqltoolsservice/test/Microsoft.SqlTools.ServiceLayer.Test.Common/SqlTestDb.cs:line 101
   at System.Runtime.CompilerServices.AsyncMethodBuilderCore.Start[TStateMachine](TStateMachine&amp; stateMachine)
   at Microsoft.SqlTools.ServiceLayer.Test.Common.SqlTestDb.CreateNewAsync(TestServerType serverType, Boolean doNotCleanupDb, String databaseName, String query, String dbNamePrefix)
   at Microsoft.SqlTools.ServiceLayer.IntegrationTests.Scripting.AsyncScriptAsScriptingOperationTests.TestCommonScenarios(String query, ScriptingParams scriptingParams, List`1 expectedScriptContents) in /Users/aasimkhan/src/sqltoolsservice/test/Microsoft.SqlTools.ServiceLayer.IntegrationTests/Scripting/AsyncScriptAsScriptingOperationTests.cs:line 131
   at System.Runtime.CompilerServices.AsyncMethodBuilderCore.Start[TStateMachine](TStateMachine&amp; stateMachine)
   at Microsoft.SqlTools.ServiceLayer.IntegrationTests.Scripting.AsyncScriptAsScriptingOperationTests.TestCommonScenarios(String query, ScriptingParams scriptingParams, List`1 expectedScriptContents)
   at InvokeStub_AsyncScriptAsScriptingOperationTests.TestCommonScenarios(Object, Span`1)</failure>
    </testcase>
    <testcase classname="Microsoft.SqlTools.ServiceLayer.IntegrationTests.Scripting.ScriptingServiceTests" name="ScriptingScript" time="0.0017710">
      <failure type="failure" message="  Cannot find any instance for version key: sqlOnPrem&#xA;  Expected: True&#xA;  But was:  False&#xA;">at Microsoft.SqlTools.ServiceLayer.Test.Common.TestConnectionProfileService.GetInstance(String key) in /Users/aasimkhan/src/sqltoolsservice/test/Microsoft.SqlTools.ServiceLayer.Test.Common/TestConnectionProfileService.cs:line 59
   at Microsoft.SqlTools.ServiceLayer.Test.Common.TestConnectionProfileService.GetConnectionParameters(String key, String databaseName) in /Users/aasimkhan/src/sqltoolsservice/test/Microsoft.SqlTools.ServiceLayer.Test.Common/TestConnectionProfileService.cs:line 65
   at Microsoft.SqlTools.ServiceLayer.Test.Common.TestConnectionProfileService.GetConnectionParameters(TestServerType serverType, String databaseName) in /Users/aasimkhan/src/sqltoolsservice/test/Microsoft.SqlTools.ServiceLayer.Test.Common/TestConnectionProfileService.cs:line 75
   at Microsoft.SqlTools.ServiceLayer.IntegrationTests.Utility.LiveConnectionHelper.InitLiveConnectionInfoAsync(String databaseName, String ownerUri, String connectionType, TestServerType serverType) in /Users/aasimkhan/src/sqltoolsservice/test/Microsoft.SqlTools.ServiceLayer.IntegrationTests/Utility/LiveConnectionHelper.cs:line 68
   at Microsoft.SqlTools.ServiceLayer.IntegrationTests.Utility.LiveConnectionHelper.InitLiveConnectionInfo(String databaseName, String ownerUri) in /Users/aasimkhan/src/sqltoolsservice/test/Microsoft.SqlTools.ServiceLayer.IntegrationTests/Utility/LiveConnectionHelper.cs:line 52
   at Microsoft.SqlTools.ServiceLayer.IntegrationTests.Scripting.ScriptingServiceTests.GetLiveAutoCompleteTestObjects() in /Users/aasimkhan/src/sqltoolsservice/test/Microsoft.SqlTools.ServiceLayer.IntegrationTests/Scripting/ScriptingServiceTests.cs:line 52
   at Microsoft.SqlTools.ServiceLayer.IntegrationTests.Scripting.ScriptingServiceTests.SendAndValidateScriptRequest(Boolean isSelectScript) in /Users/aasimkhan/src/sqltoolsservice/test/Microsoft.SqlTools.ServiceLayer.IntegrationTests/Scripting/ScriptingServiceTests.cs:line 59
   at Microsoft.SqlTools.ServiceLayer.IntegrationTests.Scripting.ScriptingServiceTests.ScriptingScript() in /Users/aasimkhan/src/sqltoolsservice/test/Microsoft.SqlTools.ServiceLayer.IntegrationTests/Scripting/ScriptingServiceTests.cs:line 88
   at NUnit.Framework.Internal.TaskAwaitAdapter.GenericAdapter`1.GetResult()
   at NUnit.Framework.Internal.AsyncToSyncAdapter.Await(Func`1 invoke)
   at NUnit.Framework.Internal.Commands.TestMethodCommand.RunTestMethod(TestExecutionContext context)
   at NUnit.Framework.Internal.Commands.TestMethodCommand.Execute(TestExecutionContext context)
   at NUnit.Framework.Internal.Execution.SimpleWorkItem.&lt;&gt;c__DisplayClass4_0.&lt;PerformWork&gt;b__0()
   at NUnit.Framework.Internal.ContextUtils.&lt;&gt;c__DisplayClass1_0`1.&lt;DoIsolated&gt;b__0(Object _)

1)    at Microsoft.SqlTools.ServiceLayer.Test.Common.TestConnectionProfileService.GetInstance(String key) in /Users/aasimkhan/src/sqltoolsservice/test/Microsoft.SqlTools.ServiceLayer.Test.Common/TestConnectionProfileService.cs:line 59
   at Microsoft.SqlTools.ServiceLayer.Test.Common.TestConnectionProfileService.GetConnectionParameters(String key, String databaseName) in /Users/aasimkhan/src/sqltoolsservice/test/Microsoft.SqlTools.ServiceLayer.Test.Common/TestConnectionProfileService.cs:line 65
   at Microsoft.SqlTools.ServiceLayer.Test.Common.TestConnectionProfileService.GetConnectionParameters(TestServerType serverType, String databaseName) in /Users/aasimkhan/src/sqltoolsservice/test/Microsoft.SqlTools.ServiceLayer.Test.Common/TestConnectionProfileService.cs:line 75
   at Microsoft.SqlTools.ServiceLayer.IntegrationTests.Utility.LiveConnectionHelper.InitLiveConnectionInfoAsync(String databaseName, String ownerUri, String connectionType, TestServerType serverType) in /Users/aasimkhan/src/sqltoolsservice/test/Microsoft.SqlTools.ServiceLayer.IntegrationTests/Utility/LiveConnectionHelper.cs:line 68
   at System.Runtime.CompilerServices.AsyncMethodBuilderCore.Start[TStateMachine](TStateMachine&amp; stateMachine)
   at Microsoft.SqlTools.ServiceLayer.IntegrationTests.Utility.LiveConnectionHelper.InitLiveConnectionInfoAsync(String databaseName, String ownerUri, String connectionType, TestServerType serverType)
   at Microsoft.SqlTools.ServiceLayer.IntegrationTests.Utility.LiveConnectionHelper.InitLiveConnectionInfo(String databaseName, String ownerUri) in /Users/aasimkhan/src/sqltoolsservice/test/Microsoft.SqlTools.ServiceLayer.IntegrationTests/Utility/LiveConnectionHelper.cs:line 52
   at Microsoft.SqlTools.ServiceLayer.IntegrationTests.Scripting.ScriptingServiceTests.GetLiveAutoCompleteTestObjects() in /Users/aasimkhan/src/sqltoolsservice/test/Microsoft.SqlTools.ServiceLayer.IntegrationTests/Scripting/ScriptingServiceTests.cs:line 52
   at Microsoft.SqlTools.ServiceLayer.IntegrationTests.Scripting.ScriptingServiceTests.SendAndValidateScriptRequest(Boolean isSelectScript) in /Users/aasimkhan/src/sqltoolsservice/test/Microsoft.SqlTools.ServiceLayer.IntegrationTests/Scripting/ScriptingServiceTests.cs:line 59
   at System.Runtime.CompilerServices.AsyncMethodBuilderCore.Start[TStateMachine](TStateMachine&amp; stateMachine)
   at Microsoft.SqlTools.ServiceLayer.IntegrationTests.Scripting.ScriptingServiceTests.SendAndValidateScriptRequest(Boolean isSelectScript)
   at Microsoft.SqlTools.ServiceLayer.IntegrationTests.Scripting.ScriptingServiceTests.ScriptingScript() in /Users/aasimkhan/src/sqltoolsservice/test/Microsoft.SqlTools.ServiceLayer.IntegrationTests/Scripting/ScriptingServiceTests.cs:line 88
   at System.Runtime.CompilerServices.AsyncMethodBuilderCore.Start[TStateMachine](TStateMachine&amp; stateMachine)
   at Microsoft.SqlTools.ServiceLayer.IntegrationTests.Scripting.ScriptingServiceTests.ScriptingScript()</failure>
    </testcase>
    <testcase classname="Microsoft.SqlTools.ServiceLayer.IntegrationTests.Scripting.ScriptingServiceTests" name="VerifyScriptAsAlter" time="0.0021189">
      <failure type="failure" message="  Cannot find any instance for version key: sqlOnPrem&#xA;  Expected: True&#xA;  But was:  False&#xA;">at Microsoft.SqlTools.ServiceLayer.Test.Common.TestConnectionProfileService.GetInstance(String key) in /Users/aasimkhan/src/sqltoolsservice/test/Microsoft.SqlTools.ServiceLayer.Test.Common/TestConnectionProfileService.cs:line 59
   at Microsoft.SqlTools.ServiceLayer.Test.Common.TestConnectionProfileService.GetConnectionParameters(String key, String databaseName) in /Users/aasimkhan/src/sqltoolsservice/test/Microsoft.SqlTools.ServiceLayer.Test.Common/TestConnectionProfileService.cs:line 65
   at Microsoft.SqlTools.ServiceLayer.Test.Common.TestConnectionProfileService.GetConnectionParameters(TestServerType serverType, String databaseName) in /Users/aasimkhan/src/sqltoolsservice/test/Microsoft.SqlTools.ServiceLayer.Test.Common/TestConnectionProfileService.cs:line 75
   at Microsoft.SqlTools.ServiceLayer.Test.Common.TestServiceProvider.InitLiveConnectionInfo(TestServerType serverType, String databaseName, String scriptFilePath) in /Users/aasimkhan/src/sqltoolsservice/test/Microsoft.SqlTools.ServiceLayer.Test.Common/TestServiceProvider.cs:line 142
   at Microsoft.SqlTools.ServiceLayer.Test.Common.TestServiceProvider.RunQueryAsync(TestServerType serverType, String databaseName, String queryText, Boolean throwOnError) in /Users/aasimkhan/src/sqltoolsservice/test/Microsoft.SqlTools.ServiceLayer.Test.Common/TestServiceProvider.cs:line 110
   at Microsoft.SqlTools.ServiceLayer.Test.Common.SqlTestDb.CreateNewAsync(TestServerType serverType, Boolean doNotCleanupDb, String databaseName, String query, String dbNamePrefix) in /Users/aasimkhan/src/sqltoolsservice/test/Microsoft.SqlTools.ServiceLayer.Test.Common/SqlTestDb.cs:line 101
   at Microsoft.SqlTools.ServiceLayer.IntegrationTests.Scripting.ScriptingServiceTests.VerifyScriptAsForMultipleObjects(String query, List`1 scriptingObjects, ScriptingOperationType operation, List`1 expectedScripts) in /Users/aasimkhan/src/sqltoolsservice/test/Microsoft.SqlTools.ServiceLayer.IntegrationTests/Scripting/ScriptingServiceTests.cs:line 302
   at Microsoft.SqlTools.ServiceLayer.IntegrationTests.Scripting.ScriptingServiceTests.VerifyScriptAsAlter() in /Users/aasimkhan/src/sqltoolsservice/test/Microsoft.SqlTools.ServiceLayer.IntegrationTests/Scripting/ScriptingServiceTests.cs:line 171
   at NUnit.Framework.Internal.TaskAwaitAdapter.GenericAdapter`1.GetResult()
   at NUnit.Framework.Internal.AsyncToSyncAdapter.Await(Func`1 invoke)
   at NUnit.Framework.Internal.Commands.TestMethodCommand.RunTestMethod(TestExecutionContext context)
   at NUnit.Framework.Internal.Commands.TestMethodCommand.Execute(TestExecutionContext context)
   at NUnit.Framework.Internal.Execution.SimpleWorkItem.&lt;&gt;c__DisplayClass4_0.&lt;PerformWork&gt;b__0()
   at NUnit.Framework.Internal.ContextUtils.&lt;&gt;c__DisplayClass1_0`1.&lt;DoIsolated&gt;b__0(Object _)

1)    at Microsoft.SqlTools.ServiceLayer.Test.Common.TestConnectionProfileService.GetInstance(String key) in /Users/aasimkhan/src/sqltoolsservice/test/Microsoft.SqlTools.ServiceLayer.Test.Common/TestConnectionProfileService.cs:line 59
   at Microsoft.SqlTools.ServiceLayer.Test.Common.TestConnectionProfileService.GetConnectionParameters(String key, String databaseName) in /Users/aasimkhan/src/sqltoolsservice/test/Microsoft.SqlTools.ServiceLayer.Test.Common/TestConnectionProfileService.cs:line 65
   at Microsoft.SqlTools.ServiceLayer.Test.Common.TestConnectionProfileService.GetConnectionParameters(TestServerType serverType, String databaseName) in /Users/aasimkhan/src/sqltoolsservice/test/Microsoft.SqlTools.ServiceLayer.Test.Common/TestConnectionProfileService.cs:line 75
   at Microsoft.SqlTools.ServiceLayer.Test.Common.TestServiceProvider.InitLiveConnectionInfo(TestServerType serverType, String databaseName, String scriptFilePath) in /Users/aasimkhan/src/sqltoolsservice/test/Microsoft.SqlTools.ServiceLayer.Test.Common/TestServiceProvider.cs:line 142
   at System.Runtime.CompilerServices.AsyncMethodBuilderCore.Start[TStateMachine](TStateMachine&amp; stateMachine)
   at Microsoft.SqlTools.ServiceLayer.Test.Common.TestServiceProvider.InitLiveConnectionInfo(TestServerType serverType, String databaseName, String scriptFilePath)
   at Microsoft.SqlTools.ServiceLayer.Test.Common.TestServiceProvider.RunQueryAsync(TestServerType serverType, String databaseName, String queryText, Boolean throwOnError) in /Users/aasimkhan/src/sqltoolsservice/test/Microsoft.SqlTools.ServiceLayer.Test.Common/TestServiceProvider.cs:line 110
   at System.Runtime.CompilerServices.AsyncMethodBuilderCore.Start[TStateMachine](TStateMachine&amp; stateMachine)
   at Microsoft.SqlTools.ServiceLayer.Test.Common.TestServiceProvider.RunQueryAsync(TestServerType serverType, String databaseName, String queryText, Boolean throwOnError)
   at Microsoft.SqlTools.ServiceLayer.Test.Common.SqlTestDb.CreateNewAsync(TestServerType serverType, Boolean doNotCleanupDb, String databaseName, String query, String dbNamePrefix) in /Users/aasimkhan/src/sqltoolsservice/test/Microsoft.SqlTools.ServiceLayer.Test.Common/SqlTestDb.cs:line 101
   at System.Runtime.CompilerServices.AsyncMethodBuilderCore.Start[TStateMachine](TStateMachine&amp; stateMachine)
   at Microsoft.SqlTools.ServiceLayer.Test.Common.SqlTestDb.CreateNewAsync(TestServerType serverType, Boolean doNotCleanupDb, String databaseName, String query, String dbNamePrefix)
   at Microsoft.SqlTools.ServiceLayer.IntegrationTests.Scripting.ScriptingServiceTests.VerifyScriptAsForMultipleObjects(String query, List`1 scriptingObjects, ScriptingOperationType operation, List`1 expectedScripts) in /Users/aasimkhan/src/sqltoolsservice/test/Microsoft.SqlTools.ServiceLayer.IntegrationTests/Scripting/ScriptingServiceTests.cs:line 302
   at System.Runtime.CompilerServices.AsyncMethodBuilderCore.Start[TStateMachine](TStateMachine&amp; stateMachine)
   at Microsoft.SqlTools.ServiceLayer.IntegrationTests.Scripting.ScriptingServiceTests.VerifyScriptAsForMultipleObjects(String query, List`1 scriptingObjects, ScriptingOperationType operation, List`1 expectedScripts)
   at Microsoft.SqlTools.ServiceLayer.IntegrationTests.Scripting.ScriptingServiceTests.VerifyScriptAsAlter() in /Users/aasimkhan/src/sqltoolsservice/test/Microsoft.SqlTools.ServiceLayer.IntegrationTests/Scripting/ScriptingServiceTests.cs:line 171
   at System.Runtime.CompilerServices.AsyncMethodBuilderCore.Start[TStateMachine](TStateMachine&amp; stateMachine)
   at Microsoft.SqlTools.ServiceLayer.IntegrationTests.Scripting.ScriptingServiceTests.VerifyScriptAsAlter()</failure>
    </testcase>
    <testcase classname="Microsoft.SqlTools.ServiceLayer.IntegrationTests.Scripting.ScriptingServiceTests" name="VerifyScriptAsCreateStoredProcedure" time="0.0012370">
      <failure type="failure" message="  Cannot find any instance for version key: sqlOnPrem&#xA;  Expected: True&#xA;  But was:  False&#xA;">at Microsoft.SqlTools.ServiceLayer.Test.Common.TestConnectionProfileService.GetInstance(String key) in /Users/aasimkhan/src/sqltoolsservice/test/Microsoft.SqlTools.ServiceLayer.Test.Common/TestConnectionProfileService.cs:line 59
   at Microsoft.SqlTools.ServiceLayer.Test.Common.TestConnectionProfileService.GetConnectionParameters(String key, String databaseName) in /Users/aasimkhan/src/sqltoolsservice/test/Microsoft.SqlTools.ServiceLayer.Test.Common/TestConnectionProfileService.cs:line 65
   at Microsoft.SqlTools.ServiceLayer.Test.Common.TestConnectionProfileService.GetConnectionParameters(TestServerType serverType, String databaseName) in /Users/aasimkhan/src/sqltoolsservice/test/Microsoft.SqlTools.ServiceLayer.Test.Common/TestConnectionProfileService.cs:line 75
   at Microsoft.SqlTools.ServiceLayer.Test.Common.TestServiceProvider.InitLiveConnectionInfo(TestServerType serverType, String databaseName, String scriptFilePath) in /Users/aasimkhan/src/sqltoolsservice/test/Microsoft.SqlTools.ServiceLayer.Test.Common/TestServiceProvider.cs:line 142
   at Microsoft.SqlTools.ServiceLayer.Test.Common.TestServiceProvider.RunQueryAsync(TestServerType serverType, String databaseName, String queryText, Boolean throwOnError) in /Users/aasimkhan/src/sqltoolsservice/test/Microsoft.SqlTools.ServiceLayer.Test.Common/TestServiceProvider.cs:line 110
   at Microsoft.SqlTools.ServiceLayer.Test.Common.SqlTestDb.CreateNewAsync(TestServerType serverType, Boolean doNotCleanupDb, String databaseName, String query, String dbNamePrefix) in /Users/aasimkhan/src/sqltoolsservice/test/Microsoft.SqlTools.ServiceLayer.Test.Common/SqlTestDb.cs:line 101
   at Microsoft.SqlTools.ServiceLayer.IntegrationTests.Scripting.ScriptingServiceTests.VerifyScriptAsForMultipleObjects(String query, List`1 scriptingObjects, ScriptingOperationType operation, List`1 expectedScripts) in /Users/aasimkhan/src/sqltoolsservice/test/Microsoft.SqlTools.ServiceLayer.IntegrationTests/Scripting/ScriptingServiceTests.cs:line 302
   at Microsoft.SqlTools.ServiceLayer.IntegrationTests.Scripting.ScriptingServiceTests.VerifyScriptAs(String query, ScriptingObject scriptingObject, ScriptingOperationType operation, String expectedScript) in /Users/aasimkhan/src/sqltoolsservice/test/Microsoft.SqlTools.ServiceLayer.IntegrationTests/Scripting/ScriptingServiceTests.cs:line 297
   at Microsoft.SqlTools.ServiceLayer.IntegrationTests.Scripting.ScriptingServiceTests.VerifyScriptAsCreateStoredProcedure() in /Users/aasimkhan/src/sqltoolsservice/test/Microsoft.SqlTools.ServiceLayer.IntegrationTests/Scripting/ScriptingServiceTests.cs:line 244
   at NUnit.Framework.Internal.TaskAwaitAdapter.GenericAdapter`1.GetResult()
   at NUnit.Framework.Internal.AsyncToSyncAdapter.Await(Func`1 invoke)
   at NUnit.Framework.Internal.Commands.TestMethodCommand.RunTestMethod(TestExecutionContext context)
   at NUnit.Framework.Internal.Commands.TestMethodCommand.Execute(TestExecutionContext context)
   at NUnit.Framework.Internal.Execution.SimpleWorkItem.&lt;&gt;c__DisplayClass4_0.&lt;PerformWork&gt;b__0()
   at NUnit.Framework.Internal.ContextUtils.&lt;&gt;c__DisplayClass1_0`1.&lt;DoIsolated&gt;b__0(Object _)

1)    at Microsoft.SqlTools.ServiceLayer.Test.Common.TestConnectionProfileService.GetInstance(String key) in /Users/aasimkhan/src/sqltoolsservice/test/Microsoft.SqlTools.ServiceLayer.Test.Common/TestConnectionProfileService.cs:line 59
   at Microsoft.SqlTools.ServiceLayer.Test.Common.TestConnectionProfileService.GetConnectionParameters(String key, String databaseName) in /Users/aasimkhan/src/sqltoolsservice/test/Microsoft.SqlTools.ServiceLayer.Test.Common/TestConnectionProfileService.cs:line 65
   at Microsoft.SqlTools.ServiceLayer.Test.Common.TestConnectionProfileService.GetConnectionParameters(TestServerType serverType, String databaseName) in /Users/aasimkhan/src/sqltoolsservice/test/Microsoft.SqlTools.ServiceLayer.Test.Common/TestConnectionProfileService.cs:line 75
   at Microsoft.SqlTools.ServiceLayer.Test.Common.TestServiceProvider.InitLiveConnectionInfo(TestServerType serverType, String databaseName, String scriptFilePath) in /Users/aasimkhan/src/sqltoolsservice/test/Microsoft.SqlTools.ServiceLayer.Test.Common/TestServiceProvider.cs:line 142
   at System.Runtime.CompilerServices.AsyncMethodBuilderCore.Start[TStateMachine](TStateMachine&amp; stateMachine)
   at Microsoft.SqlTools.ServiceLayer.Test.Common.TestServiceProvider.InitLiveConnectionInfo(TestServerType serverType, String databaseName, String scriptFilePath)
   at Microsoft.SqlTools.ServiceLayer.Test.Common.TestServiceProvider.RunQueryAsync(TestServerType serverType, String databaseName, String queryText, Boolean throwOnError) in /Users/aasimkhan/src/sqltoolsservice/test/Microsoft.SqlTools.ServiceLayer.Test.Common/TestServiceProvider.cs:line 110
   at System.Runtime.CompilerServices.AsyncMethodBuilderCore.Start[TStateMachine](TStateMachine&amp; stateMachine)
   at Microsoft.SqlTools.ServiceLayer.Test.Common.TestServiceProvider.RunQueryAsync(TestServerType serverType, String databaseName, String queryText, Boolean throwOnError)
   at Microsoft.SqlTools.ServiceLayer.Test.Common.SqlTestDb.CreateNewAsync(TestServerType serverType, Boolean doNotCleanupDb, String databaseName, String query, String dbNamePrefix) in /Users/aasimkhan/src/sqltoolsservice/test/Microsoft.SqlTools.ServiceLayer.Test.Common/SqlTestDb.cs:line 101
   at System.Runtime.CompilerServices.AsyncMethodBuilderCore.Start[TStateMachine](TStateMachine&amp; stateMachine)
   at Microsoft.SqlTools.ServiceLayer.Test.Common.SqlTestDb.CreateNewAsync(TestServerType serverType, Boolean doNotCleanupDb, String databaseName, String query, String dbNamePrefix)
   at Microsoft.SqlTools.ServiceLayer.IntegrationTests.Scripting.ScriptingServiceTests.VerifyScriptAsForMultipleObjects(String query, List`1 scriptingObjects, ScriptingOperationType operation, List`1 expectedScripts) in /Users/aasimkhan/src/sqltoolsservice/test/Microsoft.SqlTools.ServiceLayer.IntegrationTests/Scripting/ScriptingServiceTests.cs:line 302
   at System.Runtime.CompilerServices.AsyncMethodBuilderCore.Start[TStateMachine](TStateMachine&amp; stateMachine)
   at Microsoft.SqlTools.ServiceLayer.IntegrationTests.Scripting.ScriptingServiceTests.VerifyScriptAsForMultipleObjects(String query, List`1 scriptingObjects, ScriptingOperationType operation, List`1 expectedScripts)
   at Microsoft.SqlTools.ServiceLayer.IntegrationTests.Scripting.ScriptingServiceTests.VerifyScriptAs(String query, ScriptingObject scriptingObject, ScriptingOperationType operation, String expectedScript) in /Users/aasimkhan/src/sqltoolsservice/test/Microsoft.SqlTools.ServiceLayer.IntegrationTests/Scripting/ScriptingServiceTests.cs:line 297
   at System.Runtime.CompilerServices.AsyncMethodBuilderCore.Start[TStateMachine](TStateMachine&amp; stateMachine)
   at Microsoft.SqlTools.ServiceLayer.IntegrationTests.Scripting.ScriptingServiceTests.VerifyScriptAs(String query, ScriptingObject scriptingObject, ScriptingOperationType operation, String expectedScript)
   at Microsoft.SqlTools.ServiceLayer.IntegrationTests.Scripting.ScriptingServiceTests.VerifyScriptAsCreateStoredProcedure() in /Users/aasimkhan/src/sqltoolsservice/test/Microsoft.SqlTools.ServiceLayer.IntegrationTests/Scripting/ScriptingServiceTests.cs:line 244
   at System.Runtime.CompilerServices.AsyncMethodBuilderCore.Start[TStateMachine](TStateMachine&amp; stateMachine)
   at Microsoft.SqlTools.ServiceLayer.IntegrationTests.Scripting.ScriptingServiceTests.VerifyScriptAsCreateStoredProcedure()</failure>
    </testcase>
    <testcase classname="Microsoft.SqlTools.ServiceLayer.IntegrationTests.Scripting.ScriptingServiceTests" name="VerifyScriptAsCreateTable" time="0.0009710">
      <failure type="failure" message="  Cannot find any instance for version key: sqlOnPrem&#xA;  Expected: True&#xA;  But was:  False&#xA;">at Microsoft.SqlTools.ServiceLayer.Test.Common.TestConnectionProfileService.GetInstance(String key) in /Users/aasimkhan/src/sqltoolsservice/test/Microsoft.SqlTools.ServiceLayer.Test.Common/TestConnectionProfileService.cs:line 59
   at Microsoft.SqlTools.ServiceLayer.Test.Common.TestConnectionProfileService.GetConnectionParameters(String key, String databaseName) in /Users/aasimkhan/src/sqltoolsservice/test/Microsoft.SqlTools.ServiceLayer.Test.Common/TestConnectionProfileService.cs:line 65
   at Microsoft.SqlTools.ServiceLayer.Test.Common.TestConnectionProfileService.GetConnectionParameters(TestServerType serverType, String databaseName) in /Users/aasimkhan/src/sqltoolsservice/test/Microsoft.SqlTools.ServiceLayer.Test.Common/TestConnectionProfileService.cs:line 75
   at Microsoft.SqlTools.ServiceLayer.Test.Common.TestServiceProvider.InitLiveConnectionInfo(TestServerType serverType, String databaseName, String scriptFilePath) in /Users/aasimkhan/src/sqltoolsservice/test/Microsoft.SqlTools.ServiceLayer.Test.Common/TestServiceProvider.cs:line 142
   at Microsoft.SqlTools.ServiceLayer.Test.Common.TestServiceProvider.RunQueryAsync(TestServerType serverType, String databaseName, String queryText, Boolean throwOnError) in /Users/aasimkhan/src/sqltoolsservice/test/Microsoft.SqlTools.ServiceLayer.Test.Common/TestServiceProvider.cs:line 110
   at Microsoft.SqlTools.ServiceLayer.Test.Common.SqlTestDb.CreateNewAsync(TestServerType serverType, Boolean doNotCleanupDb, String databaseName, String query, String dbNamePrefix) in /Users/aasimkhan/src/sqltoolsservice/test/Microsoft.SqlTools.ServiceLayer.Test.Common/SqlTestDb.cs:line 101
   at Microsoft.SqlTools.ServiceLayer.IntegrationTests.Scripting.ScriptingServiceTests.VerifyScriptAsForMultipleObjects(String query, List`1 scriptingObjects, ScriptingOperationType operation, List`1 expectedScripts) in /Users/aasimkhan/src/sqltoolsservice/test/Microsoft.SqlTools.ServiceLayer.IntegrationTests/Scripting/ScriptingServiceTests.cs:line 302
   at Microsoft.SqlTools.ServiceLayer.IntegrationTests.Scripting.ScriptingServiceTests.VerifyScriptAsCreateTable() in /Users/aasimkhan/src/sqltoolsservice/test/Microsoft.SqlTools.ServiceLayer.IntegrationTests/Scripting/ScriptingServiceTests.cs:line 114
   at NUnit.Framework.Internal.TaskAwaitAdapter.GenericAdapter`1.GetResult()
   at NUnit.Framework.Internal.AsyncToSyncAdapter.Await(Func`1 invoke)
   at NUnit.Framework.Internal.Commands.TestMethodCommand.RunTestMethod(TestExecutionContext context)
   at NUnit.Framework.Internal.Commands.TestMethodCommand.Execute(TestExecutionContext context)
   at NUnit.Framework.Internal.Execution.SimpleWorkItem.&lt;&gt;c__DisplayClass4_0.&lt;PerformWork&gt;b__0()
   at NUnit.Framework.Internal.ContextUtils.&lt;&gt;c__DisplayClass1_0`1.&lt;DoIsolated&gt;b__0(Object _)

1)    at Microsoft.SqlTools.ServiceLayer.Test.Common.TestConnectionProfileService.GetInstance(String key) in /Users/aasimkhan/src/sqltoolsservice/test/Microsoft.SqlTools.ServiceLayer.Test.Common/TestConnectionProfileService.cs:line 59
   at Microsoft.SqlTools.ServiceLayer.Test.Common.TestConnectionProfileService.GetConnectionParameters(String key, String databaseName) in /Users/aasimkhan/src/sqltoolsservice/test/Microsoft.SqlTools.ServiceLayer.Test.Common/TestConnectionProfileService.cs:line 65
   at Microsoft.SqlTools.ServiceLayer.Test.Common.TestConnectionProfileService.GetConnectionParameters(TestServerType serverType, String databaseName) in /Users/aasimkhan/src/sqltoolsservice/test/Microsoft.SqlTools.ServiceLayer.Test.Common/TestConnectionProfileService.cs:line 75
   at Microsoft.SqlTools.ServiceLayer.Test.Common.TestServiceProvider.InitLiveConnectionInfo(TestServerType serverType, String databaseName, String scriptFilePath) in /Users/aasimkhan/src/sqltoolsservice/test/Microsoft.SqlTools.ServiceLayer.Test.Common/TestServiceProvider.cs:line 142
   at System.Runtime.CompilerServices.AsyncMethodBuilderCore.Start[TStateMachine](TStateMachine&amp; stateMachine)
   at Microsoft.SqlTools.ServiceLayer.Test.Common.TestServiceProvider.InitLiveConnectionInfo(TestServerType serverType, String databaseName, String scriptFilePath)
   at Microsoft.SqlTools.ServiceLayer.Test.Common.TestServiceProvider.RunQueryAsync(TestServerType serverType, String databaseName, String queryText, Boolean throwOnError) in /Users/aasimkhan/src/sqltoolsservice/test/Microsoft.SqlTools.ServiceLayer.Test.Common/TestServiceProvider.cs:line 110
   at System.Runtime.CompilerServices.AsyncMethodBuilderCore.Start[TStateMachine](TStateMachine&amp; stateMachine)
   at Microsoft.SqlTools.ServiceLayer.Test.Common.TestServiceProvider.RunQueryAsync(TestServerType serverType, String databaseName, String queryText, Boolean throwOnError)
   at Microsoft.SqlTools.ServiceLayer.Test.Common.SqlTestDb.CreateNewAsync(TestServerType serverType, Boolean doNotCleanupDb, String databaseName, String query, String dbNamePrefix) in /Users/aasimkhan/src/sqltoolsservice/test/Microsoft.SqlTools.ServiceLayer.Test.Common/SqlTestDb.cs:line 101
   at System.Runtime.CompilerServices.AsyncMethodBuilderCore.Start[TStateMachine](TStateMachine&amp; stateMachine)
   at Microsoft.SqlTools.ServiceLayer.Test.Common.SqlTestDb.CreateNewAsync(TestServerType serverType, Boolean doNotCleanupDb, String databaseName, String query, String dbNamePrefix)
   at Microsoft.SqlTools.ServiceLayer.IntegrationTests.Scripting.ScriptingServiceTests.VerifyScriptAsForMultipleObjects(String query, List`1 scriptingObjects, ScriptingOperationType operation, List`1 expectedScripts) in /Users/aasimkhan/src/sqltoolsservice/test/Microsoft.SqlTools.ServiceLayer.IntegrationTests/Scripting/ScriptingServiceTests.cs:line 302
   at System.Runtime.CompilerServices.AsyncMethodBuilderCore.Start[TStateMachine](TStateMachine&amp; stateMachine)
   at Microsoft.SqlTools.ServiceLayer.IntegrationTests.Scripting.ScriptingServiceTests.VerifyScriptAsForMultipleObjects(String query, List`1 scriptingObjects, ScriptingOperationType operation, List`1 expectedScripts)
   at Microsoft.SqlTools.ServiceLayer.IntegrationTests.Scripting.ScriptingServiceTests.VerifyScriptAsCreateTable() in /Users/aasimkhan/src/sqltoolsservice/test/Microsoft.SqlTools.ServiceLayer.IntegrationTests/Scripting/ScriptingServiceTests.cs:line 114
   at System.Runtime.CompilerServices.AsyncMethodBuilderCore.Start[TStateMachine](TStateMachine&amp; stateMachine)
   at Microsoft.SqlTools.ServiceLayer.IntegrationTests.Scripting.ScriptingServiceTests.VerifyScriptAsCreateTable()</failure>
    </testcase>
    <testcase classname="Microsoft.SqlTools.ServiceLayer.IntegrationTests.Scripting.ScriptingServiceTests" name="VerifyScriptAsCreateView" time="0.0010120">
      <failure type="failure" message="  Cannot find any instance for version key: sqlOnPrem&#xA;  Expected: True&#xA;  But was:  False&#xA;">at Microsoft.SqlTools.ServiceLayer.Test.Common.TestConnectionProfileService.GetInstance(String key) in /Users/aasimkhan/src/sqltoolsservice/test/Microsoft.SqlTools.ServiceLayer.Test.Common/TestConnectionProfileService.cs:line 59
   at Microsoft.SqlTools.ServiceLayer.Test.Common.TestConnectionProfileService.GetConnectionParameters(String key, String databaseName) in /Users/aasimkhan/src/sqltoolsservice/test/Microsoft.SqlTools.ServiceLayer.Test.Common/TestConnectionProfileService.cs:line 65
   at Microsoft.SqlTools.ServiceLayer.Test.Common.TestConnectionProfileService.GetConnectionParameters(TestServerType serverType, String databaseName) in /Users/aasimkhan/src/sqltoolsservice/test/Microsoft.SqlTools.ServiceLayer.Test.Common/TestConnectionProfileService.cs:line 75
   at Microsoft.SqlTools.ServiceLayer.Test.Common.TestServiceProvider.InitLiveConnectionInfo(TestServerType serverType, String databaseName, String scriptFilePath) in /Users/aasimkhan/src/sqltoolsservice/test/Microsoft.SqlTools.ServiceLayer.Test.Common/TestServiceProvider.cs:line 142
   at Microsoft.SqlTools.ServiceLayer.Test.Common.TestServiceProvider.RunQueryAsync(TestServerType serverType, String databaseName, String queryText, Boolean throwOnError) in /Users/aasimkhan/src/sqltoolsservice/test/Microsoft.SqlTools.ServiceLayer.Test.Common/TestServiceProvider.cs:line 110
   at Microsoft.SqlTools.ServiceLayer.Test.Common.SqlTestDb.CreateNewAsync(TestServerType serverType, Boolean doNotCleanupDb, String databaseName, String query, String dbNamePrefix) in /Users/aasimkhan/src/sqltoolsservice/test/Microsoft.SqlTools.ServiceLayer.Test.Common/SqlTestDb.cs:line 101
   at Microsoft.SqlTools.ServiceLayer.IntegrationTests.Scripting.ScriptingServiceTests.VerifyScriptAsForMultipleObjects(String query, List`1 scriptingObjects, ScriptingOperationType operation, List`1 expectedScripts) in /Users/aasimkhan/src/sqltoolsservice/test/Microsoft.SqlTools.ServiceLayer.IntegrationTests/Scripting/ScriptingServiceTests.cs:line 302
   at Microsoft.SqlTools.ServiceLayer.IntegrationTests.Scripting.ScriptingServiceTests.VerifyScriptAs(String query, ScriptingObject scriptingObject, ScriptingOperationType operation, String expectedScript) in /Users/aasimkhan/src/sqltoolsservice/test/Microsoft.SqlTools.ServiceLayer.IntegrationTests/Scripting/ScriptingServiceTests.cs:line 297
   at Microsoft.SqlTools.ServiceLayer.IntegrationTests.Scripting.ScriptingServiceTests.VerifyScriptAsCreateView() in /Users/aasimkhan/src/sqltoolsservice/test/Microsoft.SqlTools.ServiceLayer.IntegrationTests/Scripting/ScriptingServiceTests.cs:line 228
   at NUnit.Framework.Internal.TaskAwaitAdapter.GenericAdapter`1.GetResult()
   at NUnit.Framework.Internal.AsyncToSyncAdapter.Await(Func`1 invoke)
   at NUnit.Framework.Internal.Commands.TestMethodCommand.RunTestMethod(TestExecutionContext context)
   at NUnit.Framework.Internal.Commands.TestMethodCommand.Execute(TestExecutionContext context)
   at NUnit.Framework.Internal.Execution.SimpleWorkItem.&lt;&gt;c__DisplayClass4_0.&lt;PerformWork&gt;b__0()
   at NUnit.Framework.Internal.ContextUtils.&lt;&gt;c__DisplayClass1_0`1.&lt;DoIsolated&gt;b__0(Object _)

1)    at Microsoft.SqlTools.ServiceLayer.Test.Common.TestConnectionProfileService.GetInstance(String key) in /Users/aasimkhan/src/sqltoolsservice/test/Microsoft.SqlTools.ServiceLayer.Test.Common/TestConnectionProfileService.cs:line 59
   at Microsoft.SqlTools.ServiceLayer.Test.Common.TestConnectionProfileService.GetConnectionParameters(String key, String databaseName) in /Users/aasimkhan/src/sqltoolsservice/test/Microsoft.SqlTools.ServiceLayer.Test.Common/TestConnectionProfileService.cs:line 65
   at Microsoft.SqlTools.ServiceLayer.Test.Common.TestConnectionProfileService.GetConnectionParameters(TestServerType serverType, String databaseName) in /Users/aasimkhan/src/sqltoolsservice/test/Microsoft.SqlTools.ServiceLayer.Test.Common/TestConnectionProfileService.cs:line 75
   at Microsoft.SqlTools.ServiceLayer.Test.Common.TestServiceProvider.InitLiveConnectionInfo(TestServerType serverType, String databaseName, String scriptFilePath) in /Users/aasimkhan/src/sqltoolsservice/test/Microsoft.SqlTools.ServiceLayer.Test.Common/TestServiceProvider.cs:line 142
   at System.Runtime.CompilerServices.AsyncMethodBuilderCore.Start[TStateMachine](TStateMachine&amp; stateMachine)
   at Microsoft.SqlTools.ServiceLayer.Test.Common.TestServiceProvider.InitLiveConnectionInfo(TestServerType serverType, String databaseName, String scriptFilePath)
   at Microsoft.SqlTools.ServiceLayer.Test.Common.TestServiceProvider.RunQueryAsync(TestServerType serverType, String databaseName, String queryText, Boolean throwOnError) in /Users/aasimkhan/src/sqltoolsservice/test/Microsoft.SqlTools.ServiceLayer.Test.Common/TestServiceProvider.cs:line 110
   at System.Runtime.CompilerServices.AsyncMethodBuilderCore.Start[TStateMachine](TStateMachine&amp; stateMachine)
   at Microsoft.SqlTools.ServiceLayer.Test.Common.TestServiceProvider.RunQueryAsync(TestServerType serverType, String databaseName, String queryText, Boolean throwOnError)
   at Microsoft.SqlTools.ServiceLayer.Test.Common.SqlTestDb.CreateNewAsync(TestServerType serverType, Boolean doNotCleanupDb, String databaseName, String query, String dbNamePrefix) in /Users/aasimkhan/src/sqltoolsservice/test/Microsoft.SqlTools.ServiceLayer.Test.Common/SqlTestDb.cs:line 101
   at System.Runtime.CompilerServices.AsyncMethodBuilderCore.Start[TStateMachine](TStateMachine&amp; stateMachine)
   at Microsoft.SqlTools.ServiceLayer.Test.Common.SqlTestDb.CreateNewAsync(TestServerType serverType, Boolean doNotCleanupDb, String databaseName, String query, String dbNamePrefix)
   at Microsoft.SqlTools.ServiceLayer.IntegrationTests.Scripting.ScriptingServiceTests.VerifyScriptAsForMultipleObjects(String query, List`1 scriptingObjects, ScriptingOperationType operation, List`1 expectedScripts) in /Users/aasimkhan/src/sqltoolsservice/test/Microsoft.SqlTools.ServiceLayer.IntegrationTests/Scripting/ScriptingServiceTests.cs:line 302
   at System.Runtime.CompilerServices.AsyncMethodBuilderCore.Start[TStateMachine](TStateMachine&amp; stateMachine)
   at Microsoft.SqlTools.ServiceLayer.IntegrationTests.Scripting.ScriptingServiceTests.VerifyScriptAsForMultipleObjects(String query, List`1 scriptingObjects, ScriptingOperationType operation, List`1 expectedScripts)
   at Microsoft.SqlTools.ServiceLayer.IntegrationTests.Scripting.ScriptingServiceTests.VerifyScriptAs(String query, ScriptingObject scriptingObject, ScriptingOperationType operation, String expectedScript) in /Users/aasimkhan/src/sqltoolsservice/test/Microsoft.SqlTools.ServiceLayer.IntegrationTests/Scripting/ScriptingServiceTests.cs:line 297
   at System.Runtime.CompilerServices.AsyncMethodBuilderCore.Start[TStateMachine](TStateMachine&amp; stateMachine)
   at Microsoft.SqlTools.ServiceLayer.IntegrationTests.Scripting.ScriptingServiceTests.VerifyScriptAs(String query, ScriptingObject scriptingObject, ScriptingOperationType operation, String expectedScript)
   at Microsoft.SqlTools.ServiceLayer.IntegrationTests.Scripting.ScriptingServiceTests.VerifyScriptAsCreateView() in /Users/aasimkhan/src/sqltoolsservice/test/Microsoft.SqlTools.ServiceLayer.IntegrationTests/Scripting/ScriptingServiceTests.cs:line 228
   at System.Runtime.CompilerServices.AsyncMethodBuilderCore.Start[TStateMachine](TStateMachine&amp; stateMachine)
   at Microsoft.SqlTools.ServiceLayer.IntegrationTests.Scripting.ScriptingServiceTests.VerifyScriptAsCreateView()</failure>
    </testcase>
    <testcase classname="Microsoft.SqlTools.ServiceLayer.IntegrationTests.Scripting.ScriptingServiceTests" name="VerifyScriptAsDropStoredProcedure" time="0.0009950">
      <failure type="failure" message="  Cannot find any instance for version key: sqlOnPrem&#xA;  Expected: True&#xA;  But was:  False&#xA;">at Microsoft.SqlTools.ServiceLayer.Test.Common.TestConnectionProfileService.GetInstance(String key) in /Users/aasimkhan/src/sqltoolsservice/test/Microsoft.SqlTools.ServiceLayer.Test.Common/TestConnectionProfileService.cs:line 59
   at Microsoft.SqlTools.ServiceLayer.Test.Common.TestConnectionProfileService.GetConnectionParameters(String key, String databaseName) in /Users/aasimkhan/src/sqltoolsservice/test/Microsoft.SqlTools.ServiceLayer.Test.Common/TestConnectionProfileService.cs:line 65
   at Microsoft.SqlTools.ServiceLayer.Test.Common.TestConnectionProfileService.GetConnectionParameters(TestServerType serverType, String databaseName) in /Users/aasimkhan/src/sqltoolsservice/test/Microsoft.SqlTools.ServiceLayer.Test.Common/TestConnectionProfileService.cs:line 75
   at Microsoft.SqlTools.ServiceLayer.Test.Common.TestServiceProvider.InitLiveConnectionInfo(TestServerType serverType, String databaseName, String scriptFilePath) in /Users/aasimkhan/src/sqltoolsservice/test/Microsoft.SqlTools.ServiceLayer.Test.Common/TestServiceProvider.cs:line 142
   at Microsoft.SqlTools.ServiceLayer.Test.Common.TestServiceProvider.RunQueryAsync(TestServerType serverType, String databaseName, String queryText, Boolean throwOnError) in /Users/aasimkhan/src/sqltoolsservice/test/Microsoft.SqlTools.ServiceLayer.Test.Common/TestServiceProvider.cs:line 110
   at Microsoft.SqlTools.ServiceLayer.Test.Common.SqlTestDb.CreateNewAsync(TestServerType serverType, Boolean doNotCleanupDb, String databaseName, String query, String dbNamePrefix) in /Users/aasimkhan/src/sqltoolsservice/test/Microsoft.SqlTools.ServiceLayer.Test.Common/SqlTestDb.cs:line 101
   at Microsoft.SqlTools.ServiceLayer.IntegrationTests.Scripting.ScriptingServiceTests.VerifyScriptAsForMultipleObjects(String query, List`1 scriptingObjects, ScriptingOperationType operation, List`1 expectedScripts) in /Users/aasimkhan/src/sqltoolsservice/test/Microsoft.SqlTools.ServiceLayer.IntegrationTests/Scripting/ScriptingServiceTests.cs:line 302
   at Microsoft.SqlTools.ServiceLayer.IntegrationTests.Scripting.ScriptingServiceTests.VerifyScriptAs(String query, ScriptingObject scriptingObject, ScriptingOperationType operation, String expectedScript) in /Users/aasimkhan/src/sqltoolsservice/test/Microsoft.SqlTools.ServiceLayer.IntegrationTests/Scripting/ScriptingServiceTests.cs:line 297
   at Microsoft.SqlTools.ServiceLayer.IntegrationTests.Scripting.ScriptingServiceTests.VerifyScriptAsDropStoredProcedure() in /Users/aasimkhan/src/sqltoolsservice/test/Microsoft.SqlTools.ServiceLayer.IntegrationTests/Scripting/ScriptingServiceTests.cs:line 292
   at NUnit.Framework.Internal.TaskAwaitAdapter.GenericAdapter`1.GetResult()
   at NUnit.Framework.Internal.AsyncToSyncAdapter.Await(Func`1 invoke)
   at NUnit.Framework.Internal.Commands.TestMethodCommand.RunTestMethod(TestExecutionContext context)
   at NUnit.Framework.Internal.Commands.TestMethodCommand.Execute(TestExecutionContext context)
   at NUnit.Framework.Internal.Execution.SimpleWorkItem.&lt;&gt;c__DisplayClass4_0.&lt;PerformWork&gt;b__0()
   at NUnit.Framework.Internal.ContextUtils.&lt;&gt;c__DisplayClass1_0`1.&lt;DoIsolated&gt;b__0(Object _)

1)    at Microsoft.SqlTools.ServiceLayer.Test.Common.TestConnectionProfileService.GetInstance(String key) in /Users/aasimkhan/src/sqltoolsservice/test/Microsoft.SqlTools.ServiceLayer.Test.Common/TestConnectionProfileService.cs:line 59
   at Microsoft.SqlTools.ServiceLayer.Test.Common.TestConnectionProfileService.GetConnectionParameters(String key, String databaseName) in /Users/aasimkhan/src/sqltoolsservice/test/Microsoft.SqlTools.ServiceLayer.Test.Common/TestConnectionProfileService.cs:line 65
   at Microsoft.SqlTools.ServiceLayer.Test.Common.TestConnectionProfileService.GetConnectionParameters(TestServerType serverType, String databaseName) in /Users/aasimkhan/src/sqltoolsservice/test/Microsoft.SqlTools.ServiceLayer.Test.Common/TestConnectionProfileService.cs:line 75
   at Microsoft.SqlTools.ServiceLayer.Test.Common.TestServiceProvider.InitLiveConnectionInfo(TestServerType serverType, String databaseName, String scriptFilePath) in /Users/aasimkhan/src/sqltoolsservice/test/Microsoft.SqlTools.ServiceLayer.Test.Common/TestServiceProvider.cs:line 142
   at System.Runtime.CompilerServices.AsyncMethodBuilderCore.Start[TStateMachine](TStateMachine&amp; stateMachine)
   at Microsoft.SqlTools.ServiceLayer.Test.Common.TestServiceProvider.InitLiveConnectionInfo(TestServerType serverType, String databaseName, String scriptFilePath)
   at Microsoft.SqlTools.ServiceLayer.Test.Common.TestServiceProvider.RunQueryAsync(TestServerType serverType, String databaseName, String queryText, Boolean throwOnError) in /Users/aasimkhan/src/sqltoolsservice/test/Microsoft.SqlTools.ServiceLayer.Test.Common/TestServiceProvider.cs:line 110
   at System.Runtime.CompilerServices.AsyncMethodBuilderCore.Start[TStateMachine](TStateMachine&amp; stateMachine)
   at Microsoft.SqlTools.ServiceLayer.Test.Common.TestServiceProvider.RunQueryAsync(TestServerType serverType, String databaseName, String queryText, Boolean throwOnError)
   at Microsoft.SqlTools.ServiceLayer.Test.Common.SqlTestDb.CreateNewAsync(TestServerType serverType, Boolean doNotCleanupDb, String databaseName, String query, String dbNamePrefix) in /Users/aasimkhan/src/sqltoolsservice/test/Microsoft.SqlTools.ServiceLayer.Test.Common/SqlTestDb.cs:line 101
   at System.Runtime.CompilerServices.AsyncMethodBuilderCore.Start[TStateMachine](TStateMachine&amp; stateMachine)
   at Microsoft.SqlTools.ServiceLayer.Test.Common.SqlTestDb.CreateNewAsync(TestServerType serverType, Boolean doNotCleanupDb, String databaseName, String query, String dbNamePrefix)
   at Microsoft.SqlTools.ServiceLayer.IntegrationTests.Scripting.ScriptingServiceTests.VerifyScriptAsForMultipleObjects(String query, List`1 scriptingObjects, ScriptingOperationType operation, List`1 expectedScripts) in /Users/aasimkhan/src/sqltoolsservice/test/Microsoft.SqlTools.ServiceLayer.IntegrationTests/Scripting/ScriptingServiceTests.cs:line 302
   at System.Runtime.CompilerServices.AsyncMethodBuilderCore.Start[TStateMachine](TStateMachine&amp; stateMachine)
   at Microsoft.SqlTools.ServiceLayer.IntegrationTests.Scripting.ScriptingServiceTests.VerifyScriptAsForMultipleObjects(String query, List`1 scriptingObjects, ScriptingOperationType operation, List`1 expectedScripts)
   at Microsoft.SqlTools.ServiceLayer.IntegrationTests.Scripting.ScriptingServiceTests.VerifyScriptAs(String query, ScriptingObject scriptingObject, ScriptingOperationType operation, String expectedScript) in /Users/aasimkhan/src/sqltoolsservice/test/Microsoft.SqlTools.ServiceLayer.IntegrationTests/Scripting/ScriptingServiceTests.cs:line 297
   at System.Runtime.CompilerServices.AsyncMethodBuilderCore.Start[TStateMachine](TStateMachine&amp; stateMachine)
   at Microsoft.SqlTools.ServiceLayer.IntegrationTests.Scripting.ScriptingServiceTests.VerifyScriptAs(String query, ScriptingObject scriptingObject, ScriptingOperationType operation, String expectedScript)
   at Microsoft.SqlTools.ServiceLayer.IntegrationTests.Scripting.ScriptingServiceTests.VerifyScriptAsDropStoredProcedure() in /Users/aasimkhan/src/sqltoolsservice/test/Microsoft.SqlTools.ServiceLayer.IntegrationTests/Scripting/ScriptingServiceTests.cs:line 292
   at System.Runtime.CompilerServices.AsyncMethodBuilderCore.Start[TStateMachine](TStateMachine&amp; stateMachine)
   at Microsoft.SqlTools.ServiceLayer.IntegrationTests.Scripting.ScriptingServiceTests.VerifyScriptAsDropStoredProcedure()</failure>
    </testcase>
    <testcase classname="Microsoft.SqlTools.ServiceLayer.IntegrationTests.Scripting.ScriptingServiceTests" name="VerifyScriptAsDropTable" time="0.0011060">
      <failure type="failure" message="  Cannot find any instance for version key: sqlOnPrem&#xA;  Expected: True&#xA;  But was:  False&#xA;">at Microsoft.SqlTools.ServiceLayer.Test.Common.TestConnectionProfileService.GetInstance(String key) in /Users/aasimkhan/src/sqltoolsservice/test/Microsoft.SqlTools.ServiceLayer.Test.Common/TestConnectionProfileService.cs:line 59
   at Microsoft.SqlTools.ServiceLayer.Test.Common.TestConnectionProfileService.GetConnectionParameters(String key, String databaseName) in /Users/aasimkhan/src/sqltoolsservice/test/Microsoft.SqlTools.ServiceLayer.Test.Common/TestConnectionProfileService.cs:line 65
   at Microsoft.SqlTools.ServiceLayer.Test.Common.TestConnectionProfileService.GetConnectionParameters(TestServerType serverType, String databaseName) in /Users/aasimkhan/src/sqltoolsservice/test/Microsoft.SqlTools.ServiceLayer.Test.Common/TestConnectionProfileService.cs:line 75
   at Microsoft.SqlTools.ServiceLayer.Test.Common.TestServiceProvider.InitLiveConnectionInfo(TestServerType serverType, String databaseName, String scriptFilePath) in /Users/aasimkhan/src/sqltoolsservice/test/Microsoft.SqlTools.ServiceLayer.Test.Common/TestServiceProvider.cs:line 142
   at Microsoft.SqlTools.ServiceLayer.Test.Common.TestServiceProvider.RunQueryAsync(TestServerType serverType, String databaseName, String queryText, Boolean throwOnError) in /Users/aasimkhan/src/sqltoolsservice/test/Microsoft.SqlTools.ServiceLayer.Test.Common/TestServiceProvider.cs:line 110
   at Microsoft.SqlTools.ServiceLayer.Test.Common.SqlTestDb.CreateNewAsync(TestServerType serverType, Boolean doNotCleanupDb, String databaseName, String query, String dbNamePrefix) in /Users/aasimkhan/src/sqltoolsservice/test/Microsoft.SqlTools.ServiceLayer.Test.Common/SqlTestDb.cs:line 101
   at Microsoft.SqlTools.ServiceLayer.IntegrationTests.Scripting.ScriptingServiceTests.VerifyScriptAsForMultipleObjects(String query, List`1 scriptingObjects, ScriptingOperationType operation, List`1 expectedScripts) in /Users/aasimkhan/src/sqltoolsservice/test/Microsoft.SqlTools.ServiceLayer.IntegrationTests/Scripting/ScriptingServiceTests.cs:line 302
   at Microsoft.SqlTools.ServiceLayer.IntegrationTests.Scripting.ScriptingServiceTests.VerifyScriptAs(String query, ScriptingObject scriptingObject, ScriptingOperationType operation, String expectedScript) in /Users/aasimkhan/src/sqltoolsservice/test/Microsoft.SqlTools.ServiceLayer.IntegrationTests/Scripting/ScriptingServiceTests.cs:line 297
   at Microsoft.SqlTools.ServiceLayer.IntegrationTests.Scripting.ScriptingServiceTests.VerifyScriptAsDropTable() in /Users/aasimkhan/src/sqltoolsservice/test/Microsoft.SqlTools.ServiceLayer.IntegrationTests/Scripting/ScriptingServiceTests.cs:line 260
   at NUnit.Framework.Internal.TaskAwaitAdapter.GenericAdapter`1.GetResult()
   at NUnit.Framework.Internal.AsyncToSyncAdapter.Await(Func`1 invoke)
   at NUnit.Framework.Internal.Commands.TestMethodCommand.RunTestMethod(TestExecutionContext context)
   at NUnit.Framework.Internal.Commands.TestMethodCommand.Execute(TestExecutionContext context)
   at NUnit.Framework.Internal.Execution.SimpleWorkItem.&lt;&gt;c__DisplayClass4_0.&lt;PerformWork&gt;b__0()
   at NUnit.Framework.Internal.ContextUtils.&lt;&gt;c__DisplayClass1_0`1.&lt;DoIsolated&gt;b__0(Object _)

1)    at Microsoft.SqlTools.ServiceLayer.Test.Common.TestConnectionProfileService.GetInstance(String key) in /Users/aasimkhan/src/sqltoolsservice/test/Microsoft.SqlTools.ServiceLayer.Test.Common/TestConnectionProfileService.cs:line 59
   at Microsoft.SqlTools.ServiceLayer.Test.Common.TestConnectionProfileService.GetConnectionParameters(String key, String databaseName) in /Users/aasimkhan/src/sqltoolsservice/test/Microsoft.SqlTools.ServiceLayer.Test.Common/TestConnectionProfileService.cs:line 65
   at Microsoft.SqlTools.ServiceLayer.Test.Common.TestConnectionProfileService.GetConnectionParameters(TestServerType serverType, String databaseName) in /Users/aasimkhan/src/sqltoolsservice/test/Microsoft.SqlTools.ServiceLayer.Test.Common/TestConnectionProfileService.cs:line 75
   at Microsoft.SqlTools.ServiceLayer.Test.Common.TestServiceProvider.InitLiveConnectionInfo(TestServerType serverType, String databaseName, String scriptFilePath) in /Users/aasimkhan/src/sqltoolsservice/test/Microsoft.SqlTools.ServiceLayer.Test.Common/TestServiceProvider.cs:line 142
   at System.Runtime.CompilerServices.AsyncMethodBuilderCore.Start[TStateMachine](TStateMachine&amp; stateMachine)
   at Microsoft.SqlTools.ServiceLayer.Test.Common.TestServiceProvider.InitLiveConnectionInfo(TestServerType serverType, String databaseName, String scriptFilePath)
   at Microsoft.SqlTools.ServiceLayer.Test.Common.TestServiceProvider.RunQueryAsync(TestServerType serverType, String databaseName, String queryText, Boolean throwOnError) in /Users/aasimkhan/src/sqltoolsservice/test/Microsoft.SqlTools.ServiceLayer.Test.Common/TestServiceProvider.cs:line 110
   at System.Runtime.CompilerServices.AsyncMethodBuilderCore.Start[TStateMachine](TStateMachine&amp; stateMachine)
   at Microsoft.SqlTools.ServiceLayer.Test.Common.TestServiceProvider.RunQueryAsync(TestServerType serverType, String databaseName, String queryText, Boolean throwOnError)
   at Microsoft.SqlTools.ServiceLayer.Test.Common.SqlTestDb.CreateNewAsync(TestServerType serverType, Boolean doNotCleanupDb, String databaseName, String query, String dbNamePrefix) in /Users/aasimkhan/src/sqltoolsservice/test/Microsoft.SqlTools.ServiceLayer.Test.Common/SqlTestDb.cs:line 101
   at System.Runtime.CompilerServices.AsyncMethodBuilderCore.Start[TStateMachine](TStateMachine&amp; stateMachine)
   at Microsoft.SqlTools.ServiceLayer.Test.Common.SqlTestDb.CreateNewAsync(TestServerType serverType, Boolean doNotCleanupDb, String databaseName, String query, String dbNamePrefix)
   at Microsoft.SqlTools.ServiceLayer.IntegrationTests.Scripting.ScriptingServiceTests.VerifyScriptAsForMultipleObjects(String query, List`1 scriptingObjects, ScriptingOperationType operation, List`1 expectedScripts) in /Users/aasimkhan/src/sqltoolsservice/test/Microsoft.SqlTools.ServiceLayer.IntegrationTests/Scripting/ScriptingServiceTests.cs:line 302
   at System.Runtime.CompilerServices.AsyncMethodBuilderCore.Start[TStateMachine](TStateMachine&amp; stateMachine)
   at Microsoft.SqlTools.ServiceLayer.IntegrationTests.Scripting.ScriptingServiceTests.VerifyScriptAsForMultipleObjects(String query, List`1 scriptingObjects, ScriptingOperationType operation, List`1 expectedScripts)
   at Microsoft.SqlTools.ServiceLayer.IntegrationTests.Scripting.ScriptingServiceTests.VerifyScriptAs(String query, ScriptingObject scriptingObject, ScriptingOperationType operation, String expectedScript) in /Users/aasimkhan/src/sqltoolsservice/test/Microsoft.SqlTools.ServiceLayer.IntegrationTests/Scripting/ScriptingServiceTests.cs:line 297
   at System.Runtime.CompilerServices.AsyncMethodBuilderCore.Start[TStateMachine](TStateMachine&amp; stateMachine)
   at Microsoft.SqlTools.ServiceLayer.IntegrationTests.Scripting.ScriptingServiceTests.VerifyScriptAs(String query, ScriptingObject scriptingObject, ScriptingOperationType operation, String expectedScript)
   at Microsoft.SqlTools.ServiceLayer.IntegrationTests.Scripting.ScriptingServiceTests.VerifyScriptAsDropTable() in /Users/aasimkhan/src/sqltoolsservice/test/Microsoft.SqlTools.ServiceLayer.IntegrationTests/Scripting/ScriptingServiceTests.cs:line 260
   at System.Runtime.CompilerServices.AsyncMethodBuilderCore.Start[TStateMachine](TStateMachine&amp; stateMachine)
   at Microsoft.SqlTools.ServiceLayer.IntegrationTests.Scripting.ScriptingServiceTests.VerifyScriptAsDropTable()</failure>
    </testcase>
    <testcase classname="Microsoft.SqlTools.ServiceLayer.IntegrationTests.Scripting.ScriptingServiceTests" name="VerifyScriptAsDropView" time="0.0009670">
      <failure type="failure" message="  Cannot find any instance for version key: sqlOnPrem&#xA;  Expected: True&#xA;  But was:  False&#xA;">at Microsoft.SqlTools.ServiceLayer.Test.Common.TestConnectionProfileService.GetInstance(String key) in /Users/aasimkhan/src/sqltoolsservice/test/Microsoft.SqlTools.ServiceLayer.Test.Common/TestConnectionProfileService.cs:line 59
   at Microsoft.SqlTools.ServiceLayer.Test.Common.TestConnectionProfileService.GetConnectionParameters(String key, String databaseName) in /Users/aasimkhan/src/sqltoolsservice/test/Microsoft.SqlTools.ServiceLayer.Test.Common/TestConnectionProfileService.cs:line 65
   at Microsoft.SqlTools.ServiceLayer.Test.Common.TestConnectionProfileService.GetConnectionParameters(TestServerType serverType, String databaseName) in /Users/aasimkhan/src/sqltoolsservice/test/Microsoft.SqlTools.ServiceLayer.Test.Common/TestConnectionProfileService.cs:line 75
   at Microsoft.SqlTools.ServiceLayer.Test.Common.TestServiceProvider.InitLiveConnectionInfo(TestServerType serverType, String databaseName, String scriptFilePath) in /Users/aasimkhan/src/sqltoolsservice/test/Microsoft.SqlTools.ServiceLayer.Test.Common/TestServiceProvider.cs:line 142
   at Microsoft.SqlTools.ServiceLayer.Test.Common.TestServiceProvider.RunQueryAsync(TestServerType serverType, String databaseName, String queryText, Boolean throwOnError) in /Users/aasimkhan/src/sqltoolsservice/test/Microsoft.SqlTools.ServiceLayer.Test.Common/TestServiceProvider.cs:line 110
   at Microsoft.SqlTools.ServiceLayer.Test.Common.SqlTestDb.CreateNewAsync(TestServerType serverType, Boolean doNotCleanupDb, String databaseName, String query, String dbNamePrefix) in /Users/aasimkhan/src/sqltoolsservice/test/Microsoft.SqlTools.ServiceLayer.Test.Common/SqlTestDb.cs:line 101
   at Microsoft.SqlTools.ServiceLayer.IntegrationTests.Scripting.ScriptingServiceTests.VerifyScriptAsForMultipleObjects(String query, List`1 scriptingObjects, ScriptingOperationType operation, List`1 expectedScripts) in /Users/aasimkhan/src/sqltoolsservice/test/Microsoft.SqlTools.ServiceLayer.IntegrationTests/Scripting/ScriptingServiceTests.cs:line 302
   at Microsoft.SqlTools.ServiceLayer.IntegrationTests.Scripting.ScriptingServiceTests.VerifyScriptAs(String query, ScriptingObject scriptingObject, ScriptingOperationType operation, String expectedScript) in /Users/aasimkhan/src/sqltoolsservice/test/Microsoft.SqlTools.ServiceLayer.IntegrationTests/Scripting/ScriptingServiceTests.cs:line 297
   at Microsoft.SqlTools.ServiceLayer.IntegrationTests.Scripting.ScriptingServiceTests.VerifyScriptAsDropView() in /Users/aasimkhan/src/sqltoolsservice/test/Microsoft.SqlTools.ServiceLayer.IntegrationTests/Scripting/ScriptingServiceTests.cs:line 276
   at NUnit.Framework.Internal.TaskAwaitAdapter.GenericAdapter`1.GetResult()
   at NUnit.Framework.Internal.AsyncToSyncAdapter.Await(Func`1 invoke)
   at NUnit.Framework.Internal.Commands.TestMethodCommand.RunTestMethod(TestExecutionContext context)
   at NUnit.Framework.Internal.Commands.TestMethodCommand.Execute(TestExecutionContext context)
   at NUnit.Framework.Internal.Execution.SimpleWorkItem.&lt;&gt;c__DisplayClass4_0.&lt;PerformWork&gt;b__0()
   at NUnit.Framework.Internal.ContextUtils.&lt;&gt;c__DisplayClass1_0`1.&lt;DoIsolated&gt;b__0(Object _)

1)    at Microsoft.SqlTools.ServiceLayer.Test.Common.TestConnectionProfileService.GetInstance(String key) in /Users/aasimkhan/src/sqltoolsservice/test/Microsoft.SqlTools.ServiceLayer.Test.Common/TestConnectionProfileService.cs:line 59
   at Microsoft.SqlTools.ServiceLayer.Test.Common.TestConnectionProfileService.GetConnectionParameters(String key, String databaseName) in /Users/aasimkhan/src/sqltoolsservice/test/Microsoft.SqlTools.ServiceLayer.Test.Common/TestConnectionProfileService.cs:line 65
   at Microsoft.SqlTools.ServiceLayer.Test.Common.TestConnectionProfileService.GetConnectionParameters(TestServerType serverType, String databaseName) in /Users/aasimkhan/src/sqltoolsservice/test/Microsoft.SqlTools.ServiceLayer.Test.Common/TestConnectionProfileService.cs:line 75
   at Microsoft.SqlTools.ServiceLayer.Test.Common.TestServiceProvider.InitLiveConnectionInfo(TestServerType serverType, String databaseName, String scriptFilePath) in /Users/aasimkhan/src/sqltoolsservice/test/Microsoft.SqlTools.ServiceLayer.Test.Common/TestServiceProvider.cs:line 142
   at System.Runtime.CompilerServices.AsyncMethodBuilderCore.Start[TStateMachine](TStateMachine&amp; stateMachine)
   at Microsoft.SqlTools.ServiceLayer.Test.Common.TestServiceProvider.InitLiveConnectionInfo(TestServerType serverType, String databaseName, String scriptFilePath)
   at Microsoft.SqlTools.ServiceLayer.Test.Common.TestServiceProvider.RunQueryAsync(TestServerType serverType, String databaseName, String queryText, Boolean throwOnError) in /Users/aasimkhan/src/sqltoolsservice/test/Microsoft.SqlTools.ServiceLayer.Test.Common/TestServiceProvider.cs:line 110
   at System.Runtime.CompilerServices.AsyncMethodBuilderCore.Start[TStateMachine](TStateMachine&amp; stateMachine)
   at Microsoft.SqlTools.ServiceLayer.Test.Common.TestServiceProvider.RunQueryAsync(TestServerType serverType, String databaseName, String queryText, Boolean throwOnError)
   at Microsoft.SqlTools.ServiceLayer.Test.Common.SqlTestDb.CreateNewAsync(TestServerType serverType, Boolean doNotCleanupDb, String databaseName, String query, String dbNamePrefix) in /Users/aasimkhan/src/sqltoolsservice/test/Microsoft.SqlTools.ServiceLayer.Test.Common/SqlTestDb.cs:line 101
   at System.Runtime.CompilerServices.AsyncMethodBuilderCore.Start[TStateMachine](TStateMachine&amp; stateMachine)
   at Microsoft.SqlTools.ServiceLayer.Test.Common.SqlTestDb.CreateNewAsync(TestServerType serverType, Boolean doNotCleanupDb, String databaseName, String query, String dbNamePrefix)
   at Microsoft.SqlTools.ServiceLayer.IntegrationTests.Scripting.ScriptingServiceTests.VerifyScriptAsForMultipleObjects(String query, List`1 scriptingObjects, ScriptingOperationType operation, List`1 expectedScripts) in /Users/aasimkhan/src/sqltoolsservice/test/Microsoft.SqlTools.ServiceLayer.IntegrationTests/Scripting/ScriptingServiceTests.cs:line 302
   at System.Runtime.CompilerServices.AsyncMethodBuilderCore.Start[TStateMachine](TStateMachine&amp; stateMachine)
   at Microsoft.SqlTools.ServiceLayer.IntegrationTests.Scripting.ScriptingServiceTests.VerifyScriptAsForMultipleObjects(String query, List`1 scriptingObjects, ScriptingOperationType operation, List`1 expectedScripts)
   at Microsoft.SqlTools.ServiceLayer.IntegrationTests.Scripting.ScriptingServiceTests.VerifyScriptAs(String query, ScriptingObject scriptingObject, ScriptingOperationType operation, String expectedScript) in /Users/aasimkhan/src/sqltoolsservice/test/Microsoft.SqlTools.ServiceLayer.IntegrationTests/Scripting/ScriptingServiceTests.cs:line 297
   at System.Runtime.CompilerServices.AsyncMethodBuilderCore.Start[TStateMachine](TStateMachine&amp; stateMachine)
   at Microsoft.SqlTools.ServiceLayer.IntegrationTests.Scripting.ScriptingServiceTests.VerifyScriptAs(String query, ScriptingObject scriptingObject, ScriptingOperationType operation, String expectedScript)
   at Microsoft.SqlTools.ServiceLayer.IntegrationTests.Scripting.ScriptingServiceTests.VerifyScriptAsDropView() in /Users/aasimkhan/src/sqltoolsservice/test/Microsoft.SqlTools.ServiceLayer.IntegrationTests/Scripting/ScriptingServiceTests.cs:line 276
   at System.Runtime.CompilerServices.AsyncMethodBuilderCore.Start[TStateMachine](TStateMachine&amp; stateMachine)
   at Microsoft.SqlTools.ServiceLayer.IntegrationTests.Scripting.ScriptingServiceTests.VerifyScriptAsDropView()</failure>
    </testcase>
    <testcase classname="Microsoft.SqlTools.ServiceLayer.IntegrationTests.Scripting.ScriptingServiceTests" name="VerifyScriptAsExecuteTableFailes" time="0.0010610">
      <failure type="failure" message="  Cannot find any instance for version key: sqlOnPrem&#xA;  Expected: True&#xA;  But was:  False&#xA;">at Microsoft.SqlTools.ServiceLayer.Test.Common.TestConnectionProfileService.GetInstance(String key) in /Users/aasimkhan/src/sqltoolsservice/test/Microsoft.SqlTools.ServiceLayer.Test.Common/TestConnectionProfileService.cs:line 59
   at Microsoft.SqlTools.ServiceLayer.Test.Common.TestConnectionProfileService.GetConnectionParameters(String key, String databaseName) in /Users/aasimkhan/src/sqltoolsservice/test/Microsoft.SqlTools.ServiceLayer.Test.Common/TestConnectionProfileService.cs:line 65
   at Microsoft.SqlTools.ServiceLayer.Test.Common.TestConnectionProfileService.GetConnectionParameters(TestServerType serverType, String databaseName) in /Users/aasimkhan/src/sqltoolsservice/test/Microsoft.SqlTools.ServiceLayer.Test.Common/TestConnectionProfileService.cs:line 75
   at Microsoft.SqlTools.ServiceLayer.Test.Common.TestServiceProvider.InitLiveConnectionInfo(TestServerType serverType, String databaseName, String scriptFilePath) in /Users/aasimkhan/src/sqltoolsservice/test/Microsoft.SqlTools.ServiceLayer.Test.Common/TestServiceProvider.cs:line 142
   at Microsoft.SqlTools.ServiceLayer.Test.Common.TestServiceProvider.RunQueryAsync(TestServerType serverType, String databaseName, String queryText, Boolean throwOnError) in /Users/aasimkhan/src/sqltoolsservice/test/Microsoft.SqlTools.ServiceLayer.Test.Common/TestServiceProvider.cs:line 110
   at Microsoft.SqlTools.ServiceLayer.Test.Common.SqlTestDb.CreateNewAsync(TestServerType serverType, Boolean doNotCleanupDb, String databaseName, String query, String dbNamePrefix) in /Users/aasimkhan/src/sqltoolsservice/test/Microsoft.SqlTools.ServiceLayer.Test.Common/SqlTestDb.cs:line 101
   at Microsoft.SqlTools.ServiceLayer.IntegrationTests.Scripting.ScriptingServiceTests.VerifyScriptAsForMultipleObjects(String query, List`1 scriptingObjects, ScriptingOperationType operation, List`1 expectedScripts) in /Users/aasimkhan/src/sqltoolsservice/test/Microsoft.SqlTools.ServiceLayer.IntegrationTests/Scripting/ScriptingServiceTests.cs:line 302
   at Microsoft.SqlTools.ServiceLayer.IntegrationTests.Scripting.ScriptingServiceTests.VerifyScriptAs(String query, ScriptingObject scriptingObject, ScriptingOperationType operation, String expectedScript) in /Users/aasimkhan/src/sqltoolsservice/test/Microsoft.SqlTools.ServiceLayer.IntegrationTests/Scripting/ScriptingServiceTests.cs:line 297
   at Microsoft.SqlTools.ServiceLayer.IntegrationTests.Scripting.ScriptingServiceTests.VerifyScriptAsExecuteTableFailes() in /Users/aasimkhan/src/sqltoolsservice/test/Microsoft.SqlTools.ServiceLayer.IntegrationTests/Scripting/ScriptingServiceTests.cs:line 129
   at NUnit.Framework.Internal.TaskAwaitAdapter.GenericAdapter`1.GetResult()
   at NUnit.Framework.Internal.AsyncToSyncAdapter.Await(Func`1 invoke)
   at NUnit.Framework.Internal.Commands.TestMethodCommand.RunTestMethod(TestExecutionContext context)
   at NUnit.Framework.Internal.Commands.TestMethodCommand.Execute(TestExecutionContext context)
   at NUnit.Framework.Internal.Execution.SimpleWorkItem.&lt;&gt;c__DisplayClass4_0.&lt;PerformWork&gt;b__0()
   at NUnit.Framework.Internal.ContextUtils.&lt;&gt;c__DisplayClass1_0`1.&lt;DoIsolated&gt;b__0(Object _)

1)    at Microsoft.SqlTools.ServiceLayer.Test.Common.TestConnectionProfileService.GetInstance(String key) in /Users/aasimkhan/src/sqltoolsservice/test/Microsoft.SqlTools.ServiceLayer.Test.Common/TestConnectionProfileService.cs:line 59
   at Microsoft.SqlTools.ServiceLayer.Test.Common.TestConnectionProfileService.GetConnectionParameters(String key, String databaseName) in /Users/aasimkhan/src/sqltoolsservice/test/Microsoft.SqlTools.ServiceLayer.Test.Common/TestConnectionProfileService.cs:line 65
   at Microsoft.SqlTools.ServiceLayer.Test.Common.TestConnectionProfileService.GetConnectionParameters(TestServerType serverType, String databaseName) in /Users/aasimkhan/src/sqltoolsservice/test/Microsoft.SqlTools.ServiceLayer.Test.Common/TestConnectionProfileService.cs:line 75
   at Microsoft.SqlTools.ServiceLayer.Test.Common.TestServiceProvider.InitLiveConnectionInfo(TestServerType serverType, String databaseName, String scriptFilePath) in /Users/aasimkhan/src/sqltoolsservice/test/Microsoft.SqlTools.ServiceLayer.Test.Common/TestServiceProvider.cs:line 142
   at System.Runtime.CompilerServices.AsyncMethodBuilderCore.Start[TStateMachine](TStateMachine&amp; stateMachine)
   at Microsoft.SqlTools.ServiceLayer.Test.Common.TestServiceProvider.InitLiveConnectionInfo(TestServerType serverType, String databaseName, String scriptFilePath)
   at Microsoft.SqlTools.ServiceLayer.Test.Common.TestServiceProvider.RunQueryAsync(TestServerType serverType, String databaseName, String queryText, Boolean throwOnError) in /Users/aasimkhan/src/sqltoolsservice/test/Microsoft.SqlTools.ServiceLayer.Test.Common/TestServiceProvider.cs:line 110
   at System.Runtime.CompilerServices.AsyncMethodBuilderCore.Start[TStateMachine](TStateMachine&amp; stateMachine)
   at Microsoft.SqlTools.ServiceLayer.Test.Common.TestServiceProvider.RunQueryAsync(TestServerType serverType, String databaseName, String queryText, Boolean throwOnError)
   at Microsoft.SqlTools.ServiceLayer.Test.Common.SqlTestDb.CreateNewAsync(TestServerType serverType, Boolean doNotCleanupDb, String databaseName, String query, String dbNamePrefix) in /Users/aasimkhan/src/sqltoolsservice/test/Microsoft.SqlTools.ServiceLayer.Test.Common/SqlTestDb.cs:line 101
   at System.Runtime.CompilerServices.AsyncMethodBuilderCore.Start[TStateMachine](TStateMachine&amp; stateMachine)
   at Microsoft.SqlTools.ServiceLayer.Test.Common.SqlTestDb.CreateNewAsync(TestServerType serverType, Boolean doNotCleanupDb, String databaseName, String query, String dbNamePrefix)
   at Microsoft.SqlTools.ServiceLayer.IntegrationTests.Scripting.ScriptingServiceTests.VerifyScriptAsForMultipleObjects(String query, List`1 scriptingObjects, ScriptingOperationType operation, List`1 expectedScripts) in /Users/aasimkhan/src/sqltoolsservice/test/Microsoft.SqlTools.ServiceLayer.IntegrationTests/Scripting/ScriptingServiceTests.cs:line 302
   at System.Runtime.CompilerServices.AsyncMethodBuilderCore.Start[TStateMachine](TStateMachine&amp; stateMachine)
   at Microsoft.SqlTools.ServiceLayer.IntegrationTests.Scripting.ScriptingServiceTests.VerifyScriptAsForMultipleObjects(String query, List`1 scriptingObjects, ScriptingOperationType operation, List`1 expectedScripts)
   at Microsoft.SqlTools.ServiceLayer.IntegrationTests.Scripting.ScriptingServiceTests.VerifyScriptAs(String query, ScriptingObject scriptingObject, ScriptingOperationType operation, String expectedScript) in /Users/aasimkhan/src/sqltoolsservice/test/Microsoft.SqlTools.ServiceLayer.IntegrationTests/Scripting/ScriptingServiceTests.cs:line 297
   at System.Runtime.CompilerServices.AsyncMethodBuilderCore.Start[TStateMachine](TStateMachine&amp; stateMachine)
   at Microsoft.SqlTools.ServiceLayer.IntegrationTests.Scripting.ScriptingServiceTests.VerifyScriptAs(String query, ScriptingObject scriptingObject, ScriptingOperationType operation, String expectedScript)
   at Microsoft.SqlTools.ServiceLayer.IntegrationTests.Scripting.ScriptingServiceTests.VerifyScriptAsExecuteTableFailes() in /Users/aasimkhan/src/sqltoolsservice/test/Microsoft.SqlTools.ServiceLayer.IntegrationTests/Scripting/ScriptingServiceTests.cs:line 129
   at System.Runtime.CompilerServices.AsyncMethodBuilderCore.Start[TStateMachine](TStateMachine&amp; stateMachine)
   at Microsoft.SqlTools.ServiceLayer.IntegrationTests.Scripting.ScriptingServiceTests.VerifyScriptAsExecuteTableFailes()</failure>
    </testcase>
    <testcase classname="Microsoft.SqlTools.ServiceLayer.IntegrationTests.Scripting.ScriptingServiceTests" name="VerifyScriptAsSelectTable" time="0.0017230">
      <failure type="failure" message="  Cannot find any instance for version key: sqlOnPrem&#xA;  Expected: True&#xA;  But was:  False&#xA;">at Microsoft.SqlTools.ServiceLayer.Test.Common.TestConnectionProfileService.GetInstance(String key) in /Users/aasimkhan/src/sqltoolsservice/test/Microsoft.SqlTools.ServiceLayer.Test.Common/TestConnectionProfileService.cs:line 59
   at Microsoft.SqlTools.ServiceLayer.Test.Common.TestConnectionProfileService.GetConnectionParameters(String key, String databaseName) in /Users/aasimkhan/src/sqltoolsservice/test/Microsoft.SqlTools.ServiceLayer.Test.Common/TestConnectionProfileService.cs:line 65
   at Microsoft.SqlTools.ServiceLayer.Test.Common.TestConnectionProfileService.GetConnectionParameters(TestServerType serverType, String databaseName) in /Users/aasimkhan/src/sqltoolsservice/test/Microsoft.SqlTools.ServiceLayer.Test.Common/TestConnectionProfileService.cs:line 75
   at Microsoft.SqlTools.ServiceLayer.Test.Common.TestServiceProvider.InitLiveConnectionInfo(TestServerType serverType, String databaseName, String scriptFilePath) in /Users/aasimkhan/src/sqltoolsservice/test/Microsoft.SqlTools.ServiceLayer.Test.Common/TestServiceProvider.cs:line 142
   at Microsoft.SqlTools.ServiceLayer.Test.Common.TestServiceProvider.RunQueryAsync(TestServerType serverType, String databaseName, String queryText, Boolean throwOnError) in /Users/aasimkhan/src/sqltoolsservice/test/Microsoft.SqlTools.ServiceLayer.Test.Common/TestServiceProvider.cs:line 110
   at Microsoft.SqlTools.ServiceLayer.Test.Common.SqlTestDb.CreateNewAsync(TestServerType serverType, Boolean doNotCleanupDb, String databaseName, String query, String dbNamePrefix) in /Users/aasimkhan/src/sqltoolsservice/test/Microsoft.SqlTools.ServiceLayer.Test.Common/SqlTestDb.cs:line 101
   at Microsoft.SqlTools.ServiceLayer.IntegrationTests.Scripting.ScriptingServiceTests.VerifyScriptAsForMultipleObjects(String query, List`1 scriptingObjects, ScriptingOperationType operation, List`1 expectedScripts) in /Users/aasimkhan/src/sqltoolsservice/test/Microsoft.SqlTools.ServiceLayer.IntegrationTests/Scripting/ScriptingServiceTests.cs:line 302
   at Microsoft.SqlTools.ServiceLayer.IntegrationTests.Scripting.ScriptingServiceTests.VerifyScriptAs(String query, ScriptingObject scriptingObject, ScriptingOperationType operation, String expectedScript) in /Users/aasimkhan/src/sqltoolsservice/test/Microsoft.SqlTools.ServiceLayer.IntegrationTests/Scripting/ScriptingServiceTests.cs:line 297
   at Microsoft.SqlTools.ServiceLayer.IntegrationTests.Scripting.ScriptingServiceTests.VerifyScriptAsSelectTable() in /Users/aasimkhan/src/sqltoolsservice/test/Microsoft.SqlTools.ServiceLayer.IntegrationTests/Scripting/ScriptingServiceTests.cs:line 212
   at NUnit.Framework.Internal.TaskAwaitAdapter.GenericAdapter`1.GetResult()
   at NUnit.Framework.Internal.AsyncToSyncAdapter.Await(Func`1 invoke)
   at NUnit.Framework.Internal.Commands.TestMethodCommand.RunTestMethod(TestExecutionContext context)
   at NUnit.Framework.Internal.Commands.TestMethodCommand.Execute(TestExecutionContext context)
   at NUnit.Framework.Internal.Execution.SimpleWorkItem.&lt;&gt;c__DisplayClass4_0.&lt;PerformWork&gt;b__0()
   at NUnit.Framework.Internal.ContextUtils.&lt;&gt;c__DisplayClass1_0`1.&lt;DoIsolated&gt;b__0(Object _)

1)    at Microsoft.SqlTools.ServiceLayer.Test.Common.TestConnectionProfileService.GetInstance(String key) in /Users/aasimkhan/src/sqltoolsservice/test/Microsoft.SqlTools.ServiceLayer.Test.Common/TestConnectionProfileService.cs:line 59
   at Microsoft.SqlTools.ServiceLayer.Test.Common.TestConnectionProfileService.GetConnectionParameters(String key, String databaseName) in /Users/aasimkhan/src/sqltoolsservice/test/Microsoft.SqlTools.ServiceLayer.Test.Common/TestConnectionProfileService.cs:line 65
   at Microsoft.SqlTools.ServiceLayer.Test.Common.TestConnectionProfileService.GetConnectionParameters(TestServerType serverType, String databaseName) in /Users/aasimkhan/src/sqltoolsservice/test/Microsoft.SqlTools.ServiceLayer.Test.Common/TestConnectionProfileService.cs:line 75
   at Microsoft.SqlTools.ServiceLayer.Test.Common.TestServiceProvider.InitLiveConnectionInfo(TestServerType serverType, String databaseName, String scriptFilePath) in /Users/aasimkhan/src/sqltoolsservice/test/Microsoft.SqlTools.ServiceLayer.Test.Common/TestServiceProvider.cs:line 142
   at System.Runtime.CompilerServices.AsyncMethodBuilderCore.Start[TStateMachine](TStateMachine&amp; stateMachine)
   at Microsoft.SqlTools.ServiceLayer.Test.Common.TestServiceProvider.InitLiveConnectionInfo(TestServerType serverType, String databaseName, String scriptFilePath)
   at Microsoft.SqlTools.ServiceLayer.Test.Common.TestServiceProvider.RunQueryAsync(TestServerType serverType, String databaseName, String queryText, Boolean throwOnError) in /Users/aasimkhan/src/sqltoolsservice/test/Microsoft.SqlTools.ServiceLayer.Test.Common/TestServiceProvider.cs:line 110
   at System.Runtime.CompilerServices.AsyncMethodBuilderCore.Start[TStateMachine](TStateMachine&amp; stateMachine)
   at Microsoft.SqlTools.ServiceLayer.Test.Common.TestServiceProvider.RunQueryAsync(TestServerType serverType, String databaseName, String queryText, Boolean throwOnError)
   at Microsoft.SqlTools.ServiceLayer.Test.Common.SqlTestDb.CreateNewAsync(TestServerType serverType, Boolean doNotCleanupDb, String databaseName, String query, String dbNamePrefix) in /Users/aasimkhan/src/sqltoolsservice/test/Microsoft.SqlTools.ServiceLayer.Test.Common/SqlTestDb.cs:line 101
   at System.Runtime.CompilerServices.AsyncMethodBuilderCore.Start[TStateMachine](TStateMachine&amp; stateMachine)
   at Microsoft.SqlTools.ServiceLayer.Test.Common.SqlTestDb.CreateNewAsync(TestServerType serverType, Boolean doNotCleanupDb, String databaseName, String query, String dbNamePrefix)
   at Microsoft.SqlTools.ServiceLayer.IntegrationTests.Scripting.ScriptingServiceTests.VerifyScriptAsForMultipleObjects(String query, List`1 scriptingObjects, ScriptingOperationType operation, List`1 expectedScripts) in /Users/aasimkhan/src/sqltoolsservice/test/Microsoft.SqlTools.ServiceLayer.IntegrationTests/Scripting/ScriptingServiceTests.cs:line 302
   at System.Runtime.CompilerServices.AsyncMethodBuilderCore.Start[TStateMachine](TStateMachine&amp; stateMachine)
   at Microsoft.SqlTools.ServiceLayer.IntegrationTests.Scripting.ScriptingServiceTests.VerifyScriptAsForMultipleObjects(String query, List`1 scriptingObjects, ScriptingOperationType operation, List`1 expectedScripts)
   at Microsoft.SqlTools.ServiceLayer.IntegrationTests.Scripting.ScriptingServiceTests.VerifyScriptAs(String query, ScriptingObject scriptingObject, ScriptingOperationType operation, String expectedScript) in /Users/aasimkhan/src/sqltoolsservice/test/Microsoft.SqlTools.ServiceLayer.IntegrationTests/Scripting/ScriptingServiceTests.cs:line 297
   at System.Runtime.CompilerServices.AsyncMethodBuilderCore.Start[TStateMachine](TStateMachine&amp; stateMachine)
   at Microsoft.SqlTools.ServiceLayer.IntegrationTests.Scripting.ScriptingServiceTests.VerifyScriptAs(String query, ScriptingObject scriptingObject, ScriptingOperationType operation, String expectedScript)
   at Microsoft.SqlTools.ServiceLayer.IntegrationTests.Scripting.ScriptingServiceTests.VerifyScriptAsSelectTable() in /Users/aasimkhan/src/sqltoolsservice/test/Microsoft.SqlTools.ServiceLayer.IntegrationTests/Scripting/ScriptingServiceTests.cs:line 212
   at System.Runtime.CompilerServices.AsyncMethodBuilderCore.Start[TStateMachine](TStateMachine&amp; stateMachine)
   at Microsoft.SqlTools.ServiceLayer.IntegrationTests.Scripting.ScriptingServiceTests.VerifyScriptAsSelectTable()</failure>
    </testcase>
    <testcase classname="Microsoft.SqlTools.ServiceLayer.IntegrationTests.SqlAssessment.SqlAssessmentServiceTests" name="GetSqlAssessmentItemsDatabaseTest" time="0.0011340">
      <failure type="failure" message="  Cannot find any instance for version key: sqlOnPrem&#xA;  Expected: True&#xA;  But was:  False&#xA;">at Microsoft.SqlTools.ServiceLayer.Test.Common.TestConnectionProfileService.GetInstance(String key) in /Users/aasimkhan/src/sqltoolsservice/test/Microsoft.SqlTools.ServiceLayer.Test.Common/TestConnectionProfileService.cs:line 59
   at Microsoft.SqlTools.ServiceLayer.Test.Common.TestConnectionProfileService.GetConnectionParameters(String key, String databaseName) in /Users/aasimkhan/src/sqltoolsservice/test/Microsoft.SqlTools.ServiceLayer.Test.Common/TestConnectionProfileService.cs:line 65
   at Microsoft.SqlTools.ServiceLayer.Test.Common.TestConnectionProfileService.GetConnectionParameters(TestServerType serverType, String databaseName) in /Users/aasimkhan/src/sqltoolsservice/test/Microsoft.SqlTools.ServiceLayer.Test.Common/TestConnectionProfileService.cs:line 75
   at Microsoft.SqlTools.ServiceLayer.IntegrationTests.Utility.LiveConnectionHelper.InitLiveConnectionInfoAsync(String databaseName, String ownerUri, String connectionType, TestServerType serverType) in /Users/aasimkhan/src/sqltoolsservice/test/Microsoft.SqlTools.ServiceLayer.IntegrationTests/Utility/LiveConnectionHelper.cs:line 68
   at Microsoft.SqlTools.ServiceLayer.IntegrationTests.Utility.LiveConnectionHelper.InitLiveConnectionInfo(String databaseName, String ownerUri) in /Users/aasimkhan/src/sqltoolsservice/test/Microsoft.SqlTools.ServiceLayer.IntegrationTests/Utility/LiveConnectionHelper.cs:line 52
   at Microsoft.SqlTools.ServiceLayer.IntegrationTests.SqlAssessment.SqlAssessmentServiceTests.GetSqlAssessmentItemsDatabaseTest() in /Users/aasimkhan/src/sqltoolsservice/test/Microsoft.SqlTools.ServiceLayer.IntegrationTests/SqlAssessment/SqlAssessmentServiceTests.cs:line 89
   at NUnit.Framework.Internal.TaskAwaitAdapter.GenericAdapter`1.GetResult()
   at NUnit.Framework.Internal.AsyncToSyncAdapter.Await(Func`1 invoke)
   at NUnit.Framework.Internal.Commands.TestMethodCommand.RunTestMethod(TestExecutionContext context)
   at NUnit.Framework.Internal.Commands.TestMethodCommand.Execute(TestExecutionContext context)
   at NUnit.Framework.Internal.Execution.SimpleWorkItem.&lt;&gt;c__DisplayClass4_0.&lt;PerformWork&gt;b__0()
   at NUnit.Framework.Internal.ContextUtils.&lt;&gt;c__DisplayClass1_0`1.&lt;DoIsolated&gt;b__0(Object _)

1)    at Microsoft.SqlTools.ServiceLayer.Test.Common.TestConnectionProfileService.GetInstance(String key) in /Users/aasimkhan/src/sqltoolsservice/test/Microsoft.SqlTools.ServiceLayer.Test.Common/TestConnectionProfileService.cs:line 59
   at Microsoft.SqlTools.ServiceLayer.Test.Common.TestConnectionProfileService.GetConnectionParameters(String key, String databaseName) in /Users/aasimkhan/src/sqltoolsservice/test/Microsoft.SqlTools.ServiceLayer.Test.Common/TestConnectionProfileService.cs:line 65
   at Microsoft.SqlTools.ServiceLayer.Test.Common.TestConnectionProfileService.GetConnectionParameters(TestServerType serverType, String databaseName) in /Users/aasimkhan/src/sqltoolsservice/test/Microsoft.SqlTools.ServiceLayer.Test.Common/TestConnectionProfileService.cs:line 75
   at Microsoft.SqlTools.ServiceLayer.IntegrationTests.Utility.LiveConnectionHelper.InitLiveConnectionInfoAsync(String databaseName, String ownerUri, String connectionType, TestServerType serverType) in /Users/aasimkhan/src/sqltoolsservice/test/Microsoft.SqlTools.ServiceLayer.IntegrationTests/Utility/LiveConnectionHelper.cs:line 68
   at System.Runtime.CompilerServices.AsyncMethodBuilderCore.Start[TStateMachine](TStateMachine&amp; stateMachine)
   at Microsoft.SqlTools.ServiceLayer.IntegrationTests.Utility.LiveConnectionHelper.InitLiveConnectionInfoAsync(String databaseName, String ownerUri, String connectionType, TestServerType serverType)
   at Microsoft.SqlTools.ServiceLayer.IntegrationTests.Utility.LiveConnectionHelper.InitLiveConnectionInfo(String databaseName, String ownerUri) in /Users/aasimkhan/src/sqltoolsservice/test/Microsoft.SqlTools.ServiceLayer.IntegrationTests/Utility/LiveConnectionHelper.cs:line 52
   at Microsoft.SqlTools.ServiceLayer.IntegrationTests.SqlAssessment.SqlAssessmentServiceTests.GetSqlAssessmentItemsDatabaseTest() in /Users/aasimkhan/src/sqltoolsservice/test/Microsoft.SqlTools.ServiceLayer.IntegrationTests/SqlAssessment/SqlAssessmentServiceTests.cs:line 89
   at System.Runtime.CompilerServices.AsyncMethodBuilderCore.Start[TStateMachine](TStateMachine&amp; stateMachine)
   at Microsoft.SqlTools.ServiceLayer.IntegrationTests.SqlAssessment.SqlAssessmentServiceTests.GetSqlAssessmentItemsDatabaseTest()</failure>
    </testcase>
    <testcase classname="Microsoft.SqlTools.ServiceLayer.IntegrationTests.SqlAssessment.SqlAssessmentServiceTests" name="GetSqlAssessmentItemsServerTest" time="0.0009580">
      <failure type="failure" message="  Cannot find any instance for version key: sqlOnPrem&#xA;  Expected: True&#xA;  But was:  False&#xA;">at Microsoft.SqlTools.ServiceLayer.Test.Common.TestConnectionProfileService.GetInstance(String key) in /Users/aasimkhan/src/sqltoolsservice/test/Microsoft.SqlTools.ServiceLayer.Test.Common/TestConnectionProfileService.cs:line 59
   at Microsoft.SqlTools.ServiceLayer.Test.Common.TestConnectionProfileService.GetConnectionParameters(String key, String databaseName) in /Users/aasimkhan/src/sqltoolsservice/test/Microsoft.SqlTools.ServiceLayer.Test.Common/TestConnectionProfileService.cs:line 65
   at Microsoft.SqlTools.ServiceLayer.Test.Common.TestConnectionProfileService.GetConnectionParameters(TestServerType serverType, String databaseName) in /Users/aasimkhan/src/sqltoolsservice/test/Microsoft.SqlTools.ServiceLayer.Test.Common/TestConnectionProfileService.cs:line 75
   at Microsoft.SqlTools.ServiceLayer.IntegrationTests.Utility.LiveConnectionHelper.InitLiveConnectionInfoAsync(String databaseName, String ownerUri, String connectionType, TestServerType serverType) in /Users/aasimkhan/src/sqltoolsservice/test/Microsoft.SqlTools.ServiceLayer.IntegrationTests/Utility/LiveConnectionHelper.cs:line 68
   at Microsoft.SqlTools.ServiceLayer.IntegrationTests.Utility.LiveConnectionHelper.InitLiveConnectionInfo(String databaseName, String ownerUri) in /Users/aasimkhan/src/sqltoolsservice/test/Microsoft.SqlTools.ServiceLayer.IntegrationTests/Utility/LiveConnectionHelper.cs:line 52
   at Microsoft.SqlTools.ServiceLayer.IntegrationTests.SqlAssessment.SqlAssessmentServiceTests.GetSqlAssessmentItemsServerTest() in /Users/aasimkhan/src/sqltoolsservice/test/Microsoft.SqlTools.ServiceLayer.IntegrationTests/SqlAssessment/SqlAssessmentServiceTests.cs:line 63
   at NUnit.Framework.Internal.TaskAwaitAdapter.GenericAdapter`1.GetResult()
   at NUnit.Framework.Internal.AsyncToSyncAdapter.Await(Func`1 invoke)
   at NUnit.Framework.Internal.Commands.TestMethodCommand.RunTestMethod(TestExecutionContext context)
   at NUnit.Framework.Internal.Commands.TestMethodCommand.Execute(TestExecutionContext context)
   at NUnit.Framework.Internal.Execution.SimpleWorkItem.&lt;&gt;c__DisplayClass4_0.&lt;PerformWork&gt;b__0()
   at NUnit.Framework.Internal.ContextUtils.&lt;&gt;c__DisplayClass1_0`1.&lt;DoIsolated&gt;b__0(Object _)

1)    at Microsoft.SqlTools.ServiceLayer.Test.Common.TestConnectionProfileService.GetInstance(String key) in /Users/aasimkhan/src/sqltoolsservice/test/Microsoft.SqlTools.ServiceLayer.Test.Common/TestConnectionProfileService.cs:line 59
   at Microsoft.SqlTools.ServiceLayer.Test.Common.TestConnectionProfileService.GetConnectionParameters(String key, String databaseName) in /Users/aasimkhan/src/sqltoolsservice/test/Microsoft.SqlTools.ServiceLayer.Test.Common/TestConnectionProfileService.cs:line 65
   at Microsoft.SqlTools.ServiceLayer.Test.Common.TestConnectionProfileService.GetConnectionParameters(TestServerType serverType, String databaseName) in /Users/aasimkhan/src/sqltoolsservice/test/Microsoft.SqlTools.ServiceLayer.Test.Common/TestConnectionProfileService.cs:line 75
   at Microsoft.SqlTools.ServiceLayer.IntegrationTests.Utility.LiveConnectionHelper.InitLiveConnectionInfoAsync(String databaseName, String ownerUri, String connectionType, TestServerType serverType) in /Users/aasimkhan/src/sqltoolsservice/test/Microsoft.SqlTools.ServiceLayer.IntegrationTests/Utility/LiveConnectionHelper.cs:line 68
   at System.Runtime.CompilerServices.AsyncMethodBuilderCore.Start[TStateMachine](TStateMachine&amp; stateMachine)
   at Microsoft.SqlTools.ServiceLayer.IntegrationTests.Utility.LiveConnectionHelper.InitLiveConnectionInfoAsync(String databaseName, String ownerUri, String connectionType, TestServerType serverType)
   at Microsoft.SqlTools.ServiceLayer.IntegrationTests.Utility.LiveConnectionHelper.InitLiveConnectionInfo(String databaseName, String ownerUri) in /Users/aasimkhan/src/sqltoolsservice/test/Microsoft.SqlTools.ServiceLayer.IntegrationTests/Utility/LiveConnectionHelper.cs:line 52
   at Microsoft.SqlTools.ServiceLayer.IntegrationTests.SqlAssessment.SqlAssessmentServiceTests.GetSqlAssessmentItemsServerTest() in /Users/aasimkhan/src/sqltoolsservice/test/Microsoft.SqlTools.ServiceLayer.IntegrationTests/SqlAssessment/SqlAssessmentServiceTests.cs:line 63
   at System.Runtime.CompilerServices.AsyncMethodBuilderCore.Start[TStateMachine](TStateMachine&amp; stateMachine)
   at Microsoft.SqlTools.ServiceLayer.IntegrationTests.SqlAssessment.SqlAssessmentServiceTests.GetSqlAssessmentItemsServerTest()</failure>
    </testcase>
    <testcase classname="Microsoft.SqlTools.ServiceLayer.IntegrationTests.SqlAssessment.SqlAssessmentServiceTests" name="InvokeSqlAssessmentIDatabaseTest" time="0.0009310">
      <failure type="failure" message="  Cannot find any instance for version key: sqlOnPrem&#xA;  Expected: True&#xA;  But was:  False&#xA;">at Microsoft.SqlTools.ServiceLayer.Test.Common.TestConnectionProfileService.GetInstance(String key) in /Users/aasimkhan/src/sqltoolsservice/test/Microsoft.SqlTools.ServiceLayer.Test.Common/TestConnectionProfileService.cs:line 59
   at Microsoft.SqlTools.ServiceLayer.Test.Common.TestConnectionProfileService.GetConnectionParameters(String key, String databaseName) in /Users/aasimkhan/src/sqltoolsservice/test/Microsoft.SqlTools.ServiceLayer.Test.Common/TestConnectionProfileService.cs:line 65
   at Microsoft.SqlTools.ServiceLayer.Test.Common.TestConnectionProfileService.GetConnectionParameters(TestServerType serverType, String databaseName) in /Users/aasimkhan/src/sqltoolsservice/test/Microsoft.SqlTools.ServiceLayer.Test.Common/TestConnectionProfileService.cs:line 75
   at Microsoft.SqlTools.ServiceLayer.IntegrationTests.Utility.LiveConnectionHelper.InitLiveConnectionInfoAsync(String databaseName, String ownerUri, String connectionType, TestServerType serverType) in /Users/aasimkhan/src/sqltoolsservice/test/Microsoft.SqlTools.ServiceLayer.IntegrationTests/Utility/LiveConnectionHelper.cs:line 68
   at Microsoft.SqlTools.ServiceLayer.IntegrationTests.Utility.LiveConnectionHelper.InitLiveConnectionInfo(String databaseName, String ownerUri) in /Users/aasimkhan/src/sqltoolsservice/test/Microsoft.SqlTools.ServiceLayer.IntegrationTests/Utility/LiveConnectionHelper.cs:line 52
   at Microsoft.SqlTools.ServiceLayer.IntegrationTests.SqlAssessment.SqlAssessmentServiceTests.InvokeSqlAssessmentIDatabaseTest() in /Users/aasimkhan/src/sqltoolsservice/test/Microsoft.SqlTools.ServiceLayer.IntegrationTests/SqlAssessment/SqlAssessmentServiceTests.cs:line 109
   at NUnit.Framework.Internal.TaskAwaitAdapter.GenericAdapter`1.GetResult()
   at NUnit.Framework.Internal.AsyncToSyncAdapter.Await(Func`1 invoke)
   at NUnit.Framework.Internal.Commands.TestMethodCommand.RunTestMethod(TestExecutionContext context)
   at NUnit.Framework.Internal.Commands.TestMethodCommand.Execute(TestExecutionContext context)
   at NUnit.Framework.Internal.Execution.SimpleWorkItem.&lt;&gt;c__DisplayClass4_0.&lt;PerformWork&gt;b__0()
   at NUnit.Framework.Internal.ContextUtils.&lt;&gt;c__DisplayClass1_0`1.&lt;DoIsolated&gt;b__0(Object _)

1)    at Microsoft.SqlTools.ServiceLayer.Test.Common.TestConnectionProfileService.GetInstance(String key) in /Users/aasimkhan/src/sqltoolsservice/test/Microsoft.SqlTools.ServiceLayer.Test.Common/TestConnectionProfileService.cs:line 59
   at Microsoft.SqlTools.ServiceLayer.Test.Common.TestConnectionProfileService.GetConnectionParameters(String key, String databaseName) in /Users/aasimkhan/src/sqltoolsservice/test/Microsoft.SqlTools.ServiceLayer.Test.Common/TestConnectionProfileService.cs:line 65
   at Microsoft.SqlTools.ServiceLayer.Test.Common.TestConnectionProfileService.GetConnectionParameters(TestServerType serverType, String databaseName) in /Users/aasimkhan/src/sqltoolsservice/test/Microsoft.SqlTools.ServiceLayer.Test.Common/TestConnectionProfileService.cs:line 75
   at Microsoft.SqlTools.ServiceLayer.IntegrationTests.Utility.LiveConnectionHelper.InitLiveConnectionInfoAsync(String databaseName, String ownerUri, String connectionType, TestServerType serverType) in /Users/aasimkhan/src/sqltoolsservice/test/Microsoft.SqlTools.ServiceLayer.IntegrationTests/Utility/LiveConnectionHelper.cs:line 68
   at System.Runtime.CompilerServices.AsyncMethodBuilderCore.Start[TStateMachine](TStateMachine&amp; stateMachine)
   at Microsoft.SqlTools.ServiceLayer.IntegrationTests.Utility.LiveConnectionHelper.InitLiveConnectionInfoAsync(String databaseName, String ownerUri, String connectionType, TestServerType serverType)
   at Microsoft.SqlTools.ServiceLayer.IntegrationTests.Utility.LiveConnectionHelper.InitLiveConnectionInfo(String databaseName, String ownerUri) in /Users/aasimkhan/src/sqltoolsservice/test/Microsoft.SqlTools.ServiceLayer.IntegrationTests/Utility/LiveConnectionHelper.cs:line 52
   at Microsoft.SqlTools.ServiceLayer.IntegrationTests.SqlAssessment.SqlAssessmentServiceTests.InvokeSqlAssessmentIDatabaseTest() in /Users/aasimkhan/src/sqltoolsservice/test/Microsoft.SqlTools.ServiceLayer.IntegrationTests/SqlAssessment/SqlAssessmentServiceTests.cs:line 109
   at System.Runtime.CompilerServices.AsyncMethodBuilderCore.Start[TStateMachine](TStateMachine&amp; stateMachine)
   at Microsoft.SqlTools.ServiceLayer.IntegrationTests.SqlAssessment.SqlAssessmentServiceTests.InvokeSqlAssessmentIDatabaseTest()</failure>
    </testcase>
    <testcase classname="Microsoft.SqlTools.ServiceLayer.IntegrationTests.SqlAssessment.SqlAssessmentServiceTests" name="InvokeSqlAssessmentServerTest" time="0.0011670">
      <failure type="failure" message="  Cannot find any instance for version key: sqlOnPrem&#xA;  Expected: True&#xA;  But was:  False&#xA;">at Microsoft.SqlTools.ServiceLayer.Test.Common.TestConnectionProfileService.GetInstance(String key) in /Users/aasimkhan/src/sqltoolsservice/test/Microsoft.SqlTools.ServiceLayer.Test.Common/TestConnectionProfileService.cs:line 59
   at Microsoft.SqlTools.ServiceLayer.Test.Common.TestConnectionProfileService.GetConnectionParameters(String key, String databaseName) in /Users/aasimkhan/src/sqltoolsservice/test/Microsoft.SqlTools.ServiceLayer.Test.Common/TestConnectionProfileService.cs:line 65
   at Microsoft.SqlTools.ServiceLayer.Test.Common.TestConnectionProfileService.GetConnectionParameters(TestServerType serverType, String databaseName) in /Users/aasimkhan/src/sqltoolsservice/test/Microsoft.SqlTools.ServiceLayer.Test.Common/TestConnectionProfileService.cs:line 75
   at Microsoft.SqlTools.ServiceLayer.IntegrationTests.Utility.LiveConnectionHelper.InitLiveConnectionInfoAsync(String databaseName, String ownerUri, String connectionType, TestServerType serverType) in /Users/aasimkhan/src/sqltoolsservice/test/Microsoft.SqlTools.ServiceLayer.IntegrationTests/Utility/LiveConnectionHelper.cs:line 68
   at Microsoft.SqlTools.ServiceLayer.IntegrationTests.Utility.LiveConnectionHelper.InitLiveConnectionInfo(String databaseName, String ownerUri) in /Users/aasimkhan/src/sqltoolsservice/test/Microsoft.SqlTools.ServiceLayer.IntegrationTests/Utility/LiveConnectionHelper.cs:line 52
   at Microsoft.SqlTools.ServiceLayer.IntegrationTests.SqlAssessment.SqlAssessmentServiceTests.InvokeSqlAssessmentServerTest() in /Users/aasimkhan/src/sqltoolsservice/test/Microsoft.SqlTools.ServiceLayer.IntegrationTests/SqlAssessment/SqlAssessmentServiceTests.cs:line 37
   at NUnit.Framework.Internal.TaskAwaitAdapter.GenericAdapter`1.GetResult()
   at NUnit.Framework.Internal.AsyncToSyncAdapter.Await(Func`1 invoke)
   at NUnit.Framework.Internal.Commands.TestMethodCommand.RunTestMethod(TestExecutionContext context)
   at NUnit.Framework.Internal.Commands.TestMethodCommand.Execute(TestExecutionContext context)
   at NUnit.Framework.Internal.Execution.SimpleWorkItem.&lt;&gt;c__DisplayClass4_0.&lt;PerformWork&gt;b__0()
   at NUnit.Framework.Internal.ContextUtils.&lt;&gt;c__DisplayClass1_0`1.&lt;DoIsolated&gt;b__0(Object _)

1)    at Microsoft.SqlTools.ServiceLayer.Test.Common.TestConnectionProfileService.GetInstance(String key) in /Users/aasimkhan/src/sqltoolsservice/test/Microsoft.SqlTools.ServiceLayer.Test.Common/TestConnectionProfileService.cs:line 59
   at Microsoft.SqlTools.ServiceLayer.Test.Common.TestConnectionProfileService.GetConnectionParameters(String key, String databaseName) in /Users/aasimkhan/src/sqltoolsservice/test/Microsoft.SqlTools.ServiceLayer.Test.Common/TestConnectionProfileService.cs:line 65
   at Microsoft.SqlTools.ServiceLayer.Test.Common.TestConnectionProfileService.GetConnectionParameters(TestServerType serverType, String databaseName) in /Users/aasimkhan/src/sqltoolsservice/test/Microsoft.SqlTools.ServiceLayer.Test.Common/TestConnectionProfileService.cs:line 75
   at Microsoft.SqlTools.ServiceLayer.IntegrationTests.Utility.LiveConnectionHelper.InitLiveConnectionInfoAsync(String databaseName, String ownerUri, String connectionType, TestServerType serverType) in /Users/aasimkhan/src/sqltoolsservice/test/Microsoft.SqlTools.ServiceLayer.IntegrationTests/Utility/LiveConnectionHelper.cs:line 68
   at System.Runtime.CompilerServices.AsyncMethodBuilderCore.Start[TStateMachine](TStateMachine&amp; stateMachine)
   at Microsoft.SqlTools.ServiceLayer.IntegrationTests.Utility.LiveConnectionHelper.InitLiveConnectionInfoAsync(String databaseName, String ownerUri, String connectionType, TestServerType serverType)
   at Microsoft.SqlTools.ServiceLayer.IntegrationTests.Utility.LiveConnectionHelper.InitLiveConnectionInfo(String databaseName, String ownerUri) in /Users/aasimkhan/src/sqltoolsservice/test/Microsoft.SqlTools.ServiceLayer.IntegrationTests/Utility/LiveConnectionHelper.cs:line 52
   at Microsoft.SqlTools.ServiceLayer.IntegrationTests.SqlAssessment.SqlAssessmentServiceTests.InvokeSqlAssessmentServerTest() in /Users/aasimkhan/src/sqltoolsservice/test/Microsoft.SqlTools.ServiceLayer.IntegrationTests/SqlAssessment/SqlAssessmentServiceTests.cs:line 37
   at System.Runtime.CompilerServices.AsyncMethodBuilderCore.Start[TStateMachine](TStateMachine&amp; stateMachine)
   at Microsoft.SqlTools.ServiceLayer.IntegrationTests.SqlAssessment.SqlAssessmentServiceTests.InvokeSqlAssessmentServerTest()</failure>
    </testcase>
    <testcase classname="Microsoft.SqlTools.ServiceLayer.IntegrationTests.SqlProjects.SqlProjectsServiceTests" name="TestCrossPlatformUpdates" time="0.0254720" />
    <testcase classname="Microsoft.SqlTools.ServiceLayer.IntegrationTests.SqlProjects.SqlProjectsServiceTests" name="TestDacpacReferenceAdd" time="0.0298080" />
    <testcase classname="Microsoft.SqlTools.ServiceLayer.IntegrationTests.SqlProjects.SqlProjectsServiceTests" name="TestDatabaseReferenceDelete" time="0.0105060" />
    <testcase classname="Microsoft.SqlTools.ServiceLayer.IntegrationTests.SqlProjects.SqlProjectsServiceTests" name="TestErrorDuringExecution" time="0.0043180" />
    <testcase classname="Microsoft.SqlTools.ServiceLayer.IntegrationTests.SqlProjects.SqlProjectsServiceTests" name="TestFolderOperations" time="0.0227650" />
    <testcase classname="Microsoft.SqlTools.ServiceLayer.IntegrationTests.SqlProjects.SqlProjectsServiceTests" name="TestGetDatabaseReferences" time="0.0140820" />
    <testcase classname="Microsoft.SqlTools.ServiceLayer.IntegrationTests.SqlProjects.SqlProjectsServiceTests" name="TestLoadOnlyProperties" time="0.0135730" />
    <testcase classname="Microsoft.SqlTools.ServiceLayer.IntegrationTests.SqlProjects.SqlProjectsServiceTests" name="TestNoneItemOperations" time="0.0145900" />
    <testcase classname="Microsoft.SqlTools.ServiceLayer.IntegrationTests.SqlProjects.SqlProjectsServiceTests" name="TestNugetPackageReferenceAdd" time="0.0147330" />
    <testcase classname="Microsoft.SqlTools.ServiceLayer.IntegrationTests.SqlProjects.SqlProjectsServiceTests" name="TestOpenCloseProject" time="0.0099050" />
    <testcase classname="Microsoft.SqlTools.ServiceLayer.IntegrationTests.SqlProjects.SqlProjectsServiceTests" name="TestPostDeploymentScriptOperations" time="0.0169700" />
    <testcase classname="Microsoft.SqlTools.ServiceLayer.IntegrationTests.SqlProjects.SqlProjectsServiceTests" name="TestPreDeploymentScriptOperations" time="0.0135140" />
    <testcase classname="Microsoft.SqlTools.ServiceLayer.IntegrationTests.SqlProjects.SqlProjectsServiceTests" name="TestProjectProperties" time="0.0074130" />
    <testcase classname="Microsoft.SqlTools.ServiceLayer.IntegrationTests.SqlProjects.SqlProjectsServiceTests" name="TestSqlCmdVariablesOperations" time="0.0089370" />
    <testcase classname="Microsoft.SqlTools.ServiceLayer.IntegrationTests.SqlProjects.SqlProjectsServiceTests" name="TestSqlObjectScriptOperations" time="0.0082310" />
    <testcase classname="Microsoft.SqlTools.ServiceLayer.IntegrationTests.SqlProjects.SqlProjectsServiceTests" name="TestSqlProjectReferenceAdd" time="0.0140500" />
    <testcase classname="Microsoft.SqlTools.ServiceLayer.IntegrationTests.SqlProjects.SqlProjectsServiceTests" name="TestSystemDatabaseReferenceAdd" time="0.0085150" />
    <testcase classname="Microsoft.SqlTools.ServiceLayer.IntegrationTests.TaskServices.TaskServiceTests" name="VerifyTaskExecuteTheQueryGivenExecutionModeExecute" time="0.0030410">
      <failure type="failure" message="  Cannot find any instance for version key: sqlOnPrem&#xA;  Expected: True&#xA;  But was:  False&#xA;">at Microsoft.SqlTools.ServiceLayer.Test.Common.TestConnectionProfileService.GetInstance(String key) in /Users/aasimkhan/src/sqltoolsservice/test/Microsoft.SqlTools.ServiceLayer.Test.Common/TestConnectionProfileService.cs:line 59
   at Microsoft.SqlTools.ServiceLayer.Test.Common.TestConnectionProfileService.GetConnectionParameters(String key, String databaseName) in /Users/aasimkhan/src/sqltoolsservice/test/Microsoft.SqlTools.ServiceLayer.Test.Common/TestConnectionProfileService.cs:line 65
   at Microsoft.SqlTools.ServiceLayer.Test.Common.TestConnectionProfileService.GetConnectionParameters(TestServerType serverType, String databaseName) in /Users/aasimkhan/src/sqltoolsservice/test/Microsoft.SqlTools.ServiceLayer.Test.Common/TestConnectionProfileService.cs:line 75
   at Microsoft.SqlTools.ServiceLayer.Test.Common.TestServiceProvider.InitLiveConnectionInfo(TestServerType serverType, String databaseName, String scriptFilePath) in /Users/aasimkhan/src/sqltoolsservice/test/Microsoft.SqlTools.ServiceLayer.Test.Common/TestServiceProvider.cs:line 142
   at Microsoft.SqlTools.ServiceLayer.Test.Common.TestServiceProvider.RunQueryAsync(TestServerType serverType, String databaseName, String queryText, Boolean throwOnError) in /Users/aasimkhan/src/sqltoolsservice/test/Microsoft.SqlTools.ServiceLayer.Test.Common/TestServiceProvider.cs:line 110
   at Microsoft.SqlTools.ServiceLayer.Test.Common.SqlTestDb.CreateNewAsync(TestServerType serverType, Boolean doNotCleanupDb, String databaseName, String query, String dbNamePrefix) in /Users/aasimkhan/src/sqltoolsservice/test/Microsoft.SqlTools.ServiceLayer.Test.Common/SqlTestDb.cs:line 101
   at Microsoft.SqlTools.ServiceLayer.IntegrationTests.TaskServices.TaskServiceTests.VerifyTaskWithExecutionMode(TaskExecutionMode executionMode, Boolean makeTaskFail) in /Users/aasimkhan/src/sqltoolsservice/test/Microsoft.SqlTools.ServiceLayer.IntegrationTests/TaskServices/TaskServiceTests.cs:line 78
   at Microsoft.SqlTools.ServiceLayer.IntegrationTests.TaskServices.TaskServiceTests.VerifyTaskExecuteTheQueryGivenExecutionModeExecute() in /Users/aasimkhan/src/sqltoolsservice/test/Microsoft.SqlTools.ServiceLayer.IntegrationTests/TaskServices/TaskServiceTests.cs:line 45
   at NUnit.Framework.Internal.TaskAwaitAdapter.GenericAdapter`1.GetResult()
   at NUnit.Framework.Internal.AsyncToSyncAdapter.Await(Func`1 invoke)
   at NUnit.Framework.Internal.Commands.TestMethodCommand.RunTestMethod(TestExecutionContext context)
   at NUnit.Framework.Internal.Commands.TestMethodCommand.Execute(TestExecutionContext context)
   at NUnit.Framework.Internal.Execution.SimpleWorkItem.&lt;&gt;c__DisplayClass4_0.&lt;PerformWork&gt;b__0()
   at NUnit.Framework.Internal.ContextUtils.&lt;&gt;c__DisplayClass1_0`1.&lt;DoIsolated&gt;b__0(Object _)

1)    at Microsoft.SqlTools.ServiceLayer.Test.Common.TestConnectionProfileService.GetInstance(String key) in /Users/aasimkhan/src/sqltoolsservice/test/Microsoft.SqlTools.ServiceLayer.Test.Common/TestConnectionProfileService.cs:line 59
   at Microsoft.SqlTools.ServiceLayer.Test.Common.TestConnectionProfileService.GetConnectionParameters(String key, String databaseName) in /Users/aasimkhan/src/sqltoolsservice/test/Microsoft.SqlTools.ServiceLayer.Test.Common/TestConnectionProfileService.cs:line 65
   at Microsoft.SqlTools.ServiceLayer.Test.Common.TestConnectionProfileService.GetConnectionParameters(TestServerType serverType, String databaseName) in /Users/aasimkhan/src/sqltoolsservice/test/Microsoft.SqlTools.ServiceLayer.Test.Common/TestConnectionProfileService.cs:line 75
   at Microsoft.SqlTools.ServiceLayer.Test.Common.TestServiceProvider.InitLiveConnectionInfo(TestServerType serverType, String databaseName, String scriptFilePath) in /Users/aasimkhan/src/sqltoolsservice/test/Microsoft.SqlTools.ServiceLayer.Test.Common/TestServiceProvider.cs:line 142
   at System.Runtime.CompilerServices.AsyncMethodBuilderCore.Start[TStateMachine](TStateMachine&amp; stateMachine)
   at Microsoft.SqlTools.ServiceLayer.Test.Common.TestServiceProvider.InitLiveConnectionInfo(TestServerType serverType, String databaseName, String scriptFilePath)
   at Microsoft.SqlTools.ServiceLayer.Test.Common.TestServiceProvider.RunQueryAsync(TestServerType serverType, String databaseName, String queryText, Boolean throwOnError) in /Users/aasimkhan/src/sqltoolsservice/test/Microsoft.SqlTools.ServiceLayer.Test.Common/TestServiceProvider.cs:line 110
   at System.Runtime.CompilerServices.AsyncMethodBuilderCore.Start[TStateMachine](TStateMachine&amp; stateMachine)
   at Microsoft.SqlTools.ServiceLayer.Test.Common.TestServiceProvider.RunQueryAsync(TestServerType serverType, String databaseName, String queryText, Boolean throwOnError)
   at Microsoft.SqlTools.ServiceLayer.Test.Common.SqlTestDb.CreateNewAsync(TestServerType serverType, Boolean doNotCleanupDb, String databaseName, String query, String dbNamePrefix) in /Users/aasimkhan/src/sqltoolsservice/test/Microsoft.SqlTools.ServiceLayer.Test.Common/SqlTestDb.cs:line 101
   at System.Runtime.CompilerServices.AsyncMethodBuilderCore.Start[TStateMachine](TStateMachine&amp; stateMachine)
   at Microsoft.SqlTools.ServiceLayer.Test.Common.SqlTestDb.CreateNewAsync(TestServerType serverType, Boolean doNotCleanupDb, String databaseName, String query, String dbNamePrefix)
   at Microsoft.SqlTools.ServiceLayer.IntegrationTests.TaskServices.TaskServiceTests.VerifyTaskWithExecutionMode(TaskExecutionMode executionMode, Boolean makeTaskFail) in /Users/aasimkhan/src/sqltoolsservice/test/Microsoft.SqlTools.ServiceLayer.IntegrationTests/TaskServices/TaskServiceTests.cs:line 78
   at System.Runtime.CompilerServices.AsyncMethodBuilderCore.Start[TStateMachine](TStateMachine&amp; stateMachine)
   at Microsoft.SqlTools.ServiceLayer.IntegrationTests.TaskServices.TaskServiceTests.VerifyTaskWithExecutionMode(TaskExecutionMode executionMode, Boolean makeTaskFail)
   at Microsoft.SqlTools.ServiceLayer.IntegrationTests.TaskServices.TaskServiceTests.VerifyTaskExecuteTheQueryGivenExecutionModeExecute() in /Users/aasimkhan/src/sqltoolsservice/test/Microsoft.SqlTools.ServiceLayer.IntegrationTests/TaskServices/TaskServiceTests.cs:line 45
   at System.Runtime.CompilerServices.AsyncMethodBuilderCore.Start[TStateMachine](TStateMachine&amp; stateMachine)
   at Microsoft.SqlTools.ServiceLayer.IntegrationTests.TaskServices.TaskServiceTests.VerifyTaskExecuteTheQueryGivenExecutionModeExecute()</failure>
    </testcase>
    <testcase classname="Microsoft.SqlTools.ServiceLayer.IntegrationTests.TaskServices.TaskServiceTests" name="VerifyTaskGenerateScriptOnlyGivenExecutionModeScript" time="0.0013280">
      <failure type="failure" message="  Cannot find any instance for version key: sqlOnPrem&#xA;  Expected: True&#xA;  But was:  False&#xA;">at Microsoft.SqlTools.ServiceLayer.Test.Common.TestConnectionProfileService.GetInstance(String key) in /Users/aasimkhan/src/sqltoolsservice/test/Microsoft.SqlTools.ServiceLayer.Test.Common/TestConnectionProfileService.cs:line 59
   at Microsoft.SqlTools.ServiceLayer.Test.Common.TestConnectionProfileService.GetConnectionParameters(String key, String databaseName) in /Users/aasimkhan/src/sqltoolsservice/test/Microsoft.SqlTools.ServiceLayer.Test.Common/TestConnectionProfileService.cs:line 65
   at Microsoft.SqlTools.ServiceLayer.Test.Common.TestConnectionProfileService.GetConnectionParameters(TestServerType serverType, String databaseName) in /Users/aasimkhan/src/sqltoolsservice/test/Microsoft.SqlTools.ServiceLayer.Test.Common/TestConnectionProfileService.cs:line 75
   at Microsoft.SqlTools.ServiceLayer.Test.Common.TestServiceProvider.InitLiveConnectionInfo(TestServerType serverType, String databaseName, String scriptFilePath) in /Users/aasimkhan/src/sqltoolsservice/test/Microsoft.SqlTools.ServiceLayer.Test.Common/TestServiceProvider.cs:line 142
   at Microsoft.SqlTools.ServiceLayer.Test.Common.TestServiceProvider.RunQueryAsync(TestServerType serverType, String databaseName, String queryText, Boolean throwOnError) in /Users/aasimkhan/src/sqltoolsservice/test/Microsoft.SqlTools.ServiceLayer.Test.Common/TestServiceProvider.cs:line 110
   at Microsoft.SqlTools.ServiceLayer.Test.Common.SqlTestDb.CreateNewAsync(TestServerType serverType, Boolean doNotCleanupDb, String databaseName, String query, String dbNamePrefix) in /Users/aasimkhan/src/sqltoolsservice/test/Microsoft.SqlTools.ServiceLayer.Test.Common/SqlTestDb.cs:line 101
   at Microsoft.SqlTools.ServiceLayer.IntegrationTests.TaskServices.TaskServiceTests.VerifyTaskWithExecutionMode(TaskExecutionMode executionMode, Boolean makeTaskFail) in /Users/aasimkhan/src/sqltoolsservice/test/Microsoft.SqlTools.ServiceLayer.IntegrationTests/TaskServices/TaskServiceTests.cs:line 78
   at Microsoft.SqlTools.ServiceLayer.IntegrationTests.TaskServices.TaskServiceTests.VerifyTaskGenerateScriptOnlyGivenExecutionModeScript() in /Users/aasimkhan/src/sqltoolsservice/test/Microsoft.SqlTools.ServiceLayer.IntegrationTests/TaskServices/TaskServiceTests.cs:line 51
   at NUnit.Framework.Internal.TaskAwaitAdapter.GenericAdapter`1.GetResult()
   at NUnit.Framework.Internal.AsyncToSyncAdapter.Await(Func`1 invoke)
   at NUnit.Framework.Internal.Commands.TestMethodCommand.RunTestMethod(TestExecutionContext context)
   at NUnit.Framework.Internal.Commands.TestMethodCommand.Execute(TestExecutionContext context)
   at NUnit.Framework.Internal.Execution.SimpleWorkItem.&lt;&gt;c__DisplayClass4_0.&lt;PerformWork&gt;b__0()
   at NUnit.Framework.Internal.ContextUtils.&lt;&gt;c__DisplayClass1_0`1.&lt;DoIsolated&gt;b__0(Object _)

1)    at Microsoft.SqlTools.ServiceLayer.Test.Common.TestConnectionProfileService.GetInstance(String key) in /Users/aasimkhan/src/sqltoolsservice/test/Microsoft.SqlTools.ServiceLayer.Test.Common/TestConnectionProfileService.cs:line 59
   at Microsoft.SqlTools.ServiceLayer.Test.Common.TestConnectionProfileService.GetConnectionParameters(String key, String databaseName) in /Users/aasimkhan/src/sqltoolsservice/test/Microsoft.SqlTools.ServiceLayer.Test.Common/TestConnectionProfileService.cs:line 65
   at Microsoft.SqlTools.ServiceLayer.Test.Common.TestConnectionProfileService.GetConnectionParameters(TestServerType serverType, String databaseName) in /Users/aasimkhan/src/sqltoolsservice/test/Microsoft.SqlTools.ServiceLayer.Test.Common/TestConnectionProfileService.cs:line 75
   at Microsoft.SqlTools.ServiceLayer.Test.Common.TestServiceProvider.InitLiveConnectionInfo(TestServerType serverType, String databaseName, String scriptFilePath) in /Users/aasimkhan/src/sqltoolsservice/test/Microsoft.SqlTools.ServiceLayer.Test.Common/TestServiceProvider.cs:line 142
   at System.Runtime.CompilerServices.AsyncMethodBuilderCore.Start[TStateMachine](TStateMachine&amp; stateMachine)
   at Microsoft.SqlTools.ServiceLayer.Test.Common.TestServiceProvider.InitLiveConnectionInfo(TestServerType serverType, String databaseName, String scriptFilePath)
   at Microsoft.SqlTools.ServiceLayer.Test.Common.TestServiceProvider.RunQueryAsync(TestServerType serverType, String databaseName, String queryText, Boolean throwOnError) in /Users/aasimkhan/src/sqltoolsservice/test/Microsoft.SqlTools.ServiceLayer.Test.Common/TestServiceProvider.cs:line 110
   at System.Runtime.CompilerServices.AsyncMethodBuilderCore.Start[TStateMachine](TStateMachine&amp; stateMachine)
   at Microsoft.SqlTools.ServiceLayer.Test.Common.TestServiceProvider.RunQueryAsync(TestServerType serverType, String databaseName, String queryText, Boolean throwOnError)
   at Microsoft.SqlTools.ServiceLayer.Test.Common.SqlTestDb.CreateNewAsync(TestServerType serverType, Boolean doNotCleanupDb, String databaseName, String query, String dbNamePrefix) in /Users/aasimkhan/src/sqltoolsservice/test/Microsoft.SqlTools.ServiceLayer.Test.Common/SqlTestDb.cs:line 101
   at System.Runtime.CompilerServices.AsyncMethodBuilderCore.Start[TStateMachine](TStateMachine&amp; stateMachine)
   at Microsoft.SqlTools.ServiceLayer.Test.Common.SqlTestDb.CreateNewAsync(TestServerType serverType, Boolean doNotCleanupDb, String databaseName, String query, String dbNamePrefix)
   at Microsoft.SqlTools.ServiceLayer.IntegrationTests.TaskServices.TaskServiceTests.VerifyTaskWithExecutionMode(TaskExecutionMode executionMode, Boolean makeTaskFail) in /Users/aasimkhan/src/sqltoolsservice/test/Microsoft.SqlTools.ServiceLayer.IntegrationTests/TaskServices/TaskServiceTests.cs:line 78
   at System.Runtime.CompilerServices.AsyncMethodBuilderCore.Start[TStateMachine](TStateMachine&amp; stateMachine)
   at Microsoft.SqlTools.ServiceLayer.IntegrationTests.TaskServices.TaskServiceTests.VerifyTaskWithExecutionMode(TaskExecutionMode executionMode, Boolean makeTaskFail)
   at Microsoft.SqlTools.ServiceLayer.IntegrationTests.TaskServices.TaskServiceTests.VerifyTaskGenerateScriptOnlyGivenExecutionModeScript() in /Users/aasimkhan/src/sqltoolsservice/test/Microsoft.SqlTools.ServiceLayer.IntegrationTests/TaskServices/TaskServiceTests.cs:line 51
   at System.Runtime.CompilerServices.AsyncMethodBuilderCore.Start[TStateMachine](TStateMachine&amp; stateMachine)
   at Microsoft.SqlTools.ServiceLayer.IntegrationTests.TaskServices.TaskServiceTests.VerifyTaskGenerateScriptOnlyGivenExecutionModeScript()</failure>
    </testcase>
    <testcase classname="Microsoft.SqlTools.ServiceLayer.IntegrationTests.TaskServices.TaskServiceTests" name="VerifyTaskNotExecuteAndGenerateScriptGivenExecutionModeExecuteAndScript" time="0.0012470">
      <failure type="failure" message="  Cannot find any instance for version key: sqlOnPrem&#xA;  Expected: True&#xA;  But was:  False&#xA;">at Microsoft.SqlTools.ServiceLayer.Test.Common.TestConnectionProfileService.GetInstance(String key) in /Users/aasimkhan/src/sqltoolsservice/test/Microsoft.SqlTools.ServiceLayer.Test.Common/TestConnectionProfileService.cs:line 59
   at Microsoft.SqlTools.ServiceLayer.Test.Common.TestConnectionProfileService.GetConnectionParameters(String key, String databaseName) in /Users/aasimkhan/src/sqltoolsservice/test/Microsoft.SqlTools.ServiceLayer.Test.Common/TestConnectionProfileService.cs:line 65
   at Microsoft.SqlTools.ServiceLayer.Test.Common.TestConnectionProfileService.GetConnectionParameters(TestServerType serverType, String databaseName) in /Users/aasimkhan/src/sqltoolsservice/test/Microsoft.SqlTools.ServiceLayer.Test.Common/TestConnectionProfileService.cs:line 75
   at Microsoft.SqlTools.ServiceLayer.Test.Common.TestServiceProvider.InitLiveConnectionInfo(TestServerType serverType, String databaseName, String scriptFilePath) in /Users/aasimkhan/src/sqltoolsservice/test/Microsoft.SqlTools.ServiceLayer.Test.Common/TestServiceProvider.cs:line 142
   at Microsoft.SqlTools.ServiceLayer.Test.Common.TestServiceProvider.RunQueryAsync(TestServerType serverType, String databaseName, String queryText, Boolean throwOnError) in /Users/aasimkhan/src/sqltoolsservice/test/Microsoft.SqlTools.ServiceLayer.Test.Common/TestServiceProvider.cs:line 110
   at Microsoft.SqlTools.ServiceLayer.Test.Common.SqlTestDb.CreateNewAsync(TestServerType serverType, Boolean doNotCleanupDb, String databaseName, String query, String dbNamePrefix) in /Users/aasimkhan/src/sqltoolsservice/test/Microsoft.SqlTools.ServiceLayer.Test.Common/SqlTestDb.cs:line 101
   at Microsoft.SqlTools.ServiceLayer.IntegrationTests.TaskServices.TaskServiceTests.VerifyTaskWithExecutionMode(TaskExecutionMode executionMode, Boolean makeTaskFail) in /Users/aasimkhan/src/sqltoolsservice/test/Microsoft.SqlTools.ServiceLayer.IntegrationTests/TaskServices/TaskServiceTests.cs:line 78
   at Microsoft.SqlTools.ServiceLayer.IntegrationTests.TaskServices.TaskServiceTests.VerifyTaskNotExecuteAndGenerateScriptGivenExecutionModeExecuteAndScript() in /Users/aasimkhan/src/sqltoolsservice/test/Microsoft.SqlTools.ServiceLayer.IntegrationTests/TaskServices/TaskServiceTests.cs:line 57
   at NUnit.Framework.Internal.TaskAwaitAdapter.GenericAdapter`1.GetResult()
   at NUnit.Framework.Internal.AsyncToSyncAdapter.Await(Func`1 invoke)
   at NUnit.Framework.Internal.Commands.TestMethodCommand.RunTestMethod(TestExecutionContext context)
   at NUnit.Framework.Internal.Commands.TestMethodCommand.Execute(TestExecutionContext context)
   at NUnit.Framework.Internal.Execution.SimpleWorkItem.&lt;&gt;c__DisplayClass4_0.&lt;PerformWork&gt;b__0()
   at NUnit.Framework.Internal.ContextUtils.&lt;&gt;c__DisplayClass1_0`1.&lt;DoIsolated&gt;b__0(Object _)

1)    at Microsoft.SqlTools.ServiceLayer.Test.Common.TestConnectionProfileService.GetInstance(String key) in /Users/aasimkhan/src/sqltoolsservice/test/Microsoft.SqlTools.ServiceLayer.Test.Common/TestConnectionProfileService.cs:line 59
   at Microsoft.SqlTools.ServiceLayer.Test.Common.TestConnectionProfileService.GetConnectionParameters(String key, String databaseName) in /Users/aasimkhan/src/sqltoolsservice/test/Microsoft.SqlTools.ServiceLayer.Test.Common/TestConnectionProfileService.cs:line 65
   at Microsoft.SqlTools.ServiceLayer.Test.Common.TestConnectionProfileService.GetConnectionParameters(TestServerType serverType, String databaseName) in /Users/aasimkhan/src/sqltoolsservice/test/Microsoft.SqlTools.ServiceLayer.Test.Common/TestConnectionProfileService.cs:line 75
   at Microsoft.SqlTools.ServiceLayer.Test.Common.TestServiceProvider.InitLiveConnectionInfo(TestServerType serverType, String databaseName, String scriptFilePath) in /Users/aasimkhan/src/sqltoolsservice/test/Microsoft.SqlTools.ServiceLayer.Test.Common/TestServiceProvider.cs:line 142
   at System.Runtime.CompilerServices.AsyncMethodBuilderCore.Start[TStateMachine](TStateMachine&amp; stateMachine)
   at Microsoft.SqlTools.ServiceLayer.Test.Common.TestServiceProvider.InitLiveConnectionInfo(TestServerType serverType, String databaseName, String scriptFilePath)
   at Microsoft.SqlTools.ServiceLayer.Test.Common.TestServiceProvider.RunQueryAsync(TestServerType serverType, String databaseName, String queryText, Boolean throwOnError) in /Users/aasimkhan/src/sqltoolsservice/test/Microsoft.SqlTools.ServiceLayer.Test.Common/TestServiceProvider.cs:line 110
   at System.Runtime.CompilerServices.AsyncMethodBuilderCore.Start[TStateMachine](TStateMachine&amp; stateMachine)
   at Microsoft.SqlTools.ServiceLayer.Test.Common.TestServiceProvider.RunQueryAsync(TestServerType serverType, String databaseName, String queryText, Boolean throwOnError)
   at Microsoft.SqlTools.ServiceLayer.Test.Common.SqlTestDb.CreateNewAsync(TestServerType serverType, Boolean doNotCleanupDb, String databaseName, String query, String dbNamePrefix) in /Users/aasimkhan/src/sqltoolsservice/test/Microsoft.SqlTools.ServiceLayer.Test.Common/SqlTestDb.cs:line 101
   at System.Runtime.CompilerServices.AsyncMethodBuilderCore.Start[TStateMachine](TStateMachine&amp; stateMachine)
   at Microsoft.SqlTools.ServiceLayer.Test.Common.SqlTestDb.CreateNewAsync(TestServerType serverType, Boolean doNotCleanupDb, String databaseName, String query, String dbNamePrefix)
   at Microsoft.SqlTools.ServiceLayer.IntegrationTests.TaskServices.TaskServiceTests.VerifyTaskWithExecutionMode(TaskExecutionMode executionMode, Boolean makeTaskFail) in /Users/aasimkhan/src/sqltoolsservice/test/Microsoft.SqlTools.ServiceLayer.IntegrationTests/TaskServices/TaskServiceTests.cs:line 78
   at System.Runtime.CompilerServices.AsyncMethodBuilderCore.Start[TStateMachine](TStateMachine&amp; stateMachine)
   at Microsoft.SqlTools.ServiceLayer.IntegrationTests.TaskServices.TaskServiceTests.VerifyTaskWithExecutionMode(TaskExecutionMode executionMode, Boolean makeTaskFail)
   at Microsoft.SqlTools.ServiceLayer.IntegrationTests.TaskServices.TaskServiceTests.VerifyTaskNotExecuteAndGenerateScriptGivenExecutionModeExecuteAndScript() in /Users/aasimkhan/src/sqltoolsservice/test/Microsoft.SqlTools.ServiceLayer.IntegrationTests/TaskServices/TaskServiceTests.cs:line 57
   at System.Runtime.CompilerServices.AsyncMethodBuilderCore.Start[TStateMachine](TStateMachine&amp; stateMachine)
   at Microsoft.SqlTools.ServiceLayer.IntegrationTests.TaskServices.TaskServiceTests.VerifyTaskNotExecuteAndGenerateScriptGivenExecutionModeExecuteAndScript()</failure>
    </testcase>
    <testcase classname="Microsoft.SqlTools.ServiceLayer.IntegrationTests.TaskServices.TaskServiceTests" name="VerifyTaskSendsFailureNotificationGivenInvalidQuery" time="0.0012310">
      <failure type="failure" message="  Cannot find any instance for version key: sqlOnPrem&#xA;  Expected: True&#xA;  But was:  False&#xA;">at Microsoft.SqlTools.ServiceLayer.Test.Common.TestConnectionProfileService.GetInstance(String key) in /Users/aasimkhan/src/sqltoolsservice/test/Microsoft.SqlTools.ServiceLayer.Test.Common/TestConnectionProfileService.cs:line 59
   at Microsoft.SqlTools.ServiceLayer.Test.Common.TestConnectionProfileService.GetConnectionParameters(String key, String databaseName) in /Users/aasimkhan/src/sqltoolsservice/test/Microsoft.SqlTools.ServiceLayer.Test.Common/TestConnectionProfileService.cs:line 65
   at Microsoft.SqlTools.ServiceLayer.Test.Common.TestConnectionProfileService.GetConnectionParameters(TestServerType serverType, String databaseName) in /Users/aasimkhan/src/sqltoolsservice/test/Microsoft.SqlTools.ServiceLayer.Test.Common/TestConnectionProfileService.cs:line 75
   at Microsoft.SqlTools.ServiceLayer.Test.Common.TestServiceProvider.InitLiveConnectionInfo(TestServerType serverType, String databaseName, String scriptFilePath) in /Users/aasimkhan/src/sqltoolsservice/test/Microsoft.SqlTools.ServiceLayer.Test.Common/TestServiceProvider.cs:line 142
   at Microsoft.SqlTools.ServiceLayer.Test.Common.TestServiceProvider.RunQueryAsync(TestServerType serverType, String databaseName, String queryText, Boolean throwOnError) in /Users/aasimkhan/src/sqltoolsservice/test/Microsoft.SqlTools.ServiceLayer.Test.Common/TestServiceProvider.cs:line 110
   at Microsoft.SqlTools.ServiceLayer.Test.Common.SqlTestDb.CreateNewAsync(TestServerType serverType, Boolean doNotCleanupDb, String databaseName, String query, String dbNamePrefix) in /Users/aasimkhan/src/sqltoolsservice/test/Microsoft.SqlTools.ServiceLayer.Test.Common/SqlTestDb.cs:line 101
   at Microsoft.SqlTools.ServiceLayer.IntegrationTests.TaskServices.TaskServiceTests.VerifyTaskWithExecutionMode(TaskExecutionMode executionMode, Boolean makeTaskFail) in /Users/aasimkhan/src/sqltoolsservice/test/Microsoft.SqlTools.ServiceLayer.IntegrationTests/TaskServices/TaskServiceTests.cs:line 78
   at Microsoft.SqlTools.ServiceLayer.IntegrationTests.TaskServices.TaskServiceTests.VerifyTaskSendsFailureNotificationGivenInvalidQuery() in /Users/aasimkhan/src/sqltoolsservice/test/Microsoft.SqlTools.ServiceLayer.IntegrationTests/TaskServices/TaskServiceTests.cs:line 63
   at NUnit.Framework.Internal.TaskAwaitAdapter.GenericAdapter`1.GetResult()
   at NUnit.Framework.Internal.AsyncToSyncAdapter.Await(Func`1 invoke)
   at NUnit.Framework.Internal.Commands.TestMethodCommand.RunTestMethod(TestExecutionContext context)
   at NUnit.Framework.Internal.Commands.TestMethodCommand.Execute(TestExecutionContext context)
   at NUnit.Framework.Internal.Execution.SimpleWorkItem.&lt;&gt;c__DisplayClass4_0.&lt;PerformWork&gt;b__0()
   at NUnit.Framework.Internal.ContextUtils.&lt;&gt;c__DisplayClass1_0`1.&lt;DoIsolated&gt;b__0(Object _)

1)    at Microsoft.SqlTools.ServiceLayer.Test.Common.TestConnectionProfileService.GetInstance(String key) in /Users/aasimkhan/src/sqltoolsservice/test/Microsoft.SqlTools.ServiceLayer.Test.Common/TestConnectionProfileService.cs:line 59
   at Microsoft.SqlTools.ServiceLayer.Test.Common.TestConnectionProfileService.GetConnectionParameters(String key, String databaseName) in /Users/aasimkhan/src/sqltoolsservice/test/Microsoft.SqlTools.ServiceLayer.Test.Common/TestConnectionProfileService.cs:line 65
   at Microsoft.SqlTools.ServiceLayer.Test.Common.TestConnectionProfileService.GetConnectionParameters(TestServerType serverType, String databaseName) in /Users/aasimkhan/src/sqltoolsservice/test/Microsoft.SqlTools.ServiceLayer.Test.Common/TestConnectionProfileService.cs:line 75
   at Microsoft.SqlTools.ServiceLayer.Test.Common.TestServiceProvider.InitLiveConnectionInfo(TestServerType serverType, String databaseName, String scriptFilePath) in /Users/aasimkhan/src/sqltoolsservice/test/Microsoft.SqlTools.ServiceLayer.Test.Common/TestServiceProvider.cs:line 142
   at System.Runtime.CompilerServices.AsyncMethodBuilderCore.Start[TStateMachine](TStateMachine&amp; stateMachine)
   at Microsoft.SqlTools.ServiceLayer.Test.Common.TestServiceProvider.InitLiveConnectionInfo(TestServerType serverType, String databaseName, String scriptFilePath)
   at Microsoft.SqlTools.ServiceLayer.Test.Common.TestServiceProvider.RunQueryAsync(TestServerType serverType, String databaseName, String queryText, Boolean throwOnError) in /Users/aasimkhan/src/sqltoolsservice/test/Microsoft.SqlTools.ServiceLayer.Test.Common/TestServiceProvider.cs:line 110
   at System.Runtime.CompilerServices.AsyncMethodBuilderCore.Start[TStateMachine](TStateMachine&amp; stateMachine)
   at Microsoft.SqlTools.ServiceLayer.Test.Common.TestServiceProvider.RunQueryAsync(TestServerType serverType, String databaseName, String queryText, Boolean throwOnError)
   at Microsoft.SqlTools.ServiceLayer.Test.Common.SqlTestDb.CreateNewAsync(TestServerType serverType, Boolean doNotCleanupDb, String databaseName, String query, String dbNamePrefix) in /Users/aasimkhan/src/sqltoolsservice/test/Microsoft.SqlTools.ServiceLayer.Test.Common/SqlTestDb.cs:line 101
   at System.Runtime.CompilerServices.AsyncMethodBuilderCore.Start[TStateMachine](TStateMachine&amp; stateMachine)
   at Microsoft.SqlTools.ServiceLayer.Test.Common.SqlTestDb.CreateNewAsync(TestServerType serverType, Boolean doNotCleanupDb, String databaseName, String query, String dbNamePrefix)
   at Microsoft.SqlTools.ServiceLayer.IntegrationTests.TaskServices.TaskServiceTests.VerifyTaskWithExecutionMode(TaskExecutionMode executionMode, Boolean makeTaskFail) in /Users/aasimkhan/src/sqltoolsservice/test/Microsoft.SqlTools.ServiceLayer.IntegrationTests/TaskServices/TaskServiceTests.cs:line 78
   at System.Runtime.CompilerServices.AsyncMethodBuilderCore.Start[TStateMachine](TStateMachine&amp; stateMachine)
   at Microsoft.SqlTools.ServiceLayer.IntegrationTests.TaskServices.TaskServiceTests.VerifyTaskWithExecutionMode(TaskExecutionMode executionMode, Boolean makeTaskFail)
   at Microsoft.SqlTools.ServiceLayer.IntegrationTests.TaskServices.TaskServiceTests.VerifyTaskSendsFailureNotificationGivenInvalidQuery() in /Users/aasimkhan/src/sqltoolsservice/test/Microsoft.SqlTools.ServiceLayer.IntegrationTests/TaskServices/TaskServiceTests.cs:line 63
   at System.Runtime.CompilerServices.AsyncMethodBuilderCore.Start[TStateMachine](TStateMachine&amp; stateMachine)
   at Microsoft.SqlTools.ServiceLayer.IntegrationTests.TaskServices.TaskServiceTests.VerifyTaskSendsFailureNotificationGivenInvalidQuery()</failure>
    </testcase>
    <system-out>sqltools Verbose: 0 : Resolved path: /Users/aasimkhan/src/sqltoolsservice/test/Microsoft.SqlTools.ServiceLayer.IntegrationTests/bin/Debug/net8.0/sqltest.sql
sqltools Verbose: 0 : Opened file on disk: /Users/aasimkhan/src/sqltoolsservice/test/Microsoft.SqlTools.ServiceLayer.IntegrationTests/bin/Debug/net8.0/sqltest.sql
Test server name file path: /Users/aasimkhan/testServerNames.json
/Users/aasimkhan/sqlConnectionSettings.json SQL connection instances are not configured. Will try to get connections from VS code settings.json
SQL Connection settings are loaded from: /Users/aasimkhan/Library/Application Support/Code/User/settings.json
SQL Connection settings file content: {
    "github.copilot.enable": {
        "*": true,
        "plaintext": false,
        "markdown": true,
        "scminput": false
    },
    "[typescript]": {
        "editor.defaultFormatter": "vscode.typescript-language-features"
    },
    "[javascript]": {
        "editor.defaultFormatter": "vscode.typescript-language-features"
    },
    "mssql.connections": [
        {
            "server": "localhost",
            "database": "",
            "authenticationType": "SqlLogin",
            "user": "sa",
            "password": "",
            "savePassword": true,
            "profileName": "hello",
            "encrypt": "Mandatory",
            "trustServerCertificate": true
        },
        {
            "authenticationType": "SqlLogin",
            "server": "tcp:aasim.database.windows.net",
            "user": "aasim",
            "password": "",
            "savePassword": true,
            "trustServerCertificate": true,
            "profileName": "Azure Personal DB",
            "database": "",
            "encrypt": "Mandatory"
        }
    ],
    "[typescriptreact]": {
        "editor.defaultFormatter": "vscode.typescript-language-features"
    },
    "git.autofetch": true,
    "git.confirmSync": false,
    "[json]": {
        "editor.defaultFormatter": "esbenp.prettier-vscode"
    },
    "mssql.objectExplorer.groupBySchema": false,
    "mssql.enableExperimentalFeatures": true,
    "workbench.colorTheme": "Visual Studio Dark",
}
Connection Settings loaded successfully
Checking whether instance should be added to connections cache, server type: None, version key: 
Instance skipped.
Checking whether instance should be added to connections cache, server type: None, version key: 
Instance skipped.

Skipping test since it doesn't work - there's no jobs so it just immediately throws.
sqltools Information: 0 : Failed to get Azure functions. Error: Adding SQL bindings is not supported for .NET 5

sqltools Verbose: 0 : Resolved path: /Users/aasimkhan/src/sqltoolsservice/test/Microsoft.SqlTools.ServiceLayer.IntegrationTests/bin/Debug/net8.0/sqltest.sql

sqltools Verbose: 0 : Resolved path: /Users/aasimkhan/src/sqltoolsservice/test/Microsoft.SqlTools.ServiceLayer.IntegrationTests/bin/Debug/net8.0/sqltest.sql

sqltools Verbose: 0 : GetConnectionStringRequest

sqltools Verbose: 0 : Resolved path: /Users/aasimkhan/src/sqltoolsservice/test/Microsoft.SqlTools.ServiceLayer.IntegrationTests/bin/Debug/net8.0/sqltest.sql

sqltools Verbose: 0 : Resolved path: /Users/aasimkhan/src/sqltoolsservice/test/Microsoft.SqlTools.ServiceLayer.IntegrationTests/bin/Debug/net8.0/sqltest.sql

sqltools Verbose: 0 : Resolved path: /Users/aasimkhan/src/sqltoolsservice/test/Microsoft.SqlTools.ServiceLayer.IntegrationTests/bin/Debug/net8.0/sqltest.sql

sqltools Verbose: 0 : Resolved path: /Users/aasimkhan/src/sqltoolsservice/test/Microsoft.SqlTools.ServiceLayer.IntegrationTests/bin/Debug/net8.0/sqltest.sql

sqltools Verbose: 0 : Resolved path: /Users/aasimkhan/src/sqltoolsservice/test/Microsoft.SqlTools.ServiceLayer.IntegrationTests/bin/Debug/net8.0/sqltest.sql

sqltools Verbose: 0 : Resolved path: /Users/aasimkhan/src/sqltoolsservice/test/Microsoft.SqlTools.ServiceLayer.IntegrationTests/bin/Debug/net8.0/sqltest.sql

sqltools Verbose: 0 : Resolved path: /Users/aasimkhan/src/sqltoolsservice/test/Microsoft.SqlTools.ServiceLayer.IntegrationTests/bin/Debug/net8.0/sqltest.sql

sqltools Verbose: 0 : Resolved path: /Users/aasimkhan/src/sqltoolsservice/test/Microsoft.SqlTools.ServiceLayer.IntegrationTests/bin/Debug/net8.0/sqltest.sql

sqltools Verbose: 0 : Resolved path: /Users/aasimkhan/src/sqltoolsservice/test/Microsoft.SqlTools.ServiceLayer.IntegrationTests/bin/Debug/net8.0/sqltest.sql

sqltools Verbose: 0 : Resolved path: /Users/aasimkhan/src/sqltoolsservice/test/Microsoft.SqlTools.ServiceLayer.IntegrationTests/bin/Debug/net8.0/sqltest.sql

sqltools Verbose: 0 : Resolved path: /Users/aasimkhan/src/sqltoolsservice/test/Microsoft.SqlTools.ServiceLayer.IntegrationTests/bin/Debug/net8.0/sqltest.sql

sqltools Verbose: 0 : Resolved path: /Users/aasimkhan/src/sqltoolsservice/test/Microsoft.SqlTools.ServiceLayer.IntegrationTests/bin/Debug/net8.0/sqltest.sql

sqltools Verbose: 0 : Resolved path: /Users/aasimkhan/src/sqltoolsservice/test/Microsoft.SqlTools.ServiceLayer.IntegrationTests/bin/Debug/net8.0/sqltest.sql

sqltools Verbose: 0 : Resolved path: /Users/aasimkhan/src/sqltoolsservice/test/Microsoft.SqlTools.ServiceLayer.IntegrationTests/bin/Debug/net8.0/sqltest.sql

sqltools Verbose: 0 : Resolved path: /Users/aasimkhan/src/sqltoolsservice/test/Microsoft.SqlTools.ServiceLayer.IntegrationTests/bin/Debug/net8.0/sqltest.sql

sqltools Verbose: 0 : Resolved path: /Users/aasimkhan/src/sqltoolsservice/test/Microsoft.SqlTools.ServiceLayer.IntegrationTests/bin/Debug/net8.0/sqltest.sql

sqltools Verbose: 0 : Resolved path: /Users/aasimkhan/src/sqltoolsservice/test/Microsoft.SqlTools.ServiceLayer.IntegrationTests/bin/Debug/net8.0/sqltest.sql

sqltools Verbose: 0 : Resolved path: /Users/aasimkhan/src/sqltoolsservice/test/Microsoft.SqlTools.ServiceLayer.IntegrationTests/bin/Debug/net8.0/sqltest.sql

sqltools Verbose: 0 : Resolved path: /Users/aasimkhan/src/sqltoolsservice/test/Microsoft.SqlTools.ServiceLayer.IntegrationTests/bin/Debug/net8.0/sqltest.sql

sqltools Verbose: 0 : Resolved path: /Users/aasimkhan/src/sqltoolsservice/test/Microsoft.SqlTools.ServiceLayer.IntegrationTests/bin/Debug/net8.0/sqltest.sql

sqltools Verbose: 0 : Resolved path: /Users/aasimkhan/src/sqltoolsservice/test/Microsoft.SqlTools.ServiceLayer.IntegrationTests/bin/Debug/net8.0/sqltest.sql

sqltools Verbose: 0 : Resolved path: /Users/aasimkhan/src/sqltoolsservice/test/Microsoft.SqlTools.ServiceLayer.IntegrationTests/bin/Debug/net8.0/sqltest.sql

sqltools Verbose: 0 : Resolved path: /Users/aasimkhan/src/sqltoolsservice/test/Microsoft.SqlTools.ServiceLayer.IntegrationTests/bin/Debug/net8.0/sqltest.sql

sqltools Verbose: 0 : Resolved path: /Users/aasimkhan/src/sqltoolsservice/test/Microsoft.SqlTools.ServiceLayer.IntegrationTests/bin/Debug/net8.0/sqltest.sql

sqltools Verbose: 0 : HandleExternalLanguageStatusRequest

sqltools Verbose: 0 : Resolved path: /Users/aasimkhan/src/sqltoolsservice/test/Microsoft.SqlTools.ServiceLayer.IntegrationTests/bin/Debug/net8.0/sqltest.sql

sqltools Verbose: 0 : Resolved path: /Users/aasimkhan/src/sqltoolsservice/test/Microsoft.SqlTools.ServiceLayer.IntegrationTests/bin/Debug/net8.0/sqltest.sql

sqltools Verbose: 0 : Resolved path: /Users/aasimkhan/src/sqltoolsservice/test/Microsoft.SqlTools.ServiceLayer.IntegrationTests/bin/Debug/net8.0/sqltest.sql

Disable broken test case
sqltools Verbose: 0 : Resolved path: /Users/aasimkhan/src/sqltoolsservice/test/Microsoft.SqlTools.ServiceLayer.IntegrationTests/bin/Debug/net8.0/sqltest.sql

sqltools Verbose: 0 : Resolved path: /Users/aasimkhan/src/sqltoolsservice/test/Microsoft.SqlTools.ServiceLayer.IntegrationTests/bin/Debug/net8.0/sqltest.sql

sqltools Verbose: 0 : Resolved path: /Users/aasimkhan/src/sqltoolsservice/test/Microsoft.SqlTools.ServiceLayer.IntegrationTests/bin/Debug/net8.0/sqltest.sql

sqltools Verbose: 0 : Resolved path: /Users/aasimkhan/src/sqltoolsservice/test/Microsoft.SqlTools.ServiceLayer.IntegrationTests/bin/Debug/net8.0/sqltest.sql

Test is not supported in the integration test pipeline.

Test Framework Informational Messages:
NUnit Adapter 4.5.0.0: Test execution started
Running all tests in /Users/aasimkhan/src/sqltoolsservice/test/Microsoft.SqlTools.ServiceLayer.IntegrationTests/bin/Debug/net8.0/Microsoft.SqlTools.ServiceLayer.IntegrationTests.dll
   NUnit3TestExecutor discovered 426 of 426 NUnit test cases using Current Discovery mode, Non-Explicit run
TestHandleJobHistoryRequests: Skipping test since it doesn't work - there's no jobs so it just immediately throws.
HandleRequestToChangeToSqlcmdFile: Disable broken test case
DatabaseCreateAndUpdateTest_Azure: Test is not supported in the integration test pipeline.
NUnit Adapter 4.5.0.0: Test execution complete
</system-out>
    <system-err>Warning - sqltools Verbose: 0 : Resolved path: /Users/aasimkhan/src/sqltoolsservice/test/Microsoft.SqlTools.ServiceLayer.IntegrationTests/bin/Debug/net8.0/sqltest.sql
sqltools Verbose: 0 : Opened file on disk: /Users/aasimkhan/src/sqltoolsservice/test/Microsoft.SqlTools.ServiceLayer.IntegrationTests/bin/Debug/net8.0/sqltest.sql
Test server name file path: /Users/aasimkhan/testServerNames.json
/Users/aasimkhan/sqlConnectionSettings.json SQL connection instances are not configured. Will try to get connections from VS code settings.json
SQL Connection settings are loaded from: /Users/aasimkhan/Library/Application Support/Code/User/settings.json
SQL Connection settings file content: {
    "github.copilot.enable": {
        "*": true,
        "plaintext": false,
        "markdown": true,
        "scminput": false
    },
    "[typescript]": {
        "editor.defaultFormatter": "vscode.typescript-language-features"
    },
    "[javascript]": {
        "editor.defaultFormatter": "vscode.typescript-language-features"
    },
    "mssql.connections": [
        {
            "server": "localhost",
            "database": "",
            "authenticationType": "SqlLogin",
            "user": "sa",
            "password": "",
            "savePassword": true,
            "profileName": "hello",
            "encrypt": "Mandatory",
            "trustServerCertificate": true
        },
        {
            "authenticationType": "SqlLogin",
            "server": "tcp:aasim.database.windows.net",
            "user": "aasim",
            "password": "",
            "savePassword": true,
            "trustServerCertificate": true,
            "profileName": "Azure Personal DB",
            "database": "",
            "encrypt": "Mandatory"
        }
    ],
    "[typescriptreact]": {
        "editor.defaultFormatter": "vscode.typescript-language-features"
    },
    "git.autofetch": true,
    "git.confirmSync": false,
    "[json]": {
        "editor.defaultFormatter": "esbenp.prettier-vscode"
    },
    "mssql.objectExplorer.groupBySchema": false,
    "mssql.enableExperimentalFeatures": true,
    "workbench.colorTheme": "Visual Studio Dark",
}
Connection Settings loaded successfully
Checking whether instance should be added to connections cache, server type: None, version key: 
Instance skipped.
Checking whether instance should be added to connections cache, server type: None, version key: 
Instance skipped.

Warning - sqltools Information: 0 : Failed to get Azure functions. Error: Adding SQL bindings is not supported for .NET 5

Warning - sqltools Verbose: 0 : Resolved path: /Users/aasimkhan/src/sqltoolsservice/test/Microsoft.SqlTools.ServiceLayer.IntegrationTests/bin/Debug/net8.0/sqltest.sql

Warning - sqltools Verbose: 0 : Resolved path: /Users/aasimkhan/src/sqltoolsservice/test/Microsoft.SqlTools.ServiceLayer.IntegrationTests/bin/Debug/net8.0/sqltest.sql

Warning - sqltools Verbose: 0 : GetConnectionStringRequest

Warning - sqltools Verbose: 0 : Resolved path: /Users/aasimkhan/src/sqltoolsservice/test/Microsoft.SqlTools.ServiceLayer.IntegrationTests/bin/Debug/net8.0/sqltest.sql

Warning - sqltools Verbose: 0 : Resolved path: /Users/aasimkhan/src/sqltoolsservice/test/Microsoft.SqlTools.ServiceLayer.IntegrationTests/bin/Debug/net8.0/sqltest.sql

Warning - sqltools Verbose: 0 : Resolved path: /Users/aasimkhan/src/sqltoolsservice/test/Microsoft.SqlTools.ServiceLayer.IntegrationTests/bin/Debug/net8.0/sqltest.sql

Warning - sqltools Verbose: 0 : Resolved path: /Users/aasimkhan/src/sqltoolsservice/test/Microsoft.SqlTools.ServiceLayer.IntegrationTests/bin/Debug/net8.0/sqltest.sql

Warning - sqltools Verbose: 0 : Resolved path: /Users/aasimkhan/src/sqltoolsservice/test/Microsoft.SqlTools.ServiceLayer.IntegrationTests/bin/Debug/net8.0/sqltest.sql

Warning - sqltools Verbose: 0 : Resolved path: /Users/aasimkhan/src/sqltoolsservice/test/Microsoft.SqlTools.ServiceLayer.IntegrationTests/bin/Debug/net8.0/sqltest.sql

Warning - sqltools Verbose: 0 : Resolved path: /Users/aasimkhan/src/sqltoolsservice/test/Microsoft.SqlTools.ServiceLayer.IntegrationTests/bin/Debug/net8.0/sqltest.sql

Warning - sqltools Verbose: 0 : Resolved path: /Users/aasimkhan/src/sqltoolsservice/test/Microsoft.SqlTools.ServiceLayer.IntegrationTests/bin/Debug/net8.0/sqltest.sql

Warning - sqltools Verbose: 0 : Resolved path: /Users/aasimkhan/src/sqltoolsservice/test/Microsoft.SqlTools.ServiceLayer.IntegrationTests/bin/Debug/net8.0/sqltest.sql

Warning - sqltools Verbose: 0 : Resolved path: /Users/aasimkhan/src/sqltoolsservice/test/Microsoft.SqlTools.ServiceLayer.IntegrationTests/bin/Debug/net8.0/sqltest.sql

Warning - sqltools Verbose: 0 : Resolved path: /Users/aasimkhan/src/sqltoolsservice/test/Microsoft.SqlTools.ServiceLayer.IntegrationTests/bin/Debug/net8.0/sqltest.sql

Warning - sqltools Verbose: 0 : Resolved path: /Users/aasimkhan/src/sqltoolsservice/test/Microsoft.SqlTools.ServiceLayer.IntegrationTests/bin/Debug/net8.0/sqltest.sql

Warning - sqltools Verbose: 0 : Resolved path: /Users/aasimkhan/src/sqltoolsservice/test/Microsoft.SqlTools.ServiceLayer.IntegrationTests/bin/Debug/net8.0/sqltest.sql

Warning - sqltools Verbose: 0 : Resolved path: /Users/aasimkhan/src/sqltoolsservice/test/Microsoft.SqlTools.ServiceLayer.IntegrationTests/bin/Debug/net8.0/sqltest.sql

Warning - sqltools Verbose: 0 : Resolved path: /Users/aasimkhan/src/sqltoolsservice/test/Microsoft.SqlTools.ServiceLayer.IntegrationTests/bin/Debug/net8.0/sqltest.sql

Warning - sqltools Verbose: 0 : Resolved path: /Users/aasimkhan/src/sqltoolsservice/test/Microsoft.SqlTools.ServiceLayer.IntegrationTests/bin/Debug/net8.0/sqltest.sql

Warning - sqltools Verbose: 0 : Resolved path: /Users/aasimkhan/src/sqltoolsservice/test/Microsoft.SqlTools.ServiceLayer.IntegrationTests/bin/Debug/net8.0/sqltest.sql

Warning - sqltools Verbose: 0 : Resolved path: /Users/aasimkhan/src/sqltoolsservice/test/Microsoft.SqlTools.ServiceLayer.IntegrationTests/bin/Debug/net8.0/sqltest.sql

Warning - sqltools Verbose: 0 : Resolved path: /Users/aasimkhan/src/sqltoolsservice/test/Microsoft.SqlTools.ServiceLayer.IntegrationTests/bin/Debug/net8.0/sqltest.sql

Warning - sqltools Verbose: 0 : Resolved path: /Users/aasimkhan/src/sqltoolsservice/test/Microsoft.SqlTools.ServiceLayer.IntegrationTests/bin/Debug/net8.0/sqltest.sql

Warning - sqltools Verbose: 0 : Resolved path: /Users/aasimkhan/src/sqltoolsservice/test/Microsoft.SqlTools.ServiceLayer.IntegrationTests/bin/Debug/net8.0/sqltest.sql

Warning - sqltools Verbose: 0 : Resolved path: /Users/aasimkhan/src/sqltoolsservice/test/Microsoft.SqlTools.ServiceLayer.IntegrationTests/bin/Debug/net8.0/sqltest.sql

Warning - sqltools Verbose: 0 : Resolved path: /Users/aasimkhan/src/sqltoolsservice/test/Microsoft.SqlTools.ServiceLayer.IntegrationTests/bin/Debug/net8.0/sqltest.sql

Warning - sqltools Verbose: 0 : Resolved path: /Users/aasimkhan/src/sqltoolsservice/test/Microsoft.SqlTools.ServiceLayer.IntegrationTests/bin/Debug/net8.0/sqltest.sql

Warning - sqltools Verbose: 0 : HandleExternalLanguageStatusRequest

Warning - sqltools Verbose: 0 : Resolved path: /Users/aasimkhan/src/sqltoolsservice/test/Microsoft.SqlTools.ServiceLayer.IntegrationTests/bin/Debug/net8.0/sqltest.sql

Warning - sqltools Verbose: 0 : Resolved path: /Users/aasimkhan/src/sqltoolsservice/test/Microsoft.SqlTools.ServiceLayer.IntegrationTests/bin/Debug/net8.0/sqltest.sql

Warning - sqltools Verbose: 0 : Resolved path: /Users/aasimkhan/src/sqltoolsservice/test/Microsoft.SqlTools.ServiceLayer.IntegrationTests/bin/Debug/net8.0/sqltest.sql

Warning - sqltools Verbose: 0 : Resolved path: /Users/aasimkhan/src/sqltoolsservice/test/Microsoft.SqlTools.ServiceLayer.IntegrationTests/bin/Debug/net8.0/sqltest.sql

Warning - sqltools Verbose: 0 : Resolved path: /Users/aasimkhan/src/sqltoolsservice/test/Microsoft.SqlTools.ServiceLayer.IntegrationTests/bin/Debug/net8.0/sqltest.sql

Warning - sqltools Verbose: 0 : Resolved path: /Users/aasimkhan/src/sqltoolsservice/test/Microsoft.SqlTools.ServiceLayer.IntegrationTests/bin/Debug/net8.0/sqltest.sql

Warning - sqltools Verbose: 0 : Resolved path: /Users/aasimkhan/src/sqltoolsservice/test/Microsoft.SqlTools.ServiceLayer.IntegrationTests/bin/Debug/net8.0/sqltest.sql

</system-err>
  </testsuite>
</testsuites>